-rwxrwxr-x 1 heryxpc heryxpc 17433 ago 21 13:33 prototype_1.2b.py
heryxpc@heryxpc-M11x-R2:aug212015_2$ ./run_exp_phtread_lit_10rounds.sh 
Executing command:clang-3.5 -emit-llvm -g -c fkp2013_false-unreach-call.c -o fkp2013_false-unreach-call.c.bc
Executing command:/home/heryxpc/Documents/soton/dissertation/tools/pagai/pagai -i fkp2013_false-unreach-call.c.bc --annotated fkp2013_false-unreach-call.c.tmp
Executing command:sed -r s:\x1B\[[0-9;]*[mK]::g fkp2013_false-unreach-call.c.tmp
Executing command:rm fkp2013_false-unreach-call.c.tmp
Executing command:cp /home/heryxpc/Documents/soton/dissertation/tools/cseq/pkg/core/include/pthread.h /home/heryxpc/Documents/soton/dissertation/experiment/aug212015_2
Executing command:cp /home/heryxpc/Documents/soton/dissertation/tools/cseq/pkg/core/include/_fake_defines.h /home/heryxpc/Documents/soton/dissertation/experiment/aug212015_2
Executing command:cp /home/heryxpc/Documents/soton/dissertation/tools/cseq/pkg/core/include/_fake_typedefs.h /home/heryxpc/Documents/soton/dissertation/experiment/aug212015_2
Executing command:cp /home/heryxpc/Documents/soton/dissertation/benchmarks/SVCOMP2015/pthread-lit/assert.h /home/heryxpc/Documents/soton/dissertation/experiment/aug212015_2
File %s does not complain with C99: %s fkp2013_false-unreach-call.c_anno.c_pyc.c oid 
Executing command:/home/heryxpc/Documents/soton/dissertation/tools/cbmc/cbmc-5-1-linux-64/cbmc --unwind 10 --no-unwinding-assertions fkp2013_false-unreach-call.c_anno.c_pyc.c_assume.c_cbmc.c
^[[6~^[[6~^[[6~^CTraceback (most recent call last):
  File "./prototype_1.2b.py", line 631, in <module>
    main()
  File "./prototype_1.2b.py", line 628, in main
    bmc_analyze(cbmcready, rounds)
  File "./prototype_1.2b.py", line 586, in bmc_analyze
    cmd.execute()
  File "./prototype_1.2b.py", line 65, in execute
    out, err = sp.communicate()
  File "/usr/lib/python2.7/subprocess.py", line 799, in communicate
    return self._communicate(input)
  File "/usr/lib/python2.7/subprocess.py", line 1401, in _communicate
    stdout, stderr = self._communicate_with_poll(input)
  File "/usr/lib/python2.7/subprocess.py", line 1455, in _communicate_with_poll
    ready = poller.poll()
KeyboardInterrupt
