aug202015_1/13_unverif_true-unreach-call.c_anno.c
aug202015_1/28_buggy_simple_loop1_vf_false-unreach-call.c_anno.c
aug202015_1/fib_bench_false-unreach-call.c_anno.c
aug202015_1/fib_bench_longer_false-unreach-call.c_anno.c
aug202015_1/fib_bench_longer_true-unreach-call.c_anno.c
aug202015_1/fib_bench_longest_false-unreach-call.c_anno.c
aug202015_1/fib_bench_longest_true-unreach-call.c_anno.c
aug202015_1/fib_bench_true-unreach-call.c_anno.c
aug202015_1/indexer_true-unreach-call.c_anno.c
aug202015_1/queue_false-unreach-call.c_anno.c
aug202015_1/queue_longer_false-unreach-call.c_anno.c
aug202015_1/queue_longest_false-unreach-call.c_anno.c
aug202015_1/queue_ok_longer_true-unreach-call.c_anno.c
aug202015_1/queue_ok_longest_true-unreach-call.c_anno.c
aug202015_1/queue_ok_true-unreach-call.c_anno.c
aug202015_1/reorder_2_false-unreach-call.c_anno.c
aug202015_1/sigma_false-unreach-call.c_anno.c
aug202015_1/stack_false-unreach-call.c_anno.c
aug202015_1/stack_longer_false-unreach-call.c_anno.c
aug202015_1/stack_longer_true-unreach-call.c_anno.c
aug202015_1/stack_longest_false-unreach-call.c_anno.c
aug202015_1/stack_longest_true-unreach-call.c_anno.c
aug202015_1/stack_true-unreach-call.c_anno.c
aug202015_1/twostage_3_false-unreach-call.c_anno.c