42_FreeBSD__rdma_addr__sliced_true-unreach-call.c:31:2: warning: implicit declaration of function '__VERIFIER_assume' is invalid in C99 [-Wimplicit-function-declaration]
        assume(MTX==0);
        ^
42_FreeBSD__rdma_addr__sliced_true-unreach-call.c:9:19: note: expanded from macro 'assume'
#define assume(e) __VERIFIER_assume(e)
                  ^
42_FreeBSD__rdma_addr__sliced_true-unreach-call.c:48:2: warning: too many arguments in call to '__VERIFIER_atomic_release'
        mtx_unlock(MTX);
        ^~~~~~~~~~~~~~~
42_FreeBSD__rdma_addr__sliced_true-unreach-call.c:24:50: note: expanded from macro 'mtx_unlock'
#define mtx_unlock(m) __VERIFIER_atomic_release(m)
                      ~~~~~~~~~~~~~~~~~~~~~~~~~  ^
42_FreeBSD__rdma_addr__sliced_true-unreach-call.c:57:2: warning: too many arguments in call to '__VERIFIER_atomic_release'
        mtx_unlock(MTX);
        ^~~~~~~~~~~~~~~
42_FreeBSD__rdma_addr__sliced_true-unreach-call.c:24:50: note: expanded from macro 'mtx_unlock'
#define mtx_unlock(m) __VERIFIER_atomic_release(m)
                      ~~~~~~~~~~~~~~~~~~~~~~~~~  ^
42_FreeBSD__rdma_addr__sliced_true-unreach-call.c:63:2: warning: too many arguments in call to '__VERIFIER_atomic_release'
        mtx_unlock(MTX);
        ^~~~~~~~~~~~~~~
42_FreeBSD__rdma_addr__sliced_true-unreach-call.c:24:50: note: expanded from macro 'mtx_unlock'
#define mtx_unlock(m) __VERIFIER_atomic_release(m)
                      ~~~~~~~~~~~~~~~~~~~~~~~~~  ^
42_FreeBSD__rdma_addr__sliced_true-unreach-call.c:69:2: warning: too many arguments in call to '__VERIFIER_atomic_release'
        mtx_unlock(MTX);
        ^~~~~~~~~~~~~~~
42_FreeBSD__rdma_addr__sliced_true-unreach-call.c:24:50: note: expanded from macro 'mtx_unlock'
#define mtx_unlock(m) __VERIFIER_atomic_release(m)
                      ~~~~~~~~~~~~~~~~~~~~~~~~~  ^
42_FreeBSD__rdma_addr__sliced_true-unreach-call.c:76:2: warning: too many arguments in call to '__VERIFIER_atomic_release'
        mtx_unlock(MTX);
        ^~~~~~~~~~~~~~~
42_FreeBSD__rdma_addr__sliced_true-unreach-call.c:24:50: note: expanded from macro 'mtx_unlock'
#define mtx_unlock(m) __VERIFIER_atomic_release(m)
                      ~~~~~~~~~~~~~~~~~~~~~~~~~  ^
42_FreeBSD__rdma_addr__sliced_true-unreach-call.c:77:5: warning: implicit declaration of function '__VERIFIER_nondet_int' is invalid in C99 [-Wimplicit-function-declaration]
        if(__VERIFIER_nondet_int()){
           ^
42_FreeBSD__rdma_addr__sliced_true-unreach-call.c:80:3: warning: too many arguments in call to '__VERIFIER_atomic_release'
                mtx_unlock(MTX); }
                ^~~~~~~~~~~~~~~
42_FreeBSD__rdma_addr__sliced_true-unreach-call.c:24:50: note: expanded from macro 'mtx_unlock'
#define mtx_unlock(m) __VERIFIER_atomic_release(m)
                      ~~~~~~~~~~~~~~~~~~~~~~~~~  ^
42_FreeBSD__rdma_addr__sliced_true-unreach-call.c:86:2: warning: too many arguments in call to '__VERIFIER_atomic_release'
        mtx_unlock(MTX);
        ^~~~~~~~~~~~~~~
42_FreeBSD__rdma_addr__sliced_true-unreach-call.c:24:50: note: expanded from macro 'mtx_unlock'
#define mtx_unlock(m) __VERIFIER_atomic_release(m)
                      ~~~~~~~~~~~~~~~~~~~~~~~~~  ^
9 warnings generated.
