reorder_2_false-unreach-call.c_cseq.c:55:59: warning: incompatible pointer to integer conversion passing 'void *' to parameter of type 'int' [-Wint-conversion]
                                        __VERIFIER_assume(__cs_ptr);
                                                          ^~~~~~~~
reorder_2_false-unreach-call.c_cseq.c:2:34: note: passing argument to parameter here
extern void __VERIFIER_assume(int);
                                 ^
reorder_2_false-unreach-call.c_cseq.c:137:41: warning: control reaches end of non-void function [-Wreturn-type]
                                        }
                                        ^
reorder_2_false-unreach-call.c_cseq.c:211:59: warning: incompatible pointer to integer conversion passing '__cs_t *' (aka 'int *') to parameter of type 'int'; dereference with * [-Wint-conversion]
                                        __VERIFIER_assume(__cs_local_main_setPool);
                                                          ^~~~~~~~~~~~~~~~~~~~~~~
                                                          *
reorder_2_false-unreach-call.c_cseq.c:2:34: note: passing argument to parameter here
extern void __VERIFIER_assume(int);
                                 ^
reorder_2_false-unreach-call.c_cseq.c:214:59: warning: incompatible pointer to integer conversion passing '__cs_t *' (aka 'int *') to parameter of type 'int'; dereference with * [-Wint-conversion]
                                        __VERIFIER_assume(__cs_local_main_checkPool);
                                                          ^~~~~~~~~~~~~~~~~~~~~~~~~
                                                          *
reorder_2_false-unreach-call.c_cseq.c:2:34: note: passing argument to parameter here
extern void __VERIFIER_assume(int);
                                 ^
4 warnings generated.
