mix001_tso.oepc_false-unreach-call.c:4:34: warning: implicit declaration of function '__VERIFIER_assume' is invalid in C99 [-Wimplicit-function-declaration]
void __VERIFIER_atomic_begin() { __VERIFIER_assume(__global_lock==0); __global_lock=1; return; }
                                 ^
mix001_tso.oepc_false-unreach-call.c:186:19: warning: implicit declaration of function 'nondet_0' is invalid in C99 [-Wimplicit-function-declaration]
  weak$$choice0 = nondet_0();
                  ^
mix001_tso.oepc_false-unreach-call.c:190:42: warning: '&&' within '||' [-Wlogical-op-parentheses]
  z = !z$w_buff0_used || !z$r_buff0_thd1 && !z$w_buff1_used || !z$r_buff0_thd1 && !z$r_buff1_thd1 ? z : (z$w_buff0_used && z$r_buff0_thd1 ? z$w_buff0 : z$w_buff1);
                      ~~ ~~~~~~~~~~~~~~~~^~~~~~~~~~~~~~~~~~
mix001_tso.oepc_false-unreach-call.c:190:42: note: place parentheses around the '&&' expression to silence this warning
  z = !z$w_buff0_used || !z$r_buff0_thd1 && !z$w_buff1_used || !z$r_buff0_thd1 && !z$r_buff1_thd1 ? z : (z$w_buff0_used && z$r_buff0_thd1 ? z$w_buff0 : z$w_buff1);
                                         ^
                         (                                 )
mix001_tso.oepc_false-unreach-call.c:190:80: warning: '&&' within '||' [-Wlogical-op-parentheses]
  z = !z$w_buff0_used || !z$r_buff0_thd1 && !z$w_buff1_used || !z$r_buff0_thd1 && !z$r_buff1_thd1 ? z : (z$w_buff0_used && z$r_buff0_thd1 ? z$w_buff0 : z$w_buff1);
                                                            ~~ ~~~~~~~~~~~~~~~~^~~~~~~~~~~~~~~~~~
mix001_tso.oepc_false-unreach-call.c:190:80: note: place parentheses around the '&&' expression to silence this warning
  z = !z$w_buff0_used || !z$r_buff0_thd1 && !z$w_buff1_used || !z$r_buff0_thd1 && !z$r_buff1_thd1 ? z : (z$w_buff0_used && z$r_buff0_thd1 ? z$w_buff0 : z$w_buff1);
                                                                               ^
                                                               (                                 )
mix001_tso.oepc_false-unreach-call.c:191:79: warning: '&&' within '||' [-Wlogical-op-parentheses]
  z$w_buff0 = weak$$choice2 ? z$w_buff0 : (!z$w_buff0_used || !z$r_buff0_thd1 && !z$w_buff1_used || !z$r_buff0_thd1 && !z$r_buff1_thd1 ? z$w_buff0 : (z$w_buff0_used && z$r_buff0_thd1 ? z$w_buff0 : z$w_buff0));
                                                           ~~ ~~~~~~~~~~~~~~~~^~~~~~~~~~~~~~~~~~
mix001_tso.oepc_false-unreach-call.c:191:79: note: place parentheses around the '&&' expression to silence this warning
  z$w_buff0 = weak$$choice2 ? z$w_buff0 : (!z$w_buff0_used || !z$r_buff0_thd1 && !z$w_buff1_used || !z$r_buff0_thd1 && !z$r_buff1_thd1 ? z$w_buff0 : (z$w_buff0_used && z$r_buff0_thd1 ? z$w_buff0 : z$w_buff0));
                                                                              ^
                                                              (                                 )
mix001_tso.oepc_false-unreach-call.c:191:117: warning: '&&' within '||' [-Wlogical-op-parentheses]
  z$w_buff0 = weak$$choice2 ? z$w_buff0 : (!z$w_buff0_used || !z$r_buff0_thd1 && !z$w_buff1_used || !z$r_buff0_thd1 && !z$r_buff1_thd1 ? z$w_buff0 : (z$w_buff0_used && z$r_buff0_thd1 ? z$w_buff0 : z$w_buff0));
                                                                                                 ~~ ~~~~~~~~~~~~~~~~^~~~~~~~~~~~~~~~~~
mix001_tso.oepc_false-unreach-call.c:191:117: note: place parentheses around the '&&' expression to silence this warning
  z$w_buff0 = weak$$choice2 ? z$w_buff0 : (!z$w_buff0_used || !z$r_buff0_thd1 && !z$w_buff1_used || !z$r_buff0_thd1 && !z$r_buff1_thd1 ? z$w_buff0 : (z$w_buff0_used && z$r_buff0_thd1 ? z$w_buff0 : z$w_buff0));
                                                                                                                    ^
                                                                                                    (                                 )
mix001_tso.oepc_false-unreach-call.c:192:79: warning: '&&' within '||' [-Wlogical-op-parentheses]
  z$w_buff1 = weak$$choice2 ? z$w_buff1 : (!z$w_buff0_used || !z$r_buff0_thd1 && !z$w_buff1_used || !z$r_buff0_thd1 && !z$r_buff1_thd1 ? z$w_buff1 : (z$w_buff0_used && z$r_buff0_thd1 ? z$w_buff1 : z$w_buff1));
                                                           ~~ ~~~~~~~~~~~~~~~~^~~~~~~~~~~~~~~~~~
mix001_tso.oepc_false-unreach-call.c:192:79: note: place parentheses around the '&&' expression to silence this warning
  z$w_buff1 = weak$$choice2 ? z$w_buff1 : (!z$w_buff0_used || !z$r_buff0_thd1 && !z$w_buff1_used || !z$r_buff0_thd1 && !z$r_buff1_thd1 ? z$w_buff1 : (z$w_buff0_used && z$r_buff0_thd1 ? z$w_buff1 : z$w_buff1));
                                                                              ^
                                                              (                                 )
mix001_tso.oepc_false-unreach-call.c:192:117: warning: '&&' within '||' [-Wlogical-op-parentheses]
  z$w_buff1 = weak$$choice2 ? z$w_buff1 : (!z$w_buff0_used || !z$r_buff0_thd1 && !z$w_buff1_used || !z$r_buff0_thd1 && !z$r_buff1_thd1 ? z$w_buff1 : (z$w_buff0_used && z$r_buff0_thd1 ? z$w_buff1 : z$w_buff1));
                                                                                                 ~~ ~~~~~~~~~~~~~~~~^~~~~~~~~~~~~~~~~~
mix001_tso.oepc_false-unreach-call.c:192:117: note: place parentheses around the '&&' expression to silence this warning
  z$w_buff1 = weak$$choice2 ? z$w_buff1 : (!z$w_buff0_used || !z$r_buff0_thd1 && !z$w_buff1_used || !z$r_buff0_thd1 && !z$r_buff1_thd1 ? z$w_buff1 : (z$w_buff0_used && z$r_buff0_thd1 ? z$w_buff1 : z$w_buff1));
                                                                                                                    ^
                                                                                                    (                                 )
mix001_tso.oepc_false-unreach-call.c:193:89: warning: '&&' within '||' [-Wlogical-op-parentheses]
  z$w_buff0_used = weak$$choice2 ? z$w_buff0_used : (!z$w_buff0_used || !z$r_buff0_thd1 && !z$w_buff1_used || !z$r_buff0_thd1 && !z$r_buff1_thd1 ? z$w_buff0_used : (z$w_buff0_used && z$r_buff0_thd1 ? FALSE : z$w_buff0_used));
                                                                     ~~ ~~~~~~~~~~~~~~~~^~~~~~~~~~~~~~~~~~
mix001_tso.oepc_false-unreach-call.c:193:89: note: place parentheses around the '&&' expression to silence this warning
  z$w_buff0_used = weak$$choice2 ? z$w_buff0_used : (!z$w_buff0_used || !z$r_buff0_thd1 && !z$w_buff1_used || !z$r_buff0_thd1 && !z$r_buff1_thd1 ? z$w_buff0_used : (z$w_buff0_used && z$r_buff0_thd1 ? FALSE : z$w_buff0_used));
                                                                                        ^
                                                                        (                                 )
mix001_tso.oepc_false-unreach-call.c:193:127: warning: '&&' within '||' [-Wlogical-op-parentheses]
  z$w_buff0_used = weak$$choice2 ? z$w_buff0_used : (!z$w_buff0_used || !z$r_buff0_thd1 && !z$w_buff1_used || !z$r_buff0_thd1 && !z$r_buff1_thd1 ? z$w_buff0_used : (z$w_buff0_used && z$r_buff0_thd1 ? FALSE : z$w_buff0_used));
                                                                                                           ~~ ~~~~~~~~~~~~~~~~^~~~~~~~~~~~~~~~~~
mix001_tso.oepc_false-unreach-call.c:193:127: note: place parentheses around the '&&' expression to silence this warning
  z$w_buff0_used = weak$$choice2 ? z$w_buff0_used : (!z$w_buff0_used || !z$r_buff0_thd1 && !z$w_buff1_used || !z$r_buff0_thd1 && !z$r_buff1_thd1 ? z$w_buff0_used : (z$w_buff0_used && z$r_buff0_thd1 ? FALSE : z$w_buff0_used));
                                                                                                                              ^
                                                                                                              (                                 )
mix001_tso.oepc_false-unreach-call.c:194:89: warning: '&&' within '||' [-Wlogical-op-parentheses]
  z$w_buff1_used = weak$$choice2 ? z$w_buff1_used : (!z$w_buff0_used || !z$r_buff0_thd1 && !z$w_buff1_used || !z$r_buff0_thd1 && !z$r_buff1_thd1 ? z$w_buff1_used : (z$w_buff0_used && z$r_buff0_thd1 ? FALSE : FALSE));
                                                                     ~~ ~~~~~~~~~~~~~~~~^~~~~~~~~~~~~~~~~~
mix001_tso.oepc_false-unreach-call.c:194:89: note: place parentheses around the '&&' expression to silence this warning
  z$w_buff1_used = weak$$choice2 ? z$w_buff1_used : (!z$w_buff0_used || !z$r_buff0_thd1 && !z$w_buff1_used || !z$r_buff0_thd1 && !z$r_buff1_thd1 ? z$w_buff1_used : (z$w_buff0_used && z$r_buff0_thd1 ? FALSE : FALSE));
                                                                                        ^
                                                                        (                                 )
mix001_tso.oepc_false-unreach-call.c:194:127: warning: '&&' within '||' [-Wlogical-op-parentheses]
  z$w_buff1_used = weak$$choice2 ? z$w_buff1_used : (!z$w_buff0_used || !z$r_buff0_thd1 && !z$w_buff1_used || !z$r_buff0_thd1 && !z$r_buff1_thd1 ? z$w_buff1_used : (z$w_buff0_used && z$r_buff0_thd1 ? FALSE : FALSE));
                                                                                                           ~~ ~~~~~~~~~~~~~~~~^~~~~~~~~~~~~~~~~~
mix001_tso.oepc_false-unreach-call.c:194:127: note: place parentheses around the '&&' expression to silence this warning
  z$w_buff1_used = weak$$choice2 ? z$w_buff1_used : (!z$w_buff0_used || !z$r_buff0_thd1 && !z$w_buff1_used || !z$r_buff0_thd1 && !z$r_buff1_thd1 ? z$w_buff1_used : (z$w_buff0_used && z$r_buff0_thd1 ? FALSE : FALSE));
                                                                                                                              ^
                                                                                                              (                                 )
mix001_tso.oepc_false-unreach-call.c:195:89: warning: '&&' within '||' [-Wlogical-op-parentheses]
  z$r_buff0_thd1 = weak$$choice2 ? z$r_buff0_thd1 : (!z$w_buff0_used || !z$r_buff0_thd1 && !z$w_buff1_used || !z$r_buff0_thd1 && !z$r_buff1_thd1 ? z$r_buff0_thd1 : (z$w_buff0_used && z$r_buff0_thd1 ? FALSE : z$r_buff0_thd1));
                                                                     ~~ ~~~~~~~~~~~~~~~~^~~~~~~~~~~~~~~~~~
mix001_tso.oepc_false-unreach-call.c:195:89: note: place parentheses around the '&&' expression to silence this warning
  z$r_buff0_thd1 = weak$$choice2 ? z$r_buff0_thd1 : (!z$w_buff0_used || !z$r_buff0_thd1 && !z$w_buff1_used || !z$r_buff0_thd1 && !z$r_buff1_thd1 ? z$r_buff0_thd1 : (z$w_buff0_used && z$r_buff0_thd1 ? FALSE : z$r_buff0_thd1));
                                                                                        ^
                                                                        (                                 )
mix001_tso.oepc_false-unreach-call.c:195:127: warning: '&&' within '||' [-Wlogical-op-parentheses]
  z$r_buff0_thd1 = weak$$choice2 ? z$r_buff0_thd1 : (!z$w_buff0_used || !z$r_buff0_thd1 && !z$w_buff1_used || !z$r_buff0_thd1 && !z$r_buff1_thd1 ? z$r_buff0_thd1 : (z$w_buff0_used && z$r_buff0_thd1 ? FALSE : z$r_buff0_thd1));
                                                                                                           ~~ ~~~~~~~~~~~~~~~~^~~~~~~~~~~~~~~~~~
mix001_tso.oepc_false-unreach-call.c:195:127: note: place parentheses around the '&&' expression to silence this warning
  z$r_buff0_thd1 = weak$$choice2 ? z$r_buff0_thd1 : (!z$w_buff0_used || !z$r_buff0_thd1 && !z$w_buff1_used || !z$r_buff0_thd1 && !z$r_buff1_thd1 ? z$r_buff0_thd1 : (z$w_buff0_used && z$r_buff0_thd1 ? FALSE : z$r_buff0_thd1));
                                                                                                                              ^
                                                                                                              (                                 )
mix001_tso.oepc_false-unreach-call.c:196:89: warning: '&&' within '||' [-Wlogical-op-parentheses]
  z$r_buff1_thd1 = weak$$choice2 ? z$r_buff1_thd1 : (!z$w_buff0_used || !z$r_buff0_thd1 && !z$w_buff1_used || !z$r_buff0_thd1 && !z$r_buff1_thd1 ? z$r_buff1_thd1 : (z$w_buff0_used && z$r_buff0_thd1 ? FALSE : FALSE));
                                                                     ~~ ~~~~~~~~~~~~~~~~^~~~~~~~~~~~~~~~~~
mix001_tso.oepc_false-unreach-call.c:196:89: note: place parentheses around the '&&' expression to silence this warning
  z$r_buff1_thd1 = weak$$choice2 ? z$r_buff1_thd1 : (!z$w_buff0_used || !z$r_buff0_thd1 && !z$w_buff1_used || !z$r_buff0_thd1 && !z$r_buff1_thd1 ? z$r_buff1_thd1 : (z$w_buff0_used && z$r_buff0_thd1 ? FALSE : FALSE));
                                                                                        ^
                                                                        (                                 )
mix001_tso.oepc_false-unreach-call.c:196:127: warning: '&&' within '||' [-Wlogical-op-parentheses]
  z$r_buff1_thd1 = weak$$choice2 ? z$r_buff1_thd1 : (!z$w_buff0_used || !z$r_buff0_thd1 && !z$w_buff1_used || !z$r_buff0_thd1 && !z$r_buff1_thd1 ? z$r_buff1_thd1 : (z$w_buff0_used && z$r_buff0_thd1 ? FALSE : FALSE));
                                                                                                           ~~ ~~~~~~~~~~~~~~~~^~~~~~~~~~~~~~~~~~
mix001_tso.oepc_false-unreach-call.c:196:127: note: place parentheses around the '&&' expression to silence this warning
  z$r_buff1_thd1 = weak$$choice2 ? z$r_buff1_thd1 : (!z$w_buff0_used || !z$r_buff0_thd1 && !z$w_buff1_used || !z$r_buff0_thd1 && !z$r_buff1_thd1 ? z$r_buff1_thd1 : (z$w_buff0_used && z$r_buff0_thd1 ? FALSE : FALSE));
                                                                                                                              ^
                                                                                                              (                                 )
mix001_tso.oepc_false-unreach-call.c:207:35: warning: '&&' within '||' [-Wlogical-op-parentheses]
  z$w_buff1_used = z$w_buff0_used && z$r_buff0_thd1 || z$w_buff1_used && z$r_buff1_thd1 ? FALSE : z$w_buff1_used;
                   ~~~~~~~~~~~~~~~^~~~~~~~~~~~~~~~~ ~~
mix001_tso.oepc_false-unreach-call.c:207:35: note: place parentheses around the '&&' expression to silence this warning
  z$w_buff1_used = z$w_buff0_used && z$r_buff0_thd1 || z$w_buff1_used && z$r_buff1_thd1 ? FALSE : z$w_buff1_used;
                                  ^
                   (                               )
mix001_tso.oepc_false-unreach-call.c:207:71: warning: '&&' within '||' [-Wlogical-op-parentheses]
  z$w_buff1_used = z$w_buff0_used && z$r_buff0_thd1 || z$w_buff1_used && z$r_buff1_thd1 ? FALSE : z$w_buff1_used;
                                                    ~~ ~~~~~~~~~~~~~~~^~~~~~~~~~~~~~~~~
mix001_tso.oepc_false-unreach-call.c:207:71: note: place parentheses around the '&&' expression to silence this warning
  z$w_buff1_used = z$w_buff0_used && z$r_buff0_thd1 || z$w_buff1_used && z$r_buff1_thd1 ? FALSE : z$w_buff1_used;
                                                                      ^
                                                       (                               )
mix001_tso.oepc_false-unreach-call.c:209:35: warning: '&&' within '||' [-Wlogical-op-parentheses]
  z$r_buff1_thd1 = z$w_buff0_used && z$r_buff0_thd1 || z$w_buff1_used && z$r_buff1_thd1 ? FALSE : z$r_buff1_thd1;
                   ~~~~~~~~~~~~~~~^~~~~~~~~~~~~~~~~ ~~
mix001_tso.oepc_false-unreach-call.c:209:35: note: place parentheses around the '&&' expression to silence this warning
  z$r_buff1_thd1 = z$w_buff0_used && z$r_buff0_thd1 || z$w_buff1_used && z$r_buff1_thd1 ? FALSE : z$r_buff1_thd1;
                                  ^
                   (                               )
mix001_tso.oepc_false-unreach-call.c:209:71: warning: '&&' within '||' [-Wlogical-op-parentheses]
  z$r_buff1_thd1 = z$w_buff0_used && z$r_buff0_thd1 || z$w_buff1_used && z$r_buff1_thd1 ? FALSE : z$r_buff1_thd1;
                                                    ~~ ~~~~~~~~~~~~~~~^~~~~~~~~~~~~~~~~
mix001_tso.oepc_false-unreach-call.c:209:71: note: place parentheses around the '&&' expression to silence this warning
  z$r_buff1_thd1 = z$w_buff0_used && z$r_buff0_thd1 || z$w_buff1_used && z$r_buff1_thd1 ? FALSE : z$r_buff1_thd1;
                                                                      ^
                                                       (                               )
mix001_tso.oepc_false-unreach-call.c:214:10: warning: implicit declaration of function 'nondet_1' is invalid in C99 [-Wimplicit-function-declaration]
  return nondet_1();
         ^
mix001_tso.oepc_false-unreach-call.c:214:10: warning: incompatible integer to pointer conversion returning 'int' from a function with result type 'void *' [-Wint-conversion]
  return nondet_1();
         ^~~~~~~~~~
mix001_tso.oepc_false-unreach-call.c:233:35: warning: '&&' within '||' [-Wlogical-op-parentheses]
  z$w_buff1_used = z$w_buff0_used && z$r_buff0_thd2 || z$w_buff1_used && z$r_buff1_thd2 ? FALSE : z$w_buff1_used;
                   ~~~~~~~~~~~~~~~^~~~~~~~~~~~~~~~~ ~~
mix001_tso.oepc_false-unreach-call.c:233:35: note: place parentheses around the '&&' expression to silence this warning
  z$w_buff1_used = z$w_buff0_used && z$r_buff0_thd2 || z$w_buff1_used && z$r_buff1_thd2 ? FALSE : z$w_buff1_used;
                                  ^
                   (                               )
mix001_tso.oepc_false-unreach-call.c:233:71: warning: '&&' within '||' [-Wlogical-op-parentheses]
  z$w_buff1_used = z$w_buff0_used && z$r_buff0_thd2 || z$w_buff1_used && z$r_buff1_thd2 ? FALSE : z$w_buff1_used;
                                                    ~~ ~~~~~~~~~~~~~~~^~~~~~~~~~~~~~~~~
mix001_tso.oepc_false-unreach-call.c:233:71: note: place parentheses around the '&&' expression to silence this warning
  z$w_buff1_used = z$w_buff0_used && z$r_buff0_thd2 || z$w_buff1_used && z$r_buff1_thd2 ? FALSE : z$w_buff1_used;
                                                                      ^
                                                       (                               )
mix001_tso.oepc_false-unreach-call.c:235:35: warning: '&&' within '||' [-Wlogical-op-parentheses]
  z$r_buff1_thd2 = z$w_buff0_used && z$r_buff0_thd2 || z$w_buff1_used && z$r_buff1_thd2 ? FALSE : z$r_buff1_thd2;
                   ~~~~~~~~~~~~~~~^~~~~~~~~~~~~~~~~ ~~
mix001_tso.oepc_false-unreach-call.c:235:35: note: place parentheses around the '&&' expression to silence this warning
  z$r_buff1_thd2 = z$w_buff0_used && z$r_buff0_thd2 || z$w_buff1_used && z$r_buff1_thd2 ? FALSE : z$r_buff1_thd2;
                                  ^
                   (                               )
mix001_tso.oepc_false-unreach-call.c:235:71: warning: '&&' within '||' [-Wlogical-op-parentheses]
  z$r_buff1_thd2 = z$w_buff0_used && z$r_buff0_thd2 || z$w_buff1_used && z$r_buff1_thd2 ? FALSE : z$r_buff1_thd2;
                                                    ~~ ~~~~~~~~~~~~~~~^~~~~~~~~~~~~~~~~
mix001_tso.oepc_false-unreach-call.c:235:71: note: place parentheses around the '&&' expression to silence this warning
  z$r_buff1_thd2 = z$w_buff0_used && z$r_buff0_thd2 || z$w_buff1_used && z$r_buff1_thd2 ? FALSE : z$r_buff1_thd2;
                                                                      ^
                                                       (                               )
mix001_tso.oepc_false-unreach-call.c:240:10: warning: incompatible integer to pointer conversion returning 'int' from a function with result type 'void *' [-Wint-conversion]
  return nondet_1();
         ^~~~~~~~~~
mix001_tso.oepc_false-unreach-call.c:258:42: warning: '&&' within '||' [-Wlogical-op-parentheses]
  z = !z$w_buff0_used || !z$r_buff0_thd3 && !z$w_buff1_used || !z$r_buff0_thd3 && !z$r_buff1_thd3 ? z : (z$w_buff0_used && z$r_buff0_thd3 ? z$w_buff0 : z$w_buff1);
                      ~~ ~~~~~~~~~~~~~~~~^~~~~~~~~~~~~~~~~~
mix001_tso.oepc_false-unreach-call.c:258:42: note: place parentheses around the '&&' expression to silence this warning
  z = !z$w_buff0_used || !z$r_buff0_thd3 && !z$w_buff1_used || !z$r_buff0_thd3 && !z$r_buff1_thd3 ? z : (z$w_buff0_used && z$r_buff0_thd3 ? z$w_buff0 : z$w_buff1);
                                         ^
                         (                                 )
mix001_tso.oepc_false-unreach-call.c:258:80: warning: '&&' within '||' [-Wlogical-op-parentheses]
  z = !z$w_buff0_used || !z$r_buff0_thd3 && !z$w_buff1_used || !z$r_buff0_thd3 && !z$r_buff1_thd3 ? z : (z$w_buff0_used && z$r_buff0_thd3 ? z$w_buff0 : z$w_buff1);
                                                            ~~ ~~~~~~~~~~~~~~~~^~~~~~~~~~~~~~~~~~
mix001_tso.oepc_false-unreach-call.c:258:80: note: place parentheses around the '&&' expression to silence this warning
  z = !z$w_buff0_used || !z$r_buff0_thd3 && !z$w_buff1_used || !z$r_buff0_thd3 && !z$r_buff1_thd3 ? z : (z$w_buff0_used && z$r_buff0_thd3 ? z$w_buff0 : z$w_buff1);
                                                                               ^
                                                               (                                 )
mix001_tso.oepc_false-unreach-call.c:259:79: warning: '&&' within '||' [-Wlogical-op-parentheses]
  z$w_buff0 = weak$$choice2 ? z$w_buff0 : (!z$w_buff0_used || !z$r_buff0_thd3 && !z$w_buff1_used || !z$r_buff0_thd3 && !z$r_buff1_thd3 ? z$w_buff0 : (z$w_buff0_used && z$r_buff0_thd3 ? z$w_buff0 : z$w_buff0));
                                                           ~~ ~~~~~~~~~~~~~~~~^~~~~~~~~~~~~~~~~~
mix001_tso.oepc_false-unreach-call.c:259:79: note: place parentheses around the '&&' expression to silence this warning
  z$w_buff0 = weak$$choice2 ? z$w_buff0 : (!z$w_buff0_used || !z$r_buff0_thd3 && !z$w_buff1_used || !z$r_buff0_thd3 && !z$r_buff1_thd3 ? z$w_buff0 : (z$w_buff0_used && z$r_buff0_thd3 ? z$w_buff0 : z$w_buff0));
                                                                              ^
                                                              (                                 )
mix001_tso.oepc_false-unreach-call.c:259:117: warning: '&&' within '||' [-Wlogical-op-parentheses]
  z$w_buff0 = weak$$choice2 ? z$w_buff0 : (!z$w_buff0_used || !z$r_buff0_thd3 && !z$w_buff1_used || !z$r_buff0_thd3 && !z$r_buff1_thd3 ? z$w_buff0 : (z$w_buff0_used && z$r_buff0_thd3 ? z$w_buff0 : z$w_buff0));
                                                                                                 ~~ ~~~~~~~~~~~~~~~~^~~~~~~~~~~~~~~~~~
mix001_tso.oepc_false-unreach-call.c:259:117: note: place parentheses around the '&&' expression to silence this warning
  z$w_buff0 = weak$$choice2 ? z$w_buff0 : (!z$w_buff0_used || !z$r_buff0_thd3 && !z$w_buff1_used || !z$r_buff0_thd3 && !z$r_buff1_thd3 ? z$w_buff0 : (z$w_buff0_used && z$r_buff0_thd3 ? z$w_buff0 : z$w_buff0));
                                                                                                                    ^
                                                                                                    (                                 )
mix001_tso.oepc_false-unreach-call.c:260:79: warning: '&&' within '||' [-Wlogical-op-parentheses]
  z$w_buff1 = weak$$choice2 ? z$w_buff1 : (!z$w_buff0_used || !z$r_buff0_thd3 && !z$w_buff1_used || !z$r_buff0_thd3 && !z$r_buff1_thd3 ? z$w_buff1 : (z$w_buff0_used && z$r_buff0_thd3 ? z$w_buff1 : z$w_buff1));
                                                           ~~ ~~~~~~~~~~~~~~~~^~~~~~~~~~~~~~~~~~
mix001_tso.oepc_false-unreach-call.c:260:79: note: place parentheses around the '&&' expression to silence this warning
  z$w_buff1 = weak$$choice2 ? z$w_buff1 : (!z$w_buff0_used || !z$r_buff0_thd3 && !z$w_buff1_used || !z$r_buff0_thd3 && !z$r_buff1_thd3 ? z$w_buff1 : (z$w_buff0_used && z$r_buff0_thd3 ? z$w_buff1 : z$w_buff1));
                                                                              ^
                                                              (                                 )
mix001_tso.oepc_false-unreach-call.c:260:117: warning: '&&' within '||' [-Wlogical-op-parentheses]
  z$w_buff1 = weak$$choice2 ? z$w_buff1 : (!z$w_buff0_used || !z$r_buff0_thd3 && !z$w_buff1_used || !z$r_buff0_thd3 && !z$r_buff1_thd3 ? z$w_buff1 : (z$w_buff0_used && z$r_buff0_thd3 ? z$w_buff1 : z$w_buff1));
                                                                                                 ~~ ~~~~~~~~~~~~~~~~^~~~~~~~~~~~~~~~~~
mix001_tso.oepc_false-unreach-call.c:260:117: note: place parentheses around the '&&' expression to silence this warning
  z$w_buff1 = weak$$choice2 ? z$w_buff1 : (!z$w_buff0_used || !z$r_buff0_thd3 && !z$w_buff1_used || !z$r_buff0_thd3 && !z$r_buff1_thd3 ? z$w_buff1 : (z$w_buff0_used && z$r_buff0_thd3 ? z$w_buff1 : z$w_buff1));
                                                                                                                    ^
                                                                                                    (                                 )
mix001_tso.oepc_false-unreach-call.c:261:89: warning: '&&' within '||' [-Wlogical-op-parentheses]
  z$w_buff0_used = weak$$choice2 ? z$w_buff0_used : (!z$w_buff0_used || !z$r_buff0_thd3 && !z$w_buff1_used || !z$r_buff0_thd3 && !z$r_buff1_thd3 ? z$w_buff0_used : (z$w_buff0_used && z$r_buff0_thd3 ? FALSE : z$w_buff0_used));
                                                                     ~~ ~~~~~~~~~~~~~~~~^~~~~~~~~~~~~~~~~~
mix001_tso.oepc_false-unreach-call.c:261:89: note: place parentheses around the '&&' expression to silence this warning
  z$w_buff0_used = weak$$choice2 ? z$w_buff0_used : (!z$w_buff0_used || !z$r_buff0_thd3 && !z$w_buff1_used || !z$r_buff0_thd3 && !z$r_buff1_thd3 ? z$w_buff0_used : (z$w_buff0_used && z$r_buff0_thd3 ? FALSE : z$w_buff0_used));
                                                                                        ^
                                                                        (                                 )
mix001_tso.oepc_false-unreach-call.c:261:127: warning: '&&' within '||' [-Wlogical-op-parentheses]
  z$w_buff0_used = weak$$choice2 ? z$w_buff0_used : (!z$w_buff0_used || !z$r_buff0_thd3 && !z$w_buff1_used || !z$r_buff0_thd3 && !z$r_buff1_thd3 ? z$w_buff0_used : (z$w_buff0_used && z$r_buff0_thd3 ? FALSE : z$w_buff0_used));
                                                                                                           ~~ ~~~~~~~~~~~~~~~~^~~~~~~~~~~~~~~~~~
mix001_tso.oepc_false-unreach-call.c:261:127: note: place parentheses around the '&&' expression to silence this warning
  z$w_buff0_used = weak$$choice2 ? z$w_buff0_used : (!z$w_buff0_used || !z$r_buff0_thd3 && !z$w_buff1_used || !z$r_buff0_thd3 && !z$r_buff1_thd3 ? z$w_buff0_used : (z$w_buff0_used && z$r_buff0_thd3 ? FALSE : z$w_buff0_used));
                                                                                                                              ^
                                                                                                              (                                 )
mix001_tso.oepc_false-unreach-call.c:262:89: warning: '&&' within '||' [-Wlogical-op-parentheses]
  z$w_buff1_used = weak$$choice2 ? z$w_buff1_used : (!z$w_buff0_used || !z$r_buff0_thd3 && !z$w_buff1_used || !z$r_buff0_thd3 && !z$r_buff1_thd3 ? z$w_buff1_used : (z$w_buff0_used && z$r_buff0_thd3 ? FALSE : FALSE));
                                                                     ~~ ~~~~~~~~~~~~~~~~^~~~~~~~~~~~~~~~~~
mix001_tso.oepc_false-unreach-call.c:262:89: note: place parentheses around the '&&' expression to silence this warning
  z$w_buff1_used = weak$$choice2 ? z$w_buff1_used : (!z$w_buff0_used || !z$r_buff0_thd3 && !z$w_buff1_used || !z$r_buff0_thd3 && !z$r_buff1_thd3 ? z$w_buff1_used : (z$w_buff0_used && z$r_buff0_thd3 ? FALSE : FALSE));
                                                                                        ^
                                                                        (                                 )
mix001_tso.oepc_false-unreach-call.c:262:127: warning: '&&' within '||' [-Wlogical-op-parentheses]
  z$w_buff1_used = weak$$choice2 ? z$w_buff1_used : (!z$w_buff0_used || !z$r_buff0_thd3 && !z$w_buff1_used || !z$r_buff0_thd3 && !z$r_buff1_thd3 ? z$w_buff1_used : (z$w_buff0_used && z$r_buff0_thd3 ? FALSE : FALSE));
                                                                                                           ~~ ~~~~~~~~~~~~~~~~^~~~~~~~~~~~~~~~~~
mix001_tso.oepc_false-unreach-call.c:262:127: note: place parentheses around the '&&' expression to silence this warning
  z$w_buff1_used = weak$$choice2 ? z$w_buff1_used : (!z$w_buff0_used || !z$r_buff0_thd3 && !z$w_buff1_used || !z$r_buff0_thd3 && !z$r_buff1_thd3 ? z$w_buff1_used : (z$w_buff0_used && z$r_buff0_thd3 ? FALSE : FALSE));
                                                                                                                              ^
                                                                                                              (                                 )
mix001_tso.oepc_false-unreach-call.c:263:89: warning: '&&' within '||' [-Wlogical-op-parentheses]
  z$r_buff0_thd3 = weak$$choice2 ? z$r_buff0_thd3 : (!z$w_buff0_used || !z$r_buff0_thd3 && !z$w_buff1_used || !z$r_buff0_thd3 && !z$r_buff1_thd3 ? z$r_buff0_thd3 : (z$w_buff0_used && z$r_buff0_thd3 ? FALSE : z$r_buff0_thd3));
                                                                     ~~ ~~~~~~~~~~~~~~~~^~~~~~~~~~~~~~~~~~
mix001_tso.oepc_false-unreach-call.c:263:89: note: place parentheses around the '&&' expression to silence this warning
  z$r_buff0_thd3 = weak$$choice2 ? z$r_buff0_thd3 : (!z$w_buff0_used || !z$r_buff0_thd3 && !z$w_buff1_used || !z$r_buff0_thd3 && !z$r_buff1_thd3 ? z$r_buff0_thd3 : (z$w_buff0_used && z$r_buff0_thd3 ? FALSE : z$r_buff0_thd3));
                                                                                        ^
                                                                        (                                 )
mix001_tso.oepc_false-unreach-call.c:263:127: warning: '&&' within '||' [-Wlogical-op-parentheses]
  z$r_buff0_thd3 = weak$$choice2 ? z$r_buff0_thd3 : (!z$w_buff0_used || !z$r_buff0_thd3 && !z$w_buff1_used || !z$r_buff0_thd3 && !z$r_buff1_thd3 ? z$r_buff0_thd3 : (z$w_buff0_used && z$r_buff0_thd3 ? FALSE : z$r_buff0_thd3));
                                                                                                           ~~ ~~~~~~~~~~~~~~~~^~~~~~~~~~~~~~~~~~
mix001_tso.oepc_false-unreach-call.c:263:127: note: place parentheses around the '&&' expression to silence this warning
  z$r_buff0_thd3 = weak$$choice2 ? z$r_buff0_thd3 : (!z$w_buff0_used || !z$r_buff0_thd3 && !z$w_buff1_used || !z$r_buff0_thd3 && !z$r_buff1_thd3 ? z$r_buff0_thd3 : (z$w_buff0_used && z$r_buff0_thd3 ? FALSE : z$r_buff0_thd3));
                                                                                                                              ^
                                                                                                              (                                 )
mix001_tso.oepc_false-unreach-call.c:264:89: warning: '&&' within '||' [-Wlogical-op-parentheses]
  z$r_buff1_thd3 = weak$$choice2 ? z$r_buff1_thd3 : (!z$w_buff0_used || !z$r_buff0_thd3 && !z$w_buff1_used || !z$r_buff0_thd3 && !z$r_buff1_thd3 ? z$r_buff1_thd3 : (z$w_buff0_used && z$r_buff0_thd3 ? FALSE : FALSE));
                                                                     ~~ ~~~~~~~~~~~~~~~~^~~~~~~~~~~~~~~~~~
mix001_tso.oepc_false-unreach-call.c:264:89: note: place parentheses around the '&&' expression to silence this warning
  z$r_buff1_thd3 = weak$$choice2 ? z$r_buff1_thd3 : (!z$w_buff0_used || !z$r_buff0_thd3 && !z$w_buff1_used || !z$r_buff0_thd3 && !z$r_buff1_thd3 ? z$r_buff1_thd3 : (z$w_buff0_used && z$r_buff0_thd3 ? FALSE : FALSE));
                                                                                        ^
                                                                        (                                 )
mix001_tso.oepc_false-unreach-call.c:264:127: warning: '&&' within '||' [-Wlogical-op-parentheses]
  z$r_buff1_thd3 = weak$$choice2 ? z$r_buff1_thd3 : (!z$w_buff0_used || !z$r_buff0_thd3 && !z$w_buff1_used || !z$r_buff0_thd3 && !z$r_buff1_thd3 ? z$r_buff1_thd3 : (z$w_buff0_used && z$r_buff0_thd3 ? FALSE : FALSE));
                                                                                                           ~~ ~~~~~~~~~~~~~~~~^~~~~~~~~~~~~~~~~~
mix001_tso.oepc_false-unreach-call.c:264:127: note: place parentheses around the '&&' expression to silence this warning
  z$r_buff1_thd3 = weak$$choice2 ? z$r_buff1_thd3 : (!z$w_buff0_used || !z$r_buff0_thd3 && !z$w_buff1_used || !z$r_buff0_thd3 && !z$r_buff1_thd3 ? z$r_buff1_thd3 : (z$w_buff0_used && z$r_buff0_thd3 ? FALSE : FALSE));
                                                                                                                              ^
                                                                                                              (                                 )
mix001_tso.oepc_false-unreach-call.c:272:35: warning: '&&' within '||' [-Wlogical-op-parentheses]
  z$w_buff1_used = z$w_buff0_used && z$r_buff0_thd3 || z$w_buff1_used && z$r_buff1_thd3 ? FALSE : z$w_buff1_used;
                   ~~~~~~~~~~~~~~~^~~~~~~~~~~~~~~~~ ~~
mix001_tso.oepc_false-unreach-call.c:272:35: note: place parentheses around the '&&' expression to silence this warning
  z$w_buff1_used = z$w_buff0_used && z$r_buff0_thd3 || z$w_buff1_used && z$r_buff1_thd3 ? FALSE : z$w_buff1_used;
                                  ^
                   (                               )
mix001_tso.oepc_false-unreach-call.c:272:71: warning: '&&' within '||' [-Wlogical-op-parentheses]
  z$w_buff1_used = z$w_buff0_used && z$r_buff0_thd3 || z$w_buff1_used && z$r_buff1_thd3 ? FALSE : z$w_buff1_used;
                                                    ~~ ~~~~~~~~~~~~~~~^~~~~~~~~~~~~~~~~
mix001_tso.oepc_false-unreach-call.c:272:71: note: place parentheses around the '&&' expression to silence this warning
  z$w_buff1_used = z$w_buff0_used && z$r_buff0_thd3 || z$w_buff1_used && z$r_buff1_thd3 ? FALSE : z$w_buff1_used;
                                                                      ^
                                                       (                               )
mix001_tso.oepc_false-unreach-call.c:274:35: warning: '&&' within '||' [-Wlogical-op-parentheses]
  z$r_buff1_thd3 = z$w_buff0_used && z$r_buff0_thd3 || z$w_buff1_used && z$r_buff1_thd3 ? FALSE : z$r_buff1_thd3;
                   ~~~~~~~~~~~~~~~^~~~~~~~~~~~~~~~~ ~~
mix001_tso.oepc_false-unreach-call.c:274:35: note: place parentheses around the '&&' expression to silence this warning
  z$r_buff1_thd3 = z$w_buff0_used && z$r_buff0_thd3 || z$w_buff1_used && z$r_buff1_thd3 ? FALSE : z$r_buff1_thd3;
                                  ^
                   (                               )
mix001_tso.oepc_false-unreach-call.c:274:71: warning: '&&' within '||' [-Wlogical-op-parentheses]
  z$r_buff1_thd3 = z$w_buff0_used && z$r_buff0_thd3 || z$w_buff1_used && z$r_buff1_thd3 ? FALSE : z$r_buff1_thd3;
                                                    ~~ ~~~~~~~~~~~~~~~^~~~~~~~~~~~~~~~~
mix001_tso.oepc_false-unreach-call.c:274:71: note: place parentheses around the '&&' expression to silence this warning
  z$r_buff1_thd3 = z$w_buff0_used && z$r_buff0_thd3 || z$w_buff1_used && z$r_buff1_thd3 ? FALSE : z$r_buff1_thd3;
                                                                      ^
                                                       (                               )
mix001_tso.oepc_false-unreach-call.c:279:10: warning: incompatible integer to pointer conversion returning 'int' from a function with result type 'void *' [-Wint-conversion]
  return nondet_1();
         ^~~~~~~~~~
mix001_tso.oepc_false-unreach-call.c:307:38: warning: null passed to a callee which requires a non-null argument [-Wnonnull]
  pthread_create(NULL, NULL, P0, NULL);
                 ~~~~                ^
mix001_tso.oepc_false-unreach-call.c:308:38: warning: null passed to a callee which requires a non-null argument [-Wnonnull]
  pthread_create(NULL, NULL, P1, NULL);
                 ~~~~                ^
mix001_tso.oepc_false-unreach-call.c:309:38: warning: null passed to a callee which requires a non-null argument [-Wnonnull]
  pthread_create(NULL, NULL, P2, NULL);
                 ~~~~                ^
mix001_tso.oepc_false-unreach-call.c:317:35: warning: '&&' within '||' [-Wlogical-op-parentheses]
  z$w_buff1_used = z$w_buff0_used && z$r_buff0_thd0 || z$w_buff1_used && z$r_buff1_thd0 ? FALSE : z$w_buff1_used;
                   ~~~~~~~~~~~~~~~^~~~~~~~~~~~~~~~~ ~~
mix001_tso.oepc_false-unreach-call.c:317:35: note: place parentheses around the '&&' expression to silence this warning
  z$w_buff1_used = z$w_buff0_used && z$r_buff0_thd0 || z$w_buff1_used && z$r_buff1_thd0 ? FALSE : z$w_buff1_used;
                                  ^
                   (                               )
mix001_tso.oepc_false-unreach-call.c:317:71: warning: '&&' within '||' [-Wlogical-op-parentheses]
  z$w_buff1_used = z$w_buff0_used && z$r_buff0_thd0 || z$w_buff1_used && z$r_buff1_thd0 ? FALSE : z$w_buff1_used;
                                                    ~~ ~~~~~~~~~~~~~~~^~~~~~~~~~~~~~~~~
mix001_tso.oepc_false-unreach-call.c:317:71: note: place parentheses around the '&&' expression to silence this warning
  z$w_buff1_used = z$w_buff0_used && z$r_buff0_thd0 || z$w_buff1_used && z$r_buff1_thd0 ? FALSE : z$w_buff1_used;
                                                                      ^
                                                       (                               )
mix001_tso.oepc_false-unreach-call.c:319:35: warning: '&&' within '||' [-Wlogical-op-parentheses]
  z$r_buff1_thd0 = z$w_buff0_used && z$r_buff0_thd0 || z$w_buff1_used && z$r_buff1_thd0 ? FALSE : z$r_buff1_thd0;
                   ~~~~~~~~~~~~~~~^~~~~~~~~~~~~~~~~ ~~
mix001_tso.oepc_false-unreach-call.c:319:35: note: place parentheses around the '&&' expression to silence this warning
  z$r_buff1_thd0 = z$w_buff0_used && z$r_buff0_thd0 || z$w_buff1_used && z$r_buff1_thd0 ? FALSE : z$r_buff1_thd0;
                                  ^
                   (                               )
mix001_tso.oepc_false-unreach-call.c:319:71: warning: '&&' within '||' [-Wlogical-op-parentheses]
  z$r_buff1_thd0 = z$w_buff0_used && z$r_buff0_thd0 || z$w_buff1_used && z$r_buff1_thd0 ? FALSE : z$r_buff1_thd0;
                                                    ~~ ~~~~~~~~~~~~~~~^~~~~~~~~~~~~~~~~
mix001_tso.oepc_false-unreach-call.c:319:71: note: place parentheses around the '&&' expression to silence this warning
  z$r_buff1_thd0 = z$w_buff0_used && z$r_buff0_thd0 || z$w_buff1_used && z$r_buff1_thd0 ? FALSE : z$r_buff1_thd0;
                                                                      ^
                                                       (                               )
53 warnings generated.
