mix055_rmo.opt_false-unreach-call.c:4:34: warning: implicit declaration of function '__VERIFIER_assume' is invalid in C99 [-Wimplicit-function-declaration]
void __VERIFIER_atomic_begin() { __VERIFIER_assume(__global_lock==0); __global_lock=1; return; }
                                 ^
mix055_rmo.opt_false-unreach-call.c:175:10: warning: implicit declaration of function 'nondet_0' is invalid in C99 [-Wimplicit-function-declaration]
  return nondet_0();
         ^
mix055_rmo.opt_false-unreach-call.c:175:10: warning: incompatible integer to pointer conversion returning 'int' from a function with result type 'void *' [-Wint-conversion]
  return nondet_0();
         ^~~~~~~~~~
mix055_rmo.opt_false-unreach-call.c:193:10: warning: incompatible integer to pointer conversion returning 'int' from a function with result type 'void *' [-Wint-conversion]
  return nondet_0();
         ^~~~~~~~~~
mix055_rmo.opt_false-unreach-call.c:209:35: warning: '&&' within '||' [-Wlogical-op-parentheses]
  z$w_buff1_used = z$w_buff0_used && z$r_buff0_thd3 || z$w_buff1_used && z$r_buff1_thd3 ? FALSE : z$w_buff1_used;
                   ~~~~~~~~~~~~~~~^~~~~~~~~~~~~~~~~ ~~
mix055_rmo.opt_false-unreach-call.c:209:35: note: place parentheses around the '&&' expression to silence this warning
  z$w_buff1_used = z$w_buff0_used && z$r_buff0_thd3 || z$w_buff1_used && z$r_buff1_thd3 ? FALSE : z$w_buff1_used;
                                  ^
                   (                               )
mix055_rmo.opt_false-unreach-call.c:209:71: warning: '&&' within '||' [-Wlogical-op-parentheses]
  z$w_buff1_used = z$w_buff0_used && z$r_buff0_thd3 || z$w_buff1_used && z$r_buff1_thd3 ? FALSE : z$w_buff1_used;
                                                    ~~ ~~~~~~~~~~~~~~~^~~~~~~~~~~~~~~~~
mix055_rmo.opt_false-unreach-call.c:209:71: note: place parentheses around the '&&' expression to silence this warning
  z$w_buff1_used = z$w_buff0_used && z$r_buff0_thd3 || z$w_buff1_used && z$r_buff1_thd3 ? FALSE : z$w_buff1_used;
                                                                      ^
                                                       (                               )
mix055_rmo.opt_false-unreach-call.c:211:35: warning: '&&' within '||' [-Wlogical-op-parentheses]
  z$r_buff1_thd3 = z$w_buff0_used && z$r_buff0_thd3 || z$w_buff1_used && z$r_buff1_thd3 ? FALSE : z$r_buff1_thd3;
                   ~~~~~~~~~~~~~~~^~~~~~~~~~~~~~~~~ ~~
mix055_rmo.opt_false-unreach-call.c:211:35: note: place parentheses around the '&&' expression to silence this warning
  z$r_buff1_thd3 = z$w_buff0_used && z$r_buff0_thd3 || z$w_buff1_used && z$r_buff1_thd3 ? FALSE : z$r_buff1_thd3;
                                  ^
                   (                               )
mix055_rmo.opt_false-unreach-call.c:211:71: warning: '&&' within '||' [-Wlogical-op-parentheses]
  z$r_buff1_thd3 = z$w_buff0_used && z$r_buff0_thd3 || z$w_buff1_used && z$r_buff1_thd3 ? FALSE : z$r_buff1_thd3;
                                                    ~~ ~~~~~~~~~~~~~~~^~~~~~~~~~~~~~~~~
mix055_rmo.opt_false-unreach-call.c:211:71: note: place parentheses around the '&&' expression to silence this warning
  z$r_buff1_thd3 = z$w_buff0_used && z$r_buff0_thd3 || z$w_buff1_used && z$r_buff1_thd3 ? FALSE : z$r_buff1_thd3;
                                                                      ^
                                                       (                               )
mix055_rmo.opt_false-unreach-call.c:216:10: warning: incompatible integer to pointer conversion returning 'int' from a function with result type 'void *' [-Wint-conversion]
  return nondet_0();
         ^~~~~~~~~~
mix055_rmo.opt_false-unreach-call.c:242:35: warning: '&&' within '||' [-Wlogical-op-parentheses]
  z$w_buff1_used = z$w_buff0_used && z$r_buff0_thd4 || z$w_buff1_used && z$r_buff1_thd4 ? FALSE : z$w_buff1_used;
                   ~~~~~~~~~~~~~~~^~~~~~~~~~~~~~~~~ ~~
mix055_rmo.opt_false-unreach-call.c:242:35: note: place parentheses around the '&&' expression to silence this warning
  z$w_buff1_used = z$w_buff0_used && z$r_buff0_thd4 || z$w_buff1_used && z$r_buff1_thd4 ? FALSE : z$w_buff1_used;
                                  ^
                   (                               )
mix055_rmo.opt_false-unreach-call.c:242:71: warning: '&&' within '||' [-Wlogical-op-parentheses]
  z$w_buff1_used = z$w_buff0_used && z$r_buff0_thd4 || z$w_buff1_used && z$r_buff1_thd4 ? FALSE : z$w_buff1_used;
                                                    ~~ ~~~~~~~~~~~~~~~^~~~~~~~~~~~~~~~~
mix055_rmo.opt_false-unreach-call.c:242:71: note: place parentheses around the '&&' expression to silence this warning
  z$w_buff1_used = z$w_buff0_used && z$r_buff0_thd4 || z$w_buff1_used && z$r_buff1_thd4 ? FALSE : z$w_buff1_used;
                                                                      ^
                                                       (                               )
mix055_rmo.opt_false-unreach-call.c:244:35: warning: '&&' within '||' [-Wlogical-op-parentheses]
  z$r_buff1_thd4 = z$w_buff0_used && z$r_buff0_thd4 || z$w_buff1_used && z$r_buff1_thd4 ? FALSE : z$r_buff1_thd4;
                   ~~~~~~~~~~~~~~~^~~~~~~~~~~~~~~~~ ~~
mix055_rmo.opt_false-unreach-call.c:244:35: note: place parentheses around the '&&' expression to silence this warning
  z$r_buff1_thd4 = z$w_buff0_used && z$r_buff0_thd4 || z$w_buff1_used && z$r_buff1_thd4 ? FALSE : z$r_buff1_thd4;
                                  ^
                   (                               )
mix055_rmo.opt_false-unreach-call.c:244:71: warning: '&&' within '||' [-Wlogical-op-parentheses]
  z$r_buff1_thd4 = z$w_buff0_used && z$r_buff0_thd4 || z$w_buff1_used && z$r_buff1_thd4 ? FALSE : z$r_buff1_thd4;
                                                    ~~ ~~~~~~~~~~~~~~~^~~~~~~~~~~~~~~~~
mix055_rmo.opt_false-unreach-call.c:244:71: note: place parentheses around the '&&' expression to silence this warning
  z$r_buff1_thd4 = z$w_buff0_used && z$r_buff0_thd4 || z$w_buff1_used && z$r_buff1_thd4 ? FALSE : z$r_buff1_thd4;
                                                                      ^
                                                       (                               )
mix055_rmo.opt_false-unreach-call.c:249:10: warning: incompatible integer to pointer conversion returning 'int' from a function with result type 'void *' [-Wint-conversion]
  return nondet_0();
         ^~~~~~~~~~
mix055_rmo.opt_false-unreach-call.c:277:38: warning: null passed to a callee which requires a non-null argument [-Wnonnull]
  pthread_create(NULL, NULL, P0, NULL);
                 ~~~~                ^
mix055_rmo.opt_false-unreach-call.c:278:38: warning: null passed to a callee which requires a non-null argument [-Wnonnull]
  pthread_create(NULL, NULL, P1, NULL);
                 ~~~~                ^
mix055_rmo.opt_false-unreach-call.c:279:38: warning: null passed to a callee which requires a non-null argument [-Wnonnull]
  pthread_create(NULL, NULL, P2, NULL);
                 ~~~~                ^
mix055_rmo.opt_false-unreach-call.c:280:38: warning: null passed to a callee which requires a non-null argument [-Wnonnull]
  pthread_create(NULL, NULL, P3, NULL);
                 ~~~~                ^
mix055_rmo.opt_false-unreach-call.c:288:35: warning: '&&' within '||' [-Wlogical-op-parentheses]
  z$w_buff1_used = z$w_buff0_used && z$r_buff0_thd0 || z$w_buff1_used && z$r_buff1_thd0 ? FALSE : z$w_buff1_used;
                   ~~~~~~~~~~~~~~~^~~~~~~~~~~~~~~~~ ~~
mix055_rmo.opt_false-unreach-call.c:288:35: note: place parentheses around the '&&' expression to silence this warning
  z$w_buff1_used = z$w_buff0_used && z$r_buff0_thd0 || z$w_buff1_used && z$r_buff1_thd0 ? FALSE : z$w_buff1_used;
                                  ^
                   (                               )
mix055_rmo.opt_false-unreach-call.c:288:71: warning: '&&' within '||' [-Wlogical-op-parentheses]
  z$w_buff1_used = z$w_buff0_used && z$r_buff0_thd0 || z$w_buff1_used && z$r_buff1_thd0 ? FALSE : z$w_buff1_used;
                                                    ~~ ~~~~~~~~~~~~~~~^~~~~~~~~~~~~~~~~
mix055_rmo.opt_false-unreach-call.c:288:71: note: place parentheses around the '&&' expression to silence this warning
  z$w_buff1_used = z$w_buff0_used && z$r_buff0_thd0 || z$w_buff1_used && z$r_buff1_thd0 ? FALSE : z$w_buff1_used;
                                                                      ^
                                                       (                               )
mix055_rmo.opt_false-unreach-call.c:290:35: warning: '&&' within '||' [-Wlogical-op-parentheses]
  z$r_buff1_thd0 = z$w_buff0_used && z$r_buff0_thd0 || z$w_buff1_used && z$r_buff1_thd0 ? FALSE : z$r_buff1_thd0;
                   ~~~~~~~~~~~~~~~^~~~~~~~~~~~~~~~~ ~~
mix055_rmo.opt_false-unreach-call.c:290:35: note: place parentheses around the '&&' expression to silence this warning
  z$r_buff1_thd0 = z$w_buff0_used && z$r_buff0_thd0 || z$w_buff1_used && z$r_buff1_thd0 ? FALSE : z$r_buff1_thd0;
                                  ^
                   (                               )
mix055_rmo.opt_false-unreach-call.c:290:71: warning: '&&' within '||' [-Wlogical-op-parentheses]
  z$r_buff1_thd0 = z$w_buff0_used && z$r_buff0_thd0 || z$w_buff1_used && z$r_buff1_thd0 ? FALSE : z$r_buff1_thd0;
                                                    ~~ ~~~~~~~~~~~~~~~^~~~~~~~~~~~~~~~~
mix055_rmo.opt_false-unreach-call.c:290:71: note: place parentheses around the '&&' expression to silence this warning
  z$r_buff1_thd0 = z$w_buff0_used && z$r_buff0_thd0 || z$w_buff1_used && z$r_buff1_thd0 ? FALSE : z$r_buff1_thd0;
                                                                      ^
                                                       (                               )
mix055_rmo.opt_false-unreach-call.c:294:19: warning: implicit declaration of function 'nondet_1' is invalid in C99 [-Wimplicit-function-declaration]
  weak$$choice0 = nondet_1();
                  ^
mix055_rmo.opt_false-unreach-call.c:302:42: warning: '&&' within '||' [-Wlogical-op-parentheses]
  z = !z$w_buff0_used || !z$r_buff0_thd0 && !z$w_buff1_used || !z$r_buff0_thd0 && !z$r_buff1_thd0 ? z : (z$w_buff0_used && z$r_buff0_thd0 ? z$w_buff0 : z$w_buff1);
                      ~~ ~~~~~~~~~~~~~~~~^~~~~~~~~~~~~~~~~~
mix055_rmo.opt_false-unreach-call.c:302:42: note: place parentheses around the '&&' expression to silence this warning
  z = !z$w_buff0_used || !z$r_buff0_thd0 && !z$w_buff1_used || !z$r_buff0_thd0 && !z$r_buff1_thd0 ? z : (z$w_buff0_used && z$r_buff0_thd0 ? z$w_buff0 : z$w_buff1);
                                         ^
                         (                                 )
mix055_rmo.opt_false-unreach-call.c:302:80: warning: '&&' within '||' [-Wlogical-op-parentheses]
  z = !z$w_buff0_used || !z$r_buff0_thd0 && !z$w_buff1_used || !z$r_buff0_thd0 && !z$r_buff1_thd0 ? z : (z$w_buff0_used && z$r_buff0_thd0 ? z$w_buff0 : z$w_buff1);
                                                            ~~ ~~~~~~~~~~~~~~~~^~~~~~~~~~~~~~~~~~
mix055_rmo.opt_false-unreach-call.c:302:80: note: place parentheses around the '&&' expression to silence this warning
  z = !z$w_buff0_used || !z$r_buff0_thd0 && !z$w_buff1_used || !z$r_buff0_thd0 && !z$r_buff1_thd0 ? z : (z$w_buff0_used && z$r_buff0_thd0 ? z$w_buff0 : z$w_buff1);
                                                                               ^
                                                               (                                 )
mix055_rmo.opt_false-unreach-call.c:304:79: warning: '&&' within '||' [-Wlogical-op-parentheses]
  z$w_buff0 = weak$$choice2 ? z$w_buff0 : (!z$w_buff0_used || !z$r_buff0_thd0 && !z$w_buff1_used || !z$r_buff0_thd0 && !z$r_buff1_thd0 ? z$w_buff0 : (z$w_buff0_used && z$r_buff0_thd0 ? z$w_buff0 : z$w_buff0));
                                                           ~~ ~~~~~~~~~~~~~~~~^~~~~~~~~~~~~~~~~~
mix055_rmo.opt_false-unreach-call.c:304:79: note: place parentheses around the '&&' expression to silence this warning
  z$w_buff0 = weak$$choice2 ? z$w_buff0 : (!z$w_buff0_used || !z$r_buff0_thd0 && !z$w_buff1_used || !z$r_buff0_thd0 && !z$r_buff1_thd0 ? z$w_buff0 : (z$w_buff0_used && z$r_buff0_thd0 ? z$w_buff0 : z$w_buff0));
                                                                              ^
                                                              (                                 )
mix055_rmo.opt_false-unreach-call.c:304:117: warning: '&&' within '||' [-Wlogical-op-parentheses]
  z$w_buff0 = weak$$choice2 ? z$w_buff0 : (!z$w_buff0_used || !z$r_buff0_thd0 && !z$w_buff1_used || !z$r_buff0_thd0 && !z$r_buff1_thd0 ? z$w_buff0 : (z$w_buff0_used && z$r_buff0_thd0 ? z$w_buff0 : z$w_buff0));
                                                                                                 ~~ ~~~~~~~~~~~~~~~~^~~~~~~~~~~~~~~~~~
mix055_rmo.opt_false-unreach-call.c:304:117: note: place parentheses around the '&&' expression to silence this warning
  z$w_buff0 = weak$$choice2 ? z$w_buff0 : (!z$w_buff0_used || !z$r_buff0_thd0 && !z$w_buff1_used || !z$r_buff0_thd0 && !z$r_buff1_thd0 ? z$w_buff0 : (z$w_buff0_used && z$r_buff0_thd0 ? z$w_buff0 : z$w_buff0));
                                                                                                                    ^
                                                                                                    (                                 )
mix055_rmo.opt_false-unreach-call.c:306:79: warning: '&&' within '||' [-Wlogical-op-parentheses]
  z$w_buff1 = weak$$choice2 ? z$w_buff1 : (!z$w_buff0_used || !z$r_buff0_thd0 && !z$w_buff1_used || !z$r_buff0_thd0 && !z$r_buff1_thd0 ? z$w_buff1 : (z$w_buff0_used && z$r_buff0_thd0 ? z$w_buff1 : z$w_buff1));
                                                           ~~ ~~~~~~~~~~~~~~~~^~~~~~~~~~~~~~~~~~
mix055_rmo.opt_false-unreach-call.c:306:79: note: place parentheses around the '&&' expression to silence this warning
  z$w_buff1 = weak$$choice2 ? z$w_buff1 : (!z$w_buff0_used || !z$r_buff0_thd0 && !z$w_buff1_used || !z$r_buff0_thd0 && !z$r_buff1_thd0 ? z$w_buff1 : (z$w_buff0_used && z$r_buff0_thd0 ? z$w_buff1 : z$w_buff1));
                                                                              ^
                                                              (                                 )
mix055_rmo.opt_false-unreach-call.c:306:117: warning: '&&' within '||' [-Wlogical-op-parentheses]
  z$w_buff1 = weak$$choice2 ? z$w_buff1 : (!z$w_buff0_used || !z$r_buff0_thd0 && !z$w_buff1_used || !z$r_buff0_thd0 && !z$r_buff1_thd0 ? z$w_buff1 : (z$w_buff0_used && z$r_buff0_thd0 ? z$w_buff1 : z$w_buff1));
                                                                                                 ~~ ~~~~~~~~~~~~~~~~^~~~~~~~~~~~~~~~~~
mix055_rmo.opt_false-unreach-call.c:306:117: note: place parentheses around the '&&' expression to silence this warning
  z$w_buff1 = weak$$choice2 ? z$w_buff1 : (!z$w_buff0_used || !z$r_buff0_thd0 && !z$w_buff1_used || !z$r_buff0_thd0 && !z$r_buff1_thd0 ? z$w_buff1 : (z$w_buff0_used && z$r_buff0_thd0 ? z$w_buff1 : z$w_buff1));
                                                                                                                    ^
                                                                                                    (                                 )
mix055_rmo.opt_false-unreach-call.c:308:89: warning: '&&' within '||' [-Wlogical-op-parentheses]
  z$w_buff0_used = weak$$choice2 ? z$w_buff0_used : (!z$w_buff0_used || !z$r_buff0_thd0 && !z$w_buff1_used || !z$r_buff0_thd0 && !z$r_buff1_thd0 ? z$w_buff0_used : (z$w_buff0_used && z$r_buff0_thd0 ? FALSE : z$w_buff0_used));
                                                                     ~~ ~~~~~~~~~~~~~~~~^~~~~~~~~~~~~~~~~~
mix055_rmo.opt_false-unreach-call.c:308:89: note: place parentheses around the '&&' expression to silence this warning
  z$w_buff0_used = weak$$choice2 ? z$w_buff0_used : (!z$w_buff0_used || !z$r_buff0_thd0 && !z$w_buff1_used || !z$r_buff0_thd0 && !z$r_buff1_thd0 ? z$w_buff0_used : (z$w_buff0_used && z$r_buff0_thd0 ? FALSE : z$w_buff0_used));
                                                                                        ^
                                                                        (                                 )
mix055_rmo.opt_false-unreach-call.c:308:127: warning: '&&' within '||' [-Wlogical-op-parentheses]
  z$w_buff0_used = weak$$choice2 ? z$w_buff0_used : (!z$w_buff0_used || !z$r_buff0_thd0 && !z$w_buff1_used || !z$r_buff0_thd0 && !z$r_buff1_thd0 ? z$w_buff0_used : (z$w_buff0_used && z$r_buff0_thd0 ? FALSE : z$w_buff0_used));
                                                                                                           ~~ ~~~~~~~~~~~~~~~~^~~~~~~~~~~~~~~~~~
mix055_rmo.opt_false-unreach-call.c:308:127: note: place parentheses around the '&&' expression to silence this warning
  z$w_buff0_used = weak$$choice2 ? z$w_buff0_used : (!z$w_buff0_used || !z$r_buff0_thd0 && !z$w_buff1_used || !z$r_buff0_thd0 && !z$r_buff1_thd0 ? z$w_buff0_used : (z$w_buff0_used && z$r_buff0_thd0 ? FALSE : z$w_buff0_used));
                                                                                                                              ^
                                                                                                              (                                 )
mix055_rmo.opt_false-unreach-call.c:310:89: warning: '&&' within '||' [-Wlogical-op-parentheses]
  z$w_buff1_used = weak$$choice2 ? z$w_buff1_used : (!z$w_buff0_used || !z$r_buff0_thd0 && !z$w_buff1_used || !z$r_buff0_thd0 && !z$r_buff1_thd0 ? z$w_buff1_used : (z$w_buff0_used && z$r_buff0_thd0 ? FALSE : FALSE));
                                                                     ~~ ~~~~~~~~~~~~~~~~^~~~~~~~~~~~~~~~~~
mix055_rmo.opt_false-unreach-call.c:310:89: note: place parentheses around the '&&' expression to silence this warning
  z$w_buff1_used = weak$$choice2 ? z$w_buff1_used : (!z$w_buff0_used || !z$r_buff0_thd0 && !z$w_buff1_used || !z$r_buff0_thd0 && !z$r_buff1_thd0 ? z$w_buff1_used : (z$w_buff0_used && z$r_buff0_thd0 ? FALSE : FALSE));
                                                                                        ^
                                                                        (                                 )
mix055_rmo.opt_false-unreach-call.c:310:127: warning: '&&' within '||' [-Wlogical-op-parentheses]
  z$w_buff1_used = weak$$choice2 ? z$w_buff1_used : (!z$w_buff0_used || !z$r_buff0_thd0 && !z$w_buff1_used || !z$r_buff0_thd0 && !z$r_buff1_thd0 ? z$w_buff1_used : (z$w_buff0_used && z$r_buff0_thd0 ? FALSE : FALSE));
                                                                                                           ~~ ~~~~~~~~~~~~~~~~^~~~~~~~~~~~~~~~~~
mix055_rmo.opt_false-unreach-call.c:310:127: note: place parentheses around the '&&' expression to silence this warning
  z$w_buff1_used = weak$$choice2 ? z$w_buff1_used : (!z$w_buff0_used || !z$r_buff0_thd0 && !z$w_buff1_used || !z$r_buff0_thd0 && !z$r_buff1_thd0 ? z$w_buff1_used : (z$w_buff0_used && z$r_buff0_thd0 ? FALSE : FALSE));
                                                                                                                              ^
                                                                                                              (                                 )
mix055_rmo.opt_false-unreach-call.c:312:89: warning: '&&' within '||' [-Wlogical-op-parentheses]
  z$r_buff0_thd0 = weak$$choice2 ? z$r_buff0_thd0 : (!z$w_buff0_used || !z$r_buff0_thd0 && !z$w_buff1_used || !z$r_buff0_thd0 && !z$r_buff1_thd0 ? z$r_buff0_thd0 : (z$w_buff0_used && z$r_buff0_thd0 ? FALSE : z$r_buff0_thd0));
                                                                     ~~ ~~~~~~~~~~~~~~~~^~~~~~~~~~~~~~~~~~
mix055_rmo.opt_false-unreach-call.c:312:89: note: place parentheses around the '&&' expression to silence this warning
  z$r_buff0_thd0 = weak$$choice2 ? z$r_buff0_thd0 : (!z$w_buff0_used || !z$r_buff0_thd0 && !z$w_buff1_used || !z$r_buff0_thd0 && !z$r_buff1_thd0 ? z$r_buff0_thd0 : (z$w_buff0_used && z$r_buff0_thd0 ? FALSE : z$r_buff0_thd0));
                                                                                        ^
                                                                        (                                 )
mix055_rmo.opt_false-unreach-call.c:312:127: warning: '&&' within '||' [-Wlogical-op-parentheses]
  z$r_buff0_thd0 = weak$$choice2 ? z$r_buff0_thd0 : (!z$w_buff0_used || !z$r_buff0_thd0 && !z$w_buff1_used || !z$r_buff0_thd0 && !z$r_buff1_thd0 ? z$r_buff0_thd0 : (z$w_buff0_used && z$r_buff0_thd0 ? FALSE : z$r_buff0_thd0));
                                                                                                           ~~ ~~~~~~~~~~~~~~~~^~~~~~~~~~~~~~~~~~
mix055_rmo.opt_false-unreach-call.c:312:127: note: place parentheses around the '&&' expression to silence this warning
  z$r_buff0_thd0 = weak$$choice2 ? z$r_buff0_thd0 : (!z$w_buff0_used || !z$r_buff0_thd0 && !z$w_buff1_used || !z$r_buff0_thd0 && !z$r_buff1_thd0 ? z$r_buff0_thd0 : (z$w_buff0_used && z$r_buff0_thd0 ? FALSE : z$r_buff0_thd0));
                                                                                                                              ^
                                                                                                              (                                 )
mix055_rmo.opt_false-unreach-call.c:314:89: warning: '&&' within '||' [-Wlogical-op-parentheses]
  z$r_buff1_thd0 = weak$$choice2 ? z$r_buff1_thd0 : (!z$w_buff0_used || !z$r_buff0_thd0 && !z$w_buff1_used || !z$r_buff0_thd0 && !z$r_buff1_thd0 ? z$r_buff1_thd0 : (z$w_buff0_used && z$r_buff0_thd0 ? FALSE : FALSE));
                                                                     ~~ ~~~~~~~~~~~~~~~~^~~~~~~~~~~~~~~~~~
mix055_rmo.opt_false-unreach-call.c:314:89: note: place parentheses around the '&&' expression to silence this warning
  z$r_buff1_thd0 = weak$$choice2 ? z$r_buff1_thd0 : (!z$w_buff0_used || !z$r_buff0_thd0 && !z$w_buff1_used || !z$r_buff0_thd0 && !z$r_buff1_thd0 ? z$r_buff1_thd0 : (z$w_buff0_used && z$r_buff0_thd0 ? FALSE : FALSE));
                                                                                        ^
                                                                        (                                 )
mix055_rmo.opt_false-unreach-call.c:314:127: warning: '&&' within '||' [-Wlogical-op-parentheses]
  z$r_buff1_thd0 = weak$$choice2 ? z$r_buff1_thd0 : (!z$w_buff0_used || !z$r_buff0_thd0 && !z$w_buff1_used || !z$r_buff0_thd0 && !z$r_buff1_thd0 ? z$r_buff1_thd0 : (z$w_buff0_used && z$r_buff0_thd0 ? FALSE : FALSE));
                                                                                                           ~~ ~~~~~~~~~~~~~~~~^~~~~~~~~~~~~~~~~~
mix055_rmo.opt_false-unreach-call.c:314:127: note: place parentheses around the '&&' expression to silence this warning
  z$r_buff1_thd0 = weak$$choice2 ? z$r_buff1_thd0 : (!z$w_buff0_used || !z$r_buff0_thd0 && !z$w_buff1_used || !z$r_buff0_thd0 && !z$r_buff1_thd0 ? z$r_buff1_thd0 : (z$w_buff0_used && z$r_buff0_thd0 ? FALSE : FALSE));
                                                                                                                              ^
                                                                                                              (                                 )
37 warnings generated.
