mix033_power.oepc_false-unreach-call.c:4:34: warning: implicit declaration of function '__VERIFIER_assume' is invalid in C99 [-Wimplicit-function-declaration]
void __VERIFIER_atomic_begin() { __VERIFIER_assume(__global_lock==0); __global_lock=1; return; }
                                 ^
mix033_power.oepc_false-unreach-call.c:191:35: warning: '&&' within '||' [-Wlogical-op-parentheses]
  b$w_buff1_used = b$w_buff0_used && b$r_buff0_thd1 || b$w_buff1_used && b$r_buff1_thd1 ? FALSE : b$w_buff1_used;
                   ~~~~~~~~~~~~~~~^~~~~~~~~~~~~~~~~ ~~
mix033_power.oepc_false-unreach-call.c:191:35: note: place parentheses around the '&&' expression to silence this warning
  b$w_buff1_used = b$w_buff0_used && b$r_buff0_thd1 || b$w_buff1_used && b$r_buff1_thd1 ? FALSE : b$w_buff1_used;
                                  ^
                   (                               )
mix033_power.oepc_false-unreach-call.c:191:71: warning: '&&' within '||' [-Wlogical-op-parentheses]
  b$w_buff1_used = b$w_buff0_used && b$r_buff0_thd1 || b$w_buff1_used && b$r_buff1_thd1 ? FALSE : b$w_buff1_used;
                                                    ~~ ~~~~~~~~~~~~~~~^~~~~~~~~~~~~~~~~
mix033_power.oepc_false-unreach-call.c:191:71: note: place parentheses around the '&&' expression to silence this warning
  b$w_buff1_used = b$w_buff0_used && b$r_buff0_thd1 || b$w_buff1_used && b$r_buff1_thd1 ? FALSE : b$w_buff1_used;
                                                                      ^
                                                       (                               )
mix033_power.oepc_false-unreach-call.c:193:35: warning: '&&' within '||' [-Wlogical-op-parentheses]
  b$r_buff1_thd1 = b$w_buff0_used && b$r_buff0_thd1 || b$w_buff1_used && b$r_buff1_thd1 ? FALSE : b$r_buff1_thd1;
                   ~~~~~~~~~~~~~~~^~~~~~~~~~~~~~~~~ ~~
mix033_power.oepc_false-unreach-call.c:193:35: note: place parentheses around the '&&' expression to silence this warning
  b$r_buff1_thd1 = b$w_buff0_used && b$r_buff0_thd1 || b$w_buff1_used && b$r_buff1_thd1 ? FALSE : b$r_buff1_thd1;
                                  ^
                   (                               )
mix033_power.oepc_false-unreach-call.c:193:71: warning: '&&' within '||' [-Wlogical-op-parentheses]
  b$r_buff1_thd1 = b$w_buff0_used && b$r_buff0_thd1 || b$w_buff1_used && b$r_buff1_thd1 ? FALSE : b$r_buff1_thd1;
                                                    ~~ ~~~~~~~~~~~~~~~^~~~~~~~~~~~~~~~~
mix033_power.oepc_false-unreach-call.c:193:71: note: place parentheses around the '&&' expression to silence this warning
  b$r_buff1_thd1 = b$w_buff0_used && b$r_buff0_thd1 || b$w_buff1_used && b$r_buff1_thd1 ? FALSE : b$r_buff1_thd1;
                                                                      ^
                                                       (                               )
mix033_power.oepc_false-unreach-call.c:198:10: warning: implicit declaration of function 'nondet_0' is invalid in C99 [-Wimplicit-function-declaration]
  return nondet_0();
         ^
mix033_power.oepc_false-unreach-call.c:198:10: warning: incompatible integer to pointer conversion returning 'int' from a function with result type 'void *' [-Wint-conversion]
  return nondet_0();
         ^~~~~~~~~~
mix033_power.oepc_false-unreach-call.c:220:35: warning: '&&' within '||' [-Wlogical-op-parentheses]
  b$w_buff1_used = b$w_buff0_used && b$r_buff0_thd2 || b$w_buff1_used && b$r_buff1_thd2 ? FALSE : b$w_buff1_used;
                   ~~~~~~~~~~~~~~~^~~~~~~~~~~~~~~~~ ~~
mix033_power.oepc_false-unreach-call.c:220:35: note: place parentheses around the '&&' expression to silence this warning
  b$w_buff1_used = b$w_buff0_used && b$r_buff0_thd2 || b$w_buff1_used && b$r_buff1_thd2 ? FALSE : b$w_buff1_used;
                                  ^
                   (                               )
mix033_power.oepc_false-unreach-call.c:220:71: warning: '&&' within '||' [-Wlogical-op-parentheses]
  b$w_buff1_used = b$w_buff0_used && b$r_buff0_thd2 || b$w_buff1_used && b$r_buff1_thd2 ? FALSE : b$w_buff1_used;
                                                    ~~ ~~~~~~~~~~~~~~~^~~~~~~~~~~~~~~~~
mix033_power.oepc_false-unreach-call.c:220:71: note: place parentheses around the '&&' expression to silence this warning
  b$w_buff1_used = b$w_buff0_used && b$r_buff0_thd2 || b$w_buff1_used && b$r_buff1_thd2 ? FALSE : b$w_buff1_used;
                                                                      ^
                                                       (                               )
mix033_power.oepc_false-unreach-call.c:222:35: warning: '&&' within '||' [-Wlogical-op-parentheses]
  b$r_buff1_thd2 = b$w_buff0_used && b$r_buff0_thd2 || b$w_buff1_used && b$r_buff1_thd2 ? FALSE : b$r_buff1_thd2;
                   ~~~~~~~~~~~~~~~^~~~~~~~~~~~~~~~~ ~~
mix033_power.oepc_false-unreach-call.c:222:35: note: place parentheses around the '&&' expression to silence this warning
  b$r_buff1_thd2 = b$w_buff0_used && b$r_buff0_thd2 || b$w_buff1_used && b$r_buff1_thd2 ? FALSE : b$r_buff1_thd2;
                                  ^
                   (                               )
mix033_power.oepc_false-unreach-call.c:222:71: warning: '&&' within '||' [-Wlogical-op-parentheses]
  b$r_buff1_thd2 = b$w_buff0_used && b$r_buff0_thd2 || b$w_buff1_used && b$r_buff1_thd2 ? FALSE : b$r_buff1_thd2;
                                                    ~~ ~~~~~~~~~~~~~~~^~~~~~~~~~~~~~~~~
mix033_power.oepc_false-unreach-call.c:222:71: note: place parentheses around the '&&' expression to silence this warning
  b$r_buff1_thd2 = b$w_buff0_used && b$r_buff0_thd2 || b$w_buff1_used && b$r_buff1_thd2 ? FALSE : b$r_buff1_thd2;
                                                                      ^
                                                       (                               )
mix033_power.oepc_false-unreach-call.c:227:10: warning: incompatible integer to pointer conversion returning 'int' from a function with result type 'void *' [-Wint-conversion]
  return nondet_0();
         ^~~~~~~~~~
mix033_power.oepc_false-unreach-call.c:244:19: warning: implicit declaration of function 'nondet_1' is invalid in C99 [-Wimplicit-function-declaration]
  weak$$choice0 = nondet_1();
                  ^
mix033_power.oepc_false-unreach-call.c:248:42: warning: '&&' within '||' [-Wlogical-op-parentheses]
  b = !b$w_buff0_used || !b$r_buff0_thd3 && !b$w_buff1_used || !b$r_buff0_thd3 && !b$r_buff1_thd3 ? b : (b$w_buff0_used && b$r_buff0_thd3 ? b$w_buff0 : b$w_buff1);
                      ~~ ~~~~~~~~~~~~~~~~^~~~~~~~~~~~~~~~~~
mix033_power.oepc_false-unreach-call.c:248:42: note: place parentheses around the '&&' expression to silence this warning
  b = !b$w_buff0_used || !b$r_buff0_thd3 && !b$w_buff1_used || !b$r_buff0_thd3 && !b$r_buff1_thd3 ? b : (b$w_buff0_used && b$r_buff0_thd3 ? b$w_buff0 : b$w_buff1);
                                         ^
                         (                                 )
mix033_power.oepc_false-unreach-call.c:248:80: warning: '&&' within '||' [-Wlogical-op-parentheses]
  b = !b$w_buff0_used || !b$r_buff0_thd3 && !b$w_buff1_used || !b$r_buff0_thd3 && !b$r_buff1_thd3 ? b : (b$w_buff0_used && b$r_buff0_thd3 ? b$w_buff0 : b$w_buff1);
                                                            ~~ ~~~~~~~~~~~~~~~~^~~~~~~~~~~~~~~~~~
mix033_power.oepc_false-unreach-call.c:248:80: note: place parentheses around the '&&' expression to silence this warning
  b = !b$w_buff0_used || !b$r_buff0_thd3 && !b$w_buff1_used || !b$r_buff0_thd3 && !b$r_buff1_thd3 ? b : (b$w_buff0_used && b$r_buff0_thd3 ? b$w_buff0 : b$w_buff1);
                                                                               ^
                                                               (                                 )
mix033_power.oepc_false-unreach-call.c:249:79: warning: '&&' within '||' [-Wlogical-op-parentheses]
  b$w_buff0 = weak$$choice2 ? b$w_buff0 : (!b$w_buff0_used || !b$r_buff0_thd3 && !b$w_buff1_used || !b$r_buff0_thd3 && !b$r_buff1_thd3 ? b$w_buff0 : (b$w_buff0_used && b$r_buff0_thd3 ? b$w_buff0 : b$w_buff0));
                                                           ~~ ~~~~~~~~~~~~~~~~^~~~~~~~~~~~~~~~~~
mix033_power.oepc_false-unreach-call.c:249:79: note: place parentheses around the '&&' expression to silence this warning
  b$w_buff0 = weak$$choice2 ? b$w_buff0 : (!b$w_buff0_used || !b$r_buff0_thd3 && !b$w_buff1_used || !b$r_buff0_thd3 && !b$r_buff1_thd3 ? b$w_buff0 : (b$w_buff0_used && b$r_buff0_thd3 ? b$w_buff0 : b$w_buff0));
                                                                              ^
                                                              (                                 )
mix033_power.oepc_false-unreach-call.c:249:117: warning: '&&' within '||' [-Wlogical-op-parentheses]
  b$w_buff0 = weak$$choice2 ? b$w_buff0 : (!b$w_buff0_used || !b$r_buff0_thd3 && !b$w_buff1_used || !b$r_buff0_thd3 && !b$r_buff1_thd3 ? b$w_buff0 : (b$w_buff0_used && b$r_buff0_thd3 ? b$w_buff0 : b$w_buff0));
                                                                                                 ~~ ~~~~~~~~~~~~~~~~^~~~~~~~~~~~~~~~~~
mix033_power.oepc_false-unreach-call.c:249:117: note: place parentheses around the '&&' expression to silence this warning
  b$w_buff0 = weak$$choice2 ? b$w_buff0 : (!b$w_buff0_used || !b$r_buff0_thd3 && !b$w_buff1_used || !b$r_buff0_thd3 && !b$r_buff1_thd3 ? b$w_buff0 : (b$w_buff0_used && b$r_buff0_thd3 ? b$w_buff0 : b$w_buff0));
                                                                                                                    ^
                                                                                                    (                                 )
mix033_power.oepc_false-unreach-call.c:250:79: warning: '&&' within '||' [-Wlogical-op-parentheses]
  b$w_buff1 = weak$$choice2 ? b$w_buff1 : (!b$w_buff0_used || !b$r_buff0_thd3 && !b$w_buff1_used || !b$r_buff0_thd3 && !b$r_buff1_thd3 ? b$w_buff1 : (b$w_buff0_used && b$r_buff0_thd3 ? b$w_buff1 : b$w_buff1));
                                                           ~~ ~~~~~~~~~~~~~~~~^~~~~~~~~~~~~~~~~~
mix033_power.oepc_false-unreach-call.c:250:79: note: place parentheses around the '&&' expression to silence this warning
  b$w_buff1 = weak$$choice2 ? b$w_buff1 : (!b$w_buff0_used || !b$r_buff0_thd3 && !b$w_buff1_used || !b$r_buff0_thd3 && !b$r_buff1_thd3 ? b$w_buff1 : (b$w_buff0_used && b$r_buff0_thd3 ? b$w_buff1 : b$w_buff1));
                                                                              ^
                                                              (                                 )
mix033_power.oepc_false-unreach-call.c:250:117: warning: '&&' within '||' [-Wlogical-op-parentheses]
  b$w_buff1 = weak$$choice2 ? b$w_buff1 : (!b$w_buff0_used || !b$r_buff0_thd3 && !b$w_buff1_used || !b$r_buff0_thd3 && !b$r_buff1_thd3 ? b$w_buff1 : (b$w_buff0_used && b$r_buff0_thd3 ? b$w_buff1 : b$w_buff1));
                                                                                                 ~~ ~~~~~~~~~~~~~~~~^~~~~~~~~~~~~~~~~~
mix033_power.oepc_false-unreach-call.c:250:117: note: place parentheses around the '&&' expression to silence this warning
  b$w_buff1 = weak$$choice2 ? b$w_buff1 : (!b$w_buff0_used || !b$r_buff0_thd3 && !b$w_buff1_used || !b$r_buff0_thd3 && !b$r_buff1_thd3 ? b$w_buff1 : (b$w_buff0_used && b$r_buff0_thd3 ? b$w_buff1 : b$w_buff1));
                                                                                                                    ^
                                                                                                    (                                 )
mix033_power.oepc_false-unreach-call.c:251:89: warning: '&&' within '||' [-Wlogical-op-parentheses]
  b$w_buff0_used = weak$$choice2 ? b$w_buff0_used : (!b$w_buff0_used || !b$r_buff0_thd3 && !b$w_buff1_used || !b$r_buff0_thd3 && !b$r_buff1_thd3 ? b$w_buff0_used : (b$w_buff0_used && b$r_buff0_thd3 ? FALSE : b$w_buff0_used));
                                                                     ~~ ~~~~~~~~~~~~~~~~^~~~~~~~~~~~~~~~~~
mix033_power.oepc_false-unreach-call.c:251:89: note: place parentheses around the '&&' expression to silence this warning
  b$w_buff0_used = weak$$choice2 ? b$w_buff0_used : (!b$w_buff0_used || !b$r_buff0_thd3 && !b$w_buff1_used || !b$r_buff0_thd3 && !b$r_buff1_thd3 ? b$w_buff0_used : (b$w_buff0_used && b$r_buff0_thd3 ? FALSE : b$w_buff0_used));
                                                                                        ^
                                                                        (                                 )
mix033_power.oepc_false-unreach-call.c:251:127: warning: '&&' within '||' [-Wlogical-op-parentheses]
  b$w_buff0_used = weak$$choice2 ? b$w_buff0_used : (!b$w_buff0_used || !b$r_buff0_thd3 && !b$w_buff1_used || !b$r_buff0_thd3 && !b$r_buff1_thd3 ? b$w_buff0_used : (b$w_buff0_used && b$r_buff0_thd3 ? FALSE : b$w_buff0_used));
                                                                                                           ~~ ~~~~~~~~~~~~~~~~^~~~~~~~~~~~~~~~~~
mix033_power.oepc_false-unreach-call.c:251:127: note: place parentheses around the '&&' expression to silence this warning
  b$w_buff0_used = weak$$choice2 ? b$w_buff0_used : (!b$w_buff0_used || !b$r_buff0_thd3 && !b$w_buff1_used || !b$r_buff0_thd3 && !b$r_buff1_thd3 ? b$w_buff0_used : (b$w_buff0_used && b$r_buff0_thd3 ? FALSE : b$w_buff0_used));
                                                                                                                              ^
                                                                                                              (                                 )
mix033_power.oepc_false-unreach-call.c:252:89: warning: '&&' within '||' [-Wlogical-op-parentheses]
  b$w_buff1_used = weak$$choice2 ? b$w_buff1_used : (!b$w_buff0_used || !b$r_buff0_thd3 && !b$w_buff1_used || !b$r_buff0_thd3 && !b$r_buff1_thd3 ? b$w_buff1_used : (b$w_buff0_used && b$r_buff0_thd3 ? FALSE : FALSE));
                                                                     ~~ ~~~~~~~~~~~~~~~~^~~~~~~~~~~~~~~~~~
mix033_power.oepc_false-unreach-call.c:252:89: note: place parentheses around the '&&' expression to silence this warning
  b$w_buff1_used = weak$$choice2 ? b$w_buff1_used : (!b$w_buff0_used || !b$r_buff0_thd3 && !b$w_buff1_used || !b$r_buff0_thd3 && !b$r_buff1_thd3 ? b$w_buff1_used : (b$w_buff0_used && b$r_buff0_thd3 ? FALSE : FALSE));
                                                                                        ^
                                                                        (                                 )
mix033_power.oepc_false-unreach-call.c:252:127: warning: '&&' within '||' [-Wlogical-op-parentheses]
  b$w_buff1_used = weak$$choice2 ? b$w_buff1_used : (!b$w_buff0_used || !b$r_buff0_thd3 && !b$w_buff1_used || !b$r_buff0_thd3 && !b$r_buff1_thd3 ? b$w_buff1_used : (b$w_buff0_used && b$r_buff0_thd3 ? FALSE : FALSE));
                                                                                                           ~~ ~~~~~~~~~~~~~~~~^~~~~~~~~~~~~~~~~~
mix033_power.oepc_false-unreach-call.c:252:127: note: place parentheses around the '&&' expression to silence this warning
  b$w_buff1_used = weak$$choice2 ? b$w_buff1_used : (!b$w_buff0_used || !b$r_buff0_thd3 && !b$w_buff1_used || !b$r_buff0_thd3 && !b$r_buff1_thd3 ? b$w_buff1_used : (b$w_buff0_used && b$r_buff0_thd3 ? FALSE : FALSE));
                                                                                                                              ^
                                                                                                              (                                 )
mix033_power.oepc_false-unreach-call.c:253:89: warning: '&&' within '||' [-Wlogical-op-parentheses]
  b$r_buff0_thd3 = weak$$choice2 ? b$r_buff0_thd3 : (!b$w_buff0_used || !b$r_buff0_thd3 && !b$w_buff1_used || !b$r_buff0_thd3 && !b$r_buff1_thd3 ? b$r_buff0_thd3 : (b$w_buff0_used && b$r_buff0_thd3 ? FALSE : b$r_buff0_thd3));
                                                                     ~~ ~~~~~~~~~~~~~~~~^~~~~~~~~~~~~~~~~~
mix033_power.oepc_false-unreach-call.c:253:89: note: place parentheses around the '&&' expression to silence this warning
  b$r_buff0_thd3 = weak$$choice2 ? b$r_buff0_thd3 : (!b$w_buff0_used || !b$r_buff0_thd3 && !b$w_buff1_used || !b$r_buff0_thd3 && !b$r_buff1_thd3 ? b$r_buff0_thd3 : (b$w_buff0_used && b$r_buff0_thd3 ? FALSE : b$r_buff0_thd3));
                                                                                        ^
                                                                        (                                 )
mix033_power.oepc_false-unreach-call.c:253:127: warning: '&&' within '||' [-Wlogical-op-parentheses]
  b$r_buff0_thd3 = weak$$choice2 ? b$r_buff0_thd3 : (!b$w_buff0_used || !b$r_buff0_thd3 && !b$w_buff1_used || !b$r_buff0_thd3 && !b$r_buff1_thd3 ? b$r_buff0_thd3 : (b$w_buff0_used && b$r_buff0_thd3 ? FALSE : b$r_buff0_thd3));
                                                                                                           ~~ ~~~~~~~~~~~~~~~~^~~~~~~~~~~~~~~~~~
mix033_power.oepc_false-unreach-call.c:253:127: note: place parentheses around the '&&' expression to silence this warning
  b$r_buff0_thd3 = weak$$choice2 ? b$r_buff0_thd3 : (!b$w_buff0_used || !b$r_buff0_thd3 && !b$w_buff1_used || !b$r_buff0_thd3 && !b$r_buff1_thd3 ? b$r_buff0_thd3 : (b$w_buff0_used && b$r_buff0_thd3 ? FALSE : b$r_buff0_thd3));
                                                                                                                              ^
                                                                                                              (                                 )
mix033_power.oepc_false-unreach-call.c:254:89: warning: '&&' within '||' [-Wlogical-op-parentheses]
  b$r_buff1_thd3 = weak$$choice2 ? b$r_buff1_thd3 : (!b$w_buff0_used || !b$r_buff0_thd3 && !b$w_buff1_used || !b$r_buff0_thd3 && !b$r_buff1_thd3 ? b$r_buff1_thd3 : (b$w_buff0_used && b$r_buff0_thd3 ? FALSE : FALSE));
                                                                     ~~ ~~~~~~~~~~~~~~~~^~~~~~~~~~~~~~~~~~
mix033_power.oepc_false-unreach-call.c:254:89: note: place parentheses around the '&&' expression to silence this warning
  b$r_buff1_thd3 = weak$$choice2 ? b$r_buff1_thd3 : (!b$w_buff0_used || !b$r_buff0_thd3 && !b$w_buff1_used || !b$r_buff0_thd3 && !b$r_buff1_thd3 ? b$r_buff1_thd3 : (b$w_buff0_used && b$r_buff0_thd3 ? FALSE : FALSE));
                                                                                        ^
                                                                        (                                 )
mix033_power.oepc_false-unreach-call.c:254:127: warning: '&&' within '||' [-Wlogical-op-parentheses]
  b$r_buff1_thd3 = weak$$choice2 ? b$r_buff1_thd3 : (!b$w_buff0_used || !b$r_buff0_thd3 && !b$w_buff1_used || !b$r_buff0_thd3 && !b$r_buff1_thd3 ? b$r_buff1_thd3 : (b$w_buff0_used && b$r_buff0_thd3 ? FALSE : FALSE));
                                                                                                           ~~ ~~~~~~~~~~~~~~~~^~~~~~~~~~~~~~~~~~
mix033_power.oepc_false-unreach-call.c:254:127: note: place parentheses around the '&&' expression to silence this warning
  b$r_buff1_thd3 = weak$$choice2 ? b$r_buff1_thd3 : (!b$w_buff0_used || !b$r_buff0_thd3 && !b$w_buff1_used || !b$r_buff0_thd3 && !b$r_buff1_thd3 ? b$r_buff1_thd3 : (b$w_buff0_used && b$r_buff0_thd3 ? FALSE : FALSE));
                                                                                                                              ^
                                                                                                              (                                 )
mix033_power.oepc_false-unreach-call.c:262:35: warning: '&&' within '||' [-Wlogical-op-parentheses]
  b$w_buff1_used = b$w_buff0_used && b$r_buff0_thd3 || b$w_buff1_used && b$r_buff1_thd3 ? FALSE : b$w_buff1_used;
                   ~~~~~~~~~~~~~~~^~~~~~~~~~~~~~~~~ ~~
mix033_power.oepc_false-unreach-call.c:262:35: note: place parentheses around the '&&' expression to silence this warning
  b$w_buff1_used = b$w_buff0_used && b$r_buff0_thd3 || b$w_buff1_used && b$r_buff1_thd3 ? FALSE : b$w_buff1_used;
                                  ^
                   (                               )
mix033_power.oepc_false-unreach-call.c:262:71: warning: '&&' within '||' [-Wlogical-op-parentheses]
  b$w_buff1_used = b$w_buff0_used && b$r_buff0_thd3 || b$w_buff1_used && b$r_buff1_thd3 ? FALSE : b$w_buff1_used;
                                                    ~~ ~~~~~~~~~~~~~~~^~~~~~~~~~~~~~~~~
mix033_power.oepc_false-unreach-call.c:262:71: note: place parentheses around the '&&' expression to silence this warning
  b$w_buff1_used = b$w_buff0_used && b$r_buff0_thd3 || b$w_buff1_used && b$r_buff1_thd3 ? FALSE : b$w_buff1_used;
                                                                      ^
                                                       (                               )
mix033_power.oepc_false-unreach-call.c:264:35: warning: '&&' within '||' [-Wlogical-op-parentheses]
  b$r_buff1_thd3 = b$w_buff0_used && b$r_buff0_thd3 || b$w_buff1_used && b$r_buff1_thd3 ? FALSE : b$r_buff1_thd3;
                   ~~~~~~~~~~~~~~~^~~~~~~~~~~~~~~~~ ~~
mix033_power.oepc_false-unreach-call.c:264:35: note: place parentheses around the '&&' expression to silence this warning
  b$r_buff1_thd3 = b$w_buff0_used && b$r_buff0_thd3 || b$w_buff1_used && b$r_buff1_thd3 ? FALSE : b$r_buff1_thd3;
                                  ^
                   (                               )
mix033_power.oepc_false-unreach-call.c:264:71: warning: '&&' within '||' [-Wlogical-op-parentheses]
  b$r_buff1_thd3 = b$w_buff0_used && b$r_buff0_thd3 || b$w_buff1_used && b$r_buff1_thd3 ? FALSE : b$r_buff1_thd3;
                                                    ~~ ~~~~~~~~~~~~~~~^~~~~~~~~~~~~~~~~
mix033_power.oepc_false-unreach-call.c:264:71: note: place parentheses around the '&&' expression to silence this warning
  b$r_buff1_thd3 = b$w_buff0_used && b$r_buff0_thd3 || b$w_buff1_used && b$r_buff1_thd3 ? FALSE : b$r_buff1_thd3;
                                                                      ^
                                                       (                               )
mix033_power.oepc_false-unreach-call.c:269:10: warning: incompatible integer to pointer conversion returning 'int' from a function with result type 'void *' [-Wint-conversion]
  return nondet_0();
         ^~~~~~~~~~
mix033_power.oepc_false-unreach-call.c:297:38: warning: null passed to a callee which requires a non-null argument [-Wnonnull]
  pthread_create(NULL, NULL, P0, NULL);
                 ~~~~                ^
mix033_power.oepc_false-unreach-call.c:298:38: warning: null passed to a callee which requires a non-null argument [-Wnonnull]
  pthread_create(NULL, NULL, P1, NULL);
                 ~~~~                ^
mix033_power.oepc_false-unreach-call.c:299:38: warning: null passed to a callee which requires a non-null argument [-Wnonnull]
  pthread_create(NULL, NULL, P2, NULL);
                 ~~~~                ^
mix033_power.oepc_false-unreach-call.c:307:35: warning: '&&' within '||' [-Wlogical-op-parentheses]
  b$w_buff1_used = b$w_buff0_used && b$r_buff0_thd0 || b$w_buff1_used && b$r_buff1_thd0 ? FALSE : b$w_buff1_used;
                   ~~~~~~~~~~~~~~~^~~~~~~~~~~~~~~~~ ~~
mix033_power.oepc_false-unreach-call.c:307:35: note: place parentheses around the '&&' expression to silence this warning
  b$w_buff1_used = b$w_buff0_used && b$r_buff0_thd0 || b$w_buff1_used && b$r_buff1_thd0 ? FALSE : b$w_buff1_used;
                                  ^
                   (                               )
mix033_power.oepc_false-unreach-call.c:307:71: warning: '&&' within '||' [-Wlogical-op-parentheses]
  b$w_buff1_used = b$w_buff0_used && b$r_buff0_thd0 || b$w_buff1_used && b$r_buff1_thd0 ? FALSE : b$w_buff1_used;
                                                    ~~ ~~~~~~~~~~~~~~~^~~~~~~~~~~~~~~~~
mix033_power.oepc_false-unreach-call.c:307:71: note: place parentheses around the '&&' expression to silence this warning
  b$w_buff1_used = b$w_buff0_used && b$r_buff0_thd0 || b$w_buff1_used && b$r_buff1_thd0 ? FALSE : b$w_buff1_used;
                                                                      ^
                                                       (                               )
mix033_power.oepc_false-unreach-call.c:309:35: warning: '&&' within '||' [-Wlogical-op-parentheses]
  b$r_buff1_thd0 = b$w_buff0_used && b$r_buff0_thd0 || b$w_buff1_used && b$r_buff1_thd0 ? FALSE : b$r_buff1_thd0;
                   ~~~~~~~~~~~~~~~^~~~~~~~~~~~~~~~~ ~~
mix033_power.oepc_false-unreach-call.c:309:35: note: place parentheses around the '&&' expression to silence this warning
  b$r_buff1_thd0 = b$w_buff0_used && b$r_buff0_thd0 || b$w_buff1_used && b$r_buff1_thd0 ? FALSE : b$r_buff1_thd0;
                                  ^
                   (                               )
mix033_power.oepc_false-unreach-call.c:309:71: warning: '&&' within '||' [-Wlogical-op-parentheses]
  b$r_buff1_thd0 = b$w_buff0_used && b$r_buff0_thd0 || b$w_buff1_used && b$r_buff1_thd0 ? FALSE : b$r_buff1_thd0;
                                                    ~~ ~~~~~~~~~~~~~~~^~~~~~~~~~~~~~~~~
mix033_power.oepc_false-unreach-call.c:309:71: note: place parentheses around the '&&' expression to silence this warning
  b$r_buff1_thd0 = b$w_buff0_used && b$r_buff0_thd0 || b$w_buff1_used && b$r_buff1_thd0 ? FALSE : b$r_buff1_thd0;
                                                                      ^
                                                       (                               )
39 warnings generated.
