mix020_power.opt_false-unreach-call.c:4:34: warning: implicit declaration of function '__VERIFIER_assume' is invalid in C99 [-Wimplicit-function-declaration]
void __VERIFIER_atomic_begin() { __VERIFIER_assume(__global_lock==0); __global_lock=1; return; }
                                 ^
mix020_power.opt_false-unreach-call.c:187:10: warning: implicit declaration of function 'nondet_0' is invalid in C99 [-Wimplicit-function-declaration]
  return nondet_0();
         ^
mix020_power.opt_false-unreach-call.c:187:10: warning: incompatible integer to pointer conversion returning 'int' from a function with result type 'void *' [-Wint-conversion]
  return nondet_0();
         ^~~~~~~~~~
mix020_power.opt_false-unreach-call.c:205:10: warning: incompatible integer to pointer conversion returning 'int' from a function with result type 'void *' [-Wint-conversion]
  return nondet_0();
         ^~~~~~~~~~
mix020_power.opt_false-unreach-call.c:216:19: warning: implicit declaration of function 'nondet_1' is invalid in C99 [-Wimplicit-function-declaration]
  weak$$choice0 = nondet_1();
                  ^
mix020_power.opt_false-unreach-call.c:220:42: warning: '&&' within '||' [-Wlogical-op-parentheses]
  z = !z$w_buff0_used || !z$r_buff0_thd3 && !z$w_buff1_used || !z$r_buff0_thd3 && !z$r_buff1_thd3 ? z : (z$w_buff0_used && z$r_buff0_thd3 ? z$w_buff0 : z$w_buff1);
                      ~~ ~~~~~~~~~~~~~~~~^~~~~~~~~~~~~~~~~~
mix020_power.opt_false-unreach-call.c:220:42: note: place parentheses around the '&&' expression to silence this warning
  z = !z$w_buff0_used || !z$r_buff0_thd3 && !z$w_buff1_used || !z$r_buff0_thd3 && !z$r_buff1_thd3 ? z : (z$w_buff0_used && z$r_buff0_thd3 ? z$w_buff0 : z$w_buff1);
                                         ^
                         (                                 )
mix020_power.opt_false-unreach-call.c:220:80: warning: '&&' within '||' [-Wlogical-op-parentheses]
  z = !z$w_buff0_used || !z$r_buff0_thd3 && !z$w_buff1_used || !z$r_buff0_thd3 && !z$r_buff1_thd3 ? z : (z$w_buff0_used && z$r_buff0_thd3 ? z$w_buff0 : z$w_buff1);
                                                            ~~ ~~~~~~~~~~~~~~~~^~~~~~~~~~~~~~~~~~
mix020_power.opt_false-unreach-call.c:220:80: note: place parentheses around the '&&' expression to silence this warning
  z = !z$w_buff0_used || !z$r_buff0_thd3 && !z$w_buff1_used || !z$r_buff0_thd3 && !z$r_buff1_thd3 ? z : (z$w_buff0_used && z$r_buff0_thd3 ? z$w_buff0 : z$w_buff1);
                                                                               ^
                                                               (                                 )
mix020_power.opt_false-unreach-call.c:221:79: warning: '&&' within '||' [-Wlogical-op-parentheses]
  z$w_buff0 = weak$$choice2 ? z$w_buff0 : (!z$w_buff0_used || !z$r_buff0_thd3 && !z$w_buff1_used || !z$r_buff0_thd3 && !z$r_buff1_thd3 ? z$w_buff0 : (z$w_buff0_used && z$r_buff0_thd3 ? z$w_buff0 : z$w_buff0));
                                                           ~~ ~~~~~~~~~~~~~~~~^~~~~~~~~~~~~~~~~~
mix020_power.opt_false-unreach-call.c:221:79: note: place parentheses around the '&&' expression to silence this warning
  z$w_buff0 = weak$$choice2 ? z$w_buff0 : (!z$w_buff0_used || !z$r_buff0_thd3 && !z$w_buff1_used || !z$r_buff0_thd3 && !z$r_buff1_thd3 ? z$w_buff0 : (z$w_buff0_used && z$r_buff0_thd3 ? z$w_buff0 : z$w_buff0));
                                                                              ^
                                                              (                                 )
mix020_power.opt_false-unreach-call.c:221:117: warning: '&&' within '||' [-Wlogical-op-parentheses]
  z$w_buff0 = weak$$choice2 ? z$w_buff0 : (!z$w_buff0_used || !z$r_buff0_thd3 && !z$w_buff1_used || !z$r_buff0_thd3 && !z$r_buff1_thd3 ? z$w_buff0 : (z$w_buff0_used && z$r_buff0_thd3 ? z$w_buff0 : z$w_buff0));
                                                                                                 ~~ ~~~~~~~~~~~~~~~~^~~~~~~~~~~~~~~~~~
mix020_power.opt_false-unreach-call.c:221:117: note: place parentheses around the '&&' expression to silence this warning
  z$w_buff0 = weak$$choice2 ? z$w_buff0 : (!z$w_buff0_used || !z$r_buff0_thd3 && !z$w_buff1_used || !z$r_buff0_thd3 && !z$r_buff1_thd3 ? z$w_buff0 : (z$w_buff0_used && z$r_buff0_thd3 ? z$w_buff0 : z$w_buff0));
                                                                                                                    ^
                                                                                                    (                                 )
mix020_power.opt_false-unreach-call.c:222:79: warning: '&&' within '||' [-Wlogical-op-parentheses]
  z$w_buff1 = weak$$choice2 ? z$w_buff1 : (!z$w_buff0_used || !z$r_buff0_thd3 && !z$w_buff1_used || !z$r_buff0_thd3 && !z$r_buff1_thd3 ? z$w_buff1 : (z$w_buff0_used && z$r_buff0_thd3 ? z$w_buff1 : z$w_buff1));
                                                           ~~ ~~~~~~~~~~~~~~~~^~~~~~~~~~~~~~~~~~
mix020_power.opt_false-unreach-call.c:222:79: note: place parentheses around the '&&' expression to silence this warning
  z$w_buff1 = weak$$choice2 ? z$w_buff1 : (!z$w_buff0_used || !z$r_buff0_thd3 && !z$w_buff1_used || !z$r_buff0_thd3 && !z$r_buff1_thd3 ? z$w_buff1 : (z$w_buff0_used && z$r_buff0_thd3 ? z$w_buff1 : z$w_buff1));
                                                                              ^
                                                              (                                 )
mix020_power.opt_false-unreach-call.c:222:117: warning: '&&' within '||' [-Wlogical-op-parentheses]
  z$w_buff1 = weak$$choice2 ? z$w_buff1 : (!z$w_buff0_used || !z$r_buff0_thd3 && !z$w_buff1_used || !z$r_buff0_thd3 && !z$r_buff1_thd3 ? z$w_buff1 : (z$w_buff0_used && z$r_buff0_thd3 ? z$w_buff1 : z$w_buff1));
                                                                                                 ~~ ~~~~~~~~~~~~~~~~^~~~~~~~~~~~~~~~~~
mix020_power.opt_false-unreach-call.c:222:117: note: place parentheses around the '&&' expression to silence this warning
  z$w_buff1 = weak$$choice2 ? z$w_buff1 : (!z$w_buff0_used || !z$r_buff0_thd3 && !z$w_buff1_used || !z$r_buff0_thd3 && !z$r_buff1_thd3 ? z$w_buff1 : (z$w_buff0_used && z$r_buff0_thd3 ? z$w_buff1 : z$w_buff1));
                                                                                                                    ^
                                                                                                    (                                 )
mix020_power.opt_false-unreach-call.c:223:89: warning: '&&' within '||' [-Wlogical-op-parentheses]
  z$w_buff0_used = weak$$choice2 ? z$w_buff0_used : (!z$w_buff0_used || !z$r_buff0_thd3 && !z$w_buff1_used || !z$r_buff0_thd3 && !z$r_buff1_thd3 ? z$w_buff0_used : (z$w_buff0_used && z$r_buff0_thd3 ? FALSE : z$w_buff0_used));
                                                                     ~~ ~~~~~~~~~~~~~~~~^~~~~~~~~~~~~~~~~~
mix020_power.opt_false-unreach-call.c:223:89: note: place parentheses around the '&&' expression to silence this warning
  z$w_buff0_used = weak$$choice2 ? z$w_buff0_used : (!z$w_buff0_used || !z$r_buff0_thd3 && !z$w_buff1_used || !z$r_buff0_thd3 && !z$r_buff1_thd3 ? z$w_buff0_used : (z$w_buff0_used && z$r_buff0_thd3 ? FALSE : z$w_buff0_used));
                                                                                        ^
                                                                        (                                 )
mix020_power.opt_false-unreach-call.c:223:127: warning: '&&' within '||' [-Wlogical-op-parentheses]
  z$w_buff0_used = weak$$choice2 ? z$w_buff0_used : (!z$w_buff0_used || !z$r_buff0_thd3 && !z$w_buff1_used || !z$r_buff0_thd3 && !z$r_buff1_thd3 ? z$w_buff0_used : (z$w_buff0_used && z$r_buff0_thd3 ? FALSE : z$w_buff0_used));
                                                                                                           ~~ ~~~~~~~~~~~~~~~~^~~~~~~~~~~~~~~~~~
mix020_power.opt_false-unreach-call.c:223:127: note: place parentheses around the '&&' expression to silence this warning
  z$w_buff0_used = weak$$choice2 ? z$w_buff0_used : (!z$w_buff0_used || !z$r_buff0_thd3 && !z$w_buff1_used || !z$r_buff0_thd3 && !z$r_buff1_thd3 ? z$w_buff0_used : (z$w_buff0_used && z$r_buff0_thd3 ? FALSE : z$w_buff0_used));
                                                                                                                              ^
                                                                                                              (                                 )
mix020_power.opt_false-unreach-call.c:224:89: warning: '&&' within '||' [-Wlogical-op-parentheses]
  z$w_buff1_used = weak$$choice2 ? z$w_buff1_used : (!z$w_buff0_used || !z$r_buff0_thd3 && !z$w_buff1_used || !z$r_buff0_thd3 && !z$r_buff1_thd3 ? z$w_buff1_used : (z$w_buff0_used && z$r_buff0_thd3 ? FALSE : FALSE));
                                                                     ~~ ~~~~~~~~~~~~~~~~^~~~~~~~~~~~~~~~~~
mix020_power.opt_false-unreach-call.c:224:89: note: place parentheses around the '&&' expression to silence this warning
  z$w_buff1_used = weak$$choice2 ? z$w_buff1_used : (!z$w_buff0_used || !z$r_buff0_thd3 && !z$w_buff1_used || !z$r_buff0_thd3 && !z$r_buff1_thd3 ? z$w_buff1_used : (z$w_buff0_used && z$r_buff0_thd3 ? FALSE : FALSE));
                                                                                        ^
                                                                        (                                 )
mix020_power.opt_false-unreach-call.c:224:127: warning: '&&' within '||' [-Wlogical-op-parentheses]
  z$w_buff1_used = weak$$choice2 ? z$w_buff1_used : (!z$w_buff0_used || !z$r_buff0_thd3 && !z$w_buff1_used || !z$r_buff0_thd3 && !z$r_buff1_thd3 ? z$w_buff1_used : (z$w_buff0_used && z$r_buff0_thd3 ? FALSE : FALSE));
                                                                                                           ~~ ~~~~~~~~~~~~~~~~^~~~~~~~~~~~~~~~~~
mix020_power.opt_false-unreach-call.c:224:127: note: place parentheses around the '&&' expression to silence this warning
  z$w_buff1_used = weak$$choice2 ? z$w_buff1_used : (!z$w_buff0_used || !z$r_buff0_thd3 && !z$w_buff1_used || !z$r_buff0_thd3 && !z$r_buff1_thd3 ? z$w_buff1_used : (z$w_buff0_used && z$r_buff0_thd3 ? FALSE : FALSE));
                                                                                                                              ^
                                                                                                              (                                 )
mix020_power.opt_false-unreach-call.c:225:89: warning: '&&' within '||' [-Wlogical-op-parentheses]
  z$r_buff0_thd3 = weak$$choice2 ? z$r_buff0_thd3 : (!z$w_buff0_used || !z$r_buff0_thd3 && !z$w_buff1_used || !z$r_buff0_thd3 && !z$r_buff1_thd3 ? z$r_buff0_thd3 : (z$w_buff0_used && z$r_buff0_thd3 ? FALSE : z$r_buff0_thd3));
                                                                     ~~ ~~~~~~~~~~~~~~~~^~~~~~~~~~~~~~~~~~
mix020_power.opt_false-unreach-call.c:225:89: note: place parentheses around the '&&' expression to silence this warning
  z$r_buff0_thd3 = weak$$choice2 ? z$r_buff0_thd3 : (!z$w_buff0_used || !z$r_buff0_thd3 && !z$w_buff1_used || !z$r_buff0_thd3 && !z$r_buff1_thd3 ? z$r_buff0_thd3 : (z$w_buff0_used && z$r_buff0_thd3 ? FALSE : z$r_buff0_thd3));
                                                                                        ^
                                                                        (                                 )
mix020_power.opt_false-unreach-call.c:225:127: warning: '&&' within '||' [-Wlogical-op-parentheses]
  z$r_buff0_thd3 = weak$$choice2 ? z$r_buff0_thd3 : (!z$w_buff0_used || !z$r_buff0_thd3 && !z$w_buff1_used || !z$r_buff0_thd3 && !z$r_buff1_thd3 ? z$r_buff0_thd3 : (z$w_buff0_used && z$r_buff0_thd3 ? FALSE : z$r_buff0_thd3));
                                                                                                           ~~ ~~~~~~~~~~~~~~~~^~~~~~~~~~~~~~~~~~
mix020_power.opt_false-unreach-call.c:225:127: note: place parentheses around the '&&' expression to silence this warning
  z$r_buff0_thd3 = weak$$choice2 ? z$r_buff0_thd3 : (!z$w_buff0_used || !z$r_buff0_thd3 && !z$w_buff1_used || !z$r_buff0_thd3 && !z$r_buff1_thd3 ? z$r_buff0_thd3 : (z$w_buff0_used && z$r_buff0_thd3 ? FALSE : z$r_buff0_thd3));
                                                                                                                              ^
                                                                                                              (                                 )
mix020_power.opt_false-unreach-call.c:226:89: warning: '&&' within '||' [-Wlogical-op-parentheses]
  z$r_buff1_thd3 = weak$$choice2 ? z$r_buff1_thd3 : (!z$w_buff0_used || !z$r_buff0_thd3 && !z$w_buff1_used || !z$r_buff0_thd3 && !z$r_buff1_thd3 ? z$r_buff1_thd3 : (z$w_buff0_used && z$r_buff0_thd3 ? FALSE : FALSE));
                                                                     ~~ ~~~~~~~~~~~~~~~~^~~~~~~~~~~~~~~~~~
mix020_power.opt_false-unreach-call.c:226:89: note: place parentheses around the '&&' expression to silence this warning
  z$r_buff1_thd3 = weak$$choice2 ? z$r_buff1_thd3 : (!z$w_buff0_used || !z$r_buff0_thd3 && !z$w_buff1_used || !z$r_buff0_thd3 && !z$r_buff1_thd3 ? z$r_buff1_thd3 : (z$w_buff0_used && z$r_buff0_thd3 ? FALSE : FALSE));
                                                                                        ^
                                                                        (                                 )
mix020_power.opt_false-unreach-call.c:226:127: warning: '&&' within '||' [-Wlogical-op-parentheses]
  z$r_buff1_thd3 = weak$$choice2 ? z$r_buff1_thd3 : (!z$w_buff0_used || !z$r_buff0_thd3 && !z$w_buff1_used || !z$r_buff0_thd3 && !z$r_buff1_thd3 ? z$r_buff1_thd3 : (z$w_buff0_used && z$r_buff0_thd3 ? FALSE : FALSE));
                                                                                                           ~~ ~~~~~~~~~~~~~~~~^~~~~~~~~~~~~~~~~~
mix020_power.opt_false-unreach-call.c:226:127: note: place parentheses around the '&&' expression to silence this warning
  z$r_buff1_thd3 = weak$$choice2 ? z$r_buff1_thd3 : (!z$w_buff0_used || !z$r_buff0_thd3 && !z$w_buff1_used || !z$r_buff0_thd3 && !z$r_buff1_thd3 ? z$r_buff1_thd3 : (z$w_buff0_used && z$r_buff0_thd3 ? FALSE : FALSE));
                                                                                                                              ^
                                                                                                              (                                 )
mix020_power.opt_false-unreach-call.c:236:10: warning: incompatible integer to pointer conversion returning 'int' from a function with result type 'void *' [-Wint-conversion]
  return nondet_0();
         ^~~~~~~~~~
mix020_power.opt_false-unreach-call.c:261:42: warning: '&&' within '||' [-Wlogical-op-parentheses]
  z = !z$w_buff0_used || !z$r_buff0_thd4 && !z$w_buff1_used || !z$r_buff0_thd4 && !z$r_buff1_thd4 ? z : (z$w_buff0_used && z$r_buff0_thd4 ? z$w_buff0 : z$w_buff1);
                      ~~ ~~~~~~~~~~~~~~~~^~~~~~~~~~~~~~~~~~
mix020_power.opt_false-unreach-call.c:261:42: note: place parentheses around the '&&' expression to silence this warning
  z = !z$w_buff0_used || !z$r_buff0_thd4 && !z$w_buff1_used || !z$r_buff0_thd4 && !z$r_buff1_thd4 ? z : (z$w_buff0_used && z$r_buff0_thd4 ? z$w_buff0 : z$w_buff1);
                                         ^
                         (                                 )
mix020_power.opt_false-unreach-call.c:261:80: warning: '&&' within '||' [-Wlogical-op-parentheses]
  z = !z$w_buff0_used || !z$r_buff0_thd4 && !z$w_buff1_used || !z$r_buff0_thd4 && !z$r_buff1_thd4 ? z : (z$w_buff0_used && z$r_buff0_thd4 ? z$w_buff0 : z$w_buff1);
                                                            ~~ ~~~~~~~~~~~~~~~~^~~~~~~~~~~~~~~~~~
mix020_power.opt_false-unreach-call.c:261:80: note: place parentheses around the '&&' expression to silence this warning
  z = !z$w_buff0_used || !z$r_buff0_thd4 && !z$w_buff1_used || !z$r_buff0_thd4 && !z$r_buff1_thd4 ? z : (z$w_buff0_used && z$r_buff0_thd4 ? z$w_buff0 : z$w_buff1);
                                                                               ^
                                                               (                                 )
mix020_power.opt_false-unreach-call.c:262:79: warning: '&&' within '||' [-Wlogical-op-parentheses]
  z$w_buff0 = weak$$choice2 ? z$w_buff0 : (!z$w_buff0_used || !z$r_buff0_thd4 && !z$w_buff1_used || !z$r_buff0_thd4 && !z$r_buff1_thd4 ? z$w_buff0 : (z$w_buff0_used && z$r_buff0_thd4 ? z$w_buff0 : z$w_buff0));
                                                           ~~ ~~~~~~~~~~~~~~~~^~~~~~~~~~~~~~~~~~
mix020_power.opt_false-unreach-call.c:262:79: note: place parentheses around the '&&' expression to silence this warning
  z$w_buff0 = weak$$choice2 ? z$w_buff0 : (!z$w_buff0_used || !z$r_buff0_thd4 && !z$w_buff1_used || !z$r_buff0_thd4 && !z$r_buff1_thd4 ? z$w_buff0 : (z$w_buff0_used && z$r_buff0_thd4 ? z$w_buff0 : z$w_buff0));
                                                                              ^
                                                              (                                 )
mix020_power.opt_false-unreach-call.c:262:117: warning: '&&' within '||' [-Wlogical-op-parentheses]
  z$w_buff0 = weak$$choice2 ? z$w_buff0 : (!z$w_buff0_used || !z$r_buff0_thd4 && !z$w_buff1_used || !z$r_buff0_thd4 && !z$r_buff1_thd4 ? z$w_buff0 : (z$w_buff0_used && z$r_buff0_thd4 ? z$w_buff0 : z$w_buff0));
                                                                                                 ~~ ~~~~~~~~~~~~~~~~^~~~~~~~~~~~~~~~~~
mix020_power.opt_false-unreach-call.c:262:117: note: place parentheses around the '&&' expression to silence this warning
  z$w_buff0 = weak$$choice2 ? z$w_buff0 : (!z$w_buff0_used || !z$r_buff0_thd4 && !z$w_buff1_used || !z$r_buff0_thd4 && !z$r_buff1_thd4 ? z$w_buff0 : (z$w_buff0_used && z$r_buff0_thd4 ? z$w_buff0 : z$w_buff0));
                                                                                                                    ^
                                                                                                    (                                 )
mix020_power.opt_false-unreach-call.c:263:79: warning: '&&' within '||' [-Wlogical-op-parentheses]
  z$w_buff1 = weak$$choice2 ? z$w_buff1 : (!z$w_buff0_used || !z$r_buff0_thd4 && !z$w_buff1_used || !z$r_buff0_thd4 && !z$r_buff1_thd4 ? z$w_buff1 : (z$w_buff0_used && z$r_buff0_thd4 ? z$w_buff1 : z$w_buff1));
                                                           ~~ ~~~~~~~~~~~~~~~~^~~~~~~~~~~~~~~~~~
mix020_power.opt_false-unreach-call.c:263:79: note: place parentheses around the '&&' expression to silence this warning
  z$w_buff1 = weak$$choice2 ? z$w_buff1 : (!z$w_buff0_used || !z$r_buff0_thd4 && !z$w_buff1_used || !z$r_buff0_thd4 && !z$r_buff1_thd4 ? z$w_buff1 : (z$w_buff0_used && z$r_buff0_thd4 ? z$w_buff1 : z$w_buff1));
                                                                              ^
                                                              (                                 )
mix020_power.opt_false-unreach-call.c:263:117: warning: '&&' within '||' [-Wlogical-op-parentheses]
  z$w_buff1 = weak$$choice2 ? z$w_buff1 : (!z$w_buff0_used || !z$r_buff0_thd4 && !z$w_buff1_used || !z$r_buff0_thd4 && !z$r_buff1_thd4 ? z$w_buff1 : (z$w_buff0_used && z$r_buff0_thd4 ? z$w_buff1 : z$w_buff1));
                                                                                                 ~~ ~~~~~~~~~~~~~~~~^~~~~~~~~~~~~~~~~~
mix020_power.opt_false-unreach-call.c:263:117: note: place parentheses around the '&&' expression to silence this warning
  z$w_buff1 = weak$$choice2 ? z$w_buff1 : (!z$w_buff0_used || !z$r_buff0_thd4 && !z$w_buff1_used || !z$r_buff0_thd4 && !z$r_buff1_thd4 ? z$w_buff1 : (z$w_buff0_used && z$r_buff0_thd4 ? z$w_buff1 : z$w_buff1));
                                                                                                                    ^
                                                                                                    (                                 )
mix020_power.opt_false-unreach-call.c:264:89: warning: '&&' within '||' [-Wlogical-op-parentheses]
  z$w_buff0_used = weak$$choice2 ? z$w_buff0_used : (!z$w_buff0_used || !z$r_buff0_thd4 && !z$w_buff1_used || !z$r_buff0_thd4 && !z$r_buff1_thd4 ? z$w_buff0_used : (z$w_buff0_used && z$r_buff0_thd4 ? FALSE : z$w_buff0_used));
                                                                     ~~ ~~~~~~~~~~~~~~~~^~~~~~~~~~~~~~~~~~
mix020_power.opt_false-unreach-call.c:264:89: note: place parentheses around the '&&' expression to silence this warning
  z$w_buff0_used = weak$$choice2 ? z$w_buff0_used : (!z$w_buff0_used || !z$r_buff0_thd4 && !z$w_buff1_used || !z$r_buff0_thd4 && !z$r_buff1_thd4 ? z$w_buff0_used : (z$w_buff0_used && z$r_buff0_thd4 ? FALSE : z$w_buff0_used));
                                                                                        ^
                                                                        (                                 )
mix020_power.opt_false-unreach-call.c:264:127: warning: '&&' within '||' [-Wlogical-op-parentheses]
  z$w_buff0_used = weak$$choice2 ? z$w_buff0_used : (!z$w_buff0_used || !z$r_buff0_thd4 && !z$w_buff1_used || !z$r_buff0_thd4 && !z$r_buff1_thd4 ? z$w_buff0_used : (z$w_buff0_used && z$r_buff0_thd4 ? FALSE : z$w_buff0_used));
                                                                                                           ~~ ~~~~~~~~~~~~~~~~^~~~~~~~~~~~~~~~~~
mix020_power.opt_false-unreach-call.c:264:127: note: place parentheses around the '&&' expression to silence this warning
  z$w_buff0_used = weak$$choice2 ? z$w_buff0_used : (!z$w_buff0_used || !z$r_buff0_thd4 && !z$w_buff1_used || !z$r_buff0_thd4 && !z$r_buff1_thd4 ? z$w_buff0_used : (z$w_buff0_used && z$r_buff0_thd4 ? FALSE : z$w_buff0_used));
                                                                                                                              ^
                                                                                                              (                                 )
mix020_power.opt_false-unreach-call.c:265:89: warning: '&&' within '||' [-Wlogical-op-parentheses]
  z$w_buff1_used = weak$$choice2 ? z$w_buff1_used : (!z$w_buff0_used || !z$r_buff0_thd4 && !z$w_buff1_used || !z$r_buff0_thd4 && !z$r_buff1_thd4 ? z$w_buff1_used : (z$w_buff0_used && z$r_buff0_thd4 ? FALSE : FALSE));
                                                                     ~~ ~~~~~~~~~~~~~~~~^~~~~~~~~~~~~~~~~~
mix020_power.opt_false-unreach-call.c:265:89: note: place parentheses around the '&&' expression to silence this warning
  z$w_buff1_used = weak$$choice2 ? z$w_buff1_used : (!z$w_buff0_used || !z$r_buff0_thd4 && !z$w_buff1_used || !z$r_buff0_thd4 && !z$r_buff1_thd4 ? z$w_buff1_used : (z$w_buff0_used && z$r_buff0_thd4 ? FALSE : FALSE));
                                                                                        ^
                                                                        (                                 )
mix020_power.opt_false-unreach-call.c:265:127: warning: '&&' within '||' [-Wlogical-op-parentheses]
  z$w_buff1_used = weak$$choice2 ? z$w_buff1_used : (!z$w_buff0_used || !z$r_buff0_thd4 && !z$w_buff1_used || !z$r_buff0_thd4 && !z$r_buff1_thd4 ? z$w_buff1_used : (z$w_buff0_used && z$r_buff0_thd4 ? FALSE : FALSE));
                                                                                                           ~~ ~~~~~~~~~~~~~~~~^~~~~~~~~~~~~~~~~~
mix020_power.opt_false-unreach-call.c:265:127: note: place parentheses around the '&&' expression to silence this warning
  z$w_buff1_used = weak$$choice2 ? z$w_buff1_used : (!z$w_buff0_used || !z$r_buff0_thd4 && !z$w_buff1_used || !z$r_buff0_thd4 && !z$r_buff1_thd4 ? z$w_buff1_used : (z$w_buff0_used && z$r_buff0_thd4 ? FALSE : FALSE));
                                                                                                                              ^
                                                                                                              (                                 )
mix020_power.opt_false-unreach-call.c:266:89: warning: '&&' within '||' [-Wlogical-op-parentheses]
  z$r_buff0_thd4 = weak$$choice2 ? z$r_buff0_thd4 : (!z$w_buff0_used || !z$r_buff0_thd4 && !z$w_buff1_used || !z$r_buff0_thd4 && !z$r_buff1_thd4 ? z$r_buff0_thd4 : (z$w_buff0_used && z$r_buff0_thd4 ? FALSE : z$r_buff0_thd4));
                                                                     ~~ ~~~~~~~~~~~~~~~~^~~~~~~~~~~~~~~~~~
mix020_power.opt_false-unreach-call.c:266:89: note: place parentheses around the '&&' expression to silence this warning
  z$r_buff0_thd4 = weak$$choice2 ? z$r_buff0_thd4 : (!z$w_buff0_used || !z$r_buff0_thd4 && !z$w_buff1_used || !z$r_buff0_thd4 && !z$r_buff1_thd4 ? z$r_buff0_thd4 : (z$w_buff0_used && z$r_buff0_thd4 ? FALSE : z$r_buff0_thd4));
                                                                                        ^
                                                                        (                                 )
mix020_power.opt_false-unreach-call.c:266:127: warning: '&&' within '||' [-Wlogical-op-parentheses]
  z$r_buff0_thd4 = weak$$choice2 ? z$r_buff0_thd4 : (!z$w_buff0_used || !z$r_buff0_thd4 && !z$w_buff1_used || !z$r_buff0_thd4 && !z$r_buff1_thd4 ? z$r_buff0_thd4 : (z$w_buff0_used && z$r_buff0_thd4 ? FALSE : z$r_buff0_thd4));
                                                                                                           ~~ ~~~~~~~~~~~~~~~~^~~~~~~~~~~~~~~~~~
mix020_power.opt_false-unreach-call.c:266:127: note: place parentheses around the '&&' expression to silence this warning
  z$r_buff0_thd4 = weak$$choice2 ? z$r_buff0_thd4 : (!z$w_buff0_used || !z$r_buff0_thd4 && !z$w_buff1_used || !z$r_buff0_thd4 && !z$r_buff1_thd4 ? z$r_buff0_thd4 : (z$w_buff0_used && z$r_buff0_thd4 ? FALSE : z$r_buff0_thd4));
                                                                                                                              ^
                                                                                                              (                                 )
mix020_power.opt_false-unreach-call.c:267:89: warning: '&&' within '||' [-Wlogical-op-parentheses]
  z$r_buff1_thd4 = weak$$choice2 ? z$r_buff1_thd4 : (!z$w_buff0_used || !z$r_buff0_thd4 && !z$w_buff1_used || !z$r_buff0_thd4 && !z$r_buff1_thd4 ? z$r_buff1_thd4 : (z$w_buff0_used && z$r_buff0_thd4 ? FALSE : FALSE));
                                                                     ~~ ~~~~~~~~~~~~~~~~^~~~~~~~~~~~~~~~~~
mix020_power.opt_false-unreach-call.c:267:89: note: place parentheses around the '&&' expression to silence this warning
  z$r_buff1_thd4 = weak$$choice2 ? z$r_buff1_thd4 : (!z$w_buff0_used || !z$r_buff0_thd4 && !z$w_buff1_used || !z$r_buff0_thd4 && !z$r_buff1_thd4 ? z$r_buff1_thd4 : (z$w_buff0_used && z$r_buff0_thd4 ? FALSE : FALSE));
                                                                                        ^
                                                                        (                                 )
mix020_power.opt_false-unreach-call.c:267:127: warning: '&&' within '||' [-Wlogical-op-parentheses]
  z$r_buff1_thd4 = weak$$choice2 ? z$r_buff1_thd4 : (!z$w_buff0_used || !z$r_buff0_thd4 && !z$w_buff1_used || !z$r_buff0_thd4 && !z$r_buff1_thd4 ? z$r_buff1_thd4 : (z$w_buff0_used && z$r_buff0_thd4 ? FALSE : FALSE));
                                                                                                           ~~ ~~~~~~~~~~~~~~~~^~~~~~~~~~~~~~~~~~
mix020_power.opt_false-unreach-call.c:267:127: note: place parentheses around the '&&' expression to silence this warning
  z$r_buff1_thd4 = weak$$choice2 ? z$r_buff1_thd4 : (!z$w_buff0_used || !z$r_buff0_thd4 && !z$w_buff1_used || !z$r_buff0_thd4 && !z$r_buff1_thd4 ? z$r_buff1_thd4 : (z$w_buff0_used && z$r_buff0_thd4 ? FALSE : FALSE));
                                                                                                                              ^
                                                                                                              (                                 )
mix020_power.opt_false-unreach-call.c:278:35: warning: '&&' within '||' [-Wlogical-op-parentheses]
  z$w_buff1_used = z$w_buff0_used && z$r_buff0_thd4 || z$w_buff1_used && z$r_buff1_thd4 ? FALSE : z$w_buff1_used;
                   ~~~~~~~~~~~~~~~^~~~~~~~~~~~~~~~~ ~~
mix020_power.opt_false-unreach-call.c:278:35: note: place parentheses around the '&&' expression to silence this warning
  z$w_buff1_used = z$w_buff0_used && z$r_buff0_thd4 || z$w_buff1_used && z$r_buff1_thd4 ? FALSE : z$w_buff1_used;
                                  ^
                   (                               )
mix020_power.opt_false-unreach-call.c:278:71: warning: '&&' within '||' [-Wlogical-op-parentheses]
  z$w_buff1_used = z$w_buff0_used && z$r_buff0_thd4 || z$w_buff1_used && z$r_buff1_thd4 ? FALSE : z$w_buff1_used;
                                                    ~~ ~~~~~~~~~~~~~~~^~~~~~~~~~~~~~~~~
mix020_power.opt_false-unreach-call.c:278:71: note: place parentheses around the '&&' expression to silence this warning
  z$w_buff1_used = z$w_buff0_used && z$r_buff0_thd4 || z$w_buff1_used && z$r_buff1_thd4 ? FALSE : z$w_buff1_used;
                                                                      ^
                                                       (                               )
mix020_power.opt_false-unreach-call.c:280:35: warning: '&&' within '||' [-Wlogical-op-parentheses]
  z$r_buff1_thd4 = z$w_buff0_used && z$r_buff0_thd4 || z$w_buff1_used && z$r_buff1_thd4 ? FALSE : z$r_buff1_thd4;
                   ~~~~~~~~~~~~~~~^~~~~~~~~~~~~~~~~ ~~
mix020_power.opt_false-unreach-call.c:280:35: note: place parentheses around the '&&' expression to silence this warning
  z$r_buff1_thd4 = z$w_buff0_used && z$r_buff0_thd4 || z$w_buff1_used && z$r_buff1_thd4 ? FALSE : z$r_buff1_thd4;
                                  ^
                   (                               )
mix020_power.opt_false-unreach-call.c:280:71: warning: '&&' within '||' [-Wlogical-op-parentheses]
  z$r_buff1_thd4 = z$w_buff0_used && z$r_buff0_thd4 || z$w_buff1_used && z$r_buff1_thd4 ? FALSE : z$r_buff1_thd4;
                                                    ~~ ~~~~~~~~~~~~~~~^~~~~~~~~~~~~~~~~
mix020_power.opt_false-unreach-call.c:280:71: note: place parentheses around the '&&' expression to silence this warning
  z$r_buff1_thd4 = z$w_buff0_used && z$r_buff0_thd4 || z$w_buff1_used && z$r_buff1_thd4 ? FALSE : z$r_buff1_thd4;
                                                                      ^
                                                       (                               )
mix020_power.opt_false-unreach-call.c:285:10: warning: incompatible integer to pointer conversion returning 'int' from a function with result type 'void *' [-Wint-conversion]
  return nondet_0();
         ^~~~~~~~~~
mix020_power.opt_false-unreach-call.c:313:38: warning: null passed to a callee which requires a non-null argument [-Wnonnull]
  pthread_create(NULL, NULL, P0, NULL);
                 ~~~~                ^
mix020_power.opt_false-unreach-call.c:314:38: warning: null passed to a callee which requires a non-null argument [-Wnonnull]
  pthread_create(NULL, NULL, P1, NULL);
                 ~~~~                ^
mix020_power.opt_false-unreach-call.c:315:38: warning: null passed to a callee which requires a non-null argument [-Wnonnull]
  pthread_create(NULL, NULL, P2, NULL);
                 ~~~~                ^
mix020_power.opt_false-unreach-call.c:316:38: warning: null passed to a callee which requires a non-null argument [-Wnonnull]
  pthread_create(NULL, NULL, P3, NULL);
                 ~~~~                ^
mix020_power.opt_false-unreach-call.c:324:35: warning: '&&' within '||' [-Wlogical-op-parentheses]
  z$w_buff1_used = z$w_buff0_used && z$r_buff0_thd0 || z$w_buff1_used && z$r_buff1_thd0 ? FALSE : z$w_buff1_used;
                   ~~~~~~~~~~~~~~~^~~~~~~~~~~~~~~~~ ~~
mix020_power.opt_false-unreach-call.c:324:35: note: place parentheses around the '&&' expression to silence this warning
  z$w_buff1_used = z$w_buff0_used && z$r_buff0_thd0 || z$w_buff1_used && z$r_buff1_thd0 ? FALSE : z$w_buff1_used;
                                  ^
                   (                               )
mix020_power.opt_false-unreach-call.c:324:71: warning: '&&' within '||' [-Wlogical-op-parentheses]
  z$w_buff1_used = z$w_buff0_used && z$r_buff0_thd0 || z$w_buff1_used && z$r_buff1_thd0 ? FALSE : z$w_buff1_used;
                                                    ~~ ~~~~~~~~~~~~~~~^~~~~~~~~~~~~~~~~
mix020_power.opt_false-unreach-call.c:324:71: note: place parentheses around the '&&' expression to silence this warning
  z$w_buff1_used = z$w_buff0_used && z$r_buff0_thd0 || z$w_buff1_used && z$r_buff1_thd0 ? FALSE : z$w_buff1_used;
                                                                      ^
                                                       (                               )
mix020_power.opt_false-unreach-call.c:326:35: warning: '&&' within '||' [-Wlogical-op-parentheses]
  z$r_buff1_thd0 = z$w_buff0_used && z$r_buff0_thd0 || z$w_buff1_used && z$r_buff1_thd0 ? FALSE : z$r_buff1_thd0;
                   ~~~~~~~~~~~~~~~^~~~~~~~~~~~~~~~~ ~~
mix020_power.opt_false-unreach-call.c:326:35: note: place parentheses around the '&&' expression to silence this warning
  z$r_buff1_thd0 = z$w_buff0_used && z$r_buff0_thd0 || z$w_buff1_used && z$r_buff1_thd0 ? FALSE : z$r_buff1_thd0;
                                  ^
                   (                               )
mix020_power.opt_false-unreach-call.c:326:71: warning: '&&' within '||' [-Wlogical-op-parentheses]
  z$r_buff1_thd0 = z$w_buff0_used && z$r_buff0_thd0 || z$w_buff1_used && z$r_buff1_thd0 ? FALSE : z$r_buff1_thd0;
                                                    ~~ ~~~~~~~~~~~~~~~^~~~~~~~~~~~~~~~~
mix020_power.opt_false-unreach-call.c:326:71: note: place parentheses around the '&&' expression to silence this warning
  z$r_buff1_thd0 = z$w_buff0_used && z$r_buff0_thd0 || z$w_buff1_used && z$r_buff1_thd0 ? FALSE : z$r_buff1_thd0;
                                                                      ^
                                                       (                               )
47 warnings generated.
