mix017_tso.opt_false-unreach-call.c:4:34: warning: implicit declaration of function '__VERIFIER_assume' is invalid in C99 [-Wimplicit-function-declaration]
void __VERIFIER_atomic_begin() { __VERIFIER_assume(__global_lock==0); __global_lock=1; return; }
                                 ^
mix017_tso.opt_false-unreach-call.c:193:10: warning: implicit declaration of function 'nondet_0' is invalid in C99 [-Wimplicit-function-declaration]
  return nondet_0();
         ^
mix017_tso.opt_false-unreach-call.c:193:10: warning: incompatible integer to pointer conversion returning 'int' from a function with result type 'void *' [-Wint-conversion]
  return nondet_0();
         ^~~~~~~~~~
mix017_tso.opt_false-unreach-call.c:211:10: warning: incompatible integer to pointer conversion returning 'int' from a function with result type 'void *' [-Wint-conversion]
  return nondet_0();
         ^~~~~~~~~~
mix017_tso.opt_false-unreach-call.c:222:19: warning: implicit declaration of function 'nondet_1' is invalid in C99 [-Wimplicit-function-declaration]
  weak$$choice0 = nondet_1();
                  ^
mix017_tso.opt_false-unreach-call.c:226:42: warning: '&&' within '||' [-Wlogical-op-parentheses]
  z = !z$w_buff0_used || !z$r_buff0_thd3 && !z$w_buff1_used || !z$r_buff0_thd3 && !z$r_buff1_thd3 ? z : (z$w_buff0_used && z$r_buff0_thd3 ? z$w_buff0 : z$w_buff1);
                      ~~ ~~~~~~~~~~~~~~~~^~~~~~~~~~~~~~~~~~
mix017_tso.opt_false-unreach-call.c:226:42: note: place parentheses around the '&&' expression to silence this warning
  z = !z$w_buff0_used || !z$r_buff0_thd3 && !z$w_buff1_used || !z$r_buff0_thd3 && !z$r_buff1_thd3 ? z : (z$w_buff0_used && z$r_buff0_thd3 ? z$w_buff0 : z$w_buff1);
                                         ^
                         (                                 )
mix017_tso.opt_false-unreach-call.c:226:80: warning: '&&' within '||' [-Wlogical-op-parentheses]
  z = !z$w_buff0_used || !z$r_buff0_thd3 && !z$w_buff1_used || !z$r_buff0_thd3 && !z$r_buff1_thd3 ? z : (z$w_buff0_used && z$r_buff0_thd3 ? z$w_buff0 : z$w_buff1);
                                                            ~~ ~~~~~~~~~~~~~~~~^~~~~~~~~~~~~~~~~~
mix017_tso.opt_false-unreach-call.c:226:80: note: place parentheses around the '&&' expression to silence this warning
  z = !z$w_buff0_used || !z$r_buff0_thd3 && !z$w_buff1_used || !z$r_buff0_thd3 && !z$r_buff1_thd3 ? z : (z$w_buff0_used && z$r_buff0_thd3 ? z$w_buff0 : z$w_buff1);
                                                                               ^
                                                               (                                 )
mix017_tso.opt_false-unreach-call.c:227:79: warning: '&&' within '||' [-Wlogical-op-parentheses]
  z$w_buff0 = weak$$choice2 ? z$w_buff0 : (!z$w_buff0_used || !z$r_buff0_thd3 && !z$w_buff1_used || !z$r_buff0_thd3 && !z$r_buff1_thd3 ? z$w_buff0 : (z$w_buff0_used && z$r_buff0_thd3 ? z$w_buff0 : z$w_buff0));
                                                           ~~ ~~~~~~~~~~~~~~~~^~~~~~~~~~~~~~~~~~
mix017_tso.opt_false-unreach-call.c:227:79: note: place parentheses around the '&&' expression to silence this warning
  z$w_buff0 = weak$$choice2 ? z$w_buff0 : (!z$w_buff0_used || !z$r_buff0_thd3 && !z$w_buff1_used || !z$r_buff0_thd3 && !z$r_buff1_thd3 ? z$w_buff0 : (z$w_buff0_used && z$r_buff0_thd3 ? z$w_buff0 : z$w_buff0));
                                                                              ^
                                                              (                                 )
mix017_tso.opt_false-unreach-call.c:227:117: warning: '&&' within '||' [-Wlogical-op-parentheses]
  z$w_buff0 = weak$$choice2 ? z$w_buff0 : (!z$w_buff0_used || !z$r_buff0_thd3 && !z$w_buff1_used || !z$r_buff0_thd3 && !z$r_buff1_thd3 ? z$w_buff0 : (z$w_buff0_used && z$r_buff0_thd3 ? z$w_buff0 : z$w_buff0));
                                                                                                 ~~ ~~~~~~~~~~~~~~~~^~~~~~~~~~~~~~~~~~
mix017_tso.opt_false-unreach-call.c:227:117: note: place parentheses around the '&&' expression to silence this warning
  z$w_buff0 = weak$$choice2 ? z$w_buff0 : (!z$w_buff0_used || !z$r_buff0_thd3 && !z$w_buff1_used || !z$r_buff0_thd3 && !z$r_buff1_thd3 ? z$w_buff0 : (z$w_buff0_used && z$r_buff0_thd3 ? z$w_buff0 : z$w_buff0));
                                                                                                                    ^
                                                                                                    (                                 )
mix017_tso.opt_false-unreach-call.c:228:79: warning: '&&' within '||' [-Wlogical-op-parentheses]
  z$w_buff1 = weak$$choice2 ? z$w_buff1 : (!z$w_buff0_used || !z$r_buff0_thd3 && !z$w_buff1_used || !z$r_buff0_thd3 && !z$r_buff1_thd3 ? z$w_buff1 : (z$w_buff0_used && z$r_buff0_thd3 ? z$w_buff1 : z$w_buff1));
                                                           ~~ ~~~~~~~~~~~~~~~~^~~~~~~~~~~~~~~~~~
mix017_tso.opt_false-unreach-call.c:228:79: note: place parentheses around the '&&' expression to silence this warning
  z$w_buff1 = weak$$choice2 ? z$w_buff1 : (!z$w_buff0_used || !z$r_buff0_thd3 && !z$w_buff1_used || !z$r_buff0_thd3 && !z$r_buff1_thd3 ? z$w_buff1 : (z$w_buff0_used && z$r_buff0_thd3 ? z$w_buff1 : z$w_buff1));
                                                                              ^
                                                              (                                 )
mix017_tso.opt_false-unreach-call.c:228:117: warning: '&&' within '||' [-Wlogical-op-parentheses]
  z$w_buff1 = weak$$choice2 ? z$w_buff1 : (!z$w_buff0_used || !z$r_buff0_thd3 && !z$w_buff1_used || !z$r_buff0_thd3 && !z$r_buff1_thd3 ? z$w_buff1 : (z$w_buff0_used && z$r_buff0_thd3 ? z$w_buff1 : z$w_buff1));
                                                                                                 ~~ ~~~~~~~~~~~~~~~~^~~~~~~~~~~~~~~~~~
mix017_tso.opt_false-unreach-call.c:228:117: note: place parentheses around the '&&' expression to silence this warning
  z$w_buff1 = weak$$choice2 ? z$w_buff1 : (!z$w_buff0_used || !z$r_buff0_thd3 && !z$w_buff1_used || !z$r_buff0_thd3 && !z$r_buff1_thd3 ? z$w_buff1 : (z$w_buff0_used && z$r_buff0_thd3 ? z$w_buff1 : z$w_buff1));
                                                                                                                    ^
                                                                                                    (                                 )
mix017_tso.opt_false-unreach-call.c:229:89: warning: '&&' within '||' [-Wlogical-op-parentheses]
  z$w_buff0_used = weak$$choice2 ? z$w_buff0_used : (!z$w_buff0_used || !z$r_buff0_thd3 && !z$w_buff1_used || !z$r_buff0_thd3 && !z$r_buff1_thd3 ? z$w_buff0_used : (z$w_buff0_used && z$r_buff0_thd3 ? FALSE : z$w_buff0_used));
                                                                     ~~ ~~~~~~~~~~~~~~~~^~~~~~~~~~~~~~~~~~
mix017_tso.opt_false-unreach-call.c:229:89: note: place parentheses around the '&&' expression to silence this warning
  z$w_buff0_used = weak$$choice2 ? z$w_buff0_used : (!z$w_buff0_used || !z$r_buff0_thd3 && !z$w_buff1_used || !z$r_buff0_thd3 && !z$r_buff1_thd3 ? z$w_buff0_used : (z$w_buff0_used && z$r_buff0_thd3 ? FALSE : z$w_buff0_used));
                                                                                        ^
                                                                        (                                 )
mix017_tso.opt_false-unreach-call.c:229:127: warning: '&&' within '||' [-Wlogical-op-parentheses]
  z$w_buff0_used = weak$$choice2 ? z$w_buff0_used : (!z$w_buff0_used || !z$r_buff0_thd3 && !z$w_buff1_used || !z$r_buff0_thd3 && !z$r_buff1_thd3 ? z$w_buff0_used : (z$w_buff0_used && z$r_buff0_thd3 ? FALSE : z$w_buff0_used));
                                                                                                           ~~ ~~~~~~~~~~~~~~~~^~~~~~~~~~~~~~~~~~
mix017_tso.opt_false-unreach-call.c:229:127: note: place parentheses around the '&&' expression to silence this warning
  z$w_buff0_used = weak$$choice2 ? z$w_buff0_used : (!z$w_buff0_used || !z$r_buff0_thd3 && !z$w_buff1_used || !z$r_buff0_thd3 && !z$r_buff1_thd3 ? z$w_buff0_used : (z$w_buff0_used && z$r_buff0_thd3 ? FALSE : z$w_buff0_used));
                                                                                                                              ^
                                                                                                              (                                 )
mix017_tso.opt_false-unreach-call.c:230:89: warning: '&&' within '||' [-Wlogical-op-parentheses]
  z$w_buff1_used = weak$$choice2 ? z$w_buff1_used : (!z$w_buff0_used || !z$r_buff0_thd3 && !z$w_buff1_used || !z$r_buff0_thd3 && !z$r_buff1_thd3 ? z$w_buff1_used : (z$w_buff0_used && z$r_buff0_thd3 ? FALSE : FALSE));
                                                                     ~~ ~~~~~~~~~~~~~~~~^~~~~~~~~~~~~~~~~~
mix017_tso.opt_false-unreach-call.c:230:89: note: place parentheses around the '&&' expression to silence this warning
  z$w_buff1_used = weak$$choice2 ? z$w_buff1_used : (!z$w_buff0_used || !z$r_buff0_thd3 && !z$w_buff1_used || !z$r_buff0_thd3 && !z$r_buff1_thd3 ? z$w_buff1_used : (z$w_buff0_used && z$r_buff0_thd3 ? FALSE : FALSE));
                                                                                        ^
                                                                        (                                 )
mix017_tso.opt_false-unreach-call.c:230:127: warning: '&&' within '||' [-Wlogical-op-parentheses]
  z$w_buff1_used = weak$$choice2 ? z$w_buff1_used : (!z$w_buff0_used || !z$r_buff0_thd3 && !z$w_buff1_used || !z$r_buff0_thd3 && !z$r_buff1_thd3 ? z$w_buff1_used : (z$w_buff0_used && z$r_buff0_thd3 ? FALSE : FALSE));
                                                                                                           ~~ ~~~~~~~~~~~~~~~~^~~~~~~~~~~~~~~~~~
mix017_tso.opt_false-unreach-call.c:230:127: note: place parentheses around the '&&' expression to silence this warning
  z$w_buff1_used = weak$$choice2 ? z$w_buff1_used : (!z$w_buff0_used || !z$r_buff0_thd3 && !z$w_buff1_used || !z$r_buff0_thd3 && !z$r_buff1_thd3 ? z$w_buff1_used : (z$w_buff0_used && z$r_buff0_thd3 ? FALSE : FALSE));
                                                                                                                              ^
                                                                                                              (                                 )
mix017_tso.opt_false-unreach-call.c:231:89: warning: '&&' within '||' [-Wlogical-op-parentheses]
  z$r_buff0_thd3 = weak$$choice2 ? z$r_buff0_thd3 : (!z$w_buff0_used || !z$r_buff0_thd3 && !z$w_buff1_used || !z$r_buff0_thd3 && !z$r_buff1_thd3 ? z$r_buff0_thd3 : (z$w_buff0_used && z$r_buff0_thd3 ? FALSE : z$r_buff0_thd3));
                                                                     ~~ ~~~~~~~~~~~~~~~~^~~~~~~~~~~~~~~~~~
mix017_tso.opt_false-unreach-call.c:231:89: note: place parentheses around the '&&' expression to silence this warning
  z$r_buff0_thd3 = weak$$choice2 ? z$r_buff0_thd3 : (!z$w_buff0_used || !z$r_buff0_thd3 && !z$w_buff1_used || !z$r_buff0_thd3 && !z$r_buff1_thd3 ? z$r_buff0_thd3 : (z$w_buff0_used && z$r_buff0_thd3 ? FALSE : z$r_buff0_thd3));
                                                                                        ^
                                                                        (                                 )
mix017_tso.opt_false-unreach-call.c:231:127: warning: '&&' within '||' [-Wlogical-op-parentheses]
  z$r_buff0_thd3 = weak$$choice2 ? z$r_buff0_thd3 : (!z$w_buff0_used || !z$r_buff0_thd3 && !z$w_buff1_used || !z$r_buff0_thd3 && !z$r_buff1_thd3 ? z$r_buff0_thd3 : (z$w_buff0_used && z$r_buff0_thd3 ? FALSE : z$r_buff0_thd3));
                                                                                                           ~~ ~~~~~~~~~~~~~~~~^~~~~~~~~~~~~~~~~~
mix017_tso.opt_false-unreach-call.c:231:127: note: place parentheses around the '&&' expression to silence this warning
  z$r_buff0_thd3 = weak$$choice2 ? z$r_buff0_thd3 : (!z$w_buff0_used || !z$r_buff0_thd3 && !z$w_buff1_used || !z$r_buff0_thd3 && !z$r_buff1_thd3 ? z$r_buff0_thd3 : (z$w_buff0_used && z$r_buff0_thd3 ? FALSE : z$r_buff0_thd3));
                                                                                                                              ^
                                                                                                              (                                 )
mix017_tso.opt_false-unreach-call.c:232:89: warning: '&&' within '||' [-Wlogical-op-parentheses]
  z$r_buff1_thd3 = weak$$choice2 ? z$r_buff1_thd3 : (!z$w_buff0_used || !z$r_buff0_thd3 && !z$w_buff1_used || !z$r_buff0_thd3 && !z$r_buff1_thd3 ? z$r_buff1_thd3 : (z$w_buff0_used && z$r_buff0_thd3 ? FALSE : FALSE));
                                                                     ~~ ~~~~~~~~~~~~~~~~^~~~~~~~~~~~~~~~~~
mix017_tso.opt_false-unreach-call.c:232:89: note: place parentheses around the '&&' expression to silence this warning
  z$r_buff1_thd3 = weak$$choice2 ? z$r_buff1_thd3 : (!z$w_buff0_used || !z$r_buff0_thd3 && !z$w_buff1_used || !z$r_buff0_thd3 && !z$r_buff1_thd3 ? z$r_buff1_thd3 : (z$w_buff0_used && z$r_buff0_thd3 ? FALSE : FALSE));
                                                                                        ^
                                                                        (                                 )
mix017_tso.opt_false-unreach-call.c:232:127: warning: '&&' within '||' [-Wlogical-op-parentheses]
  z$r_buff1_thd3 = weak$$choice2 ? z$r_buff1_thd3 : (!z$w_buff0_used || !z$r_buff0_thd3 && !z$w_buff1_used || !z$r_buff0_thd3 && !z$r_buff1_thd3 ? z$r_buff1_thd3 : (z$w_buff0_used && z$r_buff0_thd3 ? FALSE : FALSE));
                                                                                                           ~~ ~~~~~~~~~~~~~~~~^~~~~~~~~~~~~~~~~~
mix017_tso.opt_false-unreach-call.c:232:127: note: place parentheses around the '&&' expression to silence this warning
  z$r_buff1_thd3 = weak$$choice2 ? z$r_buff1_thd3 : (!z$w_buff0_used || !z$r_buff0_thd3 && !z$w_buff1_used || !z$r_buff0_thd3 && !z$r_buff1_thd3 ? z$r_buff1_thd3 : (z$w_buff0_used && z$r_buff0_thd3 ? FALSE : FALSE));
                                                                                                                              ^
                                                                                                              (                                 )
mix017_tso.opt_false-unreach-call.c:242:10: warning: incompatible integer to pointer conversion returning 'int' from a function with result type 'void *' [-Wint-conversion]
  return nondet_0();
         ^~~~~~~~~~
mix017_tso.opt_false-unreach-call.c:267:42: warning: '&&' within '||' [-Wlogical-op-parentheses]
  z = !z$w_buff0_used || !z$r_buff0_thd4 && !z$w_buff1_used || !z$r_buff0_thd4 && !z$r_buff1_thd4 ? z : (z$w_buff0_used && z$r_buff0_thd4 ? z$w_buff0 : z$w_buff1);
                      ~~ ~~~~~~~~~~~~~~~~^~~~~~~~~~~~~~~~~~
mix017_tso.opt_false-unreach-call.c:267:42: note: place parentheses around the '&&' expression to silence this warning
  z = !z$w_buff0_used || !z$r_buff0_thd4 && !z$w_buff1_used || !z$r_buff0_thd4 && !z$r_buff1_thd4 ? z : (z$w_buff0_used && z$r_buff0_thd4 ? z$w_buff0 : z$w_buff1);
                                         ^
                         (                                 )
mix017_tso.opt_false-unreach-call.c:267:80: warning: '&&' within '||' [-Wlogical-op-parentheses]
  z = !z$w_buff0_used || !z$r_buff0_thd4 && !z$w_buff1_used || !z$r_buff0_thd4 && !z$r_buff1_thd4 ? z : (z$w_buff0_used && z$r_buff0_thd4 ? z$w_buff0 : z$w_buff1);
                                                            ~~ ~~~~~~~~~~~~~~~~^~~~~~~~~~~~~~~~~~
mix017_tso.opt_false-unreach-call.c:267:80: note: place parentheses around the '&&' expression to silence this warning
  z = !z$w_buff0_used || !z$r_buff0_thd4 && !z$w_buff1_used || !z$r_buff0_thd4 && !z$r_buff1_thd4 ? z : (z$w_buff0_used && z$r_buff0_thd4 ? z$w_buff0 : z$w_buff1);
                                                                               ^
                                                               (                                 )
mix017_tso.opt_false-unreach-call.c:268:79: warning: '&&' within '||' [-Wlogical-op-parentheses]
  z$w_buff0 = weak$$choice2 ? z$w_buff0 : (!z$w_buff0_used || !z$r_buff0_thd4 && !z$w_buff1_used || !z$r_buff0_thd4 && !z$r_buff1_thd4 ? z$w_buff0 : (z$w_buff0_used && z$r_buff0_thd4 ? z$w_buff0 : z$w_buff0));
                                                           ~~ ~~~~~~~~~~~~~~~~^~~~~~~~~~~~~~~~~~
mix017_tso.opt_false-unreach-call.c:268:79: note: place parentheses around the '&&' expression to silence this warning
  z$w_buff0 = weak$$choice2 ? z$w_buff0 : (!z$w_buff0_used || !z$r_buff0_thd4 && !z$w_buff1_used || !z$r_buff0_thd4 && !z$r_buff1_thd4 ? z$w_buff0 : (z$w_buff0_used && z$r_buff0_thd4 ? z$w_buff0 : z$w_buff0));
                                                                              ^
                                                              (                                 )
mix017_tso.opt_false-unreach-call.c:268:117: warning: '&&' within '||' [-Wlogical-op-parentheses]
  z$w_buff0 = weak$$choice2 ? z$w_buff0 : (!z$w_buff0_used || !z$r_buff0_thd4 && !z$w_buff1_used || !z$r_buff0_thd4 && !z$r_buff1_thd4 ? z$w_buff0 : (z$w_buff0_used && z$r_buff0_thd4 ? z$w_buff0 : z$w_buff0));
                                                                                                 ~~ ~~~~~~~~~~~~~~~~^~~~~~~~~~~~~~~~~~
mix017_tso.opt_false-unreach-call.c:268:117: note: place parentheses around the '&&' expression to silence this warning
  z$w_buff0 = weak$$choice2 ? z$w_buff0 : (!z$w_buff0_used || !z$r_buff0_thd4 && !z$w_buff1_used || !z$r_buff0_thd4 && !z$r_buff1_thd4 ? z$w_buff0 : (z$w_buff0_used && z$r_buff0_thd4 ? z$w_buff0 : z$w_buff0));
                                                                                                                    ^
                                                                                                    (                                 )
mix017_tso.opt_false-unreach-call.c:269:79: warning: '&&' within '||' [-Wlogical-op-parentheses]
  z$w_buff1 = weak$$choice2 ? z$w_buff1 : (!z$w_buff0_used || !z$r_buff0_thd4 && !z$w_buff1_used || !z$r_buff0_thd4 && !z$r_buff1_thd4 ? z$w_buff1 : (z$w_buff0_used && z$r_buff0_thd4 ? z$w_buff1 : z$w_buff1));
                                                           ~~ ~~~~~~~~~~~~~~~~^~~~~~~~~~~~~~~~~~
mix017_tso.opt_false-unreach-call.c:269:79: note: place parentheses around the '&&' expression to silence this warning
  z$w_buff1 = weak$$choice2 ? z$w_buff1 : (!z$w_buff0_used || !z$r_buff0_thd4 && !z$w_buff1_used || !z$r_buff0_thd4 && !z$r_buff1_thd4 ? z$w_buff1 : (z$w_buff0_used && z$r_buff0_thd4 ? z$w_buff1 : z$w_buff1));
                                                                              ^
                                                              (                                 )
mix017_tso.opt_false-unreach-call.c:269:117: warning: '&&' within '||' [-Wlogical-op-parentheses]
  z$w_buff1 = weak$$choice2 ? z$w_buff1 : (!z$w_buff0_used || !z$r_buff0_thd4 && !z$w_buff1_used || !z$r_buff0_thd4 && !z$r_buff1_thd4 ? z$w_buff1 : (z$w_buff0_used && z$r_buff0_thd4 ? z$w_buff1 : z$w_buff1));
                                                                                                 ~~ ~~~~~~~~~~~~~~~~^~~~~~~~~~~~~~~~~~
mix017_tso.opt_false-unreach-call.c:269:117: note: place parentheses around the '&&' expression to silence this warning
  z$w_buff1 = weak$$choice2 ? z$w_buff1 : (!z$w_buff0_used || !z$r_buff0_thd4 && !z$w_buff1_used || !z$r_buff0_thd4 && !z$r_buff1_thd4 ? z$w_buff1 : (z$w_buff0_used && z$r_buff0_thd4 ? z$w_buff1 : z$w_buff1));
                                                                                                                    ^
                                                                                                    (                                 )
mix017_tso.opt_false-unreach-call.c:270:89: warning: '&&' within '||' [-Wlogical-op-parentheses]
  z$w_buff0_used = weak$$choice2 ? z$w_buff0_used : (!z$w_buff0_used || !z$r_buff0_thd4 && !z$w_buff1_used || !z$r_buff0_thd4 && !z$r_buff1_thd4 ? z$w_buff0_used : (z$w_buff0_used && z$r_buff0_thd4 ? FALSE : z$w_buff0_used));
                                                                     ~~ ~~~~~~~~~~~~~~~~^~~~~~~~~~~~~~~~~~
mix017_tso.opt_false-unreach-call.c:270:89: note: place parentheses around the '&&' expression to silence this warning
  z$w_buff0_used = weak$$choice2 ? z$w_buff0_used : (!z$w_buff0_used || !z$r_buff0_thd4 && !z$w_buff1_used || !z$r_buff0_thd4 && !z$r_buff1_thd4 ? z$w_buff0_used : (z$w_buff0_used && z$r_buff0_thd4 ? FALSE : z$w_buff0_used));
                                                                                        ^
                                                                        (                                 )
mix017_tso.opt_false-unreach-call.c:270:127: warning: '&&' within '||' [-Wlogical-op-parentheses]
  z$w_buff0_used = weak$$choice2 ? z$w_buff0_used : (!z$w_buff0_used || !z$r_buff0_thd4 && !z$w_buff1_used || !z$r_buff0_thd4 && !z$r_buff1_thd4 ? z$w_buff0_used : (z$w_buff0_used && z$r_buff0_thd4 ? FALSE : z$w_buff0_used));
                                                                                                           ~~ ~~~~~~~~~~~~~~~~^~~~~~~~~~~~~~~~~~
mix017_tso.opt_false-unreach-call.c:270:127: note: place parentheses around the '&&' expression to silence this warning
  z$w_buff0_used = weak$$choice2 ? z$w_buff0_used : (!z$w_buff0_used || !z$r_buff0_thd4 && !z$w_buff1_used || !z$r_buff0_thd4 && !z$r_buff1_thd4 ? z$w_buff0_used : (z$w_buff0_used && z$r_buff0_thd4 ? FALSE : z$w_buff0_used));
                                                                                                                              ^
                                                                                                              (                                 )
mix017_tso.opt_false-unreach-call.c:271:89: warning: '&&' within '||' [-Wlogical-op-parentheses]
  z$w_buff1_used = weak$$choice2 ? z$w_buff1_used : (!z$w_buff0_used || !z$r_buff0_thd4 && !z$w_buff1_used || !z$r_buff0_thd4 && !z$r_buff1_thd4 ? z$w_buff1_used : (z$w_buff0_used && z$r_buff0_thd4 ? FALSE : FALSE));
                                                                     ~~ ~~~~~~~~~~~~~~~~^~~~~~~~~~~~~~~~~~
mix017_tso.opt_false-unreach-call.c:271:89: note: place parentheses around the '&&' expression to silence this warning
  z$w_buff1_used = weak$$choice2 ? z$w_buff1_used : (!z$w_buff0_used || !z$r_buff0_thd4 && !z$w_buff1_used || !z$r_buff0_thd4 && !z$r_buff1_thd4 ? z$w_buff1_used : (z$w_buff0_used && z$r_buff0_thd4 ? FALSE : FALSE));
                                                                                        ^
                                                                        (                                 )
mix017_tso.opt_false-unreach-call.c:271:127: warning: '&&' within '||' [-Wlogical-op-parentheses]
  z$w_buff1_used = weak$$choice2 ? z$w_buff1_used : (!z$w_buff0_used || !z$r_buff0_thd4 && !z$w_buff1_used || !z$r_buff0_thd4 && !z$r_buff1_thd4 ? z$w_buff1_used : (z$w_buff0_used && z$r_buff0_thd4 ? FALSE : FALSE));
                                                                                                           ~~ ~~~~~~~~~~~~~~~~^~~~~~~~~~~~~~~~~~
mix017_tso.opt_false-unreach-call.c:271:127: note: place parentheses around the '&&' expression to silence this warning
  z$w_buff1_used = weak$$choice2 ? z$w_buff1_used : (!z$w_buff0_used || !z$r_buff0_thd4 && !z$w_buff1_used || !z$r_buff0_thd4 && !z$r_buff1_thd4 ? z$w_buff1_used : (z$w_buff0_used && z$r_buff0_thd4 ? FALSE : FALSE));
                                                                                                                              ^
                                                                                                              (                                 )
mix017_tso.opt_false-unreach-call.c:272:89: warning: '&&' within '||' [-Wlogical-op-parentheses]
  z$r_buff0_thd4 = weak$$choice2 ? z$r_buff0_thd4 : (!z$w_buff0_used || !z$r_buff0_thd4 && !z$w_buff1_used || !z$r_buff0_thd4 && !z$r_buff1_thd4 ? z$r_buff0_thd4 : (z$w_buff0_used && z$r_buff0_thd4 ? FALSE : z$r_buff0_thd4));
                                                                     ~~ ~~~~~~~~~~~~~~~~^~~~~~~~~~~~~~~~~~
mix017_tso.opt_false-unreach-call.c:272:89: note: place parentheses around the '&&' expression to silence this warning
  z$r_buff0_thd4 = weak$$choice2 ? z$r_buff0_thd4 : (!z$w_buff0_used || !z$r_buff0_thd4 && !z$w_buff1_used || !z$r_buff0_thd4 && !z$r_buff1_thd4 ? z$r_buff0_thd4 : (z$w_buff0_used && z$r_buff0_thd4 ? FALSE : z$r_buff0_thd4));
                                                                                        ^
                                                                        (                                 )
mix017_tso.opt_false-unreach-call.c:272:127: warning: '&&' within '||' [-Wlogical-op-parentheses]
  z$r_buff0_thd4 = weak$$choice2 ? z$r_buff0_thd4 : (!z$w_buff0_used || !z$r_buff0_thd4 && !z$w_buff1_used || !z$r_buff0_thd4 && !z$r_buff1_thd4 ? z$r_buff0_thd4 : (z$w_buff0_used && z$r_buff0_thd4 ? FALSE : z$r_buff0_thd4));
                                                                                                           ~~ ~~~~~~~~~~~~~~~~^~~~~~~~~~~~~~~~~~
mix017_tso.opt_false-unreach-call.c:272:127: note: place parentheses around the '&&' expression to silence this warning
  z$r_buff0_thd4 = weak$$choice2 ? z$r_buff0_thd4 : (!z$w_buff0_used || !z$r_buff0_thd4 && !z$w_buff1_used || !z$r_buff0_thd4 && !z$r_buff1_thd4 ? z$r_buff0_thd4 : (z$w_buff0_used && z$r_buff0_thd4 ? FALSE : z$r_buff0_thd4));
                                                                                                                              ^
                                                                                                              (                                 )
mix017_tso.opt_false-unreach-call.c:273:89: warning: '&&' within '||' [-Wlogical-op-parentheses]
  z$r_buff1_thd4 = weak$$choice2 ? z$r_buff1_thd4 : (!z$w_buff0_used || !z$r_buff0_thd4 && !z$w_buff1_used || !z$r_buff0_thd4 && !z$r_buff1_thd4 ? z$r_buff1_thd4 : (z$w_buff0_used && z$r_buff0_thd4 ? FALSE : FALSE));
                                                                     ~~ ~~~~~~~~~~~~~~~~^~~~~~~~~~~~~~~~~~
mix017_tso.opt_false-unreach-call.c:273:89: note: place parentheses around the '&&' expression to silence this warning
  z$r_buff1_thd4 = weak$$choice2 ? z$r_buff1_thd4 : (!z$w_buff0_used || !z$r_buff0_thd4 && !z$w_buff1_used || !z$r_buff0_thd4 && !z$r_buff1_thd4 ? z$r_buff1_thd4 : (z$w_buff0_used && z$r_buff0_thd4 ? FALSE : FALSE));
                                                                                        ^
                                                                        (                                 )
mix017_tso.opt_false-unreach-call.c:273:127: warning: '&&' within '||' [-Wlogical-op-parentheses]
  z$r_buff1_thd4 = weak$$choice2 ? z$r_buff1_thd4 : (!z$w_buff0_used || !z$r_buff0_thd4 && !z$w_buff1_used || !z$r_buff0_thd4 && !z$r_buff1_thd4 ? z$r_buff1_thd4 : (z$w_buff0_used && z$r_buff0_thd4 ? FALSE : FALSE));
                                                                                                           ~~ ~~~~~~~~~~~~~~~~^~~~~~~~~~~~~~~~~~
mix017_tso.opt_false-unreach-call.c:273:127: note: place parentheses around the '&&' expression to silence this warning
  z$r_buff1_thd4 = weak$$choice2 ? z$r_buff1_thd4 : (!z$w_buff0_used || !z$r_buff0_thd4 && !z$w_buff1_used || !z$r_buff0_thd4 && !z$r_buff1_thd4 ? z$r_buff1_thd4 : (z$w_buff0_used && z$r_buff0_thd4 ? FALSE : FALSE));
                                                                                                                              ^
                                                                                                              (                                 )
mix017_tso.opt_false-unreach-call.c:284:35: warning: '&&' within '||' [-Wlogical-op-parentheses]
  z$w_buff1_used = z$w_buff0_used && z$r_buff0_thd4 || z$w_buff1_used && z$r_buff1_thd4 ? FALSE : z$w_buff1_used;
                   ~~~~~~~~~~~~~~~^~~~~~~~~~~~~~~~~ ~~
mix017_tso.opt_false-unreach-call.c:284:35: note: place parentheses around the '&&' expression to silence this warning
  z$w_buff1_used = z$w_buff0_used && z$r_buff0_thd4 || z$w_buff1_used && z$r_buff1_thd4 ? FALSE : z$w_buff1_used;
                                  ^
                   (                               )
mix017_tso.opt_false-unreach-call.c:284:71: warning: '&&' within '||' [-Wlogical-op-parentheses]
  z$w_buff1_used = z$w_buff0_used && z$r_buff0_thd4 || z$w_buff1_used && z$r_buff1_thd4 ? FALSE : z$w_buff1_used;
                                                    ~~ ~~~~~~~~~~~~~~~^~~~~~~~~~~~~~~~~
mix017_tso.opt_false-unreach-call.c:284:71: note: place parentheses around the '&&' expression to silence this warning
  z$w_buff1_used = z$w_buff0_used && z$r_buff0_thd4 || z$w_buff1_used && z$r_buff1_thd4 ? FALSE : z$w_buff1_used;
                                                                      ^
                                                       (                               )
mix017_tso.opt_false-unreach-call.c:286:35: warning: '&&' within '||' [-Wlogical-op-parentheses]
  z$r_buff1_thd4 = z$w_buff0_used && z$r_buff0_thd4 || z$w_buff1_used && z$r_buff1_thd4 ? FALSE : z$r_buff1_thd4;
                   ~~~~~~~~~~~~~~~^~~~~~~~~~~~~~~~~ ~~
mix017_tso.opt_false-unreach-call.c:286:35: note: place parentheses around the '&&' expression to silence this warning
  z$r_buff1_thd4 = z$w_buff0_used && z$r_buff0_thd4 || z$w_buff1_used && z$r_buff1_thd4 ? FALSE : z$r_buff1_thd4;
                                  ^
                   (                               )
mix017_tso.opt_false-unreach-call.c:286:71: warning: '&&' within '||' [-Wlogical-op-parentheses]
  z$r_buff1_thd4 = z$w_buff0_used && z$r_buff0_thd4 || z$w_buff1_used && z$r_buff1_thd4 ? FALSE : z$r_buff1_thd4;
                                                    ~~ ~~~~~~~~~~~~~~~^~~~~~~~~~~~~~~~~
mix017_tso.opt_false-unreach-call.c:286:71: note: place parentheses around the '&&' expression to silence this warning
  z$r_buff1_thd4 = z$w_buff0_used && z$r_buff0_thd4 || z$w_buff1_used && z$r_buff1_thd4 ? FALSE : z$r_buff1_thd4;
                                                                      ^
                                                       (                               )
mix017_tso.opt_false-unreach-call.c:291:10: warning: incompatible integer to pointer conversion returning 'int' from a function with result type 'void *' [-Wint-conversion]
  return nondet_0();
         ^~~~~~~~~~
mix017_tso.opt_false-unreach-call.c:319:38: warning: null passed to a callee which requires a non-null argument [-Wnonnull]
  pthread_create(NULL, NULL, P0, NULL);
                 ~~~~                ^
mix017_tso.opt_false-unreach-call.c:320:38: warning: null passed to a callee which requires a non-null argument [-Wnonnull]
  pthread_create(NULL, NULL, P1, NULL);
                 ~~~~                ^
mix017_tso.opt_false-unreach-call.c:321:38: warning: null passed to a callee which requires a non-null argument [-Wnonnull]
  pthread_create(NULL, NULL, P2, NULL);
                 ~~~~                ^
mix017_tso.opt_false-unreach-call.c:322:38: warning: null passed to a callee which requires a non-null argument [-Wnonnull]
  pthread_create(NULL, NULL, P3, NULL);
                 ~~~~                ^
mix017_tso.opt_false-unreach-call.c:330:35: warning: '&&' within '||' [-Wlogical-op-parentheses]
  z$w_buff1_used = z$w_buff0_used && z$r_buff0_thd0 || z$w_buff1_used && z$r_buff1_thd0 ? FALSE : z$w_buff1_used;
                   ~~~~~~~~~~~~~~~^~~~~~~~~~~~~~~~~ ~~
mix017_tso.opt_false-unreach-call.c:330:35: note: place parentheses around the '&&' expression to silence this warning
  z$w_buff1_used = z$w_buff0_used && z$r_buff0_thd0 || z$w_buff1_used && z$r_buff1_thd0 ? FALSE : z$w_buff1_used;
                                  ^
                   (                               )
mix017_tso.opt_false-unreach-call.c:330:71: warning: '&&' within '||' [-Wlogical-op-parentheses]
  z$w_buff1_used = z$w_buff0_used && z$r_buff0_thd0 || z$w_buff1_used && z$r_buff1_thd0 ? FALSE : z$w_buff1_used;
                                                    ~~ ~~~~~~~~~~~~~~~^~~~~~~~~~~~~~~~~
mix017_tso.opt_false-unreach-call.c:330:71: note: place parentheses around the '&&' expression to silence this warning
  z$w_buff1_used = z$w_buff0_used && z$r_buff0_thd0 || z$w_buff1_used && z$r_buff1_thd0 ? FALSE : z$w_buff1_used;
                                                                      ^
                                                       (                               )
mix017_tso.opt_false-unreach-call.c:332:35: warning: '&&' within '||' [-Wlogical-op-parentheses]
  z$r_buff1_thd0 = z$w_buff0_used && z$r_buff0_thd0 || z$w_buff1_used && z$r_buff1_thd0 ? FALSE : z$r_buff1_thd0;
                   ~~~~~~~~~~~~~~~^~~~~~~~~~~~~~~~~ ~~
mix017_tso.opt_false-unreach-call.c:332:35: note: place parentheses around the '&&' expression to silence this warning
  z$r_buff1_thd0 = z$w_buff0_used && z$r_buff0_thd0 || z$w_buff1_used && z$r_buff1_thd0 ? FALSE : z$r_buff1_thd0;
                                  ^
                   (                               )
mix017_tso.opt_false-unreach-call.c:332:71: warning: '&&' within '||' [-Wlogical-op-parentheses]
  z$r_buff1_thd0 = z$w_buff0_used && z$r_buff0_thd0 || z$w_buff1_used && z$r_buff1_thd0 ? FALSE : z$r_buff1_thd0;
                                                    ~~ ~~~~~~~~~~~~~~~^~~~~~~~~~~~~~~~~
mix017_tso.opt_false-unreach-call.c:332:71: note: place parentheses around the '&&' expression to silence this warning
  z$r_buff1_thd0 = z$w_buff0_used && z$r_buff0_thd0 || z$w_buff1_used && z$r_buff1_thd0 ? FALSE : z$r_buff1_thd0;
                                                                      ^
                                                       (                               )
47 warnings generated.
