mix017_power.oepc_false-unreach-call.c:4:34: warning: implicit declaration of function '__VERIFIER_assume' is invalid in C99 [-Wimplicit-function-declaration]
void __VERIFIER_atomic_begin() { __VERIFIER_assume(__global_lock==0); __global_lock=1; return; }
                                 ^
mix017_power.oepc_false-unreach-call.c:201:35: warning: '&&' within '||' [-Wlogical-op-parentheses]
  a$w_buff1_used = a$w_buff0_used && a$r_buff0_thd1 || a$w_buff1_used && a$r_buff1_thd1 ? FALSE : a$w_buff1_used;
                   ~~~~~~~~~~~~~~~^~~~~~~~~~~~~~~~~ ~~
mix017_power.oepc_false-unreach-call.c:201:35: note: place parentheses around the '&&' expression to silence this warning
  a$w_buff1_used = a$w_buff0_used && a$r_buff0_thd1 || a$w_buff1_used && a$r_buff1_thd1 ? FALSE : a$w_buff1_used;
                                  ^
                   (                               )
mix017_power.oepc_false-unreach-call.c:201:71: warning: '&&' within '||' [-Wlogical-op-parentheses]
  a$w_buff1_used = a$w_buff0_used && a$r_buff0_thd1 || a$w_buff1_used && a$r_buff1_thd1 ? FALSE : a$w_buff1_used;
                                                    ~~ ~~~~~~~~~~~~~~~^~~~~~~~~~~~~~~~~
mix017_power.oepc_false-unreach-call.c:201:71: note: place parentheses around the '&&' expression to silence this warning
  a$w_buff1_used = a$w_buff0_used && a$r_buff0_thd1 || a$w_buff1_used && a$r_buff1_thd1 ? FALSE : a$w_buff1_used;
                                                                      ^
                                                       (                               )
mix017_power.oepc_false-unreach-call.c:203:35: warning: '&&' within '||' [-Wlogical-op-parentheses]
  a$r_buff1_thd1 = a$w_buff0_used && a$r_buff0_thd1 || a$w_buff1_used && a$r_buff1_thd1 ? FALSE : a$r_buff1_thd1;
                   ~~~~~~~~~~~~~~~^~~~~~~~~~~~~~~~~ ~~
mix017_power.oepc_false-unreach-call.c:203:35: note: place parentheses around the '&&' expression to silence this warning
  a$r_buff1_thd1 = a$w_buff0_used && a$r_buff0_thd1 || a$w_buff1_used && a$r_buff1_thd1 ? FALSE : a$r_buff1_thd1;
                                  ^
                   (                               )
mix017_power.oepc_false-unreach-call.c:203:71: warning: '&&' within '||' [-Wlogical-op-parentheses]
  a$r_buff1_thd1 = a$w_buff0_used && a$r_buff0_thd1 || a$w_buff1_used && a$r_buff1_thd1 ? FALSE : a$r_buff1_thd1;
                                                    ~~ ~~~~~~~~~~~~~~~^~~~~~~~~~~~~~~~~
mix017_power.oepc_false-unreach-call.c:203:71: note: place parentheses around the '&&' expression to silence this warning
  a$r_buff1_thd1 = a$w_buff0_used && a$r_buff0_thd1 || a$w_buff1_used && a$r_buff1_thd1 ? FALSE : a$r_buff1_thd1;
                                                                      ^
                                                       (                               )
mix017_power.oepc_false-unreach-call.c:208:10: warning: implicit declaration of function 'nondet_0' is invalid in C99 [-Wimplicit-function-declaration]
  return nondet_0();
         ^
mix017_power.oepc_false-unreach-call.c:208:10: warning: incompatible integer to pointer conversion returning 'int' from a function with result type 'void *' [-Wint-conversion]
  return nondet_0();
         ^~~~~~~~~~
mix017_power.oepc_false-unreach-call.c:224:35: warning: '&&' within '||' [-Wlogical-op-parentheses]
  a$w_buff1_used = a$w_buff0_used && a$r_buff0_thd2 || a$w_buff1_used && a$r_buff1_thd2 ? FALSE : a$w_buff1_used;
                   ~~~~~~~~~~~~~~~^~~~~~~~~~~~~~~~~ ~~
mix017_power.oepc_false-unreach-call.c:224:35: note: place parentheses around the '&&' expression to silence this warning
  a$w_buff1_used = a$w_buff0_used && a$r_buff0_thd2 || a$w_buff1_used && a$r_buff1_thd2 ? FALSE : a$w_buff1_used;
                                  ^
                   (                               )
mix017_power.oepc_false-unreach-call.c:224:71: warning: '&&' within '||' [-Wlogical-op-parentheses]
  a$w_buff1_used = a$w_buff0_used && a$r_buff0_thd2 || a$w_buff1_used && a$r_buff1_thd2 ? FALSE : a$w_buff1_used;
                                                    ~~ ~~~~~~~~~~~~~~~^~~~~~~~~~~~~~~~~
mix017_power.oepc_false-unreach-call.c:224:71: note: place parentheses around the '&&' expression to silence this warning
  a$w_buff1_used = a$w_buff0_used && a$r_buff0_thd2 || a$w_buff1_used && a$r_buff1_thd2 ? FALSE : a$w_buff1_used;
                                                                      ^
                                                       (                               )
mix017_power.oepc_false-unreach-call.c:226:35: warning: '&&' within '||' [-Wlogical-op-parentheses]
  a$r_buff1_thd2 = a$w_buff0_used && a$r_buff0_thd2 || a$w_buff1_used && a$r_buff1_thd2 ? FALSE : a$r_buff1_thd2;
                   ~~~~~~~~~~~~~~~^~~~~~~~~~~~~~~~~ ~~
mix017_power.oepc_false-unreach-call.c:226:35: note: place parentheses around the '&&' expression to silence this warning
  a$r_buff1_thd2 = a$w_buff0_used && a$r_buff0_thd2 || a$w_buff1_used && a$r_buff1_thd2 ? FALSE : a$r_buff1_thd2;
                                  ^
                   (                               )
mix017_power.oepc_false-unreach-call.c:226:71: warning: '&&' within '||' [-Wlogical-op-parentheses]
  a$r_buff1_thd2 = a$w_buff0_used && a$r_buff0_thd2 || a$w_buff1_used && a$r_buff1_thd2 ? FALSE : a$r_buff1_thd2;
                                                    ~~ ~~~~~~~~~~~~~~~^~~~~~~~~~~~~~~~~
mix017_power.oepc_false-unreach-call.c:226:71: note: place parentheses around the '&&' expression to silence this warning
  a$r_buff1_thd2 = a$w_buff0_used && a$r_buff0_thd2 || a$w_buff1_used && a$r_buff1_thd2 ? FALSE : a$r_buff1_thd2;
                                                                      ^
                                                       (                               )
mix017_power.oepc_false-unreach-call.c:231:10: warning: incompatible integer to pointer conversion returning 'int' from a function with result type 'void *' [-Wint-conversion]
  return nondet_0();
         ^~~~~~~~~~
mix017_power.oepc_false-unreach-call.c:247:35: warning: '&&' within '||' [-Wlogical-op-parentheses]
  a$w_buff1_used = a$w_buff0_used && a$r_buff0_thd3 || a$w_buff1_used && a$r_buff1_thd3 ? FALSE : a$w_buff1_used;
                   ~~~~~~~~~~~~~~~^~~~~~~~~~~~~~~~~ ~~
mix017_power.oepc_false-unreach-call.c:247:35: note: place parentheses around the '&&' expression to silence this warning
  a$w_buff1_used = a$w_buff0_used && a$r_buff0_thd3 || a$w_buff1_used && a$r_buff1_thd3 ? FALSE : a$w_buff1_used;
                                  ^
                   (                               )
mix017_power.oepc_false-unreach-call.c:247:71: warning: '&&' within '||' [-Wlogical-op-parentheses]
  a$w_buff1_used = a$w_buff0_used && a$r_buff0_thd3 || a$w_buff1_used && a$r_buff1_thd3 ? FALSE : a$w_buff1_used;
                                                    ~~ ~~~~~~~~~~~~~~~^~~~~~~~~~~~~~~~~
mix017_power.oepc_false-unreach-call.c:247:71: note: place parentheses around the '&&' expression to silence this warning
  a$w_buff1_used = a$w_buff0_used && a$r_buff0_thd3 || a$w_buff1_used && a$r_buff1_thd3 ? FALSE : a$w_buff1_used;
                                                                      ^
                                                       (                               )
mix017_power.oepc_false-unreach-call.c:249:35: warning: '&&' within '||' [-Wlogical-op-parentheses]
  a$r_buff1_thd3 = a$w_buff0_used && a$r_buff0_thd3 || a$w_buff1_used && a$r_buff1_thd3 ? FALSE : a$r_buff1_thd3;
                   ~~~~~~~~~~~~~~~^~~~~~~~~~~~~~~~~ ~~
mix017_power.oepc_false-unreach-call.c:249:35: note: place parentheses around the '&&' expression to silence this warning
  a$r_buff1_thd3 = a$w_buff0_used && a$r_buff0_thd3 || a$w_buff1_used && a$r_buff1_thd3 ? FALSE : a$r_buff1_thd3;
                                  ^
                   (                               )
mix017_power.oepc_false-unreach-call.c:249:71: warning: '&&' within '||' [-Wlogical-op-parentheses]
  a$r_buff1_thd3 = a$w_buff0_used && a$r_buff0_thd3 || a$w_buff1_used && a$r_buff1_thd3 ? FALSE : a$r_buff1_thd3;
                                                    ~~ ~~~~~~~~~~~~~~~^~~~~~~~~~~~~~~~~
mix017_power.oepc_false-unreach-call.c:249:71: note: place parentheses around the '&&' expression to silence this warning
  a$r_buff1_thd3 = a$w_buff0_used && a$r_buff0_thd3 || a$w_buff1_used && a$r_buff1_thd3 ? FALSE : a$r_buff1_thd3;
                                                                      ^
                                                       (                               )
mix017_power.oepc_false-unreach-call.c:254:10: warning: incompatible integer to pointer conversion returning 'int' from a function with result type 'void *' [-Wint-conversion]
  return nondet_0();
         ^~~~~~~~~~
mix017_power.oepc_false-unreach-call.c:268:19: warning: implicit declaration of function 'nondet_1' is invalid in C99 [-Wimplicit-function-declaration]
  weak$$choice0 = nondet_1();
                  ^
mix017_power.oepc_false-unreach-call.c:272:42: warning: '&&' within '||' [-Wlogical-op-parentheses]
  a = !a$w_buff0_used || !a$r_buff0_thd4 && !a$w_buff1_used || !a$r_buff0_thd4 && !a$r_buff1_thd4 ? a : (a$w_buff0_used && a$r_buff0_thd4 ? a$w_buff0 : a$w_buff1);
                      ~~ ~~~~~~~~~~~~~~~~^~~~~~~~~~~~~~~~~~
mix017_power.oepc_false-unreach-call.c:272:42: note: place parentheses around the '&&' expression to silence this warning
  a = !a$w_buff0_used || !a$r_buff0_thd4 && !a$w_buff1_used || !a$r_buff0_thd4 && !a$r_buff1_thd4 ? a : (a$w_buff0_used && a$r_buff0_thd4 ? a$w_buff0 : a$w_buff1);
                                         ^
                         (                                 )
mix017_power.oepc_false-unreach-call.c:272:80: warning: '&&' within '||' [-Wlogical-op-parentheses]
  a = !a$w_buff0_used || !a$r_buff0_thd4 && !a$w_buff1_used || !a$r_buff0_thd4 && !a$r_buff1_thd4 ? a : (a$w_buff0_used && a$r_buff0_thd4 ? a$w_buff0 : a$w_buff1);
                                                            ~~ ~~~~~~~~~~~~~~~~^~~~~~~~~~~~~~~~~~
mix017_power.oepc_false-unreach-call.c:272:80: note: place parentheses around the '&&' expression to silence this warning
  a = !a$w_buff0_used || !a$r_buff0_thd4 && !a$w_buff1_used || !a$r_buff0_thd4 && !a$r_buff1_thd4 ? a : (a$w_buff0_used && a$r_buff0_thd4 ? a$w_buff0 : a$w_buff1);
                                                                               ^
                                                               (                                 )
mix017_power.oepc_false-unreach-call.c:273:79: warning: '&&' within '||' [-Wlogical-op-parentheses]
  a$w_buff0 = weak$$choice2 ? a$w_buff0 : (!a$w_buff0_used || !a$r_buff0_thd4 && !a$w_buff1_used || !a$r_buff0_thd4 && !a$r_buff1_thd4 ? a$w_buff0 : (a$w_buff0_used && a$r_buff0_thd4 ? a$w_buff0 : a$w_buff0));
                                                           ~~ ~~~~~~~~~~~~~~~~^~~~~~~~~~~~~~~~~~
mix017_power.oepc_false-unreach-call.c:273:79: note: place parentheses around the '&&' expression to silence this warning
  a$w_buff0 = weak$$choice2 ? a$w_buff0 : (!a$w_buff0_used || !a$r_buff0_thd4 && !a$w_buff1_used || !a$r_buff0_thd4 && !a$r_buff1_thd4 ? a$w_buff0 : (a$w_buff0_used && a$r_buff0_thd4 ? a$w_buff0 : a$w_buff0));
                                                                              ^
                                                              (                                 )
mix017_power.oepc_false-unreach-call.c:273:117: warning: '&&' within '||' [-Wlogical-op-parentheses]
  a$w_buff0 = weak$$choice2 ? a$w_buff0 : (!a$w_buff0_used || !a$r_buff0_thd4 && !a$w_buff1_used || !a$r_buff0_thd4 && !a$r_buff1_thd4 ? a$w_buff0 : (a$w_buff0_used && a$r_buff0_thd4 ? a$w_buff0 : a$w_buff0));
                                                                                                 ~~ ~~~~~~~~~~~~~~~~^~~~~~~~~~~~~~~~~~
mix017_power.oepc_false-unreach-call.c:273:117: note: place parentheses around the '&&' expression to silence this warning
  a$w_buff0 = weak$$choice2 ? a$w_buff0 : (!a$w_buff0_used || !a$r_buff0_thd4 && !a$w_buff1_used || !a$r_buff0_thd4 && !a$r_buff1_thd4 ? a$w_buff0 : (a$w_buff0_used && a$r_buff0_thd4 ? a$w_buff0 : a$w_buff0));
                                                                                                                    ^
                                                                                                    (                                 )
mix017_power.oepc_false-unreach-call.c:274:79: warning: '&&' within '||' [-Wlogical-op-parentheses]
  a$w_buff1 = weak$$choice2 ? a$w_buff1 : (!a$w_buff0_used || !a$r_buff0_thd4 && !a$w_buff1_used || !a$r_buff0_thd4 && !a$r_buff1_thd4 ? a$w_buff1 : (a$w_buff0_used && a$r_buff0_thd4 ? a$w_buff1 : a$w_buff1));
                                                           ~~ ~~~~~~~~~~~~~~~~^~~~~~~~~~~~~~~~~~
mix017_power.oepc_false-unreach-call.c:274:79: note: place parentheses around the '&&' expression to silence this warning
  a$w_buff1 = weak$$choice2 ? a$w_buff1 : (!a$w_buff0_used || !a$r_buff0_thd4 && !a$w_buff1_used || !a$r_buff0_thd4 && !a$r_buff1_thd4 ? a$w_buff1 : (a$w_buff0_used && a$r_buff0_thd4 ? a$w_buff1 : a$w_buff1));
                                                                              ^
                                                              (                                 )
mix017_power.oepc_false-unreach-call.c:274:117: warning: '&&' within '||' [-Wlogical-op-parentheses]
  a$w_buff1 = weak$$choice2 ? a$w_buff1 : (!a$w_buff0_used || !a$r_buff0_thd4 && !a$w_buff1_used || !a$r_buff0_thd4 && !a$r_buff1_thd4 ? a$w_buff1 : (a$w_buff0_used && a$r_buff0_thd4 ? a$w_buff1 : a$w_buff1));
                                                                                                 ~~ ~~~~~~~~~~~~~~~~^~~~~~~~~~~~~~~~~~
mix017_power.oepc_false-unreach-call.c:274:117: note: place parentheses around the '&&' expression to silence this warning
  a$w_buff1 = weak$$choice2 ? a$w_buff1 : (!a$w_buff0_used || !a$r_buff0_thd4 && !a$w_buff1_used || !a$r_buff0_thd4 && !a$r_buff1_thd4 ? a$w_buff1 : (a$w_buff0_used && a$r_buff0_thd4 ? a$w_buff1 : a$w_buff1));
                                                                                                                    ^
                                                                                                    (                                 )
mix017_power.oepc_false-unreach-call.c:275:89: warning: '&&' within '||' [-Wlogical-op-parentheses]
  a$w_buff0_used = weak$$choice2 ? a$w_buff0_used : (!a$w_buff0_used || !a$r_buff0_thd4 && !a$w_buff1_used || !a$r_buff0_thd4 && !a$r_buff1_thd4 ? a$w_buff0_used : (a$w_buff0_used && a$r_buff0_thd4 ? FALSE : a$w_buff0_used));
                                                                     ~~ ~~~~~~~~~~~~~~~~^~~~~~~~~~~~~~~~~~
mix017_power.oepc_false-unreach-call.c:275:89: note: place parentheses around the '&&' expression to silence this warning
  a$w_buff0_used = weak$$choice2 ? a$w_buff0_used : (!a$w_buff0_used || !a$r_buff0_thd4 && !a$w_buff1_used || !a$r_buff0_thd4 && !a$r_buff1_thd4 ? a$w_buff0_used : (a$w_buff0_used && a$r_buff0_thd4 ? FALSE : a$w_buff0_used));
                                                                                        ^
                                                                        (                                 )
mix017_power.oepc_false-unreach-call.c:275:127: warning: '&&' within '||' [-Wlogical-op-parentheses]
  a$w_buff0_used = weak$$choice2 ? a$w_buff0_used : (!a$w_buff0_used || !a$r_buff0_thd4 && !a$w_buff1_used || !a$r_buff0_thd4 && !a$r_buff1_thd4 ? a$w_buff0_used : (a$w_buff0_used && a$r_buff0_thd4 ? FALSE : a$w_buff0_used));
                                                                                                           ~~ ~~~~~~~~~~~~~~~~^~~~~~~~~~~~~~~~~~
mix017_power.oepc_false-unreach-call.c:275:127: note: place parentheses around the '&&' expression to silence this warning
  a$w_buff0_used = weak$$choice2 ? a$w_buff0_used : (!a$w_buff0_used || !a$r_buff0_thd4 && !a$w_buff1_used || !a$r_buff0_thd4 && !a$r_buff1_thd4 ? a$w_buff0_used : (a$w_buff0_used && a$r_buff0_thd4 ? FALSE : a$w_buff0_used));
                                                                                                                              ^
                                                                                                              (                                 )
mix017_power.oepc_false-unreach-call.c:276:89: warning: '&&' within '||' [-Wlogical-op-parentheses]
  a$w_buff1_used = weak$$choice2 ? a$w_buff1_used : (!a$w_buff0_used || !a$r_buff0_thd4 && !a$w_buff1_used || !a$r_buff0_thd4 && !a$r_buff1_thd4 ? a$w_buff1_used : (a$w_buff0_used && a$r_buff0_thd4 ? FALSE : FALSE));
                                                                     ~~ ~~~~~~~~~~~~~~~~^~~~~~~~~~~~~~~~~~
mix017_power.oepc_false-unreach-call.c:276:89: note: place parentheses around the '&&' expression to silence this warning
  a$w_buff1_used = weak$$choice2 ? a$w_buff1_used : (!a$w_buff0_used || !a$r_buff0_thd4 && !a$w_buff1_used || !a$r_buff0_thd4 && !a$r_buff1_thd4 ? a$w_buff1_used : (a$w_buff0_used && a$r_buff0_thd4 ? FALSE : FALSE));
                                                                                        ^
                                                                        (                                 )
mix017_power.oepc_false-unreach-call.c:276:127: warning: '&&' within '||' [-Wlogical-op-parentheses]
  a$w_buff1_used = weak$$choice2 ? a$w_buff1_used : (!a$w_buff0_used || !a$r_buff0_thd4 && !a$w_buff1_used || !a$r_buff0_thd4 && !a$r_buff1_thd4 ? a$w_buff1_used : (a$w_buff0_used && a$r_buff0_thd4 ? FALSE : FALSE));
                                                                                                           ~~ ~~~~~~~~~~~~~~~~^~~~~~~~~~~~~~~~~~
mix017_power.oepc_false-unreach-call.c:276:127: note: place parentheses around the '&&' expression to silence this warning
  a$w_buff1_used = weak$$choice2 ? a$w_buff1_used : (!a$w_buff0_used || !a$r_buff0_thd4 && !a$w_buff1_used || !a$r_buff0_thd4 && !a$r_buff1_thd4 ? a$w_buff1_used : (a$w_buff0_used && a$r_buff0_thd4 ? FALSE : FALSE));
                                                                                                                              ^
                                                                                                              (                                 )
mix017_power.oepc_false-unreach-call.c:277:89: warning: '&&' within '||' [-Wlogical-op-parentheses]
  a$r_buff0_thd4 = weak$$choice2 ? a$r_buff0_thd4 : (!a$w_buff0_used || !a$r_buff0_thd4 && !a$w_buff1_used || !a$r_buff0_thd4 && !a$r_buff1_thd4 ? a$r_buff0_thd4 : (a$w_buff0_used && a$r_buff0_thd4 ? FALSE : a$r_buff0_thd4));
                                                                     ~~ ~~~~~~~~~~~~~~~~^~~~~~~~~~~~~~~~~~
mix017_power.oepc_false-unreach-call.c:277:89: note: place parentheses around the '&&' expression to silence this warning
  a$r_buff0_thd4 = weak$$choice2 ? a$r_buff0_thd4 : (!a$w_buff0_used || !a$r_buff0_thd4 && !a$w_buff1_used || !a$r_buff0_thd4 && !a$r_buff1_thd4 ? a$r_buff0_thd4 : (a$w_buff0_used && a$r_buff0_thd4 ? FALSE : a$r_buff0_thd4));
                                                                                        ^
                                                                        (                                 )
mix017_power.oepc_false-unreach-call.c:277:127: warning: '&&' within '||' [-Wlogical-op-parentheses]
  a$r_buff0_thd4 = weak$$choice2 ? a$r_buff0_thd4 : (!a$w_buff0_used || !a$r_buff0_thd4 && !a$w_buff1_used || !a$r_buff0_thd4 && !a$r_buff1_thd4 ? a$r_buff0_thd4 : (a$w_buff0_used && a$r_buff0_thd4 ? FALSE : a$r_buff0_thd4));
                                                                                                           ~~ ~~~~~~~~~~~~~~~~^~~~~~~~~~~~~~~~~~
mix017_power.oepc_false-unreach-call.c:277:127: note: place parentheses around the '&&' expression to silence this warning
  a$r_buff0_thd4 = weak$$choice2 ? a$r_buff0_thd4 : (!a$w_buff0_used || !a$r_buff0_thd4 && !a$w_buff1_used || !a$r_buff0_thd4 && !a$r_buff1_thd4 ? a$r_buff0_thd4 : (a$w_buff0_used && a$r_buff0_thd4 ? FALSE : a$r_buff0_thd4));
                                                                                                                              ^
                                                                                                              (                                 )
mix017_power.oepc_false-unreach-call.c:278:89: warning: '&&' within '||' [-Wlogical-op-parentheses]
  a$r_buff1_thd4 = weak$$choice2 ? a$r_buff1_thd4 : (!a$w_buff0_used || !a$r_buff0_thd4 && !a$w_buff1_used || !a$r_buff0_thd4 && !a$r_buff1_thd4 ? a$r_buff1_thd4 : (a$w_buff0_used && a$r_buff0_thd4 ? FALSE : FALSE));
                                                                     ~~ ~~~~~~~~~~~~~~~~^~~~~~~~~~~~~~~~~~
mix017_power.oepc_false-unreach-call.c:278:89: note: place parentheses around the '&&' expression to silence this warning
  a$r_buff1_thd4 = weak$$choice2 ? a$r_buff1_thd4 : (!a$w_buff0_used || !a$r_buff0_thd4 && !a$w_buff1_used || !a$r_buff0_thd4 && !a$r_buff1_thd4 ? a$r_buff1_thd4 : (a$w_buff0_used && a$r_buff0_thd4 ? FALSE : FALSE));
                                                                                        ^
                                                                        (                                 )
mix017_power.oepc_false-unreach-call.c:278:127: warning: '&&' within '||' [-Wlogical-op-parentheses]
  a$r_buff1_thd4 = weak$$choice2 ? a$r_buff1_thd4 : (!a$w_buff0_used || !a$r_buff0_thd4 && !a$w_buff1_used || !a$r_buff0_thd4 && !a$r_buff1_thd4 ? a$r_buff1_thd4 : (a$w_buff0_used && a$r_buff0_thd4 ? FALSE : FALSE));
                                                                                                           ~~ ~~~~~~~~~~~~~~~~^~~~~~~~~~~~~~~~~~
mix017_power.oepc_false-unreach-call.c:278:127: note: place parentheses around the '&&' expression to silence this warning
  a$r_buff1_thd4 = weak$$choice2 ? a$r_buff1_thd4 : (!a$w_buff0_used || !a$r_buff0_thd4 && !a$w_buff1_used || !a$r_buff0_thd4 && !a$r_buff1_thd4 ? a$r_buff1_thd4 : (a$w_buff0_used && a$r_buff0_thd4 ? FALSE : FALSE));
                                                                                                                              ^
                                                                                                              (                                 )
mix017_power.oepc_false-unreach-call.c:286:35: warning: '&&' within '||' [-Wlogical-op-parentheses]
  a$w_buff1_used = a$w_buff0_used && a$r_buff0_thd4 || a$w_buff1_used && a$r_buff1_thd4 ? FALSE : a$w_buff1_used;
                   ~~~~~~~~~~~~~~~^~~~~~~~~~~~~~~~~ ~~
mix017_power.oepc_false-unreach-call.c:286:35: note: place parentheses around the '&&' expression to silence this warning
  a$w_buff1_used = a$w_buff0_used && a$r_buff0_thd4 || a$w_buff1_used && a$r_buff1_thd4 ? FALSE : a$w_buff1_used;
                                  ^
                   (                               )
mix017_power.oepc_false-unreach-call.c:286:71: warning: '&&' within '||' [-Wlogical-op-parentheses]
  a$w_buff1_used = a$w_buff0_used && a$r_buff0_thd4 || a$w_buff1_used && a$r_buff1_thd4 ? FALSE : a$w_buff1_used;
                                                    ~~ ~~~~~~~~~~~~~~~^~~~~~~~~~~~~~~~~
mix017_power.oepc_false-unreach-call.c:286:71: note: place parentheses around the '&&' expression to silence this warning
  a$w_buff1_used = a$w_buff0_used && a$r_buff0_thd4 || a$w_buff1_used && a$r_buff1_thd4 ? FALSE : a$w_buff1_used;
                                                                      ^
                                                       (                               )
mix017_power.oepc_false-unreach-call.c:288:35: warning: '&&' within '||' [-Wlogical-op-parentheses]
  a$r_buff1_thd4 = a$w_buff0_used && a$r_buff0_thd4 || a$w_buff1_used && a$r_buff1_thd4 ? FALSE : a$r_buff1_thd4;
                   ~~~~~~~~~~~~~~~^~~~~~~~~~~~~~~~~ ~~
mix017_power.oepc_false-unreach-call.c:288:35: note: place parentheses around the '&&' expression to silence this warning
  a$r_buff1_thd4 = a$w_buff0_used && a$r_buff0_thd4 || a$w_buff1_used && a$r_buff1_thd4 ? FALSE : a$r_buff1_thd4;
                                  ^
                   (                               )
mix017_power.oepc_false-unreach-call.c:288:71: warning: '&&' within '||' [-Wlogical-op-parentheses]
  a$r_buff1_thd4 = a$w_buff0_used && a$r_buff0_thd4 || a$w_buff1_used && a$r_buff1_thd4 ? FALSE : a$r_buff1_thd4;
                                                    ~~ ~~~~~~~~~~~~~~~^~~~~~~~~~~~~~~~~
mix017_power.oepc_false-unreach-call.c:288:71: note: place parentheses around the '&&' expression to silence this warning
  a$r_buff1_thd4 = a$w_buff0_used && a$r_buff0_thd4 || a$w_buff1_used && a$r_buff1_thd4 ? FALSE : a$r_buff1_thd4;
                                                                      ^
                                                       (                               )
mix017_power.oepc_false-unreach-call.c:293:10: warning: incompatible integer to pointer conversion returning 'int' from a function with result type 'void *' [-Wint-conversion]
  return nondet_0();
         ^~~~~~~~~~
mix017_power.oepc_false-unreach-call.c:321:38: warning: null passed to a callee which requires a non-null argument [-Wnonnull]
  pthread_create(NULL, NULL, P0, NULL);
                 ~~~~                ^
mix017_power.oepc_false-unreach-call.c:322:38: warning: null passed to a callee which requires a non-null argument [-Wnonnull]
  pthread_create(NULL, NULL, P1, NULL);
                 ~~~~                ^
mix017_power.oepc_false-unreach-call.c:323:38: warning: null passed to a callee which requires a non-null argument [-Wnonnull]
  pthread_create(NULL, NULL, P2, NULL);
                 ~~~~                ^
mix017_power.oepc_false-unreach-call.c:324:38: warning: null passed to a callee which requires a non-null argument [-Wnonnull]
  pthread_create(NULL, NULL, P3, NULL);
                 ~~~~                ^
mix017_power.oepc_false-unreach-call.c:332:35: warning: '&&' within '||' [-Wlogical-op-parentheses]
  a$w_buff1_used = a$w_buff0_used && a$r_buff0_thd0 || a$w_buff1_used && a$r_buff1_thd0 ? FALSE : a$w_buff1_used;
                   ~~~~~~~~~~~~~~~^~~~~~~~~~~~~~~~~ ~~
mix017_power.oepc_false-unreach-call.c:332:35: note: place parentheses around the '&&' expression to silence this warning
  a$w_buff1_used = a$w_buff0_used && a$r_buff0_thd0 || a$w_buff1_used && a$r_buff1_thd0 ? FALSE : a$w_buff1_used;
                                  ^
                   (                               )
mix017_power.oepc_false-unreach-call.c:332:71: warning: '&&' within '||' [-Wlogical-op-parentheses]
  a$w_buff1_used = a$w_buff0_used && a$r_buff0_thd0 || a$w_buff1_used && a$r_buff1_thd0 ? FALSE : a$w_buff1_used;
                                                    ~~ ~~~~~~~~~~~~~~~^~~~~~~~~~~~~~~~~
mix017_power.oepc_false-unreach-call.c:332:71: note: place parentheses around the '&&' expression to silence this warning
  a$w_buff1_used = a$w_buff0_used && a$r_buff0_thd0 || a$w_buff1_used && a$r_buff1_thd0 ? FALSE : a$w_buff1_used;
                                                                      ^
                                                       (                               )
mix017_power.oepc_false-unreach-call.c:334:35: warning: '&&' within '||' [-Wlogical-op-parentheses]
  a$r_buff1_thd0 = a$w_buff0_used && a$r_buff0_thd0 || a$w_buff1_used && a$r_buff1_thd0 ? FALSE : a$r_buff1_thd0;
                   ~~~~~~~~~~~~~~~^~~~~~~~~~~~~~~~~ ~~
mix017_power.oepc_false-unreach-call.c:334:35: note: place parentheses around the '&&' expression to silence this warning
  a$r_buff1_thd0 = a$w_buff0_used && a$r_buff0_thd0 || a$w_buff1_used && a$r_buff1_thd0 ? FALSE : a$r_buff1_thd0;
                                  ^
                   (                               )
mix017_power.oepc_false-unreach-call.c:334:71: warning: '&&' within '||' [-Wlogical-op-parentheses]
  a$r_buff1_thd0 = a$w_buff0_used && a$r_buff0_thd0 || a$w_buff1_used && a$r_buff1_thd0 ? FALSE : a$r_buff1_thd0;
                                                    ~~ ~~~~~~~~~~~~~~~^~~~~~~~~~~~~~~~~
mix017_power.oepc_false-unreach-call.c:334:71: note: place parentheses around the '&&' expression to silence this warning
  a$r_buff1_thd0 = a$w_buff0_used && a$r_buff0_thd0 || a$w_buff1_used && a$r_buff1_thd0 ? FALSE : a$r_buff1_thd0;
                                                                      ^
                                                       (                               )
45 warnings generated.
