mix026_rmo.opt_false-unreach-call.c:4:34: warning: implicit declaration of function '__VERIFIER_assume' is invalid in C99 [-Wimplicit-function-declaration]
void __VERIFIER_atomic_begin() { __VERIFIER_assume(__global_lock==0); __global_lock=1; return; }
                                 ^
mix026_rmo.opt_false-unreach-call.c:187:10: warning: implicit declaration of function 'nondet_0' is invalid in C99 [-Wimplicit-function-declaration]
  return nondet_0();
         ^
mix026_rmo.opt_false-unreach-call.c:187:10: warning: incompatible integer to pointer conversion returning 'int' from a function with result type 'void *' [-Wint-conversion]
  return nondet_0();
         ^~~~~~~~~~
mix026_rmo.opt_false-unreach-call.c:198:19: warning: implicit declaration of function 'nondet_1' is invalid in C99 [-Wimplicit-function-declaration]
  weak$$choice0 = nondet_1();
                  ^
mix026_rmo.opt_false-unreach-call.c:202:42: warning: '&&' within '||' [-Wlogical-op-parentheses]
  y = !y$w_buff0_used || !y$r_buff0_thd2 && !y$w_buff1_used || !y$r_buff0_thd2 && !y$r_buff1_thd2 ? y : (y$w_buff0_used && y$r_buff0_thd2 ? y$w_buff0 : y$w_buff1);
                      ~~ ~~~~~~~~~~~~~~~~^~~~~~~~~~~~~~~~~~
mix026_rmo.opt_false-unreach-call.c:202:42: note: place parentheses around the '&&' expression to silence this warning
  y = !y$w_buff0_used || !y$r_buff0_thd2 && !y$w_buff1_used || !y$r_buff0_thd2 && !y$r_buff1_thd2 ? y : (y$w_buff0_used && y$r_buff0_thd2 ? y$w_buff0 : y$w_buff1);
                                         ^
                         (                                 )
mix026_rmo.opt_false-unreach-call.c:202:80: warning: '&&' within '||' [-Wlogical-op-parentheses]
  y = !y$w_buff0_used || !y$r_buff0_thd2 && !y$w_buff1_used || !y$r_buff0_thd2 && !y$r_buff1_thd2 ? y : (y$w_buff0_used && y$r_buff0_thd2 ? y$w_buff0 : y$w_buff1);
                                                            ~~ ~~~~~~~~~~~~~~~~^~~~~~~~~~~~~~~~~~
mix026_rmo.opt_false-unreach-call.c:202:80: note: place parentheses around the '&&' expression to silence this warning
  y = !y$w_buff0_used || !y$r_buff0_thd2 && !y$w_buff1_used || !y$r_buff0_thd2 && !y$r_buff1_thd2 ? y : (y$w_buff0_used && y$r_buff0_thd2 ? y$w_buff0 : y$w_buff1);
                                                                               ^
                                                               (                                 )
mix026_rmo.opt_false-unreach-call.c:203:79: warning: '&&' within '||' [-Wlogical-op-parentheses]
  y$w_buff0 = weak$$choice2 ? y$w_buff0 : (!y$w_buff0_used || !y$r_buff0_thd2 && !y$w_buff1_used || !y$r_buff0_thd2 && !y$r_buff1_thd2 ? y$w_buff0 : (y$w_buff0_used && y$r_buff0_thd2 ? y$w_buff0 : y$w_buff0));
                                                           ~~ ~~~~~~~~~~~~~~~~^~~~~~~~~~~~~~~~~~
mix026_rmo.opt_false-unreach-call.c:203:79: note: place parentheses around the '&&' expression to silence this warning
  y$w_buff0 = weak$$choice2 ? y$w_buff0 : (!y$w_buff0_used || !y$r_buff0_thd2 && !y$w_buff1_used || !y$r_buff0_thd2 && !y$r_buff1_thd2 ? y$w_buff0 : (y$w_buff0_used && y$r_buff0_thd2 ? y$w_buff0 : y$w_buff0));
                                                                              ^
                                                              (                                 )
mix026_rmo.opt_false-unreach-call.c:203:117: warning: '&&' within '||' [-Wlogical-op-parentheses]
  y$w_buff0 = weak$$choice2 ? y$w_buff0 : (!y$w_buff0_used || !y$r_buff0_thd2 && !y$w_buff1_used || !y$r_buff0_thd2 && !y$r_buff1_thd2 ? y$w_buff0 : (y$w_buff0_used && y$r_buff0_thd2 ? y$w_buff0 : y$w_buff0));
                                                                                                 ~~ ~~~~~~~~~~~~~~~~^~~~~~~~~~~~~~~~~~
mix026_rmo.opt_false-unreach-call.c:203:117: note: place parentheses around the '&&' expression to silence this warning
  y$w_buff0 = weak$$choice2 ? y$w_buff0 : (!y$w_buff0_used || !y$r_buff0_thd2 && !y$w_buff1_used || !y$r_buff0_thd2 && !y$r_buff1_thd2 ? y$w_buff0 : (y$w_buff0_used && y$r_buff0_thd2 ? y$w_buff0 : y$w_buff0));
                                                                                                                    ^
                                                                                                    (                                 )
mix026_rmo.opt_false-unreach-call.c:204:79: warning: '&&' within '||' [-Wlogical-op-parentheses]
  y$w_buff1 = weak$$choice2 ? y$w_buff1 : (!y$w_buff0_used || !y$r_buff0_thd2 && !y$w_buff1_used || !y$r_buff0_thd2 && !y$r_buff1_thd2 ? y$w_buff1 : (y$w_buff0_used && y$r_buff0_thd2 ? y$w_buff1 : y$w_buff1));
                                                           ~~ ~~~~~~~~~~~~~~~~^~~~~~~~~~~~~~~~~~
mix026_rmo.opt_false-unreach-call.c:204:79: note: place parentheses around the '&&' expression to silence this warning
  y$w_buff1 = weak$$choice2 ? y$w_buff1 : (!y$w_buff0_used || !y$r_buff0_thd2 && !y$w_buff1_used || !y$r_buff0_thd2 && !y$r_buff1_thd2 ? y$w_buff1 : (y$w_buff0_used && y$r_buff0_thd2 ? y$w_buff1 : y$w_buff1));
                                                                              ^
                                                              (                                 )
mix026_rmo.opt_false-unreach-call.c:204:117: warning: '&&' within '||' [-Wlogical-op-parentheses]
  y$w_buff1 = weak$$choice2 ? y$w_buff1 : (!y$w_buff0_used || !y$r_buff0_thd2 && !y$w_buff1_used || !y$r_buff0_thd2 && !y$r_buff1_thd2 ? y$w_buff1 : (y$w_buff0_used && y$r_buff0_thd2 ? y$w_buff1 : y$w_buff1));
                                                                                                 ~~ ~~~~~~~~~~~~~~~~^~~~~~~~~~~~~~~~~~
mix026_rmo.opt_false-unreach-call.c:204:117: note: place parentheses around the '&&' expression to silence this warning
  y$w_buff1 = weak$$choice2 ? y$w_buff1 : (!y$w_buff0_used || !y$r_buff0_thd2 && !y$w_buff1_used || !y$r_buff0_thd2 && !y$r_buff1_thd2 ? y$w_buff1 : (y$w_buff0_used && y$r_buff0_thd2 ? y$w_buff1 : y$w_buff1));
                                                                                                                    ^
                                                                                                    (                                 )
mix026_rmo.opt_false-unreach-call.c:205:89: warning: '&&' within '||' [-Wlogical-op-parentheses]
  y$w_buff0_used = weak$$choice2 ? y$w_buff0_used : (!y$w_buff0_used || !y$r_buff0_thd2 && !y$w_buff1_used || !y$r_buff0_thd2 && !y$r_buff1_thd2 ? y$w_buff0_used : (y$w_buff0_used && y$r_buff0_thd2 ? FALSE : y$w_buff0_used));
                                                                     ~~ ~~~~~~~~~~~~~~~~^~~~~~~~~~~~~~~~~~
mix026_rmo.opt_false-unreach-call.c:205:89: note: place parentheses around the '&&' expression to silence this warning
  y$w_buff0_used = weak$$choice2 ? y$w_buff0_used : (!y$w_buff0_used || !y$r_buff0_thd2 && !y$w_buff1_used || !y$r_buff0_thd2 && !y$r_buff1_thd2 ? y$w_buff0_used : (y$w_buff0_used && y$r_buff0_thd2 ? FALSE : y$w_buff0_used));
                                                                                        ^
                                                                        (                                 )
mix026_rmo.opt_false-unreach-call.c:205:127: warning: '&&' within '||' [-Wlogical-op-parentheses]
  y$w_buff0_used = weak$$choice2 ? y$w_buff0_used : (!y$w_buff0_used || !y$r_buff0_thd2 && !y$w_buff1_used || !y$r_buff0_thd2 && !y$r_buff1_thd2 ? y$w_buff0_used : (y$w_buff0_used && y$r_buff0_thd2 ? FALSE : y$w_buff0_used));
                                                                                                           ~~ ~~~~~~~~~~~~~~~~^~~~~~~~~~~~~~~~~~
mix026_rmo.opt_false-unreach-call.c:205:127: note: place parentheses around the '&&' expression to silence this warning
  y$w_buff0_used = weak$$choice2 ? y$w_buff0_used : (!y$w_buff0_used || !y$r_buff0_thd2 && !y$w_buff1_used || !y$r_buff0_thd2 && !y$r_buff1_thd2 ? y$w_buff0_used : (y$w_buff0_used && y$r_buff0_thd2 ? FALSE : y$w_buff0_used));
                                                                                                                              ^
                                                                                                              (                                 )
mix026_rmo.opt_false-unreach-call.c:206:89: warning: '&&' within '||' [-Wlogical-op-parentheses]
  y$w_buff1_used = weak$$choice2 ? y$w_buff1_used : (!y$w_buff0_used || !y$r_buff0_thd2 && !y$w_buff1_used || !y$r_buff0_thd2 && !y$r_buff1_thd2 ? y$w_buff1_used : (y$w_buff0_used && y$r_buff0_thd2 ? FALSE : FALSE));
                                                                     ~~ ~~~~~~~~~~~~~~~~^~~~~~~~~~~~~~~~~~
mix026_rmo.opt_false-unreach-call.c:206:89: note: place parentheses around the '&&' expression to silence this warning
  y$w_buff1_used = weak$$choice2 ? y$w_buff1_used : (!y$w_buff0_used || !y$r_buff0_thd2 && !y$w_buff1_used || !y$r_buff0_thd2 && !y$r_buff1_thd2 ? y$w_buff1_used : (y$w_buff0_used && y$r_buff0_thd2 ? FALSE : FALSE));
                                                                                        ^
                                                                        (                                 )
mix026_rmo.opt_false-unreach-call.c:206:127: warning: '&&' within '||' [-Wlogical-op-parentheses]
  y$w_buff1_used = weak$$choice2 ? y$w_buff1_used : (!y$w_buff0_used || !y$r_buff0_thd2 && !y$w_buff1_used || !y$r_buff0_thd2 && !y$r_buff1_thd2 ? y$w_buff1_used : (y$w_buff0_used && y$r_buff0_thd2 ? FALSE : FALSE));
                                                                                                           ~~ ~~~~~~~~~~~~~~~~^~~~~~~~~~~~~~~~~~
mix026_rmo.opt_false-unreach-call.c:206:127: note: place parentheses around the '&&' expression to silence this warning
  y$w_buff1_used = weak$$choice2 ? y$w_buff1_used : (!y$w_buff0_used || !y$r_buff0_thd2 && !y$w_buff1_used || !y$r_buff0_thd2 && !y$r_buff1_thd2 ? y$w_buff1_used : (y$w_buff0_used && y$r_buff0_thd2 ? FALSE : FALSE));
                                                                                                                              ^
                                                                                                              (                                 )
mix026_rmo.opt_false-unreach-call.c:207:89: warning: '&&' within '||' [-Wlogical-op-parentheses]
  y$r_buff0_thd2 = weak$$choice2 ? y$r_buff0_thd2 : (!y$w_buff0_used || !y$r_buff0_thd2 && !y$w_buff1_used || !y$r_buff0_thd2 && !y$r_buff1_thd2 ? y$r_buff0_thd2 : (y$w_buff0_used && y$r_buff0_thd2 ? FALSE : y$r_buff0_thd2));
                                                                     ~~ ~~~~~~~~~~~~~~~~^~~~~~~~~~~~~~~~~~
mix026_rmo.opt_false-unreach-call.c:207:89: note: place parentheses around the '&&' expression to silence this warning
  y$r_buff0_thd2 = weak$$choice2 ? y$r_buff0_thd2 : (!y$w_buff0_used || !y$r_buff0_thd2 && !y$w_buff1_used || !y$r_buff0_thd2 && !y$r_buff1_thd2 ? y$r_buff0_thd2 : (y$w_buff0_used && y$r_buff0_thd2 ? FALSE : y$r_buff0_thd2));
                                                                                        ^
                                                                        (                                 )
mix026_rmo.opt_false-unreach-call.c:207:127: warning: '&&' within '||' [-Wlogical-op-parentheses]
  y$r_buff0_thd2 = weak$$choice2 ? y$r_buff0_thd2 : (!y$w_buff0_used || !y$r_buff0_thd2 && !y$w_buff1_used || !y$r_buff0_thd2 && !y$r_buff1_thd2 ? y$r_buff0_thd2 : (y$w_buff0_used && y$r_buff0_thd2 ? FALSE : y$r_buff0_thd2));
                                                                                                           ~~ ~~~~~~~~~~~~~~~~^~~~~~~~~~~~~~~~~~
mix026_rmo.opt_false-unreach-call.c:207:127: note: place parentheses around the '&&' expression to silence this warning
  y$r_buff0_thd2 = weak$$choice2 ? y$r_buff0_thd2 : (!y$w_buff0_used || !y$r_buff0_thd2 && !y$w_buff1_used || !y$r_buff0_thd2 && !y$r_buff1_thd2 ? y$r_buff0_thd2 : (y$w_buff0_used && y$r_buff0_thd2 ? FALSE : y$r_buff0_thd2));
                                                                                                                              ^
                                                                                                              (                                 )
mix026_rmo.opt_false-unreach-call.c:208:89: warning: '&&' within '||' [-Wlogical-op-parentheses]
  y$r_buff1_thd2 = weak$$choice2 ? y$r_buff1_thd2 : (!y$w_buff0_used || !y$r_buff0_thd2 && !y$w_buff1_used || !y$r_buff0_thd2 && !y$r_buff1_thd2 ? y$r_buff1_thd2 : (y$w_buff0_used && y$r_buff0_thd2 ? FALSE : FALSE));
                                                                     ~~ ~~~~~~~~~~~~~~~~^~~~~~~~~~~~~~~~~~
mix026_rmo.opt_false-unreach-call.c:208:89: note: place parentheses around the '&&' expression to silence this warning
  y$r_buff1_thd2 = weak$$choice2 ? y$r_buff1_thd2 : (!y$w_buff0_used || !y$r_buff0_thd2 && !y$w_buff1_used || !y$r_buff0_thd2 && !y$r_buff1_thd2 ? y$r_buff1_thd2 : (y$w_buff0_used && y$r_buff0_thd2 ? FALSE : FALSE));
                                                                                        ^
                                                                        (                                 )
mix026_rmo.opt_false-unreach-call.c:208:127: warning: '&&' within '||' [-Wlogical-op-parentheses]
  y$r_buff1_thd2 = weak$$choice2 ? y$r_buff1_thd2 : (!y$w_buff0_used || !y$r_buff0_thd2 && !y$w_buff1_used || !y$r_buff0_thd2 && !y$r_buff1_thd2 ? y$r_buff1_thd2 : (y$w_buff0_used && y$r_buff0_thd2 ? FALSE : FALSE));
                                                                                                           ~~ ~~~~~~~~~~~~~~~~^~~~~~~~~~~~~~~~~~
mix026_rmo.opt_false-unreach-call.c:208:127: note: place parentheses around the '&&' expression to silence this warning
  y$r_buff1_thd2 = weak$$choice2 ? y$r_buff1_thd2 : (!y$w_buff0_used || !y$r_buff0_thd2 && !y$w_buff1_used || !y$r_buff0_thd2 && !y$r_buff1_thd2 ? y$r_buff1_thd2 : (y$w_buff0_used && y$r_buff0_thd2 ? FALSE : FALSE));
                                                                                                                              ^
                                                                                                              (                                 )
mix026_rmo.opt_false-unreach-call.c:218:10: warning: incompatible integer to pointer conversion returning 'int' from a function with result type 'void *' [-Wint-conversion]
  return nondet_0();
         ^~~~~~~~~~
mix026_rmo.opt_false-unreach-call.c:244:35: warning: '&&' within '||' [-Wlogical-op-parentheses]
  y$w_buff1_used = y$w_buff0_used && y$r_buff0_thd3 || y$w_buff1_used && y$r_buff1_thd3 ? FALSE : y$w_buff1_used;
                   ~~~~~~~~~~~~~~~^~~~~~~~~~~~~~~~~ ~~
mix026_rmo.opt_false-unreach-call.c:244:35: note: place parentheses around the '&&' expression to silence this warning
  y$w_buff1_used = y$w_buff0_used && y$r_buff0_thd3 || y$w_buff1_used && y$r_buff1_thd3 ? FALSE : y$w_buff1_used;
                                  ^
                   (                               )
mix026_rmo.opt_false-unreach-call.c:244:71: warning: '&&' within '||' [-Wlogical-op-parentheses]
  y$w_buff1_used = y$w_buff0_used && y$r_buff0_thd3 || y$w_buff1_used && y$r_buff1_thd3 ? FALSE : y$w_buff1_used;
                                                    ~~ ~~~~~~~~~~~~~~~^~~~~~~~~~~~~~~~~
mix026_rmo.opt_false-unreach-call.c:244:71: note: place parentheses around the '&&' expression to silence this warning
  y$w_buff1_used = y$w_buff0_used && y$r_buff0_thd3 || y$w_buff1_used && y$r_buff1_thd3 ? FALSE : y$w_buff1_used;
                                                                      ^
                                                       (                               )
mix026_rmo.opt_false-unreach-call.c:246:35: warning: '&&' within '||' [-Wlogical-op-parentheses]
  y$r_buff1_thd3 = y$w_buff0_used && y$r_buff0_thd3 || y$w_buff1_used && y$r_buff1_thd3 ? FALSE : y$r_buff1_thd3;
                   ~~~~~~~~~~~~~~~^~~~~~~~~~~~~~~~~ ~~
mix026_rmo.opt_false-unreach-call.c:246:35: note: place parentheses around the '&&' expression to silence this warning
  y$r_buff1_thd3 = y$w_buff0_used && y$r_buff0_thd3 || y$w_buff1_used && y$r_buff1_thd3 ? FALSE : y$r_buff1_thd3;
                                  ^
                   (                               )
mix026_rmo.opt_false-unreach-call.c:246:71: warning: '&&' within '||' [-Wlogical-op-parentheses]
  y$r_buff1_thd3 = y$w_buff0_used && y$r_buff0_thd3 || y$w_buff1_used && y$r_buff1_thd3 ? FALSE : y$r_buff1_thd3;
                                                    ~~ ~~~~~~~~~~~~~~~^~~~~~~~~~~~~~~~~
mix026_rmo.opt_false-unreach-call.c:246:71: note: place parentheses around the '&&' expression to silence this warning
  y$r_buff1_thd3 = y$w_buff0_used && y$r_buff0_thd3 || y$w_buff1_used && y$r_buff1_thd3 ? FALSE : y$r_buff1_thd3;
                                                                      ^
                                                       (                               )
mix026_rmo.opt_false-unreach-call.c:251:10: warning: incompatible integer to pointer conversion returning 'int' from a function with result type 'void *' [-Wint-conversion]
  return nondet_0();
         ^~~~~~~~~~
mix026_rmo.opt_false-unreach-call.c:270:35: warning: '&&' within '||' [-Wlogical-op-parentheses]
  y$w_buff1_used = y$w_buff0_used && y$r_buff0_thd4 || y$w_buff1_used && y$r_buff1_thd4 ? FALSE : y$w_buff1_used;
                   ~~~~~~~~~~~~~~~^~~~~~~~~~~~~~~~~ ~~
mix026_rmo.opt_false-unreach-call.c:270:35: note: place parentheses around the '&&' expression to silence this warning
  y$w_buff1_used = y$w_buff0_used && y$r_buff0_thd4 || y$w_buff1_used && y$r_buff1_thd4 ? FALSE : y$w_buff1_used;
                                  ^
                   (                               )
mix026_rmo.opt_false-unreach-call.c:270:71: warning: '&&' within '||' [-Wlogical-op-parentheses]
  y$w_buff1_used = y$w_buff0_used && y$r_buff0_thd4 || y$w_buff1_used && y$r_buff1_thd4 ? FALSE : y$w_buff1_used;
                                                    ~~ ~~~~~~~~~~~~~~~^~~~~~~~~~~~~~~~~
mix026_rmo.opt_false-unreach-call.c:270:71: note: place parentheses around the '&&' expression to silence this warning
  y$w_buff1_used = y$w_buff0_used && y$r_buff0_thd4 || y$w_buff1_used && y$r_buff1_thd4 ? FALSE : y$w_buff1_used;
                                                                      ^
                                                       (                               )
mix026_rmo.opt_false-unreach-call.c:272:35: warning: '&&' within '||' [-Wlogical-op-parentheses]
  y$r_buff1_thd4 = y$w_buff0_used && y$r_buff0_thd4 || y$w_buff1_used && y$r_buff1_thd4 ? FALSE : y$r_buff1_thd4;
                   ~~~~~~~~~~~~~~~^~~~~~~~~~~~~~~~~ ~~
mix026_rmo.opt_false-unreach-call.c:272:35: note: place parentheses around the '&&' expression to silence this warning
  y$r_buff1_thd4 = y$w_buff0_used && y$r_buff0_thd4 || y$w_buff1_used && y$r_buff1_thd4 ? FALSE : y$r_buff1_thd4;
                                  ^
                   (                               )
mix026_rmo.opt_false-unreach-call.c:272:71: warning: '&&' within '||' [-Wlogical-op-parentheses]
  y$r_buff1_thd4 = y$w_buff0_used && y$r_buff0_thd4 || y$w_buff1_used && y$r_buff1_thd4 ? FALSE : y$r_buff1_thd4;
                                                    ~~ ~~~~~~~~~~~~~~~^~~~~~~~~~~~~~~~~
mix026_rmo.opt_false-unreach-call.c:272:71: note: place parentheses around the '&&' expression to silence this warning
  y$r_buff1_thd4 = y$w_buff0_used && y$r_buff0_thd4 || y$w_buff1_used && y$r_buff1_thd4 ? FALSE : y$r_buff1_thd4;
                                                                      ^
                                                       (                               )
mix026_rmo.opt_false-unreach-call.c:277:10: warning: incompatible integer to pointer conversion returning 'int' from a function with result type 'void *' [-Wint-conversion]
  return nondet_0();
         ^~~~~~~~~~
mix026_rmo.opt_false-unreach-call.c:305:38: warning: null passed to a callee which requires a non-null argument [-Wnonnull]
  pthread_create(NULL, NULL, P0, NULL);
                 ~~~~                ^
mix026_rmo.opt_false-unreach-call.c:306:38: warning: null passed to a callee which requires a non-null argument [-Wnonnull]
  pthread_create(NULL, NULL, P1, NULL);
                 ~~~~                ^
mix026_rmo.opt_false-unreach-call.c:307:38: warning: null passed to a callee which requires a non-null argument [-Wnonnull]
  pthread_create(NULL, NULL, P2, NULL);
                 ~~~~                ^
mix026_rmo.opt_false-unreach-call.c:308:38: warning: null passed to a callee which requires a non-null argument [-Wnonnull]
  pthread_create(NULL, NULL, P3, NULL);
                 ~~~~                ^
mix026_rmo.opt_false-unreach-call.c:316:35: warning: '&&' within '||' [-Wlogical-op-parentheses]
  y$w_buff1_used = y$w_buff0_used && y$r_buff0_thd0 || y$w_buff1_used && y$r_buff1_thd0 ? FALSE : y$w_buff1_used;
                   ~~~~~~~~~~~~~~~^~~~~~~~~~~~~~~~~ ~~
mix026_rmo.opt_false-unreach-call.c:316:35: note: place parentheses around the '&&' expression to silence this warning
  y$w_buff1_used = y$w_buff0_used && y$r_buff0_thd0 || y$w_buff1_used && y$r_buff1_thd0 ? FALSE : y$w_buff1_used;
                                  ^
                   (                               )
mix026_rmo.opt_false-unreach-call.c:316:71: warning: '&&' within '||' [-Wlogical-op-parentheses]
  y$w_buff1_used = y$w_buff0_used && y$r_buff0_thd0 || y$w_buff1_used && y$r_buff1_thd0 ? FALSE : y$w_buff1_used;
                                                    ~~ ~~~~~~~~~~~~~~~^~~~~~~~~~~~~~~~~
mix026_rmo.opt_false-unreach-call.c:316:71: note: place parentheses around the '&&' expression to silence this warning
  y$w_buff1_used = y$w_buff0_used && y$r_buff0_thd0 || y$w_buff1_used && y$r_buff1_thd0 ? FALSE : y$w_buff1_used;
                                                                      ^
                                                       (                               )
mix026_rmo.opt_false-unreach-call.c:318:35: warning: '&&' within '||' [-Wlogical-op-parentheses]
  y$r_buff1_thd0 = y$w_buff0_used && y$r_buff0_thd0 || y$w_buff1_used && y$r_buff1_thd0 ? FALSE : y$r_buff1_thd0;
                   ~~~~~~~~~~~~~~~^~~~~~~~~~~~~~~~~ ~~
mix026_rmo.opt_false-unreach-call.c:318:35: note: place parentheses around the '&&' expression to silence this warning
  y$r_buff1_thd0 = y$w_buff0_used && y$r_buff0_thd0 || y$w_buff1_used && y$r_buff1_thd0 ? FALSE : y$r_buff1_thd0;
                                  ^
                   (                               )
mix026_rmo.opt_false-unreach-call.c:318:71: warning: '&&' within '||' [-Wlogical-op-parentheses]
  y$r_buff1_thd0 = y$w_buff0_used && y$r_buff0_thd0 || y$w_buff1_used && y$r_buff1_thd0 ? FALSE : y$r_buff1_thd0;
                                                    ~~ ~~~~~~~~~~~~~~~^~~~~~~~~~~~~~~~~
mix026_rmo.opt_false-unreach-call.c:318:71: note: place parentheses around the '&&' expression to silence this warning
  y$r_buff1_thd0 = y$w_buff0_used && y$r_buff0_thd0 || y$w_buff1_used && y$r_buff1_thd0 ? FALSE : y$r_buff1_thd0;
                                                                      ^
                                                       (                               )
37 warnings generated.
