mix028_pso.oepc_false-unreach-call.c:4:34: warning: implicit declaration of function '__VERIFIER_assume' is invalid in C99 [-Wimplicit-function-declaration]
void __VERIFIER_atomic_begin() { __VERIFIER_assume(__global_lock==0); __global_lock=1; return; }
                                 ^
mix028_pso.oepc_false-unreach-call.c:167:35: warning: '&&' within '||' [-Wlogical-op-parentheses]
  z$w_buff1_used = z$w_buff0_used && z$r_buff0_thd1 || z$w_buff1_used && z$r_buff1_thd1 ? FALSE : z$w_buff1_used;
                   ~~~~~~~~~~~~~~~^~~~~~~~~~~~~~~~~ ~~
mix028_pso.oepc_false-unreach-call.c:167:35: note: place parentheses around the '&&' expression to silence this warning
  z$w_buff1_used = z$w_buff0_used && z$r_buff0_thd1 || z$w_buff1_used && z$r_buff1_thd1 ? FALSE : z$w_buff1_used;
                                  ^
                   (                               )
mix028_pso.oepc_false-unreach-call.c:167:71: warning: '&&' within '||' [-Wlogical-op-parentheses]
  z$w_buff1_used = z$w_buff0_used && z$r_buff0_thd1 || z$w_buff1_used && z$r_buff1_thd1 ? FALSE : z$w_buff1_used;
                                                    ~~ ~~~~~~~~~~~~~~~^~~~~~~~~~~~~~~~~
mix028_pso.oepc_false-unreach-call.c:167:71: note: place parentheses around the '&&' expression to silence this warning
  z$w_buff1_used = z$w_buff0_used && z$r_buff0_thd1 || z$w_buff1_used && z$r_buff1_thd1 ? FALSE : z$w_buff1_used;
                                                                      ^
                                                       (                               )
mix028_pso.oepc_false-unreach-call.c:169:35: warning: '&&' within '||' [-Wlogical-op-parentheses]
  z$r_buff1_thd1 = z$w_buff0_used && z$r_buff0_thd1 || z$w_buff1_used && z$r_buff1_thd1 ? FALSE : z$r_buff1_thd1;
                   ~~~~~~~~~~~~~~~^~~~~~~~~~~~~~~~~ ~~
mix028_pso.oepc_false-unreach-call.c:169:35: note: place parentheses around the '&&' expression to silence this warning
  z$r_buff1_thd1 = z$w_buff0_used && z$r_buff0_thd1 || z$w_buff1_used && z$r_buff1_thd1 ? FALSE : z$r_buff1_thd1;
                                  ^
                   (                               )
mix028_pso.oepc_false-unreach-call.c:169:71: warning: '&&' within '||' [-Wlogical-op-parentheses]
  z$r_buff1_thd1 = z$w_buff0_used && z$r_buff0_thd1 || z$w_buff1_used && z$r_buff1_thd1 ? FALSE : z$r_buff1_thd1;
                                                    ~~ ~~~~~~~~~~~~~~~^~~~~~~~~~~~~~~~~
mix028_pso.oepc_false-unreach-call.c:169:71: note: place parentheses around the '&&' expression to silence this warning
  z$r_buff1_thd1 = z$w_buff0_used && z$r_buff0_thd1 || z$w_buff1_used && z$r_buff1_thd1 ? FALSE : z$r_buff1_thd1;
                                                                      ^
                                                       (                               )
mix028_pso.oepc_false-unreach-call.c:174:10: warning: implicit declaration of function 'nondet_0' is invalid in C99 [-Wimplicit-function-declaration]
  return nondet_0();
         ^
mix028_pso.oepc_false-unreach-call.c:174:10: warning: incompatible integer to pointer conversion returning 'int' from a function with result type 'void *' [-Wint-conversion]
  return nondet_0();
         ^~~~~~~~~~
mix028_pso.oepc_false-unreach-call.c:190:35: warning: '&&' within '||' [-Wlogical-op-parentheses]
  z$w_buff1_used = z$w_buff0_used && z$r_buff0_thd2 || z$w_buff1_used && z$r_buff1_thd2 ? FALSE : z$w_buff1_used;
                   ~~~~~~~~~~~~~~~^~~~~~~~~~~~~~~~~ ~~
mix028_pso.oepc_false-unreach-call.c:190:35: note: place parentheses around the '&&' expression to silence this warning
  z$w_buff1_used = z$w_buff0_used && z$r_buff0_thd2 || z$w_buff1_used && z$r_buff1_thd2 ? FALSE : z$w_buff1_used;
                                  ^
                   (                               )
mix028_pso.oepc_false-unreach-call.c:190:71: warning: '&&' within '||' [-Wlogical-op-parentheses]
  z$w_buff1_used = z$w_buff0_used && z$r_buff0_thd2 || z$w_buff1_used && z$r_buff1_thd2 ? FALSE : z$w_buff1_used;
                                                    ~~ ~~~~~~~~~~~~~~~^~~~~~~~~~~~~~~~~
mix028_pso.oepc_false-unreach-call.c:190:71: note: place parentheses around the '&&' expression to silence this warning
  z$w_buff1_used = z$w_buff0_used && z$r_buff0_thd2 || z$w_buff1_used && z$r_buff1_thd2 ? FALSE : z$w_buff1_used;
                                                                      ^
                                                       (                               )
mix028_pso.oepc_false-unreach-call.c:192:35: warning: '&&' within '||' [-Wlogical-op-parentheses]
  z$r_buff1_thd2 = z$w_buff0_used && z$r_buff0_thd2 || z$w_buff1_used && z$r_buff1_thd2 ? FALSE : z$r_buff1_thd2;
                   ~~~~~~~~~~~~~~~^~~~~~~~~~~~~~~~~ ~~
mix028_pso.oepc_false-unreach-call.c:192:35: note: place parentheses around the '&&' expression to silence this warning
  z$r_buff1_thd2 = z$w_buff0_used && z$r_buff0_thd2 || z$w_buff1_used && z$r_buff1_thd2 ? FALSE : z$r_buff1_thd2;
                                  ^
                   (                               )
mix028_pso.oepc_false-unreach-call.c:192:71: warning: '&&' within '||' [-Wlogical-op-parentheses]
  z$r_buff1_thd2 = z$w_buff0_used && z$r_buff0_thd2 || z$w_buff1_used && z$r_buff1_thd2 ? FALSE : z$r_buff1_thd2;
                                                    ~~ ~~~~~~~~~~~~~~~^~~~~~~~~~~~~~~~~
mix028_pso.oepc_false-unreach-call.c:192:71: note: place parentheses around the '&&' expression to silence this warning
  z$r_buff1_thd2 = z$w_buff0_used && z$r_buff0_thd2 || z$w_buff1_used && z$r_buff1_thd2 ? FALSE : z$r_buff1_thd2;
                                                                      ^
                                                       (                               )
mix028_pso.oepc_false-unreach-call.c:197:10: warning: incompatible integer to pointer conversion returning 'int' from a function with result type 'void *' [-Wint-conversion]
  return nondet_0();
         ^~~~~~~~~~
mix028_pso.oepc_false-unreach-call.c:211:19: warning: implicit declaration of function 'nondet_1' is invalid in C99 [-Wimplicit-function-declaration]
  weak$$choice0 = nondet_1();
                  ^
mix028_pso.oepc_false-unreach-call.c:215:42: warning: '&&' within '||' [-Wlogical-op-parentheses]
  z = !z$w_buff0_used || !z$r_buff0_thd3 && !z$w_buff1_used || !z$r_buff0_thd3 && !z$r_buff1_thd3 ? z : (z$w_buff0_used && z$r_buff0_thd3 ? z$w_buff0 : z$w_buff1);
                      ~~ ~~~~~~~~~~~~~~~~^~~~~~~~~~~~~~~~~~
mix028_pso.oepc_false-unreach-call.c:215:42: note: place parentheses around the '&&' expression to silence this warning
  z = !z$w_buff0_used || !z$r_buff0_thd3 && !z$w_buff1_used || !z$r_buff0_thd3 && !z$r_buff1_thd3 ? z : (z$w_buff0_used && z$r_buff0_thd3 ? z$w_buff0 : z$w_buff1);
                                         ^
                         (                                 )
mix028_pso.oepc_false-unreach-call.c:215:80: warning: '&&' within '||' [-Wlogical-op-parentheses]
  z = !z$w_buff0_used || !z$r_buff0_thd3 && !z$w_buff1_used || !z$r_buff0_thd3 && !z$r_buff1_thd3 ? z : (z$w_buff0_used && z$r_buff0_thd3 ? z$w_buff0 : z$w_buff1);
                                                            ~~ ~~~~~~~~~~~~~~~~^~~~~~~~~~~~~~~~~~
mix028_pso.oepc_false-unreach-call.c:215:80: note: place parentheses around the '&&' expression to silence this warning
  z = !z$w_buff0_used || !z$r_buff0_thd3 && !z$w_buff1_used || !z$r_buff0_thd3 && !z$r_buff1_thd3 ? z : (z$w_buff0_used && z$r_buff0_thd3 ? z$w_buff0 : z$w_buff1);
                                                                               ^
                                                               (                                 )
mix028_pso.oepc_false-unreach-call.c:216:79: warning: '&&' within '||' [-Wlogical-op-parentheses]
  z$w_buff0 = weak$$choice2 ? z$w_buff0 : (!z$w_buff0_used || !z$r_buff0_thd3 && !z$w_buff1_used || !z$r_buff0_thd3 && !z$r_buff1_thd3 ? z$w_buff0 : (z$w_buff0_used && z$r_buff0_thd3 ? z$w_buff0 : z$w_buff0));
                                                           ~~ ~~~~~~~~~~~~~~~~^~~~~~~~~~~~~~~~~~
mix028_pso.oepc_false-unreach-call.c:216:79: note: place parentheses around the '&&' expression to silence this warning
  z$w_buff0 = weak$$choice2 ? z$w_buff0 : (!z$w_buff0_used || !z$r_buff0_thd3 && !z$w_buff1_used || !z$r_buff0_thd3 && !z$r_buff1_thd3 ? z$w_buff0 : (z$w_buff0_used && z$r_buff0_thd3 ? z$w_buff0 : z$w_buff0));
                                                                              ^
                                                              (                                 )
mix028_pso.oepc_false-unreach-call.c:216:117: warning: '&&' within '||' [-Wlogical-op-parentheses]
  z$w_buff0 = weak$$choice2 ? z$w_buff0 : (!z$w_buff0_used || !z$r_buff0_thd3 && !z$w_buff1_used || !z$r_buff0_thd3 && !z$r_buff1_thd3 ? z$w_buff0 : (z$w_buff0_used && z$r_buff0_thd3 ? z$w_buff0 : z$w_buff0));
                                                                                                 ~~ ~~~~~~~~~~~~~~~~^~~~~~~~~~~~~~~~~~
mix028_pso.oepc_false-unreach-call.c:216:117: note: place parentheses around the '&&' expression to silence this warning
  z$w_buff0 = weak$$choice2 ? z$w_buff0 : (!z$w_buff0_used || !z$r_buff0_thd3 && !z$w_buff1_used || !z$r_buff0_thd3 && !z$r_buff1_thd3 ? z$w_buff0 : (z$w_buff0_used && z$r_buff0_thd3 ? z$w_buff0 : z$w_buff0));
                                                                                                                    ^
                                                                                                    (                                 )
mix028_pso.oepc_false-unreach-call.c:217:79: warning: '&&' within '||' [-Wlogical-op-parentheses]
  z$w_buff1 = weak$$choice2 ? z$w_buff1 : (!z$w_buff0_used || !z$r_buff0_thd3 && !z$w_buff1_used || !z$r_buff0_thd3 && !z$r_buff1_thd3 ? z$w_buff1 : (z$w_buff0_used && z$r_buff0_thd3 ? z$w_buff1 : z$w_buff1));
                                                           ~~ ~~~~~~~~~~~~~~~~^~~~~~~~~~~~~~~~~~
mix028_pso.oepc_false-unreach-call.c:217:79: note: place parentheses around the '&&' expression to silence this warning
  z$w_buff1 = weak$$choice2 ? z$w_buff1 : (!z$w_buff0_used || !z$r_buff0_thd3 && !z$w_buff1_used || !z$r_buff0_thd3 && !z$r_buff1_thd3 ? z$w_buff1 : (z$w_buff0_used && z$r_buff0_thd3 ? z$w_buff1 : z$w_buff1));
                                                                              ^
                                                              (                                 )
mix028_pso.oepc_false-unreach-call.c:217:117: warning: '&&' within '||' [-Wlogical-op-parentheses]
  z$w_buff1 = weak$$choice2 ? z$w_buff1 : (!z$w_buff0_used || !z$r_buff0_thd3 && !z$w_buff1_used || !z$r_buff0_thd3 && !z$r_buff1_thd3 ? z$w_buff1 : (z$w_buff0_used && z$r_buff0_thd3 ? z$w_buff1 : z$w_buff1));
                                                                                                 ~~ ~~~~~~~~~~~~~~~~^~~~~~~~~~~~~~~~~~
mix028_pso.oepc_false-unreach-call.c:217:117: note: place parentheses around the '&&' expression to silence this warning
  z$w_buff1 = weak$$choice2 ? z$w_buff1 : (!z$w_buff0_used || !z$r_buff0_thd3 && !z$w_buff1_used || !z$r_buff0_thd3 && !z$r_buff1_thd3 ? z$w_buff1 : (z$w_buff0_used && z$r_buff0_thd3 ? z$w_buff1 : z$w_buff1));
                                                                                                                    ^
                                                                                                    (                                 )
mix028_pso.oepc_false-unreach-call.c:218:89: warning: '&&' within '||' [-Wlogical-op-parentheses]
  z$w_buff0_used = weak$$choice2 ? z$w_buff0_used : (!z$w_buff0_used || !z$r_buff0_thd3 && !z$w_buff1_used || !z$r_buff0_thd3 && !z$r_buff1_thd3 ? z$w_buff0_used : (z$w_buff0_used && z$r_buff0_thd3 ? FALSE : z$w_buff0_used));
                                                                     ~~ ~~~~~~~~~~~~~~~~^~~~~~~~~~~~~~~~~~
mix028_pso.oepc_false-unreach-call.c:218:89: note: place parentheses around the '&&' expression to silence this warning
  z$w_buff0_used = weak$$choice2 ? z$w_buff0_used : (!z$w_buff0_used || !z$r_buff0_thd3 && !z$w_buff1_used || !z$r_buff0_thd3 && !z$r_buff1_thd3 ? z$w_buff0_used : (z$w_buff0_used && z$r_buff0_thd3 ? FALSE : z$w_buff0_used));
                                                                                        ^
                                                                        (                                 )
mix028_pso.oepc_false-unreach-call.c:218:127: warning: '&&' within '||' [-Wlogical-op-parentheses]
  z$w_buff0_used = weak$$choice2 ? z$w_buff0_used : (!z$w_buff0_used || !z$r_buff0_thd3 && !z$w_buff1_used || !z$r_buff0_thd3 && !z$r_buff1_thd3 ? z$w_buff0_used : (z$w_buff0_used && z$r_buff0_thd3 ? FALSE : z$w_buff0_used));
                                                                                                           ~~ ~~~~~~~~~~~~~~~~^~~~~~~~~~~~~~~~~~
mix028_pso.oepc_false-unreach-call.c:218:127: note: place parentheses around the '&&' expression to silence this warning
  z$w_buff0_used = weak$$choice2 ? z$w_buff0_used : (!z$w_buff0_used || !z$r_buff0_thd3 && !z$w_buff1_used || !z$r_buff0_thd3 && !z$r_buff1_thd3 ? z$w_buff0_used : (z$w_buff0_used && z$r_buff0_thd3 ? FALSE : z$w_buff0_used));
                                                                                                                              ^
                                                                                                              (                                 )
mix028_pso.oepc_false-unreach-call.c:219:89: warning: '&&' within '||' [-Wlogical-op-parentheses]
  z$w_buff1_used = weak$$choice2 ? z$w_buff1_used : (!z$w_buff0_used || !z$r_buff0_thd3 && !z$w_buff1_used || !z$r_buff0_thd3 && !z$r_buff1_thd3 ? z$w_buff1_used : (z$w_buff0_used && z$r_buff0_thd3 ? FALSE : FALSE));
                                                                     ~~ ~~~~~~~~~~~~~~~~^~~~~~~~~~~~~~~~~~
mix028_pso.oepc_false-unreach-call.c:219:89: note: place parentheses around the '&&' expression to silence this warning
  z$w_buff1_used = weak$$choice2 ? z$w_buff1_used : (!z$w_buff0_used || !z$r_buff0_thd3 && !z$w_buff1_used || !z$r_buff0_thd3 && !z$r_buff1_thd3 ? z$w_buff1_used : (z$w_buff0_used && z$r_buff0_thd3 ? FALSE : FALSE));
                                                                                        ^
                                                                        (                                 )
mix028_pso.oepc_false-unreach-call.c:219:127: warning: '&&' within '||' [-Wlogical-op-parentheses]
  z$w_buff1_used = weak$$choice2 ? z$w_buff1_used : (!z$w_buff0_used || !z$r_buff0_thd3 && !z$w_buff1_used || !z$r_buff0_thd3 && !z$r_buff1_thd3 ? z$w_buff1_used : (z$w_buff0_used && z$r_buff0_thd3 ? FALSE : FALSE));
                                                                                                           ~~ ~~~~~~~~~~~~~~~~^~~~~~~~~~~~~~~~~~
mix028_pso.oepc_false-unreach-call.c:219:127: note: place parentheses around the '&&' expression to silence this warning
  z$w_buff1_used = weak$$choice2 ? z$w_buff1_used : (!z$w_buff0_used || !z$r_buff0_thd3 && !z$w_buff1_used || !z$r_buff0_thd3 && !z$r_buff1_thd3 ? z$w_buff1_used : (z$w_buff0_used && z$r_buff0_thd3 ? FALSE : FALSE));
                                                                                                                              ^
                                                                                                              (                                 )
mix028_pso.oepc_false-unreach-call.c:220:89: warning: '&&' within '||' [-Wlogical-op-parentheses]
  z$r_buff0_thd3 = weak$$choice2 ? z$r_buff0_thd3 : (!z$w_buff0_used || !z$r_buff0_thd3 && !z$w_buff1_used || !z$r_buff0_thd3 && !z$r_buff1_thd3 ? z$r_buff0_thd3 : (z$w_buff0_used && z$r_buff0_thd3 ? FALSE : z$r_buff0_thd3));
                                                                     ~~ ~~~~~~~~~~~~~~~~^~~~~~~~~~~~~~~~~~
mix028_pso.oepc_false-unreach-call.c:220:89: note: place parentheses around the '&&' expression to silence this warning
  z$r_buff0_thd3 = weak$$choice2 ? z$r_buff0_thd3 : (!z$w_buff0_used || !z$r_buff0_thd3 && !z$w_buff1_used || !z$r_buff0_thd3 && !z$r_buff1_thd3 ? z$r_buff0_thd3 : (z$w_buff0_used && z$r_buff0_thd3 ? FALSE : z$r_buff0_thd3));
                                                                                        ^
                                                                        (                                 )
mix028_pso.oepc_false-unreach-call.c:220:127: warning: '&&' within '||' [-Wlogical-op-parentheses]
  z$r_buff0_thd3 = weak$$choice2 ? z$r_buff0_thd3 : (!z$w_buff0_used || !z$r_buff0_thd3 && !z$w_buff1_used || !z$r_buff0_thd3 && !z$r_buff1_thd3 ? z$r_buff0_thd3 : (z$w_buff0_used && z$r_buff0_thd3 ? FALSE : z$r_buff0_thd3));
                                                                                                           ~~ ~~~~~~~~~~~~~~~~^~~~~~~~~~~~~~~~~~
mix028_pso.oepc_false-unreach-call.c:220:127: note: place parentheses around the '&&' expression to silence this warning
  z$r_buff0_thd3 = weak$$choice2 ? z$r_buff0_thd3 : (!z$w_buff0_used || !z$r_buff0_thd3 && !z$w_buff1_used || !z$r_buff0_thd3 && !z$r_buff1_thd3 ? z$r_buff0_thd3 : (z$w_buff0_used && z$r_buff0_thd3 ? FALSE : z$r_buff0_thd3));
                                                                                                                              ^
                                                                                                              (                                 )
mix028_pso.oepc_false-unreach-call.c:221:89: warning: '&&' within '||' [-Wlogical-op-parentheses]
  z$r_buff1_thd3 = weak$$choice2 ? z$r_buff1_thd3 : (!z$w_buff0_used || !z$r_buff0_thd3 && !z$w_buff1_used || !z$r_buff0_thd3 && !z$r_buff1_thd3 ? z$r_buff1_thd3 : (z$w_buff0_used && z$r_buff0_thd3 ? FALSE : FALSE));
                                                                     ~~ ~~~~~~~~~~~~~~~~^~~~~~~~~~~~~~~~~~
mix028_pso.oepc_false-unreach-call.c:221:89: note: place parentheses around the '&&' expression to silence this warning
  z$r_buff1_thd3 = weak$$choice2 ? z$r_buff1_thd3 : (!z$w_buff0_used || !z$r_buff0_thd3 && !z$w_buff1_used || !z$r_buff0_thd3 && !z$r_buff1_thd3 ? z$r_buff1_thd3 : (z$w_buff0_used && z$r_buff0_thd3 ? FALSE : FALSE));
                                                                                        ^
                                                                        (                                 )
mix028_pso.oepc_false-unreach-call.c:221:127: warning: '&&' within '||' [-Wlogical-op-parentheses]
  z$r_buff1_thd3 = weak$$choice2 ? z$r_buff1_thd3 : (!z$w_buff0_used || !z$r_buff0_thd3 && !z$w_buff1_used || !z$r_buff0_thd3 && !z$r_buff1_thd3 ? z$r_buff1_thd3 : (z$w_buff0_used && z$r_buff0_thd3 ? FALSE : FALSE));
                                                                                                           ~~ ~~~~~~~~~~~~~~~~^~~~~~~~~~~~~~~~~~
mix028_pso.oepc_false-unreach-call.c:221:127: note: place parentheses around the '&&' expression to silence this warning
  z$r_buff1_thd3 = weak$$choice2 ? z$r_buff1_thd3 : (!z$w_buff0_used || !z$r_buff0_thd3 && !z$w_buff1_used || !z$r_buff0_thd3 && !z$r_buff1_thd3 ? z$r_buff1_thd3 : (z$w_buff0_used && z$r_buff0_thd3 ? FALSE : FALSE));
                                                                                                                              ^
                                                                                                              (                                 )
mix028_pso.oepc_false-unreach-call.c:229:35: warning: '&&' within '||' [-Wlogical-op-parentheses]
  z$w_buff1_used = z$w_buff0_used && z$r_buff0_thd3 || z$w_buff1_used && z$r_buff1_thd3 ? FALSE : z$w_buff1_used;
                   ~~~~~~~~~~~~~~~^~~~~~~~~~~~~~~~~ ~~
mix028_pso.oepc_false-unreach-call.c:229:35: note: place parentheses around the '&&' expression to silence this warning
  z$w_buff1_used = z$w_buff0_used && z$r_buff0_thd3 || z$w_buff1_used && z$r_buff1_thd3 ? FALSE : z$w_buff1_used;
                                  ^
                   (                               )
mix028_pso.oepc_false-unreach-call.c:229:71: warning: '&&' within '||' [-Wlogical-op-parentheses]
  z$w_buff1_used = z$w_buff0_used && z$r_buff0_thd3 || z$w_buff1_used && z$r_buff1_thd3 ? FALSE : z$w_buff1_used;
                                                    ~~ ~~~~~~~~~~~~~~~^~~~~~~~~~~~~~~~~
mix028_pso.oepc_false-unreach-call.c:229:71: note: place parentheses around the '&&' expression to silence this warning
  z$w_buff1_used = z$w_buff0_used && z$r_buff0_thd3 || z$w_buff1_used && z$r_buff1_thd3 ? FALSE : z$w_buff1_used;
                                                                      ^
                                                       (                               )
mix028_pso.oepc_false-unreach-call.c:231:35: warning: '&&' within '||' [-Wlogical-op-parentheses]
  z$r_buff1_thd3 = z$w_buff0_used && z$r_buff0_thd3 || z$w_buff1_used && z$r_buff1_thd3 ? FALSE : z$r_buff1_thd3;
                   ~~~~~~~~~~~~~~~^~~~~~~~~~~~~~~~~ ~~
mix028_pso.oepc_false-unreach-call.c:231:35: note: place parentheses around the '&&' expression to silence this warning
  z$r_buff1_thd3 = z$w_buff0_used && z$r_buff0_thd3 || z$w_buff1_used && z$r_buff1_thd3 ? FALSE : z$r_buff1_thd3;
                                  ^
                   (                               )
mix028_pso.oepc_false-unreach-call.c:231:71: warning: '&&' within '||' [-Wlogical-op-parentheses]
  z$r_buff1_thd3 = z$w_buff0_used && z$r_buff0_thd3 || z$w_buff1_used && z$r_buff1_thd3 ? FALSE : z$r_buff1_thd3;
                                                    ~~ ~~~~~~~~~~~~~~~^~~~~~~~~~~~~~~~~
mix028_pso.oepc_false-unreach-call.c:231:71: note: place parentheses around the '&&' expression to silence this warning
  z$r_buff1_thd3 = z$w_buff0_used && z$r_buff0_thd3 || z$w_buff1_used && z$r_buff1_thd3 ? FALSE : z$r_buff1_thd3;
                                                                      ^
                                                       (                               )
mix028_pso.oepc_false-unreach-call.c:236:10: warning: incompatible integer to pointer conversion returning 'int' from a function with result type 'void *' [-Wint-conversion]
  return nondet_0();
         ^~~~~~~~~~
mix028_pso.oepc_false-unreach-call.c:264:38: warning: null passed to a callee which requires a non-null argument [-Wnonnull]
  pthread_create(NULL, NULL, P0, NULL);
                 ~~~~                ^
mix028_pso.oepc_false-unreach-call.c:265:38: warning: null passed to a callee which requires a non-null argument [-Wnonnull]
  pthread_create(NULL, NULL, P1, NULL);
                 ~~~~                ^
mix028_pso.oepc_false-unreach-call.c:266:38: warning: null passed to a callee which requires a non-null argument [-Wnonnull]
  pthread_create(NULL, NULL, P2, NULL);
                 ~~~~                ^
mix028_pso.oepc_false-unreach-call.c:274:35: warning: '&&' within '||' [-Wlogical-op-parentheses]
  z$w_buff1_used = z$w_buff0_used && z$r_buff0_thd0 || z$w_buff1_used && z$r_buff1_thd0 ? FALSE : z$w_buff1_used;
                   ~~~~~~~~~~~~~~~^~~~~~~~~~~~~~~~~ ~~
mix028_pso.oepc_false-unreach-call.c:274:35: note: place parentheses around the '&&' expression to silence this warning
  z$w_buff1_used = z$w_buff0_used && z$r_buff0_thd0 || z$w_buff1_used && z$r_buff1_thd0 ? FALSE : z$w_buff1_used;
                                  ^
                   (                               )
mix028_pso.oepc_false-unreach-call.c:274:71: warning: '&&' within '||' [-Wlogical-op-parentheses]
  z$w_buff1_used = z$w_buff0_used && z$r_buff0_thd0 || z$w_buff1_used && z$r_buff1_thd0 ? FALSE : z$w_buff1_used;
                                                    ~~ ~~~~~~~~~~~~~~~^~~~~~~~~~~~~~~~~
mix028_pso.oepc_false-unreach-call.c:274:71: note: place parentheses around the '&&' expression to silence this warning
  z$w_buff1_used = z$w_buff0_used && z$r_buff0_thd0 || z$w_buff1_used && z$r_buff1_thd0 ? FALSE : z$w_buff1_used;
                                                                      ^
                                                       (                               )
mix028_pso.oepc_false-unreach-call.c:276:35: warning: '&&' within '||' [-Wlogical-op-parentheses]
  z$r_buff1_thd0 = z$w_buff0_used && z$r_buff0_thd0 || z$w_buff1_used && z$r_buff1_thd0 ? FALSE : z$r_buff1_thd0;
                   ~~~~~~~~~~~~~~~^~~~~~~~~~~~~~~~~ ~~
mix028_pso.oepc_false-unreach-call.c:276:35: note: place parentheses around the '&&' expression to silence this warning
  z$r_buff1_thd0 = z$w_buff0_used && z$r_buff0_thd0 || z$w_buff1_used && z$r_buff1_thd0 ? FALSE : z$r_buff1_thd0;
                                  ^
                   (                               )
mix028_pso.oepc_false-unreach-call.c:276:71: warning: '&&' within '||' [-Wlogical-op-parentheses]
  z$r_buff1_thd0 = z$w_buff0_used && z$r_buff0_thd0 || z$w_buff1_used && z$r_buff1_thd0 ? FALSE : z$r_buff1_thd0;
                                                    ~~ ~~~~~~~~~~~~~~~^~~~~~~~~~~~~~~~~
mix028_pso.oepc_false-unreach-call.c:276:71: note: place parentheses around the '&&' expression to silence this warning
  z$r_buff1_thd0 = z$w_buff0_used && z$r_buff0_thd0 || z$w_buff1_used && z$r_buff1_thd0 ? FALSE : z$r_buff1_thd0;
                                                                      ^
                                                       (                               )
39 warnings generated.
