mix024_pso.oepc_false-unreach-call.c:4:34: warning: implicit declaration of function '__VERIFIER_assume' is invalid in C99 [-Wimplicit-function-declaration]
void __VERIFIER_atomic_begin() { __VERIFIER_assume(__global_lock==0); __global_lock=1; return; }
                                 ^
mix024_pso.oepc_false-unreach-call.c:191:35: warning: '&&' within '||' [-Wlogical-op-parentheses]
  a$w_buff1_used = a$w_buff0_used && a$r_buff0_thd1 || a$w_buff1_used && a$r_buff1_thd1 ? FALSE : a$w_buff1_used;
                   ~~~~~~~~~~~~~~~^~~~~~~~~~~~~~~~~ ~~
mix024_pso.oepc_false-unreach-call.c:191:35: note: place parentheses around the '&&' expression to silence this warning
  a$w_buff1_used = a$w_buff0_used && a$r_buff0_thd1 || a$w_buff1_used && a$r_buff1_thd1 ? FALSE : a$w_buff1_used;
                                  ^
                   (                               )
mix024_pso.oepc_false-unreach-call.c:191:71: warning: '&&' within '||' [-Wlogical-op-parentheses]
  a$w_buff1_used = a$w_buff0_used && a$r_buff0_thd1 || a$w_buff1_used && a$r_buff1_thd1 ? FALSE : a$w_buff1_used;
                                                    ~~ ~~~~~~~~~~~~~~~^~~~~~~~~~~~~~~~~
mix024_pso.oepc_false-unreach-call.c:191:71: note: place parentheses around the '&&' expression to silence this warning
  a$w_buff1_used = a$w_buff0_used && a$r_buff0_thd1 || a$w_buff1_used && a$r_buff1_thd1 ? FALSE : a$w_buff1_used;
                                                                      ^
                                                       (                               )
mix024_pso.oepc_false-unreach-call.c:193:35: warning: '&&' within '||' [-Wlogical-op-parentheses]
  a$r_buff1_thd1 = a$w_buff0_used && a$r_buff0_thd1 || a$w_buff1_used && a$r_buff1_thd1 ? FALSE : a$r_buff1_thd1;
                   ~~~~~~~~~~~~~~~^~~~~~~~~~~~~~~~~ ~~
mix024_pso.oepc_false-unreach-call.c:193:35: note: place parentheses around the '&&' expression to silence this warning
  a$r_buff1_thd1 = a$w_buff0_used && a$r_buff0_thd1 || a$w_buff1_used && a$r_buff1_thd1 ? FALSE : a$r_buff1_thd1;
                                  ^
                   (                               )
mix024_pso.oepc_false-unreach-call.c:193:71: warning: '&&' within '||' [-Wlogical-op-parentheses]
  a$r_buff1_thd1 = a$w_buff0_used && a$r_buff0_thd1 || a$w_buff1_used && a$r_buff1_thd1 ? FALSE : a$r_buff1_thd1;
                                                    ~~ ~~~~~~~~~~~~~~~^~~~~~~~~~~~~~~~~
mix024_pso.oepc_false-unreach-call.c:193:71: note: place parentheses around the '&&' expression to silence this warning
  a$r_buff1_thd1 = a$w_buff0_used && a$r_buff0_thd1 || a$w_buff1_used && a$r_buff1_thd1 ? FALSE : a$r_buff1_thd1;
                                                                      ^
                                                       (                               )
mix024_pso.oepc_false-unreach-call.c:198:10: warning: implicit declaration of function 'nondet_0' is invalid in C99 [-Wimplicit-function-declaration]
  return nondet_0();
         ^
mix024_pso.oepc_false-unreach-call.c:198:10: warning: incompatible integer to pointer conversion returning 'int' from a function with result type 'void *' [-Wint-conversion]
  return nondet_0();
         ^~~~~~~~~~
mix024_pso.oepc_false-unreach-call.c:214:35: warning: '&&' within '||' [-Wlogical-op-parentheses]
  a$w_buff1_used = a$w_buff0_used && a$r_buff0_thd2 || a$w_buff1_used && a$r_buff1_thd2 ? FALSE : a$w_buff1_used;
                   ~~~~~~~~~~~~~~~^~~~~~~~~~~~~~~~~ ~~
mix024_pso.oepc_false-unreach-call.c:214:35: note: place parentheses around the '&&' expression to silence this warning
  a$w_buff1_used = a$w_buff0_used && a$r_buff0_thd2 || a$w_buff1_used && a$r_buff1_thd2 ? FALSE : a$w_buff1_used;
                                  ^
                   (                               )
mix024_pso.oepc_false-unreach-call.c:214:71: warning: '&&' within '||' [-Wlogical-op-parentheses]
  a$w_buff1_used = a$w_buff0_used && a$r_buff0_thd2 || a$w_buff1_used && a$r_buff1_thd2 ? FALSE : a$w_buff1_used;
                                                    ~~ ~~~~~~~~~~~~~~~^~~~~~~~~~~~~~~~~
mix024_pso.oepc_false-unreach-call.c:214:71: note: place parentheses around the '&&' expression to silence this warning
  a$w_buff1_used = a$w_buff0_used && a$r_buff0_thd2 || a$w_buff1_used && a$r_buff1_thd2 ? FALSE : a$w_buff1_used;
                                                                      ^
                                                       (                               )
mix024_pso.oepc_false-unreach-call.c:216:35: warning: '&&' within '||' [-Wlogical-op-parentheses]
  a$r_buff1_thd2 = a$w_buff0_used && a$r_buff0_thd2 || a$w_buff1_used && a$r_buff1_thd2 ? FALSE : a$r_buff1_thd2;
                   ~~~~~~~~~~~~~~~^~~~~~~~~~~~~~~~~ ~~
mix024_pso.oepc_false-unreach-call.c:216:35: note: place parentheses around the '&&' expression to silence this warning
  a$r_buff1_thd2 = a$w_buff0_used && a$r_buff0_thd2 || a$w_buff1_used && a$r_buff1_thd2 ? FALSE : a$r_buff1_thd2;
                                  ^
                   (                               )
mix024_pso.oepc_false-unreach-call.c:216:71: warning: '&&' within '||' [-Wlogical-op-parentheses]
  a$r_buff1_thd2 = a$w_buff0_used && a$r_buff0_thd2 || a$w_buff1_used && a$r_buff1_thd2 ? FALSE : a$r_buff1_thd2;
                                                    ~~ ~~~~~~~~~~~~~~~^~~~~~~~~~~~~~~~~
mix024_pso.oepc_false-unreach-call.c:216:71: note: place parentheses around the '&&' expression to silence this warning
  a$r_buff1_thd2 = a$w_buff0_used && a$r_buff0_thd2 || a$w_buff1_used && a$r_buff1_thd2 ? FALSE : a$r_buff1_thd2;
                                                                      ^
                                                       (                               )
mix024_pso.oepc_false-unreach-call.c:221:10: warning: incompatible integer to pointer conversion returning 'int' from a function with result type 'void *' [-Wint-conversion]
  return nondet_0();
         ^~~~~~~~~~
mix024_pso.oepc_false-unreach-call.c:235:19: warning: implicit declaration of function 'nondet_1' is invalid in C99 [-Wimplicit-function-declaration]
  weak$$choice0 = nondet_1();
                  ^
mix024_pso.oepc_false-unreach-call.c:239:42: warning: '&&' within '||' [-Wlogical-op-parentheses]
  a = !a$w_buff0_used || !a$r_buff0_thd3 && !a$w_buff1_used || !a$r_buff0_thd3 && !a$r_buff1_thd3 ? a : (a$w_buff0_used && a$r_buff0_thd3 ? a$w_buff0 : a$w_buff1);
                      ~~ ~~~~~~~~~~~~~~~~^~~~~~~~~~~~~~~~~~
mix024_pso.oepc_false-unreach-call.c:239:42: note: place parentheses around the '&&' expression to silence this warning
  a = !a$w_buff0_used || !a$r_buff0_thd3 && !a$w_buff1_used || !a$r_buff0_thd3 && !a$r_buff1_thd3 ? a : (a$w_buff0_used && a$r_buff0_thd3 ? a$w_buff0 : a$w_buff1);
                                         ^
                         (                                 )
mix024_pso.oepc_false-unreach-call.c:239:80: warning: '&&' within '||' [-Wlogical-op-parentheses]
  a = !a$w_buff0_used || !a$r_buff0_thd3 && !a$w_buff1_used || !a$r_buff0_thd3 && !a$r_buff1_thd3 ? a : (a$w_buff0_used && a$r_buff0_thd3 ? a$w_buff0 : a$w_buff1);
                                                            ~~ ~~~~~~~~~~~~~~~~^~~~~~~~~~~~~~~~~~
mix024_pso.oepc_false-unreach-call.c:239:80: note: place parentheses around the '&&' expression to silence this warning
  a = !a$w_buff0_used || !a$r_buff0_thd3 && !a$w_buff1_used || !a$r_buff0_thd3 && !a$r_buff1_thd3 ? a : (a$w_buff0_used && a$r_buff0_thd3 ? a$w_buff0 : a$w_buff1);
                                                                               ^
                                                               (                                 )
mix024_pso.oepc_false-unreach-call.c:240:79: warning: '&&' within '||' [-Wlogical-op-parentheses]
  a$w_buff0 = weak$$choice2 ? a$w_buff0 : (!a$w_buff0_used || !a$r_buff0_thd3 && !a$w_buff1_used || !a$r_buff0_thd3 && !a$r_buff1_thd3 ? a$w_buff0 : (a$w_buff0_used && a$r_buff0_thd3 ? a$w_buff0 : a$w_buff0));
                                                           ~~ ~~~~~~~~~~~~~~~~^~~~~~~~~~~~~~~~~~
mix024_pso.oepc_false-unreach-call.c:240:79: note: place parentheses around the '&&' expression to silence this warning
  a$w_buff0 = weak$$choice2 ? a$w_buff0 : (!a$w_buff0_used || !a$r_buff0_thd3 && !a$w_buff1_used || !a$r_buff0_thd3 && !a$r_buff1_thd3 ? a$w_buff0 : (a$w_buff0_used && a$r_buff0_thd3 ? a$w_buff0 : a$w_buff0));
                                                                              ^
                                                              (                                 )
mix024_pso.oepc_false-unreach-call.c:240:117: warning: '&&' within '||' [-Wlogical-op-parentheses]
  a$w_buff0 = weak$$choice2 ? a$w_buff0 : (!a$w_buff0_used || !a$r_buff0_thd3 && !a$w_buff1_used || !a$r_buff0_thd3 && !a$r_buff1_thd3 ? a$w_buff0 : (a$w_buff0_used && a$r_buff0_thd3 ? a$w_buff0 : a$w_buff0));
                                                                                                 ~~ ~~~~~~~~~~~~~~~~^~~~~~~~~~~~~~~~~~
mix024_pso.oepc_false-unreach-call.c:240:117: note: place parentheses around the '&&' expression to silence this warning
  a$w_buff0 = weak$$choice2 ? a$w_buff0 : (!a$w_buff0_used || !a$r_buff0_thd3 && !a$w_buff1_used || !a$r_buff0_thd3 && !a$r_buff1_thd3 ? a$w_buff0 : (a$w_buff0_used && a$r_buff0_thd3 ? a$w_buff0 : a$w_buff0));
                                                                                                                    ^
                                                                                                    (                                 )
mix024_pso.oepc_false-unreach-call.c:241:79: warning: '&&' within '||' [-Wlogical-op-parentheses]
  a$w_buff1 = weak$$choice2 ? a$w_buff1 : (!a$w_buff0_used || !a$r_buff0_thd3 && !a$w_buff1_used || !a$r_buff0_thd3 && !a$r_buff1_thd3 ? a$w_buff1 : (a$w_buff0_used && a$r_buff0_thd3 ? a$w_buff1 : a$w_buff1));
                                                           ~~ ~~~~~~~~~~~~~~~~^~~~~~~~~~~~~~~~~~
mix024_pso.oepc_false-unreach-call.c:241:79: note: place parentheses around the '&&' expression to silence this warning
  a$w_buff1 = weak$$choice2 ? a$w_buff1 : (!a$w_buff0_used || !a$r_buff0_thd3 && !a$w_buff1_used || !a$r_buff0_thd3 && !a$r_buff1_thd3 ? a$w_buff1 : (a$w_buff0_used && a$r_buff0_thd3 ? a$w_buff1 : a$w_buff1));
                                                                              ^
                                                              (                                 )
mix024_pso.oepc_false-unreach-call.c:241:117: warning: '&&' within '||' [-Wlogical-op-parentheses]
  a$w_buff1 = weak$$choice2 ? a$w_buff1 : (!a$w_buff0_used || !a$r_buff0_thd3 && !a$w_buff1_used || !a$r_buff0_thd3 && !a$r_buff1_thd3 ? a$w_buff1 : (a$w_buff0_used && a$r_buff0_thd3 ? a$w_buff1 : a$w_buff1));
                                                                                                 ~~ ~~~~~~~~~~~~~~~~^~~~~~~~~~~~~~~~~~
mix024_pso.oepc_false-unreach-call.c:241:117: note: place parentheses around the '&&' expression to silence this warning
  a$w_buff1 = weak$$choice2 ? a$w_buff1 : (!a$w_buff0_used || !a$r_buff0_thd3 && !a$w_buff1_used || !a$r_buff0_thd3 && !a$r_buff1_thd3 ? a$w_buff1 : (a$w_buff0_used && a$r_buff0_thd3 ? a$w_buff1 : a$w_buff1));
                                                                                                                    ^
                                                                                                    (                                 )
mix024_pso.oepc_false-unreach-call.c:242:89: warning: '&&' within '||' [-Wlogical-op-parentheses]
  a$w_buff0_used = weak$$choice2 ? a$w_buff0_used : (!a$w_buff0_used || !a$r_buff0_thd3 && !a$w_buff1_used || !a$r_buff0_thd3 && !a$r_buff1_thd3 ? a$w_buff0_used : (a$w_buff0_used && a$r_buff0_thd3 ? FALSE : a$w_buff0_used));
                                                                     ~~ ~~~~~~~~~~~~~~~~^~~~~~~~~~~~~~~~~~
mix024_pso.oepc_false-unreach-call.c:242:89: note: place parentheses around the '&&' expression to silence this warning
  a$w_buff0_used = weak$$choice2 ? a$w_buff0_used : (!a$w_buff0_used || !a$r_buff0_thd3 && !a$w_buff1_used || !a$r_buff0_thd3 && !a$r_buff1_thd3 ? a$w_buff0_used : (a$w_buff0_used && a$r_buff0_thd3 ? FALSE : a$w_buff0_used));
                                                                                        ^
                                                                        (                                 )
mix024_pso.oepc_false-unreach-call.c:242:127: warning: '&&' within '||' [-Wlogical-op-parentheses]
  a$w_buff0_used = weak$$choice2 ? a$w_buff0_used : (!a$w_buff0_used || !a$r_buff0_thd3 && !a$w_buff1_used || !a$r_buff0_thd3 && !a$r_buff1_thd3 ? a$w_buff0_used : (a$w_buff0_used && a$r_buff0_thd3 ? FALSE : a$w_buff0_used));
                                                                                                           ~~ ~~~~~~~~~~~~~~~~^~~~~~~~~~~~~~~~~~
mix024_pso.oepc_false-unreach-call.c:242:127: note: place parentheses around the '&&' expression to silence this warning
  a$w_buff0_used = weak$$choice2 ? a$w_buff0_used : (!a$w_buff0_used || !a$r_buff0_thd3 && !a$w_buff1_used || !a$r_buff0_thd3 && !a$r_buff1_thd3 ? a$w_buff0_used : (a$w_buff0_used && a$r_buff0_thd3 ? FALSE : a$w_buff0_used));
                                                                                                                              ^
                                                                                                              (                                 )
mix024_pso.oepc_false-unreach-call.c:243:89: warning: '&&' within '||' [-Wlogical-op-parentheses]
  a$w_buff1_used = weak$$choice2 ? a$w_buff1_used : (!a$w_buff0_used || !a$r_buff0_thd3 && !a$w_buff1_used || !a$r_buff0_thd3 && !a$r_buff1_thd3 ? a$w_buff1_used : (a$w_buff0_used && a$r_buff0_thd3 ? FALSE : FALSE));
                                                                     ~~ ~~~~~~~~~~~~~~~~^~~~~~~~~~~~~~~~~~
mix024_pso.oepc_false-unreach-call.c:243:89: note: place parentheses around the '&&' expression to silence this warning
  a$w_buff1_used = weak$$choice2 ? a$w_buff1_used : (!a$w_buff0_used || !a$r_buff0_thd3 && !a$w_buff1_used || !a$r_buff0_thd3 && !a$r_buff1_thd3 ? a$w_buff1_used : (a$w_buff0_used && a$r_buff0_thd3 ? FALSE : FALSE));
                                                                                        ^
                                                                        (                                 )
mix024_pso.oepc_false-unreach-call.c:243:127: warning: '&&' within '||' [-Wlogical-op-parentheses]
  a$w_buff1_used = weak$$choice2 ? a$w_buff1_used : (!a$w_buff0_used || !a$r_buff0_thd3 && !a$w_buff1_used || !a$r_buff0_thd3 && !a$r_buff1_thd3 ? a$w_buff1_used : (a$w_buff0_used && a$r_buff0_thd3 ? FALSE : FALSE));
                                                                                                           ~~ ~~~~~~~~~~~~~~~~^~~~~~~~~~~~~~~~~~
mix024_pso.oepc_false-unreach-call.c:243:127: note: place parentheses around the '&&' expression to silence this warning
  a$w_buff1_used = weak$$choice2 ? a$w_buff1_used : (!a$w_buff0_used || !a$r_buff0_thd3 && !a$w_buff1_used || !a$r_buff0_thd3 && !a$r_buff1_thd3 ? a$w_buff1_used : (a$w_buff0_used && a$r_buff0_thd3 ? FALSE : FALSE));
                                                                                                                              ^
                                                                                                              (                                 )
mix024_pso.oepc_false-unreach-call.c:244:89: warning: '&&' within '||' [-Wlogical-op-parentheses]
  a$r_buff0_thd3 = weak$$choice2 ? a$r_buff0_thd3 : (!a$w_buff0_used || !a$r_buff0_thd3 && !a$w_buff1_used || !a$r_buff0_thd3 && !a$r_buff1_thd3 ? a$r_buff0_thd3 : (a$w_buff0_used && a$r_buff0_thd3 ? FALSE : a$r_buff0_thd3));
                                                                     ~~ ~~~~~~~~~~~~~~~~^~~~~~~~~~~~~~~~~~
mix024_pso.oepc_false-unreach-call.c:244:89: note: place parentheses around the '&&' expression to silence this warning
  a$r_buff0_thd3 = weak$$choice2 ? a$r_buff0_thd3 : (!a$w_buff0_used || !a$r_buff0_thd3 && !a$w_buff1_used || !a$r_buff0_thd3 && !a$r_buff1_thd3 ? a$r_buff0_thd3 : (a$w_buff0_used && a$r_buff0_thd3 ? FALSE : a$r_buff0_thd3));
                                                                                        ^
                                                                        (                                 )
mix024_pso.oepc_false-unreach-call.c:244:127: warning: '&&' within '||' [-Wlogical-op-parentheses]
  a$r_buff0_thd3 = weak$$choice2 ? a$r_buff0_thd3 : (!a$w_buff0_used || !a$r_buff0_thd3 && !a$w_buff1_used || !a$r_buff0_thd3 && !a$r_buff1_thd3 ? a$r_buff0_thd3 : (a$w_buff0_used && a$r_buff0_thd3 ? FALSE : a$r_buff0_thd3));
                                                                                                           ~~ ~~~~~~~~~~~~~~~~^~~~~~~~~~~~~~~~~~
mix024_pso.oepc_false-unreach-call.c:244:127: note: place parentheses around the '&&' expression to silence this warning
  a$r_buff0_thd3 = weak$$choice2 ? a$r_buff0_thd3 : (!a$w_buff0_used || !a$r_buff0_thd3 && !a$w_buff1_used || !a$r_buff0_thd3 && !a$r_buff1_thd3 ? a$r_buff0_thd3 : (a$w_buff0_used && a$r_buff0_thd3 ? FALSE : a$r_buff0_thd3));
                                                                                                                              ^
                                                                                                              (                                 )
mix024_pso.oepc_false-unreach-call.c:245:89: warning: '&&' within '||' [-Wlogical-op-parentheses]
  a$r_buff1_thd3 = weak$$choice2 ? a$r_buff1_thd3 : (!a$w_buff0_used || !a$r_buff0_thd3 && !a$w_buff1_used || !a$r_buff0_thd3 && !a$r_buff1_thd3 ? a$r_buff1_thd3 : (a$w_buff0_used && a$r_buff0_thd3 ? FALSE : FALSE));
                                                                     ~~ ~~~~~~~~~~~~~~~~^~~~~~~~~~~~~~~~~~
mix024_pso.oepc_false-unreach-call.c:245:89: note: place parentheses around the '&&' expression to silence this warning
  a$r_buff1_thd3 = weak$$choice2 ? a$r_buff1_thd3 : (!a$w_buff0_used || !a$r_buff0_thd3 && !a$w_buff1_used || !a$r_buff0_thd3 && !a$r_buff1_thd3 ? a$r_buff1_thd3 : (a$w_buff0_used && a$r_buff0_thd3 ? FALSE : FALSE));
                                                                                        ^
                                                                        (                                 )
mix024_pso.oepc_false-unreach-call.c:245:127: warning: '&&' within '||' [-Wlogical-op-parentheses]
  a$r_buff1_thd3 = weak$$choice2 ? a$r_buff1_thd3 : (!a$w_buff0_used || !a$r_buff0_thd3 && !a$w_buff1_used || !a$r_buff0_thd3 && !a$r_buff1_thd3 ? a$r_buff1_thd3 : (a$w_buff0_used && a$r_buff0_thd3 ? FALSE : FALSE));
                                                                                                           ~~ ~~~~~~~~~~~~~~~~^~~~~~~~~~~~~~~~~~
mix024_pso.oepc_false-unreach-call.c:245:127: note: place parentheses around the '&&' expression to silence this warning
  a$r_buff1_thd3 = weak$$choice2 ? a$r_buff1_thd3 : (!a$w_buff0_used || !a$r_buff0_thd3 && !a$w_buff1_used || !a$r_buff0_thd3 && !a$r_buff1_thd3 ? a$r_buff1_thd3 : (a$w_buff0_used && a$r_buff0_thd3 ? FALSE : FALSE));
                                                                                                                              ^
                                                                                                              (                                 )
mix024_pso.oepc_false-unreach-call.c:253:35: warning: '&&' within '||' [-Wlogical-op-parentheses]
  a$w_buff1_used = a$w_buff0_used && a$r_buff0_thd3 || a$w_buff1_used && a$r_buff1_thd3 ? FALSE : a$w_buff1_used;
                   ~~~~~~~~~~~~~~~^~~~~~~~~~~~~~~~~ ~~
mix024_pso.oepc_false-unreach-call.c:253:35: note: place parentheses around the '&&' expression to silence this warning
  a$w_buff1_used = a$w_buff0_used && a$r_buff0_thd3 || a$w_buff1_used && a$r_buff1_thd3 ? FALSE : a$w_buff1_used;
                                  ^
                   (                               )
mix024_pso.oepc_false-unreach-call.c:253:71: warning: '&&' within '||' [-Wlogical-op-parentheses]
  a$w_buff1_used = a$w_buff0_used && a$r_buff0_thd3 || a$w_buff1_used && a$r_buff1_thd3 ? FALSE : a$w_buff1_used;
                                                    ~~ ~~~~~~~~~~~~~~~^~~~~~~~~~~~~~~~~
mix024_pso.oepc_false-unreach-call.c:253:71: note: place parentheses around the '&&' expression to silence this warning
  a$w_buff1_used = a$w_buff0_used && a$r_buff0_thd3 || a$w_buff1_used && a$r_buff1_thd3 ? FALSE : a$w_buff1_used;
                                                                      ^
                                                       (                               )
mix024_pso.oepc_false-unreach-call.c:255:35: warning: '&&' within '||' [-Wlogical-op-parentheses]
  a$r_buff1_thd3 = a$w_buff0_used && a$r_buff0_thd3 || a$w_buff1_used && a$r_buff1_thd3 ? FALSE : a$r_buff1_thd3;
                   ~~~~~~~~~~~~~~~^~~~~~~~~~~~~~~~~ ~~
mix024_pso.oepc_false-unreach-call.c:255:35: note: place parentheses around the '&&' expression to silence this warning
  a$r_buff1_thd3 = a$w_buff0_used && a$r_buff0_thd3 || a$w_buff1_used && a$r_buff1_thd3 ? FALSE : a$r_buff1_thd3;
                                  ^
                   (                               )
mix024_pso.oepc_false-unreach-call.c:255:71: warning: '&&' within '||' [-Wlogical-op-parentheses]
  a$r_buff1_thd3 = a$w_buff0_used && a$r_buff0_thd3 || a$w_buff1_used && a$r_buff1_thd3 ? FALSE : a$r_buff1_thd3;
                                                    ~~ ~~~~~~~~~~~~~~~^~~~~~~~~~~~~~~~~
mix024_pso.oepc_false-unreach-call.c:255:71: note: place parentheses around the '&&' expression to silence this warning
  a$r_buff1_thd3 = a$w_buff0_used && a$r_buff0_thd3 || a$w_buff1_used && a$r_buff1_thd3 ? FALSE : a$r_buff1_thd3;
                                                                      ^
                                                       (                               )
mix024_pso.oepc_false-unreach-call.c:260:10: warning: incompatible integer to pointer conversion returning 'int' from a function with result type 'void *' [-Wint-conversion]
  return nondet_0();
         ^~~~~~~~~~
mix024_pso.oepc_false-unreach-call.c:288:38: warning: null passed to a callee which requires a non-null argument [-Wnonnull]
  pthread_create(NULL, NULL, P0, NULL);
                 ~~~~                ^
mix024_pso.oepc_false-unreach-call.c:289:38: warning: null passed to a callee which requires a non-null argument [-Wnonnull]
  pthread_create(NULL, NULL, P1, NULL);
                 ~~~~                ^
mix024_pso.oepc_false-unreach-call.c:290:38: warning: null passed to a callee which requires a non-null argument [-Wnonnull]
  pthread_create(NULL, NULL, P2, NULL);
                 ~~~~                ^
mix024_pso.oepc_false-unreach-call.c:298:35: warning: '&&' within '||' [-Wlogical-op-parentheses]
  a$w_buff1_used = a$w_buff0_used && a$r_buff0_thd0 || a$w_buff1_used && a$r_buff1_thd0 ? FALSE : a$w_buff1_used;
                   ~~~~~~~~~~~~~~~^~~~~~~~~~~~~~~~~ ~~
mix024_pso.oepc_false-unreach-call.c:298:35: note: place parentheses around the '&&' expression to silence this warning
  a$w_buff1_used = a$w_buff0_used && a$r_buff0_thd0 || a$w_buff1_used && a$r_buff1_thd0 ? FALSE : a$w_buff1_used;
                                  ^
                   (                               )
mix024_pso.oepc_false-unreach-call.c:298:71: warning: '&&' within '||' [-Wlogical-op-parentheses]
  a$w_buff1_used = a$w_buff0_used && a$r_buff0_thd0 || a$w_buff1_used && a$r_buff1_thd0 ? FALSE : a$w_buff1_used;
                                                    ~~ ~~~~~~~~~~~~~~~^~~~~~~~~~~~~~~~~
mix024_pso.oepc_false-unreach-call.c:298:71: note: place parentheses around the '&&' expression to silence this warning
  a$w_buff1_used = a$w_buff0_used && a$r_buff0_thd0 || a$w_buff1_used && a$r_buff1_thd0 ? FALSE : a$w_buff1_used;
                                                                      ^
                                                       (                               )
mix024_pso.oepc_false-unreach-call.c:300:35: warning: '&&' within '||' [-Wlogical-op-parentheses]
  a$r_buff1_thd0 = a$w_buff0_used && a$r_buff0_thd0 || a$w_buff1_used && a$r_buff1_thd0 ? FALSE : a$r_buff1_thd0;
                   ~~~~~~~~~~~~~~~^~~~~~~~~~~~~~~~~ ~~
mix024_pso.oepc_false-unreach-call.c:300:35: note: place parentheses around the '&&' expression to silence this warning
  a$r_buff1_thd0 = a$w_buff0_used && a$r_buff0_thd0 || a$w_buff1_used && a$r_buff1_thd0 ? FALSE : a$r_buff1_thd0;
                                  ^
                   (                               )
mix024_pso.oepc_false-unreach-call.c:300:71: warning: '&&' within '||' [-Wlogical-op-parentheses]
  a$r_buff1_thd0 = a$w_buff0_used && a$r_buff0_thd0 || a$w_buff1_used && a$r_buff1_thd0 ? FALSE : a$r_buff1_thd0;
                                                    ~~ ~~~~~~~~~~~~~~~^~~~~~~~~~~~~~~~~
mix024_pso.oepc_false-unreach-call.c:300:71: note: place parentheses around the '&&' expression to silence this warning
  a$r_buff1_thd0 = a$w_buff0_used && a$r_buff0_thd0 || a$w_buff1_used && a$r_buff1_thd0 ? FALSE : a$r_buff1_thd0;
                                                                      ^
                                                       (                               )
39 warnings generated.
