mix031_pso.oepc_false-unreach-call.c:4:34: warning: implicit declaration of function '__VERIFIER_assume' is invalid in C99 [-Wimplicit-function-declaration]
void __VERIFIER_atomic_begin() { __VERIFIER_assume(__global_lock==0); __global_lock=1; return; }
                                 ^
mix031_pso.oepc_false-unreach-call.c:181:35: warning: '&&' within '||' [-Wlogical-op-parentheses]
  a$w_buff1_used = a$w_buff0_used && a$r_buff0_thd1 || a$w_buff1_used && a$r_buff1_thd1 ? FALSE : a$w_buff1_used;
                   ~~~~~~~~~~~~~~~^~~~~~~~~~~~~~~~~ ~~
mix031_pso.oepc_false-unreach-call.c:181:35: note: place parentheses around the '&&' expression to silence this warning
  a$w_buff1_used = a$w_buff0_used && a$r_buff0_thd1 || a$w_buff1_used && a$r_buff1_thd1 ? FALSE : a$w_buff1_used;
                                  ^
                   (                               )
mix031_pso.oepc_false-unreach-call.c:181:71: warning: '&&' within '||' [-Wlogical-op-parentheses]
  a$w_buff1_used = a$w_buff0_used && a$r_buff0_thd1 || a$w_buff1_used && a$r_buff1_thd1 ? FALSE : a$w_buff1_used;
                                                    ~~ ~~~~~~~~~~~~~~~^~~~~~~~~~~~~~~~~
mix031_pso.oepc_false-unreach-call.c:181:71: note: place parentheses around the '&&' expression to silence this warning
  a$w_buff1_used = a$w_buff0_used && a$r_buff0_thd1 || a$w_buff1_used && a$r_buff1_thd1 ? FALSE : a$w_buff1_used;
                                                                      ^
                                                       (                               )
mix031_pso.oepc_false-unreach-call.c:183:35: warning: '&&' within '||' [-Wlogical-op-parentheses]
  a$r_buff1_thd1 = a$w_buff0_used && a$r_buff0_thd1 || a$w_buff1_used && a$r_buff1_thd1 ? FALSE : a$r_buff1_thd1;
                   ~~~~~~~~~~~~~~~^~~~~~~~~~~~~~~~~ ~~
mix031_pso.oepc_false-unreach-call.c:183:35: note: place parentheses around the '&&' expression to silence this warning
  a$r_buff1_thd1 = a$w_buff0_used && a$r_buff0_thd1 || a$w_buff1_used && a$r_buff1_thd1 ? FALSE : a$r_buff1_thd1;
                                  ^
                   (                               )
mix031_pso.oepc_false-unreach-call.c:183:71: warning: '&&' within '||' [-Wlogical-op-parentheses]
  a$r_buff1_thd1 = a$w_buff0_used && a$r_buff0_thd1 || a$w_buff1_used && a$r_buff1_thd1 ? FALSE : a$r_buff1_thd1;
                                                    ~~ ~~~~~~~~~~~~~~~^~~~~~~~~~~~~~~~~
mix031_pso.oepc_false-unreach-call.c:183:71: note: place parentheses around the '&&' expression to silence this warning
  a$r_buff1_thd1 = a$w_buff0_used && a$r_buff0_thd1 || a$w_buff1_used && a$r_buff1_thd1 ? FALSE : a$r_buff1_thd1;
                                                                      ^
                                                       (                               )
mix031_pso.oepc_false-unreach-call.c:188:10: warning: implicit declaration of function 'nondet_0' is invalid in C99 [-Wimplicit-function-declaration]
  return nondet_0();
         ^
mix031_pso.oepc_false-unreach-call.c:188:10: warning: incompatible integer to pointer conversion returning 'int' from a function with result type 'void *' [-Wint-conversion]
  return nondet_0();
         ^~~~~~~~~~
mix031_pso.oepc_false-unreach-call.c:205:19: warning: implicit declaration of function 'nondet_1' is invalid in C99 [-Wimplicit-function-declaration]
  weak$$choice0 = nondet_1();
                  ^
mix031_pso.oepc_false-unreach-call.c:209:42: warning: '&&' within '||' [-Wlogical-op-parentheses]
  a = !a$w_buff0_used || !a$r_buff0_thd2 && !a$w_buff1_used || !a$r_buff0_thd2 && !a$r_buff1_thd2 ? a : (a$w_buff0_used && a$r_buff0_thd2 ? a$w_buff0 : a$w_buff1);
                      ~~ ~~~~~~~~~~~~~~~~^~~~~~~~~~~~~~~~~~
mix031_pso.oepc_false-unreach-call.c:209:42: note: place parentheses around the '&&' expression to silence this warning
  a = !a$w_buff0_used || !a$r_buff0_thd2 && !a$w_buff1_used || !a$r_buff0_thd2 && !a$r_buff1_thd2 ? a : (a$w_buff0_used && a$r_buff0_thd2 ? a$w_buff0 : a$w_buff1);
                                         ^
                         (                                 )
mix031_pso.oepc_false-unreach-call.c:209:80: warning: '&&' within '||' [-Wlogical-op-parentheses]
  a = !a$w_buff0_used || !a$r_buff0_thd2 && !a$w_buff1_used || !a$r_buff0_thd2 && !a$r_buff1_thd2 ? a : (a$w_buff0_used && a$r_buff0_thd2 ? a$w_buff0 : a$w_buff1);
                                                            ~~ ~~~~~~~~~~~~~~~~^~~~~~~~~~~~~~~~~~
mix031_pso.oepc_false-unreach-call.c:209:80: note: place parentheses around the '&&' expression to silence this warning
  a = !a$w_buff0_used || !a$r_buff0_thd2 && !a$w_buff1_used || !a$r_buff0_thd2 && !a$r_buff1_thd2 ? a : (a$w_buff0_used && a$r_buff0_thd2 ? a$w_buff0 : a$w_buff1);
                                                                               ^
                                                               (                                 )
mix031_pso.oepc_false-unreach-call.c:210:79: warning: '&&' within '||' [-Wlogical-op-parentheses]
  a$w_buff0 = weak$$choice2 ? a$w_buff0 : (!a$w_buff0_used || !a$r_buff0_thd2 && !a$w_buff1_used || !a$r_buff0_thd2 && !a$r_buff1_thd2 ? a$w_buff0 : (a$w_buff0_used && a$r_buff0_thd2 ? a$w_buff0 : a$w_buff0));
                                                           ~~ ~~~~~~~~~~~~~~~~^~~~~~~~~~~~~~~~~~
mix031_pso.oepc_false-unreach-call.c:210:79: note: place parentheses around the '&&' expression to silence this warning
  a$w_buff0 = weak$$choice2 ? a$w_buff0 : (!a$w_buff0_used || !a$r_buff0_thd2 && !a$w_buff1_used || !a$r_buff0_thd2 && !a$r_buff1_thd2 ? a$w_buff0 : (a$w_buff0_used && a$r_buff0_thd2 ? a$w_buff0 : a$w_buff0));
                                                                              ^
                                                              (                                 )
mix031_pso.oepc_false-unreach-call.c:210:117: warning: '&&' within '||' [-Wlogical-op-parentheses]
  a$w_buff0 = weak$$choice2 ? a$w_buff0 : (!a$w_buff0_used || !a$r_buff0_thd2 && !a$w_buff1_used || !a$r_buff0_thd2 && !a$r_buff1_thd2 ? a$w_buff0 : (a$w_buff0_used && a$r_buff0_thd2 ? a$w_buff0 : a$w_buff0));
                                                                                                 ~~ ~~~~~~~~~~~~~~~~^~~~~~~~~~~~~~~~~~
mix031_pso.oepc_false-unreach-call.c:210:117: note: place parentheses around the '&&' expression to silence this warning
  a$w_buff0 = weak$$choice2 ? a$w_buff0 : (!a$w_buff0_used || !a$r_buff0_thd2 && !a$w_buff1_used || !a$r_buff0_thd2 && !a$r_buff1_thd2 ? a$w_buff0 : (a$w_buff0_used && a$r_buff0_thd2 ? a$w_buff0 : a$w_buff0));
                                                                                                                    ^
                                                                                                    (                                 )
mix031_pso.oepc_false-unreach-call.c:211:79: warning: '&&' within '||' [-Wlogical-op-parentheses]
  a$w_buff1 = weak$$choice2 ? a$w_buff1 : (!a$w_buff0_used || !a$r_buff0_thd2 && !a$w_buff1_used || !a$r_buff0_thd2 && !a$r_buff1_thd2 ? a$w_buff1 : (a$w_buff0_used && a$r_buff0_thd2 ? a$w_buff1 : a$w_buff1));
                                                           ~~ ~~~~~~~~~~~~~~~~^~~~~~~~~~~~~~~~~~
mix031_pso.oepc_false-unreach-call.c:211:79: note: place parentheses around the '&&' expression to silence this warning
  a$w_buff1 = weak$$choice2 ? a$w_buff1 : (!a$w_buff0_used || !a$r_buff0_thd2 && !a$w_buff1_used || !a$r_buff0_thd2 && !a$r_buff1_thd2 ? a$w_buff1 : (a$w_buff0_used && a$r_buff0_thd2 ? a$w_buff1 : a$w_buff1));
                                                                              ^
                                                              (                                 )
mix031_pso.oepc_false-unreach-call.c:211:117: warning: '&&' within '||' [-Wlogical-op-parentheses]
  a$w_buff1 = weak$$choice2 ? a$w_buff1 : (!a$w_buff0_used || !a$r_buff0_thd2 && !a$w_buff1_used || !a$r_buff0_thd2 && !a$r_buff1_thd2 ? a$w_buff1 : (a$w_buff0_used && a$r_buff0_thd2 ? a$w_buff1 : a$w_buff1));
                                                                                                 ~~ ~~~~~~~~~~~~~~~~^~~~~~~~~~~~~~~~~~
mix031_pso.oepc_false-unreach-call.c:211:117: note: place parentheses around the '&&' expression to silence this warning
  a$w_buff1 = weak$$choice2 ? a$w_buff1 : (!a$w_buff0_used || !a$r_buff0_thd2 && !a$w_buff1_used || !a$r_buff0_thd2 && !a$r_buff1_thd2 ? a$w_buff1 : (a$w_buff0_used && a$r_buff0_thd2 ? a$w_buff1 : a$w_buff1));
                                                                                                                    ^
                                                                                                    (                                 )
mix031_pso.oepc_false-unreach-call.c:212:89: warning: '&&' within '||' [-Wlogical-op-parentheses]
  a$w_buff0_used = weak$$choice2 ? a$w_buff0_used : (!a$w_buff0_used || !a$r_buff0_thd2 && !a$w_buff1_used || !a$r_buff0_thd2 && !a$r_buff1_thd2 ? a$w_buff0_used : (a$w_buff0_used && a$r_buff0_thd2 ? FALSE : a$w_buff0_used));
                                                                     ~~ ~~~~~~~~~~~~~~~~^~~~~~~~~~~~~~~~~~
mix031_pso.oepc_false-unreach-call.c:212:89: note: place parentheses around the '&&' expression to silence this warning
  a$w_buff0_used = weak$$choice2 ? a$w_buff0_used : (!a$w_buff0_used || !a$r_buff0_thd2 && !a$w_buff1_used || !a$r_buff0_thd2 && !a$r_buff1_thd2 ? a$w_buff0_used : (a$w_buff0_used && a$r_buff0_thd2 ? FALSE : a$w_buff0_used));
                                                                                        ^
                                                                        (                                 )
mix031_pso.oepc_false-unreach-call.c:212:127: warning: '&&' within '||' [-Wlogical-op-parentheses]
  a$w_buff0_used = weak$$choice2 ? a$w_buff0_used : (!a$w_buff0_used || !a$r_buff0_thd2 && !a$w_buff1_used || !a$r_buff0_thd2 && !a$r_buff1_thd2 ? a$w_buff0_used : (a$w_buff0_used && a$r_buff0_thd2 ? FALSE : a$w_buff0_used));
                                                                                                           ~~ ~~~~~~~~~~~~~~~~^~~~~~~~~~~~~~~~~~
mix031_pso.oepc_false-unreach-call.c:212:127: note: place parentheses around the '&&' expression to silence this warning
  a$w_buff0_used = weak$$choice2 ? a$w_buff0_used : (!a$w_buff0_used || !a$r_buff0_thd2 && !a$w_buff1_used || !a$r_buff0_thd2 && !a$r_buff1_thd2 ? a$w_buff0_used : (a$w_buff0_used && a$r_buff0_thd2 ? FALSE : a$w_buff0_used));
                                                                                                                              ^
                                                                                                              (                                 )
mix031_pso.oepc_false-unreach-call.c:213:89: warning: '&&' within '||' [-Wlogical-op-parentheses]
  a$w_buff1_used = weak$$choice2 ? a$w_buff1_used : (!a$w_buff0_used || !a$r_buff0_thd2 && !a$w_buff1_used || !a$r_buff0_thd2 && !a$r_buff1_thd2 ? a$w_buff1_used : (a$w_buff0_used && a$r_buff0_thd2 ? FALSE : FALSE));
                                                                     ~~ ~~~~~~~~~~~~~~~~^~~~~~~~~~~~~~~~~~
mix031_pso.oepc_false-unreach-call.c:213:89: note: place parentheses around the '&&' expression to silence this warning
  a$w_buff1_used = weak$$choice2 ? a$w_buff1_used : (!a$w_buff0_used || !a$r_buff0_thd2 && !a$w_buff1_used || !a$r_buff0_thd2 && !a$r_buff1_thd2 ? a$w_buff1_used : (a$w_buff0_used && a$r_buff0_thd2 ? FALSE : FALSE));
                                                                                        ^
                                                                        (                                 )
mix031_pso.oepc_false-unreach-call.c:213:127: warning: '&&' within '||' [-Wlogical-op-parentheses]
  a$w_buff1_used = weak$$choice2 ? a$w_buff1_used : (!a$w_buff0_used || !a$r_buff0_thd2 && !a$w_buff1_used || !a$r_buff0_thd2 && !a$r_buff1_thd2 ? a$w_buff1_used : (a$w_buff0_used && a$r_buff0_thd2 ? FALSE : FALSE));
                                                                                                           ~~ ~~~~~~~~~~~~~~~~^~~~~~~~~~~~~~~~~~
mix031_pso.oepc_false-unreach-call.c:213:127: note: place parentheses around the '&&' expression to silence this warning
  a$w_buff1_used = weak$$choice2 ? a$w_buff1_used : (!a$w_buff0_used || !a$r_buff0_thd2 && !a$w_buff1_used || !a$r_buff0_thd2 && !a$r_buff1_thd2 ? a$w_buff1_used : (a$w_buff0_used && a$r_buff0_thd2 ? FALSE : FALSE));
                                                                                                                              ^
                                                                                                              (                                 )
mix031_pso.oepc_false-unreach-call.c:214:89: warning: '&&' within '||' [-Wlogical-op-parentheses]
  a$r_buff0_thd2 = weak$$choice2 ? a$r_buff0_thd2 : (!a$w_buff0_used || !a$r_buff0_thd2 && !a$w_buff1_used || !a$r_buff0_thd2 && !a$r_buff1_thd2 ? a$r_buff0_thd2 : (a$w_buff0_used && a$r_buff0_thd2 ? FALSE : a$r_buff0_thd2));
                                                                     ~~ ~~~~~~~~~~~~~~~~^~~~~~~~~~~~~~~~~~
mix031_pso.oepc_false-unreach-call.c:214:89: note: place parentheses around the '&&' expression to silence this warning
  a$r_buff0_thd2 = weak$$choice2 ? a$r_buff0_thd2 : (!a$w_buff0_used || !a$r_buff0_thd2 && !a$w_buff1_used || !a$r_buff0_thd2 && !a$r_buff1_thd2 ? a$r_buff0_thd2 : (a$w_buff0_used && a$r_buff0_thd2 ? FALSE : a$r_buff0_thd2));
                                                                                        ^
                                                                        (                                 )
mix031_pso.oepc_false-unreach-call.c:214:127: warning: '&&' within '||' [-Wlogical-op-parentheses]
  a$r_buff0_thd2 = weak$$choice2 ? a$r_buff0_thd2 : (!a$w_buff0_used || !a$r_buff0_thd2 && !a$w_buff1_used || !a$r_buff0_thd2 && !a$r_buff1_thd2 ? a$r_buff0_thd2 : (a$w_buff0_used && a$r_buff0_thd2 ? FALSE : a$r_buff0_thd2));
                                                                                                           ~~ ~~~~~~~~~~~~~~~~^~~~~~~~~~~~~~~~~~
mix031_pso.oepc_false-unreach-call.c:214:127: note: place parentheses around the '&&' expression to silence this warning
  a$r_buff0_thd2 = weak$$choice2 ? a$r_buff0_thd2 : (!a$w_buff0_used || !a$r_buff0_thd2 && !a$w_buff1_used || !a$r_buff0_thd2 && !a$r_buff1_thd2 ? a$r_buff0_thd2 : (a$w_buff0_used && a$r_buff0_thd2 ? FALSE : a$r_buff0_thd2));
                                                                                                                              ^
                                                                                                              (                                 )
mix031_pso.oepc_false-unreach-call.c:215:89: warning: '&&' within '||' [-Wlogical-op-parentheses]
  a$r_buff1_thd2 = weak$$choice2 ? a$r_buff1_thd2 : (!a$w_buff0_used || !a$r_buff0_thd2 && !a$w_buff1_used || !a$r_buff0_thd2 && !a$r_buff1_thd2 ? a$r_buff1_thd2 : (a$w_buff0_used && a$r_buff0_thd2 ? FALSE : FALSE));
                                                                     ~~ ~~~~~~~~~~~~~~~~^~~~~~~~~~~~~~~~~~
mix031_pso.oepc_false-unreach-call.c:215:89: note: place parentheses around the '&&' expression to silence this warning
  a$r_buff1_thd2 = weak$$choice2 ? a$r_buff1_thd2 : (!a$w_buff0_used || !a$r_buff0_thd2 && !a$w_buff1_used || !a$r_buff0_thd2 && !a$r_buff1_thd2 ? a$r_buff1_thd2 : (a$w_buff0_used && a$r_buff0_thd2 ? FALSE : FALSE));
                                                                                        ^
                                                                        (                                 )
mix031_pso.oepc_false-unreach-call.c:215:127: warning: '&&' within '||' [-Wlogical-op-parentheses]
  a$r_buff1_thd2 = weak$$choice2 ? a$r_buff1_thd2 : (!a$w_buff0_used || !a$r_buff0_thd2 && !a$w_buff1_used || !a$r_buff0_thd2 && !a$r_buff1_thd2 ? a$r_buff1_thd2 : (a$w_buff0_used && a$r_buff0_thd2 ? FALSE : FALSE));
                                                                                                           ~~ ~~~~~~~~~~~~~~~~^~~~~~~~~~~~~~~~~~
mix031_pso.oepc_false-unreach-call.c:215:127: note: place parentheses around the '&&' expression to silence this warning
  a$r_buff1_thd2 = weak$$choice2 ? a$r_buff1_thd2 : (!a$w_buff0_used || !a$r_buff0_thd2 && !a$w_buff1_used || !a$r_buff0_thd2 && !a$r_buff1_thd2 ? a$r_buff1_thd2 : (a$w_buff0_used && a$r_buff0_thd2 ? FALSE : FALSE));
                                                                                                                              ^
                                                                                                              (                                 )
mix031_pso.oepc_false-unreach-call.c:223:35: warning: '&&' within '||' [-Wlogical-op-parentheses]
  a$w_buff1_used = a$w_buff0_used && a$r_buff0_thd2 || a$w_buff1_used && a$r_buff1_thd2 ? FALSE : a$w_buff1_used;
                   ~~~~~~~~~~~~~~~^~~~~~~~~~~~~~~~~ ~~
mix031_pso.oepc_false-unreach-call.c:223:35: note: place parentheses around the '&&' expression to silence this warning
  a$w_buff1_used = a$w_buff0_used && a$r_buff0_thd2 || a$w_buff1_used && a$r_buff1_thd2 ? FALSE : a$w_buff1_used;
                                  ^
                   (                               )
mix031_pso.oepc_false-unreach-call.c:223:71: warning: '&&' within '||' [-Wlogical-op-parentheses]
  a$w_buff1_used = a$w_buff0_used && a$r_buff0_thd2 || a$w_buff1_used && a$r_buff1_thd2 ? FALSE : a$w_buff1_used;
                                                    ~~ ~~~~~~~~~~~~~~~^~~~~~~~~~~~~~~~~
mix031_pso.oepc_false-unreach-call.c:223:71: note: place parentheses around the '&&' expression to silence this warning
  a$w_buff1_used = a$w_buff0_used && a$r_buff0_thd2 || a$w_buff1_used && a$r_buff1_thd2 ? FALSE : a$w_buff1_used;
                                                                      ^
                                                       (                               )
mix031_pso.oepc_false-unreach-call.c:225:35: warning: '&&' within '||' [-Wlogical-op-parentheses]
  a$r_buff1_thd2 = a$w_buff0_used && a$r_buff0_thd2 || a$w_buff1_used && a$r_buff1_thd2 ? FALSE : a$r_buff1_thd2;
                   ~~~~~~~~~~~~~~~^~~~~~~~~~~~~~~~~ ~~
mix031_pso.oepc_false-unreach-call.c:225:35: note: place parentheses around the '&&' expression to silence this warning
  a$r_buff1_thd2 = a$w_buff0_used && a$r_buff0_thd2 || a$w_buff1_used && a$r_buff1_thd2 ? FALSE : a$r_buff1_thd2;
                                  ^
                   (                               )
mix031_pso.oepc_false-unreach-call.c:225:71: warning: '&&' within '||' [-Wlogical-op-parentheses]
  a$r_buff1_thd2 = a$w_buff0_used && a$r_buff0_thd2 || a$w_buff1_used && a$r_buff1_thd2 ? FALSE : a$r_buff1_thd2;
                                                    ~~ ~~~~~~~~~~~~~~~^~~~~~~~~~~~~~~~~
mix031_pso.oepc_false-unreach-call.c:225:71: note: place parentheses around the '&&' expression to silence this warning
  a$r_buff1_thd2 = a$w_buff0_used && a$r_buff0_thd2 || a$w_buff1_used && a$r_buff1_thd2 ? FALSE : a$r_buff1_thd2;
                                                                      ^
                                                       (                               )
mix031_pso.oepc_false-unreach-call.c:230:10: warning: incompatible integer to pointer conversion returning 'int' from a function with result type 'void *' [-Wint-conversion]
  return nondet_0();
         ^~~~~~~~~~
mix031_pso.oepc_false-unreach-call.c:258:38: warning: null passed to a callee which requires a non-null argument [-Wnonnull]
  pthread_create(NULL, NULL, P0, NULL);
                 ~~~~                ^
mix031_pso.oepc_false-unreach-call.c:259:38: warning: null passed to a callee which requires a non-null argument [-Wnonnull]
  pthread_create(NULL, NULL, P1, NULL);
                 ~~~~                ^
mix031_pso.oepc_false-unreach-call.c:267:35: warning: '&&' within '||' [-Wlogical-op-parentheses]
  a$w_buff1_used = a$w_buff0_used && a$r_buff0_thd0 || a$w_buff1_used && a$r_buff1_thd0 ? FALSE : a$w_buff1_used;
                   ~~~~~~~~~~~~~~~^~~~~~~~~~~~~~~~~ ~~
mix031_pso.oepc_false-unreach-call.c:267:35: note: place parentheses around the '&&' expression to silence this warning
  a$w_buff1_used = a$w_buff0_used && a$r_buff0_thd0 || a$w_buff1_used && a$r_buff1_thd0 ? FALSE : a$w_buff1_used;
                                  ^
                   (                               )
mix031_pso.oepc_false-unreach-call.c:267:71: warning: '&&' within '||' [-Wlogical-op-parentheses]
  a$w_buff1_used = a$w_buff0_used && a$r_buff0_thd0 || a$w_buff1_used && a$r_buff1_thd0 ? FALSE : a$w_buff1_used;
                                                    ~~ ~~~~~~~~~~~~~~~^~~~~~~~~~~~~~~~~
mix031_pso.oepc_false-unreach-call.c:267:71: note: place parentheses around the '&&' expression to silence this warning
  a$w_buff1_used = a$w_buff0_used && a$r_buff0_thd0 || a$w_buff1_used && a$r_buff1_thd0 ? FALSE : a$w_buff1_used;
                                                                      ^
                                                       (                               )
mix031_pso.oepc_false-unreach-call.c:269:35: warning: '&&' within '||' [-Wlogical-op-parentheses]
  a$r_buff1_thd0 = a$w_buff0_used && a$r_buff0_thd0 || a$w_buff1_used && a$r_buff1_thd0 ? FALSE : a$r_buff1_thd0;
                   ~~~~~~~~~~~~~~~^~~~~~~~~~~~~~~~~ ~~
mix031_pso.oepc_false-unreach-call.c:269:35: note: place parentheses around the '&&' expression to silence this warning
  a$r_buff1_thd0 = a$w_buff0_used && a$r_buff0_thd0 || a$w_buff1_used && a$r_buff1_thd0 ? FALSE : a$r_buff1_thd0;
                                  ^
                   (                               )
mix031_pso.oepc_false-unreach-call.c:269:71: warning: '&&' within '||' [-Wlogical-op-parentheses]
  a$r_buff1_thd0 = a$w_buff0_used && a$r_buff0_thd0 || a$w_buff1_used && a$r_buff1_thd0 ? FALSE : a$r_buff1_thd0;
                                                    ~~ ~~~~~~~~~~~~~~~^~~~~~~~~~~~~~~~~
mix031_pso.oepc_false-unreach-call.c:269:71: note: place parentheses around the '&&' expression to silence this warning
  a$r_buff1_thd0 = a$w_buff0_used && a$r_buff0_thd0 || a$w_buff1_used && a$r_buff1_thd0 ? FALSE : a$r_buff1_thd0;
                                                                      ^
                                                       (                               )
33 warnings generated.
