mix051_pso.oepc_false-unreach-call.c:4:34: warning: implicit declaration of function '__VERIFIER_assume' is invalid in C99 [-Wimplicit-function-declaration]
void __VERIFIER_atomic_begin() { __VERIFIER_assume(__global_lock==0); __global_lock=1; return; }
                                 ^
mix051_pso.oepc_false-unreach-call.c:189:35: warning: '&&' within '||' [-Wlogical-op-parentheses]
  a$w_buff1_used = a$w_buff0_used && a$r_buff0_thd1 || a$w_buff1_used && a$r_buff1_thd1 ? FALSE : a$w_buff1_used;
                   ~~~~~~~~~~~~~~~^~~~~~~~~~~~~~~~~ ~~
mix051_pso.oepc_false-unreach-call.c:189:35: note: place parentheses around the '&&' expression to silence this warning
  a$w_buff1_used = a$w_buff0_used && a$r_buff0_thd1 || a$w_buff1_used && a$r_buff1_thd1 ? FALSE : a$w_buff1_used;
                                  ^
                   (                               )
mix051_pso.oepc_false-unreach-call.c:189:71: warning: '&&' within '||' [-Wlogical-op-parentheses]
  a$w_buff1_used = a$w_buff0_used && a$r_buff0_thd1 || a$w_buff1_used && a$r_buff1_thd1 ? FALSE : a$w_buff1_used;
                                                    ~~ ~~~~~~~~~~~~~~~^~~~~~~~~~~~~~~~~
mix051_pso.oepc_false-unreach-call.c:189:71: note: place parentheses around the '&&' expression to silence this warning
  a$w_buff1_used = a$w_buff0_used && a$r_buff0_thd1 || a$w_buff1_used && a$r_buff1_thd1 ? FALSE : a$w_buff1_used;
                                                                      ^
                                                       (                               )
mix051_pso.oepc_false-unreach-call.c:191:35: warning: '&&' within '||' [-Wlogical-op-parentheses]
  a$r_buff1_thd1 = a$w_buff0_used && a$r_buff0_thd1 || a$w_buff1_used && a$r_buff1_thd1 ? FALSE : a$r_buff1_thd1;
                   ~~~~~~~~~~~~~~~^~~~~~~~~~~~~~~~~ ~~
mix051_pso.oepc_false-unreach-call.c:191:35: note: place parentheses around the '&&' expression to silence this warning
  a$r_buff1_thd1 = a$w_buff0_used && a$r_buff0_thd1 || a$w_buff1_used && a$r_buff1_thd1 ? FALSE : a$r_buff1_thd1;
                                  ^
                   (                               )
mix051_pso.oepc_false-unreach-call.c:191:71: warning: '&&' within '||' [-Wlogical-op-parentheses]
  a$r_buff1_thd1 = a$w_buff0_used && a$r_buff0_thd1 || a$w_buff1_used && a$r_buff1_thd1 ? FALSE : a$r_buff1_thd1;
                                                    ~~ ~~~~~~~~~~~~~~~^~~~~~~~~~~~~~~~~
mix051_pso.oepc_false-unreach-call.c:191:71: note: place parentheses around the '&&' expression to silence this warning
  a$r_buff1_thd1 = a$w_buff0_used && a$r_buff0_thd1 || a$w_buff1_used && a$r_buff1_thd1 ? FALSE : a$r_buff1_thd1;
                                                                      ^
                                                       (                               )
mix051_pso.oepc_false-unreach-call.c:196:10: warning: implicit declaration of function 'nondet_0' is invalid in C99 [-Wimplicit-function-declaration]
  return nondet_0();
         ^
mix051_pso.oepc_false-unreach-call.c:196:10: warning: incompatible integer to pointer conversion returning 'int' from a function with result type 'void *' [-Wint-conversion]
  return nondet_0();
         ^~~~~~~~~~
mix051_pso.oepc_false-unreach-call.c:212:35: warning: '&&' within '||' [-Wlogical-op-parentheses]
  a$w_buff1_used = a$w_buff0_used && a$r_buff0_thd2 || a$w_buff1_used && a$r_buff1_thd2 ? FALSE : a$w_buff1_used;
                   ~~~~~~~~~~~~~~~^~~~~~~~~~~~~~~~~ ~~
mix051_pso.oepc_false-unreach-call.c:212:35: note: place parentheses around the '&&' expression to silence this warning
  a$w_buff1_used = a$w_buff0_used && a$r_buff0_thd2 || a$w_buff1_used && a$r_buff1_thd2 ? FALSE : a$w_buff1_used;
                                  ^
                   (                               )
mix051_pso.oepc_false-unreach-call.c:212:71: warning: '&&' within '||' [-Wlogical-op-parentheses]
  a$w_buff1_used = a$w_buff0_used && a$r_buff0_thd2 || a$w_buff1_used && a$r_buff1_thd2 ? FALSE : a$w_buff1_used;
                                                    ~~ ~~~~~~~~~~~~~~~^~~~~~~~~~~~~~~~~
mix051_pso.oepc_false-unreach-call.c:212:71: note: place parentheses around the '&&' expression to silence this warning
  a$w_buff1_used = a$w_buff0_used && a$r_buff0_thd2 || a$w_buff1_used && a$r_buff1_thd2 ? FALSE : a$w_buff1_used;
                                                                      ^
                                                       (                               )
mix051_pso.oepc_false-unreach-call.c:214:35: warning: '&&' within '||' [-Wlogical-op-parentheses]
  a$r_buff1_thd2 = a$w_buff0_used && a$r_buff0_thd2 || a$w_buff1_used && a$r_buff1_thd2 ? FALSE : a$r_buff1_thd2;
                   ~~~~~~~~~~~~~~~^~~~~~~~~~~~~~~~~ ~~
mix051_pso.oepc_false-unreach-call.c:214:35: note: place parentheses around the '&&' expression to silence this warning
  a$r_buff1_thd2 = a$w_buff0_used && a$r_buff0_thd2 || a$w_buff1_used && a$r_buff1_thd2 ? FALSE : a$r_buff1_thd2;
                                  ^
                   (                               )
mix051_pso.oepc_false-unreach-call.c:214:71: warning: '&&' within '||' [-Wlogical-op-parentheses]
  a$r_buff1_thd2 = a$w_buff0_used && a$r_buff0_thd2 || a$w_buff1_used && a$r_buff1_thd2 ? FALSE : a$r_buff1_thd2;
                                                    ~~ ~~~~~~~~~~~~~~~^~~~~~~~~~~~~~~~~
mix051_pso.oepc_false-unreach-call.c:214:71: note: place parentheses around the '&&' expression to silence this warning
  a$r_buff1_thd2 = a$w_buff0_used && a$r_buff0_thd2 || a$w_buff1_used && a$r_buff1_thd2 ? FALSE : a$r_buff1_thd2;
                                                                      ^
                                                       (                               )
mix051_pso.oepc_false-unreach-call.c:219:10: warning: incompatible integer to pointer conversion returning 'int' from a function with result type 'void *' [-Wint-conversion]
  return nondet_0();
         ^~~~~~~~~~
mix051_pso.oepc_false-unreach-call.c:235:35: warning: '&&' within '||' [-Wlogical-op-parentheses]
  a$w_buff1_used = a$w_buff0_used && a$r_buff0_thd3 || a$w_buff1_used && a$r_buff1_thd3 ? FALSE : a$w_buff1_used;
                   ~~~~~~~~~~~~~~~^~~~~~~~~~~~~~~~~ ~~
mix051_pso.oepc_false-unreach-call.c:235:35: note: place parentheses around the '&&' expression to silence this warning
  a$w_buff1_used = a$w_buff0_used && a$r_buff0_thd3 || a$w_buff1_used && a$r_buff1_thd3 ? FALSE : a$w_buff1_used;
                                  ^
                   (                               )
mix051_pso.oepc_false-unreach-call.c:235:71: warning: '&&' within '||' [-Wlogical-op-parentheses]
  a$w_buff1_used = a$w_buff0_used && a$r_buff0_thd3 || a$w_buff1_used && a$r_buff1_thd3 ? FALSE : a$w_buff1_used;
                                                    ~~ ~~~~~~~~~~~~~~~^~~~~~~~~~~~~~~~~
mix051_pso.oepc_false-unreach-call.c:235:71: note: place parentheses around the '&&' expression to silence this warning
  a$w_buff1_used = a$w_buff0_used && a$r_buff0_thd3 || a$w_buff1_used && a$r_buff1_thd3 ? FALSE : a$w_buff1_used;
                                                                      ^
                                                       (                               )
mix051_pso.oepc_false-unreach-call.c:237:35: warning: '&&' within '||' [-Wlogical-op-parentheses]
  a$r_buff1_thd3 = a$w_buff0_used && a$r_buff0_thd3 || a$w_buff1_used && a$r_buff1_thd3 ? FALSE : a$r_buff1_thd3;
                   ~~~~~~~~~~~~~~~^~~~~~~~~~~~~~~~~ ~~
mix051_pso.oepc_false-unreach-call.c:237:35: note: place parentheses around the '&&' expression to silence this warning
  a$r_buff1_thd3 = a$w_buff0_used && a$r_buff0_thd3 || a$w_buff1_used && a$r_buff1_thd3 ? FALSE : a$r_buff1_thd3;
                                  ^
                   (                               )
mix051_pso.oepc_false-unreach-call.c:237:71: warning: '&&' within '||' [-Wlogical-op-parentheses]
  a$r_buff1_thd3 = a$w_buff0_used && a$r_buff0_thd3 || a$w_buff1_used && a$r_buff1_thd3 ? FALSE : a$r_buff1_thd3;
                                                    ~~ ~~~~~~~~~~~~~~~^~~~~~~~~~~~~~~~~
mix051_pso.oepc_false-unreach-call.c:237:71: note: place parentheses around the '&&' expression to silence this warning
  a$r_buff1_thd3 = a$w_buff0_used && a$r_buff0_thd3 || a$w_buff1_used && a$r_buff1_thd3 ? FALSE : a$r_buff1_thd3;
                                                                      ^
                                                       (                               )
mix051_pso.oepc_false-unreach-call.c:242:10: warning: incompatible integer to pointer conversion returning 'int' from a function with result type 'void *' [-Wint-conversion]
  return nondet_0();
         ^~~~~~~~~~
mix051_pso.oepc_false-unreach-call.c:253:19: warning: implicit declaration of function 'nondet_1' is invalid in C99 [-Wimplicit-function-declaration]
  weak$$choice0 = nondet_1();
                  ^
mix051_pso.oepc_false-unreach-call.c:257:42: warning: '&&' within '||' [-Wlogical-op-parentheses]
  a = !a$w_buff0_used || !a$r_buff0_thd4 && !a$w_buff1_used || !a$r_buff0_thd4 && !a$r_buff1_thd4 ? a : (a$w_buff0_used && a$r_buff0_thd4 ? a$w_buff0 : a$w_buff1);
                      ~~ ~~~~~~~~~~~~~~~~^~~~~~~~~~~~~~~~~~
mix051_pso.oepc_false-unreach-call.c:257:42: note: place parentheses around the '&&' expression to silence this warning
  a = !a$w_buff0_used || !a$r_buff0_thd4 && !a$w_buff1_used || !a$r_buff0_thd4 && !a$r_buff1_thd4 ? a : (a$w_buff0_used && a$r_buff0_thd4 ? a$w_buff0 : a$w_buff1);
                                         ^
                         (                                 )
mix051_pso.oepc_false-unreach-call.c:257:80: warning: '&&' within '||' [-Wlogical-op-parentheses]
  a = !a$w_buff0_used || !a$r_buff0_thd4 && !a$w_buff1_used || !a$r_buff0_thd4 && !a$r_buff1_thd4 ? a : (a$w_buff0_used && a$r_buff0_thd4 ? a$w_buff0 : a$w_buff1);
                                                            ~~ ~~~~~~~~~~~~~~~~^~~~~~~~~~~~~~~~~~
mix051_pso.oepc_false-unreach-call.c:257:80: note: place parentheses around the '&&' expression to silence this warning
  a = !a$w_buff0_used || !a$r_buff0_thd4 && !a$w_buff1_used || !a$r_buff0_thd4 && !a$r_buff1_thd4 ? a : (a$w_buff0_used && a$r_buff0_thd4 ? a$w_buff0 : a$w_buff1);
                                                                               ^
                                                               (                                 )
mix051_pso.oepc_false-unreach-call.c:258:79: warning: '&&' within '||' [-Wlogical-op-parentheses]
  a$w_buff0 = weak$$choice2 ? a$w_buff0 : (!a$w_buff0_used || !a$r_buff0_thd4 && !a$w_buff1_used || !a$r_buff0_thd4 && !a$r_buff1_thd4 ? a$w_buff0 : (a$w_buff0_used && a$r_buff0_thd4 ? a$w_buff0 : a$w_buff0));
                                                           ~~ ~~~~~~~~~~~~~~~~^~~~~~~~~~~~~~~~~~
mix051_pso.oepc_false-unreach-call.c:258:79: note: place parentheses around the '&&' expression to silence this warning
  a$w_buff0 = weak$$choice2 ? a$w_buff0 : (!a$w_buff0_used || !a$r_buff0_thd4 && !a$w_buff1_used || !a$r_buff0_thd4 && !a$r_buff1_thd4 ? a$w_buff0 : (a$w_buff0_used && a$r_buff0_thd4 ? a$w_buff0 : a$w_buff0));
                                                                              ^
                                                              (                                 )
mix051_pso.oepc_false-unreach-call.c:258:117: warning: '&&' within '||' [-Wlogical-op-parentheses]
  a$w_buff0 = weak$$choice2 ? a$w_buff0 : (!a$w_buff0_used || !a$r_buff0_thd4 && !a$w_buff1_used || !a$r_buff0_thd4 && !a$r_buff1_thd4 ? a$w_buff0 : (a$w_buff0_used && a$r_buff0_thd4 ? a$w_buff0 : a$w_buff0));
                                                                                                 ~~ ~~~~~~~~~~~~~~~~^~~~~~~~~~~~~~~~~~
mix051_pso.oepc_false-unreach-call.c:258:117: note: place parentheses around the '&&' expression to silence this warning
  a$w_buff0 = weak$$choice2 ? a$w_buff0 : (!a$w_buff0_used || !a$r_buff0_thd4 && !a$w_buff1_used || !a$r_buff0_thd4 && !a$r_buff1_thd4 ? a$w_buff0 : (a$w_buff0_used && a$r_buff0_thd4 ? a$w_buff0 : a$w_buff0));
                                                                                                                    ^
                                                                                                    (                                 )
mix051_pso.oepc_false-unreach-call.c:259:79: warning: '&&' within '||' [-Wlogical-op-parentheses]
  a$w_buff1 = weak$$choice2 ? a$w_buff1 : (!a$w_buff0_used || !a$r_buff0_thd4 && !a$w_buff1_used || !a$r_buff0_thd4 && !a$r_buff1_thd4 ? a$w_buff1 : (a$w_buff0_used && a$r_buff0_thd4 ? a$w_buff1 : a$w_buff1));
                                                           ~~ ~~~~~~~~~~~~~~~~^~~~~~~~~~~~~~~~~~
mix051_pso.oepc_false-unreach-call.c:259:79: note: place parentheses around the '&&' expression to silence this warning
  a$w_buff1 = weak$$choice2 ? a$w_buff1 : (!a$w_buff0_used || !a$r_buff0_thd4 && !a$w_buff1_used || !a$r_buff0_thd4 && !a$r_buff1_thd4 ? a$w_buff1 : (a$w_buff0_used && a$r_buff0_thd4 ? a$w_buff1 : a$w_buff1));
                                                                              ^
                                                              (                                 )
mix051_pso.oepc_false-unreach-call.c:259:117: warning: '&&' within '||' [-Wlogical-op-parentheses]
  a$w_buff1 = weak$$choice2 ? a$w_buff1 : (!a$w_buff0_used || !a$r_buff0_thd4 && !a$w_buff1_used || !a$r_buff0_thd4 && !a$r_buff1_thd4 ? a$w_buff1 : (a$w_buff0_used && a$r_buff0_thd4 ? a$w_buff1 : a$w_buff1));
                                                                                                 ~~ ~~~~~~~~~~~~~~~~^~~~~~~~~~~~~~~~~~
mix051_pso.oepc_false-unreach-call.c:259:117: note: place parentheses around the '&&' expression to silence this warning
  a$w_buff1 = weak$$choice2 ? a$w_buff1 : (!a$w_buff0_used || !a$r_buff0_thd4 && !a$w_buff1_used || !a$r_buff0_thd4 && !a$r_buff1_thd4 ? a$w_buff1 : (a$w_buff0_used && a$r_buff0_thd4 ? a$w_buff1 : a$w_buff1));
                                                                                                                    ^
                                                                                                    (                                 )
mix051_pso.oepc_false-unreach-call.c:260:89: warning: '&&' within '||' [-Wlogical-op-parentheses]
  a$w_buff0_used = weak$$choice2 ? a$w_buff0_used : (!a$w_buff0_used || !a$r_buff0_thd4 && !a$w_buff1_used || !a$r_buff0_thd4 && !a$r_buff1_thd4 ? a$w_buff0_used : (a$w_buff0_used && a$r_buff0_thd4 ? FALSE : a$w_buff0_used));
                                                                     ~~ ~~~~~~~~~~~~~~~~^~~~~~~~~~~~~~~~~~
mix051_pso.oepc_false-unreach-call.c:260:89: note: place parentheses around the '&&' expression to silence this warning
  a$w_buff0_used = weak$$choice2 ? a$w_buff0_used : (!a$w_buff0_used || !a$r_buff0_thd4 && !a$w_buff1_used || !a$r_buff0_thd4 && !a$r_buff1_thd4 ? a$w_buff0_used : (a$w_buff0_used && a$r_buff0_thd4 ? FALSE : a$w_buff0_used));
                                                                                        ^
                                                                        (                                 )
mix051_pso.oepc_false-unreach-call.c:260:127: warning: '&&' within '||' [-Wlogical-op-parentheses]
  a$w_buff0_used = weak$$choice2 ? a$w_buff0_used : (!a$w_buff0_used || !a$r_buff0_thd4 && !a$w_buff1_used || !a$r_buff0_thd4 && !a$r_buff1_thd4 ? a$w_buff0_used : (a$w_buff0_used && a$r_buff0_thd4 ? FALSE : a$w_buff0_used));
                                                                                                           ~~ ~~~~~~~~~~~~~~~~^~~~~~~~~~~~~~~~~~
mix051_pso.oepc_false-unreach-call.c:260:127: note: place parentheses around the '&&' expression to silence this warning
  a$w_buff0_used = weak$$choice2 ? a$w_buff0_used : (!a$w_buff0_used || !a$r_buff0_thd4 && !a$w_buff1_used || !a$r_buff0_thd4 && !a$r_buff1_thd4 ? a$w_buff0_used : (a$w_buff0_used && a$r_buff0_thd4 ? FALSE : a$w_buff0_used));
                                                                                                                              ^
                                                                                                              (                                 )
mix051_pso.oepc_false-unreach-call.c:261:89: warning: '&&' within '||' [-Wlogical-op-parentheses]
  a$w_buff1_used = weak$$choice2 ? a$w_buff1_used : (!a$w_buff0_used || !a$r_buff0_thd4 && !a$w_buff1_used || !a$r_buff0_thd4 && !a$r_buff1_thd4 ? a$w_buff1_used : (a$w_buff0_used && a$r_buff0_thd4 ? FALSE : FALSE));
                                                                     ~~ ~~~~~~~~~~~~~~~~^~~~~~~~~~~~~~~~~~
mix051_pso.oepc_false-unreach-call.c:261:89: note: place parentheses around the '&&' expression to silence this warning
  a$w_buff1_used = weak$$choice2 ? a$w_buff1_used : (!a$w_buff0_used || !a$r_buff0_thd4 && !a$w_buff1_used || !a$r_buff0_thd4 && !a$r_buff1_thd4 ? a$w_buff1_used : (a$w_buff0_used && a$r_buff0_thd4 ? FALSE : FALSE));
                                                                                        ^
                                                                        (                                 )
mix051_pso.oepc_false-unreach-call.c:261:127: warning: '&&' within '||' [-Wlogical-op-parentheses]
  a$w_buff1_used = weak$$choice2 ? a$w_buff1_used : (!a$w_buff0_used || !a$r_buff0_thd4 && !a$w_buff1_used || !a$r_buff0_thd4 && !a$r_buff1_thd4 ? a$w_buff1_used : (a$w_buff0_used && a$r_buff0_thd4 ? FALSE : FALSE));
                                                                                                           ~~ ~~~~~~~~~~~~~~~~^~~~~~~~~~~~~~~~~~
mix051_pso.oepc_false-unreach-call.c:261:127: note: place parentheses around the '&&' expression to silence this warning
  a$w_buff1_used = weak$$choice2 ? a$w_buff1_used : (!a$w_buff0_used || !a$r_buff0_thd4 && !a$w_buff1_used || !a$r_buff0_thd4 && !a$r_buff1_thd4 ? a$w_buff1_used : (a$w_buff0_used && a$r_buff0_thd4 ? FALSE : FALSE));
                                                                                                                              ^
                                                                                                              (                                 )
mix051_pso.oepc_false-unreach-call.c:262:89: warning: '&&' within '||' [-Wlogical-op-parentheses]
  a$r_buff0_thd4 = weak$$choice2 ? a$r_buff0_thd4 : (!a$w_buff0_used || !a$r_buff0_thd4 && !a$w_buff1_used || !a$r_buff0_thd4 && !a$r_buff1_thd4 ? a$r_buff0_thd4 : (a$w_buff0_used && a$r_buff0_thd4 ? FALSE : a$r_buff0_thd4));
                                                                     ~~ ~~~~~~~~~~~~~~~~^~~~~~~~~~~~~~~~~~
mix051_pso.oepc_false-unreach-call.c:262:89: note: place parentheses around the '&&' expression to silence this warning
  a$r_buff0_thd4 = weak$$choice2 ? a$r_buff0_thd4 : (!a$w_buff0_used || !a$r_buff0_thd4 && !a$w_buff1_used || !a$r_buff0_thd4 && !a$r_buff1_thd4 ? a$r_buff0_thd4 : (a$w_buff0_used && a$r_buff0_thd4 ? FALSE : a$r_buff0_thd4));
                                                                                        ^
                                                                        (                                 )
mix051_pso.oepc_false-unreach-call.c:262:127: warning: '&&' within '||' [-Wlogical-op-parentheses]
  a$r_buff0_thd4 = weak$$choice2 ? a$r_buff0_thd4 : (!a$w_buff0_used || !a$r_buff0_thd4 && !a$w_buff1_used || !a$r_buff0_thd4 && !a$r_buff1_thd4 ? a$r_buff0_thd4 : (a$w_buff0_used && a$r_buff0_thd4 ? FALSE : a$r_buff0_thd4));
                                                                                                           ~~ ~~~~~~~~~~~~~~~~^~~~~~~~~~~~~~~~~~
mix051_pso.oepc_false-unreach-call.c:262:127: note: place parentheses around the '&&' expression to silence this warning
  a$r_buff0_thd4 = weak$$choice2 ? a$r_buff0_thd4 : (!a$w_buff0_used || !a$r_buff0_thd4 && !a$w_buff1_used || !a$r_buff0_thd4 && !a$r_buff1_thd4 ? a$r_buff0_thd4 : (a$w_buff0_used && a$r_buff0_thd4 ? FALSE : a$r_buff0_thd4));
                                                                                                                              ^
                                                                                                              (                                 )
mix051_pso.oepc_false-unreach-call.c:263:89: warning: '&&' within '||' [-Wlogical-op-parentheses]
  a$r_buff1_thd4 = weak$$choice2 ? a$r_buff1_thd4 : (!a$w_buff0_used || !a$r_buff0_thd4 && !a$w_buff1_used || !a$r_buff0_thd4 && !a$r_buff1_thd4 ? a$r_buff1_thd4 : (a$w_buff0_used && a$r_buff0_thd4 ? FALSE : FALSE));
                                                                     ~~ ~~~~~~~~~~~~~~~~^~~~~~~~~~~~~~~~~~
mix051_pso.oepc_false-unreach-call.c:263:89: note: place parentheses around the '&&' expression to silence this warning
  a$r_buff1_thd4 = weak$$choice2 ? a$r_buff1_thd4 : (!a$w_buff0_used || !a$r_buff0_thd4 && !a$w_buff1_used || !a$r_buff0_thd4 && !a$r_buff1_thd4 ? a$r_buff1_thd4 : (a$w_buff0_used && a$r_buff0_thd4 ? FALSE : FALSE));
                                                                                        ^
                                                                        (                                 )
mix051_pso.oepc_false-unreach-call.c:263:127: warning: '&&' within '||' [-Wlogical-op-parentheses]
  a$r_buff1_thd4 = weak$$choice2 ? a$r_buff1_thd4 : (!a$w_buff0_used || !a$r_buff0_thd4 && !a$w_buff1_used || !a$r_buff0_thd4 && !a$r_buff1_thd4 ? a$r_buff1_thd4 : (a$w_buff0_used && a$r_buff0_thd4 ? FALSE : FALSE));
                                                                                                           ~~ ~~~~~~~~~~~~~~~~^~~~~~~~~~~~~~~~~~
mix051_pso.oepc_false-unreach-call.c:263:127: note: place parentheses around the '&&' expression to silence this warning
  a$r_buff1_thd4 = weak$$choice2 ? a$r_buff1_thd4 : (!a$w_buff0_used || !a$r_buff0_thd4 && !a$w_buff1_used || !a$r_buff0_thd4 && !a$r_buff1_thd4 ? a$r_buff1_thd4 : (a$w_buff0_used && a$r_buff0_thd4 ? FALSE : FALSE));
                                                                                                                              ^
                                                                                                              (                                 )
mix051_pso.oepc_false-unreach-call.c:271:35: warning: '&&' within '||' [-Wlogical-op-parentheses]
  a$w_buff1_used = a$w_buff0_used && a$r_buff0_thd4 || a$w_buff1_used && a$r_buff1_thd4 ? FALSE : a$w_buff1_used;
                   ~~~~~~~~~~~~~~~^~~~~~~~~~~~~~~~~ ~~
mix051_pso.oepc_false-unreach-call.c:271:35: note: place parentheses around the '&&' expression to silence this warning
  a$w_buff1_used = a$w_buff0_used && a$r_buff0_thd4 || a$w_buff1_used && a$r_buff1_thd4 ? FALSE : a$w_buff1_used;
                                  ^
                   (                               )
mix051_pso.oepc_false-unreach-call.c:271:71: warning: '&&' within '||' [-Wlogical-op-parentheses]
  a$w_buff1_used = a$w_buff0_used && a$r_buff0_thd4 || a$w_buff1_used && a$r_buff1_thd4 ? FALSE : a$w_buff1_used;
                                                    ~~ ~~~~~~~~~~~~~~~^~~~~~~~~~~~~~~~~
mix051_pso.oepc_false-unreach-call.c:271:71: note: place parentheses around the '&&' expression to silence this warning
  a$w_buff1_used = a$w_buff0_used && a$r_buff0_thd4 || a$w_buff1_used && a$r_buff1_thd4 ? FALSE : a$w_buff1_used;
                                                                      ^
                                                       (                               )
mix051_pso.oepc_false-unreach-call.c:273:35: warning: '&&' within '||' [-Wlogical-op-parentheses]
  a$r_buff1_thd4 = a$w_buff0_used && a$r_buff0_thd4 || a$w_buff1_used && a$r_buff1_thd4 ? FALSE : a$r_buff1_thd4;
                   ~~~~~~~~~~~~~~~^~~~~~~~~~~~~~~~~ ~~
mix051_pso.oepc_false-unreach-call.c:273:35: note: place parentheses around the '&&' expression to silence this warning
  a$r_buff1_thd4 = a$w_buff0_used && a$r_buff0_thd4 || a$w_buff1_used && a$r_buff1_thd4 ? FALSE : a$r_buff1_thd4;
                                  ^
                   (                               )
mix051_pso.oepc_false-unreach-call.c:273:71: warning: '&&' within '||' [-Wlogical-op-parentheses]
  a$r_buff1_thd4 = a$w_buff0_used && a$r_buff0_thd4 || a$w_buff1_used && a$r_buff1_thd4 ? FALSE : a$r_buff1_thd4;
                                                    ~~ ~~~~~~~~~~~~~~~^~~~~~~~~~~~~~~~~
mix051_pso.oepc_false-unreach-call.c:273:71: note: place parentheses around the '&&' expression to silence this warning
  a$r_buff1_thd4 = a$w_buff0_used && a$r_buff0_thd4 || a$w_buff1_used && a$r_buff1_thd4 ? FALSE : a$r_buff1_thd4;
                                                                      ^
                                                       (                               )
mix051_pso.oepc_false-unreach-call.c:278:10: warning: incompatible integer to pointer conversion returning 'int' from a function with result type 'void *' [-Wint-conversion]
  return nondet_0();
         ^~~~~~~~~~
mix051_pso.oepc_false-unreach-call.c:306:38: warning: null passed to a callee which requires a non-null argument [-Wnonnull]
  pthread_create(NULL, NULL, P0, NULL);
                 ~~~~                ^
mix051_pso.oepc_false-unreach-call.c:307:38: warning: null passed to a callee which requires a non-null argument [-Wnonnull]
  pthread_create(NULL, NULL, P1, NULL);
                 ~~~~                ^
mix051_pso.oepc_false-unreach-call.c:308:38: warning: null passed to a callee which requires a non-null argument [-Wnonnull]
  pthread_create(NULL, NULL, P2, NULL);
                 ~~~~                ^
mix051_pso.oepc_false-unreach-call.c:309:38: warning: null passed to a callee which requires a non-null argument [-Wnonnull]
  pthread_create(NULL, NULL, P3, NULL);
                 ~~~~                ^
mix051_pso.oepc_false-unreach-call.c:317:35: warning: '&&' within '||' [-Wlogical-op-parentheses]
  a$w_buff1_used = a$w_buff0_used && a$r_buff0_thd0 || a$w_buff1_used && a$r_buff1_thd0 ? FALSE : a$w_buff1_used;
                   ~~~~~~~~~~~~~~~^~~~~~~~~~~~~~~~~ ~~
mix051_pso.oepc_false-unreach-call.c:317:35: note: place parentheses around the '&&' expression to silence this warning
  a$w_buff1_used = a$w_buff0_used && a$r_buff0_thd0 || a$w_buff1_used && a$r_buff1_thd0 ? FALSE : a$w_buff1_used;
                                  ^
                   (                               )
mix051_pso.oepc_false-unreach-call.c:317:71: warning: '&&' within '||' [-Wlogical-op-parentheses]
  a$w_buff1_used = a$w_buff0_used && a$r_buff0_thd0 || a$w_buff1_used && a$r_buff1_thd0 ? FALSE : a$w_buff1_used;
                                                    ~~ ~~~~~~~~~~~~~~~^~~~~~~~~~~~~~~~~
mix051_pso.oepc_false-unreach-call.c:317:71: note: place parentheses around the '&&' expression to silence this warning
  a$w_buff1_used = a$w_buff0_used && a$r_buff0_thd0 || a$w_buff1_used && a$r_buff1_thd0 ? FALSE : a$w_buff1_used;
                                                                      ^
                                                       (                               )
mix051_pso.oepc_false-unreach-call.c:319:35: warning: '&&' within '||' [-Wlogical-op-parentheses]
  a$r_buff1_thd0 = a$w_buff0_used && a$r_buff0_thd0 || a$w_buff1_used && a$r_buff1_thd0 ? FALSE : a$r_buff1_thd0;
                   ~~~~~~~~~~~~~~~^~~~~~~~~~~~~~~~~ ~~
mix051_pso.oepc_false-unreach-call.c:319:35: note: place parentheses around the '&&' expression to silence this warning
  a$r_buff1_thd0 = a$w_buff0_used && a$r_buff0_thd0 || a$w_buff1_used && a$r_buff1_thd0 ? FALSE : a$r_buff1_thd0;
                                  ^
                   (                               )
mix051_pso.oepc_false-unreach-call.c:319:71: warning: '&&' within '||' [-Wlogical-op-parentheses]
  a$r_buff1_thd0 = a$w_buff0_used && a$r_buff0_thd0 || a$w_buff1_used && a$r_buff1_thd0 ? FALSE : a$r_buff1_thd0;
                                                    ~~ ~~~~~~~~~~~~~~~^~~~~~~~~~~~~~~~~
mix051_pso.oepc_false-unreach-call.c:319:71: note: place parentheses around the '&&' expression to silence this warning
  a$r_buff1_thd0 = a$w_buff0_used && a$r_buff0_thd0 || a$w_buff1_used && a$r_buff1_thd0 ? FALSE : a$r_buff1_thd0;
                                                                      ^
                                                       (                               )
45 warnings generated.
