mix030_power.oepc_false-unreach-call.c:4:34: warning: implicit declaration of function '__VERIFIER_assume' is invalid in C99 [-Wimplicit-function-declaration]
void __VERIFIER_atomic_begin() { __VERIFIER_assume(__global_lock==0); __global_lock=1; return; }
                                 ^
mix030_power.oepc_false-unreach-call.c:183:35: warning: '&&' within '||' [-Wlogical-op-parentheses]
  a$w_buff1_used = a$w_buff0_used && a$r_buff0_thd1 || a$w_buff1_used && a$r_buff1_thd1 ? FALSE : a$w_buff1_used;
                   ~~~~~~~~~~~~~~~^~~~~~~~~~~~~~~~~ ~~
mix030_power.oepc_false-unreach-call.c:183:35: note: place parentheses around the '&&' expression to silence this warning
  a$w_buff1_used = a$w_buff0_used && a$r_buff0_thd1 || a$w_buff1_used && a$r_buff1_thd1 ? FALSE : a$w_buff1_used;
                                  ^
                   (                               )
mix030_power.oepc_false-unreach-call.c:183:71: warning: '&&' within '||' [-Wlogical-op-parentheses]
  a$w_buff1_used = a$w_buff0_used && a$r_buff0_thd1 || a$w_buff1_used && a$r_buff1_thd1 ? FALSE : a$w_buff1_used;
                                                    ~~ ~~~~~~~~~~~~~~~^~~~~~~~~~~~~~~~~
mix030_power.oepc_false-unreach-call.c:183:71: note: place parentheses around the '&&' expression to silence this warning
  a$w_buff1_used = a$w_buff0_used && a$r_buff0_thd1 || a$w_buff1_used && a$r_buff1_thd1 ? FALSE : a$w_buff1_used;
                                                                      ^
                                                       (                               )
mix030_power.oepc_false-unreach-call.c:185:35: warning: '&&' within '||' [-Wlogical-op-parentheses]
  a$r_buff1_thd1 = a$w_buff0_used && a$r_buff0_thd1 || a$w_buff1_used && a$r_buff1_thd1 ? FALSE : a$r_buff1_thd1;
                   ~~~~~~~~~~~~~~~^~~~~~~~~~~~~~~~~ ~~
mix030_power.oepc_false-unreach-call.c:185:35: note: place parentheses around the '&&' expression to silence this warning
  a$r_buff1_thd1 = a$w_buff0_used && a$r_buff0_thd1 || a$w_buff1_used && a$r_buff1_thd1 ? FALSE : a$r_buff1_thd1;
                                  ^
                   (                               )
mix030_power.oepc_false-unreach-call.c:185:71: warning: '&&' within '||' [-Wlogical-op-parentheses]
  a$r_buff1_thd1 = a$w_buff0_used && a$r_buff0_thd1 || a$w_buff1_used && a$r_buff1_thd1 ? FALSE : a$r_buff1_thd1;
                                                    ~~ ~~~~~~~~~~~~~~~^~~~~~~~~~~~~~~~~
mix030_power.oepc_false-unreach-call.c:185:71: note: place parentheses around the '&&' expression to silence this warning
  a$r_buff1_thd1 = a$w_buff0_used && a$r_buff0_thd1 || a$w_buff1_used && a$r_buff1_thd1 ? FALSE : a$r_buff1_thd1;
                                                                      ^
                                                       (                               )
mix030_power.oepc_false-unreach-call.c:190:10: warning: implicit declaration of function 'nondet_0' is invalid in C99 [-Wimplicit-function-declaration]
  return nondet_0();
         ^
mix030_power.oepc_false-unreach-call.c:190:10: warning: incompatible integer to pointer conversion returning 'int' from a function with result type 'void *' [-Wint-conversion]
  return nondet_0();
         ^~~~~~~~~~
mix030_power.oepc_false-unreach-call.c:206:35: warning: '&&' within '||' [-Wlogical-op-parentheses]
  a$w_buff1_used = a$w_buff0_used && a$r_buff0_thd2 || a$w_buff1_used && a$r_buff1_thd2 ? FALSE : a$w_buff1_used;
                   ~~~~~~~~~~~~~~~^~~~~~~~~~~~~~~~~ ~~
mix030_power.oepc_false-unreach-call.c:206:35: note: place parentheses around the '&&' expression to silence this warning
  a$w_buff1_used = a$w_buff0_used && a$r_buff0_thd2 || a$w_buff1_used && a$r_buff1_thd2 ? FALSE : a$w_buff1_used;
                                  ^
                   (                               )
mix030_power.oepc_false-unreach-call.c:206:71: warning: '&&' within '||' [-Wlogical-op-parentheses]
  a$w_buff1_used = a$w_buff0_used && a$r_buff0_thd2 || a$w_buff1_used && a$r_buff1_thd2 ? FALSE : a$w_buff1_used;
                                                    ~~ ~~~~~~~~~~~~~~~^~~~~~~~~~~~~~~~~
mix030_power.oepc_false-unreach-call.c:206:71: note: place parentheses around the '&&' expression to silence this warning
  a$w_buff1_used = a$w_buff0_used && a$r_buff0_thd2 || a$w_buff1_used && a$r_buff1_thd2 ? FALSE : a$w_buff1_used;
                                                                      ^
                                                       (                               )
mix030_power.oepc_false-unreach-call.c:208:35: warning: '&&' within '||' [-Wlogical-op-parentheses]
  a$r_buff1_thd2 = a$w_buff0_used && a$r_buff0_thd2 || a$w_buff1_used && a$r_buff1_thd2 ? FALSE : a$r_buff1_thd2;
                   ~~~~~~~~~~~~~~~^~~~~~~~~~~~~~~~~ ~~
mix030_power.oepc_false-unreach-call.c:208:35: note: place parentheses around the '&&' expression to silence this warning
  a$r_buff1_thd2 = a$w_buff0_used && a$r_buff0_thd2 || a$w_buff1_used && a$r_buff1_thd2 ? FALSE : a$r_buff1_thd2;
                                  ^
                   (                               )
mix030_power.oepc_false-unreach-call.c:208:71: warning: '&&' within '||' [-Wlogical-op-parentheses]
  a$r_buff1_thd2 = a$w_buff0_used && a$r_buff0_thd2 || a$w_buff1_used && a$r_buff1_thd2 ? FALSE : a$r_buff1_thd2;
                                                    ~~ ~~~~~~~~~~~~~~~^~~~~~~~~~~~~~~~~
mix030_power.oepc_false-unreach-call.c:208:71: note: place parentheses around the '&&' expression to silence this warning
  a$r_buff1_thd2 = a$w_buff0_used && a$r_buff0_thd2 || a$w_buff1_used && a$r_buff1_thd2 ? FALSE : a$r_buff1_thd2;
                                                                      ^
                                                       (                               )
mix030_power.oepc_false-unreach-call.c:213:10: warning: incompatible integer to pointer conversion returning 'int' from a function with result type 'void *' [-Wint-conversion]
  return nondet_0();
         ^~~~~~~~~~
mix030_power.oepc_false-unreach-call.c:229:35: warning: '&&' within '||' [-Wlogical-op-parentheses]
  a$w_buff1_used = a$w_buff0_used && a$r_buff0_thd3 || a$w_buff1_used && a$r_buff1_thd3 ? FALSE : a$w_buff1_used;
                   ~~~~~~~~~~~~~~~^~~~~~~~~~~~~~~~~ ~~
mix030_power.oepc_false-unreach-call.c:229:35: note: place parentheses around the '&&' expression to silence this warning
  a$w_buff1_used = a$w_buff0_used && a$r_buff0_thd3 || a$w_buff1_used && a$r_buff1_thd3 ? FALSE : a$w_buff1_used;
                                  ^
                   (                               )
mix030_power.oepc_false-unreach-call.c:229:71: warning: '&&' within '||' [-Wlogical-op-parentheses]
  a$w_buff1_used = a$w_buff0_used && a$r_buff0_thd3 || a$w_buff1_used && a$r_buff1_thd3 ? FALSE : a$w_buff1_used;
                                                    ~~ ~~~~~~~~~~~~~~~^~~~~~~~~~~~~~~~~
mix030_power.oepc_false-unreach-call.c:229:71: note: place parentheses around the '&&' expression to silence this warning
  a$w_buff1_used = a$w_buff0_used && a$r_buff0_thd3 || a$w_buff1_used && a$r_buff1_thd3 ? FALSE : a$w_buff1_used;
                                                                      ^
                                                       (                               )
mix030_power.oepc_false-unreach-call.c:231:35: warning: '&&' within '||' [-Wlogical-op-parentheses]
  a$r_buff1_thd3 = a$w_buff0_used && a$r_buff0_thd3 || a$w_buff1_used && a$r_buff1_thd3 ? FALSE : a$r_buff1_thd3;
                   ~~~~~~~~~~~~~~~^~~~~~~~~~~~~~~~~ ~~
mix030_power.oepc_false-unreach-call.c:231:35: note: place parentheses around the '&&' expression to silence this warning
  a$r_buff1_thd3 = a$w_buff0_used && a$r_buff0_thd3 || a$w_buff1_used && a$r_buff1_thd3 ? FALSE : a$r_buff1_thd3;
                                  ^
                   (                               )
mix030_power.oepc_false-unreach-call.c:231:71: warning: '&&' within '||' [-Wlogical-op-parentheses]
  a$r_buff1_thd3 = a$w_buff0_used && a$r_buff0_thd3 || a$w_buff1_used && a$r_buff1_thd3 ? FALSE : a$r_buff1_thd3;
                                                    ~~ ~~~~~~~~~~~~~~~^~~~~~~~~~~~~~~~~
mix030_power.oepc_false-unreach-call.c:231:71: note: place parentheses around the '&&' expression to silence this warning
  a$r_buff1_thd3 = a$w_buff0_used && a$r_buff0_thd3 || a$w_buff1_used && a$r_buff1_thd3 ? FALSE : a$r_buff1_thd3;
                                                                      ^
                                                       (                               )
mix030_power.oepc_false-unreach-call.c:236:10: warning: incompatible integer to pointer conversion returning 'int' from a function with result type 'void *' [-Wint-conversion]
  return nondet_0();
         ^~~~~~~~~~
mix030_power.oepc_false-unreach-call.c:250:19: warning: implicit declaration of function 'nondet_1' is invalid in C99 [-Wimplicit-function-declaration]
  weak$$choice0 = nondet_1();
                  ^
mix030_power.oepc_false-unreach-call.c:254:42: warning: '&&' within '||' [-Wlogical-op-parentheses]
  a = !a$w_buff0_used || !a$r_buff0_thd4 && !a$w_buff1_used || !a$r_buff0_thd4 && !a$r_buff1_thd4 ? a : (a$w_buff0_used && a$r_buff0_thd4 ? a$w_buff0 : a$w_buff1);
                      ~~ ~~~~~~~~~~~~~~~~^~~~~~~~~~~~~~~~~~
mix030_power.oepc_false-unreach-call.c:254:42: note: place parentheses around the '&&' expression to silence this warning
  a = !a$w_buff0_used || !a$r_buff0_thd4 && !a$w_buff1_used || !a$r_buff0_thd4 && !a$r_buff1_thd4 ? a : (a$w_buff0_used && a$r_buff0_thd4 ? a$w_buff0 : a$w_buff1);
                                         ^
                         (                                 )
mix030_power.oepc_false-unreach-call.c:254:80: warning: '&&' within '||' [-Wlogical-op-parentheses]
  a = !a$w_buff0_used || !a$r_buff0_thd4 && !a$w_buff1_used || !a$r_buff0_thd4 && !a$r_buff1_thd4 ? a : (a$w_buff0_used && a$r_buff0_thd4 ? a$w_buff0 : a$w_buff1);
                                                            ~~ ~~~~~~~~~~~~~~~~^~~~~~~~~~~~~~~~~~
mix030_power.oepc_false-unreach-call.c:254:80: note: place parentheses around the '&&' expression to silence this warning
  a = !a$w_buff0_used || !a$r_buff0_thd4 && !a$w_buff1_used || !a$r_buff0_thd4 && !a$r_buff1_thd4 ? a : (a$w_buff0_used && a$r_buff0_thd4 ? a$w_buff0 : a$w_buff1);
                                                                               ^
                                                               (                                 )
mix030_power.oepc_false-unreach-call.c:255:79: warning: '&&' within '||' [-Wlogical-op-parentheses]
  a$w_buff0 = weak$$choice2 ? a$w_buff0 : (!a$w_buff0_used || !a$r_buff0_thd4 && !a$w_buff1_used || !a$r_buff0_thd4 && !a$r_buff1_thd4 ? a$w_buff0 : (a$w_buff0_used && a$r_buff0_thd4 ? a$w_buff0 : a$w_buff0));
                                                           ~~ ~~~~~~~~~~~~~~~~^~~~~~~~~~~~~~~~~~
mix030_power.oepc_false-unreach-call.c:255:79: note: place parentheses around the '&&' expression to silence this warning
  a$w_buff0 = weak$$choice2 ? a$w_buff0 : (!a$w_buff0_used || !a$r_buff0_thd4 && !a$w_buff1_used || !a$r_buff0_thd4 && !a$r_buff1_thd4 ? a$w_buff0 : (a$w_buff0_used && a$r_buff0_thd4 ? a$w_buff0 : a$w_buff0));
                                                                              ^
                                                              (                                 )
mix030_power.oepc_false-unreach-call.c:255:117: warning: '&&' within '||' [-Wlogical-op-parentheses]
  a$w_buff0 = weak$$choice2 ? a$w_buff0 : (!a$w_buff0_used || !a$r_buff0_thd4 && !a$w_buff1_used || !a$r_buff0_thd4 && !a$r_buff1_thd4 ? a$w_buff0 : (a$w_buff0_used && a$r_buff0_thd4 ? a$w_buff0 : a$w_buff0));
                                                                                                 ~~ ~~~~~~~~~~~~~~~~^~~~~~~~~~~~~~~~~~
mix030_power.oepc_false-unreach-call.c:255:117: note: place parentheses around the '&&' expression to silence this warning
  a$w_buff0 = weak$$choice2 ? a$w_buff0 : (!a$w_buff0_used || !a$r_buff0_thd4 && !a$w_buff1_used || !a$r_buff0_thd4 && !a$r_buff1_thd4 ? a$w_buff0 : (a$w_buff0_used && a$r_buff0_thd4 ? a$w_buff0 : a$w_buff0));
                                                                                                                    ^
                                                                                                    (                                 )
mix030_power.oepc_false-unreach-call.c:256:79: warning: '&&' within '||' [-Wlogical-op-parentheses]
  a$w_buff1 = weak$$choice2 ? a$w_buff1 : (!a$w_buff0_used || !a$r_buff0_thd4 && !a$w_buff1_used || !a$r_buff0_thd4 && !a$r_buff1_thd4 ? a$w_buff1 : (a$w_buff0_used && a$r_buff0_thd4 ? a$w_buff1 : a$w_buff1));
                                                           ~~ ~~~~~~~~~~~~~~~~^~~~~~~~~~~~~~~~~~
mix030_power.oepc_false-unreach-call.c:256:79: note: place parentheses around the '&&' expression to silence this warning
  a$w_buff1 = weak$$choice2 ? a$w_buff1 : (!a$w_buff0_used || !a$r_buff0_thd4 && !a$w_buff1_used || !a$r_buff0_thd4 && !a$r_buff1_thd4 ? a$w_buff1 : (a$w_buff0_used && a$r_buff0_thd4 ? a$w_buff1 : a$w_buff1));
                                                                              ^
                                                              (                                 )
mix030_power.oepc_false-unreach-call.c:256:117: warning: '&&' within '||' [-Wlogical-op-parentheses]
  a$w_buff1 = weak$$choice2 ? a$w_buff1 : (!a$w_buff0_used || !a$r_buff0_thd4 && !a$w_buff1_used || !a$r_buff0_thd4 && !a$r_buff1_thd4 ? a$w_buff1 : (a$w_buff0_used && a$r_buff0_thd4 ? a$w_buff1 : a$w_buff1));
                                                                                                 ~~ ~~~~~~~~~~~~~~~~^~~~~~~~~~~~~~~~~~
mix030_power.oepc_false-unreach-call.c:256:117: note: place parentheses around the '&&' expression to silence this warning
  a$w_buff1 = weak$$choice2 ? a$w_buff1 : (!a$w_buff0_used || !a$r_buff0_thd4 && !a$w_buff1_used || !a$r_buff0_thd4 && !a$r_buff1_thd4 ? a$w_buff1 : (a$w_buff0_used && a$r_buff0_thd4 ? a$w_buff1 : a$w_buff1));
                                                                                                                    ^
                                                                                                    (                                 )
mix030_power.oepc_false-unreach-call.c:257:89: warning: '&&' within '||' [-Wlogical-op-parentheses]
  a$w_buff0_used = weak$$choice2 ? a$w_buff0_used : (!a$w_buff0_used || !a$r_buff0_thd4 && !a$w_buff1_used || !a$r_buff0_thd4 && !a$r_buff1_thd4 ? a$w_buff0_used : (a$w_buff0_used && a$r_buff0_thd4 ? FALSE : a$w_buff0_used));
                                                                     ~~ ~~~~~~~~~~~~~~~~^~~~~~~~~~~~~~~~~~
mix030_power.oepc_false-unreach-call.c:257:89: note: place parentheses around the '&&' expression to silence this warning
  a$w_buff0_used = weak$$choice2 ? a$w_buff0_used : (!a$w_buff0_used || !a$r_buff0_thd4 && !a$w_buff1_used || !a$r_buff0_thd4 && !a$r_buff1_thd4 ? a$w_buff0_used : (a$w_buff0_used && a$r_buff0_thd4 ? FALSE : a$w_buff0_used));
                                                                                        ^
                                                                        (                                 )
mix030_power.oepc_false-unreach-call.c:257:127: warning: '&&' within '||' [-Wlogical-op-parentheses]
  a$w_buff0_used = weak$$choice2 ? a$w_buff0_used : (!a$w_buff0_used || !a$r_buff0_thd4 && !a$w_buff1_used || !a$r_buff0_thd4 && !a$r_buff1_thd4 ? a$w_buff0_used : (a$w_buff0_used && a$r_buff0_thd4 ? FALSE : a$w_buff0_used));
                                                                                                           ~~ ~~~~~~~~~~~~~~~~^~~~~~~~~~~~~~~~~~
mix030_power.oepc_false-unreach-call.c:257:127: note: place parentheses around the '&&' expression to silence this warning
  a$w_buff0_used = weak$$choice2 ? a$w_buff0_used : (!a$w_buff0_used || !a$r_buff0_thd4 && !a$w_buff1_used || !a$r_buff0_thd4 && !a$r_buff1_thd4 ? a$w_buff0_used : (a$w_buff0_used && a$r_buff0_thd4 ? FALSE : a$w_buff0_used));
                                                                                                                              ^
                                                                                                              (                                 )
mix030_power.oepc_false-unreach-call.c:258:89: warning: '&&' within '||' [-Wlogical-op-parentheses]
  a$w_buff1_used = weak$$choice2 ? a$w_buff1_used : (!a$w_buff0_used || !a$r_buff0_thd4 && !a$w_buff1_used || !a$r_buff0_thd4 && !a$r_buff1_thd4 ? a$w_buff1_used : (a$w_buff0_used && a$r_buff0_thd4 ? FALSE : FALSE));
                                                                     ~~ ~~~~~~~~~~~~~~~~^~~~~~~~~~~~~~~~~~
mix030_power.oepc_false-unreach-call.c:258:89: note: place parentheses around the '&&' expression to silence this warning
  a$w_buff1_used = weak$$choice2 ? a$w_buff1_used : (!a$w_buff0_used || !a$r_buff0_thd4 && !a$w_buff1_used || !a$r_buff0_thd4 && !a$r_buff1_thd4 ? a$w_buff1_used : (a$w_buff0_used && a$r_buff0_thd4 ? FALSE : FALSE));
                                                                                        ^
                                                                        (                                 )
mix030_power.oepc_false-unreach-call.c:258:127: warning: '&&' within '||' [-Wlogical-op-parentheses]
  a$w_buff1_used = weak$$choice2 ? a$w_buff1_used : (!a$w_buff0_used || !a$r_buff0_thd4 && !a$w_buff1_used || !a$r_buff0_thd4 && !a$r_buff1_thd4 ? a$w_buff1_used : (a$w_buff0_used && a$r_buff0_thd4 ? FALSE : FALSE));
                                                                                                           ~~ ~~~~~~~~~~~~~~~~^~~~~~~~~~~~~~~~~~
mix030_power.oepc_false-unreach-call.c:258:127: note: place parentheses around the '&&' expression to silence this warning
  a$w_buff1_used = weak$$choice2 ? a$w_buff1_used : (!a$w_buff0_used || !a$r_buff0_thd4 && !a$w_buff1_used || !a$r_buff0_thd4 && !a$r_buff1_thd4 ? a$w_buff1_used : (a$w_buff0_used && a$r_buff0_thd4 ? FALSE : FALSE));
                                                                                                                              ^
                                                                                                              (                                 )
mix030_power.oepc_false-unreach-call.c:259:89: warning: '&&' within '||' [-Wlogical-op-parentheses]
  a$r_buff0_thd4 = weak$$choice2 ? a$r_buff0_thd4 : (!a$w_buff0_used || !a$r_buff0_thd4 && !a$w_buff1_used || !a$r_buff0_thd4 && !a$r_buff1_thd4 ? a$r_buff0_thd4 : (a$w_buff0_used && a$r_buff0_thd4 ? FALSE : a$r_buff0_thd4));
                                                                     ~~ ~~~~~~~~~~~~~~~~^~~~~~~~~~~~~~~~~~
mix030_power.oepc_false-unreach-call.c:259:89: note: place parentheses around the '&&' expression to silence this warning
  a$r_buff0_thd4 = weak$$choice2 ? a$r_buff0_thd4 : (!a$w_buff0_used || !a$r_buff0_thd4 && !a$w_buff1_used || !a$r_buff0_thd4 && !a$r_buff1_thd4 ? a$r_buff0_thd4 : (a$w_buff0_used && a$r_buff0_thd4 ? FALSE : a$r_buff0_thd4));
                                                                                        ^
                                                                        (                                 )
mix030_power.oepc_false-unreach-call.c:259:127: warning: '&&' within '||' [-Wlogical-op-parentheses]
  a$r_buff0_thd4 = weak$$choice2 ? a$r_buff0_thd4 : (!a$w_buff0_used || !a$r_buff0_thd4 && !a$w_buff1_used || !a$r_buff0_thd4 && !a$r_buff1_thd4 ? a$r_buff0_thd4 : (a$w_buff0_used && a$r_buff0_thd4 ? FALSE : a$r_buff0_thd4));
                                                                                                           ~~ ~~~~~~~~~~~~~~~~^~~~~~~~~~~~~~~~~~
mix030_power.oepc_false-unreach-call.c:259:127: note: place parentheses around the '&&' expression to silence this warning
  a$r_buff0_thd4 = weak$$choice2 ? a$r_buff0_thd4 : (!a$w_buff0_used || !a$r_buff0_thd4 && !a$w_buff1_used || !a$r_buff0_thd4 && !a$r_buff1_thd4 ? a$r_buff0_thd4 : (a$w_buff0_used && a$r_buff0_thd4 ? FALSE : a$r_buff0_thd4));
                                                                                                                              ^
                                                                                                              (                                 )
mix030_power.oepc_false-unreach-call.c:260:89: warning: '&&' within '||' [-Wlogical-op-parentheses]
  a$r_buff1_thd4 = weak$$choice2 ? a$r_buff1_thd4 : (!a$w_buff0_used || !a$r_buff0_thd4 && !a$w_buff1_used || !a$r_buff0_thd4 && !a$r_buff1_thd4 ? a$r_buff1_thd4 : (a$w_buff0_used && a$r_buff0_thd4 ? FALSE : FALSE));
                                                                     ~~ ~~~~~~~~~~~~~~~~^~~~~~~~~~~~~~~~~~
mix030_power.oepc_false-unreach-call.c:260:89: note: place parentheses around the '&&' expression to silence this warning
  a$r_buff1_thd4 = weak$$choice2 ? a$r_buff1_thd4 : (!a$w_buff0_used || !a$r_buff0_thd4 && !a$w_buff1_used || !a$r_buff0_thd4 && !a$r_buff1_thd4 ? a$r_buff1_thd4 : (a$w_buff0_used && a$r_buff0_thd4 ? FALSE : FALSE));
                                                                                        ^
                                                                        (                                 )
mix030_power.oepc_false-unreach-call.c:260:127: warning: '&&' within '||' [-Wlogical-op-parentheses]
  a$r_buff1_thd4 = weak$$choice2 ? a$r_buff1_thd4 : (!a$w_buff0_used || !a$r_buff0_thd4 && !a$w_buff1_used || !a$r_buff0_thd4 && !a$r_buff1_thd4 ? a$r_buff1_thd4 : (a$w_buff0_used && a$r_buff0_thd4 ? FALSE : FALSE));
                                                                                                           ~~ ~~~~~~~~~~~~~~~~^~~~~~~~~~~~~~~~~~
mix030_power.oepc_false-unreach-call.c:260:127: note: place parentheses around the '&&' expression to silence this warning
  a$r_buff1_thd4 = weak$$choice2 ? a$r_buff1_thd4 : (!a$w_buff0_used || !a$r_buff0_thd4 && !a$w_buff1_used || !a$r_buff0_thd4 && !a$r_buff1_thd4 ? a$r_buff1_thd4 : (a$w_buff0_used && a$r_buff0_thd4 ? FALSE : FALSE));
                                                                                                                              ^
                                                                                                              (                                 )
mix030_power.oepc_false-unreach-call.c:268:35: warning: '&&' within '||' [-Wlogical-op-parentheses]
  a$w_buff1_used = a$w_buff0_used && a$r_buff0_thd4 || a$w_buff1_used && a$r_buff1_thd4 ? FALSE : a$w_buff1_used;
                   ~~~~~~~~~~~~~~~^~~~~~~~~~~~~~~~~ ~~
mix030_power.oepc_false-unreach-call.c:268:35: note: place parentheses around the '&&' expression to silence this warning
  a$w_buff1_used = a$w_buff0_used && a$r_buff0_thd4 || a$w_buff1_used && a$r_buff1_thd4 ? FALSE : a$w_buff1_used;
                                  ^
                   (                               )
mix030_power.oepc_false-unreach-call.c:268:71: warning: '&&' within '||' [-Wlogical-op-parentheses]
  a$w_buff1_used = a$w_buff0_used && a$r_buff0_thd4 || a$w_buff1_used && a$r_buff1_thd4 ? FALSE : a$w_buff1_used;
                                                    ~~ ~~~~~~~~~~~~~~~^~~~~~~~~~~~~~~~~
mix030_power.oepc_false-unreach-call.c:268:71: note: place parentheses around the '&&' expression to silence this warning
  a$w_buff1_used = a$w_buff0_used && a$r_buff0_thd4 || a$w_buff1_used && a$r_buff1_thd4 ? FALSE : a$w_buff1_used;
                                                                      ^
                                                       (                               )
mix030_power.oepc_false-unreach-call.c:270:35: warning: '&&' within '||' [-Wlogical-op-parentheses]
  a$r_buff1_thd4 = a$w_buff0_used && a$r_buff0_thd4 || a$w_buff1_used && a$r_buff1_thd4 ? FALSE : a$r_buff1_thd4;
                   ~~~~~~~~~~~~~~~^~~~~~~~~~~~~~~~~ ~~
mix030_power.oepc_false-unreach-call.c:270:35: note: place parentheses around the '&&' expression to silence this warning
  a$r_buff1_thd4 = a$w_buff0_used && a$r_buff0_thd4 || a$w_buff1_used && a$r_buff1_thd4 ? FALSE : a$r_buff1_thd4;
                                  ^
                   (                               )
mix030_power.oepc_false-unreach-call.c:270:71: warning: '&&' within '||' [-Wlogical-op-parentheses]
  a$r_buff1_thd4 = a$w_buff0_used && a$r_buff0_thd4 || a$w_buff1_used && a$r_buff1_thd4 ? FALSE : a$r_buff1_thd4;
                                                    ~~ ~~~~~~~~~~~~~~~^~~~~~~~~~~~~~~~~
mix030_power.oepc_false-unreach-call.c:270:71: note: place parentheses around the '&&' expression to silence this warning
  a$r_buff1_thd4 = a$w_buff0_used && a$r_buff0_thd4 || a$w_buff1_used && a$r_buff1_thd4 ? FALSE : a$r_buff1_thd4;
                                                                      ^
                                                       (                               )
mix030_power.oepc_false-unreach-call.c:275:10: warning: incompatible integer to pointer conversion returning 'int' from a function with result type 'void *' [-Wint-conversion]
  return nondet_0();
         ^~~~~~~~~~
mix030_power.oepc_false-unreach-call.c:303:38: warning: null passed to a callee which requires a non-null argument [-Wnonnull]
  pthread_create(NULL, NULL, P0, NULL);
                 ~~~~                ^
mix030_power.oepc_false-unreach-call.c:304:38: warning: null passed to a callee which requires a non-null argument [-Wnonnull]
  pthread_create(NULL, NULL, P1, NULL);
                 ~~~~                ^
mix030_power.oepc_false-unreach-call.c:305:38: warning: null passed to a callee which requires a non-null argument [-Wnonnull]
  pthread_create(NULL, NULL, P2, NULL);
                 ~~~~                ^
mix030_power.oepc_false-unreach-call.c:306:38: warning: null passed to a callee which requires a non-null argument [-Wnonnull]
  pthread_create(NULL, NULL, P3, NULL);
                 ~~~~                ^
mix030_power.oepc_false-unreach-call.c:314:35: warning: '&&' within '||' [-Wlogical-op-parentheses]
  a$w_buff1_used = a$w_buff0_used && a$r_buff0_thd0 || a$w_buff1_used && a$r_buff1_thd0 ? FALSE : a$w_buff1_used;
                   ~~~~~~~~~~~~~~~^~~~~~~~~~~~~~~~~ ~~
mix030_power.oepc_false-unreach-call.c:314:35: note: place parentheses around the '&&' expression to silence this warning
  a$w_buff1_used = a$w_buff0_used && a$r_buff0_thd0 || a$w_buff1_used && a$r_buff1_thd0 ? FALSE : a$w_buff1_used;
                                  ^
                   (                               )
mix030_power.oepc_false-unreach-call.c:314:71: warning: '&&' within '||' [-Wlogical-op-parentheses]
  a$w_buff1_used = a$w_buff0_used && a$r_buff0_thd0 || a$w_buff1_used && a$r_buff1_thd0 ? FALSE : a$w_buff1_used;
                                                    ~~ ~~~~~~~~~~~~~~~^~~~~~~~~~~~~~~~~
mix030_power.oepc_false-unreach-call.c:314:71: note: place parentheses around the '&&' expression to silence this warning
  a$w_buff1_used = a$w_buff0_used && a$r_buff0_thd0 || a$w_buff1_used && a$r_buff1_thd0 ? FALSE : a$w_buff1_used;
                                                                      ^
                                                       (                               )
mix030_power.oepc_false-unreach-call.c:316:35: warning: '&&' within '||' [-Wlogical-op-parentheses]
  a$r_buff1_thd0 = a$w_buff0_used && a$r_buff0_thd0 || a$w_buff1_used && a$r_buff1_thd0 ? FALSE : a$r_buff1_thd0;
                   ~~~~~~~~~~~~~~~^~~~~~~~~~~~~~~~~ ~~
mix030_power.oepc_false-unreach-call.c:316:35: note: place parentheses around the '&&' expression to silence this warning
  a$r_buff1_thd0 = a$w_buff0_used && a$r_buff0_thd0 || a$w_buff1_used && a$r_buff1_thd0 ? FALSE : a$r_buff1_thd0;
                                  ^
                   (                               )
mix030_power.oepc_false-unreach-call.c:316:71: warning: '&&' within '||' [-Wlogical-op-parentheses]
  a$r_buff1_thd0 = a$w_buff0_used && a$r_buff0_thd0 || a$w_buff1_used && a$r_buff1_thd0 ? FALSE : a$r_buff1_thd0;
                                                    ~~ ~~~~~~~~~~~~~~~^~~~~~~~~~~~~~~~~
mix030_power.oepc_false-unreach-call.c:316:71: note: place parentheses around the '&&' expression to silence this warning
  a$r_buff1_thd0 = a$w_buff0_used && a$r_buff0_thd0 || a$w_buff1_used && a$r_buff1_thd0 ? FALSE : a$r_buff1_thd0;
                                                                      ^
                                                       (                               )
45 warnings generated.
