mix032_power.oepc_false-unreach-call.c:4:34: warning: implicit declaration of function '__VERIFIER_assume' is invalid in C99 [-Wimplicit-function-declaration]
void __VERIFIER_atomic_begin() { __VERIFIER_assume(__global_lock==0); __global_lock=1; return; }
                                 ^
mix032_power.oepc_false-unreach-call.c:197:35: warning: '&&' within '||' [-Wlogical-op-parentheses]
  b$w_buff1_used = b$w_buff0_used && b$r_buff0_thd1 || b$w_buff1_used && b$r_buff1_thd1 ? FALSE : b$w_buff1_used;
                   ~~~~~~~~~~~~~~~^~~~~~~~~~~~~~~~~ ~~
mix032_power.oepc_false-unreach-call.c:197:35: note: place parentheses around the '&&' expression to silence this warning
  b$w_buff1_used = b$w_buff0_used && b$r_buff0_thd1 || b$w_buff1_used && b$r_buff1_thd1 ? FALSE : b$w_buff1_used;
                                  ^
                   (                               )
mix032_power.oepc_false-unreach-call.c:197:71: warning: '&&' within '||' [-Wlogical-op-parentheses]
  b$w_buff1_used = b$w_buff0_used && b$r_buff0_thd1 || b$w_buff1_used && b$r_buff1_thd1 ? FALSE : b$w_buff1_used;
                                                    ~~ ~~~~~~~~~~~~~~~^~~~~~~~~~~~~~~~~
mix032_power.oepc_false-unreach-call.c:197:71: note: place parentheses around the '&&' expression to silence this warning
  b$w_buff1_used = b$w_buff0_used && b$r_buff0_thd1 || b$w_buff1_used && b$r_buff1_thd1 ? FALSE : b$w_buff1_used;
                                                                      ^
                                                       (                               )
mix032_power.oepc_false-unreach-call.c:199:35: warning: '&&' within '||' [-Wlogical-op-parentheses]
  b$r_buff1_thd1 = b$w_buff0_used && b$r_buff0_thd1 || b$w_buff1_used && b$r_buff1_thd1 ? FALSE : b$r_buff1_thd1;
                   ~~~~~~~~~~~~~~~^~~~~~~~~~~~~~~~~ ~~
mix032_power.oepc_false-unreach-call.c:199:35: note: place parentheses around the '&&' expression to silence this warning
  b$r_buff1_thd1 = b$w_buff0_used && b$r_buff0_thd1 || b$w_buff1_used && b$r_buff1_thd1 ? FALSE : b$r_buff1_thd1;
                                  ^
                   (                               )
mix032_power.oepc_false-unreach-call.c:199:71: warning: '&&' within '||' [-Wlogical-op-parentheses]
  b$r_buff1_thd1 = b$w_buff0_used && b$r_buff0_thd1 || b$w_buff1_used && b$r_buff1_thd1 ? FALSE : b$r_buff1_thd1;
                                                    ~~ ~~~~~~~~~~~~~~~^~~~~~~~~~~~~~~~~
mix032_power.oepc_false-unreach-call.c:199:71: note: place parentheses around the '&&' expression to silence this warning
  b$r_buff1_thd1 = b$w_buff0_used && b$r_buff0_thd1 || b$w_buff1_used && b$r_buff1_thd1 ? FALSE : b$r_buff1_thd1;
                                                                      ^
                                                       (                               )
mix032_power.oepc_false-unreach-call.c:204:10: warning: implicit declaration of function 'nondet_0' is invalid in C99 [-Wimplicit-function-declaration]
  return nondet_0();
         ^
mix032_power.oepc_false-unreach-call.c:204:10: warning: incompatible integer to pointer conversion returning 'int' from a function with result type 'void *' [-Wint-conversion]
  return nondet_0();
         ^~~~~~~~~~
mix032_power.oepc_false-unreach-call.c:226:35: warning: '&&' within '||' [-Wlogical-op-parentheses]
  b$w_buff1_used = b$w_buff0_used && b$r_buff0_thd2 || b$w_buff1_used && b$r_buff1_thd2 ? FALSE : b$w_buff1_used;
                   ~~~~~~~~~~~~~~~^~~~~~~~~~~~~~~~~ ~~
mix032_power.oepc_false-unreach-call.c:226:35: note: place parentheses around the '&&' expression to silence this warning
  b$w_buff1_used = b$w_buff0_used && b$r_buff0_thd2 || b$w_buff1_used && b$r_buff1_thd2 ? FALSE : b$w_buff1_used;
                                  ^
                   (                               )
mix032_power.oepc_false-unreach-call.c:226:71: warning: '&&' within '||' [-Wlogical-op-parentheses]
  b$w_buff1_used = b$w_buff0_used && b$r_buff0_thd2 || b$w_buff1_used && b$r_buff1_thd2 ? FALSE : b$w_buff1_used;
                                                    ~~ ~~~~~~~~~~~~~~~^~~~~~~~~~~~~~~~~
mix032_power.oepc_false-unreach-call.c:226:71: note: place parentheses around the '&&' expression to silence this warning
  b$w_buff1_used = b$w_buff0_used && b$r_buff0_thd2 || b$w_buff1_used && b$r_buff1_thd2 ? FALSE : b$w_buff1_used;
                                                                      ^
                                                       (                               )
mix032_power.oepc_false-unreach-call.c:228:35: warning: '&&' within '||' [-Wlogical-op-parentheses]
  b$r_buff1_thd2 = b$w_buff0_used && b$r_buff0_thd2 || b$w_buff1_used && b$r_buff1_thd2 ? FALSE : b$r_buff1_thd2;
                   ~~~~~~~~~~~~~~~^~~~~~~~~~~~~~~~~ ~~
mix032_power.oepc_false-unreach-call.c:228:35: note: place parentheses around the '&&' expression to silence this warning
  b$r_buff1_thd2 = b$w_buff0_used && b$r_buff0_thd2 || b$w_buff1_used && b$r_buff1_thd2 ? FALSE : b$r_buff1_thd2;
                                  ^
                   (                               )
mix032_power.oepc_false-unreach-call.c:228:71: warning: '&&' within '||' [-Wlogical-op-parentheses]
  b$r_buff1_thd2 = b$w_buff0_used && b$r_buff0_thd2 || b$w_buff1_used && b$r_buff1_thd2 ? FALSE : b$r_buff1_thd2;
                                                    ~~ ~~~~~~~~~~~~~~~^~~~~~~~~~~~~~~~~
mix032_power.oepc_false-unreach-call.c:228:71: note: place parentheses around the '&&' expression to silence this warning
  b$r_buff1_thd2 = b$w_buff0_used && b$r_buff0_thd2 || b$w_buff1_used && b$r_buff1_thd2 ? FALSE : b$r_buff1_thd2;
                                                                      ^
                                                       (                               )
mix032_power.oepc_false-unreach-call.c:233:10: warning: incompatible integer to pointer conversion returning 'int' from a function with result type 'void *' [-Wint-conversion]
  return nondet_0();
         ^~~~~~~~~~
mix032_power.oepc_false-unreach-call.c:250:19: warning: implicit declaration of function 'nondet_1' is invalid in C99 [-Wimplicit-function-declaration]
  weak$$choice0 = nondet_1();
                  ^
mix032_power.oepc_false-unreach-call.c:254:42: warning: '&&' within '||' [-Wlogical-op-parentheses]
  b = !b$w_buff0_used || !b$r_buff0_thd3 && !b$w_buff1_used || !b$r_buff0_thd3 && !b$r_buff1_thd3 ? b : (b$w_buff0_used && b$r_buff0_thd3 ? b$w_buff0 : b$w_buff1);
                      ~~ ~~~~~~~~~~~~~~~~^~~~~~~~~~~~~~~~~~
mix032_power.oepc_false-unreach-call.c:254:42: note: place parentheses around the '&&' expression to silence this warning
  b = !b$w_buff0_used || !b$r_buff0_thd3 && !b$w_buff1_used || !b$r_buff0_thd3 && !b$r_buff1_thd3 ? b : (b$w_buff0_used && b$r_buff0_thd3 ? b$w_buff0 : b$w_buff1);
                                         ^
                         (                                 )
mix032_power.oepc_false-unreach-call.c:254:80: warning: '&&' within '||' [-Wlogical-op-parentheses]
  b = !b$w_buff0_used || !b$r_buff0_thd3 && !b$w_buff1_used || !b$r_buff0_thd3 && !b$r_buff1_thd3 ? b : (b$w_buff0_used && b$r_buff0_thd3 ? b$w_buff0 : b$w_buff1);
                                                            ~~ ~~~~~~~~~~~~~~~~^~~~~~~~~~~~~~~~~~
mix032_power.oepc_false-unreach-call.c:254:80: note: place parentheses around the '&&' expression to silence this warning
  b = !b$w_buff0_used || !b$r_buff0_thd3 && !b$w_buff1_used || !b$r_buff0_thd3 && !b$r_buff1_thd3 ? b : (b$w_buff0_used && b$r_buff0_thd3 ? b$w_buff0 : b$w_buff1);
                                                                               ^
                                                               (                                 )
mix032_power.oepc_false-unreach-call.c:255:79: warning: '&&' within '||' [-Wlogical-op-parentheses]
  b$w_buff0 = weak$$choice2 ? b$w_buff0 : (!b$w_buff0_used || !b$r_buff0_thd3 && !b$w_buff1_used || !b$r_buff0_thd3 && !b$r_buff1_thd3 ? b$w_buff0 : (b$w_buff0_used && b$r_buff0_thd3 ? b$w_buff0 : b$w_buff0));
                                                           ~~ ~~~~~~~~~~~~~~~~^~~~~~~~~~~~~~~~~~
mix032_power.oepc_false-unreach-call.c:255:79: note: place parentheses around the '&&' expression to silence this warning
  b$w_buff0 = weak$$choice2 ? b$w_buff0 : (!b$w_buff0_used || !b$r_buff0_thd3 && !b$w_buff1_used || !b$r_buff0_thd3 && !b$r_buff1_thd3 ? b$w_buff0 : (b$w_buff0_used && b$r_buff0_thd3 ? b$w_buff0 : b$w_buff0));
                                                                              ^
                                                              (                                 )
mix032_power.oepc_false-unreach-call.c:255:117: warning: '&&' within '||' [-Wlogical-op-parentheses]
  b$w_buff0 = weak$$choice2 ? b$w_buff0 : (!b$w_buff0_used || !b$r_buff0_thd3 && !b$w_buff1_used || !b$r_buff0_thd3 && !b$r_buff1_thd3 ? b$w_buff0 : (b$w_buff0_used && b$r_buff0_thd3 ? b$w_buff0 : b$w_buff0));
                                                                                                 ~~ ~~~~~~~~~~~~~~~~^~~~~~~~~~~~~~~~~~
mix032_power.oepc_false-unreach-call.c:255:117: note: place parentheses around the '&&' expression to silence this warning
  b$w_buff0 = weak$$choice2 ? b$w_buff0 : (!b$w_buff0_used || !b$r_buff0_thd3 && !b$w_buff1_used || !b$r_buff0_thd3 && !b$r_buff1_thd3 ? b$w_buff0 : (b$w_buff0_used && b$r_buff0_thd3 ? b$w_buff0 : b$w_buff0));
                                                                                                                    ^
                                                                                                    (                                 )
mix032_power.oepc_false-unreach-call.c:256:79: warning: '&&' within '||' [-Wlogical-op-parentheses]
  b$w_buff1 = weak$$choice2 ? b$w_buff1 : (!b$w_buff0_used || !b$r_buff0_thd3 && !b$w_buff1_used || !b$r_buff0_thd3 && !b$r_buff1_thd3 ? b$w_buff1 : (b$w_buff0_used && b$r_buff0_thd3 ? b$w_buff1 : b$w_buff1));
                                                           ~~ ~~~~~~~~~~~~~~~~^~~~~~~~~~~~~~~~~~
mix032_power.oepc_false-unreach-call.c:256:79: note: place parentheses around the '&&' expression to silence this warning
  b$w_buff1 = weak$$choice2 ? b$w_buff1 : (!b$w_buff0_used || !b$r_buff0_thd3 && !b$w_buff1_used || !b$r_buff0_thd3 && !b$r_buff1_thd3 ? b$w_buff1 : (b$w_buff0_used && b$r_buff0_thd3 ? b$w_buff1 : b$w_buff1));
                                                                              ^
                                                              (                                 )
mix032_power.oepc_false-unreach-call.c:256:117: warning: '&&' within '||' [-Wlogical-op-parentheses]
  b$w_buff1 = weak$$choice2 ? b$w_buff1 : (!b$w_buff0_used || !b$r_buff0_thd3 && !b$w_buff1_used || !b$r_buff0_thd3 && !b$r_buff1_thd3 ? b$w_buff1 : (b$w_buff0_used && b$r_buff0_thd3 ? b$w_buff1 : b$w_buff1));
                                                                                                 ~~ ~~~~~~~~~~~~~~~~^~~~~~~~~~~~~~~~~~
mix032_power.oepc_false-unreach-call.c:256:117: note: place parentheses around the '&&' expression to silence this warning
  b$w_buff1 = weak$$choice2 ? b$w_buff1 : (!b$w_buff0_used || !b$r_buff0_thd3 && !b$w_buff1_used || !b$r_buff0_thd3 && !b$r_buff1_thd3 ? b$w_buff1 : (b$w_buff0_used && b$r_buff0_thd3 ? b$w_buff1 : b$w_buff1));
                                                                                                                    ^
                                                                                                    (                                 )
mix032_power.oepc_false-unreach-call.c:257:89: warning: '&&' within '||' [-Wlogical-op-parentheses]
  b$w_buff0_used = weak$$choice2 ? b$w_buff0_used : (!b$w_buff0_used || !b$r_buff0_thd3 && !b$w_buff1_used || !b$r_buff0_thd3 && !b$r_buff1_thd3 ? b$w_buff0_used : (b$w_buff0_used && b$r_buff0_thd3 ? FALSE : b$w_buff0_used));
                                                                     ~~ ~~~~~~~~~~~~~~~~^~~~~~~~~~~~~~~~~~
mix032_power.oepc_false-unreach-call.c:257:89: note: place parentheses around the '&&' expression to silence this warning
  b$w_buff0_used = weak$$choice2 ? b$w_buff0_used : (!b$w_buff0_used || !b$r_buff0_thd3 && !b$w_buff1_used || !b$r_buff0_thd3 && !b$r_buff1_thd3 ? b$w_buff0_used : (b$w_buff0_used && b$r_buff0_thd3 ? FALSE : b$w_buff0_used));
                                                                                        ^
                                                                        (                                 )
mix032_power.oepc_false-unreach-call.c:257:127: warning: '&&' within '||' [-Wlogical-op-parentheses]
  b$w_buff0_used = weak$$choice2 ? b$w_buff0_used : (!b$w_buff0_used || !b$r_buff0_thd3 && !b$w_buff1_used || !b$r_buff0_thd3 && !b$r_buff1_thd3 ? b$w_buff0_used : (b$w_buff0_used && b$r_buff0_thd3 ? FALSE : b$w_buff0_used));
                                                                                                           ~~ ~~~~~~~~~~~~~~~~^~~~~~~~~~~~~~~~~~
mix032_power.oepc_false-unreach-call.c:257:127: note: place parentheses around the '&&' expression to silence this warning
  b$w_buff0_used = weak$$choice2 ? b$w_buff0_used : (!b$w_buff0_used || !b$r_buff0_thd3 && !b$w_buff1_used || !b$r_buff0_thd3 && !b$r_buff1_thd3 ? b$w_buff0_used : (b$w_buff0_used && b$r_buff0_thd3 ? FALSE : b$w_buff0_used));
                                                                                                                              ^
                                                                                                              (                                 )
mix032_power.oepc_false-unreach-call.c:258:89: warning: '&&' within '||' [-Wlogical-op-parentheses]
  b$w_buff1_used = weak$$choice2 ? b$w_buff1_used : (!b$w_buff0_used || !b$r_buff0_thd3 && !b$w_buff1_used || !b$r_buff0_thd3 && !b$r_buff1_thd3 ? b$w_buff1_used : (b$w_buff0_used && b$r_buff0_thd3 ? FALSE : FALSE));
                                                                     ~~ ~~~~~~~~~~~~~~~~^~~~~~~~~~~~~~~~~~
mix032_power.oepc_false-unreach-call.c:258:89: note: place parentheses around the '&&' expression to silence this warning
  b$w_buff1_used = weak$$choice2 ? b$w_buff1_used : (!b$w_buff0_used || !b$r_buff0_thd3 && !b$w_buff1_used || !b$r_buff0_thd3 && !b$r_buff1_thd3 ? b$w_buff1_used : (b$w_buff0_used && b$r_buff0_thd3 ? FALSE : FALSE));
                                                                                        ^
                                                                        (                                 )
mix032_power.oepc_false-unreach-call.c:258:127: warning: '&&' within '||' [-Wlogical-op-parentheses]
  b$w_buff1_used = weak$$choice2 ? b$w_buff1_used : (!b$w_buff0_used || !b$r_buff0_thd3 && !b$w_buff1_used || !b$r_buff0_thd3 && !b$r_buff1_thd3 ? b$w_buff1_used : (b$w_buff0_used && b$r_buff0_thd3 ? FALSE : FALSE));
                                                                                                           ~~ ~~~~~~~~~~~~~~~~^~~~~~~~~~~~~~~~~~
mix032_power.oepc_false-unreach-call.c:258:127: note: place parentheses around the '&&' expression to silence this warning
  b$w_buff1_used = weak$$choice2 ? b$w_buff1_used : (!b$w_buff0_used || !b$r_buff0_thd3 && !b$w_buff1_used || !b$r_buff0_thd3 && !b$r_buff1_thd3 ? b$w_buff1_used : (b$w_buff0_used && b$r_buff0_thd3 ? FALSE : FALSE));
                                                                                                                              ^
                                                                                                              (                                 )
mix032_power.oepc_false-unreach-call.c:259:89: warning: '&&' within '||' [-Wlogical-op-parentheses]
  b$r_buff0_thd3 = weak$$choice2 ? b$r_buff0_thd3 : (!b$w_buff0_used || !b$r_buff0_thd3 && !b$w_buff1_used || !b$r_buff0_thd3 && !b$r_buff1_thd3 ? b$r_buff0_thd3 : (b$w_buff0_used && b$r_buff0_thd3 ? FALSE : b$r_buff0_thd3));
                                                                     ~~ ~~~~~~~~~~~~~~~~^~~~~~~~~~~~~~~~~~
mix032_power.oepc_false-unreach-call.c:259:89: note: place parentheses around the '&&' expression to silence this warning
  b$r_buff0_thd3 = weak$$choice2 ? b$r_buff0_thd3 : (!b$w_buff0_used || !b$r_buff0_thd3 && !b$w_buff1_used || !b$r_buff0_thd3 && !b$r_buff1_thd3 ? b$r_buff0_thd3 : (b$w_buff0_used && b$r_buff0_thd3 ? FALSE : b$r_buff0_thd3));
                                                                                        ^
                                                                        (                                 )
mix032_power.oepc_false-unreach-call.c:259:127: warning: '&&' within '||' [-Wlogical-op-parentheses]
  b$r_buff0_thd3 = weak$$choice2 ? b$r_buff0_thd3 : (!b$w_buff0_used || !b$r_buff0_thd3 && !b$w_buff1_used || !b$r_buff0_thd3 && !b$r_buff1_thd3 ? b$r_buff0_thd3 : (b$w_buff0_used && b$r_buff0_thd3 ? FALSE : b$r_buff0_thd3));
                                                                                                           ~~ ~~~~~~~~~~~~~~~~^~~~~~~~~~~~~~~~~~
mix032_power.oepc_false-unreach-call.c:259:127: note: place parentheses around the '&&' expression to silence this warning
  b$r_buff0_thd3 = weak$$choice2 ? b$r_buff0_thd3 : (!b$w_buff0_used || !b$r_buff0_thd3 && !b$w_buff1_used || !b$r_buff0_thd3 && !b$r_buff1_thd3 ? b$r_buff0_thd3 : (b$w_buff0_used && b$r_buff0_thd3 ? FALSE : b$r_buff0_thd3));
                                                                                                                              ^
                                                                                                              (                                 )
mix032_power.oepc_false-unreach-call.c:260:89: warning: '&&' within '||' [-Wlogical-op-parentheses]
  b$r_buff1_thd3 = weak$$choice2 ? b$r_buff1_thd3 : (!b$w_buff0_used || !b$r_buff0_thd3 && !b$w_buff1_used || !b$r_buff0_thd3 && !b$r_buff1_thd3 ? b$r_buff1_thd3 : (b$w_buff0_used && b$r_buff0_thd3 ? FALSE : FALSE));
                                                                     ~~ ~~~~~~~~~~~~~~~~^~~~~~~~~~~~~~~~~~
mix032_power.oepc_false-unreach-call.c:260:89: note: place parentheses around the '&&' expression to silence this warning
  b$r_buff1_thd3 = weak$$choice2 ? b$r_buff1_thd3 : (!b$w_buff0_used || !b$r_buff0_thd3 && !b$w_buff1_used || !b$r_buff0_thd3 && !b$r_buff1_thd3 ? b$r_buff1_thd3 : (b$w_buff0_used && b$r_buff0_thd3 ? FALSE : FALSE));
                                                                                        ^
                                                                        (                                 )
mix032_power.oepc_false-unreach-call.c:260:127: warning: '&&' within '||' [-Wlogical-op-parentheses]
  b$r_buff1_thd3 = weak$$choice2 ? b$r_buff1_thd3 : (!b$w_buff0_used || !b$r_buff0_thd3 && !b$w_buff1_used || !b$r_buff0_thd3 && !b$r_buff1_thd3 ? b$r_buff1_thd3 : (b$w_buff0_used && b$r_buff0_thd3 ? FALSE : FALSE));
                                                                                                           ~~ ~~~~~~~~~~~~~~~~^~~~~~~~~~~~~~~~~~
mix032_power.oepc_false-unreach-call.c:260:127: note: place parentheses around the '&&' expression to silence this warning
  b$r_buff1_thd3 = weak$$choice2 ? b$r_buff1_thd3 : (!b$w_buff0_used || !b$r_buff0_thd3 && !b$w_buff1_used || !b$r_buff0_thd3 && !b$r_buff1_thd3 ? b$r_buff1_thd3 : (b$w_buff0_used && b$r_buff0_thd3 ? FALSE : FALSE));
                                                                                                                              ^
                                                                                                              (                                 )
mix032_power.oepc_false-unreach-call.c:268:35: warning: '&&' within '||' [-Wlogical-op-parentheses]
  b$w_buff1_used = b$w_buff0_used && b$r_buff0_thd3 || b$w_buff1_used && b$r_buff1_thd3 ? FALSE : b$w_buff1_used;
                   ~~~~~~~~~~~~~~~^~~~~~~~~~~~~~~~~ ~~
mix032_power.oepc_false-unreach-call.c:268:35: note: place parentheses around the '&&' expression to silence this warning
  b$w_buff1_used = b$w_buff0_used && b$r_buff0_thd3 || b$w_buff1_used && b$r_buff1_thd3 ? FALSE : b$w_buff1_used;
                                  ^
                   (                               )
mix032_power.oepc_false-unreach-call.c:268:71: warning: '&&' within '||' [-Wlogical-op-parentheses]
  b$w_buff1_used = b$w_buff0_used && b$r_buff0_thd3 || b$w_buff1_used && b$r_buff1_thd3 ? FALSE : b$w_buff1_used;
                                                    ~~ ~~~~~~~~~~~~~~~^~~~~~~~~~~~~~~~~
mix032_power.oepc_false-unreach-call.c:268:71: note: place parentheses around the '&&' expression to silence this warning
  b$w_buff1_used = b$w_buff0_used && b$r_buff0_thd3 || b$w_buff1_used && b$r_buff1_thd3 ? FALSE : b$w_buff1_used;
                                                                      ^
                                                       (                               )
mix032_power.oepc_false-unreach-call.c:270:35: warning: '&&' within '||' [-Wlogical-op-parentheses]
  b$r_buff1_thd3 = b$w_buff0_used && b$r_buff0_thd3 || b$w_buff1_used && b$r_buff1_thd3 ? FALSE : b$r_buff1_thd3;
                   ~~~~~~~~~~~~~~~^~~~~~~~~~~~~~~~~ ~~
mix032_power.oepc_false-unreach-call.c:270:35: note: place parentheses around the '&&' expression to silence this warning
  b$r_buff1_thd3 = b$w_buff0_used && b$r_buff0_thd3 || b$w_buff1_used && b$r_buff1_thd3 ? FALSE : b$r_buff1_thd3;
                                  ^
                   (                               )
mix032_power.oepc_false-unreach-call.c:270:71: warning: '&&' within '||' [-Wlogical-op-parentheses]
  b$r_buff1_thd3 = b$w_buff0_used && b$r_buff0_thd3 || b$w_buff1_used && b$r_buff1_thd3 ? FALSE : b$r_buff1_thd3;
                                                    ~~ ~~~~~~~~~~~~~~~^~~~~~~~~~~~~~~~~
mix032_power.oepc_false-unreach-call.c:270:71: note: place parentheses around the '&&' expression to silence this warning
  b$r_buff1_thd3 = b$w_buff0_used && b$r_buff0_thd3 || b$w_buff1_used && b$r_buff1_thd3 ? FALSE : b$r_buff1_thd3;
                                                                      ^
                                                       (                               )
mix032_power.oepc_false-unreach-call.c:275:10: warning: incompatible integer to pointer conversion returning 'int' from a function with result type 'void *' [-Wint-conversion]
  return nondet_0();
         ^~~~~~~~~~
mix032_power.oepc_false-unreach-call.c:303:38: warning: null passed to a callee which requires a non-null argument [-Wnonnull]
  pthread_create(NULL, NULL, P0, NULL);
                 ~~~~                ^
mix032_power.oepc_false-unreach-call.c:304:38: warning: null passed to a callee which requires a non-null argument [-Wnonnull]
  pthread_create(NULL, NULL, P1, NULL);
                 ~~~~                ^
mix032_power.oepc_false-unreach-call.c:305:38: warning: null passed to a callee which requires a non-null argument [-Wnonnull]
  pthread_create(NULL, NULL, P2, NULL);
                 ~~~~                ^
mix032_power.oepc_false-unreach-call.c:313:35: warning: '&&' within '||' [-Wlogical-op-parentheses]
  b$w_buff1_used = b$w_buff0_used && b$r_buff0_thd0 || b$w_buff1_used && b$r_buff1_thd0 ? FALSE : b$w_buff1_used;
                   ~~~~~~~~~~~~~~~^~~~~~~~~~~~~~~~~ ~~
mix032_power.oepc_false-unreach-call.c:313:35: note: place parentheses around the '&&' expression to silence this warning
  b$w_buff1_used = b$w_buff0_used && b$r_buff0_thd0 || b$w_buff1_used && b$r_buff1_thd0 ? FALSE : b$w_buff1_used;
                                  ^
                   (                               )
mix032_power.oepc_false-unreach-call.c:313:71: warning: '&&' within '||' [-Wlogical-op-parentheses]
  b$w_buff1_used = b$w_buff0_used && b$r_buff0_thd0 || b$w_buff1_used && b$r_buff1_thd0 ? FALSE : b$w_buff1_used;
                                                    ~~ ~~~~~~~~~~~~~~~^~~~~~~~~~~~~~~~~
mix032_power.oepc_false-unreach-call.c:313:71: note: place parentheses around the '&&' expression to silence this warning
  b$w_buff1_used = b$w_buff0_used && b$r_buff0_thd0 || b$w_buff1_used && b$r_buff1_thd0 ? FALSE : b$w_buff1_used;
                                                                      ^
                                                       (                               )
mix032_power.oepc_false-unreach-call.c:315:35: warning: '&&' within '||' [-Wlogical-op-parentheses]
  b$r_buff1_thd0 = b$w_buff0_used && b$r_buff0_thd0 || b$w_buff1_used && b$r_buff1_thd0 ? FALSE : b$r_buff1_thd0;
                   ~~~~~~~~~~~~~~~^~~~~~~~~~~~~~~~~ ~~
mix032_power.oepc_false-unreach-call.c:315:35: note: place parentheses around the '&&' expression to silence this warning
  b$r_buff1_thd0 = b$w_buff0_used && b$r_buff0_thd0 || b$w_buff1_used && b$r_buff1_thd0 ? FALSE : b$r_buff1_thd0;
                                  ^
                   (                               )
mix032_power.oepc_false-unreach-call.c:315:71: warning: '&&' within '||' [-Wlogical-op-parentheses]
  b$r_buff1_thd0 = b$w_buff0_used && b$r_buff0_thd0 || b$w_buff1_used && b$r_buff1_thd0 ? FALSE : b$r_buff1_thd0;
                                                    ~~ ~~~~~~~~~~~~~~~^~~~~~~~~~~~~~~~~
mix032_power.oepc_false-unreach-call.c:315:71: note: place parentheses around the '&&' expression to silence this warning
  b$r_buff1_thd0 = b$w_buff0_used && b$r_buff0_thd0 || b$w_buff1_used && b$r_buff1_thd0 ? FALSE : b$r_buff1_thd0;
                                                                      ^
                                                       (                               )
39 warnings generated.
