mix027_rmo.opt_false-unreach-call.c:4:34: warning: implicit declaration of function '__VERIFIER_assume' is invalid in C99 [-Wimplicit-function-declaration]
void __VERIFIER_atomic_begin() { __VERIFIER_assume(__global_lock==0); __global_lock=1; return; }
                                 ^
mix027_rmo.opt_false-unreach-call.c:181:10: warning: implicit declaration of function 'nondet_0' is invalid in C99 [-Wimplicit-function-declaration]
  return nondet_0();
         ^
mix027_rmo.opt_false-unreach-call.c:181:10: warning: incompatible integer to pointer conversion returning 'int' from a function with result type 'void *' [-Wint-conversion]
  return nondet_0();
         ^~~~~~~~~~
mix027_rmo.opt_false-unreach-call.c:192:19: warning: implicit declaration of function 'nondet_1' is invalid in C99 [-Wimplicit-function-declaration]
  weak$$choice0 = nondet_1();
                  ^
mix027_rmo.opt_false-unreach-call.c:196:42: warning: '&&' within '||' [-Wlogical-op-parentheses]
  y = !y$w_buff0_used || !y$r_buff0_thd2 && !y$w_buff1_used || !y$r_buff0_thd2 && !y$r_buff1_thd2 ? y : (y$w_buff0_used && y$r_buff0_thd2 ? y$w_buff0 : y$w_buff1);
                      ~~ ~~~~~~~~~~~~~~~~^~~~~~~~~~~~~~~~~~
mix027_rmo.opt_false-unreach-call.c:196:42: note: place parentheses around the '&&' expression to silence this warning
  y = !y$w_buff0_used || !y$r_buff0_thd2 && !y$w_buff1_used || !y$r_buff0_thd2 && !y$r_buff1_thd2 ? y : (y$w_buff0_used && y$r_buff0_thd2 ? y$w_buff0 : y$w_buff1);
                                         ^
                         (                                 )
mix027_rmo.opt_false-unreach-call.c:196:80: warning: '&&' within '||' [-Wlogical-op-parentheses]
  y = !y$w_buff0_used || !y$r_buff0_thd2 && !y$w_buff1_used || !y$r_buff0_thd2 && !y$r_buff1_thd2 ? y : (y$w_buff0_used && y$r_buff0_thd2 ? y$w_buff0 : y$w_buff1);
                                                            ~~ ~~~~~~~~~~~~~~~~^~~~~~~~~~~~~~~~~~
mix027_rmo.opt_false-unreach-call.c:196:80: note: place parentheses around the '&&' expression to silence this warning
  y = !y$w_buff0_used || !y$r_buff0_thd2 && !y$w_buff1_used || !y$r_buff0_thd2 && !y$r_buff1_thd2 ? y : (y$w_buff0_used && y$r_buff0_thd2 ? y$w_buff0 : y$w_buff1);
                                                                               ^
                                                               (                                 )
mix027_rmo.opt_false-unreach-call.c:197:79: warning: '&&' within '||' [-Wlogical-op-parentheses]
  y$w_buff0 = weak$$choice2 ? y$w_buff0 : (!y$w_buff0_used || !y$r_buff0_thd2 && !y$w_buff1_used || !y$r_buff0_thd2 && !y$r_buff1_thd2 ? y$w_buff0 : (y$w_buff0_used && y$r_buff0_thd2 ? y$w_buff0 : y$w_buff0));
                                                           ~~ ~~~~~~~~~~~~~~~~^~~~~~~~~~~~~~~~~~
mix027_rmo.opt_false-unreach-call.c:197:79: note: place parentheses around the '&&' expression to silence this warning
  y$w_buff0 = weak$$choice2 ? y$w_buff0 : (!y$w_buff0_used || !y$r_buff0_thd2 && !y$w_buff1_used || !y$r_buff0_thd2 && !y$r_buff1_thd2 ? y$w_buff0 : (y$w_buff0_used && y$r_buff0_thd2 ? y$w_buff0 : y$w_buff0));
                                                                              ^
                                                              (                                 )
mix027_rmo.opt_false-unreach-call.c:197:117: warning: '&&' within '||' [-Wlogical-op-parentheses]
  y$w_buff0 = weak$$choice2 ? y$w_buff0 : (!y$w_buff0_used || !y$r_buff0_thd2 && !y$w_buff1_used || !y$r_buff0_thd2 && !y$r_buff1_thd2 ? y$w_buff0 : (y$w_buff0_used && y$r_buff0_thd2 ? y$w_buff0 : y$w_buff0));
                                                                                                 ~~ ~~~~~~~~~~~~~~~~^~~~~~~~~~~~~~~~~~
mix027_rmo.opt_false-unreach-call.c:197:117: note: place parentheses around the '&&' expression to silence this warning
  y$w_buff0 = weak$$choice2 ? y$w_buff0 : (!y$w_buff0_used || !y$r_buff0_thd2 && !y$w_buff1_used || !y$r_buff0_thd2 && !y$r_buff1_thd2 ? y$w_buff0 : (y$w_buff0_used && y$r_buff0_thd2 ? y$w_buff0 : y$w_buff0));
                                                                                                                    ^
                                                                                                    (                                 )
mix027_rmo.opt_false-unreach-call.c:198:79: warning: '&&' within '||' [-Wlogical-op-parentheses]
  y$w_buff1 = weak$$choice2 ? y$w_buff1 : (!y$w_buff0_used || !y$r_buff0_thd2 && !y$w_buff1_used || !y$r_buff0_thd2 && !y$r_buff1_thd2 ? y$w_buff1 : (y$w_buff0_used && y$r_buff0_thd2 ? y$w_buff1 : y$w_buff1));
                                                           ~~ ~~~~~~~~~~~~~~~~^~~~~~~~~~~~~~~~~~
mix027_rmo.opt_false-unreach-call.c:198:79: note: place parentheses around the '&&' expression to silence this warning
  y$w_buff1 = weak$$choice2 ? y$w_buff1 : (!y$w_buff0_used || !y$r_buff0_thd2 && !y$w_buff1_used || !y$r_buff0_thd2 && !y$r_buff1_thd2 ? y$w_buff1 : (y$w_buff0_used && y$r_buff0_thd2 ? y$w_buff1 : y$w_buff1));
                                                                              ^
                                                              (                                 )
mix027_rmo.opt_false-unreach-call.c:198:117: warning: '&&' within '||' [-Wlogical-op-parentheses]
  y$w_buff1 = weak$$choice2 ? y$w_buff1 : (!y$w_buff0_used || !y$r_buff0_thd2 && !y$w_buff1_used || !y$r_buff0_thd2 && !y$r_buff1_thd2 ? y$w_buff1 : (y$w_buff0_used && y$r_buff0_thd2 ? y$w_buff1 : y$w_buff1));
                                                                                                 ~~ ~~~~~~~~~~~~~~~~^~~~~~~~~~~~~~~~~~
mix027_rmo.opt_false-unreach-call.c:198:117: note: place parentheses around the '&&' expression to silence this warning
  y$w_buff1 = weak$$choice2 ? y$w_buff1 : (!y$w_buff0_used || !y$r_buff0_thd2 && !y$w_buff1_used || !y$r_buff0_thd2 && !y$r_buff1_thd2 ? y$w_buff1 : (y$w_buff0_used && y$r_buff0_thd2 ? y$w_buff1 : y$w_buff1));
                                                                                                                    ^
                                                                                                    (                                 )
mix027_rmo.opt_false-unreach-call.c:199:89: warning: '&&' within '||' [-Wlogical-op-parentheses]
  y$w_buff0_used = weak$$choice2 ? y$w_buff0_used : (!y$w_buff0_used || !y$r_buff0_thd2 && !y$w_buff1_used || !y$r_buff0_thd2 && !y$r_buff1_thd2 ? y$w_buff0_used : (y$w_buff0_used && y$r_buff0_thd2 ? FALSE : y$w_buff0_used));
                                                                     ~~ ~~~~~~~~~~~~~~~~^~~~~~~~~~~~~~~~~~
mix027_rmo.opt_false-unreach-call.c:199:89: note: place parentheses around the '&&' expression to silence this warning
  y$w_buff0_used = weak$$choice2 ? y$w_buff0_used : (!y$w_buff0_used || !y$r_buff0_thd2 && !y$w_buff1_used || !y$r_buff0_thd2 && !y$r_buff1_thd2 ? y$w_buff0_used : (y$w_buff0_used && y$r_buff0_thd2 ? FALSE : y$w_buff0_used));
                                                                                        ^
                                                                        (                                 )
mix027_rmo.opt_false-unreach-call.c:199:127: warning: '&&' within '||' [-Wlogical-op-parentheses]
  y$w_buff0_used = weak$$choice2 ? y$w_buff0_used : (!y$w_buff0_used || !y$r_buff0_thd2 && !y$w_buff1_used || !y$r_buff0_thd2 && !y$r_buff1_thd2 ? y$w_buff0_used : (y$w_buff0_used && y$r_buff0_thd2 ? FALSE : y$w_buff0_used));
                                                                                                           ~~ ~~~~~~~~~~~~~~~~^~~~~~~~~~~~~~~~~~
mix027_rmo.opt_false-unreach-call.c:199:127: note: place parentheses around the '&&' expression to silence this warning
  y$w_buff0_used = weak$$choice2 ? y$w_buff0_used : (!y$w_buff0_used || !y$r_buff0_thd2 && !y$w_buff1_used || !y$r_buff0_thd2 && !y$r_buff1_thd2 ? y$w_buff0_used : (y$w_buff0_used && y$r_buff0_thd2 ? FALSE : y$w_buff0_used));
                                                                                                                              ^
                                                                                                              (                                 )
mix027_rmo.opt_false-unreach-call.c:200:89: warning: '&&' within '||' [-Wlogical-op-parentheses]
  y$w_buff1_used = weak$$choice2 ? y$w_buff1_used : (!y$w_buff0_used || !y$r_buff0_thd2 && !y$w_buff1_used || !y$r_buff0_thd2 && !y$r_buff1_thd2 ? y$w_buff1_used : (y$w_buff0_used && y$r_buff0_thd2 ? FALSE : FALSE));
                                                                     ~~ ~~~~~~~~~~~~~~~~^~~~~~~~~~~~~~~~~~
mix027_rmo.opt_false-unreach-call.c:200:89: note: place parentheses around the '&&' expression to silence this warning
  y$w_buff1_used = weak$$choice2 ? y$w_buff1_used : (!y$w_buff0_used || !y$r_buff0_thd2 && !y$w_buff1_used || !y$r_buff0_thd2 && !y$r_buff1_thd2 ? y$w_buff1_used : (y$w_buff0_used && y$r_buff0_thd2 ? FALSE : FALSE));
                                                                                        ^
                                                                        (                                 )
mix027_rmo.opt_false-unreach-call.c:200:127: warning: '&&' within '||' [-Wlogical-op-parentheses]
  y$w_buff1_used = weak$$choice2 ? y$w_buff1_used : (!y$w_buff0_used || !y$r_buff0_thd2 && !y$w_buff1_used || !y$r_buff0_thd2 && !y$r_buff1_thd2 ? y$w_buff1_used : (y$w_buff0_used && y$r_buff0_thd2 ? FALSE : FALSE));
                                                                                                           ~~ ~~~~~~~~~~~~~~~~^~~~~~~~~~~~~~~~~~
mix027_rmo.opt_false-unreach-call.c:200:127: note: place parentheses around the '&&' expression to silence this warning
  y$w_buff1_used = weak$$choice2 ? y$w_buff1_used : (!y$w_buff0_used || !y$r_buff0_thd2 && !y$w_buff1_used || !y$r_buff0_thd2 && !y$r_buff1_thd2 ? y$w_buff1_used : (y$w_buff0_used && y$r_buff0_thd2 ? FALSE : FALSE));
                                                                                                                              ^
                                                                                                              (                                 )
mix027_rmo.opt_false-unreach-call.c:201:89: warning: '&&' within '||' [-Wlogical-op-parentheses]
  y$r_buff0_thd2 = weak$$choice2 ? y$r_buff0_thd2 : (!y$w_buff0_used || !y$r_buff0_thd2 && !y$w_buff1_used || !y$r_buff0_thd2 && !y$r_buff1_thd2 ? y$r_buff0_thd2 : (y$w_buff0_used && y$r_buff0_thd2 ? FALSE : y$r_buff0_thd2));
                                                                     ~~ ~~~~~~~~~~~~~~~~^~~~~~~~~~~~~~~~~~
mix027_rmo.opt_false-unreach-call.c:201:89: note: place parentheses around the '&&' expression to silence this warning
  y$r_buff0_thd2 = weak$$choice2 ? y$r_buff0_thd2 : (!y$w_buff0_used || !y$r_buff0_thd2 && !y$w_buff1_used || !y$r_buff0_thd2 && !y$r_buff1_thd2 ? y$r_buff0_thd2 : (y$w_buff0_used && y$r_buff0_thd2 ? FALSE : y$r_buff0_thd2));
                                                                                        ^
                                                                        (                                 )
mix027_rmo.opt_false-unreach-call.c:201:127: warning: '&&' within '||' [-Wlogical-op-parentheses]
  y$r_buff0_thd2 = weak$$choice2 ? y$r_buff0_thd2 : (!y$w_buff0_used || !y$r_buff0_thd2 && !y$w_buff1_used || !y$r_buff0_thd2 && !y$r_buff1_thd2 ? y$r_buff0_thd2 : (y$w_buff0_used && y$r_buff0_thd2 ? FALSE : y$r_buff0_thd2));
                                                                                                           ~~ ~~~~~~~~~~~~~~~~^~~~~~~~~~~~~~~~~~
mix027_rmo.opt_false-unreach-call.c:201:127: note: place parentheses around the '&&' expression to silence this warning
  y$r_buff0_thd2 = weak$$choice2 ? y$r_buff0_thd2 : (!y$w_buff0_used || !y$r_buff0_thd2 && !y$w_buff1_used || !y$r_buff0_thd2 && !y$r_buff1_thd2 ? y$r_buff0_thd2 : (y$w_buff0_used && y$r_buff0_thd2 ? FALSE : y$r_buff0_thd2));
                                                                                                                              ^
                                                                                                              (                                 )
mix027_rmo.opt_false-unreach-call.c:202:89: warning: '&&' within '||' [-Wlogical-op-parentheses]
  y$r_buff1_thd2 = weak$$choice2 ? y$r_buff1_thd2 : (!y$w_buff0_used || !y$r_buff0_thd2 && !y$w_buff1_used || !y$r_buff0_thd2 && !y$r_buff1_thd2 ? y$r_buff1_thd2 : (y$w_buff0_used && y$r_buff0_thd2 ? FALSE : FALSE));
                                                                     ~~ ~~~~~~~~~~~~~~~~^~~~~~~~~~~~~~~~~~
mix027_rmo.opt_false-unreach-call.c:202:89: note: place parentheses around the '&&' expression to silence this warning
  y$r_buff1_thd2 = weak$$choice2 ? y$r_buff1_thd2 : (!y$w_buff0_used || !y$r_buff0_thd2 && !y$w_buff1_used || !y$r_buff0_thd2 && !y$r_buff1_thd2 ? y$r_buff1_thd2 : (y$w_buff0_used && y$r_buff0_thd2 ? FALSE : FALSE));
                                                                                        ^
                                                                        (                                 )
mix027_rmo.opt_false-unreach-call.c:202:127: warning: '&&' within '||' [-Wlogical-op-parentheses]
  y$r_buff1_thd2 = weak$$choice2 ? y$r_buff1_thd2 : (!y$w_buff0_used || !y$r_buff0_thd2 && !y$w_buff1_used || !y$r_buff0_thd2 && !y$r_buff1_thd2 ? y$r_buff1_thd2 : (y$w_buff0_used && y$r_buff0_thd2 ? FALSE : FALSE));
                                                                                                           ~~ ~~~~~~~~~~~~~~~~^~~~~~~~~~~~~~~~~~
mix027_rmo.opt_false-unreach-call.c:202:127: note: place parentheses around the '&&' expression to silence this warning
  y$r_buff1_thd2 = weak$$choice2 ? y$r_buff1_thd2 : (!y$w_buff0_used || !y$r_buff0_thd2 && !y$w_buff1_used || !y$r_buff0_thd2 && !y$r_buff1_thd2 ? y$r_buff1_thd2 : (y$w_buff0_used && y$r_buff0_thd2 ? FALSE : FALSE));
                                                                                                                              ^
                                                                                                              (                                 )
mix027_rmo.opt_false-unreach-call.c:212:10: warning: incompatible integer to pointer conversion returning 'int' from a function with result type 'void *' [-Wint-conversion]
  return nondet_0();
         ^~~~~~~~~~
mix027_rmo.opt_false-unreach-call.c:238:35: warning: '&&' within '||' [-Wlogical-op-parentheses]
  y$w_buff1_used = y$w_buff0_used && y$r_buff0_thd3 || y$w_buff1_used && y$r_buff1_thd3 ? FALSE : y$w_buff1_used;
                   ~~~~~~~~~~~~~~~^~~~~~~~~~~~~~~~~ ~~
mix027_rmo.opt_false-unreach-call.c:238:35: note: place parentheses around the '&&' expression to silence this warning
  y$w_buff1_used = y$w_buff0_used && y$r_buff0_thd3 || y$w_buff1_used && y$r_buff1_thd3 ? FALSE : y$w_buff1_used;
                                  ^
                   (                               )
mix027_rmo.opt_false-unreach-call.c:238:71: warning: '&&' within '||' [-Wlogical-op-parentheses]
  y$w_buff1_used = y$w_buff0_used && y$r_buff0_thd3 || y$w_buff1_used && y$r_buff1_thd3 ? FALSE : y$w_buff1_used;
                                                    ~~ ~~~~~~~~~~~~~~~^~~~~~~~~~~~~~~~~
mix027_rmo.opt_false-unreach-call.c:238:71: note: place parentheses around the '&&' expression to silence this warning
  y$w_buff1_used = y$w_buff0_used && y$r_buff0_thd3 || y$w_buff1_used && y$r_buff1_thd3 ? FALSE : y$w_buff1_used;
                                                                      ^
                                                       (                               )
mix027_rmo.opt_false-unreach-call.c:240:35: warning: '&&' within '||' [-Wlogical-op-parentheses]
  y$r_buff1_thd3 = y$w_buff0_used && y$r_buff0_thd3 || y$w_buff1_used && y$r_buff1_thd3 ? FALSE : y$r_buff1_thd3;
                   ~~~~~~~~~~~~~~~^~~~~~~~~~~~~~~~~ ~~
mix027_rmo.opt_false-unreach-call.c:240:35: note: place parentheses around the '&&' expression to silence this warning
  y$r_buff1_thd3 = y$w_buff0_used && y$r_buff0_thd3 || y$w_buff1_used && y$r_buff1_thd3 ? FALSE : y$r_buff1_thd3;
                                  ^
                   (                               )
mix027_rmo.opt_false-unreach-call.c:240:71: warning: '&&' within '||' [-Wlogical-op-parentheses]
  y$r_buff1_thd3 = y$w_buff0_used && y$r_buff0_thd3 || y$w_buff1_used && y$r_buff1_thd3 ? FALSE : y$r_buff1_thd3;
                                                    ~~ ~~~~~~~~~~~~~~~^~~~~~~~~~~~~~~~~
mix027_rmo.opt_false-unreach-call.c:240:71: note: place parentheses around the '&&' expression to silence this warning
  y$r_buff1_thd3 = y$w_buff0_used && y$r_buff0_thd3 || y$w_buff1_used && y$r_buff1_thd3 ? FALSE : y$r_buff1_thd3;
                                                                      ^
                                                       (                               )
mix027_rmo.opt_false-unreach-call.c:245:10: warning: incompatible integer to pointer conversion returning 'int' from a function with result type 'void *' [-Wint-conversion]
  return nondet_0();
         ^~~~~~~~~~
mix027_rmo.opt_false-unreach-call.c:264:35: warning: '&&' within '||' [-Wlogical-op-parentheses]
  y$w_buff1_used = y$w_buff0_used && y$r_buff0_thd4 || y$w_buff1_used && y$r_buff1_thd4 ? FALSE : y$w_buff1_used;
                   ~~~~~~~~~~~~~~~^~~~~~~~~~~~~~~~~ ~~
mix027_rmo.opt_false-unreach-call.c:264:35: note: place parentheses around the '&&' expression to silence this warning
  y$w_buff1_used = y$w_buff0_used && y$r_buff0_thd4 || y$w_buff1_used && y$r_buff1_thd4 ? FALSE : y$w_buff1_used;
                                  ^
                   (                               )
mix027_rmo.opt_false-unreach-call.c:264:71: warning: '&&' within '||' [-Wlogical-op-parentheses]
  y$w_buff1_used = y$w_buff0_used && y$r_buff0_thd4 || y$w_buff1_used && y$r_buff1_thd4 ? FALSE : y$w_buff1_used;
                                                    ~~ ~~~~~~~~~~~~~~~^~~~~~~~~~~~~~~~~
mix027_rmo.opt_false-unreach-call.c:264:71: note: place parentheses around the '&&' expression to silence this warning
  y$w_buff1_used = y$w_buff0_used && y$r_buff0_thd4 || y$w_buff1_used && y$r_buff1_thd4 ? FALSE : y$w_buff1_used;
                                                                      ^
                                                       (                               )
mix027_rmo.opt_false-unreach-call.c:266:35: warning: '&&' within '||' [-Wlogical-op-parentheses]
  y$r_buff1_thd4 = y$w_buff0_used && y$r_buff0_thd4 || y$w_buff1_used && y$r_buff1_thd4 ? FALSE : y$r_buff1_thd4;
                   ~~~~~~~~~~~~~~~^~~~~~~~~~~~~~~~~ ~~
mix027_rmo.opt_false-unreach-call.c:266:35: note: place parentheses around the '&&' expression to silence this warning
  y$r_buff1_thd4 = y$w_buff0_used && y$r_buff0_thd4 || y$w_buff1_used && y$r_buff1_thd4 ? FALSE : y$r_buff1_thd4;
                                  ^
                   (                               )
mix027_rmo.opt_false-unreach-call.c:266:71: warning: '&&' within '||' [-Wlogical-op-parentheses]
  y$r_buff1_thd4 = y$w_buff0_used && y$r_buff0_thd4 || y$w_buff1_used && y$r_buff1_thd4 ? FALSE : y$r_buff1_thd4;
                                                    ~~ ~~~~~~~~~~~~~~~^~~~~~~~~~~~~~~~~
mix027_rmo.opt_false-unreach-call.c:266:71: note: place parentheses around the '&&' expression to silence this warning
  y$r_buff1_thd4 = y$w_buff0_used && y$r_buff0_thd4 || y$w_buff1_used && y$r_buff1_thd4 ? FALSE : y$r_buff1_thd4;
                                                                      ^
                                                       (                               )
mix027_rmo.opt_false-unreach-call.c:271:10: warning: incompatible integer to pointer conversion returning 'int' from a function with result type 'void *' [-Wint-conversion]
  return nondet_0();
         ^~~~~~~~~~
mix027_rmo.opt_false-unreach-call.c:299:38: warning: null passed to a callee which requires a non-null argument [-Wnonnull]
  pthread_create(NULL, NULL, P0, NULL);
                 ~~~~                ^
mix027_rmo.opt_false-unreach-call.c:300:38: warning: null passed to a callee which requires a non-null argument [-Wnonnull]
  pthread_create(NULL, NULL, P1, NULL);
                 ~~~~                ^
mix027_rmo.opt_false-unreach-call.c:301:38: warning: null passed to a callee which requires a non-null argument [-Wnonnull]
  pthread_create(NULL, NULL, P2, NULL);
                 ~~~~                ^
mix027_rmo.opt_false-unreach-call.c:302:38: warning: null passed to a callee which requires a non-null argument [-Wnonnull]
  pthread_create(NULL, NULL, P3, NULL);
                 ~~~~                ^
mix027_rmo.opt_false-unreach-call.c:310:35: warning: '&&' within '||' [-Wlogical-op-parentheses]
  y$w_buff1_used = y$w_buff0_used && y$r_buff0_thd0 || y$w_buff1_used && y$r_buff1_thd0 ? FALSE : y$w_buff1_used;
                   ~~~~~~~~~~~~~~~^~~~~~~~~~~~~~~~~ ~~
mix027_rmo.opt_false-unreach-call.c:310:35: note: place parentheses around the '&&' expression to silence this warning
  y$w_buff1_used = y$w_buff0_used && y$r_buff0_thd0 || y$w_buff1_used && y$r_buff1_thd0 ? FALSE : y$w_buff1_used;
                                  ^
                   (                               )
mix027_rmo.opt_false-unreach-call.c:310:71: warning: '&&' within '||' [-Wlogical-op-parentheses]
  y$w_buff1_used = y$w_buff0_used && y$r_buff0_thd0 || y$w_buff1_used && y$r_buff1_thd0 ? FALSE : y$w_buff1_used;
                                                    ~~ ~~~~~~~~~~~~~~~^~~~~~~~~~~~~~~~~
mix027_rmo.opt_false-unreach-call.c:310:71: note: place parentheses around the '&&' expression to silence this warning
  y$w_buff1_used = y$w_buff0_used && y$r_buff0_thd0 || y$w_buff1_used && y$r_buff1_thd0 ? FALSE : y$w_buff1_used;
                                                                      ^
                                                       (                               )
mix027_rmo.opt_false-unreach-call.c:312:35: warning: '&&' within '||' [-Wlogical-op-parentheses]
  y$r_buff1_thd0 = y$w_buff0_used && y$r_buff0_thd0 || y$w_buff1_used && y$r_buff1_thd0 ? FALSE : y$r_buff1_thd0;
                   ~~~~~~~~~~~~~~~^~~~~~~~~~~~~~~~~ ~~
mix027_rmo.opt_false-unreach-call.c:312:35: note: place parentheses around the '&&' expression to silence this warning
  y$r_buff1_thd0 = y$w_buff0_used && y$r_buff0_thd0 || y$w_buff1_used && y$r_buff1_thd0 ? FALSE : y$r_buff1_thd0;
                                  ^
                   (                               )
mix027_rmo.opt_false-unreach-call.c:312:71: warning: '&&' within '||' [-Wlogical-op-parentheses]
  y$r_buff1_thd0 = y$w_buff0_used && y$r_buff0_thd0 || y$w_buff1_used && y$r_buff1_thd0 ? FALSE : y$r_buff1_thd0;
                                                    ~~ ~~~~~~~~~~~~~~~^~~~~~~~~~~~~~~~~
mix027_rmo.opt_false-unreach-call.c:312:71: note: place parentheses around the '&&' expression to silence this warning
  y$r_buff1_thd0 = y$w_buff0_used && y$r_buff0_thd0 || y$w_buff1_used && y$r_buff1_thd0 ? FALSE : y$r_buff1_thd0;
                                                                      ^
                                                       (                               )
37 warnings generated.
