mix002_tso.opt_false-unreach-call.c:4:34: warning: implicit declaration of function '__VERIFIER_assume' is invalid in C99 [-Wimplicit-function-declaration]
void __VERIFIER_atomic_begin() { __VERIFIER_assume(__global_lock==0); __global_lock=1; return; }
                                 ^
mix002_tso.opt_false-unreach-call.c:196:10: warning: implicit declaration of function 'nondet_0' is invalid in C99 [-Wimplicit-function-declaration]
  return nondet_0();
         ^
mix002_tso.opt_false-unreach-call.c:196:10: warning: incompatible integer to pointer conversion returning 'int' from a function with result type 'void *' [-Wint-conversion]
  return nondet_0();
         ^~~~~~~~~~
mix002_tso.opt_false-unreach-call.c:210:19: warning: implicit declaration of function 'nondet_1' is invalid in C99 [-Wimplicit-function-declaration]
  weak$$choice0 = nondet_1();
                  ^
mix002_tso.opt_false-unreach-call.c:214:42: warning: '&&' within '||' [-Wlogical-op-parentheses]
  z = !z$w_buff0_used || !z$r_buff0_thd2 && !z$w_buff1_used || !z$r_buff0_thd2 && !z$r_buff1_thd2 ? z : (z$w_buff0_used && z$r_buff0_thd2 ? z$w_buff0 : z$w_buff1);
                      ~~ ~~~~~~~~~~~~~~~~^~~~~~~~~~~~~~~~~~
mix002_tso.opt_false-unreach-call.c:214:42: note: place parentheses around the '&&' expression to silence this warning
  z = !z$w_buff0_used || !z$r_buff0_thd2 && !z$w_buff1_used || !z$r_buff0_thd2 && !z$r_buff1_thd2 ? z : (z$w_buff0_used && z$r_buff0_thd2 ? z$w_buff0 : z$w_buff1);
                                         ^
                         (                                 )
mix002_tso.opt_false-unreach-call.c:214:80: warning: '&&' within '||' [-Wlogical-op-parentheses]
  z = !z$w_buff0_used || !z$r_buff0_thd2 && !z$w_buff1_used || !z$r_buff0_thd2 && !z$r_buff1_thd2 ? z : (z$w_buff0_used && z$r_buff0_thd2 ? z$w_buff0 : z$w_buff1);
                                                            ~~ ~~~~~~~~~~~~~~~~^~~~~~~~~~~~~~~~~~
mix002_tso.opt_false-unreach-call.c:214:80: note: place parentheses around the '&&' expression to silence this warning
  z = !z$w_buff0_used || !z$r_buff0_thd2 && !z$w_buff1_used || !z$r_buff0_thd2 && !z$r_buff1_thd2 ? z : (z$w_buff0_used && z$r_buff0_thd2 ? z$w_buff0 : z$w_buff1);
                                                                               ^
                                                               (                                 )
mix002_tso.opt_false-unreach-call.c:215:79: warning: '&&' within '||' [-Wlogical-op-parentheses]
  z$w_buff0 = weak$$choice2 ? z$w_buff0 : (!z$w_buff0_used || !z$r_buff0_thd2 && !z$w_buff1_used || !z$r_buff0_thd2 && !z$r_buff1_thd2 ? z$w_buff0 : (z$w_buff0_used && z$r_buff0_thd2 ? z$w_buff0 : z$w_buff0));
                                                           ~~ ~~~~~~~~~~~~~~~~^~~~~~~~~~~~~~~~~~
mix002_tso.opt_false-unreach-call.c:215:79: note: place parentheses around the '&&' expression to silence this warning
  z$w_buff0 = weak$$choice2 ? z$w_buff0 : (!z$w_buff0_used || !z$r_buff0_thd2 && !z$w_buff1_used || !z$r_buff0_thd2 && !z$r_buff1_thd2 ? z$w_buff0 : (z$w_buff0_used && z$r_buff0_thd2 ? z$w_buff0 : z$w_buff0));
                                                                              ^
                                                              (                                 )
mix002_tso.opt_false-unreach-call.c:215:117: warning: '&&' within '||' [-Wlogical-op-parentheses]
  z$w_buff0 = weak$$choice2 ? z$w_buff0 : (!z$w_buff0_used || !z$r_buff0_thd2 && !z$w_buff1_used || !z$r_buff0_thd2 && !z$r_buff1_thd2 ? z$w_buff0 : (z$w_buff0_used && z$r_buff0_thd2 ? z$w_buff0 : z$w_buff0));
                                                                                                 ~~ ~~~~~~~~~~~~~~~~^~~~~~~~~~~~~~~~~~
mix002_tso.opt_false-unreach-call.c:215:117: note: place parentheses around the '&&' expression to silence this warning
  z$w_buff0 = weak$$choice2 ? z$w_buff0 : (!z$w_buff0_used || !z$r_buff0_thd2 && !z$w_buff1_used || !z$r_buff0_thd2 && !z$r_buff1_thd2 ? z$w_buff0 : (z$w_buff0_used && z$r_buff0_thd2 ? z$w_buff0 : z$w_buff0));
                                                                                                                    ^
                                                                                                    (                                 )
mix002_tso.opt_false-unreach-call.c:216:79: warning: '&&' within '||' [-Wlogical-op-parentheses]
  z$w_buff1 = weak$$choice2 ? z$w_buff1 : (!z$w_buff0_used || !z$r_buff0_thd2 && !z$w_buff1_used || !z$r_buff0_thd2 && !z$r_buff1_thd2 ? z$w_buff1 : (z$w_buff0_used && z$r_buff0_thd2 ? z$w_buff1 : z$w_buff1));
                                                           ~~ ~~~~~~~~~~~~~~~~^~~~~~~~~~~~~~~~~~
mix002_tso.opt_false-unreach-call.c:216:79: note: place parentheses around the '&&' expression to silence this warning
  z$w_buff1 = weak$$choice2 ? z$w_buff1 : (!z$w_buff0_used || !z$r_buff0_thd2 && !z$w_buff1_used || !z$r_buff0_thd2 && !z$r_buff1_thd2 ? z$w_buff1 : (z$w_buff0_used && z$r_buff0_thd2 ? z$w_buff1 : z$w_buff1));
                                                                              ^
                                                              (                                 )
mix002_tso.opt_false-unreach-call.c:216:117: warning: '&&' within '||' [-Wlogical-op-parentheses]
  z$w_buff1 = weak$$choice2 ? z$w_buff1 : (!z$w_buff0_used || !z$r_buff0_thd2 && !z$w_buff1_used || !z$r_buff0_thd2 && !z$r_buff1_thd2 ? z$w_buff1 : (z$w_buff0_used && z$r_buff0_thd2 ? z$w_buff1 : z$w_buff1));
                                                                                                 ~~ ~~~~~~~~~~~~~~~~^~~~~~~~~~~~~~~~~~
mix002_tso.opt_false-unreach-call.c:216:117: note: place parentheses around the '&&' expression to silence this warning
  z$w_buff1 = weak$$choice2 ? z$w_buff1 : (!z$w_buff0_used || !z$r_buff0_thd2 && !z$w_buff1_used || !z$r_buff0_thd2 && !z$r_buff1_thd2 ? z$w_buff1 : (z$w_buff0_used && z$r_buff0_thd2 ? z$w_buff1 : z$w_buff1));
                                                                                                                    ^
                                                                                                    (                                 )
mix002_tso.opt_false-unreach-call.c:217:89: warning: '&&' within '||' [-Wlogical-op-parentheses]
  z$w_buff0_used = weak$$choice2 ? z$w_buff0_used : (!z$w_buff0_used || !z$r_buff0_thd2 && !z$w_buff1_used || !z$r_buff0_thd2 && !z$r_buff1_thd2 ? z$w_buff0_used : (z$w_buff0_used && z$r_buff0_thd2 ? FALSE : z$w_buff0_used));
                                                                     ~~ ~~~~~~~~~~~~~~~~^~~~~~~~~~~~~~~~~~
mix002_tso.opt_false-unreach-call.c:217:89: note: place parentheses around the '&&' expression to silence this warning
  z$w_buff0_used = weak$$choice2 ? z$w_buff0_used : (!z$w_buff0_used || !z$r_buff0_thd2 && !z$w_buff1_used || !z$r_buff0_thd2 && !z$r_buff1_thd2 ? z$w_buff0_used : (z$w_buff0_used && z$r_buff0_thd2 ? FALSE : z$w_buff0_used));
                                                                                        ^
                                                                        (                                 )
mix002_tso.opt_false-unreach-call.c:217:127: warning: '&&' within '||' [-Wlogical-op-parentheses]
  z$w_buff0_used = weak$$choice2 ? z$w_buff0_used : (!z$w_buff0_used || !z$r_buff0_thd2 && !z$w_buff1_used || !z$r_buff0_thd2 && !z$r_buff1_thd2 ? z$w_buff0_used : (z$w_buff0_used && z$r_buff0_thd2 ? FALSE : z$w_buff0_used));
                                                                                                           ~~ ~~~~~~~~~~~~~~~~^~~~~~~~~~~~~~~~~~
mix002_tso.opt_false-unreach-call.c:217:127: note: place parentheses around the '&&' expression to silence this warning
  z$w_buff0_used = weak$$choice2 ? z$w_buff0_used : (!z$w_buff0_used || !z$r_buff0_thd2 && !z$w_buff1_used || !z$r_buff0_thd2 && !z$r_buff1_thd2 ? z$w_buff0_used : (z$w_buff0_used && z$r_buff0_thd2 ? FALSE : z$w_buff0_used));
                                                                                                                              ^
                                                                                                              (                                 )
mix002_tso.opt_false-unreach-call.c:218:89: warning: '&&' within '||' [-Wlogical-op-parentheses]
  z$w_buff1_used = weak$$choice2 ? z$w_buff1_used : (!z$w_buff0_used || !z$r_buff0_thd2 && !z$w_buff1_used || !z$r_buff0_thd2 && !z$r_buff1_thd2 ? z$w_buff1_used : (z$w_buff0_used && z$r_buff0_thd2 ? FALSE : FALSE));
                                                                     ~~ ~~~~~~~~~~~~~~~~^~~~~~~~~~~~~~~~~~
mix002_tso.opt_false-unreach-call.c:218:89: note: place parentheses around the '&&' expression to silence this warning
  z$w_buff1_used = weak$$choice2 ? z$w_buff1_used : (!z$w_buff0_used || !z$r_buff0_thd2 && !z$w_buff1_used || !z$r_buff0_thd2 && !z$r_buff1_thd2 ? z$w_buff1_used : (z$w_buff0_used && z$r_buff0_thd2 ? FALSE : FALSE));
                                                                                        ^
                                                                        (                                 )
mix002_tso.opt_false-unreach-call.c:218:127: warning: '&&' within '||' [-Wlogical-op-parentheses]
  z$w_buff1_used = weak$$choice2 ? z$w_buff1_used : (!z$w_buff0_used || !z$r_buff0_thd2 && !z$w_buff1_used || !z$r_buff0_thd2 && !z$r_buff1_thd2 ? z$w_buff1_used : (z$w_buff0_used && z$r_buff0_thd2 ? FALSE : FALSE));
                                                                                                           ~~ ~~~~~~~~~~~~~~~~^~~~~~~~~~~~~~~~~~
mix002_tso.opt_false-unreach-call.c:218:127: note: place parentheses around the '&&' expression to silence this warning
  z$w_buff1_used = weak$$choice2 ? z$w_buff1_used : (!z$w_buff0_used || !z$r_buff0_thd2 && !z$w_buff1_used || !z$r_buff0_thd2 && !z$r_buff1_thd2 ? z$w_buff1_used : (z$w_buff0_used && z$r_buff0_thd2 ? FALSE : FALSE));
                                                                                                                              ^
                                                                                                              (                                 )
mix002_tso.opt_false-unreach-call.c:219:89: warning: '&&' within '||' [-Wlogical-op-parentheses]
  z$r_buff0_thd2 = weak$$choice2 ? z$r_buff0_thd2 : (!z$w_buff0_used || !z$r_buff0_thd2 && !z$w_buff1_used || !z$r_buff0_thd2 && !z$r_buff1_thd2 ? z$r_buff0_thd2 : (z$w_buff0_used && z$r_buff0_thd2 ? FALSE : z$r_buff0_thd2));
                                                                     ~~ ~~~~~~~~~~~~~~~~^~~~~~~~~~~~~~~~~~
mix002_tso.opt_false-unreach-call.c:219:89: note: place parentheses around the '&&' expression to silence this warning
  z$r_buff0_thd2 = weak$$choice2 ? z$r_buff0_thd2 : (!z$w_buff0_used || !z$r_buff0_thd2 && !z$w_buff1_used || !z$r_buff0_thd2 && !z$r_buff1_thd2 ? z$r_buff0_thd2 : (z$w_buff0_used && z$r_buff0_thd2 ? FALSE : z$r_buff0_thd2));
                                                                                        ^
                                                                        (                                 )
mix002_tso.opt_false-unreach-call.c:219:127: warning: '&&' within '||' [-Wlogical-op-parentheses]
  z$r_buff0_thd2 = weak$$choice2 ? z$r_buff0_thd2 : (!z$w_buff0_used || !z$r_buff0_thd2 && !z$w_buff1_used || !z$r_buff0_thd2 && !z$r_buff1_thd2 ? z$r_buff0_thd2 : (z$w_buff0_used && z$r_buff0_thd2 ? FALSE : z$r_buff0_thd2));
                                                                                                           ~~ ~~~~~~~~~~~~~~~~^~~~~~~~~~~~~~~~~~
mix002_tso.opt_false-unreach-call.c:219:127: note: place parentheses around the '&&' expression to silence this warning
  z$r_buff0_thd2 = weak$$choice2 ? z$r_buff0_thd2 : (!z$w_buff0_used || !z$r_buff0_thd2 && !z$w_buff1_used || !z$r_buff0_thd2 && !z$r_buff1_thd2 ? z$r_buff0_thd2 : (z$w_buff0_used && z$r_buff0_thd2 ? FALSE : z$r_buff0_thd2));
                                                                                                                              ^
                                                                                                              (                                 )
mix002_tso.opt_false-unreach-call.c:220:89: warning: '&&' within '||' [-Wlogical-op-parentheses]
  z$r_buff1_thd2 = weak$$choice2 ? z$r_buff1_thd2 : (!z$w_buff0_used || !z$r_buff0_thd2 && !z$w_buff1_used || !z$r_buff0_thd2 && !z$r_buff1_thd2 ? z$r_buff1_thd2 : (z$w_buff0_used && z$r_buff0_thd2 ? FALSE : FALSE));
                                                                     ~~ ~~~~~~~~~~~~~~~~^~~~~~~~~~~~~~~~~~
mix002_tso.opt_false-unreach-call.c:220:89: note: place parentheses around the '&&' expression to silence this warning
  z$r_buff1_thd2 = weak$$choice2 ? z$r_buff1_thd2 : (!z$w_buff0_used || !z$r_buff0_thd2 && !z$w_buff1_used || !z$r_buff0_thd2 && !z$r_buff1_thd2 ? z$r_buff1_thd2 : (z$w_buff0_used && z$r_buff0_thd2 ? FALSE : FALSE));
                                                                                        ^
                                                                        (                                 )
mix002_tso.opt_false-unreach-call.c:220:127: warning: '&&' within '||' [-Wlogical-op-parentheses]
  z$r_buff1_thd2 = weak$$choice2 ? z$r_buff1_thd2 : (!z$w_buff0_used || !z$r_buff0_thd2 && !z$w_buff1_used || !z$r_buff0_thd2 && !z$r_buff1_thd2 ? z$r_buff1_thd2 : (z$w_buff0_used && z$r_buff0_thd2 ? FALSE : FALSE));
                                                                                                           ~~ ~~~~~~~~~~~~~~~~^~~~~~~~~~~~~~~~~~
mix002_tso.opt_false-unreach-call.c:220:127: note: place parentheses around the '&&' expression to silence this warning
  z$r_buff1_thd2 = weak$$choice2 ? z$r_buff1_thd2 : (!z$w_buff0_used || !z$r_buff0_thd2 && !z$w_buff1_used || !z$r_buff0_thd2 && !z$r_buff1_thd2 ? z$r_buff1_thd2 : (z$w_buff0_used && z$r_buff0_thd2 ? FALSE : FALSE));
                                                                                                                              ^
                                                                                                              (                                 )
mix002_tso.opt_false-unreach-call.c:230:10: warning: incompatible integer to pointer conversion returning 'int' from a function with result type 'void *' [-Wint-conversion]
  return nondet_0();
         ^~~~~~~~~~
mix002_tso.opt_false-unreach-call.c:254:42: warning: '&&' within '||' [-Wlogical-op-parentheses]
  z = !z$w_buff0_used || !z$r_buff0_thd3 && !z$w_buff1_used || !z$r_buff0_thd3 && !z$r_buff1_thd3 ? z : (z$w_buff0_used && z$r_buff0_thd3 ? z$w_buff0 : z$w_buff1);
                      ~~ ~~~~~~~~~~~~~~~~^~~~~~~~~~~~~~~~~~
mix002_tso.opt_false-unreach-call.c:254:42: note: place parentheses around the '&&' expression to silence this warning
  z = !z$w_buff0_used || !z$r_buff0_thd3 && !z$w_buff1_used || !z$r_buff0_thd3 && !z$r_buff1_thd3 ? z : (z$w_buff0_used && z$r_buff0_thd3 ? z$w_buff0 : z$w_buff1);
                                         ^
                         (                                 )
mix002_tso.opt_false-unreach-call.c:254:80: warning: '&&' within '||' [-Wlogical-op-parentheses]
  z = !z$w_buff0_used || !z$r_buff0_thd3 && !z$w_buff1_used || !z$r_buff0_thd3 && !z$r_buff1_thd3 ? z : (z$w_buff0_used && z$r_buff0_thd3 ? z$w_buff0 : z$w_buff1);
                                                            ~~ ~~~~~~~~~~~~~~~~^~~~~~~~~~~~~~~~~~
mix002_tso.opt_false-unreach-call.c:254:80: note: place parentheses around the '&&' expression to silence this warning
  z = !z$w_buff0_used || !z$r_buff0_thd3 && !z$w_buff1_used || !z$r_buff0_thd3 && !z$r_buff1_thd3 ? z : (z$w_buff0_used && z$r_buff0_thd3 ? z$w_buff0 : z$w_buff1);
                                                                               ^
                                                               (                                 )
mix002_tso.opt_false-unreach-call.c:255:79: warning: '&&' within '||' [-Wlogical-op-parentheses]
  z$w_buff0 = weak$$choice2 ? z$w_buff0 : (!z$w_buff0_used || !z$r_buff0_thd3 && !z$w_buff1_used || !z$r_buff0_thd3 && !z$r_buff1_thd3 ? z$w_buff0 : (z$w_buff0_used && z$r_buff0_thd3 ? z$w_buff0 : z$w_buff0));
                                                           ~~ ~~~~~~~~~~~~~~~~^~~~~~~~~~~~~~~~~~
mix002_tso.opt_false-unreach-call.c:255:79: note: place parentheses around the '&&' expression to silence this warning
  z$w_buff0 = weak$$choice2 ? z$w_buff0 : (!z$w_buff0_used || !z$r_buff0_thd3 && !z$w_buff1_used || !z$r_buff0_thd3 && !z$r_buff1_thd3 ? z$w_buff0 : (z$w_buff0_used && z$r_buff0_thd3 ? z$w_buff0 : z$w_buff0));
                                                                              ^
                                                              (                                 )
mix002_tso.opt_false-unreach-call.c:255:117: warning: '&&' within '||' [-Wlogical-op-parentheses]
  z$w_buff0 = weak$$choice2 ? z$w_buff0 : (!z$w_buff0_used || !z$r_buff0_thd3 && !z$w_buff1_used || !z$r_buff0_thd3 && !z$r_buff1_thd3 ? z$w_buff0 : (z$w_buff0_used && z$r_buff0_thd3 ? z$w_buff0 : z$w_buff0));
                                                                                                 ~~ ~~~~~~~~~~~~~~~~^~~~~~~~~~~~~~~~~~
mix002_tso.opt_false-unreach-call.c:255:117: note: place parentheses around the '&&' expression to silence this warning
  z$w_buff0 = weak$$choice2 ? z$w_buff0 : (!z$w_buff0_used || !z$r_buff0_thd3 && !z$w_buff1_used || !z$r_buff0_thd3 && !z$r_buff1_thd3 ? z$w_buff0 : (z$w_buff0_used && z$r_buff0_thd3 ? z$w_buff0 : z$w_buff0));
                                                                                                                    ^
                                                                                                    (                                 )
mix002_tso.opt_false-unreach-call.c:256:79: warning: '&&' within '||' [-Wlogical-op-parentheses]
  z$w_buff1 = weak$$choice2 ? z$w_buff1 : (!z$w_buff0_used || !z$r_buff0_thd3 && !z$w_buff1_used || !z$r_buff0_thd3 && !z$r_buff1_thd3 ? z$w_buff1 : (z$w_buff0_used && z$r_buff0_thd3 ? z$w_buff1 : z$w_buff1));
                                                           ~~ ~~~~~~~~~~~~~~~~^~~~~~~~~~~~~~~~~~
mix002_tso.opt_false-unreach-call.c:256:79: note: place parentheses around the '&&' expression to silence this warning
  z$w_buff1 = weak$$choice2 ? z$w_buff1 : (!z$w_buff0_used || !z$r_buff0_thd3 && !z$w_buff1_used || !z$r_buff0_thd3 && !z$r_buff1_thd3 ? z$w_buff1 : (z$w_buff0_used && z$r_buff0_thd3 ? z$w_buff1 : z$w_buff1));
                                                                              ^
                                                              (                                 )
mix002_tso.opt_false-unreach-call.c:256:117: warning: '&&' within '||' [-Wlogical-op-parentheses]
  z$w_buff1 = weak$$choice2 ? z$w_buff1 : (!z$w_buff0_used || !z$r_buff0_thd3 && !z$w_buff1_used || !z$r_buff0_thd3 && !z$r_buff1_thd3 ? z$w_buff1 : (z$w_buff0_used && z$r_buff0_thd3 ? z$w_buff1 : z$w_buff1));
                                                                                                 ~~ ~~~~~~~~~~~~~~~~^~~~~~~~~~~~~~~~~~
mix002_tso.opt_false-unreach-call.c:256:117: note: place parentheses around the '&&' expression to silence this warning
  z$w_buff1 = weak$$choice2 ? z$w_buff1 : (!z$w_buff0_used || !z$r_buff0_thd3 && !z$w_buff1_used || !z$r_buff0_thd3 && !z$r_buff1_thd3 ? z$w_buff1 : (z$w_buff0_used && z$r_buff0_thd3 ? z$w_buff1 : z$w_buff1));
                                                                                                                    ^
                                                                                                    (                                 )
mix002_tso.opt_false-unreach-call.c:257:89: warning: '&&' within '||' [-Wlogical-op-parentheses]
  z$w_buff0_used = weak$$choice2 ? z$w_buff0_used : (!z$w_buff0_used || !z$r_buff0_thd3 && !z$w_buff1_used || !z$r_buff0_thd3 && !z$r_buff1_thd3 ? z$w_buff0_used : (z$w_buff0_used && z$r_buff0_thd3 ? FALSE : z$w_buff0_used));
                                                                     ~~ ~~~~~~~~~~~~~~~~^~~~~~~~~~~~~~~~~~
mix002_tso.opt_false-unreach-call.c:257:89: note: place parentheses around the '&&' expression to silence this warning
  z$w_buff0_used = weak$$choice2 ? z$w_buff0_used : (!z$w_buff0_used || !z$r_buff0_thd3 && !z$w_buff1_used || !z$r_buff0_thd3 && !z$r_buff1_thd3 ? z$w_buff0_used : (z$w_buff0_used && z$r_buff0_thd3 ? FALSE : z$w_buff0_used));
                                                                                        ^
                                                                        (                                 )
mix002_tso.opt_false-unreach-call.c:257:127: warning: '&&' within '||' [-Wlogical-op-parentheses]
  z$w_buff0_used = weak$$choice2 ? z$w_buff0_used : (!z$w_buff0_used || !z$r_buff0_thd3 && !z$w_buff1_used || !z$r_buff0_thd3 && !z$r_buff1_thd3 ? z$w_buff0_used : (z$w_buff0_used && z$r_buff0_thd3 ? FALSE : z$w_buff0_used));
                                                                                                           ~~ ~~~~~~~~~~~~~~~~^~~~~~~~~~~~~~~~~~
mix002_tso.opt_false-unreach-call.c:257:127: note: place parentheses around the '&&' expression to silence this warning
  z$w_buff0_used = weak$$choice2 ? z$w_buff0_used : (!z$w_buff0_used || !z$r_buff0_thd3 && !z$w_buff1_used || !z$r_buff0_thd3 && !z$r_buff1_thd3 ? z$w_buff0_used : (z$w_buff0_used && z$r_buff0_thd3 ? FALSE : z$w_buff0_used));
                                                                                                                              ^
                                                                                                              (                                 )
mix002_tso.opt_false-unreach-call.c:258:89: warning: '&&' within '||' [-Wlogical-op-parentheses]
  z$w_buff1_used = weak$$choice2 ? z$w_buff1_used : (!z$w_buff0_used || !z$r_buff0_thd3 && !z$w_buff1_used || !z$r_buff0_thd3 && !z$r_buff1_thd3 ? z$w_buff1_used : (z$w_buff0_used && z$r_buff0_thd3 ? FALSE : FALSE));
                                                                     ~~ ~~~~~~~~~~~~~~~~^~~~~~~~~~~~~~~~~~
mix002_tso.opt_false-unreach-call.c:258:89: note: place parentheses around the '&&' expression to silence this warning
  z$w_buff1_used = weak$$choice2 ? z$w_buff1_used : (!z$w_buff0_used || !z$r_buff0_thd3 && !z$w_buff1_used || !z$r_buff0_thd3 && !z$r_buff1_thd3 ? z$w_buff1_used : (z$w_buff0_used && z$r_buff0_thd3 ? FALSE : FALSE));
                                                                                        ^
                                                                        (                                 )
mix002_tso.opt_false-unreach-call.c:258:127: warning: '&&' within '||' [-Wlogical-op-parentheses]
  z$w_buff1_used = weak$$choice2 ? z$w_buff1_used : (!z$w_buff0_used || !z$r_buff0_thd3 && !z$w_buff1_used || !z$r_buff0_thd3 && !z$r_buff1_thd3 ? z$w_buff1_used : (z$w_buff0_used && z$r_buff0_thd3 ? FALSE : FALSE));
                                                                                                           ~~ ~~~~~~~~~~~~~~~~^~~~~~~~~~~~~~~~~~
mix002_tso.opt_false-unreach-call.c:258:127: note: place parentheses around the '&&' expression to silence this warning
  z$w_buff1_used = weak$$choice2 ? z$w_buff1_used : (!z$w_buff0_used || !z$r_buff0_thd3 && !z$w_buff1_used || !z$r_buff0_thd3 && !z$r_buff1_thd3 ? z$w_buff1_used : (z$w_buff0_used && z$r_buff0_thd3 ? FALSE : FALSE));
                                                                                                                              ^
                                                                                                              (                                 )
mix002_tso.opt_false-unreach-call.c:259:89: warning: '&&' within '||' [-Wlogical-op-parentheses]
  z$r_buff0_thd3 = weak$$choice2 ? z$r_buff0_thd3 : (!z$w_buff0_used || !z$r_buff0_thd3 && !z$w_buff1_used || !z$r_buff0_thd3 && !z$r_buff1_thd3 ? z$r_buff0_thd3 : (z$w_buff0_used && z$r_buff0_thd3 ? FALSE : z$r_buff0_thd3));
                                                                     ~~ ~~~~~~~~~~~~~~~~^~~~~~~~~~~~~~~~~~
mix002_tso.opt_false-unreach-call.c:259:89: note: place parentheses around the '&&' expression to silence this warning
  z$r_buff0_thd3 = weak$$choice2 ? z$r_buff0_thd3 : (!z$w_buff0_used || !z$r_buff0_thd3 && !z$w_buff1_used || !z$r_buff0_thd3 && !z$r_buff1_thd3 ? z$r_buff0_thd3 : (z$w_buff0_used && z$r_buff0_thd3 ? FALSE : z$r_buff0_thd3));
                                                                                        ^
                                                                        (                                 )
mix002_tso.opt_false-unreach-call.c:259:127: warning: '&&' within '||' [-Wlogical-op-parentheses]
  z$r_buff0_thd3 = weak$$choice2 ? z$r_buff0_thd3 : (!z$w_buff0_used || !z$r_buff0_thd3 && !z$w_buff1_used || !z$r_buff0_thd3 && !z$r_buff1_thd3 ? z$r_buff0_thd3 : (z$w_buff0_used && z$r_buff0_thd3 ? FALSE : z$r_buff0_thd3));
                                                                                                           ~~ ~~~~~~~~~~~~~~~~^~~~~~~~~~~~~~~~~~
mix002_tso.opt_false-unreach-call.c:259:127: note: place parentheses around the '&&' expression to silence this warning
  z$r_buff0_thd3 = weak$$choice2 ? z$r_buff0_thd3 : (!z$w_buff0_used || !z$r_buff0_thd3 && !z$w_buff1_used || !z$r_buff0_thd3 && !z$r_buff1_thd3 ? z$r_buff0_thd3 : (z$w_buff0_used && z$r_buff0_thd3 ? FALSE : z$r_buff0_thd3));
                                                                                                                              ^
                                                                                                              (                                 )
mix002_tso.opt_false-unreach-call.c:260:89: warning: '&&' within '||' [-Wlogical-op-parentheses]
  z$r_buff1_thd3 = weak$$choice2 ? z$r_buff1_thd3 : (!z$w_buff0_used || !z$r_buff0_thd3 && !z$w_buff1_used || !z$r_buff0_thd3 && !z$r_buff1_thd3 ? z$r_buff1_thd3 : (z$w_buff0_used && z$r_buff0_thd3 ? FALSE : FALSE));
                                                                     ~~ ~~~~~~~~~~~~~~~~^~~~~~~~~~~~~~~~~~
mix002_tso.opt_false-unreach-call.c:260:89: note: place parentheses around the '&&' expression to silence this warning
  z$r_buff1_thd3 = weak$$choice2 ? z$r_buff1_thd3 : (!z$w_buff0_used || !z$r_buff0_thd3 && !z$w_buff1_used || !z$r_buff0_thd3 && !z$r_buff1_thd3 ? z$r_buff1_thd3 : (z$w_buff0_used && z$r_buff0_thd3 ? FALSE : FALSE));
                                                                                        ^
                                                                        (                                 )
mix002_tso.opt_false-unreach-call.c:260:127: warning: '&&' within '||' [-Wlogical-op-parentheses]
  z$r_buff1_thd3 = weak$$choice2 ? z$r_buff1_thd3 : (!z$w_buff0_used || !z$r_buff0_thd3 && !z$w_buff1_used || !z$r_buff0_thd3 && !z$r_buff1_thd3 ? z$r_buff1_thd3 : (z$w_buff0_used && z$r_buff0_thd3 ? FALSE : FALSE));
                                                                                                           ~~ ~~~~~~~~~~~~~~~~^~~~~~~~~~~~~~~~~~
mix002_tso.opt_false-unreach-call.c:260:127: note: place parentheses around the '&&' expression to silence this warning
  z$r_buff1_thd3 = weak$$choice2 ? z$r_buff1_thd3 : (!z$w_buff0_used || !z$r_buff0_thd3 && !z$w_buff1_used || !z$r_buff0_thd3 && !z$r_buff1_thd3 ? z$r_buff1_thd3 : (z$w_buff0_used && z$r_buff0_thd3 ? FALSE : FALSE));
                                                                                                                              ^
                                                                                                              (                                 )
mix002_tso.opt_false-unreach-call.c:271:35: warning: '&&' within '||' [-Wlogical-op-parentheses]
  z$w_buff1_used = z$w_buff0_used && z$r_buff0_thd3 || z$w_buff1_used && z$r_buff1_thd3 ? FALSE : z$w_buff1_used;
                   ~~~~~~~~~~~~~~~^~~~~~~~~~~~~~~~~ ~~
mix002_tso.opt_false-unreach-call.c:271:35: note: place parentheses around the '&&' expression to silence this warning
  z$w_buff1_used = z$w_buff0_used && z$r_buff0_thd3 || z$w_buff1_used && z$r_buff1_thd3 ? FALSE : z$w_buff1_used;
                                  ^
                   (                               )
mix002_tso.opt_false-unreach-call.c:271:71: warning: '&&' within '||' [-Wlogical-op-parentheses]
  z$w_buff1_used = z$w_buff0_used && z$r_buff0_thd3 || z$w_buff1_used && z$r_buff1_thd3 ? FALSE : z$w_buff1_used;
                                                    ~~ ~~~~~~~~~~~~~~~^~~~~~~~~~~~~~~~~
mix002_tso.opt_false-unreach-call.c:271:71: note: place parentheses around the '&&' expression to silence this warning
  z$w_buff1_used = z$w_buff0_used && z$r_buff0_thd3 || z$w_buff1_used && z$r_buff1_thd3 ? FALSE : z$w_buff1_used;
                                                                      ^
                                                       (                               )
mix002_tso.opt_false-unreach-call.c:273:35: warning: '&&' within '||' [-Wlogical-op-parentheses]
  z$r_buff1_thd3 = z$w_buff0_used && z$r_buff0_thd3 || z$w_buff1_used && z$r_buff1_thd3 ? FALSE : z$r_buff1_thd3;
                   ~~~~~~~~~~~~~~~^~~~~~~~~~~~~~~~~ ~~
mix002_tso.opt_false-unreach-call.c:273:35: note: place parentheses around the '&&' expression to silence this warning
  z$r_buff1_thd3 = z$w_buff0_used && z$r_buff0_thd3 || z$w_buff1_used && z$r_buff1_thd3 ? FALSE : z$r_buff1_thd3;
                                  ^
                   (                               )
mix002_tso.opt_false-unreach-call.c:273:71: warning: '&&' within '||' [-Wlogical-op-parentheses]
  z$r_buff1_thd3 = z$w_buff0_used && z$r_buff0_thd3 || z$w_buff1_used && z$r_buff1_thd3 ? FALSE : z$r_buff1_thd3;
                                                    ~~ ~~~~~~~~~~~~~~~^~~~~~~~~~~~~~~~~
mix002_tso.opt_false-unreach-call.c:273:71: note: place parentheses around the '&&' expression to silence this warning
  z$r_buff1_thd3 = z$w_buff0_used && z$r_buff0_thd3 || z$w_buff1_used && z$r_buff1_thd3 ? FALSE : z$r_buff1_thd3;
                                                                      ^
                                                       (                               )
mix002_tso.opt_false-unreach-call.c:278:10: warning: incompatible integer to pointer conversion returning 'int' from a function with result type 'void *' [-Wint-conversion]
  return nondet_0();
         ^~~~~~~~~~
mix002_tso.opt_false-unreach-call.c:306:38: warning: null passed to a callee which requires a non-null argument [-Wnonnull]
  pthread_create(NULL, NULL, P0, NULL);
                 ~~~~                ^
mix002_tso.opt_false-unreach-call.c:307:38: warning: null passed to a callee which requires a non-null argument [-Wnonnull]
  pthread_create(NULL, NULL, P1, NULL);
                 ~~~~                ^
mix002_tso.opt_false-unreach-call.c:308:38: warning: null passed to a callee which requires a non-null argument [-Wnonnull]
  pthread_create(NULL, NULL, P2, NULL);
                 ~~~~                ^
mix002_tso.opt_false-unreach-call.c:316:35: warning: '&&' within '||' [-Wlogical-op-parentheses]
  z$w_buff1_used = z$w_buff0_used && z$r_buff0_thd0 || z$w_buff1_used && z$r_buff1_thd0 ? FALSE : z$w_buff1_used;
                   ~~~~~~~~~~~~~~~^~~~~~~~~~~~~~~~~ ~~
mix002_tso.opt_false-unreach-call.c:316:35: note: place parentheses around the '&&' expression to silence this warning
  z$w_buff1_used = z$w_buff0_used && z$r_buff0_thd0 || z$w_buff1_used && z$r_buff1_thd0 ? FALSE : z$w_buff1_used;
                                  ^
                   (                               )
mix002_tso.opt_false-unreach-call.c:316:71: warning: '&&' within '||' [-Wlogical-op-parentheses]
  z$w_buff1_used = z$w_buff0_used && z$r_buff0_thd0 || z$w_buff1_used && z$r_buff1_thd0 ? FALSE : z$w_buff1_used;
                                                    ~~ ~~~~~~~~~~~~~~~^~~~~~~~~~~~~~~~~
mix002_tso.opt_false-unreach-call.c:316:71: note: place parentheses around the '&&' expression to silence this warning
  z$w_buff1_used = z$w_buff0_used && z$r_buff0_thd0 || z$w_buff1_used && z$r_buff1_thd0 ? FALSE : z$w_buff1_used;
                                                                      ^
                                                       (                               )
mix002_tso.opt_false-unreach-call.c:318:35: warning: '&&' within '||' [-Wlogical-op-parentheses]
  z$r_buff1_thd0 = z$w_buff0_used && z$r_buff0_thd0 || z$w_buff1_used && z$r_buff1_thd0 ? FALSE : z$r_buff1_thd0;
                   ~~~~~~~~~~~~~~~^~~~~~~~~~~~~~~~~ ~~
mix002_tso.opt_false-unreach-call.c:318:35: note: place parentheses around the '&&' expression to silence this warning
  z$r_buff1_thd0 = z$w_buff0_used && z$r_buff0_thd0 || z$w_buff1_used && z$r_buff1_thd0 ? FALSE : z$r_buff1_thd0;
                                  ^
                   (                               )
mix002_tso.opt_false-unreach-call.c:318:71: warning: '&&' within '||' [-Wlogical-op-parentheses]
  z$r_buff1_thd0 = z$w_buff0_used && z$r_buff0_thd0 || z$w_buff1_used && z$r_buff1_thd0 ? FALSE : z$r_buff1_thd0;
                                                    ~~ ~~~~~~~~~~~~~~~^~~~~~~~~~~~~~~~~
mix002_tso.opt_false-unreach-call.c:318:71: note: place parentheses around the '&&' expression to silence this warning
  z$r_buff1_thd0 = z$w_buff0_used && z$r_buff0_thd0 || z$w_buff1_used && z$r_buff1_thd0 ? FALSE : z$r_buff1_thd0;
                                                                      ^
                                                       (                               )
45 warnings generated.
