mix030_pso.opt_false-unreach-call.c:4:34: warning: implicit declaration of function '__VERIFIER_assume' is invalid in C99 [-Wimplicit-function-declaration]
void __VERIFIER_atomic_begin() { __VERIFIER_assume(__global_lock==0); __global_lock=1; return; }
                                 ^
mix030_pso.opt_false-unreach-call.c:175:10: warning: implicit declaration of function 'nondet_0' is invalid in C99 [-Wimplicit-function-declaration]
  return nondet_0();
         ^
mix030_pso.opt_false-unreach-call.c:175:10: warning: incompatible integer to pointer conversion returning 'int' from a function with result type 'void *' [-Wint-conversion]
  return nondet_0();
         ^~~~~~~~~~
mix030_pso.opt_false-unreach-call.c:191:35: warning: '&&' within '||' [-Wlogical-op-parentheses]
  y$w_buff1_used = y$w_buff0_used && y$r_buff0_thd2 || y$w_buff1_used && y$r_buff1_thd2 ? FALSE : y$w_buff1_used;
                   ~~~~~~~~~~~~~~~^~~~~~~~~~~~~~~~~ ~~
mix030_pso.opt_false-unreach-call.c:191:35: note: place parentheses around the '&&' expression to silence this warning
  y$w_buff1_used = y$w_buff0_used && y$r_buff0_thd2 || y$w_buff1_used && y$r_buff1_thd2 ? FALSE : y$w_buff1_used;
                                  ^
                   (                               )
mix030_pso.opt_false-unreach-call.c:191:71: warning: '&&' within '||' [-Wlogical-op-parentheses]
  y$w_buff1_used = y$w_buff0_used && y$r_buff0_thd2 || y$w_buff1_used && y$r_buff1_thd2 ? FALSE : y$w_buff1_used;
                                                    ~~ ~~~~~~~~~~~~~~~^~~~~~~~~~~~~~~~~
mix030_pso.opt_false-unreach-call.c:191:71: note: place parentheses around the '&&' expression to silence this warning
  y$w_buff1_used = y$w_buff0_used && y$r_buff0_thd2 || y$w_buff1_used && y$r_buff1_thd2 ? FALSE : y$w_buff1_used;
                                                                      ^
                                                       (                               )
mix030_pso.opt_false-unreach-call.c:193:35: warning: '&&' within '||' [-Wlogical-op-parentheses]
  y$r_buff1_thd2 = y$w_buff0_used && y$r_buff0_thd2 || y$w_buff1_used && y$r_buff1_thd2 ? FALSE : y$r_buff1_thd2;
                   ~~~~~~~~~~~~~~~^~~~~~~~~~~~~~~~~ ~~
mix030_pso.opt_false-unreach-call.c:193:35: note: place parentheses around the '&&' expression to silence this warning
  y$r_buff1_thd2 = y$w_buff0_used && y$r_buff0_thd2 || y$w_buff1_used && y$r_buff1_thd2 ? FALSE : y$r_buff1_thd2;
                                  ^
                   (                               )
mix030_pso.opt_false-unreach-call.c:193:71: warning: '&&' within '||' [-Wlogical-op-parentheses]
  y$r_buff1_thd2 = y$w_buff0_used && y$r_buff0_thd2 || y$w_buff1_used && y$r_buff1_thd2 ? FALSE : y$r_buff1_thd2;
                                                    ~~ ~~~~~~~~~~~~~~~^~~~~~~~~~~~~~~~~
mix030_pso.opt_false-unreach-call.c:193:71: note: place parentheses around the '&&' expression to silence this warning
  y$r_buff1_thd2 = y$w_buff0_used && y$r_buff0_thd2 || y$w_buff1_used && y$r_buff1_thd2 ? FALSE : y$r_buff1_thd2;
                                                                      ^
                                                       (                               )
mix030_pso.opt_false-unreach-call.c:198:10: warning: incompatible integer to pointer conversion returning 'int' from a function with result type 'void *' [-Wint-conversion]
  return nondet_0();
         ^~~~~~~~~~
mix030_pso.opt_false-unreach-call.c:224:35: warning: '&&' within '||' [-Wlogical-op-parentheses]
  y$w_buff1_used = y$w_buff0_used && y$r_buff0_thd3 || y$w_buff1_used && y$r_buff1_thd3 ? FALSE : y$w_buff1_used;
                   ~~~~~~~~~~~~~~~^~~~~~~~~~~~~~~~~ ~~
mix030_pso.opt_false-unreach-call.c:224:35: note: place parentheses around the '&&' expression to silence this warning
  y$w_buff1_used = y$w_buff0_used && y$r_buff0_thd3 || y$w_buff1_used && y$r_buff1_thd3 ? FALSE : y$w_buff1_used;
                                  ^
                   (                               )
mix030_pso.opt_false-unreach-call.c:224:71: warning: '&&' within '||' [-Wlogical-op-parentheses]
  y$w_buff1_used = y$w_buff0_used && y$r_buff0_thd3 || y$w_buff1_used && y$r_buff1_thd3 ? FALSE : y$w_buff1_used;
                                                    ~~ ~~~~~~~~~~~~~~~^~~~~~~~~~~~~~~~~
mix030_pso.opt_false-unreach-call.c:224:71: note: place parentheses around the '&&' expression to silence this warning
  y$w_buff1_used = y$w_buff0_used && y$r_buff0_thd3 || y$w_buff1_used && y$r_buff1_thd3 ? FALSE : y$w_buff1_used;
                                                                      ^
                                                       (                               )
mix030_pso.opt_false-unreach-call.c:226:35: warning: '&&' within '||' [-Wlogical-op-parentheses]
  y$r_buff1_thd3 = y$w_buff0_used && y$r_buff0_thd3 || y$w_buff1_used && y$r_buff1_thd3 ? FALSE : y$r_buff1_thd3;
                   ~~~~~~~~~~~~~~~^~~~~~~~~~~~~~~~~ ~~
mix030_pso.opt_false-unreach-call.c:226:35: note: place parentheses around the '&&' expression to silence this warning
  y$r_buff1_thd3 = y$w_buff0_used && y$r_buff0_thd3 || y$w_buff1_used && y$r_buff1_thd3 ? FALSE : y$r_buff1_thd3;
                                  ^
                   (                               )
mix030_pso.opt_false-unreach-call.c:226:71: warning: '&&' within '||' [-Wlogical-op-parentheses]
  y$r_buff1_thd3 = y$w_buff0_used && y$r_buff0_thd3 || y$w_buff1_used && y$r_buff1_thd3 ? FALSE : y$r_buff1_thd3;
                                                    ~~ ~~~~~~~~~~~~~~~^~~~~~~~~~~~~~~~~
mix030_pso.opt_false-unreach-call.c:226:71: note: place parentheses around the '&&' expression to silence this warning
  y$r_buff1_thd3 = y$w_buff0_used && y$r_buff0_thd3 || y$w_buff1_used && y$r_buff1_thd3 ? FALSE : y$r_buff1_thd3;
                                                                      ^
                                                       (                               )
mix030_pso.opt_false-unreach-call.c:231:10: warning: incompatible integer to pointer conversion returning 'int' from a function with result type 'void *' [-Wint-conversion]
  return nondet_0();
         ^~~~~~~~~~
mix030_pso.opt_false-unreach-call.c:250:35: warning: '&&' within '||' [-Wlogical-op-parentheses]
  y$w_buff1_used = y$w_buff0_used && y$r_buff0_thd4 || y$w_buff1_used && y$r_buff1_thd4 ? FALSE : y$w_buff1_used;
                   ~~~~~~~~~~~~~~~^~~~~~~~~~~~~~~~~ ~~
mix030_pso.opt_false-unreach-call.c:250:35: note: place parentheses around the '&&' expression to silence this warning
  y$w_buff1_used = y$w_buff0_used && y$r_buff0_thd4 || y$w_buff1_used && y$r_buff1_thd4 ? FALSE : y$w_buff1_used;
                                  ^
                   (                               )
mix030_pso.opt_false-unreach-call.c:250:71: warning: '&&' within '||' [-Wlogical-op-parentheses]
  y$w_buff1_used = y$w_buff0_used && y$r_buff0_thd4 || y$w_buff1_used && y$r_buff1_thd4 ? FALSE : y$w_buff1_used;
                                                    ~~ ~~~~~~~~~~~~~~~^~~~~~~~~~~~~~~~~
mix030_pso.opt_false-unreach-call.c:250:71: note: place parentheses around the '&&' expression to silence this warning
  y$w_buff1_used = y$w_buff0_used && y$r_buff0_thd4 || y$w_buff1_used && y$r_buff1_thd4 ? FALSE : y$w_buff1_used;
                                                                      ^
                                                       (                               )
mix030_pso.opt_false-unreach-call.c:252:35: warning: '&&' within '||' [-Wlogical-op-parentheses]
  y$r_buff1_thd4 = y$w_buff0_used && y$r_buff0_thd4 || y$w_buff1_used && y$r_buff1_thd4 ? FALSE : y$r_buff1_thd4;
                   ~~~~~~~~~~~~~~~^~~~~~~~~~~~~~~~~ ~~
mix030_pso.opt_false-unreach-call.c:252:35: note: place parentheses around the '&&' expression to silence this warning
  y$r_buff1_thd4 = y$w_buff0_used && y$r_buff0_thd4 || y$w_buff1_used && y$r_buff1_thd4 ? FALSE : y$r_buff1_thd4;
                                  ^
                   (                               )
mix030_pso.opt_false-unreach-call.c:252:71: warning: '&&' within '||' [-Wlogical-op-parentheses]
  y$r_buff1_thd4 = y$w_buff0_used && y$r_buff0_thd4 || y$w_buff1_used && y$r_buff1_thd4 ? FALSE : y$r_buff1_thd4;
                                                    ~~ ~~~~~~~~~~~~~~~^~~~~~~~~~~~~~~~~
mix030_pso.opt_false-unreach-call.c:252:71: note: place parentheses around the '&&' expression to silence this warning
  y$r_buff1_thd4 = y$w_buff0_used && y$r_buff0_thd4 || y$w_buff1_used && y$r_buff1_thd4 ? FALSE : y$r_buff1_thd4;
                                                                      ^
                                                       (                               )
mix030_pso.opt_false-unreach-call.c:257:10: warning: incompatible integer to pointer conversion returning 'int' from a function with result type 'void *' [-Wint-conversion]
  return nondet_0();
         ^~~~~~~~~~
mix030_pso.opt_false-unreach-call.c:285:38: warning: null passed to a callee which requires a non-null argument [-Wnonnull]
  pthread_create(NULL, NULL, P0, NULL);
                 ~~~~                ^
mix030_pso.opt_false-unreach-call.c:286:38: warning: null passed to a callee which requires a non-null argument [-Wnonnull]
  pthread_create(NULL, NULL, P1, NULL);
                 ~~~~                ^
mix030_pso.opt_false-unreach-call.c:287:38: warning: null passed to a callee which requires a non-null argument [-Wnonnull]
  pthread_create(NULL, NULL, P2, NULL);
                 ~~~~                ^
mix030_pso.opt_false-unreach-call.c:288:38: warning: null passed to a callee which requires a non-null argument [-Wnonnull]
  pthread_create(NULL, NULL, P3, NULL);
                 ~~~~                ^
mix030_pso.opt_false-unreach-call.c:296:35: warning: '&&' within '||' [-Wlogical-op-parentheses]
  y$w_buff1_used = y$w_buff0_used && y$r_buff0_thd0 || y$w_buff1_used && y$r_buff1_thd0 ? FALSE : y$w_buff1_used;
                   ~~~~~~~~~~~~~~~^~~~~~~~~~~~~~~~~ ~~
mix030_pso.opt_false-unreach-call.c:296:35: note: place parentheses around the '&&' expression to silence this warning
  y$w_buff1_used = y$w_buff0_used && y$r_buff0_thd0 || y$w_buff1_used && y$r_buff1_thd0 ? FALSE : y$w_buff1_used;
                                  ^
                   (                               )
mix030_pso.opt_false-unreach-call.c:296:71: warning: '&&' within '||' [-Wlogical-op-parentheses]
  y$w_buff1_used = y$w_buff0_used && y$r_buff0_thd0 || y$w_buff1_used && y$r_buff1_thd0 ? FALSE : y$w_buff1_used;
                                                    ~~ ~~~~~~~~~~~~~~~^~~~~~~~~~~~~~~~~
mix030_pso.opt_false-unreach-call.c:296:71: note: place parentheses around the '&&' expression to silence this warning
  y$w_buff1_used = y$w_buff0_used && y$r_buff0_thd0 || y$w_buff1_used && y$r_buff1_thd0 ? FALSE : y$w_buff1_used;
                                                                      ^
                                                       (                               )
mix030_pso.opt_false-unreach-call.c:298:35: warning: '&&' within '||' [-Wlogical-op-parentheses]
  y$r_buff1_thd0 = y$w_buff0_used && y$r_buff0_thd0 || y$w_buff1_used && y$r_buff1_thd0 ? FALSE : y$r_buff1_thd0;
                   ~~~~~~~~~~~~~~~^~~~~~~~~~~~~~~~~ ~~
mix030_pso.opt_false-unreach-call.c:298:35: note: place parentheses around the '&&' expression to silence this warning
  y$r_buff1_thd0 = y$w_buff0_used && y$r_buff0_thd0 || y$w_buff1_used && y$r_buff1_thd0 ? FALSE : y$r_buff1_thd0;
                                  ^
                   (                               )
mix030_pso.opt_false-unreach-call.c:298:71: warning: '&&' within '||' [-Wlogical-op-parentheses]
  y$r_buff1_thd0 = y$w_buff0_used && y$r_buff0_thd0 || y$w_buff1_used && y$r_buff1_thd0 ? FALSE : y$r_buff1_thd0;
                                                    ~~ ~~~~~~~~~~~~~~~^~~~~~~~~~~~~~~~~
mix030_pso.opt_false-unreach-call.c:298:71: note: place parentheses around the '&&' expression to silence this warning
  y$r_buff1_thd0 = y$w_buff0_used && y$r_buff0_thd0 || y$w_buff1_used && y$r_buff1_thd0 ? FALSE : y$r_buff1_thd0;
                                                                      ^
                                                       (                               )
mix030_pso.opt_false-unreach-call.c:302:19: warning: implicit declaration of function 'nondet_1' is invalid in C99 [-Wimplicit-function-declaration]
  weak$$choice0 = nondet_1();
                  ^
mix030_pso.opt_false-unreach-call.c:310:42: warning: '&&' within '||' [-Wlogical-op-parentheses]
  y = !y$w_buff0_used || !y$r_buff0_thd0 && !y$w_buff1_used || !y$r_buff0_thd0 && !y$r_buff1_thd0 ? y : (y$w_buff0_used && y$r_buff0_thd0 ? y$w_buff0 : y$w_buff1);
                      ~~ ~~~~~~~~~~~~~~~~^~~~~~~~~~~~~~~~~~
mix030_pso.opt_false-unreach-call.c:310:42: note: place parentheses around the '&&' expression to silence this warning
  y = !y$w_buff0_used || !y$r_buff0_thd0 && !y$w_buff1_used || !y$r_buff0_thd0 && !y$r_buff1_thd0 ? y : (y$w_buff0_used && y$r_buff0_thd0 ? y$w_buff0 : y$w_buff1);
                                         ^
                         (                                 )
mix030_pso.opt_false-unreach-call.c:310:80: warning: '&&' within '||' [-Wlogical-op-parentheses]
  y = !y$w_buff0_used || !y$r_buff0_thd0 && !y$w_buff1_used || !y$r_buff0_thd0 && !y$r_buff1_thd0 ? y : (y$w_buff0_used && y$r_buff0_thd0 ? y$w_buff0 : y$w_buff1);
                                                            ~~ ~~~~~~~~~~~~~~~~^~~~~~~~~~~~~~~~~~
mix030_pso.opt_false-unreach-call.c:310:80: note: place parentheses around the '&&' expression to silence this warning
  y = !y$w_buff0_used || !y$r_buff0_thd0 && !y$w_buff1_used || !y$r_buff0_thd0 && !y$r_buff1_thd0 ? y : (y$w_buff0_used && y$r_buff0_thd0 ? y$w_buff0 : y$w_buff1);
                                                                               ^
                                                               (                                 )
mix030_pso.opt_false-unreach-call.c:312:79: warning: '&&' within '||' [-Wlogical-op-parentheses]
  y$w_buff0 = weak$$choice2 ? y$w_buff0 : (!y$w_buff0_used || !y$r_buff0_thd0 && !y$w_buff1_used || !y$r_buff0_thd0 && !y$r_buff1_thd0 ? y$w_buff0 : (y$w_buff0_used && y$r_buff0_thd0 ? y$w_buff0 : y$w_buff0));
                                                           ~~ ~~~~~~~~~~~~~~~~^~~~~~~~~~~~~~~~~~
mix030_pso.opt_false-unreach-call.c:312:79: note: place parentheses around the '&&' expression to silence this warning
  y$w_buff0 = weak$$choice2 ? y$w_buff0 : (!y$w_buff0_used || !y$r_buff0_thd0 && !y$w_buff1_used || !y$r_buff0_thd0 && !y$r_buff1_thd0 ? y$w_buff0 : (y$w_buff0_used && y$r_buff0_thd0 ? y$w_buff0 : y$w_buff0));
                                                                              ^
                                                              (                                 )
mix030_pso.opt_false-unreach-call.c:312:117: warning: '&&' within '||' [-Wlogical-op-parentheses]
  y$w_buff0 = weak$$choice2 ? y$w_buff0 : (!y$w_buff0_used || !y$r_buff0_thd0 && !y$w_buff1_used || !y$r_buff0_thd0 && !y$r_buff1_thd0 ? y$w_buff0 : (y$w_buff0_used && y$r_buff0_thd0 ? y$w_buff0 : y$w_buff0));
                                                                                                 ~~ ~~~~~~~~~~~~~~~~^~~~~~~~~~~~~~~~~~
mix030_pso.opt_false-unreach-call.c:312:117: note: place parentheses around the '&&' expression to silence this warning
  y$w_buff0 = weak$$choice2 ? y$w_buff0 : (!y$w_buff0_used || !y$r_buff0_thd0 && !y$w_buff1_used || !y$r_buff0_thd0 && !y$r_buff1_thd0 ? y$w_buff0 : (y$w_buff0_used && y$r_buff0_thd0 ? y$w_buff0 : y$w_buff0));
                                                                                                                    ^
                                                                                                    (                                 )
mix030_pso.opt_false-unreach-call.c:314:79: warning: '&&' within '||' [-Wlogical-op-parentheses]
  y$w_buff1 = weak$$choice2 ? y$w_buff1 : (!y$w_buff0_used || !y$r_buff0_thd0 && !y$w_buff1_used || !y$r_buff0_thd0 && !y$r_buff1_thd0 ? y$w_buff1 : (y$w_buff0_used && y$r_buff0_thd0 ? y$w_buff1 : y$w_buff1));
                                                           ~~ ~~~~~~~~~~~~~~~~^~~~~~~~~~~~~~~~~~
mix030_pso.opt_false-unreach-call.c:314:79: note: place parentheses around the '&&' expression to silence this warning
  y$w_buff1 = weak$$choice2 ? y$w_buff1 : (!y$w_buff0_used || !y$r_buff0_thd0 && !y$w_buff1_used || !y$r_buff0_thd0 && !y$r_buff1_thd0 ? y$w_buff1 : (y$w_buff0_used && y$r_buff0_thd0 ? y$w_buff1 : y$w_buff1));
                                                                              ^
                                                              (                                 )
mix030_pso.opt_false-unreach-call.c:314:117: warning: '&&' within '||' [-Wlogical-op-parentheses]
  y$w_buff1 = weak$$choice2 ? y$w_buff1 : (!y$w_buff0_used || !y$r_buff0_thd0 && !y$w_buff1_used || !y$r_buff0_thd0 && !y$r_buff1_thd0 ? y$w_buff1 : (y$w_buff0_used && y$r_buff0_thd0 ? y$w_buff1 : y$w_buff1));
                                                                                                 ~~ ~~~~~~~~~~~~~~~~^~~~~~~~~~~~~~~~~~
mix030_pso.opt_false-unreach-call.c:314:117: note: place parentheses around the '&&' expression to silence this warning
  y$w_buff1 = weak$$choice2 ? y$w_buff1 : (!y$w_buff0_used || !y$r_buff0_thd0 && !y$w_buff1_used || !y$r_buff0_thd0 && !y$r_buff1_thd0 ? y$w_buff1 : (y$w_buff0_used && y$r_buff0_thd0 ? y$w_buff1 : y$w_buff1));
                                                                                                                    ^
                                                                                                    (                                 )
mix030_pso.opt_false-unreach-call.c:316:89: warning: '&&' within '||' [-Wlogical-op-parentheses]
  y$w_buff0_used = weak$$choice2 ? y$w_buff0_used : (!y$w_buff0_used || !y$r_buff0_thd0 && !y$w_buff1_used || !y$r_buff0_thd0 && !y$r_buff1_thd0 ? y$w_buff0_used : (y$w_buff0_used && y$r_buff0_thd0 ? FALSE : y$w_buff0_used));
                                                                     ~~ ~~~~~~~~~~~~~~~~^~~~~~~~~~~~~~~~~~
mix030_pso.opt_false-unreach-call.c:316:89: note: place parentheses around the '&&' expression to silence this warning
  y$w_buff0_used = weak$$choice2 ? y$w_buff0_used : (!y$w_buff0_used || !y$r_buff0_thd0 && !y$w_buff1_used || !y$r_buff0_thd0 && !y$r_buff1_thd0 ? y$w_buff0_used : (y$w_buff0_used && y$r_buff0_thd0 ? FALSE : y$w_buff0_used));
                                                                                        ^
                                                                        (                                 )
mix030_pso.opt_false-unreach-call.c:316:127: warning: '&&' within '||' [-Wlogical-op-parentheses]
  y$w_buff0_used = weak$$choice2 ? y$w_buff0_used : (!y$w_buff0_used || !y$r_buff0_thd0 && !y$w_buff1_used || !y$r_buff0_thd0 && !y$r_buff1_thd0 ? y$w_buff0_used : (y$w_buff0_used && y$r_buff0_thd0 ? FALSE : y$w_buff0_used));
                                                                                                           ~~ ~~~~~~~~~~~~~~~~^~~~~~~~~~~~~~~~~~
mix030_pso.opt_false-unreach-call.c:316:127: note: place parentheses around the '&&' expression to silence this warning
  y$w_buff0_used = weak$$choice2 ? y$w_buff0_used : (!y$w_buff0_used || !y$r_buff0_thd0 && !y$w_buff1_used || !y$r_buff0_thd0 && !y$r_buff1_thd0 ? y$w_buff0_used : (y$w_buff0_used && y$r_buff0_thd0 ? FALSE : y$w_buff0_used));
                                                                                                                              ^
                                                                                                              (                                 )
mix030_pso.opt_false-unreach-call.c:318:89: warning: '&&' within '||' [-Wlogical-op-parentheses]
  y$w_buff1_used = weak$$choice2 ? y$w_buff1_used : (!y$w_buff0_used || !y$r_buff0_thd0 && !y$w_buff1_used || !y$r_buff0_thd0 && !y$r_buff1_thd0 ? y$w_buff1_used : (y$w_buff0_used && y$r_buff0_thd0 ? FALSE : FALSE));
                                                                     ~~ ~~~~~~~~~~~~~~~~^~~~~~~~~~~~~~~~~~
mix030_pso.opt_false-unreach-call.c:318:89: note: place parentheses around the '&&' expression to silence this warning
  y$w_buff1_used = weak$$choice2 ? y$w_buff1_used : (!y$w_buff0_used || !y$r_buff0_thd0 && !y$w_buff1_used || !y$r_buff0_thd0 && !y$r_buff1_thd0 ? y$w_buff1_used : (y$w_buff0_used && y$r_buff0_thd0 ? FALSE : FALSE));
                                                                                        ^
                                                                        (                                 )
mix030_pso.opt_false-unreach-call.c:318:127: warning: '&&' within '||' [-Wlogical-op-parentheses]
  y$w_buff1_used = weak$$choice2 ? y$w_buff1_used : (!y$w_buff0_used || !y$r_buff0_thd0 && !y$w_buff1_used || !y$r_buff0_thd0 && !y$r_buff1_thd0 ? y$w_buff1_used : (y$w_buff0_used && y$r_buff0_thd0 ? FALSE : FALSE));
                                                                                                           ~~ ~~~~~~~~~~~~~~~~^~~~~~~~~~~~~~~~~~
mix030_pso.opt_false-unreach-call.c:318:127: note: place parentheses around the '&&' expression to silence this warning
  y$w_buff1_used = weak$$choice2 ? y$w_buff1_used : (!y$w_buff0_used || !y$r_buff0_thd0 && !y$w_buff1_used || !y$r_buff0_thd0 && !y$r_buff1_thd0 ? y$w_buff1_used : (y$w_buff0_used && y$r_buff0_thd0 ? FALSE : FALSE));
                                                                                                                              ^
                                                                                                              (                                 )
mix030_pso.opt_false-unreach-call.c:320:89: warning: '&&' within '||' [-Wlogical-op-parentheses]
  y$r_buff0_thd0 = weak$$choice2 ? y$r_buff0_thd0 : (!y$w_buff0_used || !y$r_buff0_thd0 && !y$w_buff1_used || !y$r_buff0_thd0 && !y$r_buff1_thd0 ? y$r_buff0_thd0 : (y$w_buff0_used && y$r_buff0_thd0 ? FALSE : y$r_buff0_thd0));
                                                                     ~~ ~~~~~~~~~~~~~~~~^~~~~~~~~~~~~~~~~~
mix030_pso.opt_false-unreach-call.c:320:89: note: place parentheses around the '&&' expression to silence this warning
  y$r_buff0_thd0 = weak$$choice2 ? y$r_buff0_thd0 : (!y$w_buff0_used || !y$r_buff0_thd0 && !y$w_buff1_used || !y$r_buff0_thd0 && !y$r_buff1_thd0 ? y$r_buff0_thd0 : (y$w_buff0_used && y$r_buff0_thd0 ? FALSE : y$r_buff0_thd0));
                                                                                        ^
                                                                        (                                 )
mix030_pso.opt_false-unreach-call.c:320:127: warning: '&&' within '||' [-Wlogical-op-parentheses]
  y$r_buff0_thd0 = weak$$choice2 ? y$r_buff0_thd0 : (!y$w_buff0_used || !y$r_buff0_thd0 && !y$w_buff1_used || !y$r_buff0_thd0 && !y$r_buff1_thd0 ? y$r_buff0_thd0 : (y$w_buff0_used && y$r_buff0_thd0 ? FALSE : y$r_buff0_thd0));
                                                                                                           ~~ ~~~~~~~~~~~~~~~~^~~~~~~~~~~~~~~~~~
mix030_pso.opt_false-unreach-call.c:320:127: note: place parentheses around the '&&' expression to silence this warning
  y$r_buff0_thd0 = weak$$choice2 ? y$r_buff0_thd0 : (!y$w_buff0_used || !y$r_buff0_thd0 && !y$w_buff1_used || !y$r_buff0_thd0 && !y$r_buff1_thd0 ? y$r_buff0_thd0 : (y$w_buff0_used && y$r_buff0_thd0 ? FALSE : y$r_buff0_thd0));
                                                                                                                              ^
                                                                                                              (                                 )
mix030_pso.opt_false-unreach-call.c:322:89: warning: '&&' within '||' [-Wlogical-op-parentheses]
  y$r_buff1_thd0 = weak$$choice2 ? y$r_buff1_thd0 : (!y$w_buff0_used || !y$r_buff0_thd0 && !y$w_buff1_used || !y$r_buff0_thd0 && !y$r_buff1_thd0 ? y$r_buff1_thd0 : (y$w_buff0_used && y$r_buff0_thd0 ? FALSE : FALSE));
                                                                     ~~ ~~~~~~~~~~~~~~~~^~~~~~~~~~~~~~~~~~
mix030_pso.opt_false-unreach-call.c:322:89: note: place parentheses around the '&&' expression to silence this warning
  y$r_buff1_thd0 = weak$$choice2 ? y$r_buff1_thd0 : (!y$w_buff0_used || !y$r_buff0_thd0 && !y$w_buff1_used || !y$r_buff0_thd0 && !y$r_buff1_thd0 ? y$r_buff1_thd0 : (y$w_buff0_used && y$r_buff0_thd0 ? FALSE : FALSE));
                                                                                        ^
                                                                        (                                 )
mix030_pso.opt_false-unreach-call.c:322:127: warning: '&&' within '||' [-Wlogical-op-parentheses]
  y$r_buff1_thd0 = weak$$choice2 ? y$r_buff1_thd0 : (!y$w_buff0_used || !y$r_buff0_thd0 && !y$w_buff1_used || !y$r_buff0_thd0 && !y$r_buff1_thd0 ? y$r_buff1_thd0 : (y$w_buff0_used && y$r_buff0_thd0 ? FALSE : FALSE));
                                                                                                           ~~ ~~~~~~~~~~~~~~~~^~~~~~~~~~~~~~~~~~
mix030_pso.opt_false-unreach-call.c:322:127: note: place parentheses around the '&&' expression to silence this warning
  y$r_buff1_thd0 = weak$$choice2 ? y$r_buff1_thd0 : (!y$w_buff0_used || !y$r_buff0_thd0 && !y$w_buff1_used || !y$r_buff0_thd0 && !y$r_buff1_thd0 ? y$r_buff1_thd0 : (y$w_buff0_used && y$r_buff0_thd0 ? FALSE : FALSE));
                                                                                                                              ^
                                                                                                              (                                 )
41 warnings generated.
