mix026_tso.opt_false-unreach-call.c:4:34: warning: implicit declaration of function '__VERIFIER_assume' is invalid in C99 [-Wimplicit-function-declaration]
void __VERIFIER_atomic_begin() { __VERIFIER_assume(__global_lock==0); __global_lock=1; return; }
                                 ^
mix026_tso.opt_false-unreach-call.c:180:19: warning: implicit declaration of function 'nondet_0' is invalid in C99 [-Wimplicit-function-declaration]
  weak$$choice0 = nondet_0();
                  ^
mix026_tso.opt_false-unreach-call.c:184:42: warning: '&&' within '||' [-Wlogical-op-parentheses]
  x = !x$w_buff0_used || !x$r_buff0_thd1 && !x$w_buff1_used || !x$r_buff0_thd1 && !x$r_buff1_thd1 ? x : (x$w_buff0_used && x$r_buff0_thd1 ? x$w_buff0 : x$w_buff1);
                      ~~ ~~~~~~~~~~~~~~~~^~~~~~~~~~~~~~~~~~
mix026_tso.opt_false-unreach-call.c:184:42: note: place parentheses around the '&&' expression to silence this warning
  x = !x$w_buff0_used || !x$r_buff0_thd1 && !x$w_buff1_used || !x$r_buff0_thd1 && !x$r_buff1_thd1 ? x : (x$w_buff0_used && x$r_buff0_thd1 ? x$w_buff0 : x$w_buff1);
                                         ^
                         (                                 )
mix026_tso.opt_false-unreach-call.c:184:80: warning: '&&' within '||' [-Wlogical-op-parentheses]
  x = !x$w_buff0_used || !x$r_buff0_thd1 && !x$w_buff1_used || !x$r_buff0_thd1 && !x$r_buff1_thd1 ? x : (x$w_buff0_used && x$r_buff0_thd1 ? x$w_buff0 : x$w_buff1);
                                                            ~~ ~~~~~~~~~~~~~~~~^~~~~~~~~~~~~~~~~~
mix026_tso.opt_false-unreach-call.c:184:80: note: place parentheses around the '&&' expression to silence this warning
  x = !x$w_buff0_used || !x$r_buff0_thd1 && !x$w_buff1_used || !x$r_buff0_thd1 && !x$r_buff1_thd1 ? x : (x$w_buff0_used && x$r_buff0_thd1 ? x$w_buff0 : x$w_buff1);
                                                                               ^
                                                               (                                 )
mix026_tso.opt_false-unreach-call.c:185:79: warning: '&&' within '||' [-Wlogical-op-parentheses]
  x$w_buff0 = weak$$choice2 ? x$w_buff0 : (!x$w_buff0_used || !x$r_buff0_thd1 && !x$w_buff1_used || !x$r_buff0_thd1 && !x$r_buff1_thd1 ? x$w_buff0 : (x$w_buff0_used && x$r_buff0_thd1 ? x$w_buff0 : x$w_buff0));
                                                           ~~ ~~~~~~~~~~~~~~~~^~~~~~~~~~~~~~~~~~
mix026_tso.opt_false-unreach-call.c:185:79: note: place parentheses around the '&&' expression to silence this warning
  x$w_buff0 = weak$$choice2 ? x$w_buff0 : (!x$w_buff0_used || !x$r_buff0_thd1 && !x$w_buff1_used || !x$r_buff0_thd1 && !x$r_buff1_thd1 ? x$w_buff0 : (x$w_buff0_used && x$r_buff0_thd1 ? x$w_buff0 : x$w_buff0));
                                                                              ^
                                                              (                                 )
mix026_tso.opt_false-unreach-call.c:185:117: warning: '&&' within '||' [-Wlogical-op-parentheses]
  x$w_buff0 = weak$$choice2 ? x$w_buff0 : (!x$w_buff0_used || !x$r_buff0_thd1 && !x$w_buff1_used || !x$r_buff0_thd1 && !x$r_buff1_thd1 ? x$w_buff0 : (x$w_buff0_used && x$r_buff0_thd1 ? x$w_buff0 : x$w_buff0));
                                                                                                 ~~ ~~~~~~~~~~~~~~~~^~~~~~~~~~~~~~~~~~
mix026_tso.opt_false-unreach-call.c:185:117: note: place parentheses around the '&&' expression to silence this warning
  x$w_buff0 = weak$$choice2 ? x$w_buff0 : (!x$w_buff0_used || !x$r_buff0_thd1 && !x$w_buff1_used || !x$r_buff0_thd1 && !x$r_buff1_thd1 ? x$w_buff0 : (x$w_buff0_used && x$r_buff0_thd1 ? x$w_buff0 : x$w_buff0));
                                                                                                                    ^
                                                                                                    (                                 )
mix026_tso.opt_false-unreach-call.c:186:79: warning: '&&' within '||' [-Wlogical-op-parentheses]
  x$w_buff1 = weak$$choice2 ? x$w_buff1 : (!x$w_buff0_used || !x$r_buff0_thd1 && !x$w_buff1_used || !x$r_buff0_thd1 && !x$r_buff1_thd1 ? x$w_buff1 : (x$w_buff0_used && x$r_buff0_thd1 ? x$w_buff1 : x$w_buff1));
                                                           ~~ ~~~~~~~~~~~~~~~~^~~~~~~~~~~~~~~~~~
mix026_tso.opt_false-unreach-call.c:186:79: note: place parentheses around the '&&' expression to silence this warning
  x$w_buff1 = weak$$choice2 ? x$w_buff1 : (!x$w_buff0_used || !x$r_buff0_thd1 && !x$w_buff1_used || !x$r_buff0_thd1 && !x$r_buff1_thd1 ? x$w_buff1 : (x$w_buff0_used && x$r_buff0_thd1 ? x$w_buff1 : x$w_buff1));
                                                                              ^
                                                              (                                 )
mix026_tso.opt_false-unreach-call.c:186:117: warning: '&&' within '||' [-Wlogical-op-parentheses]
  x$w_buff1 = weak$$choice2 ? x$w_buff1 : (!x$w_buff0_used || !x$r_buff0_thd1 && !x$w_buff1_used || !x$r_buff0_thd1 && !x$r_buff1_thd1 ? x$w_buff1 : (x$w_buff0_used && x$r_buff0_thd1 ? x$w_buff1 : x$w_buff1));
                                                                                                 ~~ ~~~~~~~~~~~~~~~~^~~~~~~~~~~~~~~~~~
mix026_tso.opt_false-unreach-call.c:186:117: note: place parentheses around the '&&' expression to silence this warning
  x$w_buff1 = weak$$choice2 ? x$w_buff1 : (!x$w_buff0_used || !x$r_buff0_thd1 && !x$w_buff1_used || !x$r_buff0_thd1 && !x$r_buff1_thd1 ? x$w_buff1 : (x$w_buff0_used && x$r_buff0_thd1 ? x$w_buff1 : x$w_buff1));
                                                                                                                    ^
                                                                                                    (                                 )
mix026_tso.opt_false-unreach-call.c:187:89: warning: '&&' within '||' [-Wlogical-op-parentheses]
  x$w_buff0_used = weak$$choice2 ? x$w_buff0_used : (!x$w_buff0_used || !x$r_buff0_thd1 && !x$w_buff1_used || !x$r_buff0_thd1 && !x$r_buff1_thd1 ? x$w_buff0_used : (x$w_buff0_used && x$r_buff0_thd1 ? FALSE : x$w_buff0_used));
                                                                     ~~ ~~~~~~~~~~~~~~~~^~~~~~~~~~~~~~~~~~
mix026_tso.opt_false-unreach-call.c:187:89: note: place parentheses around the '&&' expression to silence this warning
  x$w_buff0_used = weak$$choice2 ? x$w_buff0_used : (!x$w_buff0_used || !x$r_buff0_thd1 && !x$w_buff1_used || !x$r_buff0_thd1 && !x$r_buff1_thd1 ? x$w_buff0_used : (x$w_buff0_used && x$r_buff0_thd1 ? FALSE : x$w_buff0_used));
                                                                                        ^
                                                                        (                                 )
mix026_tso.opt_false-unreach-call.c:187:127: warning: '&&' within '||' [-Wlogical-op-parentheses]
  x$w_buff0_used = weak$$choice2 ? x$w_buff0_used : (!x$w_buff0_used || !x$r_buff0_thd1 && !x$w_buff1_used || !x$r_buff0_thd1 && !x$r_buff1_thd1 ? x$w_buff0_used : (x$w_buff0_used && x$r_buff0_thd1 ? FALSE : x$w_buff0_used));
                                                                                                           ~~ ~~~~~~~~~~~~~~~~^~~~~~~~~~~~~~~~~~
mix026_tso.opt_false-unreach-call.c:187:127: note: place parentheses around the '&&' expression to silence this warning
  x$w_buff0_used = weak$$choice2 ? x$w_buff0_used : (!x$w_buff0_used || !x$r_buff0_thd1 && !x$w_buff1_used || !x$r_buff0_thd1 && !x$r_buff1_thd1 ? x$w_buff0_used : (x$w_buff0_used && x$r_buff0_thd1 ? FALSE : x$w_buff0_used));
                                                                                                                              ^
                                                                                                              (                                 )
mix026_tso.opt_false-unreach-call.c:188:89: warning: '&&' within '||' [-Wlogical-op-parentheses]
  x$w_buff1_used = weak$$choice2 ? x$w_buff1_used : (!x$w_buff0_used || !x$r_buff0_thd1 && !x$w_buff1_used || !x$r_buff0_thd1 && !x$r_buff1_thd1 ? x$w_buff1_used : (x$w_buff0_used && x$r_buff0_thd1 ? FALSE : FALSE));
                                                                     ~~ ~~~~~~~~~~~~~~~~^~~~~~~~~~~~~~~~~~
mix026_tso.opt_false-unreach-call.c:188:89: note: place parentheses around the '&&' expression to silence this warning
  x$w_buff1_used = weak$$choice2 ? x$w_buff1_used : (!x$w_buff0_used || !x$r_buff0_thd1 && !x$w_buff1_used || !x$r_buff0_thd1 && !x$r_buff1_thd1 ? x$w_buff1_used : (x$w_buff0_used && x$r_buff0_thd1 ? FALSE : FALSE));
                                                                                        ^
                                                                        (                                 )
mix026_tso.opt_false-unreach-call.c:188:127: warning: '&&' within '||' [-Wlogical-op-parentheses]
  x$w_buff1_used = weak$$choice2 ? x$w_buff1_used : (!x$w_buff0_used || !x$r_buff0_thd1 && !x$w_buff1_used || !x$r_buff0_thd1 && !x$r_buff1_thd1 ? x$w_buff1_used : (x$w_buff0_used && x$r_buff0_thd1 ? FALSE : FALSE));
                                                                                                           ~~ ~~~~~~~~~~~~~~~~^~~~~~~~~~~~~~~~~~
mix026_tso.opt_false-unreach-call.c:188:127: note: place parentheses around the '&&' expression to silence this warning
  x$w_buff1_used = weak$$choice2 ? x$w_buff1_used : (!x$w_buff0_used || !x$r_buff0_thd1 && !x$w_buff1_used || !x$r_buff0_thd1 && !x$r_buff1_thd1 ? x$w_buff1_used : (x$w_buff0_used && x$r_buff0_thd1 ? FALSE : FALSE));
                                                                                                                              ^
                                                                                                              (                                 )
mix026_tso.opt_false-unreach-call.c:189:89: warning: '&&' within '||' [-Wlogical-op-parentheses]
  x$r_buff0_thd1 = weak$$choice2 ? x$r_buff0_thd1 : (!x$w_buff0_used || !x$r_buff0_thd1 && !x$w_buff1_used || !x$r_buff0_thd1 && !x$r_buff1_thd1 ? x$r_buff0_thd1 : (x$w_buff0_used && x$r_buff0_thd1 ? FALSE : x$r_buff0_thd1));
                                                                     ~~ ~~~~~~~~~~~~~~~~^~~~~~~~~~~~~~~~~~
mix026_tso.opt_false-unreach-call.c:189:89: note: place parentheses around the '&&' expression to silence this warning
  x$r_buff0_thd1 = weak$$choice2 ? x$r_buff0_thd1 : (!x$w_buff0_used || !x$r_buff0_thd1 && !x$w_buff1_used || !x$r_buff0_thd1 && !x$r_buff1_thd1 ? x$r_buff0_thd1 : (x$w_buff0_used && x$r_buff0_thd1 ? FALSE : x$r_buff0_thd1));
                                                                                        ^
                                                                        (                                 )
mix026_tso.opt_false-unreach-call.c:189:127: warning: '&&' within '||' [-Wlogical-op-parentheses]
  x$r_buff0_thd1 = weak$$choice2 ? x$r_buff0_thd1 : (!x$w_buff0_used || !x$r_buff0_thd1 && !x$w_buff1_used || !x$r_buff0_thd1 && !x$r_buff1_thd1 ? x$r_buff0_thd1 : (x$w_buff0_used && x$r_buff0_thd1 ? FALSE : x$r_buff0_thd1));
                                                                                                           ~~ ~~~~~~~~~~~~~~~~^~~~~~~~~~~~~~~~~~
mix026_tso.opt_false-unreach-call.c:189:127: note: place parentheses around the '&&' expression to silence this warning
  x$r_buff0_thd1 = weak$$choice2 ? x$r_buff0_thd1 : (!x$w_buff0_used || !x$r_buff0_thd1 && !x$w_buff1_used || !x$r_buff0_thd1 && !x$r_buff1_thd1 ? x$r_buff0_thd1 : (x$w_buff0_used && x$r_buff0_thd1 ? FALSE : x$r_buff0_thd1));
                                                                                                                              ^
                                                                                                              (                                 )
mix026_tso.opt_false-unreach-call.c:190:89: warning: '&&' within '||' [-Wlogical-op-parentheses]
  x$r_buff1_thd1 = weak$$choice2 ? x$r_buff1_thd1 : (!x$w_buff0_used || !x$r_buff0_thd1 && !x$w_buff1_used || !x$r_buff0_thd1 && !x$r_buff1_thd1 ? x$r_buff1_thd1 : (x$w_buff0_used && x$r_buff0_thd1 ? FALSE : FALSE));
                                                                     ~~ ~~~~~~~~~~~~~~~~^~~~~~~~~~~~~~~~~~
mix026_tso.opt_false-unreach-call.c:190:89: note: place parentheses around the '&&' expression to silence this warning
  x$r_buff1_thd1 = weak$$choice2 ? x$r_buff1_thd1 : (!x$w_buff0_used || !x$r_buff0_thd1 && !x$w_buff1_used || !x$r_buff0_thd1 && !x$r_buff1_thd1 ? x$r_buff1_thd1 : (x$w_buff0_used && x$r_buff0_thd1 ? FALSE : FALSE));
                                                                                        ^
                                                                        (                                 )
mix026_tso.opt_false-unreach-call.c:190:127: warning: '&&' within '||' [-Wlogical-op-parentheses]
  x$r_buff1_thd1 = weak$$choice2 ? x$r_buff1_thd1 : (!x$w_buff0_used || !x$r_buff0_thd1 && !x$w_buff1_used || !x$r_buff0_thd1 && !x$r_buff1_thd1 ? x$r_buff1_thd1 : (x$w_buff0_used && x$r_buff0_thd1 ? FALSE : FALSE));
                                                                                                           ~~ ~~~~~~~~~~~~~~~~^~~~~~~~~~~~~~~~~~
mix026_tso.opt_false-unreach-call.c:190:127: note: place parentheses around the '&&' expression to silence this warning
  x$r_buff1_thd1 = weak$$choice2 ? x$r_buff1_thd1 : (!x$w_buff0_used || !x$r_buff0_thd1 && !x$w_buff1_used || !x$r_buff0_thd1 && !x$r_buff1_thd1 ? x$r_buff1_thd1 : (x$w_buff0_used && x$r_buff0_thd1 ? FALSE : FALSE));
                                                                                                                              ^
                                                                                                              (                                 )
mix026_tso.opt_false-unreach-call.c:200:10: warning: implicit declaration of function 'nondet_1' is invalid in C99 [-Wimplicit-function-declaration]
  return nondet_1();
         ^
mix026_tso.opt_false-unreach-call.c:200:10: warning: incompatible integer to pointer conversion returning 'int' from a function with result type 'void *' [-Wint-conversion]
  return nondet_1();
         ^~~~~~~~~~
mix026_tso.opt_false-unreach-call.c:226:35: warning: '&&' within '||' [-Wlogical-op-parentheses]
  x$w_buff1_used = x$w_buff0_used && x$r_buff0_thd2 || x$w_buff1_used && x$r_buff1_thd2 ? FALSE : x$w_buff1_used;
                   ~~~~~~~~~~~~~~~^~~~~~~~~~~~~~~~~ ~~
mix026_tso.opt_false-unreach-call.c:226:35: note: place parentheses around the '&&' expression to silence this warning
  x$w_buff1_used = x$w_buff0_used && x$r_buff0_thd2 || x$w_buff1_used && x$r_buff1_thd2 ? FALSE : x$w_buff1_used;
                                  ^
                   (                               )
mix026_tso.opt_false-unreach-call.c:226:71: warning: '&&' within '||' [-Wlogical-op-parentheses]
  x$w_buff1_used = x$w_buff0_used && x$r_buff0_thd2 || x$w_buff1_used && x$r_buff1_thd2 ? FALSE : x$w_buff1_used;
                                                    ~~ ~~~~~~~~~~~~~~~^~~~~~~~~~~~~~~~~
mix026_tso.opt_false-unreach-call.c:226:71: note: place parentheses around the '&&' expression to silence this warning
  x$w_buff1_used = x$w_buff0_used && x$r_buff0_thd2 || x$w_buff1_used && x$r_buff1_thd2 ? FALSE : x$w_buff1_used;
                                                                      ^
                                                       (                               )
mix026_tso.opt_false-unreach-call.c:228:35: warning: '&&' within '||' [-Wlogical-op-parentheses]
  x$r_buff1_thd2 = x$w_buff0_used && x$r_buff0_thd2 || x$w_buff1_used && x$r_buff1_thd2 ? FALSE : x$r_buff1_thd2;
                   ~~~~~~~~~~~~~~~^~~~~~~~~~~~~~~~~ ~~
mix026_tso.opt_false-unreach-call.c:228:35: note: place parentheses around the '&&' expression to silence this warning
  x$r_buff1_thd2 = x$w_buff0_used && x$r_buff0_thd2 || x$w_buff1_used && x$r_buff1_thd2 ? FALSE : x$r_buff1_thd2;
                                  ^
                   (                               )
mix026_tso.opt_false-unreach-call.c:228:71: warning: '&&' within '||' [-Wlogical-op-parentheses]
  x$r_buff1_thd2 = x$w_buff0_used && x$r_buff0_thd2 || x$w_buff1_used && x$r_buff1_thd2 ? FALSE : x$r_buff1_thd2;
                                                    ~~ ~~~~~~~~~~~~~~~^~~~~~~~~~~~~~~~~
mix026_tso.opt_false-unreach-call.c:228:71: note: place parentheses around the '&&' expression to silence this warning
  x$r_buff1_thd2 = x$w_buff0_used && x$r_buff0_thd2 || x$w_buff1_used && x$r_buff1_thd2 ? FALSE : x$r_buff1_thd2;
                                                                      ^
                                                       (                               )
mix026_tso.opt_false-unreach-call.c:233:10: warning: incompatible integer to pointer conversion returning 'int' from a function with result type 'void *' [-Wint-conversion]
  return nondet_1();
         ^~~~~~~~~~
mix026_tso.opt_false-unreach-call.c:249:35: warning: '&&' within '||' [-Wlogical-op-parentheses]
  x$w_buff1_used = x$w_buff0_used && x$r_buff0_thd3 || x$w_buff1_used && x$r_buff1_thd3 ? FALSE : x$w_buff1_used;
                   ~~~~~~~~~~~~~~~^~~~~~~~~~~~~~~~~ ~~
mix026_tso.opt_false-unreach-call.c:249:35: note: place parentheses around the '&&' expression to silence this warning
  x$w_buff1_used = x$w_buff0_used && x$r_buff0_thd3 || x$w_buff1_used && x$r_buff1_thd3 ? FALSE : x$w_buff1_used;
                                  ^
                   (                               )
mix026_tso.opt_false-unreach-call.c:249:71: warning: '&&' within '||' [-Wlogical-op-parentheses]
  x$w_buff1_used = x$w_buff0_used && x$r_buff0_thd3 || x$w_buff1_used && x$r_buff1_thd3 ? FALSE : x$w_buff1_used;
                                                    ~~ ~~~~~~~~~~~~~~~^~~~~~~~~~~~~~~~~
mix026_tso.opt_false-unreach-call.c:249:71: note: place parentheses around the '&&' expression to silence this warning
  x$w_buff1_used = x$w_buff0_used && x$r_buff0_thd3 || x$w_buff1_used && x$r_buff1_thd3 ? FALSE : x$w_buff1_used;
                                                                      ^
                                                       (                               )
mix026_tso.opt_false-unreach-call.c:251:35: warning: '&&' within '||' [-Wlogical-op-parentheses]
  x$r_buff1_thd3 = x$w_buff0_used && x$r_buff0_thd3 || x$w_buff1_used && x$r_buff1_thd3 ? FALSE : x$r_buff1_thd3;
                   ~~~~~~~~~~~~~~~^~~~~~~~~~~~~~~~~ ~~
mix026_tso.opt_false-unreach-call.c:251:35: note: place parentheses around the '&&' expression to silence this warning
  x$r_buff1_thd3 = x$w_buff0_used && x$r_buff0_thd3 || x$w_buff1_used && x$r_buff1_thd3 ? FALSE : x$r_buff1_thd3;
                                  ^
                   (                               )
mix026_tso.opt_false-unreach-call.c:251:71: warning: '&&' within '||' [-Wlogical-op-parentheses]
  x$r_buff1_thd3 = x$w_buff0_used && x$r_buff0_thd3 || x$w_buff1_used && x$r_buff1_thd3 ? FALSE : x$r_buff1_thd3;
                                                    ~~ ~~~~~~~~~~~~~~~^~~~~~~~~~~~~~~~~
mix026_tso.opt_false-unreach-call.c:251:71: note: place parentheses around the '&&' expression to silence this warning
  x$r_buff1_thd3 = x$w_buff0_used && x$r_buff0_thd3 || x$w_buff1_used && x$r_buff1_thd3 ? FALSE : x$r_buff1_thd3;
                                                                      ^
                                                       (                               )
mix026_tso.opt_false-unreach-call.c:256:10: warning: incompatible integer to pointer conversion returning 'int' from a function with result type 'void *' [-Wint-conversion]
  return nondet_1();
         ^~~~~~~~~~
mix026_tso.opt_false-unreach-call.c:275:35: warning: '&&' within '||' [-Wlogical-op-parentheses]
  x$w_buff1_used = x$w_buff0_used && x$r_buff0_thd4 || x$w_buff1_used && x$r_buff1_thd4 ? FALSE : x$w_buff1_used;
                   ~~~~~~~~~~~~~~~^~~~~~~~~~~~~~~~~ ~~
mix026_tso.opt_false-unreach-call.c:275:35: note: place parentheses around the '&&' expression to silence this warning
  x$w_buff1_used = x$w_buff0_used && x$r_buff0_thd4 || x$w_buff1_used && x$r_buff1_thd4 ? FALSE : x$w_buff1_used;
                                  ^
                   (                               )
mix026_tso.opt_false-unreach-call.c:275:71: warning: '&&' within '||' [-Wlogical-op-parentheses]
  x$w_buff1_used = x$w_buff0_used && x$r_buff0_thd4 || x$w_buff1_used && x$r_buff1_thd4 ? FALSE : x$w_buff1_used;
                                                    ~~ ~~~~~~~~~~~~~~~^~~~~~~~~~~~~~~~~
mix026_tso.opt_false-unreach-call.c:275:71: note: place parentheses around the '&&' expression to silence this warning
  x$w_buff1_used = x$w_buff0_used && x$r_buff0_thd4 || x$w_buff1_used && x$r_buff1_thd4 ? FALSE : x$w_buff1_used;
                                                                      ^
                                                       (                               )
mix026_tso.opt_false-unreach-call.c:277:35: warning: '&&' within '||' [-Wlogical-op-parentheses]
  x$r_buff1_thd4 = x$w_buff0_used && x$r_buff0_thd4 || x$w_buff1_used && x$r_buff1_thd4 ? FALSE : x$r_buff1_thd4;
                   ~~~~~~~~~~~~~~~^~~~~~~~~~~~~~~~~ ~~
mix026_tso.opt_false-unreach-call.c:277:35: note: place parentheses around the '&&' expression to silence this warning
  x$r_buff1_thd4 = x$w_buff0_used && x$r_buff0_thd4 || x$w_buff1_used && x$r_buff1_thd4 ? FALSE : x$r_buff1_thd4;
                                  ^
                   (                               )
mix026_tso.opt_false-unreach-call.c:277:71: warning: '&&' within '||' [-Wlogical-op-parentheses]
  x$r_buff1_thd4 = x$w_buff0_used && x$r_buff0_thd4 || x$w_buff1_used && x$r_buff1_thd4 ? FALSE : x$r_buff1_thd4;
                                                    ~~ ~~~~~~~~~~~~~~~^~~~~~~~~~~~~~~~~
mix026_tso.opt_false-unreach-call.c:277:71: note: place parentheses around the '&&' expression to silence this warning
  x$r_buff1_thd4 = x$w_buff0_used && x$r_buff0_thd4 || x$w_buff1_used && x$r_buff1_thd4 ? FALSE : x$r_buff1_thd4;
                                                                      ^
                                                       (                               )
mix026_tso.opt_false-unreach-call.c:282:10: warning: incompatible integer to pointer conversion returning 'int' from a function with result type 'void *' [-Wint-conversion]
  return nondet_1();
         ^~~~~~~~~~
mix026_tso.opt_false-unreach-call.c:310:38: warning: null passed to a callee which requires a non-null argument [-Wnonnull]
  pthread_create(NULL, NULL, P0, NULL);
                 ~~~~                ^
mix026_tso.opt_false-unreach-call.c:311:38: warning: null passed to a callee which requires a non-null argument [-Wnonnull]
  pthread_create(NULL, NULL, P1, NULL);
                 ~~~~                ^
mix026_tso.opt_false-unreach-call.c:312:38: warning: null passed to a callee which requires a non-null argument [-Wnonnull]
  pthread_create(NULL, NULL, P2, NULL);
                 ~~~~                ^
mix026_tso.opt_false-unreach-call.c:313:38: warning: null passed to a callee which requires a non-null argument [-Wnonnull]
  pthread_create(NULL, NULL, P3, NULL);
                 ~~~~                ^
mix026_tso.opt_false-unreach-call.c:321:35: warning: '&&' within '||' [-Wlogical-op-parentheses]
  x$w_buff1_used = x$w_buff0_used && x$r_buff0_thd0 || x$w_buff1_used && x$r_buff1_thd0 ? FALSE : x$w_buff1_used;
                   ~~~~~~~~~~~~~~~^~~~~~~~~~~~~~~~~ ~~
mix026_tso.opt_false-unreach-call.c:321:35: note: place parentheses around the '&&' expression to silence this warning
  x$w_buff1_used = x$w_buff0_used && x$r_buff0_thd0 || x$w_buff1_used && x$r_buff1_thd0 ? FALSE : x$w_buff1_used;
                                  ^
                   (                               )
mix026_tso.opt_false-unreach-call.c:321:71: warning: '&&' within '||' [-Wlogical-op-parentheses]
  x$w_buff1_used = x$w_buff0_used && x$r_buff0_thd0 || x$w_buff1_used && x$r_buff1_thd0 ? FALSE : x$w_buff1_used;
                                                    ~~ ~~~~~~~~~~~~~~~^~~~~~~~~~~~~~~~~
mix026_tso.opt_false-unreach-call.c:321:71: note: place parentheses around the '&&' expression to silence this warning
  x$w_buff1_used = x$w_buff0_used && x$r_buff0_thd0 || x$w_buff1_used && x$r_buff1_thd0 ? FALSE : x$w_buff1_used;
                                                                      ^
                                                       (                               )
mix026_tso.opt_false-unreach-call.c:323:35: warning: '&&' within '||' [-Wlogical-op-parentheses]
  x$r_buff1_thd0 = x$w_buff0_used && x$r_buff0_thd0 || x$w_buff1_used && x$r_buff1_thd0 ? FALSE : x$r_buff1_thd0;
                   ~~~~~~~~~~~~~~~^~~~~~~~~~~~~~~~~ ~~
mix026_tso.opt_false-unreach-call.c:323:35: note: place parentheses around the '&&' expression to silence this warning
  x$r_buff1_thd0 = x$w_buff0_used && x$r_buff0_thd0 || x$w_buff1_used && x$r_buff1_thd0 ? FALSE : x$r_buff1_thd0;
                                  ^
                   (                               )
mix026_tso.opt_false-unreach-call.c:323:71: warning: '&&' within '||' [-Wlogical-op-parentheses]
  x$r_buff1_thd0 = x$w_buff0_used && x$r_buff0_thd0 || x$w_buff1_used && x$r_buff1_thd0 ? FALSE : x$r_buff1_thd0;
                                                    ~~ ~~~~~~~~~~~~~~~^~~~~~~~~~~~~~~~~
mix026_tso.opt_false-unreach-call.c:323:71: note: place parentheses around the '&&' expression to silence this warning
  x$r_buff1_thd0 = x$w_buff0_used && x$r_buff0_thd0 || x$w_buff1_used && x$r_buff1_thd0 ? FALSE : x$r_buff1_thd0;
                                                                      ^
                                                       (                               )
41 warnings generated.
