mix034_rmo.opt_false-unreach-call.c:4:34: warning: implicit declaration of function '__VERIFIER_assume' is invalid in C99 [-Wimplicit-function-declaration]
void __VERIFIER_atomic_begin() { __VERIFIER_assume(__global_lock==0); __global_lock=1; return; }
                                 ^
mix034_rmo.opt_false-unreach-call.c:163:35: warning: '&&' within '||' [-Wlogical-op-parentheses]
  z$w_buff1_used = z$w_buff0_used && z$r_buff0_thd1 || z$w_buff1_used && z$r_buff1_thd1 ? FALSE : z$w_buff1_used;
                   ~~~~~~~~~~~~~~~^~~~~~~~~~~~~~~~~ ~~
mix034_rmo.opt_false-unreach-call.c:163:35: note: place parentheses around the '&&' expression to silence this warning
  z$w_buff1_used = z$w_buff0_used && z$r_buff0_thd1 || z$w_buff1_used && z$r_buff1_thd1 ? FALSE : z$w_buff1_used;
                                  ^
                   (                               )
mix034_rmo.opt_false-unreach-call.c:163:71: warning: '&&' within '||' [-Wlogical-op-parentheses]
  z$w_buff1_used = z$w_buff0_used && z$r_buff0_thd1 || z$w_buff1_used && z$r_buff1_thd1 ? FALSE : z$w_buff1_used;
                                                    ~~ ~~~~~~~~~~~~~~~^~~~~~~~~~~~~~~~~
mix034_rmo.opt_false-unreach-call.c:163:71: note: place parentheses around the '&&' expression to silence this warning
  z$w_buff1_used = z$w_buff0_used && z$r_buff0_thd1 || z$w_buff1_used && z$r_buff1_thd1 ? FALSE : z$w_buff1_used;
                                                                      ^
                                                       (                               )
mix034_rmo.opt_false-unreach-call.c:165:35: warning: '&&' within '||' [-Wlogical-op-parentheses]
  z$r_buff1_thd1 = z$w_buff0_used && z$r_buff0_thd1 || z$w_buff1_used && z$r_buff1_thd1 ? FALSE : z$r_buff1_thd1;
                   ~~~~~~~~~~~~~~~^~~~~~~~~~~~~~~~~ ~~
mix034_rmo.opt_false-unreach-call.c:165:35: note: place parentheses around the '&&' expression to silence this warning
  z$r_buff1_thd1 = z$w_buff0_used && z$r_buff0_thd1 || z$w_buff1_used && z$r_buff1_thd1 ? FALSE : z$r_buff1_thd1;
                                  ^
                   (                               )
mix034_rmo.opt_false-unreach-call.c:165:71: warning: '&&' within '||' [-Wlogical-op-parentheses]
  z$r_buff1_thd1 = z$w_buff0_used && z$r_buff0_thd1 || z$w_buff1_used && z$r_buff1_thd1 ? FALSE : z$r_buff1_thd1;
                                                    ~~ ~~~~~~~~~~~~~~~^~~~~~~~~~~~~~~~~
mix034_rmo.opt_false-unreach-call.c:165:71: note: place parentheses around the '&&' expression to silence this warning
  z$r_buff1_thd1 = z$w_buff0_used && z$r_buff0_thd1 || z$w_buff1_used && z$r_buff1_thd1 ? FALSE : z$r_buff1_thd1;
                                                                      ^
                                                       (                               )
mix034_rmo.opt_false-unreach-call.c:170:10: warning: implicit declaration of function 'nondet_0' is invalid in C99 [-Wimplicit-function-declaration]
  return nondet_0();
         ^
mix034_rmo.opt_false-unreach-call.c:170:10: warning: incompatible integer to pointer conversion returning 'int' from a function with result type 'void *' [-Wint-conversion]
  return nondet_0();
         ^~~~~~~~~~
mix034_rmo.opt_false-unreach-call.c:187:19: warning: implicit declaration of function 'nondet_1' is invalid in C99 [-Wimplicit-function-declaration]
  weak$$choice0 = nondet_1();
                  ^
mix034_rmo.opt_false-unreach-call.c:191:42: warning: '&&' within '||' [-Wlogical-op-parentheses]
  z = !z$w_buff0_used || !z$r_buff0_thd2 && !z$w_buff1_used || !z$r_buff0_thd2 && !z$r_buff1_thd2 ? z : (z$w_buff0_used && z$r_buff0_thd2 ? z$w_buff0 : z$w_buff1);
                      ~~ ~~~~~~~~~~~~~~~~^~~~~~~~~~~~~~~~~~
mix034_rmo.opt_false-unreach-call.c:191:42: note: place parentheses around the '&&' expression to silence this warning
  z = !z$w_buff0_used || !z$r_buff0_thd2 && !z$w_buff1_used || !z$r_buff0_thd2 && !z$r_buff1_thd2 ? z : (z$w_buff0_used && z$r_buff0_thd2 ? z$w_buff0 : z$w_buff1);
                                         ^
                         (                                 )
mix034_rmo.opt_false-unreach-call.c:191:80: warning: '&&' within '||' [-Wlogical-op-parentheses]
  z = !z$w_buff0_used || !z$r_buff0_thd2 && !z$w_buff1_used || !z$r_buff0_thd2 && !z$r_buff1_thd2 ? z : (z$w_buff0_used && z$r_buff0_thd2 ? z$w_buff0 : z$w_buff1);
                                                            ~~ ~~~~~~~~~~~~~~~~^~~~~~~~~~~~~~~~~~
mix034_rmo.opt_false-unreach-call.c:191:80: note: place parentheses around the '&&' expression to silence this warning
  z = !z$w_buff0_used || !z$r_buff0_thd2 && !z$w_buff1_used || !z$r_buff0_thd2 && !z$r_buff1_thd2 ? z : (z$w_buff0_used && z$r_buff0_thd2 ? z$w_buff0 : z$w_buff1);
                                                                               ^
                                                               (                                 )
mix034_rmo.opt_false-unreach-call.c:192:79: warning: '&&' within '||' [-Wlogical-op-parentheses]
  z$w_buff0 = weak$$choice2 ? z$w_buff0 : (!z$w_buff0_used || !z$r_buff0_thd2 && !z$w_buff1_used || !z$r_buff0_thd2 && !z$r_buff1_thd2 ? z$w_buff0 : (z$w_buff0_used && z$r_buff0_thd2 ? z$w_buff0 : z$w_buff0));
                                                           ~~ ~~~~~~~~~~~~~~~~^~~~~~~~~~~~~~~~~~
mix034_rmo.opt_false-unreach-call.c:192:79: note: place parentheses around the '&&' expression to silence this warning
  z$w_buff0 = weak$$choice2 ? z$w_buff0 : (!z$w_buff0_used || !z$r_buff0_thd2 && !z$w_buff1_used || !z$r_buff0_thd2 && !z$r_buff1_thd2 ? z$w_buff0 : (z$w_buff0_used && z$r_buff0_thd2 ? z$w_buff0 : z$w_buff0));
                                                                              ^
                                                              (                                 )
mix034_rmo.opt_false-unreach-call.c:192:117: warning: '&&' within '||' [-Wlogical-op-parentheses]
  z$w_buff0 = weak$$choice2 ? z$w_buff0 : (!z$w_buff0_used || !z$r_buff0_thd2 && !z$w_buff1_used || !z$r_buff0_thd2 && !z$r_buff1_thd2 ? z$w_buff0 : (z$w_buff0_used && z$r_buff0_thd2 ? z$w_buff0 : z$w_buff0));
                                                                                                 ~~ ~~~~~~~~~~~~~~~~^~~~~~~~~~~~~~~~~~
mix034_rmo.opt_false-unreach-call.c:192:117: note: place parentheses around the '&&' expression to silence this warning
  z$w_buff0 = weak$$choice2 ? z$w_buff0 : (!z$w_buff0_used || !z$r_buff0_thd2 && !z$w_buff1_used || !z$r_buff0_thd2 && !z$r_buff1_thd2 ? z$w_buff0 : (z$w_buff0_used && z$r_buff0_thd2 ? z$w_buff0 : z$w_buff0));
                                                                                                                    ^
                                                                                                    (                                 )
mix034_rmo.opt_false-unreach-call.c:193:79: warning: '&&' within '||' [-Wlogical-op-parentheses]
  z$w_buff1 = weak$$choice2 ? z$w_buff1 : (!z$w_buff0_used || !z$r_buff0_thd2 && !z$w_buff1_used || !z$r_buff0_thd2 && !z$r_buff1_thd2 ? z$w_buff1 : (z$w_buff0_used && z$r_buff0_thd2 ? z$w_buff1 : z$w_buff1));
                                                           ~~ ~~~~~~~~~~~~~~~~^~~~~~~~~~~~~~~~~~
mix034_rmo.opt_false-unreach-call.c:193:79: note: place parentheses around the '&&' expression to silence this warning
  z$w_buff1 = weak$$choice2 ? z$w_buff1 : (!z$w_buff0_used || !z$r_buff0_thd2 && !z$w_buff1_used || !z$r_buff0_thd2 && !z$r_buff1_thd2 ? z$w_buff1 : (z$w_buff0_used && z$r_buff0_thd2 ? z$w_buff1 : z$w_buff1));
                                                                              ^
                                                              (                                 )
mix034_rmo.opt_false-unreach-call.c:193:117: warning: '&&' within '||' [-Wlogical-op-parentheses]
  z$w_buff1 = weak$$choice2 ? z$w_buff1 : (!z$w_buff0_used || !z$r_buff0_thd2 && !z$w_buff1_used || !z$r_buff0_thd2 && !z$r_buff1_thd2 ? z$w_buff1 : (z$w_buff0_used && z$r_buff0_thd2 ? z$w_buff1 : z$w_buff1));
                                                                                                 ~~ ~~~~~~~~~~~~~~~~^~~~~~~~~~~~~~~~~~
mix034_rmo.opt_false-unreach-call.c:193:117: note: place parentheses around the '&&' expression to silence this warning
  z$w_buff1 = weak$$choice2 ? z$w_buff1 : (!z$w_buff0_used || !z$r_buff0_thd2 && !z$w_buff1_used || !z$r_buff0_thd2 && !z$r_buff1_thd2 ? z$w_buff1 : (z$w_buff0_used && z$r_buff0_thd2 ? z$w_buff1 : z$w_buff1));
                                                                                                                    ^
                                                                                                    (                                 )
mix034_rmo.opt_false-unreach-call.c:194:89: warning: '&&' within '||' [-Wlogical-op-parentheses]
  z$w_buff0_used = weak$$choice2 ? z$w_buff0_used : (!z$w_buff0_used || !z$r_buff0_thd2 && !z$w_buff1_used || !z$r_buff0_thd2 && !z$r_buff1_thd2 ? z$w_buff0_used : (z$w_buff0_used && z$r_buff0_thd2 ? FALSE : z$w_buff0_used));
                                                                     ~~ ~~~~~~~~~~~~~~~~^~~~~~~~~~~~~~~~~~
mix034_rmo.opt_false-unreach-call.c:194:89: note: place parentheses around the '&&' expression to silence this warning
  z$w_buff0_used = weak$$choice2 ? z$w_buff0_used : (!z$w_buff0_used || !z$r_buff0_thd2 && !z$w_buff1_used || !z$r_buff0_thd2 && !z$r_buff1_thd2 ? z$w_buff0_used : (z$w_buff0_used && z$r_buff0_thd2 ? FALSE : z$w_buff0_used));
                                                                                        ^
                                                                        (                                 )
mix034_rmo.opt_false-unreach-call.c:194:127: warning: '&&' within '||' [-Wlogical-op-parentheses]
  z$w_buff0_used = weak$$choice2 ? z$w_buff0_used : (!z$w_buff0_used || !z$r_buff0_thd2 && !z$w_buff1_used || !z$r_buff0_thd2 && !z$r_buff1_thd2 ? z$w_buff0_used : (z$w_buff0_used && z$r_buff0_thd2 ? FALSE : z$w_buff0_used));
                                                                                                           ~~ ~~~~~~~~~~~~~~~~^~~~~~~~~~~~~~~~~~
mix034_rmo.opt_false-unreach-call.c:194:127: note: place parentheses around the '&&' expression to silence this warning
  z$w_buff0_used = weak$$choice2 ? z$w_buff0_used : (!z$w_buff0_used || !z$r_buff0_thd2 && !z$w_buff1_used || !z$r_buff0_thd2 && !z$r_buff1_thd2 ? z$w_buff0_used : (z$w_buff0_used && z$r_buff0_thd2 ? FALSE : z$w_buff0_used));
                                                                                                                              ^
                                                                                                              (                                 )
mix034_rmo.opt_false-unreach-call.c:195:89: warning: '&&' within '||' [-Wlogical-op-parentheses]
  z$w_buff1_used = weak$$choice2 ? z$w_buff1_used : (!z$w_buff0_used || !z$r_buff0_thd2 && !z$w_buff1_used || !z$r_buff0_thd2 && !z$r_buff1_thd2 ? z$w_buff1_used : (z$w_buff0_used && z$r_buff0_thd2 ? FALSE : FALSE));
                                                                     ~~ ~~~~~~~~~~~~~~~~^~~~~~~~~~~~~~~~~~
mix034_rmo.opt_false-unreach-call.c:195:89: note: place parentheses around the '&&' expression to silence this warning
  z$w_buff1_used = weak$$choice2 ? z$w_buff1_used : (!z$w_buff0_used || !z$r_buff0_thd2 && !z$w_buff1_used || !z$r_buff0_thd2 && !z$r_buff1_thd2 ? z$w_buff1_used : (z$w_buff0_used && z$r_buff0_thd2 ? FALSE : FALSE));
                                                                                        ^
                                                                        (                                 )
mix034_rmo.opt_false-unreach-call.c:195:127: warning: '&&' within '||' [-Wlogical-op-parentheses]
  z$w_buff1_used = weak$$choice2 ? z$w_buff1_used : (!z$w_buff0_used || !z$r_buff0_thd2 && !z$w_buff1_used || !z$r_buff0_thd2 && !z$r_buff1_thd2 ? z$w_buff1_used : (z$w_buff0_used && z$r_buff0_thd2 ? FALSE : FALSE));
                                                                                                           ~~ ~~~~~~~~~~~~~~~~^~~~~~~~~~~~~~~~~~
mix034_rmo.opt_false-unreach-call.c:195:127: note: place parentheses around the '&&' expression to silence this warning
  z$w_buff1_used = weak$$choice2 ? z$w_buff1_used : (!z$w_buff0_used || !z$r_buff0_thd2 && !z$w_buff1_used || !z$r_buff0_thd2 && !z$r_buff1_thd2 ? z$w_buff1_used : (z$w_buff0_used && z$r_buff0_thd2 ? FALSE : FALSE));
                                                                                                                              ^
                                                                                                              (                                 )
mix034_rmo.opt_false-unreach-call.c:196:89: warning: '&&' within '||' [-Wlogical-op-parentheses]
  z$r_buff0_thd2 = weak$$choice2 ? z$r_buff0_thd2 : (!z$w_buff0_used || !z$r_buff0_thd2 && !z$w_buff1_used || !z$r_buff0_thd2 && !z$r_buff1_thd2 ? z$r_buff0_thd2 : (z$w_buff0_used && z$r_buff0_thd2 ? FALSE : z$r_buff0_thd2));
                                                                     ~~ ~~~~~~~~~~~~~~~~^~~~~~~~~~~~~~~~~~
mix034_rmo.opt_false-unreach-call.c:196:89: note: place parentheses around the '&&' expression to silence this warning
  z$r_buff0_thd2 = weak$$choice2 ? z$r_buff0_thd2 : (!z$w_buff0_used || !z$r_buff0_thd2 && !z$w_buff1_used || !z$r_buff0_thd2 && !z$r_buff1_thd2 ? z$r_buff0_thd2 : (z$w_buff0_used && z$r_buff0_thd2 ? FALSE : z$r_buff0_thd2));
                                                                                        ^
                                                                        (                                 )
mix034_rmo.opt_false-unreach-call.c:196:127: warning: '&&' within '||' [-Wlogical-op-parentheses]
  z$r_buff0_thd2 = weak$$choice2 ? z$r_buff0_thd2 : (!z$w_buff0_used || !z$r_buff0_thd2 && !z$w_buff1_used || !z$r_buff0_thd2 && !z$r_buff1_thd2 ? z$r_buff0_thd2 : (z$w_buff0_used && z$r_buff0_thd2 ? FALSE : z$r_buff0_thd2));
                                                                                                           ~~ ~~~~~~~~~~~~~~~~^~~~~~~~~~~~~~~~~~
mix034_rmo.opt_false-unreach-call.c:196:127: note: place parentheses around the '&&' expression to silence this warning
  z$r_buff0_thd2 = weak$$choice2 ? z$r_buff0_thd2 : (!z$w_buff0_used || !z$r_buff0_thd2 && !z$w_buff1_used || !z$r_buff0_thd2 && !z$r_buff1_thd2 ? z$r_buff0_thd2 : (z$w_buff0_used && z$r_buff0_thd2 ? FALSE : z$r_buff0_thd2));
                                                                                                                              ^
                                                                                                              (                                 )
mix034_rmo.opt_false-unreach-call.c:197:89: warning: '&&' within '||' [-Wlogical-op-parentheses]
  z$r_buff1_thd2 = weak$$choice2 ? z$r_buff1_thd2 : (!z$w_buff0_used || !z$r_buff0_thd2 && !z$w_buff1_used || !z$r_buff0_thd2 && !z$r_buff1_thd2 ? z$r_buff1_thd2 : (z$w_buff0_used && z$r_buff0_thd2 ? FALSE : FALSE));
                                                                     ~~ ~~~~~~~~~~~~~~~~^~~~~~~~~~~~~~~~~~
mix034_rmo.opt_false-unreach-call.c:197:89: note: place parentheses around the '&&' expression to silence this warning
  z$r_buff1_thd2 = weak$$choice2 ? z$r_buff1_thd2 : (!z$w_buff0_used || !z$r_buff0_thd2 && !z$w_buff1_used || !z$r_buff0_thd2 && !z$r_buff1_thd2 ? z$r_buff1_thd2 : (z$w_buff0_used && z$r_buff0_thd2 ? FALSE : FALSE));
                                                                                        ^
                                                                        (                                 )
mix034_rmo.opt_false-unreach-call.c:197:127: warning: '&&' within '||' [-Wlogical-op-parentheses]
  z$r_buff1_thd2 = weak$$choice2 ? z$r_buff1_thd2 : (!z$w_buff0_used || !z$r_buff0_thd2 && !z$w_buff1_used || !z$r_buff0_thd2 && !z$r_buff1_thd2 ? z$r_buff1_thd2 : (z$w_buff0_used && z$r_buff0_thd2 ? FALSE : FALSE));
                                                                                                           ~~ ~~~~~~~~~~~~~~~~^~~~~~~~~~~~~~~~~~
mix034_rmo.opt_false-unreach-call.c:197:127: note: place parentheses around the '&&' expression to silence this warning
  z$r_buff1_thd2 = weak$$choice2 ? z$r_buff1_thd2 : (!z$w_buff0_used || !z$r_buff0_thd2 && !z$w_buff1_used || !z$r_buff0_thd2 && !z$r_buff1_thd2 ? z$r_buff1_thd2 : (z$w_buff0_used && z$r_buff0_thd2 ? FALSE : FALSE));
                                                                                                                              ^
                                                                                                              (                                 )
mix034_rmo.opt_false-unreach-call.c:205:35: warning: '&&' within '||' [-Wlogical-op-parentheses]
  z$w_buff1_used = z$w_buff0_used && z$r_buff0_thd2 || z$w_buff1_used && z$r_buff1_thd2 ? FALSE : z$w_buff1_used;
                   ~~~~~~~~~~~~~~~^~~~~~~~~~~~~~~~~ ~~
mix034_rmo.opt_false-unreach-call.c:205:35: note: place parentheses around the '&&' expression to silence this warning
  z$w_buff1_used = z$w_buff0_used && z$r_buff0_thd2 || z$w_buff1_used && z$r_buff1_thd2 ? FALSE : z$w_buff1_used;
                                  ^
                   (                               )
mix034_rmo.opt_false-unreach-call.c:205:71: warning: '&&' within '||' [-Wlogical-op-parentheses]
  z$w_buff1_used = z$w_buff0_used && z$r_buff0_thd2 || z$w_buff1_used && z$r_buff1_thd2 ? FALSE : z$w_buff1_used;
                                                    ~~ ~~~~~~~~~~~~~~~^~~~~~~~~~~~~~~~~
mix034_rmo.opt_false-unreach-call.c:205:71: note: place parentheses around the '&&' expression to silence this warning
  z$w_buff1_used = z$w_buff0_used && z$r_buff0_thd2 || z$w_buff1_used && z$r_buff1_thd2 ? FALSE : z$w_buff1_used;
                                                                      ^
                                                       (                               )
mix034_rmo.opt_false-unreach-call.c:207:35: warning: '&&' within '||' [-Wlogical-op-parentheses]
  z$r_buff1_thd2 = z$w_buff0_used && z$r_buff0_thd2 || z$w_buff1_used && z$r_buff1_thd2 ? FALSE : z$r_buff1_thd2;
                   ~~~~~~~~~~~~~~~^~~~~~~~~~~~~~~~~ ~~
mix034_rmo.opt_false-unreach-call.c:207:35: note: place parentheses around the '&&' expression to silence this warning
  z$r_buff1_thd2 = z$w_buff0_used && z$r_buff0_thd2 || z$w_buff1_used && z$r_buff1_thd2 ? FALSE : z$r_buff1_thd2;
                                  ^
                   (                               )
mix034_rmo.opt_false-unreach-call.c:207:71: warning: '&&' within '||' [-Wlogical-op-parentheses]
  z$r_buff1_thd2 = z$w_buff0_used && z$r_buff0_thd2 || z$w_buff1_used && z$r_buff1_thd2 ? FALSE : z$r_buff1_thd2;
                                                    ~~ ~~~~~~~~~~~~~~~^~~~~~~~~~~~~~~~~
mix034_rmo.opt_false-unreach-call.c:207:71: note: place parentheses around the '&&' expression to silence this warning
  z$r_buff1_thd2 = z$w_buff0_used && z$r_buff0_thd2 || z$w_buff1_used && z$r_buff1_thd2 ? FALSE : z$r_buff1_thd2;
                                                                      ^
                                                       (                               )
mix034_rmo.opt_false-unreach-call.c:212:10: warning: incompatible integer to pointer conversion returning 'int' from a function with result type 'void *' [-Wint-conversion]
  return nondet_0();
         ^~~~~~~~~~
mix034_rmo.opt_false-unreach-call.c:240:38: warning: null passed to a callee which requires a non-null argument [-Wnonnull]
  pthread_create(NULL, NULL, P0, NULL);
                 ~~~~                ^
mix034_rmo.opt_false-unreach-call.c:241:38: warning: null passed to a callee which requires a non-null argument [-Wnonnull]
  pthread_create(NULL, NULL, P1, NULL);
                 ~~~~                ^
mix034_rmo.opt_false-unreach-call.c:249:35: warning: '&&' within '||' [-Wlogical-op-parentheses]
  z$w_buff1_used = z$w_buff0_used && z$r_buff0_thd0 || z$w_buff1_used && z$r_buff1_thd0 ? FALSE : z$w_buff1_used;
                   ~~~~~~~~~~~~~~~^~~~~~~~~~~~~~~~~ ~~
mix034_rmo.opt_false-unreach-call.c:249:35: note: place parentheses around the '&&' expression to silence this warning
  z$w_buff1_used = z$w_buff0_used && z$r_buff0_thd0 || z$w_buff1_used && z$r_buff1_thd0 ? FALSE : z$w_buff1_used;
                                  ^
                   (                               )
mix034_rmo.opt_false-unreach-call.c:249:71: warning: '&&' within '||' [-Wlogical-op-parentheses]
  z$w_buff1_used = z$w_buff0_used && z$r_buff0_thd0 || z$w_buff1_used && z$r_buff1_thd0 ? FALSE : z$w_buff1_used;
                                                    ~~ ~~~~~~~~~~~~~~~^~~~~~~~~~~~~~~~~
mix034_rmo.opt_false-unreach-call.c:249:71: note: place parentheses around the '&&' expression to silence this warning
  z$w_buff1_used = z$w_buff0_used && z$r_buff0_thd0 || z$w_buff1_used && z$r_buff1_thd0 ? FALSE : z$w_buff1_used;
                                                                      ^
                                                       (                               )
mix034_rmo.opt_false-unreach-call.c:251:35: warning: '&&' within '||' [-Wlogical-op-parentheses]
  z$r_buff1_thd0 = z$w_buff0_used && z$r_buff0_thd0 || z$w_buff1_used && z$r_buff1_thd0 ? FALSE : z$r_buff1_thd0;
                   ~~~~~~~~~~~~~~~^~~~~~~~~~~~~~~~~ ~~
mix034_rmo.opt_false-unreach-call.c:251:35: note: place parentheses around the '&&' expression to silence this warning
  z$r_buff1_thd0 = z$w_buff0_used && z$r_buff0_thd0 || z$w_buff1_used && z$r_buff1_thd0 ? FALSE : z$r_buff1_thd0;
                                  ^
                   (                               )
mix034_rmo.opt_false-unreach-call.c:251:71: warning: '&&' within '||' [-Wlogical-op-parentheses]
  z$r_buff1_thd0 = z$w_buff0_used && z$r_buff0_thd0 || z$w_buff1_used && z$r_buff1_thd0 ? FALSE : z$r_buff1_thd0;
                                                    ~~ ~~~~~~~~~~~~~~~^~~~~~~~~~~~~~~~~
mix034_rmo.opt_false-unreach-call.c:251:71: note: place parentheses around the '&&' expression to silence this warning
  z$r_buff1_thd0 = z$w_buff0_used && z$r_buff0_thd0 || z$w_buff1_used && z$r_buff1_thd0 ? FALSE : z$r_buff1_thd0;
                                                                      ^
                                                       (                               )
33 warnings generated.
