mix036_tso.opt_false-unreach-call.c:4:34: warning: implicit declaration of function '__VERIFIER_assume' is invalid in C99 [-Wimplicit-function-declaration]
void __VERIFIER_atomic_begin() { __VERIFIER_assume(__global_lock==0); __global_lock=1; return; }
                                 ^
mix036_tso.opt_false-unreach-call.c:199:10: warning: implicit declaration of function 'nondet_0' is invalid in C99 [-Wimplicit-function-declaration]
  return nondet_0();
         ^
mix036_tso.opt_false-unreach-call.c:199:10: warning: incompatible integer to pointer conversion returning 'int' from a function with result type 'void *' [-Wint-conversion]
  return nondet_0();
         ^~~~~~~~~~
mix036_tso.opt_false-unreach-call.c:217:10: warning: incompatible integer to pointer conversion returning 'int' from a function with result type 'void *' [-Wint-conversion]
  return nondet_0();
         ^~~~~~~~~~
mix036_tso.opt_false-unreach-call.c:228:19: warning: implicit declaration of function 'nondet_1' is invalid in C99 [-Wimplicit-function-declaration]
  weak$$choice0 = nondet_1();
                  ^
mix036_tso.opt_false-unreach-call.c:232:42: warning: '&&' within '||' [-Wlogical-op-parentheses]
  z = !z$w_buff0_used || !z$r_buff0_thd3 && !z$w_buff1_used || !z$r_buff0_thd3 && !z$r_buff1_thd3 ? z : (z$w_buff0_used && z$r_buff0_thd3 ? z$w_buff0 : z$w_buff1);
                      ~~ ~~~~~~~~~~~~~~~~^~~~~~~~~~~~~~~~~~
mix036_tso.opt_false-unreach-call.c:232:42: note: place parentheses around the '&&' expression to silence this warning
  z = !z$w_buff0_used || !z$r_buff0_thd3 && !z$w_buff1_used || !z$r_buff0_thd3 && !z$r_buff1_thd3 ? z : (z$w_buff0_used && z$r_buff0_thd3 ? z$w_buff0 : z$w_buff1);
                                         ^
                         (                                 )
mix036_tso.opt_false-unreach-call.c:232:80: warning: '&&' within '||' [-Wlogical-op-parentheses]
  z = !z$w_buff0_used || !z$r_buff0_thd3 && !z$w_buff1_used || !z$r_buff0_thd3 && !z$r_buff1_thd3 ? z : (z$w_buff0_used && z$r_buff0_thd3 ? z$w_buff0 : z$w_buff1);
                                                            ~~ ~~~~~~~~~~~~~~~~^~~~~~~~~~~~~~~~~~
mix036_tso.opt_false-unreach-call.c:232:80: note: place parentheses around the '&&' expression to silence this warning
  z = !z$w_buff0_used || !z$r_buff0_thd3 && !z$w_buff1_used || !z$r_buff0_thd3 && !z$r_buff1_thd3 ? z : (z$w_buff0_used && z$r_buff0_thd3 ? z$w_buff0 : z$w_buff1);
                                                                               ^
                                                               (                                 )
mix036_tso.opt_false-unreach-call.c:233:79: warning: '&&' within '||' [-Wlogical-op-parentheses]
  z$w_buff0 = weak$$choice2 ? z$w_buff0 : (!z$w_buff0_used || !z$r_buff0_thd3 && !z$w_buff1_used || !z$r_buff0_thd3 && !z$r_buff1_thd3 ? z$w_buff0 : (z$w_buff0_used && z$r_buff0_thd3 ? z$w_buff0 : z$w_buff0));
                                                           ~~ ~~~~~~~~~~~~~~~~^~~~~~~~~~~~~~~~~~
mix036_tso.opt_false-unreach-call.c:233:79: note: place parentheses around the '&&' expression to silence this warning
  z$w_buff0 = weak$$choice2 ? z$w_buff0 : (!z$w_buff0_used || !z$r_buff0_thd3 && !z$w_buff1_used || !z$r_buff0_thd3 && !z$r_buff1_thd3 ? z$w_buff0 : (z$w_buff0_used && z$r_buff0_thd3 ? z$w_buff0 : z$w_buff0));
                                                                              ^
                                                              (                                 )
mix036_tso.opt_false-unreach-call.c:233:117: warning: '&&' within '||' [-Wlogical-op-parentheses]
  z$w_buff0 = weak$$choice2 ? z$w_buff0 : (!z$w_buff0_used || !z$r_buff0_thd3 && !z$w_buff1_used || !z$r_buff0_thd3 && !z$r_buff1_thd3 ? z$w_buff0 : (z$w_buff0_used && z$r_buff0_thd3 ? z$w_buff0 : z$w_buff0));
                                                                                                 ~~ ~~~~~~~~~~~~~~~~^~~~~~~~~~~~~~~~~~
mix036_tso.opt_false-unreach-call.c:233:117: note: place parentheses around the '&&' expression to silence this warning
  z$w_buff0 = weak$$choice2 ? z$w_buff0 : (!z$w_buff0_used || !z$r_buff0_thd3 && !z$w_buff1_used || !z$r_buff0_thd3 && !z$r_buff1_thd3 ? z$w_buff0 : (z$w_buff0_used && z$r_buff0_thd3 ? z$w_buff0 : z$w_buff0));
                                                                                                                    ^
                                                                                                    (                                 )
mix036_tso.opt_false-unreach-call.c:234:79: warning: '&&' within '||' [-Wlogical-op-parentheses]
  z$w_buff1 = weak$$choice2 ? z$w_buff1 : (!z$w_buff0_used || !z$r_buff0_thd3 && !z$w_buff1_used || !z$r_buff0_thd3 && !z$r_buff1_thd3 ? z$w_buff1 : (z$w_buff0_used && z$r_buff0_thd3 ? z$w_buff1 : z$w_buff1));
                                                           ~~ ~~~~~~~~~~~~~~~~^~~~~~~~~~~~~~~~~~
mix036_tso.opt_false-unreach-call.c:234:79: note: place parentheses around the '&&' expression to silence this warning
  z$w_buff1 = weak$$choice2 ? z$w_buff1 : (!z$w_buff0_used || !z$r_buff0_thd3 && !z$w_buff1_used || !z$r_buff0_thd3 && !z$r_buff1_thd3 ? z$w_buff1 : (z$w_buff0_used && z$r_buff0_thd3 ? z$w_buff1 : z$w_buff1));
                                                                              ^
                                                              (                                 )
mix036_tso.opt_false-unreach-call.c:234:117: warning: '&&' within '||' [-Wlogical-op-parentheses]
  z$w_buff1 = weak$$choice2 ? z$w_buff1 : (!z$w_buff0_used || !z$r_buff0_thd3 && !z$w_buff1_used || !z$r_buff0_thd3 && !z$r_buff1_thd3 ? z$w_buff1 : (z$w_buff0_used && z$r_buff0_thd3 ? z$w_buff1 : z$w_buff1));
                                                                                                 ~~ ~~~~~~~~~~~~~~~~^~~~~~~~~~~~~~~~~~
mix036_tso.opt_false-unreach-call.c:234:117: note: place parentheses around the '&&' expression to silence this warning
  z$w_buff1 = weak$$choice2 ? z$w_buff1 : (!z$w_buff0_used || !z$r_buff0_thd3 && !z$w_buff1_used || !z$r_buff0_thd3 && !z$r_buff1_thd3 ? z$w_buff1 : (z$w_buff0_used && z$r_buff0_thd3 ? z$w_buff1 : z$w_buff1));
                                                                                                                    ^
                                                                                                    (                                 )
mix036_tso.opt_false-unreach-call.c:235:89: warning: '&&' within '||' [-Wlogical-op-parentheses]
  z$w_buff0_used = weak$$choice2 ? z$w_buff0_used : (!z$w_buff0_used || !z$r_buff0_thd3 && !z$w_buff1_used || !z$r_buff0_thd3 && !z$r_buff1_thd3 ? z$w_buff0_used : (z$w_buff0_used && z$r_buff0_thd3 ? FALSE : z$w_buff0_used));
                                                                     ~~ ~~~~~~~~~~~~~~~~^~~~~~~~~~~~~~~~~~
mix036_tso.opt_false-unreach-call.c:235:89: note: place parentheses around the '&&' expression to silence this warning
  z$w_buff0_used = weak$$choice2 ? z$w_buff0_used : (!z$w_buff0_used || !z$r_buff0_thd3 && !z$w_buff1_used || !z$r_buff0_thd3 && !z$r_buff1_thd3 ? z$w_buff0_used : (z$w_buff0_used && z$r_buff0_thd3 ? FALSE : z$w_buff0_used));
                                                                                        ^
                                                                        (                                 )
mix036_tso.opt_false-unreach-call.c:235:127: warning: '&&' within '||' [-Wlogical-op-parentheses]
  z$w_buff0_used = weak$$choice2 ? z$w_buff0_used : (!z$w_buff0_used || !z$r_buff0_thd3 && !z$w_buff1_used || !z$r_buff0_thd3 && !z$r_buff1_thd3 ? z$w_buff0_used : (z$w_buff0_used && z$r_buff0_thd3 ? FALSE : z$w_buff0_used));
                                                                                                           ~~ ~~~~~~~~~~~~~~~~^~~~~~~~~~~~~~~~~~
mix036_tso.opt_false-unreach-call.c:235:127: note: place parentheses around the '&&' expression to silence this warning
  z$w_buff0_used = weak$$choice2 ? z$w_buff0_used : (!z$w_buff0_used || !z$r_buff0_thd3 && !z$w_buff1_used || !z$r_buff0_thd3 && !z$r_buff1_thd3 ? z$w_buff0_used : (z$w_buff0_used && z$r_buff0_thd3 ? FALSE : z$w_buff0_used));
                                                                                                                              ^
                                                                                                              (                                 )
mix036_tso.opt_false-unreach-call.c:236:89: warning: '&&' within '||' [-Wlogical-op-parentheses]
  z$w_buff1_used = weak$$choice2 ? z$w_buff1_used : (!z$w_buff0_used || !z$r_buff0_thd3 && !z$w_buff1_used || !z$r_buff0_thd3 && !z$r_buff1_thd3 ? z$w_buff1_used : (z$w_buff0_used && z$r_buff0_thd3 ? FALSE : FALSE));
                                                                     ~~ ~~~~~~~~~~~~~~~~^~~~~~~~~~~~~~~~~~
mix036_tso.opt_false-unreach-call.c:236:89: note: place parentheses around the '&&' expression to silence this warning
  z$w_buff1_used = weak$$choice2 ? z$w_buff1_used : (!z$w_buff0_used || !z$r_buff0_thd3 && !z$w_buff1_used || !z$r_buff0_thd3 && !z$r_buff1_thd3 ? z$w_buff1_used : (z$w_buff0_used && z$r_buff0_thd3 ? FALSE : FALSE));
                                                                                        ^
                                                                        (                                 )
mix036_tso.opt_false-unreach-call.c:236:127: warning: '&&' within '||' [-Wlogical-op-parentheses]
  z$w_buff1_used = weak$$choice2 ? z$w_buff1_used : (!z$w_buff0_used || !z$r_buff0_thd3 && !z$w_buff1_used || !z$r_buff0_thd3 && !z$r_buff1_thd3 ? z$w_buff1_used : (z$w_buff0_used && z$r_buff0_thd3 ? FALSE : FALSE));
                                                                                                           ~~ ~~~~~~~~~~~~~~~~^~~~~~~~~~~~~~~~~~
mix036_tso.opt_false-unreach-call.c:236:127: note: place parentheses around the '&&' expression to silence this warning
  z$w_buff1_used = weak$$choice2 ? z$w_buff1_used : (!z$w_buff0_used || !z$r_buff0_thd3 && !z$w_buff1_used || !z$r_buff0_thd3 && !z$r_buff1_thd3 ? z$w_buff1_used : (z$w_buff0_used && z$r_buff0_thd3 ? FALSE : FALSE));
                                                                                                                              ^
                                                                                                              (                                 )
mix036_tso.opt_false-unreach-call.c:237:89: warning: '&&' within '||' [-Wlogical-op-parentheses]
  z$r_buff0_thd3 = weak$$choice2 ? z$r_buff0_thd3 : (!z$w_buff0_used || !z$r_buff0_thd3 && !z$w_buff1_used || !z$r_buff0_thd3 && !z$r_buff1_thd3 ? z$r_buff0_thd3 : (z$w_buff0_used && z$r_buff0_thd3 ? FALSE : z$r_buff0_thd3));
                                                                     ~~ ~~~~~~~~~~~~~~~~^~~~~~~~~~~~~~~~~~
mix036_tso.opt_false-unreach-call.c:237:89: note: place parentheses around the '&&' expression to silence this warning
  z$r_buff0_thd3 = weak$$choice2 ? z$r_buff0_thd3 : (!z$w_buff0_used || !z$r_buff0_thd3 && !z$w_buff1_used || !z$r_buff0_thd3 && !z$r_buff1_thd3 ? z$r_buff0_thd3 : (z$w_buff0_used && z$r_buff0_thd3 ? FALSE : z$r_buff0_thd3));
                                                                                        ^
                                                                        (                                 )
mix036_tso.opt_false-unreach-call.c:237:127: warning: '&&' within '||' [-Wlogical-op-parentheses]
  z$r_buff0_thd3 = weak$$choice2 ? z$r_buff0_thd3 : (!z$w_buff0_used || !z$r_buff0_thd3 && !z$w_buff1_used || !z$r_buff0_thd3 && !z$r_buff1_thd3 ? z$r_buff0_thd3 : (z$w_buff0_used && z$r_buff0_thd3 ? FALSE : z$r_buff0_thd3));
                                                                                                           ~~ ~~~~~~~~~~~~~~~~^~~~~~~~~~~~~~~~~~
mix036_tso.opt_false-unreach-call.c:237:127: note: place parentheses around the '&&' expression to silence this warning
  z$r_buff0_thd3 = weak$$choice2 ? z$r_buff0_thd3 : (!z$w_buff0_used || !z$r_buff0_thd3 && !z$w_buff1_used || !z$r_buff0_thd3 && !z$r_buff1_thd3 ? z$r_buff0_thd3 : (z$w_buff0_used && z$r_buff0_thd3 ? FALSE : z$r_buff0_thd3));
                                                                                                                              ^
                                                                                                              (                                 )
mix036_tso.opt_false-unreach-call.c:238:89: warning: '&&' within '||' [-Wlogical-op-parentheses]
  z$r_buff1_thd3 = weak$$choice2 ? z$r_buff1_thd3 : (!z$w_buff0_used || !z$r_buff0_thd3 && !z$w_buff1_used || !z$r_buff0_thd3 && !z$r_buff1_thd3 ? z$r_buff1_thd3 : (z$w_buff0_used && z$r_buff0_thd3 ? FALSE : FALSE));
                                                                     ~~ ~~~~~~~~~~~~~~~~^~~~~~~~~~~~~~~~~~
mix036_tso.opt_false-unreach-call.c:238:89: note: place parentheses around the '&&' expression to silence this warning
  z$r_buff1_thd3 = weak$$choice2 ? z$r_buff1_thd3 : (!z$w_buff0_used || !z$r_buff0_thd3 && !z$w_buff1_used || !z$r_buff0_thd3 && !z$r_buff1_thd3 ? z$r_buff1_thd3 : (z$w_buff0_used && z$r_buff0_thd3 ? FALSE : FALSE));
                                                                                        ^
                                                                        (                                 )
mix036_tso.opt_false-unreach-call.c:238:127: warning: '&&' within '||' [-Wlogical-op-parentheses]
  z$r_buff1_thd3 = weak$$choice2 ? z$r_buff1_thd3 : (!z$w_buff0_used || !z$r_buff0_thd3 && !z$w_buff1_used || !z$r_buff0_thd3 && !z$r_buff1_thd3 ? z$r_buff1_thd3 : (z$w_buff0_used && z$r_buff0_thd3 ? FALSE : FALSE));
                                                                                                           ~~ ~~~~~~~~~~~~~~~~^~~~~~~~~~~~~~~~~~
mix036_tso.opt_false-unreach-call.c:238:127: note: place parentheses around the '&&' expression to silence this warning
  z$r_buff1_thd3 = weak$$choice2 ? z$r_buff1_thd3 : (!z$w_buff0_used || !z$r_buff0_thd3 && !z$w_buff1_used || !z$r_buff0_thd3 && !z$r_buff1_thd3 ? z$r_buff1_thd3 : (z$w_buff0_used && z$r_buff0_thd3 ? FALSE : FALSE));
                                                                                                                              ^
                                                                                                              (                                 )
mix036_tso.opt_false-unreach-call.c:248:10: warning: incompatible integer to pointer conversion returning 'int' from a function with result type 'void *' [-Wint-conversion]
  return nondet_0();
         ^~~~~~~~~~
mix036_tso.opt_false-unreach-call.c:280:35: warning: '&&' within '||' [-Wlogical-op-parentheses]
  z$w_buff1_used = z$w_buff0_used && z$r_buff0_thd4 || z$w_buff1_used && z$r_buff1_thd4 ? FALSE : z$w_buff1_used;
                   ~~~~~~~~~~~~~~~^~~~~~~~~~~~~~~~~ ~~
mix036_tso.opt_false-unreach-call.c:280:35: note: place parentheses around the '&&' expression to silence this warning
  z$w_buff1_used = z$w_buff0_used && z$r_buff0_thd4 || z$w_buff1_used && z$r_buff1_thd4 ? FALSE : z$w_buff1_used;
                                  ^
                   (                               )
mix036_tso.opt_false-unreach-call.c:280:71: warning: '&&' within '||' [-Wlogical-op-parentheses]
  z$w_buff1_used = z$w_buff0_used && z$r_buff0_thd4 || z$w_buff1_used && z$r_buff1_thd4 ? FALSE : z$w_buff1_used;
                                                    ~~ ~~~~~~~~~~~~~~~^~~~~~~~~~~~~~~~~
mix036_tso.opt_false-unreach-call.c:280:71: note: place parentheses around the '&&' expression to silence this warning
  z$w_buff1_used = z$w_buff0_used && z$r_buff0_thd4 || z$w_buff1_used && z$r_buff1_thd4 ? FALSE : z$w_buff1_used;
                                                                      ^
                                                       (                               )
mix036_tso.opt_false-unreach-call.c:282:35: warning: '&&' within '||' [-Wlogical-op-parentheses]
  z$r_buff1_thd4 = z$w_buff0_used && z$r_buff0_thd4 || z$w_buff1_used && z$r_buff1_thd4 ? FALSE : z$r_buff1_thd4;
                   ~~~~~~~~~~~~~~~^~~~~~~~~~~~~~~~~ ~~
mix036_tso.opt_false-unreach-call.c:282:35: note: place parentheses around the '&&' expression to silence this warning
  z$r_buff1_thd4 = z$w_buff0_used && z$r_buff0_thd4 || z$w_buff1_used && z$r_buff1_thd4 ? FALSE : z$r_buff1_thd4;
                                  ^
                   (                               )
mix036_tso.opt_false-unreach-call.c:282:71: warning: '&&' within '||' [-Wlogical-op-parentheses]
  z$r_buff1_thd4 = z$w_buff0_used && z$r_buff0_thd4 || z$w_buff1_used && z$r_buff1_thd4 ? FALSE : z$r_buff1_thd4;
                                                    ~~ ~~~~~~~~~~~~~~~^~~~~~~~~~~~~~~~~
mix036_tso.opt_false-unreach-call.c:282:71: note: place parentheses around the '&&' expression to silence this warning
  z$r_buff1_thd4 = z$w_buff0_used && z$r_buff0_thd4 || z$w_buff1_used && z$r_buff1_thd4 ? FALSE : z$r_buff1_thd4;
                                                                      ^
                                                       (                               )
mix036_tso.opt_false-unreach-call.c:287:10: warning: incompatible integer to pointer conversion returning 'int' from a function with result type 'void *' [-Wint-conversion]
  return nondet_0();
         ^~~~~~~~~~
mix036_tso.opt_false-unreach-call.c:315:38: warning: null passed to a callee which requires a non-null argument [-Wnonnull]
  pthread_create(NULL, NULL, P0, NULL);
                 ~~~~                ^
mix036_tso.opt_false-unreach-call.c:316:38: warning: null passed to a callee which requires a non-null argument [-Wnonnull]
  pthread_create(NULL, NULL, P1, NULL);
                 ~~~~                ^
mix036_tso.opt_false-unreach-call.c:317:38: warning: null passed to a callee which requires a non-null argument [-Wnonnull]
  pthread_create(NULL, NULL, P2, NULL);
                 ~~~~                ^
mix036_tso.opt_false-unreach-call.c:318:38: warning: null passed to a callee which requires a non-null argument [-Wnonnull]
  pthread_create(NULL, NULL, P3, NULL);
                 ~~~~                ^
mix036_tso.opt_false-unreach-call.c:326:35: warning: '&&' within '||' [-Wlogical-op-parentheses]
  z$w_buff1_used = z$w_buff0_used && z$r_buff0_thd0 || z$w_buff1_used && z$r_buff1_thd0 ? FALSE : z$w_buff1_used;
                   ~~~~~~~~~~~~~~~^~~~~~~~~~~~~~~~~ ~~
mix036_tso.opt_false-unreach-call.c:326:35: note: place parentheses around the '&&' expression to silence this warning
  z$w_buff1_used = z$w_buff0_used && z$r_buff0_thd0 || z$w_buff1_used && z$r_buff1_thd0 ? FALSE : z$w_buff1_used;
                                  ^
                   (                               )
mix036_tso.opt_false-unreach-call.c:326:71: warning: '&&' within '||' [-Wlogical-op-parentheses]
  z$w_buff1_used = z$w_buff0_used && z$r_buff0_thd0 || z$w_buff1_used && z$r_buff1_thd0 ? FALSE : z$w_buff1_used;
                                                    ~~ ~~~~~~~~~~~~~~~^~~~~~~~~~~~~~~~~
mix036_tso.opt_false-unreach-call.c:326:71: note: place parentheses around the '&&' expression to silence this warning
  z$w_buff1_used = z$w_buff0_used && z$r_buff0_thd0 || z$w_buff1_used && z$r_buff1_thd0 ? FALSE : z$w_buff1_used;
                                                                      ^
                                                       (                               )
mix036_tso.opt_false-unreach-call.c:328:35: warning: '&&' within '||' [-Wlogical-op-parentheses]
  z$r_buff1_thd0 = z$w_buff0_used && z$r_buff0_thd0 || z$w_buff1_used && z$r_buff1_thd0 ? FALSE : z$r_buff1_thd0;
                   ~~~~~~~~~~~~~~~^~~~~~~~~~~~~~~~~ ~~
mix036_tso.opt_false-unreach-call.c:328:35: note: place parentheses around the '&&' expression to silence this warning
  z$r_buff1_thd0 = z$w_buff0_used && z$r_buff0_thd0 || z$w_buff1_used && z$r_buff1_thd0 ? FALSE : z$r_buff1_thd0;
                                  ^
                   (                               )
mix036_tso.opt_false-unreach-call.c:328:71: warning: '&&' within '||' [-Wlogical-op-parentheses]
  z$r_buff1_thd0 = z$w_buff0_used && z$r_buff0_thd0 || z$w_buff1_used && z$r_buff1_thd0 ? FALSE : z$r_buff1_thd0;
                                                    ~~ ~~~~~~~~~~~~~~~^~~~~~~~~~~~~~~~~
mix036_tso.opt_false-unreach-call.c:328:71: note: place parentheses around the '&&' expression to silence this warning
  z$r_buff1_thd0 = z$w_buff0_used && z$r_buff0_thd0 || z$w_buff1_used && z$r_buff1_thd0 ? FALSE : z$r_buff1_thd0;
                                                                      ^
                                                       (                               )
33 warnings generated.
