mix047_rmo.oepc_false-unreach-call.c:4:34: warning: implicit declaration of function '__VERIFIER_assume' is invalid in C99 [-Wimplicit-function-declaration]
void __VERIFIER_atomic_begin() { __VERIFIER_assume(__global_lock==0); __global_lock=1; return; }
                                 ^
mix047_rmo.oepc_false-unreach-call.c:189:35: warning: '&&' within '||' [-Wlogical-op-parentheses]
  b$w_buff1_used = b$w_buff0_used && b$r_buff0_thd1 || b$w_buff1_used && b$r_buff1_thd1 ? FALSE : b$w_buff1_used;
                   ~~~~~~~~~~~~~~~^~~~~~~~~~~~~~~~~ ~~
mix047_rmo.oepc_false-unreach-call.c:189:35: note: place parentheses around the '&&' expression to silence this warning
  b$w_buff1_used = b$w_buff0_used && b$r_buff0_thd1 || b$w_buff1_used && b$r_buff1_thd1 ? FALSE : b$w_buff1_used;
                                  ^
                   (                               )
mix047_rmo.oepc_false-unreach-call.c:189:71: warning: '&&' within '||' [-Wlogical-op-parentheses]
  b$w_buff1_used = b$w_buff0_used && b$r_buff0_thd1 || b$w_buff1_used && b$r_buff1_thd1 ? FALSE : b$w_buff1_used;
                                                    ~~ ~~~~~~~~~~~~~~~^~~~~~~~~~~~~~~~~
mix047_rmo.oepc_false-unreach-call.c:189:71: note: place parentheses around the '&&' expression to silence this warning
  b$w_buff1_used = b$w_buff0_used && b$r_buff0_thd1 || b$w_buff1_used && b$r_buff1_thd1 ? FALSE : b$w_buff1_used;
                                                                      ^
                                                       (                               )
mix047_rmo.oepc_false-unreach-call.c:191:35: warning: '&&' within '||' [-Wlogical-op-parentheses]
  b$r_buff1_thd1 = b$w_buff0_used && b$r_buff0_thd1 || b$w_buff1_used && b$r_buff1_thd1 ? FALSE : b$r_buff1_thd1;
                   ~~~~~~~~~~~~~~~^~~~~~~~~~~~~~~~~ ~~
mix047_rmo.oepc_false-unreach-call.c:191:35: note: place parentheses around the '&&' expression to silence this warning
  b$r_buff1_thd1 = b$w_buff0_used && b$r_buff0_thd1 || b$w_buff1_used && b$r_buff1_thd1 ? FALSE : b$r_buff1_thd1;
                                  ^
                   (                               )
mix047_rmo.oepc_false-unreach-call.c:191:71: warning: '&&' within '||' [-Wlogical-op-parentheses]
  b$r_buff1_thd1 = b$w_buff0_used && b$r_buff0_thd1 || b$w_buff1_used && b$r_buff1_thd1 ? FALSE : b$r_buff1_thd1;
                                                    ~~ ~~~~~~~~~~~~~~~^~~~~~~~~~~~~~~~~
mix047_rmo.oepc_false-unreach-call.c:191:71: note: place parentheses around the '&&' expression to silence this warning
  b$r_buff1_thd1 = b$w_buff0_used && b$r_buff0_thd1 || b$w_buff1_used && b$r_buff1_thd1 ? FALSE : b$r_buff1_thd1;
                                                                      ^
                                                       (                               )
mix047_rmo.oepc_false-unreach-call.c:196:10: warning: implicit declaration of function 'nondet_0' is invalid in C99 [-Wimplicit-function-declaration]
  return nondet_0();
         ^
mix047_rmo.oepc_false-unreach-call.c:196:10: warning: incompatible integer to pointer conversion returning 'int' from a function with result type 'void *' [-Wint-conversion]
  return nondet_0();
         ^~~~~~~~~~
mix047_rmo.oepc_false-unreach-call.c:212:35: warning: '&&' within '||' [-Wlogical-op-parentheses]
  b$w_buff1_used = b$w_buff0_used && b$r_buff0_thd2 || b$w_buff1_used && b$r_buff1_thd2 ? FALSE : b$w_buff1_used;
                   ~~~~~~~~~~~~~~~^~~~~~~~~~~~~~~~~ ~~
mix047_rmo.oepc_false-unreach-call.c:212:35: note: place parentheses around the '&&' expression to silence this warning
  b$w_buff1_used = b$w_buff0_used && b$r_buff0_thd2 || b$w_buff1_used && b$r_buff1_thd2 ? FALSE : b$w_buff1_used;
                                  ^
                   (                               )
mix047_rmo.oepc_false-unreach-call.c:212:71: warning: '&&' within '||' [-Wlogical-op-parentheses]
  b$w_buff1_used = b$w_buff0_used && b$r_buff0_thd2 || b$w_buff1_used && b$r_buff1_thd2 ? FALSE : b$w_buff1_used;
                                                    ~~ ~~~~~~~~~~~~~~~^~~~~~~~~~~~~~~~~
mix047_rmo.oepc_false-unreach-call.c:212:71: note: place parentheses around the '&&' expression to silence this warning
  b$w_buff1_used = b$w_buff0_used && b$r_buff0_thd2 || b$w_buff1_used && b$r_buff1_thd2 ? FALSE : b$w_buff1_used;
                                                                      ^
                                                       (                               )
mix047_rmo.oepc_false-unreach-call.c:214:35: warning: '&&' within '||' [-Wlogical-op-parentheses]
  b$r_buff1_thd2 = b$w_buff0_used && b$r_buff0_thd2 || b$w_buff1_used && b$r_buff1_thd2 ? FALSE : b$r_buff1_thd2;
                   ~~~~~~~~~~~~~~~^~~~~~~~~~~~~~~~~ ~~
mix047_rmo.oepc_false-unreach-call.c:214:35: note: place parentheses around the '&&' expression to silence this warning
  b$r_buff1_thd2 = b$w_buff0_used && b$r_buff0_thd2 || b$w_buff1_used && b$r_buff1_thd2 ? FALSE : b$r_buff1_thd2;
                                  ^
                   (                               )
mix047_rmo.oepc_false-unreach-call.c:214:71: warning: '&&' within '||' [-Wlogical-op-parentheses]
  b$r_buff1_thd2 = b$w_buff0_used && b$r_buff0_thd2 || b$w_buff1_used && b$r_buff1_thd2 ? FALSE : b$r_buff1_thd2;
                                                    ~~ ~~~~~~~~~~~~~~~^~~~~~~~~~~~~~~~~
mix047_rmo.oepc_false-unreach-call.c:214:71: note: place parentheses around the '&&' expression to silence this warning
  b$r_buff1_thd2 = b$w_buff0_used && b$r_buff0_thd2 || b$w_buff1_used && b$r_buff1_thd2 ? FALSE : b$r_buff1_thd2;
                                                                      ^
                                                       (                               )
mix047_rmo.oepc_false-unreach-call.c:219:10: warning: incompatible integer to pointer conversion returning 'int' from a function with result type 'void *' [-Wint-conversion]
  return nondet_0();
         ^~~~~~~~~~
mix047_rmo.oepc_false-unreach-call.c:235:35: warning: '&&' within '||' [-Wlogical-op-parentheses]
  b$w_buff1_used = b$w_buff0_used && b$r_buff0_thd3 || b$w_buff1_used && b$r_buff1_thd3 ? FALSE : b$w_buff1_used;
                   ~~~~~~~~~~~~~~~^~~~~~~~~~~~~~~~~ ~~
mix047_rmo.oepc_false-unreach-call.c:235:35: note: place parentheses around the '&&' expression to silence this warning
  b$w_buff1_used = b$w_buff0_used && b$r_buff0_thd3 || b$w_buff1_used && b$r_buff1_thd3 ? FALSE : b$w_buff1_used;
                                  ^
                   (                               )
mix047_rmo.oepc_false-unreach-call.c:235:71: warning: '&&' within '||' [-Wlogical-op-parentheses]
  b$w_buff1_used = b$w_buff0_used && b$r_buff0_thd3 || b$w_buff1_used && b$r_buff1_thd3 ? FALSE : b$w_buff1_used;
                                                    ~~ ~~~~~~~~~~~~~~~^~~~~~~~~~~~~~~~~
mix047_rmo.oepc_false-unreach-call.c:235:71: note: place parentheses around the '&&' expression to silence this warning
  b$w_buff1_used = b$w_buff0_used && b$r_buff0_thd3 || b$w_buff1_used && b$r_buff1_thd3 ? FALSE : b$w_buff1_used;
                                                                      ^
                                                       (                               )
mix047_rmo.oepc_false-unreach-call.c:237:35: warning: '&&' within '||' [-Wlogical-op-parentheses]
  b$r_buff1_thd3 = b$w_buff0_used && b$r_buff0_thd3 || b$w_buff1_used && b$r_buff1_thd3 ? FALSE : b$r_buff1_thd3;
                   ~~~~~~~~~~~~~~~^~~~~~~~~~~~~~~~~ ~~
mix047_rmo.oepc_false-unreach-call.c:237:35: note: place parentheses around the '&&' expression to silence this warning
  b$r_buff1_thd3 = b$w_buff0_used && b$r_buff0_thd3 || b$w_buff1_used && b$r_buff1_thd3 ? FALSE : b$r_buff1_thd3;
                                  ^
                   (                               )
mix047_rmo.oepc_false-unreach-call.c:237:71: warning: '&&' within '||' [-Wlogical-op-parentheses]
  b$r_buff1_thd3 = b$w_buff0_used && b$r_buff0_thd3 || b$w_buff1_used && b$r_buff1_thd3 ? FALSE : b$r_buff1_thd3;
                                                    ~~ ~~~~~~~~~~~~~~~^~~~~~~~~~~~~~~~~
mix047_rmo.oepc_false-unreach-call.c:237:71: note: place parentheses around the '&&' expression to silence this warning
  b$r_buff1_thd3 = b$w_buff0_used && b$r_buff0_thd3 || b$w_buff1_used && b$r_buff1_thd3 ? FALSE : b$r_buff1_thd3;
                                                                      ^
                                                       (                               )
mix047_rmo.oepc_false-unreach-call.c:242:10: warning: incompatible integer to pointer conversion returning 'int' from a function with result type 'void *' [-Wint-conversion]
  return nondet_0();
         ^~~~~~~~~~
mix047_rmo.oepc_false-unreach-call.c:259:19: warning: implicit declaration of function 'nondet_1' is invalid in C99 [-Wimplicit-function-declaration]
  weak$$choice0 = nondet_1();
                  ^
mix047_rmo.oepc_false-unreach-call.c:263:42: warning: '&&' within '||' [-Wlogical-op-parentheses]
  b = !b$w_buff0_used || !b$r_buff0_thd4 && !b$w_buff1_used || !b$r_buff0_thd4 && !b$r_buff1_thd4 ? b : (b$w_buff0_used && b$r_buff0_thd4 ? b$w_buff0 : b$w_buff1);
                      ~~ ~~~~~~~~~~~~~~~~^~~~~~~~~~~~~~~~~~
mix047_rmo.oepc_false-unreach-call.c:263:42: note: place parentheses around the '&&' expression to silence this warning
  b = !b$w_buff0_used || !b$r_buff0_thd4 && !b$w_buff1_used || !b$r_buff0_thd4 && !b$r_buff1_thd4 ? b : (b$w_buff0_used && b$r_buff0_thd4 ? b$w_buff0 : b$w_buff1);
                                         ^
                         (                                 )
mix047_rmo.oepc_false-unreach-call.c:263:80: warning: '&&' within '||' [-Wlogical-op-parentheses]
  b = !b$w_buff0_used || !b$r_buff0_thd4 && !b$w_buff1_used || !b$r_buff0_thd4 && !b$r_buff1_thd4 ? b : (b$w_buff0_used && b$r_buff0_thd4 ? b$w_buff0 : b$w_buff1);
                                                            ~~ ~~~~~~~~~~~~~~~~^~~~~~~~~~~~~~~~~~
mix047_rmo.oepc_false-unreach-call.c:263:80: note: place parentheses around the '&&' expression to silence this warning
  b = !b$w_buff0_used || !b$r_buff0_thd4 && !b$w_buff1_used || !b$r_buff0_thd4 && !b$r_buff1_thd4 ? b : (b$w_buff0_used && b$r_buff0_thd4 ? b$w_buff0 : b$w_buff1);
                                                                               ^
                                                               (                                 )
mix047_rmo.oepc_false-unreach-call.c:264:79: warning: '&&' within '||' [-Wlogical-op-parentheses]
  b$w_buff0 = weak$$choice2 ? b$w_buff0 : (!b$w_buff0_used || !b$r_buff0_thd4 && !b$w_buff1_used || !b$r_buff0_thd4 && !b$r_buff1_thd4 ? b$w_buff0 : (b$w_buff0_used && b$r_buff0_thd4 ? b$w_buff0 : b$w_buff0));
                                                           ~~ ~~~~~~~~~~~~~~~~^~~~~~~~~~~~~~~~~~
mix047_rmo.oepc_false-unreach-call.c:264:79: note: place parentheses around the '&&' expression to silence this warning
  b$w_buff0 = weak$$choice2 ? b$w_buff0 : (!b$w_buff0_used || !b$r_buff0_thd4 && !b$w_buff1_used || !b$r_buff0_thd4 && !b$r_buff1_thd4 ? b$w_buff0 : (b$w_buff0_used && b$r_buff0_thd4 ? b$w_buff0 : b$w_buff0));
                                                                              ^
                                                              (                                 )
mix047_rmo.oepc_false-unreach-call.c:264:117: warning: '&&' within '||' [-Wlogical-op-parentheses]
  b$w_buff0 = weak$$choice2 ? b$w_buff0 : (!b$w_buff0_used || !b$r_buff0_thd4 && !b$w_buff1_used || !b$r_buff0_thd4 && !b$r_buff1_thd4 ? b$w_buff0 : (b$w_buff0_used && b$r_buff0_thd4 ? b$w_buff0 : b$w_buff0));
                                                                                                 ~~ ~~~~~~~~~~~~~~~~^~~~~~~~~~~~~~~~~~
mix047_rmo.oepc_false-unreach-call.c:264:117: note: place parentheses around the '&&' expression to silence this warning
  b$w_buff0 = weak$$choice2 ? b$w_buff0 : (!b$w_buff0_used || !b$r_buff0_thd4 && !b$w_buff1_used || !b$r_buff0_thd4 && !b$r_buff1_thd4 ? b$w_buff0 : (b$w_buff0_used && b$r_buff0_thd4 ? b$w_buff0 : b$w_buff0));
                                                                                                                    ^
                                                                                                    (                                 )
mix047_rmo.oepc_false-unreach-call.c:265:79: warning: '&&' within '||' [-Wlogical-op-parentheses]
  b$w_buff1 = weak$$choice2 ? b$w_buff1 : (!b$w_buff0_used || !b$r_buff0_thd4 && !b$w_buff1_used || !b$r_buff0_thd4 && !b$r_buff1_thd4 ? b$w_buff1 : (b$w_buff0_used && b$r_buff0_thd4 ? b$w_buff1 : b$w_buff1));
                                                           ~~ ~~~~~~~~~~~~~~~~^~~~~~~~~~~~~~~~~~
mix047_rmo.oepc_false-unreach-call.c:265:79: note: place parentheses around the '&&' expression to silence this warning
  b$w_buff1 = weak$$choice2 ? b$w_buff1 : (!b$w_buff0_used || !b$r_buff0_thd4 && !b$w_buff1_used || !b$r_buff0_thd4 && !b$r_buff1_thd4 ? b$w_buff1 : (b$w_buff0_used && b$r_buff0_thd4 ? b$w_buff1 : b$w_buff1));
                                                                              ^
                                                              (                                 )
mix047_rmo.oepc_false-unreach-call.c:265:117: warning: '&&' within '||' [-Wlogical-op-parentheses]
  b$w_buff1 = weak$$choice2 ? b$w_buff1 : (!b$w_buff0_used || !b$r_buff0_thd4 && !b$w_buff1_used || !b$r_buff0_thd4 && !b$r_buff1_thd4 ? b$w_buff1 : (b$w_buff0_used && b$r_buff0_thd4 ? b$w_buff1 : b$w_buff1));
                                                                                                 ~~ ~~~~~~~~~~~~~~~~^~~~~~~~~~~~~~~~~~
mix047_rmo.oepc_false-unreach-call.c:265:117: note: place parentheses around the '&&' expression to silence this warning
  b$w_buff1 = weak$$choice2 ? b$w_buff1 : (!b$w_buff0_used || !b$r_buff0_thd4 && !b$w_buff1_used || !b$r_buff0_thd4 && !b$r_buff1_thd4 ? b$w_buff1 : (b$w_buff0_used && b$r_buff0_thd4 ? b$w_buff1 : b$w_buff1));
                                                                                                                    ^
                                                                                                    (                                 )
mix047_rmo.oepc_false-unreach-call.c:266:89: warning: '&&' within '||' [-Wlogical-op-parentheses]
  b$w_buff0_used = weak$$choice2 ? b$w_buff0_used : (!b$w_buff0_used || !b$r_buff0_thd4 && !b$w_buff1_used || !b$r_buff0_thd4 && !b$r_buff1_thd4 ? b$w_buff0_used : (b$w_buff0_used && b$r_buff0_thd4 ? FALSE : b$w_buff0_used));
                                                                     ~~ ~~~~~~~~~~~~~~~~^~~~~~~~~~~~~~~~~~
mix047_rmo.oepc_false-unreach-call.c:266:89: note: place parentheses around the '&&' expression to silence this warning
  b$w_buff0_used = weak$$choice2 ? b$w_buff0_used : (!b$w_buff0_used || !b$r_buff0_thd4 && !b$w_buff1_used || !b$r_buff0_thd4 && !b$r_buff1_thd4 ? b$w_buff0_used : (b$w_buff0_used && b$r_buff0_thd4 ? FALSE : b$w_buff0_used));
                                                                                        ^
                                                                        (                                 )
mix047_rmo.oepc_false-unreach-call.c:266:127: warning: '&&' within '||' [-Wlogical-op-parentheses]
  b$w_buff0_used = weak$$choice2 ? b$w_buff0_used : (!b$w_buff0_used || !b$r_buff0_thd4 && !b$w_buff1_used || !b$r_buff0_thd4 && !b$r_buff1_thd4 ? b$w_buff0_used : (b$w_buff0_used && b$r_buff0_thd4 ? FALSE : b$w_buff0_used));
                                                                                                           ~~ ~~~~~~~~~~~~~~~~^~~~~~~~~~~~~~~~~~
mix047_rmo.oepc_false-unreach-call.c:266:127: note: place parentheses around the '&&' expression to silence this warning
  b$w_buff0_used = weak$$choice2 ? b$w_buff0_used : (!b$w_buff0_used || !b$r_buff0_thd4 && !b$w_buff1_used || !b$r_buff0_thd4 && !b$r_buff1_thd4 ? b$w_buff0_used : (b$w_buff0_used && b$r_buff0_thd4 ? FALSE : b$w_buff0_used));
                                                                                                                              ^
                                                                                                              (                                 )
mix047_rmo.oepc_false-unreach-call.c:267:89: warning: '&&' within '||' [-Wlogical-op-parentheses]
  b$w_buff1_used = weak$$choice2 ? b$w_buff1_used : (!b$w_buff0_used || !b$r_buff0_thd4 && !b$w_buff1_used || !b$r_buff0_thd4 && !b$r_buff1_thd4 ? b$w_buff1_used : (b$w_buff0_used && b$r_buff0_thd4 ? FALSE : FALSE));
                                                                     ~~ ~~~~~~~~~~~~~~~~^~~~~~~~~~~~~~~~~~
mix047_rmo.oepc_false-unreach-call.c:267:89: note: place parentheses around the '&&' expression to silence this warning
  b$w_buff1_used = weak$$choice2 ? b$w_buff1_used : (!b$w_buff0_used || !b$r_buff0_thd4 && !b$w_buff1_used || !b$r_buff0_thd4 && !b$r_buff1_thd4 ? b$w_buff1_used : (b$w_buff0_used && b$r_buff0_thd4 ? FALSE : FALSE));
                                                                                        ^
                                                                        (                                 )
mix047_rmo.oepc_false-unreach-call.c:267:127: warning: '&&' within '||' [-Wlogical-op-parentheses]
  b$w_buff1_used = weak$$choice2 ? b$w_buff1_used : (!b$w_buff0_used || !b$r_buff0_thd4 && !b$w_buff1_used || !b$r_buff0_thd4 && !b$r_buff1_thd4 ? b$w_buff1_used : (b$w_buff0_used && b$r_buff0_thd4 ? FALSE : FALSE));
                                                                                                           ~~ ~~~~~~~~~~~~~~~~^~~~~~~~~~~~~~~~~~
mix047_rmo.oepc_false-unreach-call.c:267:127: note: place parentheses around the '&&' expression to silence this warning
  b$w_buff1_used = weak$$choice2 ? b$w_buff1_used : (!b$w_buff0_used || !b$r_buff0_thd4 && !b$w_buff1_used || !b$r_buff0_thd4 && !b$r_buff1_thd4 ? b$w_buff1_used : (b$w_buff0_used && b$r_buff0_thd4 ? FALSE : FALSE));
                                                                                                                              ^
                                                                                                              (                                 )
mix047_rmo.oepc_false-unreach-call.c:268:89: warning: '&&' within '||' [-Wlogical-op-parentheses]
  b$r_buff0_thd4 = weak$$choice2 ? b$r_buff0_thd4 : (!b$w_buff0_used || !b$r_buff0_thd4 && !b$w_buff1_used || !b$r_buff0_thd4 && !b$r_buff1_thd4 ? b$r_buff0_thd4 : (b$w_buff0_used && b$r_buff0_thd4 ? FALSE : b$r_buff0_thd4));
                                                                     ~~ ~~~~~~~~~~~~~~~~^~~~~~~~~~~~~~~~~~
mix047_rmo.oepc_false-unreach-call.c:268:89: note: place parentheses around the '&&' expression to silence this warning
  b$r_buff0_thd4 = weak$$choice2 ? b$r_buff0_thd4 : (!b$w_buff0_used || !b$r_buff0_thd4 && !b$w_buff1_used || !b$r_buff0_thd4 && !b$r_buff1_thd4 ? b$r_buff0_thd4 : (b$w_buff0_used && b$r_buff0_thd4 ? FALSE : b$r_buff0_thd4));
                                                                                        ^
                                                                        (                                 )
mix047_rmo.oepc_false-unreach-call.c:268:127: warning: '&&' within '||' [-Wlogical-op-parentheses]
  b$r_buff0_thd4 = weak$$choice2 ? b$r_buff0_thd4 : (!b$w_buff0_used || !b$r_buff0_thd4 && !b$w_buff1_used || !b$r_buff0_thd4 && !b$r_buff1_thd4 ? b$r_buff0_thd4 : (b$w_buff0_used && b$r_buff0_thd4 ? FALSE : b$r_buff0_thd4));
                                                                                                           ~~ ~~~~~~~~~~~~~~~~^~~~~~~~~~~~~~~~~~
mix047_rmo.oepc_false-unreach-call.c:268:127: note: place parentheses around the '&&' expression to silence this warning
  b$r_buff0_thd4 = weak$$choice2 ? b$r_buff0_thd4 : (!b$w_buff0_used || !b$r_buff0_thd4 && !b$w_buff1_used || !b$r_buff0_thd4 && !b$r_buff1_thd4 ? b$r_buff0_thd4 : (b$w_buff0_used && b$r_buff0_thd4 ? FALSE : b$r_buff0_thd4));
                                                                                                                              ^
                                                                                                              (                                 )
mix047_rmo.oepc_false-unreach-call.c:269:89: warning: '&&' within '||' [-Wlogical-op-parentheses]
  b$r_buff1_thd4 = weak$$choice2 ? b$r_buff1_thd4 : (!b$w_buff0_used || !b$r_buff0_thd4 && !b$w_buff1_used || !b$r_buff0_thd4 && !b$r_buff1_thd4 ? b$r_buff1_thd4 : (b$w_buff0_used && b$r_buff0_thd4 ? FALSE : FALSE));
                                                                     ~~ ~~~~~~~~~~~~~~~~^~~~~~~~~~~~~~~~~~
mix047_rmo.oepc_false-unreach-call.c:269:89: note: place parentheses around the '&&' expression to silence this warning
  b$r_buff1_thd4 = weak$$choice2 ? b$r_buff1_thd4 : (!b$w_buff0_used || !b$r_buff0_thd4 && !b$w_buff1_used || !b$r_buff0_thd4 && !b$r_buff1_thd4 ? b$r_buff1_thd4 : (b$w_buff0_used && b$r_buff0_thd4 ? FALSE : FALSE));
                                                                                        ^
                                                                        (                                 )
mix047_rmo.oepc_false-unreach-call.c:269:127: warning: '&&' within '||' [-Wlogical-op-parentheses]
  b$r_buff1_thd4 = weak$$choice2 ? b$r_buff1_thd4 : (!b$w_buff0_used || !b$r_buff0_thd4 && !b$w_buff1_used || !b$r_buff0_thd4 && !b$r_buff1_thd4 ? b$r_buff1_thd4 : (b$w_buff0_used && b$r_buff0_thd4 ? FALSE : FALSE));
                                                                                                           ~~ ~~~~~~~~~~~~~~~~^~~~~~~~~~~~~~~~~~
mix047_rmo.oepc_false-unreach-call.c:269:127: note: place parentheses around the '&&' expression to silence this warning
  b$r_buff1_thd4 = weak$$choice2 ? b$r_buff1_thd4 : (!b$w_buff0_used || !b$r_buff0_thd4 && !b$w_buff1_used || !b$r_buff0_thd4 && !b$r_buff1_thd4 ? b$r_buff1_thd4 : (b$w_buff0_used && b$r_buff0_thd4 ? FALSE : FALSE));
                                                                                                                              ^
                                                                                                              (                                 )
mix047_rmo.oepc_false-unreach-call.c:277:35: warning: '&&' within '||' [-Wlogical-op-parentheses]
  b$w_buff1_used = b$w_buff0_used && b$r_buff0_thd4 || b$w_buff1_used && b$r_buff1_thd4 ? FALSE : b$w_buff1_used;
                   ~~~~~~~~~~~~~~~^~~~~~~~~~~~~~~~~ ~~
mix047_rmo.oepc_false-unreach-call.c:277:35: note: place parentheses around the '&&' expression to silence this warning
  b$w_buff1_used = b$w_buff0_used && b$r_buff0_thd4 || b$w_buff1_used && b$r_buff1_thd4 ? FALSE : b$w_buff1_used;
                                  ^
                   (                               )
mix047_rmo.oepc_false-unreach-call.c:277:71: warning: '&&' within '||' [-Wlogical-op-parentheses]
  b$w_buff1_used = b$w_buff0_used && b$r_buff0_thd4 || b$w_buff1_used && b$r_buff1_thd4 ? FALSE : b$w_buff1_used;
                                                    ~~ ~~~~~~~~~~~~~~~^~~~~~~~~~~~~~~~~
mix047_rmo.oepc_false-unreach-call.c:277:71: note: place parentheses around the '&&' expression to silence this warning
  b$w_buff1_used = b$w_buff0_used && b$r_buff0_thd4 || b$w_buff1_used && b$r_buff1_thd4 ? FALSE : b$w_buff1_used;
                                                                      ^
                                                       (                               )
mix047_rmo.oepc_false-unreach-call.c:279:35: warning: '&&' within '||' [-Wlogical-op-parentheses]
  b$r_buff1_thd4 = b$w_buff0_used && b$r_buff0_thd4 || b$w_buff1_used && b$r_buff1_thd4 ? FALSE : b$r_buff1_thd4;
                   ~~~~~~~~~~~~~~~^~~~~~~~~~~~~~~~~ ~~
mix047_rmo.oepc_false-unreach-call.c:279:35: note: place parentheses around the '&&' expression to silence this warning
  b$r_buff1_thd4 = b$w_buff0_used && b$r_buff0_thd4 || b$w_buff1_used && b$r_buff1_thd4 ? FALSE : b$r_buff1_thd4;
                                  ^
                   (                               )
mix047_rmo.oepc_false-unreach-call.c:279:71: warning: '&&' within '||' [-Wlogical-op-parentheses]
  b$r_buff1_thd4 = b$w_buff0_used && b$r_buff0_thd4 || b$w_buff1_used && b$r_buff1_thd4 ? FALSE : b$r_buff1_thd4;
                                                    ~~ ~~~~~~~~~~~~~~~^~~~~~~~~~~~~~~~~
mix047_rmo.oepc_false-unreach-call.c:279:71: note: place parentheses around the '&&' expression to silence this warning
  b$r_buff1_thd4 = b$w_buff0_used && b$r_buff0_thd4 || b$w_buff1_used && b$r_buff1_thd4 ? FALSE : b$r_buff1_thd4;
                                                                      ^
                                                       (                               )
mix047_rmo.oepc_false-unreach-call.c:284:10: warning: incompatible integer to pointer conversion returning 'int' from a function with result type 'void *' [-Wint-conversion]
  return nondet_0();
         ^~~~~~~~~~
mix047_rmo.oepc_false-unreach-call.c:312:38: warning: null passed to a callee which requires a non-null argument [-Wnonnull]
  pthread_create(NULL, NULL, P0, NULL);
                 ~~~~                ^
mix047_rmo.oepc_false-unreach-call.c:313:38: warning: null passed to a callee which requires a non-null argument [-Wnonnull]
  pthread_create(NULL, NULL, P1, NULL);
                 ~~~~                ^
mix047_rmo.oepc_false-unreach-call.c:314:38: warning: null passed to a callee which requires a non-null argument [-Wnonnull]
  pthread_create(NULL, NULL, P2, NULL);
                 ~~~~                ^
mix047_rmo.oepc_false-unreach-call.c:315:38: warning: null passed to a callee which requires a non-null argument [-Wnonnull]
  pthread_create(NULL, NULL, P3, NULL);
                 ~~~~                ^
mix047_rmo.oepc_false-unreach-call.c:323:35: warning: '&&' within '||' [-Wlogical-op-parentheses]
  b$w_buff1_used = b$w_buff0_used && b$r_buff0_thd0 || b$w_buff1_used && b$r_buff1_thd0 ? FALSE : b$w_buff1_used;
                   ~~~~~~~~~~~~~~~^~~~~~~~~~~~~~~~~ ~~
mix047_rmo.oepc_false-unreach-call.c:323:35: note: place parentheses around the '&&' expression to silence this warning
  b$w_buff1_used = b$w_buff0_used && b$r_buff0_thd0 || b$w_buff1_used && b$r_buff1_thd0 ? FALSE : b$w_buff1_used;
                                  ^
                   (                               )
mix047_rmo.oepc_false-unreach-call.c:323:71: warning: '&&' within '||' [-Wlogical-op-parentheses]
  b$w_buff1_used = b$w_buff0_used && b$r_buff0_thd0 || b$w_buff1_used && b$r_buff1_thd0 ? FALSE : b$w_buff1_used;
                                                    ~~ ~~~~~~~~~~~~~~~^~~~~~~~~~~~~~~~~
mix047_rmo.oepc_false-unreach-call.c:323:71: note: place parentheses around the '&&' expression to silence this warning
  b$w_buff1_used = b$w_buff0_used && b$r_buff0_thd0 || b$w_buff1_used && b$r_buff1_thd0 ? FALSE : b$w_buff1_used;
                                                                      ^
                                                       (                               )
mix047_rmo.oepc_false-unreach-call.c:325:35: warning: '&&' within '||' [-Wlogical-op-parentheses]
  b$r_buff1_thd0 = b$w_buff0_used && b$r_buff0_thd0 || b$w_buff1_used && b$r_buff1_thd0 ? FALSE : b$r_buff1_thd0;
                   ~~~~~~~~~~~~~~~^~~~~~~~~~~~~~~~~ ~~
mix047_rmo.oepc_false-unreach-call.c:325:35: note: place parentheses around the '&&' expression to silence this warning
  b$r_buff1_thd0 = b$w_buff0_used && b$r_buff0_thd0 || b$w_buff1_used && b$r_buff1_thd0 ? FALSE : b$r_buff1_thd0;
                                  ^
                   (                               )
mix047_rmo.oepc_false-unreach-call.c:325:71: warning: '&&' within '||' [-Wlogical-op-parentheses]
  b$r_buff1_thd0 = b$w_buff0_used && b$r_buff0_thd0 || b$w_buff1_used && b$r_buff1_thd0 ? FALSE : b$r_buff1_thd0;
                                                    ~~ ~~~~~~~~~~~~~~~^~~~~~~~~~~~~~~~~
mix047_rmo.oepc_false-unreach-call.c:325:71: note: place parentheses around the '&&' expression to silence this warning
  b$r_buff1_thd0 = b$w_buff0_used && b$r_buff0_thd0 || b$w_buff1_used && b$r_buff1_thd0 ? FALSE : b$r_buff1_thd0;
                                                                      ^
                                                       (                               )
45 warnings generated.
