mix008_rmo.opt_false-unreach-call.c:4:34: warning: implicit declaration of function '__VERIFIER_assume' is invalid in C99 [-Wimplicit-function-declaration]
void __VERIFIER_atomic_begin() { __VERIFIER_assume(__global_lock==0); __global_lock=1; return; }
                                 ^
mix008_rmo.opt_false-unreach-call.c:187:10: warning: implicit declaration of function 'nondet_0' is invalid in C99 [-Wimplicit-function-declaration]
  return nondet_0();
         ^
mix008_rmo.opt_false-unreach-call.c:187:10: warning: incompatible integer to pointer conversion returning 'int' from a function with result type 'void *' [-Wint-conversion]
  return nondet_0();
         ^~~~~~~~~~
mix008_rmo.opt_false-unreach-call.c:205:10: warning: incompatible integer to pointer conversion returning 'int' from a function with result type 'void *' [-Wint-conversion]
  return nondet_0();
         ^~~~~~~~~~
mix008_rmo.opt_false-unreach-call.c:219:19: warning: implicit declaration of function 'nondet_1' is invalid in C99 [-Wimplicit-function-declaration]
  weak$$choice0 = nondet_1();
                  ^
mix008_rmo.opt_false-unreach-call.c:223:42: warning: '&&' within '||' [-Wlogical-op-parentheses]
  z = !z$w_buff0_used || !z$r_buff0_thd3 && !z$w_buff1_used || !z$r_buff0_thd3 && !z$r_buff1_thd3 ? z : (z$w_buff0_used && z$r_buff0_thd3 ? z$w_buff0 : z$w_buff1);
                      ~~ ~~~~~~~~~~~~~~~~^~~~~~~~~~~~~~~~~~
mix008_rmo.opt_false-unreach-call.c:223:42: note: place parentheses around the '&&' expression to silence this warning
  z = !z$w_buff0_used || !z$r_buff0_thd3 && !z$w_buff1_used || !z$r_buff0_thd3 && !z$r_buff1_thd3 ? z : (z$w_buff0_used && z$r_buff0_thd3 ? z$w_buff0 : z$w_buff1);
                                         ^
                         (                                 )
mix008_rmo.opt_false-unreach-call.c:223:80: warning: '&&' within '||' [-Wlogical-op-parentheses]
  z = !z$w_buff0_used || !z$r_buff0_thd3 && !z$w_buff1_used || !z$r_buff0_thd3 && !z$r_buff1_thd3 ? z : (z$w_buff0_used && z$r_buff0_thd3 ? z$w_buff0 : z$w_buff1);
                                                            ~~ ~~~~~~~~~~~~~~~~^~~~~~~~~~~~~~~~~~
mix008_rmo.opt_false-unreach-call.c:223:80: note: place parentheses around the '&&' expression to silence this warning
  z = !z$w_buff0_used || !z$r_buff0_thd3 && !z$w_buff1_used || !z$r_buff0_thd3 && !z$r_buff1_thd3 ? z : (z$w_buff0_used && z$r_buff0_thd3 ? z$w_buff0 : z$w_buff1);
                                                                               ^
                                                               (                                 )
mix008_rmo.opt_false-unreach-call.c:224:79: warning: '&&' within '||' [-Wlogical-op-parentheses]
  z$w_buff0 = weak$$choice2 ? z$w_buff0 : (!z$w_buff0_used || !z$r_buff0_thd3 && !z$w_buff1_used || !z$r_buff0_thd3 && !z$r_buff1_thd3 ? z$w_buff0 : (z$w_buff0_used && z$r_buff0_thd3 ? z$w_buff0 : z$w_buff0));
                                                           ~~ ~~~~~~~~~~~~~~~~^~~~~~~~~~~~~~~~~~
mix008_rmo.opt_false-unreach-call.c:224:79: note: place parentheses around the '&&' expression to silence this warning
  z$w_buff0 = weak$$choice2 ? z$w_buff0 : (!z$w_buff0_used || !z$r_buff0_thd3 && !z$w_buff1_used || !z$r_buff0_thd3 && !z$r_buff1_thd3 ? z$w_buff0 : (z$w_buff0_used && z$r_buff0_thd3 ? z$w_buff0 : z$w_buff0));
                                                                              ^
                                                              (                                 )
mix008_rmo.opt_false-unreach-call.c:224:117: warning: '&&' within '||' [-Wlogical-op-parentheses]
  z$w_buff0 = weak$$choice2 ? z$w_buff0 : (!z$w_buff0_used || !z$r_buff0_thd3 && !z$w_buff1_used || !z$r_buff0_thd3 && !z$r_buff1_thd3 ? z$w_buff0 : (z$w_buff0_used && z$r_buff0_thd3 ? z$w_buff0 : z$w_buff0));
                                                                                                 ~~ ~~~~~~~~~~~~~~~~^~~~~~~~~~~~~~~~~~
mix008_rmo.opt_false-unreach-call.c:224:117: note: place parentheses around the '&&' expression to silence this warning
  z$w_buff0 = weak$$choice2 ? z$w_buff0 : (!z$w_buff0_used || !z$r_buff0_thd3 && !z$w_buff1_used || !z$r_buff0_thd3 && !z$r_buff1_thd3 ? z$w_buff0 : (z$w_buff0_used && z$r_buff0_thd3 ? z$w_buff0 : z$w_buff0));
                                                                                                                    ^
                                                                                                    (                                 )
mix008_rmo.opt_false-unreach-call.c:225:79: warning: '&&' within '||' [-Wlogical-op-parentheses]
  z$w_buff1 = weak$$choice2 ? z$w_buff1 : (!z$w_buff0_used || !z$r_buff0_thd3 && !z$w_buff1_used || !z$r_buff0_thd3 && !z$r_buff1_thd3 ? z$w_buff1 : (z$w_buff0_used && z$r_buff0_thd3 ? z$w_buff1 : z$w_buff1));
                                                           ~~ ~~~~~~~~~~~~~~~~^~~~~~~~~~~~~~~~~~
mix008_rmo.opt_false-unreach-call.c:225:79: note: place parentheses around the '&&' expression to silence this warning
  z$w_buff1 = weak$$choice2 ? z$w_buff1 : (!z$w_buff0_used || !z$r_buff0_thd3 && !z$w_buff1_used || !z$r_buff0_thd3 && !z$r_buff1_thd3 ? z$w_buff1 : (z$w_buff0_used && z$r_buff0_thd3 ? z$w_buff1 : z$w_buff1));
                                                                              ^
                                                              (                                 )
mix008_rmo.opt_false-unreach-call.c:225:117: warning: '&&' within '||' [-Wlogical-op-parentheses]
  z$w_buff1 = weak$$choice2 ? z$w_buff1 : (!z$w_buff0_used || !z$r_buff0_thd3 && !z$w_buff1_used || !z$r_buff0_thd3 && !z$r_buff1_thd3 ? z$w_buff1 : (z$w_buff0_used && z$r_buff0_thd3 ? z$w_buff1 : z$w_buff1));
                                                                                                 ~~ ~~~~~~~~~~~~~~~~^~~~~~~~~~~~~~~~~~
mix008_rmo.opt_false-unreach-call.c:225:117: note: place parentheses around the '&&' expression to silence this warning
  z$w_buff1 = weak$$choice2 ? z$w_buff1 : (!z$w_buff0_used || !z$r_buff0_thd3 && !z$w_buff1_used || !z$r_buff0_thd3 && !z$r_buff1_thd3 ? z$w_buff1 : (z$w_buff0_used && z$r_buff0_thd3 ? z$w_buff1 : z$w_buff1));
                                                                                                                    ^
                                                                                                    (                                 )
mix008_rmo.opt_false-unreach-call.c:226:89: warning: '&&' within '||' [-Wlogical-op-parentheses]
  z$w_buff0_used = weak$$choice2 ? z$w_buff0_used : (!z$w_buff0_used || !z$r_buff0_thd3 && !z$w_buff1_used || !z$r_buff0_thd3 && !z$r_buff1_thd3 ? z$w_buff0_used : (z$w_buff0_used && z$r_buff0_thd3 ? FALSE : z$w_buff0_used));
                                                                     ~~ ~~~~~~~~~~~~~~~~^~~~~~~~~~~~~~~~~~
mix008_rmo.opt_false-unreach-call.c:226:89: note: place parentheses around the '&&' expression to silence this warning
  z$w_buff0_used = weak$$choice2 ? z$w_buff0_used : (!z$w_buff0_used || !z$r_buff0_thd3 && !z$w_buff1_used || !z$r_buff0_thd3 && !z$r_buff1_thd3 ? z$w_buff0_used : (z$w_buff0_used && z$r_buff0_thd3 ? FALSE : z$w_buff0_used));
                                                                                        ^
                                                                        (                                 )
mix008_rmo.opt_false-unreach-call.c:226:127: warning: '&&' within '||' [-Wlogical-op-parentheses]
  z$w_buff0_used = weak$$choice2 ? z$w_buff0_used : (!z$w_buff0_used || !z$r_buff0_thd3 && !z$w_buff1_used || !z$r_buff0_thd3 && !z$r_buff1_thd3 ? z$w_buff0_used : (z$w_buff0_used && z$r_buff0_thd3 ? FALSE : z$w_buff0_used));
                                                                                                           ~~ ~~~~~~~~~~~~~~~~^~~~~~~~~~~~~~~~~~
mix008_rmo.opt_false-unreach-call.c:226:127: note: place parentheses around the '&&' expression to silence this warning
  z$w_buff0_used = weak$$choice2 ? z$w_buff0_used : (!z$w_buff0_used || !z$r_buff0_thd3 && !z$w_buff1_used || !z$r_buff0_thd3 && !z$r_buff1_thd3 ? z$w_buff0_used : (z$w_buff0_used && z$r_buff0_thd3 ? FALSE : z$w_buff0_used));
                                                                                                                              ^
                                                                                                              (                                 )
mix008_rmo.opt_false-unreach-call.c:227:89: warning: '&&' within '||' [-Wlogical-op-parentheses]
  z$w_buff1_used = weak$$choice2 ? z$w_buff1_used : (!z$w_buff0_used || !z$r_buff0_thd3 && !z$w_buff1_used || !z$r_buff0_thd3 && !z$r_buff1_thd3 ? z$w_buff1_used : (z$w_buff0_used && z$r_buff0_thd3 ? FALSE : FALSE));
                                                                     ~~ ~~~~~~~~~~~~~~~~^~~~~~~~~~~~~~~~~~
mix008_rmo.opt_false-unreach-call.c:227:89: note: place parentheses around the '&&' expression to silence this warning
  z$w_buff1_used = weak$$choice2 ? z$w_buff1_used : (!z$w_buff0_used || !z$r_buff0_thd3 && !z$w_buff1_used || !z$r_buff0_thd3 && !z$r_buff1_thd3 ? z$w_buff1_used : (z$w_buff0_used && z$r_buff0_thd3 ? FALSE : FALSE));
                                                                                        ^
                                                                        (                                 )
mix008_rmo.opt_false-unreach-call.c:227:127: warning: '&&' within '||' [-Wlogical-op-parentheses]
  z$w_buff1_used = weak$$choice2 ? z$w_buff1_used : (!z$w_buff0_used || !z$r_buff0_thd3 && !z$w_buff1_used || !z$r_buff0_thd3 && !z$r_buff1_thd3 ? z$w_buff1_used : (z$w_buff0_used && z$r_buff0_thd3 ? FALSE : FALSE));
                                                                                                           ~~ ~~~~~~~~~~~~~~~~^~~~~~~~~~~~~~~~~~
mix008_rmo.opt_false-unreach-call.c:227:127: note: place parentheses around the '&&' expression to silence this warning
  z$w_buff1_used = weak$$choice2 ? z$w_buff1_used : (!z$w_buff0_used || !z$r_buff0_thd3 && !z$w_buff1_used || !z$r_buff0_thd3 && !z$r_buff1_thd3 ? z$w_buff1_used : (z$w_buff0_used && z$r_buff0_thd3 ? FALSE : FALSE));
                                                                                                                              ^
                                                                                                              (                                 )
mix008_rmo.opt_false-unreach-call.c:228:89: warning: '&&' within '||' [-Wlogical-op-parentheses]
  z$r_buff0_thd3 = weak$$choice2 ? z$r_buff0_thd3 : (!z$w_buff0_used || !z$r_buff0_thd3 && !z$w_buff1_used || !z$r_buff0_thd3 && !z$r_buff1_thd3 ? z$r_buff0_thd3 : (z$w_buff0_used && z$r_buff0_thd3 ? FALSE : z$r_buff0_thd3));
                                                                     ~~ ~~~~~~~~~~~~~~~~^~~~~~~~~~~~~~~~~~
mix008_rmo.opt_false-unreach-call.c:228:89: note: place parentheses around the '&&' expression to silence this warning
  z$r_buff0_thd3 = weak$$choice2 ? z$r_buff0_thd3 : (!z$w_buff0_used || !z$r_buff0_thd3 && !z$w_buff1_used || !z$r_buff0_thd3 && !z$r_buff1_thd3 ? z$r_buff0_thd3 : (z$w_buff0_used && z$r_buff0_thd3 ? FALSE : z$r_buff0_thd3));
                                                                                        ^
                                                                        (                                 )
mix008_rmo.opt_false-unreach-call.c:228:127: warning: '&&' within '||' [-Wlogical-op-parentheses]
  z$r_buff0_thd3 = weak$$choice2 ? z$r_buff0_thd3 : (!z$w_buff0_used || !z$r_buff0_thd3 && !z$w_buff1_used || !z$r_buff0_thd3 && !z$r_buff1_thd3 ? z$r_buff0_thd3 : (z$w_buff0_used && z$r_buff0_thd3 ? FALSE : z$r_buff0_thd3));
                                                                                                           ~~ ~~~~~~~~~~~~~~~~^~~~~~~~~~~~~~~~~~
mix008_rmo.opt_false-unreach-call.c:228:127: note: place parentheses around the '&&' expression to silence this warning
  z$r_buff0_thd3 = weak$$choice2 ? z$r_buff0_thd3 : (!z$w_buff0_used || !z$r_buff0_thd3 && !z$w_buff1_used || !z$r_buff0_thd3 && !z$r_buff1_thd3 ? z$r_buff0_thd3 : (z$w_buff0_used && z$r_buff0_thd3 ? FALSE : z$r_buff0_thd3));
                                                                                                                              ^
                                                                                                              (                                 )
mix008_rmo.opt_false-unreach-call.c:229:89: warning: '&&' within '||' [-Wlogical-op-parentheses]
  z$r_buff1_thd3 = weak$$choice2 ? z$r_buff1_thd3 : (!z$w_buff0_used || !z$r_buff0_thd3 && !z$w_buff1_used || !z$r_buff0_thd3 && !z$r_buff1_thd3 ? z$r_buff1_thd3 : (z$w_buff0_used && z$r_buff0_thd3 ? FALSE : FALSE));
                                                                     ~~ ~~~~~~~~~~~~~~~~^~~~~~~~~~~~~~~~~~
mix008_rmo.opt_false-unreach-call.c:229:89: note: place parentheses around the '&&' expression to silence this warning
  z$r_buff1_thd3 = weak$$choice2 ? z$r_buff1_thd3 : (!z$w_buff0_used || !z$r_buff0_thd3 && !z$w_buff1_used || !z$r_buff0_thd3 && !z$r_buff1_thd3 ? z$r_buff1_thd3 : (z$w_buff0_used && z$r_buff0_thd3 ? FALSE : FALSE));
                                                                                        ^
                                                                        (                                 )
mix008_rmo.opt_false-unreach-call.c:229:127: warning: '&&' within '||' [-Wlogical-op-parentheses]
  z$r_buff1_thd3 = weak$$choice2 ? z$r_buff1_thd3 : (!z$w_buff0_used || !z$r_buff0_thd3 && !z$w_buff1_used || !z$r_buff0_thd3 && !z$r_buff1_thd3 ? z$r_buff1_thd3 : (z$w_buff0_used && z$r_buff0_thd3 ? FALSE : FALSE));
                                                                                                           ~~ ~~~~~~~~~~~~~~~~^~~~~~~~~~~~~~~~~~
mix008_rmo.opt_false-unreach-call.c:229:127: note: place parentheses around the '&&' expression to silence this warning
  z$r_buff1_thd3 = weak$$choice2 ? z$r_buff1_thd3 : (!z$w_buff0_used || !z$r_buff0_thd3 && !z$w_buff1_used || !z$r_buff0_thd3 && !z$r_buff1_thd3 ? z$r_buff1_thd3 : (z$w_buff0_used && z$r_buff0_thd3 ? FALSE : FALSE));
                                                                                                                              ^
                                                                                                              (                                 )
mix008_rmo.opt_false-unreach-call.c:239:10: warning: incompatible integer to pointer conversion returning 'int' from a function with result type 'void *' [-Wint-conversion]
  return nondet_0();
         ^~~~~~~~~~
mix008_rmo.opt_false-unreach-call.c:264:42: warning: '&&' within '||' [-Wlogical-op-parentheses]
  z = !z$w_buff0_used || !z$r_buff0_thd4 && !z$w_buff1_used || !z$r_buff0_thd4 && !z$r_buff1_thd4 ? z : (z$w_buff0_used && z$r_buff0_thd4 ? z$w_buff0 : z$w_buff1);
                      ~~ ~~~~~~~~~~~~~~~~^~~~~~~~~~~~~~~~~~
mix008_rmo.opt_false-unreach-call.c:264:42: note: place parentheses around the '&&' expression to silence this warning
  z = !z$w_buff0_used || !z$r_buff0_thd4 && !z$w_buff1_used || !z$r_buff0_thd4 && !z$r_buff1_thd4 ? z : (z$w_buff0_used && z$r_buff0_thd4 ? z$w_buff0 : z$w_buff1);
                                         ^
                         (                                 )
mix008_rmo.opt_false-unreach-call.c:264:80: warning: '&&' within '||' [-Wlogical-op-parentheses]
  z = !z$w_buff0_used || !z$r_buff0_thd4 && !z$w_buff1_used || !z$r_buff0_thd4 && !z$r_buff1_thd4 ? z : (z$w_buff0_used && z$r_buff0_thd4 ? z$w_buff0 : z$w_buff1);
                                                            ~~ ~~~~~~~~~~~~~~~~^~~~~~~~~~~~~~~~~~
mix008_rmo.opt_false-unreach-call.c:264:80: note: place parentheses around the '&&' expression to silence this warning
  z = !z$w_buff0_used || !z$r_buff0_thd4 && !z$w_buff1_used || !z$r_buff0_thd4 && !z$r_buff1_thd4 ? z : (z$w_buff0_used && z$r_buff0_thd4 ? z$w_buff0 : z$w_buff1);
                                                                               ^
                                                               (                                 )
mix008_rmo.opt_false-unreach-call.c:265:79: warning: '&&' within '||' [-Wlogical-op-parentheses]
  z$w_buff0 = weak$$choice2 ? z$w_buff0 : (!z$w_buff0_used || !z$r_buff0_thd4 && !z$w_buff1_used || !z$r_buff0_thd4 && !z$r_buff1_thd4 ? z$w_buff0 : (z$w_buff0_used && z$r_buff0_thd4 ? z$w_buff0 : z$w_buff0));
                                                           ~~ ~~~~~~~~~~~~~~~~^~~~~~~~~~~~~~~~~~
mix008_rmo.opt_false-unreach-call.c:265:79: note: place parentheses around the '&&' expression to silence this warning
  z$w_buff0 = weak$$choice2 ? z$w_buff0 : (!z$w_buff0_used || !z$r_buff0_thd4 && !z$w_buff1_used || !z$r_buff0_thd4 && !z$r_buff1_thd4 ? z$w_buff0 : (z$w_buff0_used && z$r_buff0_thd4 ? z$w_buff0 : z$w_buff0));
                                                                              ^
                                                              (                                 )
mix008_rmo.opt_false-unreach-call.c:265:117: warning: '&&' within '||' [-Wlogical-op-parentheses]
  z$w_buff0 = weak$$choice2 ? z$w_buff0 : (!z$w_buff0_used || !z$r_buff0_thd4 && !z$w_buff1_used || !z$r_buff0_thd4 && !z$r_buff1_thd4 ? z$w_buff0 : (z$w_buff0_used && z$r_buff0_thd4 ? z$w_buff0 : z$w_buff0));
                                                                                                 ~~ ~~~~~~~~~~~~~~~~^~~~~~~~~~~~~~~~~~
mix008_rmo.opt_false-unreach-call.c:265:117: note: place parentheses around the '&&' expression to silence this warning
  z$w_buff0 = weak$$choice2 ? z$w_buff0 : (!z$w_buff0_used || !z$r_buff0_thd4 && !z$w_buff1_used || !z$r_buff0_thd4 && !z$r_buff1_thd4 ? z$w_buff0 : (z$w_buff0_used && z$r_buff0_thd4 ? z$w_buff0 : z$w_buff0));
                                                                                                                    ^
                                                                                                    (                                 )
mix008_rmo.opt_false-unreach-call.c:266:79: warning: '&&' within '||' [-Wlogical-op-parentheses]
  z$w_buff1 = weak$$choice2 ? z$w_buff1 : (!z$w_buff0_used || !z$r_buff0_thd4 && !z$w_buff1_used || !z$r_buff0_thd4 && !z$r_buff1_thd4 ? z$w_buff1 : (z$w_buff0_used && z$r_buff0_thd4 ? z$w_buff1 : z$w_buff1));
                                                           ~~ ~~~~~~~~~~~~~~~~^~~~~~~~~~~~~~~~~~
mix008_rmo.opt_false-unreach-call.c:266:79: note: place parentheses around the '&&' expression to silence this warning
  z$w_buff1 = weak$$choice2 ? z$w_buff1 : (!z$w_buff0_used || !z$r_buff0_thd4 && !z$w_buff1_used || !z$r_buff0_thd4 && !z$r_buff1_thd4 ? z$w_buff1 : (z$w_buff0_used && z$r_buff0_thd4 ? z$w_buff1 : z$w_buff1));
                                                                              ^
                                                              (                                 )
mix008_rmo.opt_false-unreach-call.c:266:117: warning: '&&' within '||' [-Wlogical-op-parentheses]
  z$w_buff1 = weak$$choice2 ? z$w_buff1 : (!z$w_buff0_used || !z$r_buff0_thd4 && !z$w_buff1_used || !z$r_buff0_thd4 && !z$r_buff1_thd4 ? z$w_buff1 : (z$w_buff0_used && z$r_buff0_thd4 ? z$w_buff1 : z$w_buff1));
                                                                                                 ~~ ~~~~~~~~~~~~~~~~^~~~~~~~~~~~~~~~~~
mix008_rmo.opt_false-unreach-call.c:266:117: note: place parentheses around the '&&' expression to silence this warning
  z$w_buff1 = weak$$choice2 ? z$w_buff1 : (!z$w_buff0_used || !z$r_buff0_thd4 && !z$w_buff1_used || !z$r_buff0_thd4 && !z$r_buff1_thd4 ? z$w_buff1 : (z$w_buff0_used && z$r_buff0_thd4 ? z$w_buff1 : z$w_buff1));
                                                                                                                    ^
                                                                                                    (                                 )
mix008_rmo.opt_false-unreach-call.c:267:89: warning: '&&' within '||' [-Wlogical-op-parentheses]
  z$w_buff0_used = weak$$choice2 ? z$w_buff0_used : (!z$w_buff0_used || !z$r_buff0_thd4 && !z$w_buff1_used || !z$r_buff0_thd4 && !z$r_buff1_thd4 ? z$w_buff0_used : (z$w_buff0_used && z$r_buff0_thd4 ? FALSE : z$w_buff0_used));
                                                                     ~~ ~~~~~~~~~~~~~~~~^~~~~~~~~~~~~~~~~~
mix008_rmo.opt_false-unreach-call.c:267:89: note: place parentheses around the '&&' expression to silence this warning
  z$w_buff0_used = weak$$choice2 ? z$w_buff0_used : (!z$w_buff0_used || !z$r_buff0_thd4 && !z$w_buff1_used || !z$r_buff0_thd4 && !z$r_buff1_thd4 ? z$w_buff0_used : (z$w_buff0_used && z$r_buff0_thd4 ? FALSE : z$w_buff0_used));
                                                                                        ^
                                                                        (                                 )
mix008_rmo.opt_false-unreach-call.c:267:127: warning: '&&' within '||' [-Wlogical-op-parentheses]
  z$w_buff0_used = weak$$choice2 ? z$w_buff0_used : (!z$w_buff0_used || !z$r_buff0_thd4 && !z$w_buff1_used || !z$r_buff0_thd4 && !z$r_buff1_thd4 ? z$w_buff0_used : (z$w_buff0_used && z$r_buff0_thd4 ? FALSE : z$w_buff0_used));
                                                                                                           ~~ ~~~~~~~~~~~~~~~~^~~~~~~~~~~~~~~~~~
mix008_rmo.opt_false-unreach-call.c:267:127: note: place parentheses around the '&&' expression to silence this warning
  z$w_buff0_used = weak$$choice2 ? z$w_buff0_used : (!z$w_buff0_used || !z$r_buff0_thd4 && !z$w_buff1_used || !z$r_buff0_thd4 && !z$r_buff1_thd4 ? z$w_buff0_used : (z$w_buff0_used && z$r_buff0_thd4 ? FALSE : z$w_buff0_used));
                                                                                                                              ^
                                                                                                              (                                 )
mix008_rmo.opt_false-unreach-call.c:268:89: warning: '&&' within '||' [-Wlogical-op-parentheses]
  z$w_buff1_used = weak$$choice2 ? z$w_buff1_used : (!z$w_buff0_used || !z$r_buff0_thd4 && !z$w_buff1_used || !z$r_buff0_thd4 && !z$r_buff1_thd4 ? z$w_buff1_used : (z$w_buff0_used && z$r_buff0_thd4 ? FALSE : FALSE));
                                                                     ~~ ~~~~~~~~~~~~~~~~^~~~~~~~~~~~~~~~~~
mix008_rmo.opt_false-unreach-call.c:268:89: note: place parentheses around the '&&' expression to silence this warning
  z$w_buff1_used = weak$$choice2 ? z$w_buff1_used : (!z$w_buff0_used || !z$r_buff0_thd4 && !z$w_buff1_used || !z$r_buff0_thd4 && !z$r_buff1_thd4 ? z$w_buff1_used : (z$w_buff0_used && z$r_buff0_thd4 ? FALSE : FALSE));
                                                                                        ^
                                                                        (                                 )
mix008_rmo.opt_false-unreach-call.c:268:127: warning: '&&' within '||' [-Wlogical-op-parentheses]
  z$w_buff1_used = weak$$choice2 ? z$w_buff1_used : (!z$w_buff0_used || !z$r_buff0_thd4 && !z$w_buff1_used || !z$r_buff0_thd4 && !z$r_buff1_thd4 ? z$w_buff1_used : (z$w_buff0_used && z$r_buff0_thd4 ? FALSE : FALSE));
                                                                                                           ~~ ~~~~~~~~~~~~~~~~^~~~~~~~~~~~~~~~~~
mix008_rmo.opt_false-unreach-call.c:268:127: note: place parentheses around the '&&' expression to silence this warning
  z$w_buff1_used = weak$$choice2 ? z$w_buff1_used : (!z$w_buff0_used || !z$r_buff0_thd4 && !z$w_buff1_used || !z$r_buff0_thd4 && !z$r_buff1_thd4 ? z$w_buff1_used : (z$w_buff0_used && z$r_buff0_thd4 ? FALSE : FALSE));
                                                                                                                              ^
                                                                                                              (                                 )
mix008_rmo.opt_false-unreach-call.c:269:89: warning: '&&' within '||' [-Wlogical-op-parentheses]
  z$r_buff0_thd4 = weak$$choice2 ? z$r_buff0_thd4 : (!z$w_buff0_used || !z$r_buff0_thd4 && !z$w_buff1_used || !z$r_buff0_thd4 && !z$r_buff1_thd4 ? z$r_buff0_thd4 : (z$w_buff0_used && z$r_buff0_thd4 ? FALSE : z$r_buff0_thd4));
                                                                     ~~ ~~~~~~~~~~~~~~~~^~~~~~~~~~~~~~~~~~
mix008_rmo.opt_false-unreach-call.c:269:89: note: place parentheses around the '&&' expression to silence this warning
  z$r_buff0_thd4 = weak$$choice2 ? z$r_buff0_thd4 : (!z$w_buff0_used || !z$r_buff0_thd4 && !z$w_buff1_used || !z$r_buff0_thd4 && !z$r_buff1_thd4 ? z$r_buff0_thd4 : (z$w_buff0_used && z$r_buff0_thd4 ? FALSE : z$r_buff0_thd4));
                                                                                        ^
                                                                        (                                 )
mix008_rmo.opt_false-unreach-call.c:269:127: warning: '&&' within '||' [-Wlogical-op-parentheses]
  z$r_buff0_thd4 = weak$$choice2 ? z$r_buff0_thd4 : (!z$w_buff0_used || !z$r_buff0_thd4 && !z$w_buff1_used || !z$r_buff0_thd4 && !z$r_buff1_thd4 ? z$r_buff0_thd4 : (z$w_buff0_used && z$r_buff0_thd4 ? FALSE : z$r_buff0_thd4));
                                                                                                           ~~ ~~~~~~~~~~~~~~~~^~~~~~~~~~~~~~~~~~
mix008_rmo.opt_false-unreach-call.c:269:127: note: place parentheses around the '&&' expression to silence this warning
  z$r_buff0_thd4 = weak$$choice2 ? z$r_buff0_thd4 : (!z$w_buff0_used || !z$r_buff0_thd4 && !z$w_buff1_used || !z$r_buff0_thd4 && !z$r_buff1_thd4 ? z$r_buff0_thd4 : (z$w_buff0_used && z$r_buff0_thd4 ? FALSE : z$r_buff0_thd4));
                                                                                                                              ^
                                                                                                              (                                 )
mix008_rmo.opt_false-unreach-call.c:270:89: warning: '&&' within '||' [-Wlogical-op-parentheses]
  z$r_buff1_thd4 = weak$$choice2 ? z$r_buff1_thd4 : (!z$w_buff0_used || !z$r_buff0_thd4 && !z$w_buff1_used || !z$r_buff0_thd4 && !z$r_buff1_thd4 ? z$r_buff1_thd4 : (z$w_buff0_used && z$r_buff0_thd4 ? FALSE : FALSE));
                                                                     ~~ ~~~~~~~~~~~~~~~~^~~~~~~~~~~~~~~~~~
mix008_rmo.opt_false-unreach-call.c:270:89: note: place parentheses around the '&&' expression to silence this warning
  z$r_buff1_thd4 = weak$$choice2 ? z$r_buff1_thd4 : (!z$w_buff0_used || !z$r_buff0_thd4 && !z$w_buff1_used || !z$r_buff0_thd4 && !z$r_buff1_thd4 ? z$r_buff1_thd4 : (z$w_buff0_used && z$r_buff0_thd4 ? FALSE : FALSE));
                                                                                        ^
                                                                        (                                 )
mix008_rmo.opt_false-unreach-call.c:270:127: warning: '&&' within '||' [-Wlogical-op-parentheses]
  z$r_buff1_thd4 = weak$$choice2 ? z$r_buff1_thd4 : (!z$w_buff0_used || !z$r_buff0_thd4 && !z$w_buff1_used || !z$r_buff0_thd4 && !z$r_buff1_thd4 ? z$r_buff1_thd4 : (z$w_buff0_used && z$r_buff0_thd4 ? FALSE : FALSE));
                                                                                                           ~~ ~~~~~~~~~~~~~~~~^~~~~~~~~~~~~~~~~~
mix008_rmo.opt_false-unreach-call.c:270:127: note: place parentheses around the '&&' expression to silence this warning
  z$r_buff1_thd4 = weak$$choice2 ? z$r_buff1_thd4 : (!z$w_buff0_used || !z$r_buff0_thd4 && !z$w_buff1_used || !z$r_buff0_thd4 && !z$r_buff1_thd4 ? z$r_buff1_thd4 : (z$w_buff0_used && z$r_buff0_thd4 ? FALSE : FALSE));
                                                                                                                              ^
                                                                                                              (                                 )
mix008_rmo.opt_false-unreach-call.c:281:35: warning: '&&' within '||' [-Wlogical-op-parentheses]
  z$w_buff1_used = z$w_buff0_used && z$r_buff0_thd4 || z$w_buff1_used && z$r_buff1_thd4 ? FALSE : z$w_buff1_used;
                   ~~~~~~~~~~~~~~~^~~~~~~~~~~~~~~~~ ~~
mix008_rmo.opt_false-unreach-call.c:281:35: note: place parentheses around the '&&' expression to silence this warning
  z$w_buff1_used = z$w_buff0_used && z$r_buff0_thd4 || z$w_buff1_used && z$r_buff1_thd4 ? FALSE : z$w_buff1_used;
                                  ^
                   (                               )
mix008_rmo.opt_false-unreach-call.c:281:71: warning: '&&' within '||' [-Wlogical-op-parentheses]
  z$w_buff1_used = z$w_buff0_used && z$r_buff0_thd4 || z$w_buff1_used && z$r_buff1_thd4 ? FALSE : z$w_buff1_used;
                                                    ~~ ~~~~~~~~~~~~~~~^~~~~~~~~~~~~~~~~
mix008_rmo.opt_false-unreach-call.c:281:71: note: place parentheses around the '&&' expression to silence this warning
  z$w_buff1_used = z$w_buff0_used && z$r_buff0_thd4 || z$w_buff1_used && z$r_buff1_thd4 ? FALSE : z$w_buff1_used;
                                                                      ^
                                                       (                               )
mix008_rmo.opt_false-unreach-call.c:283:35: warning: '&&' within '||' [-Wlogical-op-parentheses]
  z$r_buff1_thd4 = z$w_buff0_used && z$r_buff0_thd4 || z$w_buff1_used && z$r_buff1_thd4 ? FALSE : z$r_buff1_thd4;
                   ~~~~~~~~~~~~~~~^~~~~~~~~~~~~~~~~ ~~
mix008_rmo.opt_false-unreach-call.c:283:35: note: place parentheses around the '&&' expression to silence this warning
  z$r_buff1_thd4 = z$w_buff0_used && z$r_buff0_thd4 || z$w_buff1_used && z$r_buff1_thd4 ? FALSE : z$r_buff1_thd4;
                                  ^
                   (                               )
mix008_rmo.opt_false-unreach-call.c:283:71: warning: '&&' within '||' [-Wlogical-op-parentheses]
  z$r_buff1_thd4 = z$w_buff0_used && z$r_buff0_thd4 || z$w_buff1_used && z$r_buff1_thd4 ? FALSE : z$r_buff1_thd4;
                                                    ~~ ~~~~~~~~~~~~~~~^~~~~~~~~~~~~~~~~
mix008_rmo.opt_false-unreach-call.c:283:71: note: place parentheses around the '&&' expression to silence this warning
  z$r_buff1_thd4 = z$w_buff0_used && z$r_buff0_thd4 || z$w_buff1_used && z$r_buff1_thd4 ? FALSE : z$r_buff1_thd4;
                                                                      ^
                                                       (                               )
mix008_rmo.opt_false-unreach-call.c:288:10: warning: incompatible integer to pointer conversion returning 'int' from a function with result type 'void *' [-Wint-conversion]
  return nondet_0();
         ^~~~~~~~~~
mix008_rmo.opt_false-unreach-call.c:316:38: warning: null passed to a callee which requires a non-null argument [-Wnonnull]
  pthread_create(NULL, NULL, P0, NULL);
                 ~~~~                ^
mix008_rmo.opt_false-unreach-call.c:317:38: warning: null passed to a callee which requires a non-null argument [-Wnonnull]
  pthread_create(NULL, NULL, P1, NULL);
                 ~~~~                ^
mix008_rmo.opt_false-unreach-call.c:318:38: warning: null passed to a callee which requires a non-null argument [-Wnonnull]
  pthread_create(NULL, NULL, P2, NULL);
                 ~~~~                ^
mix008_rmo.opt_false-unreach-call.c:319:38: warning: null passed to a callee which requires a non-null argument [-Wnonnull]
  pthread_create(NULL, NULL, P3, NULL);
                 ~~~~                ^
mix008_rmo.opt_false-unreach-call.c:327:35: warning: '&&' within '||' [-Wlogical-op-parentheses]
  z$w_buff1_used = z$w_buff0_used && z$r_buff0_thd0 || z$w_buff1_used && z$r_buff1_thd0 ? FALSE : z$w_buff1_used;
                   ~~~~~~~~~~~~~~~^~~~~~~~~~~~~~~~~ ~~
mix008_rmo.opt_false-unreach-call.c:327:35: note: place parentheses around the '&&' expression to silence this warning
  z$w_buff1_used = z$w_buff0_used && z$r_buff0_thd0 || z$w_buff1_used && z$r_buff1_thd0 ? FALSE : z$w_buff1_used;
                                  ^
                   (                               )
mix008_rmo.opt_false-unreach-call.c:327:71: warning: '&&' within '||' [-Wlogical-op-parentheses]
  z$w_buff1_used = z$w_buff0_used && z$r_buff0_thd0 || z$w_buff1_used && z$r_buff1_thd0 ? FALSE : z$w_buff1_used;
                                                    ~~ ~~~~~~~~~~~~~~~^~~~~~~~~~~~~~~~~
mix008_rmo.opt_false-unreach-call.c:327:71: note: place parentheses around the '&&' expression to silence this warning
  z$w_buff1_used = z$w_buff0_used && z$r_buff0_thd0 || z$w_buff1_used && z$r_buff1_thd0 ? FALSE : z$w_buff1_used;
                                                                      ^
                                                       (                               )
mix008_rmo.opt_false-unreach-call.c:329:35: warning: '&&' within '||' [-Wlogical-op-parentheses]
  z$r_buff1_thd0 = z$w_buff0_used && z$r_buff0_thd0 || z$w_buff1_used && z$r_buff1_thd0 ? FALSE : z$r_buff1_thd0;
                   ~~~~~~~~~~~~~~~^~~~~~~~~~~~~~~~~ ~~
mix008_rmo.opt_false-unreach-call.c:329:35: note: place parentheses around the '&&' expression to silence this warning
  z$r_buff1_thd0 = z$w_buff0_used && z$r_buff0_thd0 || z$w_buff1_used && z$r_buff1_thd0 ? FALSE : z$r_buff1_thd0;
                                  ^
                   (                               )
mix008_rmo.opt_false-unreach-call.c:329:71: warning: '&&' within '||' [-Wlogical-op-parentheses]
  z$r_buff1_thd0 = z$w_buff0_used && z$r_buff0_thd0 || z$w_buff1_used && z$r_buff1_thd0 ? FALSE : z$r_buff1_thd0;
                                                    ~~ ~~~~~~~~~~~~~~~^~~~~~~~~~~~~~~~~
mix008_rmo.opt_false-unreach-call.c:329:71: note: place parentheses around the '&&' expression to silence this warning
  z$r_buff1_thd0 = z$w_buff0_used && z$r_buff0_thd0 || z$w_buff1_used && z$r_buff1_thd0 ? FALSE : z$r_buff1_thd0;
                                                                      ^
                                                       (                               )
47 warnings generated.
