mix045_pso.oepc_false-unreach-call.c:4:34: warning: implicit declaration of function '__VERIFIER_assume' is invalid in C99 [-Wimplicit-function-declaration]
void __VERIFIER_atomic_begin() { __VERIFIER_assume(__global_lock==0); __global_lock=1; return; }
                                 ^
mix045_pso.oepc_false-unreach-call.c:173:35: warning: '&&' within '||' [-Wlogical-op-parentheses]
  a$w_buff1_used = a$w_buff0_used && a$r_buff0_thd1 || a$w_buff1_used && a$r_buff1_thd1 ? FALSE : a$w_buff1_used;
                   ~~~~~~~~~~~~~~~^~~~~~~~~~~~~~~~~ ~~
mix045_pso.oepc_false-unreach-call.c:173:35: note: place parentheses around the '&&' expression to silence this warning
  a$w_buff1_used = a$w_buff0_used && a$r_buff0_thd1 || a$w_buff1_used && a$r_buff1_thd1 ? FALSE : a$w_buff1_used;
                                  ^
                   (                               )
mix045_pso.oepc_false-unreach-call.c:173:71: warning: '&&' within '||' [-Wlogical-op-parentheses]
  a$w_buff1_used = a$w_buff0_used && a$r_buff0_thd1 || a$w_buff1_used && a$r_buff1_thd1 ? FALSE : a$w_buff1_used;
                                                    ~~ ~~~~~~~~~~~~~~~^~~~~~~~~~~~~~~~~
mix045_pso.oepc_false-unreach-call.c:173:71: note: place parentheses around the '&&' expression to silence this warning
  a$w_buff1_used = a$w_buff0_used && a$r_buff0_thd1 || a$w_buff1_used && a$r_buff1_thd1 ? FALSE : a$w_buff1_used;
                                                                      ^
                                                       (                               )
mix045_pso.oepc_false-unreach-call.c:175:35: warning: '&&' within '||' [-Wlogical-op-parentheses]
  a$r_buff1_thd1 = a$w_buff0_used && a$r_buff0_thd1 || a$w_buff1_used && a$r_buff1_thd1 ? FALSE : a$r_buff1_thd1;
                   ~~~~~~~~~~~~~~~^~~~~~~~~~~~~~~~~ ~~
mix045_pso.oepc_false-unreach-call.c:175:35: note: place parentheses around the '&&' expression to silence this warning
  a$r_buff1_thd1 = a$w_buff0_used && a$r_buff0_thd1 || a$w_buff1_used && a$r_buff1_thd1 ? FALSE : a$r_buff1_thd1;
                                  ^
                   (                               )
mix045_pso.oepc_false-unreach-call.c:175:71: warning: '&&' within '||' [-Wlogical-op-parentheses]
  a$r_buff1_thd1 = a$w_buff0_used && a$r_buff0_thd1 || a$w_buff1_used && a$r_buff1_thd1 ? FALSE : a$r_buff1_thd1;
                                                    ~~ ~~~~~~~~~~~~~~~^~~~~~~~~~~~~~~~~
mix045_pso.oepc_false-unreach-call.c:175:71: note: place parentheses around the '&&' expression to silence this warning
  a$r_buff1_thd1 = a$w_buff0_used && a$r_buff0_thd1 || a$w_buff1_used && a$r_buff1_thd1 ? FALSE : a$r_buff1_thd1;
                                                                      ^
                                                       (                               )
mix045_pso.oepc_false-unreach-call.c:180:10: warning: implicit declaration of function 'nondet_0' is invalid in C99 [-Wimplicit-function-declaration]
  return nondet_0();
         ^
mix045_pso.oepc_false-unreach-call.c:180:10: warning: incompatible integer to pointer conversion returning 'int' from a function with result type 'void *' [-Wint-conversion]
  return nondet_0();
         ^~~~~~~~~~
mix045_pso.oepc_false-unreach-call.c:196:35: warning: '&&' within '||' [-Wlogical-op-parentheses]
  a$w_buff1_used = a$w_buff0_used && a$r_buff0_thd2 || a$w_buff1_used && a$r_buff1_thd2 ? FALSE : a$w_buff1_used;
                   ~~~~~~~~~~~~~~~^~~~~~~~~~~~~~~~~ ~~
mix045_pso.oepc_false-unreach-call.c:196:35: note: place parentheses around the '&&' expression to silence this warning
  a$w_buff1_used = a$w_buff0_used && a$r_buff0_thd2 || a$w_buff1_used && a$r_buff1_thd2 ? FALSE : a$w_buff1_used;
                                  ^
                   (                               )
mix045_pso.oepc_false-unreach-call.c:196:71: warning: '&&' within '||' [-Wlogical-op-parentheses]
  a$w_buff1_used = a$w_buff0_used && a$r_buff0_thd2 || a$w_buff1_used && a$r_buff1_thd2 ? FALSE : a$w_buff1_used;
                                                    ~~ ~~~~~~~~~~~~~~~^~~~~~~~~~~~~~~~~
mix045_pso.oepc_false-unreach-call.c:196:71: note: place parentheses around the '&&' expression to silence this warning
  a$w_buff1_used = a$w_buff0_used && a$r_buff0_thd2 || a$w_buff1_used && a$r_buff1_thd2 ? FALSE : a$w_buff1_used;
                                                                      ^
                                                       (                               )
mix045_pso.oepc_false-unreach-call.c:198:35: warning: '&&' within '||' [-Wlogical-op-parentheses]
  a$r_buff1_thd2 = a$w_buff0_used && a$r_buff0_thd2 || a$w_buff1_used && a$r_buff1_thd2 ? FALSE : a$r_buff1_thd2;
                   ~~~~~~~~~~~~~~~^~~~~~~~~~~~~~~~~ ~~
mix045_pso.oepc_false-unreach-call.c:198:35: note: place parentheses around the '&&' expression to silence this warning
  a$r_buff1_thd2 = a$w_buff0_used && a$r_buff0_thd2 || a$w_buff1_used && a$r_buff1_thd2 ? FALSE : a$r_buff1_thd2;
                                  ^
                   (                               )
mix045_pso.oepc_false-unreach-call.c:198:71: warning: '&&' within '||' [-Wlogical-op-parentheses]
  a$r_buff1_thd2 = a$w_buff0_used && a$r_buff0_thd2 || a$w_buff1_used && a$r_buff1_thd2 ? FALSE : a$r_buff1_thd2;
                                                    ~~ ~~~~~~~~~~~~~~~^~~~~~~~~~~~~~~~~
mix045_pso.oepc_false-unreach-call.c:198:71: note: place parentheses around the '&&' expression to silence this warning
  a$r_buff1_thd2 = a$w_buff0_used && a$r_buff0_thd2 || a$w_buff1_used && a$r_buff1_thd2 ? FALSE : a$r_buff1_thd2;
                                                                      ^
                                                       (                               )
mix045_pso.oepc_false-unreach-call.c:203:10: warning: incompatible integer to pointer conversion returning 'int' from a function with result type 'void *' [-Wint-conversion]
  return nondet_0();
         ^~~~~~~~~~
mix045_pso.oepc_false-unreach-call.c:220:19: warning: implicit declaration of function 'nondet_1' is invalid in C99 [-Wimplicit-function-declaration]
  weak$$choice0 = nondet_1();
                  ^
mix045_pso.oepc_false-unreach-call.c:224:42: warning: '&&' within '||' [-Wlogical-op-parentheses]
  a = !a$w_buff0_used || !a$r_buff0_thd3 && !a$w_buff1_used || !a$r_buff0_thd3 && !a$r_buff1_thd3 ? a : (a$w_buff0_used && a$r_buff0_thd3 ? a$w_buff0 : a$w_buff1);
                      ~~ ~~~~~~~~~~~~~~~~^~~~~~~~~~~~~~~~~~
mix045_pso.oepc_false-unreach-call.c:224:42: note: place parentheses around the '&&' expression to silence this warning
  a = !a$w_buff0_used || !a$r_buff0_thd3 && !a$w_buff1_used || !a$r_buff0_thd3 && !a$r_buff1_thd3 ? a : (a$w_buff0_used && a$r_buff0_thd3 ? a$w_buff0 : a$w_buff1);
                                         ^
                         (                                 )
mix045_pso.oepc_false-unreach-call.c:224:80: warning: '&&' within '||' [-Wlogical-op-parentheses]
  a = !a$w_buff0_used || !a$r_buff0_thd3 && !a$w_buff1_used || !a$r_buff0_thd3 && !a$r_buff1_thd3 ? a : (a$w_buff0_used && a$r_buff0_thd3 ? a$w_buff0 : a$w_buff1);
                                                            ~~ ~~~~~~~~~~~~~~~~^~~~~~~~~~~~~~~~~~
mix045_pso.oepc_false-unreach-call.c:224:80: note: place parentheses around the '&&' expression to silence this warning
  a = !a$w_buff0_used || !a$r_buff0_thd3 && !a$w_buff1_used || !a$r_buff0_thd3 && !a$r_buff1_thd3 ? a : (a$w_buff0_used && a$r_buff0_thd3 ? a$w_buff0 : a$w_buff1);
                                                                               ^
                                                               (                                 )
mix045_pso.oepc_false-unreach-call.c:225:79: warning: '&&' within '||' [-Wlogical-op-parentheses]
  a$w_buff0 = weak$$choice2 ? a$w_buff0 : (!a$w_buff0_used || !a$r_buff0_thd3 && !a$w_buff1_used || !a$r_buff0_thd3 && !a$r_buff1_thd3 ? a$w_buff0 : (a$w_buff0_used && a$r_buff0_thd3 ? a$w_buff0 : a$w_buff0));
                                                           ~~ ~~~~~~~~~~~~~~~~^~~~~~~~~~~~~~~~~~
mix045_pso.oepc_false-unreach-call.c:225:79: note: place parentheses around the '&&' expression to silence this warning
  a$w_buff0 = weak$$choice2 ? a$w_buff0 : (!a$w_buff0_used || !a$r_buff0_thd3 && !a$w_buff1_used || !a$r_buff0_thd3 && !a$r_buff1_thd3 ? a$w_buff0 : (a$w_buff0_used && a$r_buff0_thd3 ? a$w_buff0 : a$w_buff0));
                                                                              ^
                                                              (                                 )
mix045_pso.oepc_false-unreach-call.c:225:117: warning: '&&' within '||' [-Wlogical-op-parentheses]
  a$w_buff0 = weak$$choice2 ? a$w_buff0 : (!a$w_buff0_used || !a$r_buff0_thd3 && !a$w_buff1_used || !a$r_buff0_thd3 && !a$r_buff1_thd3 ? a$w_buff0 : (a$w_buff0_used && a$r_buff0_thd3 ? a$w_buff0 : a$w_buff0));
                                                                                                 ~~ ~~~~~~~~~~~~~~~~^~~~~~~~~~~~~~~~~~
mix045_pso.oepc_false-unreach-call.c:225:117: note: place parentheses around the '&&' expression to silence this warning
  a$w_buff0 = weak$$choice2 ? a$w_buff0 : (!a$w_buff0_used || !a$r_buff0_thd3 && !a$w_buff1_used || !a$r_buff0_thd3 && !a$r_buff1_thd3 ? a$w_buff0 : (a$w_buff0_used && a$r_buff0_thd3 ? a$w_buff0 : a$w_buff0));
                                                                                                                    ^
                                                                                                    (                                 )
mix045_pso.oepc_false-unreach-call.c:226:79: warning: '&&' within '||' [-Wlogical-op-parentheses]
  a$w_buff1 = weak$$choice2 ? a$w_buff1 : (!a$w_buff0_used || !a$r_buff0_thd3 && !a$w_buff1_used || !a$r_buff0_thd3 && !a$r_buff1_thd3 ? a$w_buff1 : (a$w_buff0_used && a$r_buff0_thd3 ? a$w_buff1 : a$w_buff1));
                                                           ~~ ~~~~~~~~~~~~~~~~^~~~~~~~~~~~~~~~~~
mix045_pso.oepc_false-unreach-call.c:226:79: note: place parentheses around the '&&' expression to silence this warning
  a$w_buff1 = weak$$choice2 ? a$w_buff1 : (!a$w_buff0_used || !a$r_buff0_thd3 && !a$w_buff1_used || !a$r_buff0_thd3 && !a$r_buff1_thd3 ? a$w_buff1 : (a$w_buff0_used && a$r_buff0_thd3 ? a$w_buff1 : a$w_buff1));
                                                                              ^
                                                              (                                 )
mix045_pso.oepc_false-unreach-call.c:226:117: warning: '&&' within '||' [-Wlogical-op-parentheses]
  a$w_buff1 = weak$$choice2 ? a$w_buff1 : (!a$w_buff0_used || !a$r_buff0_thd3 && !a$w_buff1_used || !a$r_buff0_thd3 && !a$r_buff1_thd3 ? a$w_buff1 : (a$w_buff0_used && a$r_buff0_thd3 ? a$w_buff1 : a$w_buff1));
                                                                                                 ~~ ~~~~~~~~~~~~~~~~^~~~~~~~~~~~~~~~~~
mix045_pso.oepc_false-unreach-call.c:226:117: note: place parentheses around the '&&' expression to silence this warning
  a$w_buff1 = weak$$choice2 ? a$w_buff1 : (!a$w_buff0_used || !a$r_buff0_thd3 && !a$w_buff1_used || !a$r_buff0_thd3 && !a$r_buff1_thd3 ? a$w_buff1 : (a$w_buff0_used && a$r_buff0_thd3 ? a$w_buff1 : a$w_buff1));
                                                                                                                    ^
                                                                                                    (                                 )
mix045_pso.oepc_false-unreach-call.c:227:89: warning: '&&' within '||' [-Wlogical-op-parentheses]
  a$w_buff0_used = weak$$choice2 ? a$w_buff0_used : (!a$w_buff0_used || !a$r_buff0_thd3 && !a$w_buff1_used || !a$r_buff0_thd3 && !a$r_buff1_thd3 ? a$w_buff0_used : (a$w_buff0_used && a$r_buff0_thd3 ? FALSE : a$w_buff0_used));
                                                                     ~~ ~~~~~~~~~~~~~~~~^~~~~~~~~~~~~~~~~~
mix045_pso.oepc_false-unreach-call.c:227:89: note: place parentheses around the '&&' expression to silence this warning
  a$w_buff0_used = weak$$choice2 ? a$w_buff0_used : (!a$w_buff0_used || !a$r_buff0_thd3 && !a$w_buff1_used || !a$r_buff0_thd3 && !a$r_buff1_thd3 ? a$w_buff0_used : (a$w_buff0_used && a$r_buff0_thd3 ? FALSE : a$w_buff0_used));
                                                                                        ^
                                                                        (                                 )
mix045_pso.oepc_false-unreach-call.c:227:127: warning: '&&' within '||' [-Wlogical-op-parentheses]
  a$w_buff0_used = weak$$choice2 ? a$w_buff0_used : (!a$w_buff0_used || !a$r_buff0_thd3 && !a$w_buff1_used || !a$r_buff0_thd3 && !a$r_buff1_thd3 ? a$w_buff0_used : (a$w_buff0_used && a$r_buff0_thd3 ? FALSE : a$w_buff0_used));
                                                                                                           ~~ ~~~~~~~~~~~~~~~~^~~~~~~~~~~~~~~~~~
mix045_pso.oepc_false-unreach-call.c:227:127: note: place parentheses around the '&&' expression to silence this warning
  a$w_buff0_used = weak$$choice2 ? a$w_buff0_used : (!a$w_buff0_used || !a$r_buff0_thd3 && !a$w_buff1_used || !a$r_buff0_thd3 && !a$r_buff1_thd3 ? a$w_buff0_used : (a$w_buff0_used && a$r_buff0_thd3 ? FALSE : a$w_buff0_used));
                                                                                                                              ^
                                                                                                              (                                 )
mix045_pso.oepc_false-unreach-call.c:228:89: warning: '&&' within '||' [-Wlogical-op-parentheses]
  a$w_buff1_used = weak$$choice2 ? a$w_buff1_used : (!a$w_buff0_used || !a$r_buff0_thd3 && !a$w_buff1_used || !a$r_buff0_thd3 && !a$r_buff1_thd3 ? a$w_buff1_used : (a$w_buff0_used && a$r_buff0_thd3 ? FALSE : FALSE));
                                                                     ~~ ~~~~~~~~~~~~~~~~^~~~~~~~~~~~~~~~~~
mix045_pso.oepc_false-unreach-call.c:228:89: note: place parentheses around the '&&' expression to silence this warning
  a$w_buff1_used = weak$$choice2 ? a$w_buff1_used : (!a$w_buff0_used || !a$r_buff0_thd3 && !a$w_buff1_used || !a$r_buff0_thd3 && !a$r_buff1_thd3 ? a$w_buff1_used : (a$w_buff0_used && a$r_buff0_thd3 ? FALSE : FALSE));
                                                                                        ^
                                                                        (                                 )
mix045_pso.oepc_false-unreach-call.c:228:127: warning: '&&' within '||' [-Wlogical-op-parentheses]
  a$w_buff1_used = weak$$choice2 ? a$w_buff1_used : (!a$w_buff0_used || !a$r_buff0_thd3 && !a$w_buff1_used || !a$r_buff0_thd3 && !a$r_buff1_thd3 ? a$w_buff1_used : (a$w_buff0_used && a$r_buff0_thd3 ? FALSE : FALSE));
                                                                                                           ~~ ~~~~~~~~~~~~~~~~^~~~~~~~~~~~~~~~~~
mix045_pso.oepc_false-unreach-call.c:228:127: note: place parentheses around the '&&' expression to silence this warning
  a$w_buff1_used = weak$$choice2 ? a$w_buff1_used : (!a$w_buff0_used || !a$r_buff0_thd3 && !a$w_buff1_used || !a$r_buff0_thd3 && !a$r_buff1_thd3 ? a$w_buff1_used : (a$w_buff0_used && a$r_buff0_thd3 ? FALSE : FALSE));
                                                                                                                              ^
                                                                                                              (                                 )
mix045_pso.oepc_false-unreach-call.c:229:89: warning: '&&' within '||' [-Wlogical-op-parentheses]
  a$r_buff0_thd3 = weak$$choice2 ? a$r_buff0_thd3 : (!a$w_buff0_used || !a$r_buff0_thd3 && !a$w_buff1_used || !a$r_buff0_thd3 && !a$r_buff1_thd3 ? a$r_buff0_thd3 : (a$w_buff0_used && a$r_buff0_thd3 ? FALSE : a$r_buff0_thd3));
                                                                     ~~ ~~~~~~~~~~~~~~~~^~~~~~~~~~~~~~~~~~
mix045_pso.oepc_false-unreach-call.c:229:89: note: place parentheses around the '&&' expression to silence this warning
  a$r_buff0_thd3 = weak$$choice2 ? a$r_buff0_thd3 : (!a$w_buff0_used || !a$r_buff0_thd3 && !a$w_buff1_used || !a$r_buff0_thd3 && !a$r_buff1_thd3 ? a$r_buff0_thd3 : (a$w_buff0_used && a$r_buff0_thd3 ? FALSE : a$r_buff0_thd3));
                                                                                        ^
                                                                        (                                 )
mix045_pso.oepc_false-unreach-call.c:229:127: warning: '&&' within '||' [-Wlogical-op-parentheses]
  a$r_buff0_thd3 = weak$$choice2 ? a$r_buff0_thd3 : (!a$w_buff0_used || !a$r_buff0_thd3 && !a$w_buff1_used || !a$r_buff0_thd3 && !a$r_buff1_thd3 ? a$r_buff0_thd3 : (a$w_buff0_used && a$r_buff0_thd3 ? FALSE : a$r_buff0_thd3));
                                                                                                           ~~ ~~~~~~~~~~~~~~~~^~~~~~~~~~~~~~~~~~
mix045_pso.oepc_false-unreach-call.c:229:127: note: place parentheses around the '&&' expression to silence this warning
  a$r_buff0_thd3 = weak$$choice2 ? a$r_buff0_thd3 : (!a$w_buff0_used || !a$r_buff0_thd3 && !a$w_buff1_used || !a$r_buff0_thd3 && !a$r_buff1_thd3 ? a$r_buff0_thd3 : (a$w_buff0_used && a$r_buff0_thd3 ? FALSE : a$r_buff0_thd3));
                                                                                                                              ^
                                                                                                              (                                 )
mix045_pso.oepc_false-unreach-call.c:230:89: warning: '&&' within '||' [-Wlogical-op-parentheses]
  a$r_buff1_thd3 = weak$$choice2 ? a$r_buff1_thd3 : (!a$w_buff0_used || !a$r_buff0_thd3 && !a$w_buff1_used || !a$r_buff0_thd3 && !a$r_buff1_thd3 ? a$r_buff1_thd3 : (a$w_buff0_used && a$r_buff0_thd3 ? FALSE : FALSE));
                                                                     ~~ ~~~~~~~~~~~~~~~~^~~~~~~~~~~~~~~~~~
mix045_pso.oepc_false-unreach-call.c:230:89: note: place parentheses around the '&&' expression to silence this warning
  a$r_buff1_thd3 = weak$$choice2 ? a$r_buff1_thd3 : (!a$w_buff0_used || !a$r_buff0_thd3 && !a$w_buff1_used || !a$r_buff0_thd3 && !a$r_buff1_thd3 ? a$r_buff1_thd3 : (a$w_buff0_used && a$r_buff0_thd3 ? FALSE : FALSE));
                                                                                        ^
                                                                        (                                 )
mix045_pso.oepc_false-unreach-call.c:230:127: warning: '&&' within '||' [-Wlogical-op-parentheses]
  a$r_buff1_thd3 = weak$$choice2 ? a$r_buff1_thd3 : (!a$w_buff0_used || !a$r_buff0_thd3 && !a$w_buff1_used || !a$r_buff0_thd3 && !a$r_buff1_thd3 ? a$r_buff1_thd3 : (a$w_buff0_used && a$r_buff0_thd3 ? FALSE : FALSE));
                                                                                                           ~~ ~~~~~~~~~~~~~~~~^~~~~~~~~~~~~~~~~~
mix045_pso.oepc_false-unreach-call.c:230:127: note: place parentheses around the '&&' expression to silence this warning
  a$r_buff1_thd3 = weak$$choice2 ? a$r_buff1_thd3 : (!a$w_buff0_used || !a$r_buff0_thd3 && !a$w_buff1_used || !a$r_buff0_thd3 && !a$r_buff1_thd3 ? a$r_buff1_thd3 : (a$w_buff0_used && a$r_buff0_thd3 ? FALSE : FALSE));
                                                                                                                              ^
                                                                                                              (                                 )
mix045_pso.oepc_false-unreach-call.c:238:35: warning: '&&' within '||' [-Wlogical-op-parentheses]
  a$w_buff1_used = a$w_buff0_used && a$r_buff0_thd3 || a$w_buff1_used && a$r_buff1_thd3 ? FALSE : a$w_buff1_used;
                   ~~~~~~~~~~~~~~~^~~~~~~~~~~~~~~~~ ~~
mix045_pso.oepc_false-unreach-call.c:238:35: note: place parentheses around the '&&' expression to silence this warning
  a$w_buff1_used = a$w_buff0_used && a$r_buff0_thd3 || a$w_buff1_used && a$r_buff1_thd3 ? FALSE : a$w_buff1_used;
                                  ^
                   (                               )
mix045_pso.oepc_false-unreach-call.c:238:71: warning: '&&' within '||' [-Wlogical-op-parentheses]
  a$w_buff1_used = a$w_buff0_used && a$r_buff0_thd3 || a$w_buff1_used && a$r_buff1_thd3 ? FALSE : a$w_buff1_used;
                                                    ~~ ~~~~~~~~~~~~~~~^~~~~~~~~~~~~~~~~
mix045_pso.oepc_false-unreach-call.c:238:71: note: place parentheses around the '&&' expression to silence this warning
  a$w_buff1_used = a$w_buff0_used && a$r_buff0_thd3 || a$w_buff1_used && a$r_buff1_thd3 ? FALSE : a$w_buff1_used;
                                                                      ^
                                                       (                               )
mix045_pso.oepc_false-unreach-call.c:240:35: warning: '&&' within '||' [-Wlogical-op-parentheses]
  a$r_buff1_thd3 = a$w_buff0_used && a$r_buff0_thd3 || a$w_buff1_used && a$r_buff1_thd3 ? FALSE : a$r_buff1_thd3;
                   ~~~~~~~~~~~~~~~^~~~~~~~~~~~~~~~~ ~~
mix045_pso.oepc_false-unreach-call.c:240:35: note: place parentheses around the '&&' expression to silence this warning
  a$r_buff1_thd3 = a$w_buff0_used && a$r_buff0_thd3 || a$w_buff1_used && a$r_buff1_thd3 ? FALSE : a$r_buff1_thd3;
                                  ^
                   (                               )
mix045_pso.oepc_false-unreach-call.c:240:71: warning: '&&' within '||' [-Wlogical-op-parentheses]
  a$r_buff1_thd3 = a$w_buff0_used && a$r_buff0_thd3 || a$w_buff1_used && a$r_buff1_thd3 ? FALSE : a$r_buff1_thd3;
                                                    ~~ ~~~~~~~~~~~~~~~^~~~~~~~~~~~~~~~~
mix045_pso.oepc_false-unreach-call.c:240:71: note: place parentheses around the '&&' expression to silence this warning
  a$r_buff1_thd3 = a$w_buff0_used && a$r_buff0_thd3 || a$w_buff1_used && a$r_buff1_thd3 ? FALSE : a$r_buff1_thd3;
                                                                      ^
                                                       (                               )
mix045_pso.oepc_false-unreach-call.c:245:10: warning: incompatible integer to pointer conversion returning 'int' from a function with result type 'void *' [-Wint-conversion]
  return nondet_0();
         ^~~~~~~~~~
mix045_pso.oepc_false-unreach-call.c:273:38: warning: null passed to a callee which requires a non-null argument [-Wnonnull]
  pthread_create(NULL, NULL, P0, NULL);
                 ~~~~                ^
mix045_pso.oepc_false-unreach-call.c:274:38: warning: null passed to a callee which requires a non-null argument [-Wnonnull]
  pthread_create(NULL, NULL, P1, NULL);
                 ~~~~                ^
mix045_pso.oepc_false-unreach-call.c:275:38: warning: null passed to a callee which requires a non-null argument [-Wnonnull]
  pthread_create(NULL, NULL, P2, NULL);
                 ~~~~                ^
mix045_pso.oepc_false-unreach-call.c:283:35: warning: '&&' within '||' [-Wlogical-op-parentheses]
  a$w_buff1_used = a$w_buff0_used && a$r_buff0_thd0 || a$w_buff1_used && a$r_buff1_thd0 ? FALSE : a$w_buff1_used;
                   ~~~~~~~~~~~~~~~^~~~~~~~~~~~~~~~~ ~~
mix045_pso.oepc_false-unreach-call.c:283:35: note: place parentheses around the '&&' expression to silence this warning
  a$w_buff1_used = a$w_buff0_used && a$r_buff0_thd0 || a$w_buff1_used && a$r_buff1_thd0 ? FALSE : a$w_buff1_used;
                                  ^
                   (                               )
mix045_pso.oepc_false-unreach-call.c:283:71: warning: '&&' within '||' [-Wlogical-op-parentheses]
  a$w_buff1_used = a$w_buff0_used && a$r_buff0_thd0 || a$w_buff1_used && a$r_buff1_thd0 ? FALSE : a$w_buff1_used;
                                                    ~~ ~~~~~~~~~~~~~~~^~~~~~~~~~~~~~~~~
mix045_pso.oepc_false-unreach-call.c:283:71: note: place parentheses around the '&&' expression to silence this warning
  a$w_buff1_used = a$w_buff0_used && a$r_buff0_thd0 || a$w_buff1_used && a$r_buff1_thd0 ? FALSE : a$w_buff1_used;
                                                                      ^
                                                       (                               )
mix045_pso.oepc_false-unreach-call.c:285:35: warning: '&&' within '||' [-Wlogical-op-parentheses]
  a$r_buff1_thd0 = a$w_buff0_used && a$r_buff0_thd0 || a$w_buff1_used && a$r_buff1_thd0 ? FALSE : a$r_buff1_thd0;
                   ~~~~~~~~~~~~~~~^~~~~~~~~~~~~~~~~ ~~
mix045_pso.oepc_false-unreach-call.c:285:35: note: place parentheses around the '&&' expression to silence this warning
  a$r_buff1_thd0 = a$w_buff0_used && a$r_buff0_thd0 || a$w_buff1_used && a$r_buff1_thd0 ? FALSE : a$r_buff1_thd0;
                                  ^
                   (                               )
mix045_pso.oepc_false-unreach-call.c:285:71: warning: '&&' within '||' [-Wlogical-op-parentheses]
  a$r_buff1_thd0 = a$w_buff0_used && a$r_buff0_thd0 || a$w_buff1_used && a$r_buff1_thd0 ? FALSE : a$r_buff1_thd0;
                                                    ~~ ~~~~~~~~~~~~~~~^~~~~~~~~~~~~~~~~
mix045_pso.oepc_false-unreach-call.c:285:71: note: place parentheses around the '&&' expression to silence this warning
  a$r_buff1_thd0 = a$w_buff0_used && a$r_buff0_thd0 || a$w_buff1_used && a$r_buff1_thd0 ? FALSE : a$r_buff1_thd0;
                                                                      ^
                                                       (                               )
39 warnings generated.
