mix057_pso.oepc_false-unreach-call.c:4:34: warning: implicit declaration of function '__VERIFIER_assume' is invalid in C99 [-Wimplicit-function-declaration]
void __VERIFIER_atomic_begin() { __VERIFIER_assume(__global_lock==0); __global_lock=1; return; }
                                 ^
mix057_pso.oepc_false-unreach-call.c:177:35: warning: '&&' within '||' [-Wlogical-op-parentheses]
  a$w_buff1_used = a$w_buff0_used && a$r_buff0_thd1 || a$w_buff1_used && a$r_buff1_thd1 ? FALSE : a$w_buff1_used;
                   ~~~~~~~~~~~~~~~^~~~~~~~~~~~~~~~~ ~~
mix057_pso.oepc_false-unreach-call.c:177:35: note: place parentheses around the '&&' expression to silence this warning
  a$w_buff1_used = a$w_buff0_used && a$r_buff0_thd1 || a$w_buff1_used && a$r_buff1_thd1 ? FALSE : a$w_buff1_used;
                                  ^
                   (                               )
mix057_pso.oepc_false-unreach-call.c:177:71: warning: '&&' within '||' [-Wlogical-op-parentheses]
  a$w_buff1_used = a$w_buff0_used && a$r_buff0_thd1 || a$w_buff1_used && a$r_buff1_thd1 ? FALSE : a$w_buff1_used;
                                                    ~~ ~~~~~~~~~~~~~~~^~~~~~~~~~~~~~~~~
mix057_pso.oepc_false-unreach-call.c:177:71: note: place parentheses around the '&&' expression to silence this warning
  a$w_buff1_used = a$w_buff0_used && a$r_buff0_thd1 || a$w_buff1_used && a$r_buff1_thd1 ? FALSE : a$w_buff1_used;
                                                                      ^
                                                       (                               )
mix057_pso.oepc_false-unreach-call.c:179:35: warning: '&&' within '||' [-Wlogical-op-parentheses]
  a$r_buff1_thd1 = a$w_buff0_used && a$r_buff0_thd1 || a$w_buff1_used && a$r_buff1_thd1 ? FALSE : a$r_buff1_thd1;
                   ~~~~~~~~~~~~~~~^~~~~~~~~~~~~~~~~ ~~
mix057_pso.oepc_false-unreach-call.c:179:35: note: place parentheses around the '&&' expression to silence this warning
  a$r_buff1_thd1 = a$w_buff0_used && a$r_buff0_thd1 || a$w_buff1_used && a$r_buff1_thd1 ? FALSE : a$r_buff1_thd1;
                                  ^
                   (                               )
mix057_pso.oepc_false-unreach-call.c:179:71: warning: '&&' within '||' [-Wlogical-op-parentheses]
  a$r_buff1_thd1 = a$w_buff0_used && a$r_buff0_thd1 || a$w_buff1_used && a$r_buff1_thd1 ? FALSE : a$r_buff1_thd1;
                                                    ~~ ~~~~~~~~~~~~~~~^~~~~~~~~~~~~~~~~
mix057_pso.oepc_false-unreach-call.c:179:71: note: place parentheses around the '&&' expression to silence this warning
  a$r_buff1_thd1 = a$w_buff0_used && a$r_buff0_thd1 || a$w_buff1_used && a$r_buff1_thd1 ? FALSE : a$r_buff1_thd1;
                                                                      ^
                                                       (                               )
mix057_pso.oepc_false-unreach-call.c:184:10: warning: implicit declaration of function 'nondet_0' is invalid in C99 [-Wimplicit-function-declaration]
  return nondet_0();
         ^
mix057_pso.oepc_false-unreach-call.c:184:10: warning: incompatible integer to pointer conversion returning 'int' from a function with result type 'void *' [-Wint-conversion]
  return nondet_0();
         ^~~~~~~~~~
mix057_pso.oepc_false-unreach-call.c:200:35: warning: '&&' within '||' [-Wlogical-op-parentheses]
  a$w_buff1_used = a$w_buff0_used && a$r_buff0_thd2 || a$w_buff1_used && a$r_buff1_thd2 ? FALSE : a$w_buff1_used;
                   ~~~~~~~~~~~~~~~^~~~~~~~~~~~~~~~~ ~~
mix057_pso.oepc_false-unreach-call.c:200:35: note: place parentheses around the '&&' expression to silence this warning
  a$w_buff1_used = a$w_buff0_used && a$r_buff0_thd2 || a$w_buff1_used && a$r_buff1_thd2 ? FALSE : a$w_buff1_used;
                                  ^
                   (                               )
mix057_pso.oepc_false-unreach-call.c:200:71: warning: '&&' within '||' [-Wlogical-op-parentheses]
  a$w_buff1_used = a$w_buff0_used && a$r_buff0_thd2 || a$w_buff1_used && a$r_buff1_thd2 ? FALSE : a$w_buff1_used;
                                                    ~~ ~~~~~~~~~~~~~~~^~~~~~~~~~~~~~~~~
mix057_pso.oepc_false-unreach-call.c:200:71: note: place parentheses around the '&&' expression to silence this warning
  a$w_buff1_used = a$w_buff0_used && a$r_buff0_thd2 || a$w_buff1_used && a$r_buff1_thd2 ? FALSE : a$w_buff1_used;
                                                                      ^
                                                       (                               )
mix057_pso.oepc_false-unreach-call.c:202:35: warning: '&&' within '||' [-Wlogical-op-parentheses]
  a$r_buff1_thd2 = a$w_buff0_used && a$r_buff0_thd2 || a$w_buff1_used && a$r_buff1_thd2 ? FALSE : a$r_buff1_thd2;
                   ~~~~~~~~~~~~~~~^~~~~~~~~~~~~~~~~ ~~
mix057_pso.oepc_false-unreach-call.c:202:35: note: place parentheses around the '&&' expression to silence this warning
  a$r_buff1_thd2 = a$w_buff0_used && a$r_buff0_thd2 || a$w_buff1_used && a$r_buff1_thd2 ? FALSE : a$r_buff1_thd2;
                                  ^
                   (                               )
mix057_pso.oepc_false-unreach-call.c:202:71: warning: '&&' within '||' [-Wlogical-op-parentheses]
  a$r_buff1_thd2 = a$w_buff0_used && a$r_buff0_thd2 || a$w_buff1_used && a$r_buff1_thd2 ? FALSE : a$r_buff1_thd2;
                                                    ~~ ~~~~~~~~~~~~~~~^~~~~~~~~~~~~~~~~
mix057_pso.oepc_false-unreach-call.c:202:71: note: place parentheses around the '&&' expression to silence this warning
  a$r_buff1_thd2 = a$w_buff0_used && a$r_buff0_thd2 || a$w_buff1_used && a$r_buff1_thd2 ? FALSE : a$r_buff1_thd2;
                                                                      ^
                                                       (                               )
mix057_pso.oepc_false-unreach-call.c:207:10: warning: incompatible integer to pointer conversion returning 'int' from a function with result type 'void *' [-Wint-conversion]
  return nondet_0();
         ^~~~~~~~~~
mix057_pso.oepc_false-unreach-call.c:223:35: warning: '&&' within '||' [-Wlogical-op-parentheses]
  a$w_buff1_used = a$w_buff0_used && a$r_buff0_thd3 || a$w_buff1_used && a$r_buff1_thd3 ? FALSE : a$w_buff1_used;
                   ~~~~~~~~~~~~~~~^~~~~~~~~~~~~~~~~ ~~
mix057_pso.oepc_false-unreach-call.c:223:35: note: place parentheses around the '&&' expression to silence this warning
  a$w_buff1_used = a$w_buff0_used && a$r_buff0_thd3 || a$w_buff1_used && a$r_buff1_thd3 ? FALSE : a$w_buff1_used;
                                  ^
                   (                               )
mix057_pso.oepc_false-unreach-call.c:223:71: warning: '&&' within '||' [-Wlogical-op-parentheses]
  a$w_buff1_used = a$w_buff0_used && a$r_buff0_thd3 || a$w_buff1_used && a$r_buff1_thd3 ? FALSE : a$w_buff1_used;
                                                    ~~ ~~~~~~~~~~~~~~~^~~~~~~~~~~~~~~~~
mix057_pso.oepc_false-unreach-call.c:223:71: note: place parentheses around the '&&' expression to silence this warning
  a$w_buff1_used = a$w_buff0_used && a$r_buff0_thd3 || a$w_buff1_used && a$r_buff1_thd3 ? FALSE : a$w_buff1_used;
                                                                      ^
                                                       (                               )
mix057_pso.oepc_false-unreach-call.c:225:35: warning: '&&' within '||' [-Wlogical-op-parentheses]
  a$r_buff1_thd3 = a$w_buff0_used && a$r_buff0_thd3 || a$w_buff1_used && a$r_buff1_thd3 ? FALSE : a$r_buff1_thd3;
                   ~~~~~~~~~~~~~~~^~~~~~~~~~~~~~~~~ ~~
mix057_pso.oepc_false-unreach-call.c:225:35: note: place parentheses around the '&&' expression to silence this warning
  a$r_buff1_thd3 = a$w_buff0_used && a$r_buff0_thd3 || a$w_buff1_used && a$r_buff1_thd3 ? FALSE : a$r_buff1_thd3;
                                  ^
                   (                               )
mix057_pso.oepc_false-unreach-call.c:225:71: warning: '&&' within '||' [-Wlogical-op-parentheses]
  a$r_buff1_thd3 = a$w_buff0_used && a$r_buff0_thd3 || a$w_buff1_used && a$r_buff1_thd3 ? FALSE : a$r_buff1_thd3;
                                                    ~~ ~~~~~~~~~~~~~~~^~~~~~~~~~~~~~~~~
mix057_pso.oepc_false-unreach-call.c:225:71: note: place parentheses around the '&&' expression to silence this warning
  a$r_buff1_thd3 = a$w_buff0_used && a$r_buff0_thd3 || a$w_buff1_used && a$r_buff1_thd3 ? FALSE : a$r_buff1_thd3;
                                                                      ^
                                                       (                               )
mix057_pso.oepc_false-unreach-call.c:230:10: warning: incompatible integer to pointer conversion returning 'int' from a function with result type 'void *' [-Wint-conversion]
  return nondet_0();
         ^~~~~~~~~~
mix057_pso.oepc_false-unreach-call.c:241:19: warning: implicit declaration of function 'nondet_1' is invalid in C99 [-Wimplicit-function-declaration]
  weak$$choice0 = nondet_1();
                  ^
mix057_pso.oepc_false-unreach-call.c:245:42: warning: '&&' within '||' [-Wlogical-op-parentheses]
  a = !a$w_buff0_used || !a$r_buff0_thd4 && !a$w_buff1_used || !a$r_buff0_thd4 && !a$r_buff1_thd4 ? a : (a$w_buff0_used && a$r_buff0_thd4 ? a$w_buff0 : a$w_buff1);
                      ~~ ~~~~~~~~~~~~~~~~^~~~~~~~~~~~~~~~~~
mix057_pso.oepc_false-unreach-call.c:245:42: note: place parentheses around the '&&' expression to silence this warning
  a = !a$w_buff0_used || !a$r_buff0_thd4 && !a$w_buff1_used || !a$r_buff0_thd4 && !a$r_buff1_thd4 ? a : (a$w_buff0_used && a$r_buff0_thd4 ? a$w_buff0 : a$w_buff1);
                                         ^
                         (                                 )
mix057_pso.oepc_false-unreach-call.c:245:80: warning: '&&' within '||' [-Wlogical-op-parentheses]
  a = !a$w_buff0_used || !a$r_buff0_thd4 && !a$w_buff1_used || !a$r_buff0_thd4 && !a$r_buff1_thd4 ? a : (a$w_buff0_used && a$r_buff0_thd4 ? a$w_buff0 : a$w_buff1);
                                                            ~~ ~~~~~~~~~~~~~~~~^~~~~~~~~~~~~~~~~~
mix057_pso.oepc_false-unreach-call.c:245:80: note: place parentheses around the '&&' expression to silence this warning
  a = !a$w_buff0_used || !a$r_buff0_thd4 && !a$w_buff1_used || !a$r_buff0_thd4 && !a$r_buff1_thd4 ? a : (a$w_buff0_used && a$r_buff0_thd4 ? a$w_buff0 : a$w_buff1);
                                                                               ^
                                                               (                                 )
mix057_pso.oepc_false-unreach-call.c:246:79: warning: '&&' within '||' [-Wlogical-op-parentheses]
  a$w_buff0 = weak$$choice2 ? a$w_buff0 : (!a$w_buff0_used || !a$r_buff0_thd4 && !a$w_buff1_used || !a$r_buff0_thd4 && !a$r_buff1_thd4 ? a$w_buff0 : (a$w_buff0_used && a$r_buff0_thd4 ? a$w_buff0 : a$w_buff0));
                                                           ~~ ~~~~~~~~~~~~~~~~^~~~~~~~~~~~~~~~~~
mix057_pso.oepc_false-unreach-call.c:246:79: note: place parentheses around the '&&' expression to silence this warning
  a$w_buff0 = weak$$choice2 ? a$w_buff0 : (!a$w_buff0_used || !a$r_buff0_thd4 && !a$w_buff1_used || !a$r_buff0_thd4 && !a$r_buff1_thd4 ? a$w_buff0 : (a$w_buff0_used && a$r_buff0_thd4 ? a$w_buff0 : a$w_buff0));
                                                                              ^
                                                              (                                 )
mix057_pso.oepc_false-unreach-call.c:246:117: warning: '&&' within '||' [-Wlogical-op-parentheses]
  a$w_buff0 = weak$$choice2 ? a$w_buff0 : (!a$w_buff0_used || !a$r_buff0_thd4 && !a$w_buff1_used || !a$r_buff0_thd4 && !a$r_buff1_thd4 ? a$w_buff0 : (a$w_buff0_used && a$r_buff0_thd4 ? a$w_buff0 : a$w_buff0));
                                                                                                 ~~ ~~~~~~~~~~~~~~~~^~~~~~~~~~~~~~~~~~
mix057_pso.oepc_false-unreach-call.c:246:117: note: place parentheses around the '&&' expression to silence this warning
  a$w_buff0 = weak$$choice2 ? a$w_buff0 : (!a$w_buff0_used || !a$r_buff0_thd4 && !a$w_buff1_used || !a$r_buff0_thd4 && !a$r_buff1_thd4 ? a$w_buff0 : (a$w_buff0_used && a$r_buff0_thd4 ? a$w_buff0 : a$w_buff0));
                                                                                                                    ^
                                                                                                    (                                 )
mix057_pso.oepc_false-unreach-call.c:247:79: warning: '&&' within '||' [-Wlogical-op-parentheses]
  a$w_buff1 = weak$$choice2 ? a$w_buff1 : (!a$w_buff0_used || !a$r_buff0_thd4 && !a$w_buff1_used || !a$r_buff0_thd4 && !a$r_buff1_thd4 ? a$w_buff1 : (a$w_buff0_used && a$r_buff0_thd4 ? a$w_buff1 : a$w_buff1));
                                                           ~~ ~~~~~~~~~~~~~~~~^~~~~~~~~~~~~~~~~~
mix057_pso.oepc_false-unreach-call.c:247:79: note: place parentheses around the '&&' expression to silence this warning
  a$w_buff1 = weak$$choice2 ? a$w_buff1 : (!a$w_buff0_used || !a$r_buff0_thd4 && !a$w_buff1_used || !a$r_buff0_thd4 && !a$r_buff1_thd4 ? a$w_buff1 : (a$w_buff0_used && a$r_buff0_thd4 ? a$w_buff1 : a$w_buff1));
                                                                              ^
                                                              (                                 )
mix057_pso.oepc_false-unreach-call.c:247:117: warning: '&&' within '||' [-Wlogical-op-parentheses]
  a$w_buff1 = weak$$choice2 ? a$w_buff1 : (!a$w_buff0_used || !a$r_buff0_thd4 && !a$w_buff1_used || !a$r_buff0_thd4 && !a$r_buff1_thd4 ? a$w_buff1 : (a$w_buff0_used && a$r_buff0_thd4 ? a$w_buff1 : a$w_buff1));
                                                                                                 ~~ ~~~~~~~~~~~~~~~~^~~~~~~~~~~~~~~~~~
mix057_pso.oepc_false-unreach-call.c:247:117: note: place parentheses around the '&&' expression to silence this warning
  a$w_buff1 = weak$$choice2 ? a$w_buff1 : (!a$w_buff0_used || !a$r_buff0_thd4 && !a$w_buff1_used || !a$r_buff0_thd4 && !a$r_buff1_thd4 ? a$w_buff1 : (a$w_buff0_used && a$r_buff0_thd4 ? a$w_buff1 : a$w_buff1));
                                                                                                                    ^
                                                                                                    (                                 )
mix057_pso.oepc_false-unreach-call.c:248:89: warning: '&&' within '||' [-Wlogical-op-parentheses]
  a$w_buff0_used = weak$$choice2 ? a$w_buff0_used : (!a$w_buff0_used || !a$r_buff0_thd4 && !a$w_buff1_used || !a$r_buff0_thd4 && !a$r_buff1_thd4 ? a$w_buff0_used : (a$w_buff0_used && a$r_buff0_thd4 ? FALSE : a$w_buff0_used));
                                                                     ~~ ~~~~~~~~~~~~~~~~^~~~~~~~~~~~~~~~~~
mix057_pso.oepc_false-unreach-call.c:248:89: note: place parentheses around the '&&' expression to silence this warning
  a$w_buff0_used = weak$$choice2 ? a$w_buff0_used : (!a$w_buff0_used || !a$r_buff0_thd4 && !a$w_buff1_used || !a$r_buff0_thd4 && !a$r_buff1_thd4 ? a$w_buff0_used : (a$w_buff0_used && a$r_buff0_thd4 ? FALSE : a$w_buff0_used));
                                                                                        ^
                                                                        (                                 )
mix057_pso.oepc_false-unreach-call.c:248:127: warning: '&&' within '||' [-Wlogical-op-parentheses]
  a$w_buff0_used = weak$$choice2 ? a$w_buff0_used : (!a$w_buff0_used || !a$r_buff0_thd4 && !a$w_buff1_used || !a$r_buff0_thd4 && !a$r_buff1_thd4 ? a$w_buff0_used : (a$w_buff0_used && a$r_buff0_thd4 ? FALSE : a$w_buff0_used));
                                                                                                           ~~ ~~~~~~~~~~~~~~~~^~~~~~~~~~~~~~~~~~
mix057_pso.oepc_false-unreach-call.c:248:127: note: place parentheses around the '&&' expression to silence this warning
  a$w_buff0_used = weak$$choice2 ? a$w_buff0_used : (!a$w_buff0_used || !a$r_buff0_thd4 && !a$w_buff1_used || !a$r_buff0_thd4 && !a$r_buff1_thd4 ? a$w_buff0_used : (a$w_buff0_used && a$r_buff0_thd4 ? FALSE : a$w_buff0_used));
                                                                                                                              ^
                                                                                                              (                                 )
mix057_pso.oepc_false-unreach-call.c:249:89: warning: '&&' within '||' [-Wlogical-op-parentheses]
  a$w_buff1_used = weak$$choice2 ? a$w_buff1_used : (!a$w_buff0_used || !a$r_buff0_thd4 && !a$w_buff1_used || !a$r_buff0_thd4 && !a$r_buff1_thd4 ? a$w_buff1_used : (a$w_buff0_used && a$r_buff0_thd4 ? FALSE : FALSE));
                                                                     ~~ ~~~~~~~~~~~~~~~~^~~~~~~~~~~~~~~~~~
mix057_pso.oepc_false-unreach-call.c:249:89: note: place parentheses around the '&&' expression to silence this warning
  a$w_buff1_used = weak$$choice2 ? a$w_buff1_used : (!a$w_buff0_used || !a$r_buff0_thd4 && !a$w_buff1_used || !a$r_buff0_thd4 && !a$r_buff1_thd4 ? a$w_buff1_used : (a$w_buff0_used && a$r_buff0_thd4 ? FALSE : FALSE));
                                                                                        ^
                                                                        (                                 )
mix057_pso.oepc_false-unreach-call.c:249:127: warning: '&&' within '||' [-Wlogical-op-parentheses]
  a$w_buff1_used = weak$$choice2 ? a$w_buff1_used : (!a$w_buff0_used || !a$r_buff0_thd4 && !a$w_buff1_used || !a$r_buff0_thd4 && !a$r_buff1_thd4 ? a$w_buff1_used : (a$w_buff0_used && a$r_buff0_thd4 ? FALSE : FALSE));
                                                                                                           ~~ ~~~~~~~~~~~~~~~~^~~~~~~~~~~~~~~~~~
mix057_pso.oepc_false-unreach-call.c:249:127: note: place parentheses around the '&&' expression to silence this warning
  a$w_buff1_used = weak$$choice2 ? a$w_buff1_used : (!a$w_buff0_used || !a$r_buff0_thd4 && !a$w_buff1_used || !a$r_buff0_thd4 && !a$r_buff1_thd4 ? a$w_buff1_used : (a$w_buff0_used && a$r_buff0_thd4 ? FALSE : FALSE));
                                                                                                                              ^
                                                                                                              (                                 )
mix057_pso.oepc_false-unreach-call.c:250:89: warning: '&&' within '||' [-Wlogical-op-parentheses]
  a$r_buff0_thd4 = weak$$choice2 ? a$r_buff0_thd4 : (!a$w_buff0_used || !a$r_buff0_thd4 && !a$w_buff1_used || !a$r_buff0_thd4 && !a$r_buff1_thd4 ? a$r_buff0_thd4 : (a$w_buff0_used && a$r_buff0_thd4 ? FALSE : a$r_buff0_thd4));
                                                                     ~~ ~~~~~~~~~~~~~~~~^~~~~~~~~~~~~~~~~~
mix057_pso.oepc_false-unreach-call.c:250:89: note: place parentheses around the '&&' expression to silence this warning
  a$r_buff0_thd4 = weak$$choice2 ? a$r_buff0_thd4 : (!a$w_buff0_used || !a$r_buff0_thd4 && !a$w_buff1_used || !a$r_buff0_thd4 && !a$r_buff1_thd4 ? a$r_buff0_thd4 : (a$w_buff0_used && a$r_buff0_thd4 ? FALSE : a$r_buff0_thd4));
                                                                                        ^
                                                                        (                                 )
mix057_pso.oepc_false-unreach-call.c:250:127: warning: '&&' within '||' [-Wlogical-op-parentheses]
  a$r_buff0_thd4 = weak$$choice2 ? a$r_buff0_thd4 : (!a$w_buff0_used || !a$r_buff0_thd4 && !a$w_buff1_used || !a$r_buff0_thd4 && !a$r_buff1_thd4 ? a$r_buff0_thd4 : (a$w_buff0_used && a$r_buff0_thd4 ? FALSE : a$r_buff0_thd4));
                                                                                                           ~~ ~~~~~~~~~~~~~~~~^~~~~~~~~~~~~~~~~~
mix057_pso.oepc_false-unreach-call.c:250:127: note: place parentheses around the '&&' expression to silence this warning
  a$r_buff0_thd4 = weak$$choice2 ? a$r_buff0_thd4 : (!a$w_buff0_used || !a$r_buff0_thd4 && !a$w_buff1_used || !a$r_buff0_thd4 && !a$r_buff1_thd4 ? a$r_buff0_thd4 : (a$w_buff0_used && a$r_buff0_thd4 ? FALSE : a$r_buff0_thd4));
                                                                                                                              ^
                                                                                                              (                                 )
mix057_pso.oepc_false-unreach-call.c:251:89: warning: '&&' within '||' [-Wlogical-op-parentheses]
  a$r_buff1_thd4 = weak$$choice2 ? a$r_buff1_thd4 : (!a$w_buff0_used || !a$r_buff0_thd4 && !a$w_buff1_used || !a$r_buff0_thd4 && !a$r_buff1_thd4 ? a$r_buff1_thd4 : (a$w_buff0_used && a$r_buff0_thd4 ? FALSE : FALSE));
                                                                     ~~ ~~~~~~~~~~~~~~~~^~~~~~~~~~~~~~~~~~
mix057_pso.oepc_false-unreach-call.c:251:89: note: place parentheses around the '&&' expression to silence this warning
  a$r_buff1_thd4 = weak$$choice2 ? a$r_buff1_thd4 : (!a$w_buff0_used || !a$r_buff0_thd4 && !a$w_buff1_used || !a$r_buff0_thd4 && !a$r_buff1_thd4 ? a$r_buff1_thd4 : (a$w_buff0_used && a$r_buff0_thd4 ? FALSE : FALSE));
                                                                                        ^
                                                                        (                                 )
mix057_pso.oepc_false-unreach-call.c:251:127: warning: '&&' within '||' [-Wlogical-op-parentheses]
  a$r_buff1_thd4 = weak$$choice2 ? a$r_buff1_thd4 : (!a$w_buff0_used || !a$r_buff0_thd4 && !a$w_buff1_used || !a$r_buff0_thd4 && !a$r_buff1_thd4 ? a$r_buff1_thd4 : (a$w_buff0_used && a$r_buff0_thd4 ? FALSE : FALSE));
                                                                                                           ~~ ~~~~~~~~~~~~~~~~^~~~~~~~~~~~~~~~~~
mix057_pso.oepc_false-unreach-call.c:251:127: note: place parentheses around the '&&' expression to silence this warning
  a$r_buff1_thd4 = weak$$choice2 ? a$r_buff1_thd4 : (!a$w_buff0_used || !a$r_buff0_thd4 && !a$w_buff1_used || !a$r_buff0_thd4 && !a$r_buff1_thd4 ? a$r_buff1_thd4 : (a$w_buff0_used && a$r_buff0_thd4 ? FALSE : FALSE));
                                                                                                                              ^
                                                                                                              (                                 )
mix057_pso.oepc_false-unreach-call.c:259:35: warning: '&&' within '||' [-Wlogical-op-parentheses]
  a$w_buff1_used = a$w_buff0_used && a$r_buff0_thd4 || a$w_buff1_used && a$r_buff1_thd4 ? FALSE : a$w_buff1_used;
                   ~~~~~~~~~~~~~~~^~~~~~~~~~~~~~~~~ ~~
mix057_pso.oepc_false-unreach-call.c:259:35: note: place parentheses around the '&&' expression to silence this warning
  a$w_buff1_used = a$w_buff0_used && a$r_buff0_thd4 || a$w_buff1_used && a$r_buff1_thd4 ? FALSE : a$w_buff1_used;
                                  ^
                   (                               )
mix057_pso.oepc_false-unreach-call.c:259:71: warning: '&&' within '||' [-Wlogical-op-parentheses]
  a$w_buff1_used = a$w_buff0_used && a$r_buff0_thd4 || a$w_buff1_used && a$r_buff1_thd4 ? FALSE : a$w_buff1_used;
                                                    ~~ ~~~~~~~~~~~~~~~^~~~~~~~~~~~~~~~~
mix057_pso.oepc_false-unreach-call.c:259:71: note: place parentheses around the '&&' expression to silence this warning
  a$w_buff1_used = a$w_buff0_used && a$r_buff0_thd4 || a$w_buff1_used && a$r_buff1_thd4 ? FALSE : a$w_buff1_used;
                                                                      ^
                                                       (                               )
mix057_pso.oepc_false-unreach-call.c:261:35: warning: '&&' within '||' [-Wlogical-op-parentheses]
  a$r_buff1_thd4 = a$w_buff0_used && a$r_buff0_thd4 || a$w_buff1_used && a$r_buff1_thd4 ? FALSE : a$r_buff1_thd4;
                   ~~~~~~~~~~~~~~~^~~~~~~~~~~~~~~~~ ~~
mix057_pso.oepc_false-unreach-call.c:261:35: note: place parentheses around the '&&' expression to silence this warning
  a$r_buff1_thd4 = a$w_buff0_used && a$r_buff0_thd4 || a$w_buff1_used && a$r_buff1_thd4 ? FALSE : a$r_buff1_thd4;
                                  ^
                   (                               )
mix057_pso.oepc_false-unreach-call.c:261:71: warning: '&&' within '||' [-Wlogical-op-parentheses]
  a$r_buff1_thd4 = a$w_buff0_used && a$r_buff0_thd4 || a$w_buff1_used && a$r_buff1_thd4 ? FALSE : a$r_buff1_thd4;
                                                    ~~ ~~~~~~~~~~~~~~~^~~~~~~~~~~~~~~~~
mix057_pso.oepc_false-unreach-call.c:261:71: note: place parentheses around the '&&' expression to silence this warning
  a$r_buff1_thd4 = a$w_buff0_used && a$r_buff0_thd4 || a$w_buff1_used && a$r_buff1_thd4 ? FALSE : a$r_buff1_thd4;
                                                                      ^
                                                       (                               )
mix057_pso.oepc_false-unreach-call.c:266:10: warning: incompatible integer to pointer conversion returning 'int' from a function with result type 'void *' [-Wint-conversion]
  return nondet_0();
         ^~~~~~~~~~
mix057_pso.oepc_false-unreach-call.c:294:38: warning: null passed to a callee which requires a non-null argument [-Wnonnull]
  pthread_create(NULL, NULL, P0, NULL);
                 ~~~~                ^
mix057_pso.oepc_false-unreach-call.c:295:38: warning: null passed to a callee which requires a non-null argument [-Wnonnull]
  pthread_create(NULL, NULL, P1, NULL);
                 ~~~~                ^
mix057_pso.oepc_false-unreach-call.c:296:38: warning: null passed to a callee which requires a non-null argument [-Wnonnull]
  pthread_create(NULL, NULL, P2, NULL);
                 ~~~~                ^
mix057_pso.oepc_false-unreach-call.c:297:38: warning: null passed to a callee which requires a non-null argument [-Wnonnull]
  pthread_create(NULL, NULL, P3, NULL);
                 ~~~~                ^
mix057_pso.oepc_false-unreach-call.c:305:35: warning: '&&' within '||' [-Wlogical-op-parentheses]
  a$w_buff1_used = a$w_buff0_used && a$r_buff0_thd0 || a$w_buff1_used && a$r_buff1_thd0 ? FALSE : a$w_buff1_used;
                   ~~~~~~~~~~~~~~~^~~~~~~~~~~~~~~~~ ~~
mix057_pso.oepc_false-unreach-call.c:305:35: note: place parentheses around the '&&' expression to silence this warning
  a$w_buff1_used = a$w_buff0_used && a$r_buff0_thd0 || a$w_buff1_used && a$r_buff1_thd0 ? FALSE : a$w_buff1_used;
                                  ^
                   (                               )
mix057_pso.oepc_false-unreach-call.c:305:71: warning: '&&' within '||' [-Wlogical-op-parentheses]
  a$w_buff1_used = a$w_buff0_used && a$r_buff0_thd0 || a$w_buff1_used && a$r_buff1_thd0 ? FALSE : a$w_buff1_used;
                                                    ~~ ~~~~~~~~~~~~~~~^~~~~~~~~~~~~~~~~
mix057_pso.oepc_false-unreach-call.c:305:71: note: place parentheses around the '&&' expression to silence this warning
  a$w_buff1_used = a$w_buff0_used && a$r_buff0_thd0 || a$w_buff1_used && a$r_buff1_thd0 ? FALSE : a$w_buff1_used;
                                                                      ^
                                                       (                               )
mix057_pso.oepc_false-unreach-call.c:307:35: warning: '&&' within '||' [-Wlogical-op-parentheses]
  a$r_buff1_thd0 = a$w_buff0_used && a$r_buff0_thd0 || a$w_buff1_used && a$r_buff1_thd0 ? FALSE : a$r_buff1_thd0;
                   ~~~~~~~~~~~~~~~^~~~~~~~~~~~~~~~~ ~~
mix057_pso.oepc_false-unreach-call.c:307:35: note: place parentheses around the '&&' expression to silence this warning
  a$r_buff1_thd0 = a$w_buff0_used && a$r_buff0_thd0 || a$w_buff1_used && a$r_buff1_thd0 ? FALSE : a$r_buff1_thd0;
                                  ^
                   (                               )
mix057_pso.oepc_false-unreach-call.c:307:71: warning: '&&' within '||' [-Wlogical-op-parentheses]
  a$r_buff1_thd0 = a$w_buff0_used && a$r_buff0_thd0 || a$w_buff1_used && a$r_buff1_thd0 ? FALSE : a$r_buff1_thd0;
                                                    ~~ ~~~~~~~~~~~~~~~^~~~~~~~~~~~~~~~~
mix057_pso.oepc_false-unreach-call.c:307:71: note: place parentheses around the '&&' expression to silence this warning
  a$r_buff1_thd0 = a$w_buff0_used && a$r_buff0_thd0 || a$w_buff1_used && a$r_buff1_thd0 ? FALSE : a$r_buff1_thd0;
                                                                      ^
                                                       (                               )
45 warnings generated.
