mix006_tso.oepc_false-unreach-call.c:4:34: warning: implicit declaration of function '__VERIFIER_assume' is invalid in C99 [-Wimplicit-function-declaration]
void __VERIFIER_atomic_begin() { __VERIFIER_assume(__global_lock==0); __global_lock=1; return; }
                                 ^
mix006_tso.oepc_false-unreach-call.c:218:35: warning: '&&' within '||' [-Wlogical-op-parentheses]
  x$w_buff1_used = x$w_buff0_used && x$r_buff0_thd1 || x$w_buff1_used && x$r_buff1_thd1 ? FALSE : x$w_buff1_used;
                   ~~~~~~~~~~~~~~~^~~~~~~~~~~~~~~~~ ~~
mix006_tso.oepc_false-unreach-call.c:218:35: note: place parentheses around the '&&' expression to silence this warning
  x$w_buff1_used = x$w_buff0_used && x$r_buff0_thd1 || x$w_buff1_used && x$r_buff1_thd1 ? FALSE : x$w_buff1_used;
                                  ^
                   (                               )
mix006_tso.oepc_false-unreach-call.c:218:71: warning: '&&' within '||' [-Wlogical-op-parentheses]
  x$w_buff1_used = x$w_buff0_used && x$r_buff0_thd1 || x$w_buff1_used && x$r_buff1_thd1 ? FALSE : x$w_buff1_used;
                                                    ~~ ~~~~~~~~~~~~~~~^~~~~~~~~~~~~~~~~
mix006_tso.oepc_false-unreach-call.c:218:71: note: place parentheses around the '&&' expression to silence this warning
  x$w_buff1_used = x$w_buff0_used && x$r_buff0_thd1 || x$w_buff1_used && x$r_buff1_thd1 ? FALSE : x$w_buff1_used;
                                                                      ^
                                                       (                               )
mix006_tso.oepc_false-unreach-call.c:220:35: warning: '&&' within '||' [-Wlogical-op-parentheses]
  x$r_buff1_thd1 = x$w_buff0_used && x$r_buff0_thd1 || x$w_buff1_used && x$r_buff1_thd1 ? FALSE : x$r_buff1_thd1;
                   ~~~~~~~~~~~~~~~^~~~~~~~~~~~~~~~~ ~~
mix006_tso.oepc_false-unreach-call.c:220:35: note: place parentheses around the '&&' expression to silence this warning
  x$r_buff1_thd1 = x$w_buff0_used && x$r_buff0_thd1 || x$w_buff1_used && x$r_buff1_thd1 ? FALSE : x$r_buff1_thd1;
                                  ^
                   (                               )
mix006_tso.oepc_false-unreach-call.c:220:71: warning: '&&' within '||' [-Wlogical-op-parentheses]
  x$r_buff1_thd1 = x$w_buff0_used && x$r_buff0_thd1 || x$w_buff1_used && x$r_buff1_thd1 ? FALSE : x$r_buff1_thd1;
                                                    ~~ ~~~~~~~~~~~~~~~^~~~~~~~~~~~~~~~~
mix006_tso.oepc_false-unreach-call.c:220:71: note: place parentheses around the '&&' expression to silence this warning
  x$r_buff1_thd1 = x$w_buff0_used && x$r_buff0_thd1 || x$w_buff1_used && x$r_buff1_thd1 ? FALSE : x$r_buff1_thd1;
                                                                      ^
                                                       (                               )
mix006_tso.oepc_false-unreach-call.c:225:10: warning: implicit declaration of function 'nondet_0' is invalid in C99 [-Wimplicit-function-declaration]
  return nondet_0();
         ^
mix006_tso.oepc_false-unreach-call.c:225:10: warning: incompatible integer to pointer conversion returning 'int' from a function with result type 'void *' [-Wint-conversion]
  return nondet_0();
         ^~~~~~~~~~
mix006_tso.oepc_false-unreach-call.c:245:19: warning: implicit declaration of function 'nondet_1' is invalid in C99 [-Wimplicit-function-declaration]
  weak$$choice0 = nondet_1();
                  ^
mix006_tso.oepc_false-unreach-call.c:249:42: warning: '&&' within '||' [-Wlogical-op-parentheses]
  x = !x$w_buff0_used || !x$r_buff0_thd2 && !x$w_buff1_used || !x$r_buff0_thd2 && !x$r_buff1_thd2 ? x : (x$w_buff0_used && x$r_buff0_thd2 ? x$w_buff0 : x$w_buff1);
                      ~~ ~~~~~~~~~~~~~~~~^~~~~~~~~~~~~~~~~~
mix006_tso.oepc_false-unreach-call.c:249:42: note: place parentheses around the '&&' expression to silence this warning
  x = !x$w_buff0_used || !x$r_buff0_thd2 && !x$w_buff1_used || !x$r_buff0_thd2 && !x$r_buff1_thd2 ? x : (x$w_buff0_used && x$r_buff0_thd2 ? x$w_buff0 : x$w_buff1);
                                         ^
                         (                                 )
mix006_tso.oepc_false-unreach-call.c:249:80: warning: '&&' within '||' [-Wlogical-op-parentheses]
  x = !x$w_buff0_used || !x$r_buff0_thd2 && !x$w_buff1_used || !x$r_buff0_thd2 && !x$r_buff1_thd2 ? x : (x$w_buff0_used && x$r_buff0_thd2 ? x$w_buff0 : x$w_buff1);
                                                            ~~ ~~~~~~~~~~~~~~~~^~~~~~~~~~~~~~~~~~
mix006_tso.oepc_false-unreach-call.c:249:80: note: place parentheses around the '&&' expression to silence this warning
  x = !x$w_buff0_used || !x$r_buff0_thd2 && !x$w_buff1_used || !x$r_buff0_thd2 && !x$r_buff1_thd2 ? x : (x$w_buff0_used && x$r_buff0_thd2 ? x$w_buff0 : x$w_buff1);
                                                                               ^
                                                               (                                 )
mix006_tso.oepc_false-unreach-call.c:250:79: warning: '&&' within '||' [-Wlogical-op-parentheses]
  x$w_buff0 = weak$$choice2 ? x$w_buff0 : (!x$w_buff0_used || !x$r_buff0_thd2 && !x$w_buff1_used || !x$r_buff0_thd2 && !x$r_buff1_thd2 ? x$w_buff0 : (x$w_buff0_used && x$r_buff0_thd2 ? x$w_buff0 : x$w_buff0));
                                                           ~~ ~~~~~~~~~~~~~~~~^~~~~~~~~~~~~~~~~~
mix006_tso.oepc_false-unreach-call.c:250:79: note: place parentheses around the '&&' expression to silence this warning
  x$w_buff0 = weak$$choice2 ? x$w_buff0 : (!x$w_buff0_used || !x$r_buff0_thd2 && !x$w_buff1_used || !x$r_buff0_thd2 && !x$r_buff1_thd2 ? x$w_buff0 : (x$w_buff0_used && x$r_buff0_thd2 ? x$w_buff0 : x$w_buff0));
                                                                              ^
                                                              (                                 )
mix006_tso.oepc_false-unreach-call.c:250:117: warning: '&&' within '||' [-Wlogical-op-parentheses]
  x$w_buff0 = weak$$choice2 ? x$w_buff0 : (!x$w_buff0_used || !x$r_buff0_thd2 && !x$w_buff1_used || !x$r_buff0_thd2 && !x$r_buff1_thd2 ? x$w_buff0 : (x$w_buff0_used && x$r_buff0_thd2 ? x$w_buff0 : x$w_buff0));
                                                                                                 ~~ ~~~~~~~~~~~~~~~~^~~~~~~~~~~~~~~~~~
mix006_tso.oepc_false-unreach-call.c:250:117: note: place parentheses around the '&&' expression to silence this warning
  x$w_buff0 = weak$$choice2 ? x$w_buff0 : (!x$w_buff0_used || !x$r_buff0_thd2 && !x$w_buff1_used || !x$r_buff0_thd2 && !x$r_buff1_thd2 ? x$w_buff0 : (x$w_buff0_used && x$r_buff0_thd2 ? x$w_buff0 : x$w_buff0));
                                                                                                                    ^
                                                                                                    (                                 )
mix006_tso.oepc_false-unreach-call.c:251:79: warning: '&&' within '||' [-Wlogical-op-parentheses]
  x$w_buff1 = weak$$choice2 ? x$w_buff1 : (!x$w_buff0_used || !x$r_buff0_thd2 && !x$w_buff1_used || !x$r_buff0_thd2 && !x$r_buff1_thd2 ? x$w_buff1 : (x$w_buff0_used && x$r_buff0_thd2 ? x$w_buff1 : x$w_buff1));
                                                           ~~ ~~~~~~~~~~~~~~~~^~~~~~~~~~~~~~~~~~
mix006_tso.oepc_false-unreach-call.c:251:79: note: place parentheses around the '&&' expression to silence this warning
  x$w_buff1 = weak$$choice2 ? x$w_buff1 : (!x$w_buff0_used || !x$r_buff0_thd2 && !x$w_buff1_used || !x$r_buff0_thd2 && !x$r_buff1_thd2 ? x$w_buff1 : (x$w_buff0_used && x$r_buff0_thd2 ? x$w_buff1 : x$w_buff1));
                                                                              ^
                                                              (                                 )
mix006_tso.oepc_false-unreach-call.c:251:117: warning: '&&' within '||' [-Wlogical-op-parentheses]
  x$w_buff1 = weak$$choice2 ? x$w_buff1 : (!x$w_buff0_used || !x$r_buff0_thd2 && !x$w_buff1_used || !x$r_buff0_thd2 && !x$r_buff1_thd2 ? x$w_buff1 : (x$w_buff0_used && x$r_buff0_thd2 ? x$w_buff1 : x$w_buff1));
                                                                                                 ~~ ~~~~~~~~~~~~~~~~^~~~~~~~~~~~~~~~~~
mix006_tso.oepc_false-unreach-call.c:251:117: note: place parentheses around the '&&' expression to silence this warning
  x$w_buff1 = weak$$choice2 ? x$w_buff1 : (!x$w_buff0_used || !x$r_buff0_thd2 && !x$w_buff1_used || !x$r_buff0_thd2 && !x$r_buff1_thd2 ? x$w_buff1 : (x$w_buff0_used && x$r_buff0_thd2 ? x$w_buff1 : x$w_buff1));
                                                                                                                    ^
                                                                                                    (                                 )
mix006_tso.oepc_false-unreach-call.c:252:89: warning: '&&' within '||' [-Wlogical-op-parentheses]
  x$w_buff0_used = weak$$choice2 ? x$w_buff0_used : (!x$w_buff0_used || !x$r_buff0_thd2 && !x$w_buff1_used || !x$r_buff0_thd2 && !x$r_buff1_thd2 ? x$w_buff0_used : (x$w_buff0_used && x$r_buff0_thd2 ? FALSE : x$w_buff0_used));
                                                                     ~~ ~~~~~~~~~~~~~~~~^~~~~~~~~~~~~~~~~~
mix006_tso.oepc_false-unreach-call.c:252:89: note: place parentheses around the '&&' expression to silence this warning
  x$w_buff0_used = weak$$choice2 ? x$w_buff0_used : (!x$w_buff0_used || !x$r_buff0_thd2 && !x$w_buff1_used || !x$r_buff0_thd2 && !x$r_buff1_thd2 ? x$w_buff0_used : (x$w_buff0_used && x$r_buff0_thd2 ? FALSE : x$w_buff0_used));
                                                                                        ^
                                                                        (                                 )
mix006_tso.oepc_false-unreach-call.c:252:127: warning: '&&' within '||' [-Wlogical-op-parentheses]
  x$w_buff0_used = weak$$choice2 ? x$w_buff0_used : (!x$w_buff0_used || !x$r_buff0_thd2 && !x$w_buff1_used || !x$r_buff0_thd2 && !x$r_buff1_thd2 ? x$w_buff0_used : (x$w_buff0_used && x$r_buff0_thd2 ? FALSE : x$w_buff0_used));
                                                                                                           ~~ ~~~~~~~~~~~~~~~~^~~~~~~~~~~~~~~~~~
mix006_tso.oepc_false-unreach-call.c:252:127: note: place parentheses around the '&&' expression to silence this warning
  x$w_buff0_used = weak$$choice2 ? x$w_buff0_used : (!x$w_buff0_used || !x$r_buff0_thd2 && !x$w_buff1_used || !x$r_buff0_thd2 && !x$r_buff1_thd2 ? x$w_buff0_used : (x$w_buff0_used && x$r_buff0_thd2 ? FALSE : x$w_buff0_used));
                                                                                                                              ^
                                                                                                              (                                 )
mix006_tso.oepc_false-unreach-call.c:253:89: warning: '&&' within '||' [-Wlogical-op-parentheses]
  x$w_buff1_used = weak$$choice2 ? x$w_buff1_used : (!x$w_buff0_used || !x$r_buff0_thd2 && !x$w_buff1_used || !x$r_buff0_thd2 && !x$r_buff1_thd2 ? x$w_buff1_used : (x$w_buff0_used && x$r_buff0_thd2 ? FALSE : FALSE));
                                                                     ~~ ~~~~~~~~~~~~~~~~^~~~~~~~~~~~~~~~~~
mix006_tso.oepc_false-unreach-call.c:253:89: note: place parentheses around the '&&' expression to silence this warning
  x$w_buff1_used = weak$$choice2 ? x$w_buff1_used : (!x$w_buff0_used || !x$r_buff0_thd2 && !x$w_buff1_used || !x$r_buff0_thd2 && !x$r_buff1_thd2 ? x$w_buff1_used : (x$w_buff0_used && x$r_buff0_thd2 ? FALSE : FALSE));
                                                                                        ^
                                                                        (                                 )
mix006_tso.oepc_false-unreach-call.c:253:127: warning: '&&' within '||' [-Wlogical-op-parentheses]
  x$w_buff1_used = weak$$choice2 ? x$w_buff1_used : (!x$w_buff0_used || !x$r_buff0_thd2 && !x$w_buff1_used || !x$r_buff0_thd2 && !x$r_buff1_thd2 ? x$w_buff1_used : (x$w_buff0_used && x$r_buff0_thd2 ? FALSE : FALSE));
                                                                                                           ~~ ~~~~~~~~~~~~~~~~^~~~~~~~~~~~~~~~~~
mix006_tso.oepc_false-unreach-call.c:253:127: note: place parentheses around the '&&' expression to silence this warning
  x$w_buff1_used = weak$$choice2 ? x$w_buff1_used : (!x$w_buff0_used || !x$r_buff0_thd2 && !x$w_buff1_used || !x$r_buff0_thd2 && !x$r_buff1_thd2 ? x$w_buff1_used : (x$w_buff0_used && x$r_buff0_thd2 ? FALSE : FALSE));
                                                                                                                              ^
                                                                                                              (                                 )
mix006_tso.oepc_false-unreach-call.c:254:89: warning: '&&' within '||' [-Wlogical-op-parentheses]
  x$r_buff0_thd2 = weak$$choice2 ? x$r_buff0_thd2 : (!x$w_buff0_used || !x$r_buff0_thd2 && !x$w_buff1_used || !x$r_buff0_thd2 && !x$r_buff1_thd2 ? x$r_buff0_thd2 : (x$w_buff0_used && x$r_buff0_thd2 ? FALSE : x$r_buff0_thd2));
                                                                     ~~ ~~~~~~~~~~~~~~~~^~~~~~~~~~~~~~~~~~
mix006_tso.oepc_false-unreach-call.c:254:89: note: place parentheses around the '&&' expression to silence this warning
  x$r_buff0_thd2 = weak$$choice2 ? x$r_buff0_thd2 : (!x$w_buff0_used || !x$r_buff0_thd2 && !x$w_buff1_used || !x$r_buff0_thd2 && !x$r_buff1_thd2 ? x$r_buff0_thd2 : (x$w_buff0_used && x$r_buff0_thd2 ? FALSE : x$r_buff0_thd2));
                                                                                        ^
                                                                        (                                 )
mix006_tso.oepc_false-unreach-call.c:254:127: warning: '&&' within '||' [-Wlogical-op-parentheses]
  x$r_buff0_thd2 = weak$$choice2 ? x$r_buff0_thd2 : (!x$w_buff0_used || !x$r_buff0_thd2 && !x$w_buff1_used || !x$r_buff0_thd2 && !x$r_buff1_thd2 ? x$r_buff0_thd2 : (x$w_buff0_used && x$r_buff0_thd2 ? FALSE : x$r_buff0_thd2));
                                                                                                           ~~ ~~~~~~~~~~~~~~~~^~~~~~~~~~~~~~~~~~
mix006_tso.oepc_false-unreach-call.c:254:127: note: place parentheses around the '&&' expression to silence this warning
  x$r_buff0_thd2 = weak$$choice2 ? x$r_buff0_thd2 : (!x$w_buff0_used || !x$r_buff0_thd2 && !x$w_buff1_used || !x$r_buff0_thd2 && !x$r_buff1_thd2 ? x$r_buff0_thd2 : (x$w_buff0_used && x$r_buff0_thd2 ? FALSE : x$r_buff0_thd2));
                                                                                                                              ^
                                                                                                              (                                 )
mix006_tso.oepc_false-unreach-call.c:255:89: warning: '&&' within '||' [-Wlogical-op-parentheses]
  x$r_buff1_thd2 = weak$$choice2 ? x$r_buff1_thd2 : (!x$w_buff0_used || !x$r_buff0_thd2 && !x$w_buff1_used || !x$r_buff0_thd2 && !x$r_buff1_thd2 ? x$r_buff1_thd2 : (x$w_buff0_used && x$r_buff0_thd2 ? FALSE : FALSE));
                                                                     ~~ ~~~~~~~~~~~~~~~~^~~~~~~~~~~~~~~~~~
mix006_tso.oepc_false-unreach-call.c:255:89: note: place parentheses around the '&&' expression to silence this warning
  x$r_buff1_thd2 = weak$$choice2 ? x$r_buff1_thd2 : (!x$w_buff0_used || !x$r_buff0_thd2 && !x$w_buff1_used || !x$r_buff0_thd2 && !x$r_buff1_thd2 ? x$r_buff1_thd2 : (x$w_buff0_used && x$r_buff0_thd2 ? FALSE : FALSE));
                                                                                        ^
                                                                        (                                 )
mix006_tso.oepc_false-unreach-call.c:255:127: warning: '&&' within '||' [-Wlogical-op-parentheses]
  x$r_buff1_thd2 = weak$$choice2 ? x$r_buff1_thd2 : (!x$w_buff0_used || !x$r_buff0_thd2 && !x$w_buff1_used || !x$r_buff0_thd2 && !x$r_buff1_thd2 ? x$r_buff1_thd2 : (x$w_buff0_used && x$r_buff0_thd2 ? FALSE : FALSE));
                                                                                                           ~~ ~~~~~~~~~~~~~~~~^~~~~~~~~~~~~~~~~~
mix006_tso.oepc_false-unreach-call.c:255:127: note: place parentheses around the '&&' expression to silence this warning
  x$r_buff1_thd2 = weak$$choice2 ? x$r_buff1_thd2 : (!x$w_buff0_used || !x$r_buff0_thd2 && !x$w_buff1_used || !x$r_buff0_thd2 && !x$r_buff1_thd2 ? x$r_buff1_thd2 : (x$w_buff0_used && x$r_buff0_thd2 ? FALSE : FALSE));
                                                                                                                              ^
                                                                                                              (                                 )
mix006_tso.oepc_false-unreach-call.c:265:42: warning: '&&' within '||' [-Wlogical-op-parentheses]
  y = !y$w_buff0_used || !y$r_buff0_thd2 && !y$w_buff1_used || !y$r_buff0_thd2 && !y$r_buff1_thd2 ? y : (y$w_buff0_used && y$r_buff0_thd2 ? y$w_buff0 : y$w_buff1);
                      ~~ ~~~~~~~~~~~~~~~~^~~~~~~~~~~~~~~~~~
mix006_tso.oepc_false-unreach-call.c:265:42: note: place parentheses around the '&&' expression to silence this warning
  y = !y$w_buff0_used || !y$r_buff0_thd2 && !y$w_buff1_used || !y$r_buff0_thd2 && !y$r_buff1_thd2 ? y : (y$w_buff0_used && y$r_buff0_thd2 ? y$w_buff0 : y$w_buff1);
                                         ^
                         (                                 )
mix006_tso.oepc_false-unreach-call.c:265:80: warning: '&&' within '||' [-Wlogical-op-parentheses]
  y = !y$w_buff0_used || !y$r_buff0_thd2 && !y$w_buff1_used || !y$r_buff0_thd2 && !y$r_buff1_thd2 ? y : (y$w_buff0_used && y$r_buff0_thd2 ? y$w_buff0 : y$w_buff1);
                                                            ~~ ~~~~~~~~~~~~~~~~^~~~~~~~~~~~~~~~~~
mix006_tso.oepc_false-unreach-call.c:265:80: note: place parentheses around the '&&' expression to silence this warning
  y = !y$w_buff0_used || !y$r_buff0_thd2 && !y$w_buff1_used || !y$r_buff0_thd2 && !y$r_buff1_thd2 ? y : (y$w_buff0_used && y$r_buff0_thd2 ? y$w_buff0 : y$w_buff1);
                                                                               ^
                                                               (                                 )
mix006_tso.oepc_false-unreach-call.c:266:79: warning: '&&' within '||' [-Wlogical-op-parentheses]
  y$w_buff0 = weak$$choice2 ? y$w_buff0 : (!y$w_buff0_used || !y$r_buff0_thd2 && !y$w_buff1_used || !y$r_buff0_thd2 && !y$r_buff1_thd2 ? y$w_buff0 : (y$w_buff0_used && y$r_buff0_thd2 ? y$w_buff0 : y$w_buff0));
                                                           ~~ ~~~~~~~~~~~~~~~~^~~~~~~~~~~~~~~~~~
mix006_tso.oepc_false-unreach-call.c:266:79: note: place parentheses around the '&&' expression to silence this warning
  y$w_buff0 = weak$$choice2 ? y$w_buff0 : (!y$w_buff0_used || !y$r_buff0_thd2 && !y$w_buff1_used || !y$r_buff0_thd2 && !y$r_buff1_thd2 ? y$w_buff0 : (y$w_buff0_used && y$r_buff0_thd2 ? y$w_buff0 : y$w_buff0));
                                                                              ^
                                                              (                                 )
mix006_tso.oepc_false-unreach-call.c:266:117: warning: '&&' within '||' [-Wlogical-op-parentheses]
  y$w_buff0 = weak$$choice2 ? y$w_buff0 : (!y$w_buff0_used || !y$r_buff0_thd2 && !y$w_buff1_used || !y$r_buff0_thd2 && !y$r_buff1_thd2 ? y$w_buff0 : (y$w_buff0_used && y$r_buff0_thd2 ? y$w_buff0 : y$w_buff0));
                                                                                                 ~~ ~~~~~~~~~~~~~~~~^~~~~~~~~~~~~~~~~~
mix006_tso.oepc_false-unreach-call.c:266:117: note: place parentheses around the '&&' expression to silence this warning
  y$w_buff0 = weak$$choice2 ? y$w_buff0 : (!y$w_buff0_used || !y$r_buff0_thd2 && !y$w_buff1_used || !y$r_buff0_thd2 && !y$r_buff1_thd2 ? y$w_buff0 : (y$w_buff0_used && y$r_buff0_thd2 ? y$w_buff0 : y$w_buff0));
                                                                                                                    ^
                                                                                                    (                                 )
mix006_tso.oepc_false-unreach-call.c:267:79: warning: '&&' within '||' [-Wlogical-op-parentheses]
  y$w_buff1 = weak$$choice2 ? y$w_buff1 : (!y$w_buff0_used || !y$r_buff0_thd2 && !y$w_buff1_used || !y$r_buff0_thd2 && !y$r_buff1_thd2 ? y$w_buff1 : (y$w_buff0_used && y$r_buff0_thd2 ? y$w_buff1 : y$w_buff1));
                                                           ~~ ~~~~~~~~~~~~~~~~^~~~~~~~~~~~~~~~~~
mix006_tso.oepc_false-unreach-call.c:267:79: note: place parentheses around the '&&' expression to silence this warning
  y$w_buff1 = weak$$choice2 ? y$w_buff1 : (!y$w_buff0_used || !y$r_buff0_thd2 && !y$w_buff1_used || !y$r_buff0_thd2 && !y$r_buff1_thd2 ? y$w_buff1 : (y$w_buff0_used && y$r_buff0_thd2 ? y$w_buff1 : y$w_buff1));
                                                                              ^
                                                              (                                 )
mix006_tso.oepc_false-unreach-call.c:267:117: warning: '&&' within '||' [-Wlogical-op-parentheses]
  y$w_buff1 = weak$$choice2 ? y$w_buff1 : (!y$w_buff0_used || !y$r_buff0_thd2 && !y$w_buff1_used || !y$r_buff0_thd2 && !y$r_buff1_thd2 ? y$w_buff1 : (y$w_buff0_used && y$r_buff0_thd2 ? y$w_buff1 : y$w_buff1));
                                                                                                 ~~ ~~~~~~~~~~~~~~~~^~~~~~~~~~~~~~~~~~
mix006_tso.oepc_false-unreach-call.c:267:117: note: place parentheses around the '&&' expression to silence this warning
  y$w_buff1 = weak$$choice2 ? y$w_buff1 : (!y$w_buff0_used || !y$r_buff0_thd2 && !y$w_buff1_used || !y$r_buff0_thd2 && !y$r_buff1_thd2 ? y$w_buff1 : (y$w_buff0_used && y$r_buff0_thd2 ? y$w_buff1 : y$w_buff1));
                                                                                                                    ^
                                                                                                    (                                 )
mix006_tso.oepc_false-unreach-call.c:268:89: warning: '&&' within '||' [-Wlogical-op-parentheses]
  y$w_buff0_used = weak$$choice2 ? y$w_buff0_used : (!y$w_buff0_used || !y$r_buff0_thd2 && !y$w_buff1_used || !y$r_buff0_thd2 && !y$r_buff1_thd2 ? y$w_buff0_used : (y$w_buff0_used && y$r_buff0_thd2 ? FALSE : y$w_buff0_used));
                                                                     ~~ ~~~~~~~~~~~~~~~~^~~~~~~~~~~~~~~~~~
mix006_tso.oepc_false-unreach-call.c:268:89: note: place parentheses around the '&&' expression to silence this warning
  y$w_buff0_used = weak$$choice2 ? y$w_buff0_used : (!y$w_buff0_used || !y$r_buff0_thd2 && !y$w_buff1_used || !y$r_buff0_thd2 && !y$r_buff1_thd2 ? y$w_buff0_used : (y$w_buff0_used && y$r_buff0_thd2 ? FALSE : y$w_buff0_used));
                                                                                        ^
                                                                        (                                 )
mix006_tso.oepc_false-unreach-call.c:268:127: warning: '&&' within '||' [-Wlogical-op-parentheses]
  y$w_buff0_used = weak$$choice2 ? y$w_buff0_used : (!y$w_buff0_used || !y$r_buff0_thd2 && !y$w_buff1_used || !y$r_buff0_thd2 && !y$r_buff1_thd2 ? y$w_buff0_used : (y$w_buff0_used && y$r_buff0_thd2 ? FALSE : y$w_buff0_used));
                                                                                                           ~~ ~~~~~~~~~~~~~~~~^~~~~~~~~~~~~~~~~~
mix006_tso.oepc_false-unreach-call.c:268:127: note: place parentheses around the '&&' expression to silence this warning
  y$w_buff0_used = weak$$choice2 ? y$w_buff0_used : (!y$w_buff0_used || !y$r_buff0_thd2 && !y$w_buff1_used || !y$r_buff0_thd2 && !y$r_buff1_thd2 ? y$w_buff0_used : (y$w_buff0_used && y$r_buff0_thd2 ? FALSE : y$w_buff0_used));
                                                                                                                              ^
                                                                                                              (                                 )
mix006_tso.oepc_false-unreach-call.c:269:89: warning: '&&' within '||' [-Wlogical-op-parentheses]
  y$w_buff1_used = weak$$choice2 ? y$w_buff1_used : (!y$w_buff0_used || !y$r_buff0_thd2 && !y$w_buff1_used || !y$r_buff0_thd2 && !y$r_buff1_thd2 ? y$w_buff1_used : (y$w_buff0_used && y$r_buff0_thd2 ? FALSE : FALSE));
                                                                     ~~ ~~~~~~~~~~~~~~~~^~~~~~~~~~~~~~~~~~
mix006_tso.oepc_false-unreach-call.c:269:89: note: place parentheses around the '&&' expression to silence this warning
  y$w_buff1_used = weak$$choice2 ? y$w_buff1_used : (!y$w_buff0_used || !y$r_buff0_thd2 && !y$w_buff1_used || !y$r_buff0_thd2 && !y$r_buff1_thd2 ? y$w_buff1_used : (y$w_buff0_used && y$r_buff0_thd2 ? FALSE : FALSE));
                                                                                        ^
                                                                        (                                 )
mix006_tso.oepc_false-unreach-call.c:269:127: warning: '&&' within '||' [-Wlogical-op-parentheses]
  y$w_buff1_used = weak$$choice2 ? y$w_buff1_used : (!y$w_buff0_used || !y$r_buff0_thd2 && !y$w_buff1_used || !y$r_buff0_thd2 && !y$r_buff1_thd2 ? y$w_buff1_used : (y$w_buff0_used && y$r_buff0_thd2 ? FALSE : FALSE));
                                                                                                           ~~ ~~~~~~~~~~~~~~~~^~~~~~~~~~~~~~~~~~
mix006_tso.oepc_false-unreach-call.c:269:127: note: place parentheses around the '&&' expression to silence this warning
  y$w_buff1_used = weak$$choice2 ? y$w_buff1_used : (!y$w_buff0_used || !y$r_buff0_thd2 && !y$w_buff1_used || !y$r_buff0_thd2 && !y$r_buff1_thd2 ? y$w_buff1_used : (y$w_buff0_used && y$r_buff0_thd2 ? FALSE : FALSE));
                                                                                                                              ^
                                                                                                              (                                 )
mix006_tso.oepc_false-unreach-call.c:270:89: warning: '&&' within '||' [-Wlogical-op-parentheses]
  y$r_buff0_thd2 = weak$$choice2 ? y$r_buff0_thd2 : (!y$w_buff0_used || !y$r_buff0_thd2 && !y$w_buff1_used || !y$r_buff0_thd2 && !y$r_buff1_thd2 ? y$r_buff0_thd2 : (y$w_buff0_used && y$r_buff0_thd2 ? FALSE : y$r_buff0_thd2));
                                                                     ~~ ~~~~~~~~~~~~~~~~^~~~~~~~~~~~~~~~~~
mix006_tso.oepc_false-unreach-call.c:270:89: note: place parentheses around the '&&' expression to silence this warning
  y$r_buff0_thd2 = weak$$choice2 ? y$r_buff0_thd2 : (!y$w_buff0_used || !y$r_buff0_thd2 && !y$w_buff1_used || !y$r_buff0_thd2 && !y$r_buff1_thd2 ? y$r_buff0_thd2 : (y$w_buff0_used && y$r_buff0_thd2 ? FALSE : y$r_buff0_thd2));
                                                                                        ^
                                                                        (                                 )
mix006_tso.oepc_false-unreach-call.c:270:127: warning: '&&' within '||' [-Wlogical-op-parentheses]
  y$r_buff0_thd2 = weak$$choice2 ? y$r_buff0_thd2 : (!y$w_buff0_used || !y$r_buff0_thd2 && !y$w_buff1_used || !y$r_buff0_thd2 && !y$r_buff1_thd2 ? y$r_buff0_thd2 : (y$w_buff0_used && y$r_buff0_thd2 ? FALSE : y$r_buff0_thd2));
                                                                                                           ~~ ~~~~~~~~~~~~~~~~^~~~~~~~~~~~~~~~~~
mix006_tso.oepc_false-unreach-call.c:270:127: note: place parentheses around the '&&' expression to silence this warning
  y$r_buff0_thd2 = weak$$choice2 ? y$r_buff0_thd2 : (!y$w_buff0_used || !y$r_buff0_thd2 && !y$w_buff1_used || !y$r_buff0_thd2 && !y$r_buff1_thd2 ? y$r_buff0_thd2 : (y$w_buff0_used && y$r_buff0_thd2 ? FALSE : y$r_buff0_thd2));
                                                                                                                              ^
                                                                                                              (                                 )
mix006_tso.oepc_false-unreach-call.c:271:89: warning: '&&' within '||' [-Wlogical-op-parentheses]
  y$r_buff1_thd2 = weak$$choice2 ? y$r_buff1_thd2 : (!y$w_buff0_used || !y$r_buff0_thd2 && !y$w_buff1_used || !y$r_buff0_thd2 && !y$r_buff1_thd2 ? y$r_buff1_thd2 : (y$w_buff0_used && y$r_buff0_thd2 ? FALSE : FALSE));
                                                                     ~~ ~~~~~~~~~~~~~~~~^~~~~~~~~~~~~~~~~~
mix006_tso.oepc_false-unreach-call.c:271:89: note: place parentheses around the '&&' expression to silence this warning
  y$r_buff1_thd2 = weak$$choice2 ? y$r_buff1_thd2 : (!y$w_buff0_used || !y$r_buff0_thd2 && !y$w_buff1_used || !y$r_buff0_thd2 && !y$r_buff1_thd2 ? y$r_buff1_thd2 : (y$w_buff0_used && y$r_buff0_thd2 ? FALSE : FALSE));
                                                                                        ^
                                                                        (                                 )
mix006_tso.oepc_false-unreach-call.c:271:127: warning: '&&' within '||' [-Wlogical-op-parentheses]
  y$r_buff1_thd2 = weak$$choice2 ? y$r_buff1_thd2 : (!y$w_buff0_used || !y$r_buff0_thd2 && !y$w_buff1_used || !y$r_buff0_thd2 && !y$r_buff1_thd2 ? y$r_buff1_thd2 : (y$w_buff0_used && y$r_buff0_thd2 ? FALSE : FALSE));
                                                                                                           ~~ ~~~~~~~~~~~~~~~~^~~~~~~~~~~~~~~~~~
mix006_tso.oepc_false-unreach-call.c:271:127: note: place parentheses around the '&&' expression to silence this warning
  y$r_buff1_thd2 = weak$$choice2 ? y$r_buff1_thd2 : (!y$w_buff0_used || !y$r_buff0_thd2 && !y$w_buff1_used || !y$r_buff0_thd2 && !y$r_buff1_thd2 ? y$r_buff1_thd2 : (y$w_buff0_used && y$r_buff0_thd2 ? FALSE : FALSE));
                                                                                                                              ^
                                                                                                              (                                 )
mix006_tso.oepc_false-unreach-call.c:279:35: warning: '&&' within '||' [-Wlogical-op-parentheses]
  x$w_buff1_used = x$w_buff0_used && x$r_buff0_thd2 || x$w_buff1_used && x$r_buff1_thd2 ? FALSE : x$w_buff1_used;
                   ~~~~~~~~~~~~~~~^~~~~~~~~~~~~~~~~ ~~
mix006_tso.oepc_false-unreach-call.c:279:35: note: place parentheses around the '&&' expression to silence this warning
  x$w_buff1_used = x$w_buff0_used && x$r_buff0_thd2 || x$w_buff1_used && x$r_buff1_thd2 ? FALSE : x$w_buff1_used;
                                  ^
                   (                               )
mix006_tso.oepc_false-unreach-call.c:279:71: warning: '&&' within '||' [-Wlogical-op-parentheses]
  x$w_buff1_used = x$w_buff0_used && x$r_buff0_thd2 || x$w_buff1_used && x$r_buff1_thd2 ? FALSE : x$w_buff1_used;
                                                    ~~ ~~~~~~~~~~~~~~~^~~~~~~~~~~~~~~~~
mix006_tso.oepc_false-unreach-call.c:279:71: note: place parentheses around the '&&' expression to silence this warning
  x$w_buff1_used = x$w_buff0_used && x$r_buff0_thd2 || x$w_buff1_used && x$r_buff1_thd2 ? FALSE : x$w_buff1_used;
                                                                      ^
                                                       (                               )
mix006_tso.oepc_false-unreach-call.c:281:35: warning: '&&' within '||' [-Wlogical-op-parentheses]
  x$r_buff1_thd2 = x$w_buff0_used && x$r_buff0_thd2 || x$w_buff1_used && x$r_buff1_thd2 ? FALSE : x$r_buff1_thd2;
                   ~~~~~~~~~~~~~~~^~~~~~~~~~~~~~~~~ ~~
mix006_tso.oepc_false-unreach-call.c:281:35: note: place parentheses around the '&&' expression to silence this warning
  x$r_buff1_thd2 = x$w_buff0_used && x$r_buff0_thd2 || x$w_buff1_used && x$r_buff1_thd2 ? FALSE : x$r_buff1_thd2;
                                  ^
                   (                               )
mix006_tso.oepc_false-unreach-call.c:281:71: warning: '&&' within '||' [-Wlogical-op-parentheses]
  x$r_buff1_thd2 = x$w_buff0_used && x$r_buff0_thd2 || x$w_buff1_used && x$r_buff1_thd2 ? FALSE : x$r_buff1_thd2;
                                                    ~~ ~~~~~~~~~~~~~~~^~~~~~~~~~~~~~~~~
mix006_tso.oepc_false-unreach-call.c:281:71: note: place parentheses around the '&&' expression to silence this warning
  x$r_buff1_thd2 = x$w_buff0_used && x$r_buff0_thd2 || x$w_buff1_used && x$r_buff1_thd2 ? FALSE : x$r_buff1_thd2;
                                                                      ^
                                                       (                               )
mix006_tso.oepc_false-unreach-call.c:286:10: warning: incompatible integer to pointer conversion returning 'int' from a function with result type 'void *' [-Wint-conversion]
  return nondet_0();
         ^~~~~~~~~~
mix006_tso.oepc_false-unreach-call.c:310:42: warning: '&&' within '||' [-Wlogical-op-parentheses]
  y = !y$w_buff0_used || !y$r_buff0_thd3 && !y$w_buff1_used || !y$r_buff0_thd3 && !y$r_buff1_thd3 ? y : (y$w_buff0_used && y$r_buff0_thd3 ? y$w_buff0 : y$w_buff1);
                      ~~ ~~~~~~~~~~~~~~~~^~~~~~~~~~~~~~~~~~
mix006_tso.oepc_false-unreach-call.c:310:42: note: place parentheses around the '&&' expression to silence this warning
  y = !y$w_buff0_used || !y$r_buff0_thd3 && !y$w_buff1_used || !y$r_buff0_thd3 && !y$r_buff1_thd3 ? y : (y$w_buff0_used && y$r_buff0_thd3 ? y$w_buff0 : y$w_buff1);
                                         ^
                         (                                 )
mix006_tso.oepc_false-unreach-call.c:310:80: warning: '&&' within '||' [-Wlogical-op-parentheses]
  y = !y$w_buff0_used || !y$r_buff0_thd3 && !y$w_buff1_used || !y$r_buff0_thd3 && !y$r_buff1_thd3 ? y : (y$w_buff0_used && y$r_buff0_thd3 ? y$w_buff0 : y$w_buff1);
                                                            ~~ ~~~~~~~~~~~~~~~~^~~~~~~~~~~~~~~~~~
mix006_tso.oepc_false-unreach-call.c:310:80: note: place parentheses around the '&&' expression to silence this warning
  y = !y$w_buff0_used || !y$r_buff0_thd3 && !y$w_buff1_used || !y$r_buff0_thd3 && !y$r_buff1_thd3 ? y : (y$w_buff0_used && y$r_buff0_thd3 ? y$w_buff0 : y$w_buff1);
                                                                               ^
                                                               (                                 )
mix006_tso.oepc_false-unreach-call.c:311:79: warning: '&&' within '||' [-Wlogical-op-parentheses]
  y$w_buff0 = weak$$choice2 ? y$w_buff0 : (!y$w_buff0_used || !y$r_buff0_thd3 && !y$w_buff1_used || !y$r_buff0_thd3 && !y$r_buff1_thd3 ? y$w_buff0 : (y$w_buff0_used && y$r_buff0_thd3 ? y$w_buff0 : y$w_buff0));
                                                           ~~ ~~~~~~~~~~~~~~~~^~~~~~~~~~~~~~~~~~
mix006_tso.oepc_false-unreach-call.c:311:79: note: place parentheses around the '&&' expression to silence this warning
  y$w_buff0 = weak$$choice2 ? y$w_buff0 : (!y$w_buff0_used || !y$r_buff0_thd3 && !y$w_buff1_used || !y$r_buff0_thd3 && !y$r_buff1_thd3 ? y$w_buff0 : (y$w_buff0_used && y$r_buff0_thd3 ? y$w_buff0 : y$w_buff0));
                                                                              ^
                                                              (                                 )
mix006_tso.oepc_false-unreach-call.c:311:117: warning: '&&' within '||' [-Wlogical-op-parentheses]
  y$w_buff0 = weak$$choice2 ? y$w_buff0 : (!y$w_buff0_used || !y$r_buff0_thd3 && !y$w_buff1_used || !y$r_buff0_thd3 && !y$r_buff1_thd3 ? y$w_buff0 : (y$w_buff0_used && y$r_buff0_thd3 ? y$w_buff0 : y$w_buff0));
                                                                                                 ~~ ~~~~~~~~~~~~~~~~^~~~~~~~~~~~~~~~~~
mix006_tso.oepc_false-unreach-call.c:311:117: note: place parentheses around the '&&' expression to silence this warning
  y$w_buff0 = weak$$choice2 ? y$w_buff0 : (!y$w_buff0_used || !y$r_buff0_thd3 && !y$w_buff1_used || !y$r_buff0_thd3 && !y$r_buff1_thd3 ? y$w_buff0 : (y$w_buff0_used && y$r_buff0_thd3 ? y$w_buff0 : y$w_buff0));
                                                                                                                    ^
                                                                                                    (                                 )
mix006_tso.oepc_false-unreach-call.c:312:79: warning: '&&' within '||' [-Wlogical-op-parentheses]
  y$w_buff1 = weak$$choice2 ? y$w_buff1 : (!y$w_buff0_used || !y$r_buff0_thd3 && !y$w_buff1_used || !y$r_buff0_thd3 && !y$r_buff1_thd3 ? y$w_buff1 : (y$w_buff0_used && y$r_buff0_thd3 ? y$w_buff1 : y$w_buff1));
                                                           ~~ ~~~~~~~~~~~~~~~~^~~~~~~~~~~~~~~~~~
mix006_tso.oepc_false-unreach-call.c:312:79: note: place parentheses around the '&&' expression to silence this warning
  y$w_buff1 = weak$$choice2 ? y$w_buff1 : (!y$w_buff0_used || !y$r_buff0_thd3 && !y$w_buff1_used || !y$r_buff0_thd3 && !y$r_buff1_thd3 ? y$w_buff1 : (y$w_buff0_used && y$r_buff0_thd3 ? y$w_buff1 : y$w_buff1));
                                                                              ^
                                                              (                                 )
mix006_tso.oepc_false-unreach-call.c:312:117: warning: '&&' within '||' [-Wlogical-op-parentheses]
  y$w_buff1 = weak$$choice2 ? y$w_buff1 : (!y$w_buff0_used || !y$r_buff0_thd3 && !y$w_buff1_used || !y$r_buff0_thd3 && !y$r_buff1_thd3 ? y$w_buff1 : (y$w_buff0_used && y$r_buff0_thd3 ? y$w_buff1 : y$w_buff1));
                                                                                                 ~~ ~~~~~~~~~~~~~~~~^~~~~~~~~~~~~~~~~~
mix006_tso.oepc_false-unreach-call.c:312:117: note: place parentheses around the '&&' expression to silence this warning
  y$w_buff1 = weak$$choice2 ? y$w_buff1 : (!y$w_buff0_used || !y$r_buff0_thd3 && !y$w_buff1_used || !y$r_buff0_thd3 && !y$r_buff1_thd3 ? y$w_buff1 : (y$w_buff0_used && y$r_buff0_thd3 ? y$w_buff1 : y$w_buff1));
                                                                                                                    ^
                                                                                                    (                                 )
mix006_tso.oepc_false-unreach-call.c:313:89: warning: '&&' within '||' [-Wlogical-op-parentheses]
  y$w_buff0_used = weak$$choice2 ? y$w_buff0_used : (!y$w_buff0_used || !y$r_buff0_thd3 && !y$w_buff1_used || !y$r_buff0_thd3 && !y$r_buff1_thd3 ? y$w_buff0_used : (y$w_buff0_used && y$r_buff0_thd3 ? FALSE : y$w_buff0_used));
                                                                     ~~ ~~~~~~~~~~~~~~~~^~~~~~~~~~~~~~~~~~
mix006_tso.oepc_false-unreach-call.c:313:89: note: place parentheses around the '&&' expression to silence this warning
  y$w_buff0_used = weak$$choice2 ? y$w_buff0_used : (!y$w_buff0_used || !y$r_buff0_thd3 && !y$w_buff1_used || !y$r_buff0_thd3 && !y$r_buff1_thd3 ? y$w_buff0_used : (y$w_buff0_used && y$r_buff0_thd3 ? FALSE : y$w_buff0_used));
                                                                                        ^
                                                                        (                                 )
mix006_tso.oepc_false-unreach-call.c:313:127: warning: '&&' within '||' [-Wlogical-op-parentheses]
  y$w_buff0_used = weak$$choice2 ? y$w_buff0_used : (!y$w_buff0_used || !y$r_buff0_thd3 && !y$w_buff1_used || !y$r_buff0_thd3 && !y$r_buff1_thd3 ? y$w_buff0_used : (y$w_buff0_used && y$r_buff0_thd3 ? FALSE : y$w_buff0_used));
                                                                                                           ~~ ~~~~~~~~~~~~~~~~^~~~~~~~~~~~~~~~~~
mix006_tso.oepc_false-unreach-call.c:313:127: note: place parentheses around the '&&' expression to silence this warning
  y$w_buff0_used = weak$$choice2 ? y$w_buff0_used : (!y$w_buff0_used || !y$r_buff0_thd3 && !y$w_buff1_used || !y$r_buff0_thd3 && !y$r_buff1_thd3 ? y$w_buff0_used : (y$w_buff0_used && y$r_buff0_thd3 ? FALSE : y$w_buff0_used));
                                                                                                                              ^
                                                                                                              (                                 )
mix006_tso.oepc_false-unreach-call.c:314:89: warning: '&&' within '||' [-Wlogical-op-parentheses]
  y$w_buff1_used = weak$$choice2 ? y$w_buff1_used : (!y$w_buff0_used || !y$r_buff0_thd3 && !y$w_buff1_used || !y$r_buff0_thd3 && !y$r_buff1_thd3 ? y$w_buff1_used : (y$w_buff0_used && y$r_buff0_thd3 ? FALSE : FALSE));
                                                                     ~~ ~~~~~~~~~~~~~~~~^~~~~~~~~~~~~~~~~~
mix006_tso.oepc_false-unreach-call.c:314:89: note: place parentheses around the '&&' expression to silence this warning
  y$w_buff1_used = weak$$choice2 ? y$w_buff1_used : (!y$w_buff0_used || !y$r_buff0_thd3 && !y$w_buff1_used || !y$r_buff0_thd3 && !y$r_buff1_thd3 ? y$w_buff1_used : (y$w_buff0_used && y$r_buff0_thd3 ? FALSE : FALSE));
                                                                                        ^
                                                                        (                                 )
mix006_tso.oepc_false-unreach-call.c:314:127: warning: '&&' within '||' [-Wlogical-op-parentheses]
  y$w_buff1_used = weak$$choice2 ? y$w_buff1_used : (!y$w_buff0_used || !y$r_buff0_thd3 && !y$w_buff1_used || !y$r_buff0_thd3 && !y$r_buff1_thd3 ? y$w_buff1_used : (y$w_buff0_used && y$r_buff0_thd3 ? FALSE : FALSE));
                                                                                                           ~~ ~~~~~~~~~~~~~~~~^~~~~~~~~~~~~~~~~~
mix006_tso.oepc_false-unreach-call.c:314:127: note: place parentheses around the '&&' expression to silence this warning
  y$w_buff1_used = weak$$choice2 ? y$w_buff1_used : (!y$w_buff0_used || !y$r_buff0_thd3 && !y$w_buff1_used || !y$r_buff0_thd3 && !y$r_buff1_thd3 ? y$w_buff1_used : (y$w_buff0_used && y$r_buff0_thd3 ? FALSE : FALSE));
                                                                                                                              ^
                                                                                                              (                                 )
mix006_tso.oepc_false-unreach-call.c:315:89: warning: '&&' within '||' [-Wlogical-op-parentheses]
  y$r_buff0_thd3 = weak$$choice2 ? y$r_buff0_thd3 : (!y$w_buff0_used || !y$r_buff0_thd3 && !y$w_buff1_used || !y$r_buff0_thd3 && !y$r_buff1_thd3 ? y$r_buff0_thd3 : (y$w_buff0_used && y$r_buff0_thd3 ? FALSE : y$r_buff0_thd3));
                                                                     ~~ ~~~~~~~~~~~~~~~~^~~~~~~~~~~~~~~~~~
mix006_tso.oepc_false-unreach-call.c:315:89: note: place parentheses around the '&&' expression to silence this warning
  y$r_buff0_thd3 = weak$$choice2 ? y$r_buff0_thd3 : (!y$w_buff0_used || !y$r_buff0_thd3 && !y$w_buff1_used || !y$r_buff0_thd3 && !y$r_buff1_thd3 ? y$r_buff0_thd3 : (y$w_buff0_used && y$r_buff0_thd3 ? FALSE : y$r_buff0_thd3));
                                                                                        ^
                                                                        (                                 )
mix006_tso.oepc_false-unreach-call.c:315:127: warning: '&&' within '||' [-Wlogical-op-parentheses]
  y$r_buff0_thd3 = weak$$choice2 ? y$r_buff0_thd3 : (!y$w_buff0_used || !y$r_buff0_thd3 && !y$w_buff1_used || !y$r_buff0_thd3 && !y$r_buff1_thd3 ? y$r_buff0_thd3 : (y$w_buff0_used && y$r_buff0_thd3 ? FALSE : y$r_buff0_thd3));
                                                                                                           ~~ ~~~~~~~~~~~~~~~~^~~~~~~~~~~~~~~~~~
mix006_tso.oepc_false-unreach-call.c:315:127: note: place parentheses around the '&&' expression to silence this warning
  y$r_buff0_thd3 = weak$$choice2 ? y$r_buff0_thd3 : (!y$w_buff0_used || !y$r_buff0_thd3 && !y$w_buff1_used || !y$r_buff0_thd3 && !y$r_buff1_thd3 ? y$r_buff0_thd3 : (y$w_buff0_used && y$r_buff0_thd3 ? FALSE : y$r_buff0_thd3));
                                                                                                                              ^
                                                                                                              (                                 )
mix006_tso.oepc_false-unreach-call.c:316:89: warning: '&&' within '||' [-Wlogical-op-parentheses]
  y$r_buff1_thd3 = weak$$choice2 ? y$r_buff1_thd3 : (!y$w_buff0_used || !y$r_buff0_thd3 && !y$w_buff1_used || !y$r_buff0_thd3 && !y$r_buff1_thd3 ? y$r_buff1_thd3 : (y$w_buff0_used && y$r_buff0_thd3 ? FALSE : FALSE));
                                                                     ~~ ~~~~~~~~~~~~~~~~^~~~~~~~~~~~~~~~~~
mix006_tso.oepc_false-unreach-call.c:316:89: note: place parentheses around the '&&' expression to silence this warning
  y$r_buff1_thd3 = weak$$choice2 ? y$r_buff1_thd3 : (!y$w_buff0_used || !y$r_buff0_thd3 && !y$w_buff1_used || !y$r_buff0_thd3 && !y$r_buff1_thd3 ? y$r_buff1_thd3 : (y$w_buff0_used && y$r_buff0_thd3 ? FALSE : FALSE));
                                                                                        ^
                                                                        (                                 )
mix006_tso.oepc_false-unreach-call.c:316:127: warning: '&&' within '||' [-Wlogical-op-parentheses]
  y$r_buff1_thd3 = weak$$choice2 ? y$r_buff1_thd3 : (!y$w_buff0_used || !y$r_buff0_thd3 && !y$w_buff1_used || !y$r_buff0_thd3 && !y$r_buff1_thd3 ? y$r_buff1_thd3 : (y$w_buff0_used && y$r_buff0_thd3 ? FALSE : FALSE));
                                                                                                           ~~ ~~~~~~~~~~~~~~~~^~~~~~~~~~~~~~~~~~
mix006_tso.oepc_false-unreach-call.c:316:127: note: place parentheses around the '&&' expression to silence this warning
  y$r_buff1_thd3 = weak$$choice2 ? y$r_buff1_thd3 : (!y$w_buff0_used || !y$r_buff0_thd3 && !y$w_buff1_used || !y$r_buff0_thd3 && !y$r_buff1_thd3 ? y$r_buff1_thd3 : (y$w_buff0_used && y$r_buff0_thd3 ? FALSE : FALSE));
                                                                                                                              ^
                                                                                                              (                                 )
mix006_tso.oepc_false-unreach-call.c:327:35: warning: '&&' within '||' [-Wlogical-op-parentheses]
  x$w_buff1_used = x$w_buff0_used && x$r_buff0_thd3 || x$w_buff1_used && x$r_buff1_thd3 ? FALSE : x$w_buff1_used;
                   ~~~~~~~~~~~~~~~^~~~~~~~~~~~~~~~~ ~~
mix006_tso.oepc_false-unreach-call.c:327:35: note: place parentheses around the '&&' expression to silence this warning
  x$w_buff1_used = x$w_buff0_used && x$r_buff0_thd3 || x$w_buff1_used && x$r_buff1_thd3 ? FALSE : x$w_buff1_used;
                                  ^
                   (                               )
mix006_tso.oepc_false-unreach-call.c:327:71: warning: '&&' within '||' [-Wlogical-op-parentheses]
  x$w_buff1_used = x$w_buff0_used && x$r_buff0_thd3 || x$w_buff1_used && x$r_buff1_thd3 ? FALSE : x$w_buff1_used;
                                                    ~~ ~~~~~~~~~~~~~~~^~~~~~~~~~~~~~~~~
mix006_tso.oepc_false-unreach-call.c:327:71: note: place parentheses around the '&&' expression to silence this warning
  x$w_buff1_used = x$w_buff0_used && x$r_buff0_thd3 || x$w_buff1_used && x$r_buff1_thd3 ? FALSE : x$w_buff1_used;
                                                                      ^
                                                       (                               )
mix006_tso.oepc_false-unreach-call.c:329:35: warning: '&&' within '||' [-Wlogical-op-parentheses]
  x$r_buff1_thd3 = x$w_buff0_used && x$r_buff0_thd3 || x$w_buff1_used && x$r_buff1_thd3 ? FALSE : x$r_buff1_thd3;
                   ~~~~~~~~~~~~~~~^~~~~~~~~~~~~~~~~ ~~
mix006_tso.oepc_false-unreach-call.c:329:35: note: place parentheses around the '&&' expression to silence this warning
  x$r_buff1_thd3 = x$w_buff0_used && x$r_buff0_thd3 || x$w_buff1_used && x$r_buff1_thd3 ? FALSE : x$r_buff1_thd3;
                                  ^
                   (                               )
mix006_tso.oepc_false-unreach-call.c:329:71: warning: '&&' within '||' [-Wlogical-op-parentheses]
  x$r_buff1_thd3 = x$w_buff0_used && x$r_buff0_thd3 || x$w_buff1_used && x$r_buff1_thd3 ? FALSE : x$r_buff1_thd3;
                                                    ~~ ~~~~~~~~~~~~~~~^~~~~~~~~~~~~~~~~
mix006_tso.oepc_false-unreach-call.c:329:71: note: place parentheses around the '&&' expression to silence this warning
  x$r_buff1_thd3 = x$w_buff0_used && x$r_buff0_thd3 || x$w_buff1_used && x$r_buff1_thd3 ? FALSE : x$r_buff1_thd3;
                                                                      ^
                                                       (                               )
mix006_tso.oepc_false-unreach-call.c:332:35: warning: '&&' within '||' [-Wlogical-op-parentheses]
  y$w_buff1_used = y$w_buff0_used && y$r_buff0_thd3 || y$w_buff1_used && y$r_buff1_thd3 ? FALSE : y$w_buff1_used;
                   ~~~~~~~~~~~~~~~^~~~~~~~~~~~~~~~~ ~~
mix006_tso.oepc_false-unreach-call.c:332:35: note: place parentheses around the '&&' expression to silence this warning
  y$w_buff1_used = y$w_buff0_used && y$r_buff0_thd3 || y$w_buff1_used && y$r_buff1_thd3 ? FALSE : y$w_buff1_used;
                                  ^
                   (                               )
mix006_tso.oepc_false-unreach-call.c:332:71: warning: '&&' within '||' [-Wlogical-op-parentheses]
  y$w_buff1_used = y$w_buff0_used && y$r_buff0_thd3 || y$w_buff1_used && y$r_buff1_thd3 ? FALSE : y$w_buff1_used;
                                                    ~~ ~~~~~~~~~~~~~~~^~~~~~~~~~~~~~~~~
mix006_tso.oepc_false-unreach-call.c:332:71: note: place parentheses around the '&&' expression to silence this warning
  y$w_buff1_used = y$w_buff0_used && y$r_buff0_thd3 || y$w_buff1_used && y$r_buff1_thd3 ? FALSE : y$w_buff1_used;
                                                                      ^
                                                       (                               )
mix006_tso.oepc_false-unreach-call.c:334:35: warning: '&&' within '||' [-Wlogical-op-parentheses]
  y$r_buff1_thd3 = y$w_buff0_used && y$r_buff0_thd3 || y$w_buff1_used && y$r_buff1_thd3 ? FALSE : y$r_buff1_thd3;
                   ~~~~~~~~~~~~~~~^~~~~~~~~~~~~~~~~ ~~
mix006_tso.oepc_false-unreach-call.c:334:35: note: place parentheses around the '&&' expression to silence this warning
  y$r_buff1_thd3 = y$w_buff0_used && y$r_buff0_thd3 || y$w_buff1_used && y$r_buff1_thd3 ? FALSE : y$r_buff1_thd3;
                                  ^
                   (                               )
mix006_tso.oepc_false-unreach-call.c:334:71: warning: '&&' within '||' [-Wlogical-op-parentheses]
  y$r_buff1_thd3 = y$w_buff0_used && y$r_buff0_thd3 || y$w_buff1_used && y$r_buff1_thd3 ? FALSE : y$r_buff1_thd3;
                                                    ~~ ~~~~~~~~~~~~~~~^~~~~~~~~~~~~~~~~
mix006_tso.oepc_false-unreach-call.c:334:71: note: place parentheses around the '&&' expression to silence this warning
  y$r_buff1_thd3 = y$w_buff0_used && y$r_buff0_thd3 || y$w_buff1_used && y$r_buff1_thd3 ? FALSE : y$r_buff1_thd3;
                                                                      ^
                                                       (                               )
mix006_tso.oepc_false-unreach-call.c:339:10: warning: incompatible integer to pointer conversion returning 'int' from a function with result type 'void *' [-Wint-conversion]
  return nondet_0();
         ^~~~~~~~~~
mix006_tso.oepc_false-unreach-call.c:367:38: warning: null passed to a callee which requires a non-null argument [-Wnonnull]
  pthread_create(NULL, NULL, P0, NULL);
                 ~~~~                ^
mix006_tso.oepc_false-unreach-call.c:368:38: warning: null passed to a callee which requires a non-null argument [-Wnonnull]
  pthread_create(NULL, NULL, P1, NULL);
                 ~~~~                ^
mix006_tso.oepc_false-unreach-call.c:369:38: warning: null passed to a callee which requires a non-null argument [-Wnonnull]
  pthread_create(NULL, NULL, P2, NULL);
                 ~~~~                ^
mix006_tso.oepc_false-unreach-call.c:377:35: warning: '&&' within '||' [-Wlogical-op-parentheses]
  x$w_buff1_used = x$w_buff0_used && x$r_buff0_thd0 || x$w_buff1_used && x$r_buff1_thd0 ? FALSE : x$w_buff1_used;
                   ~~~~~~~~~~~~~~~^~~~~~~~~~~~~~~~~ ~~
mix006_tso.oepc_false-unreach-call.c:377:35: note: place parentheses around the '&&' expression to silence this warning
  x$w_buff1_used = x$w_buff0_used && x$r_buff0_thd0 || x$w_buff1_used && x$r_buff1_thd0 ? FALSE : x$w_buff1_used;
                                  ^
                   (                               )
mix006_tso.oepc_false-unreach-call.c:377:71: warning: '&&' within '||' [-Wlogical-op-parentheses]
  x$w_buff1_used = x$w_buff0_used && x$r_buff0_thd0 || x$w_buff1_used && x$r_buff1_thd0 ? FALSE : x$w_buff1_used;
                                                    ~~ ~~~~~~~~~~~~~~~^~~~~~~~~~~~~~~~~
mix006_tso.oepc_false-unreach-call.c:377:71: note: place parentheses around the '&&' expression to silence this warning
  x$w_buff1_used = x$w_buff0_used && x$r_buff0_thd0 || x$w_buff1_used && x$r_buff1_thd0 ? FALSE : x$w_buff1_used;
                                                                      ^
                                                       (                               )
mix006_tso.oepc_false-unreach-call.c:379:35: warning: '&&' within '||' [-Wlogical-op-parentheses]
  x$r_buff1_thd0 = x$w_buff0_used && x$r_buff0_thd0 || x$w_buff1_used && x$r_buff1_thd0 ? FALSE : x$r_buff1_thd0;
                   ~~~~~~~~~~~~~~~^~~~~~~~~~~~~~~~~ ~~
mix006_tso.oepc_false-unreach-call.c:379:35: note: place parentheses around the '&&' expression to silence this warning
  x$r_buff1_thd0 = x$w_buff0_used && x$r_buff0_thd0 || x$w_buff1_used && x$r_buff1_thd0 ? FALSE : x$r_buff1_thd0;
                                  ^
                   (                               )
mix006_tso.oepc_false-unreach-call.c:379:71: warning: '&&' within '||' [-Wlogical-op-parentheses]
  x$r_buff1_thd0 = x$w_buff0_used && x$r_buff0_thd0 || x$w_buff1_used && x$r_buff1_thd0 ? FALSE : x$r_buff1_thd0;
                                                    ~~ ~~~~~~~~~~~~~~~^~~~~~~~~~~~~~~~~
mix006_tso.oepc_false-unreach-call.c:379:71: note: place parentheses around the '&&' expression to silence this warning
  x$r_buff1_thd0 = x$w_buff0_used && x$r_buff0_thd0 || x$w_buff1_used && x$r_buff1_thd0 ? FALSE : x$r_buff1_thd0;
                                                                      ^
                                                       (                               )
mix006_tso.oepc_false-unreach-call.c:382:35: warning: '&&' within '||' [-Wlogical-op-parentheses]
  y$w_buff1_used = y$w_buff0_used && y$r_buff0_thd0 || y$w_buff1_used && y$r_buff1_thd0 ? FALSE : y$w_buff1_used;
                   ~~~~~~~~~~~~~~~^~~~~~~~~~~~~~~~~ ~~
mix006_tso.oepc_false-unreach-call.c:382:35: note: place parentheses around the '&&' expression to silence this warning
  y$w_buff1_used = y$w_buff0_used && y$r_buff0_thd0 || y$w_buff1_used && y$r_buff1_thd0 ? FALSE : y$w_buff1_used;
                                  ^
                   (                               )
mix006_tso.oepc_false-unreach-call.c:382:71: warning: '&&' within '||' [-Wlogical-op-parentheses]
  y$w_buff1_used = y$w_buff0_used && y$r_buff0_thd0 || y$w_buff1_used && y$r_buff1_thd0 ? FALSE : y$w_buff1_used;
                                                    ~~ ~~~~~~~~~~~~~~~^~~~~~~~~~~~~~~~~
mix006_tso.oepc_false-unreach-call.c:382:71: note: place parentheses around the '&&' expression to silence this warning
  y$w_buff1_used = y$w_buff0_used && y$r_buff0_thd0 || y$w_buff1_used && y$r_buff1_thd0 ? FALSE : y$w_buff1_used;
                                                                      ^
                                                       (                               )
mix006_tso.oepc_false-unreach-call.c:384:35: warning: '&&' within '||' [-Wlogical-op-parentheses]
  y$r_buff1_thd0 = y$w_buff0_used && y$r_buff0_thd0 || y$w_buff1_used && y$r_buff1_thd0 ? FALSE : y$r_buff1_thd0;
                   ~~~~~~~~~~~~~~~^~~~~~~~~~~~~~~~~ ~~
mix006_tso.oepc_false-unreach-call.c:384:35: note: place parentheses around the '&&' expression to silence this warning
  y$r_buff1_thd0 = y$w_buff0_used && y$r_buff0_thd0 || y$w_buff1_used && y$r_buff1_thd0 ? FALSE : y$r_buff1_thd0;
                                  ^
                   (                               )
mix006_tso.oepc_false-unreach-call.c:384:71: warning: '&&' within '||' [-Wlogical-op-parentheses]
  y$r_buff1_thd0 = y$w_buff0_used && y$r_buff0_thd0 || y$w_buff1_used && y$r_buff1_thd0 ? FALSE : y$r_buff1_thd0;
                                                    ~~ ~~~~~~~~~~~~~~~^~~~~~~~~~~~~~~~~
mix006_tso.oepc_false-unreach-call.c:384:71: note: place parentheses around the '&&' expression to silence this warning
  y$r_buff1_thd0 = y$w_buff0_used && y$r_buff0_thd0 || y$w_buff1_used && y$r_buff1_thd0 ? FALSE : y$r_buff1_thd0;
                                                                      ^
                                                       (                               )
mix006_tso.oepc_false-unreach-call.c:396:42: warning: '&&' within '||' [-Wlogical-op-parentheses]
  x = !x$w_buff0_used || !x$r_buff0_thd0 && !x$w_buff1_used || !x$r_buff0_thd0 && !x$r_buff1_thd0 ? x : (x$w_buff0_used && x$r_buff0_thd0 ? x$w_buff0 : x$w_buff1);
                      ~~ ~~~~~~~~~~~~~~~~^~~~~~~~~~~~~~~~~~
mix006_tso.oepc_false-unreach-call.c:396:42: note: place parentheses around the '&&' expression to silence this warning
  x = !x$w_buff0_used || !x$r_buff0_thd0 && !x$w_buff1_used || !x$r_buff0_thd0 && !x$r_buff1_thd0 ? x : (x$w_buff0_used && x$r_buff0_thd0 ? x$w_buff0 : x$w_buff1);
                                         ^
                         (                                 )
mix006_tso.oepc_false-unreach-call.c:396:80: warning: '&&' within '||' [-Wlogical-op-parentheses]
  x = !x$w_buff0_used || !x$r_buff0_thd0 && !x$w_buff1_used || !x$r_buff0_thd0 && !x$r_buff1_thd0 ? x : (x$w_buff0_used && x$r_buff0_thd0 ? x$w_buff0 : x$w_buff1);
                                                            ~~ ~~~~~~~~~~~~~~~~^~~~~~~~~~~~~~~~~~
mix006_tso.oepc_false-unreach-call.c:396:80: note: place parentheses around the '&&' expression to silence this warning
  x = !x$w_buff0_used || !x$r_buff0_thd0 && !x$w_buff1_used || !x$r_buff0_thd0 && !x$r_buff1_thd0 ? x : (x$w_buff0_used && x$r_buff0_thd0 ? x$w_buff0 : x$w_buff1);
                                                                               ^
                                                               (                                 )
mix006_tso.oepc_false-unreach-call.c:398:79: warning: '&&' within '||' [-Wlogical-op-parentheses]
  x$w_buff0 = weak$$choice2 ? x$w_buff0 : (!x$w_buff0_used || !x$r_buff0_thd0 && !x$w_buff1_used || !x$r_buff0_thd0 && !x$r_buff1_thd0 ? x$w_buff0 : (x$w_buff0_used && x$r_buff0_thd0 ? x$w_buff0 : x$w_buff0));
                                                           ~~ ~~~~~~~~~~~~~~~~^~~~~~~~~~~~~~~~~~
mix006_tso.oepc_false-unreach-call.c:398:79: note: place parentheses around the '&&' expression to silence this warning
  x$w_buff0 = weak$$choice2 ? x$w_buff0 : (!x$w_buff0_used || !x$r_buff0_thd0 && !x$w_buff1_used || !x$r_buff0_thd0 && !x$r_buff1_thd0 ? x$w_buff0 : (x$w_buff0_used && x$r_buff0_thd0 ? x$w_buff0 : x$w_buff0));
                                                                              ^
                                                              (                                 )
mix006_tso.oepc_false-unreach-call.c:398:117: warning: '&&' within '||' [-Wlogical-op-parentheses]
  x$w_buff0 = weak$$choice2 ? x$w_buff0 : (!x$w_buff0_used || !x$r_buff0_thd0 && !x$w_buff1_used || !x$r_buff0_thd0 && !x$r_buff1_thd0 ? x$w_buff0 : (x$w_buff0_used && x$r_buff0_thd0 ? x$w_buff0 : x$w_buff0));
                                                                                                 ~~ ~~~~~~~~~~~~~~~~^~~~~~~~~~~~~~~~~~
mix006_tso.oepc_false-unreach-call.c:398:117: note: place parentheses around the '&&' expression to silence this warning
  x$w_buff0 = weak$$choice2 ? x$w_buff0 : (!x$w_buff0_used || !x$r_buff0_thd0 && !x$w_buff1_used || !x$r_buff0_thd0 && !x$r_buff1_thd0 ? x$w_buff0 : (x$w_buff0_used && x$r_buff0_thd0 ? x$w_buff0 : x$w_buff0));
                                                                                                                    ^
                                                                                                    (                                 )
mix006_tso.oepc_false-unreach-call.c:400:79: warning: '&&' within '||' [-Wlogical-op-parentheses]
  x$w_buff1 = weak$$choice2 ? x$w_buff1 : (!x$w_buff0_used || !x$r_buff0_thd0 && !x$w_buff1_used || !x$r_buff0_thd0 && !x$r_buff1_thd0 ? x$w_buff1 : (x$w_buff0_used && x$r_buff0_thd0 ? x$w_buff1 : x$w_buff1));
                                                           ~~ ~~~~~~~~~~~~~~~~^~~~~~~~~~~~~~~~~~
mix006_tso.oepc_false-unreach-call.c:400:79: note: place parentheses around the '&&' expression to silence this warning
  x$w_buff1 = weak$$choice2 ? x$w_buff1 : (!x$w_buff0_used || !x$r_buff0_thd0 && !x$w_buff1_used || !x$r_buff0_thd0 && !x$r_buff1_thd0 ? x$w_buff1 : (x$w_buff0_used && x$r_buff0_thd0 ? x$w_buff1 : x$w_buff1));
                                                                              ^
                                                              (                                 )
mix006_tso.oepc_false-unreach-call.c:400:117: warning: '&&' within '||' [-Wlogical-op-parentheses]
  x$w_buff1 = weak$$choice2 ? x$w_buff1 : (!x$w_buff0_used || !x$r_buff0_thd0 && !x$w_buff1_used || !x$r_buff0_thd0 && !x$r_buff1_thd0 ? x$w_buff1 : (x$w_buff0_used && x$r_buff0_thd0 ? x$w_buff1 : x$w_buff1));
                                                                                                 ~~ ~~~~~~~~~~~~~~~~^~~~~~~~~~~~~~~~~~
mix006_tso.oepc_false-unreach-call.c:400:117: note: place parentheses around the '&&' expression to silence this warning
  x$w_buff1 = weak$$choice2 ? x$w_buff1 : (!x$w_buff0_used || !x$r_buff0_thd0 && !x$w_buff1_used || !x$r_buff0_thd0 && !x$r_buff1_thd0 ? x$w_buff1 : (x$w_buff0_used && x$r_buff0_thd0 ? x$w_buff1 : x$w_buff1));
                                                                                                                    ^
                                                                                                    (                                 )
mix006_tso.oepc_false-unreach-call.c:402:89: warning: '&&' within '||' [-Wlogical-op-parentheses]
  x$w_buff0_used = weak$$choice2 ? x$w_buff0_used : (!x$w_buff0_used || !x$r_buff0_thd0 && !x$w_buff1_used || !x$r_buff0_thd0 && !x$r_buff1_thd0 ? x$w_buff0_used : (x$w_buff0_used && x$r_buff0_thd0 ? FALSE : x$w_buff0_used));
                                                                     ~~ ~~~~~~~~~~~~~~~~^~~~~~~~~~~~~~~~~~
mix006_tso.oepc_false-unreach-call.c:402:89: note: place parentheses around the '&&' expression to silence this warning
  x$w_buff0_used = weak$$choice2 ? x$w_buff0_used : (!x$w_buff0_used || !x$r_buff0_thd0 && !x$w_buff1_used || !x$r_buff0_thd0 && !x$r_buff1_thd0 ? x$w_buff0_used : (x$w_buff0_used && x$r_buff0_thd0 ? FALSE : x$w_buff0_used));
                                                                                        ^
                                                                        (                                 )
mix006_tso.oepc_false-unreach-call.c:402:127: warning: '&&' within '||' [-Wlogical-op-parentheses]
  x$w_buff0_used = weak$$choice2 ? x$w_buff0_used : (!x$w_buff0_used || !x$r_buff0_thd0 && !x$w_buff1_used || !x$r_buff0_thd0 && !x$r_buff1_thd0 ? x$w_buff0_used : (x$w_buff0_used && x$r_buff0_thd0 ? FALSE : x$w_buff0_used));
                                                                                                           ~~ ~~~~~~~~~~~~~~~~^~~~~~~~~~~~~~~~~~
mix006_tso.oepc_false-unreach-call.c:402:127: note: place parentheses around the '&&' expression to silence this warning
  x$w_buff0_used = weak$$choice2 ? x$w_buff0_used : (!x$w_buff0_used || !x$r_buff0_thd0 && !x$w_buff1_used || !x$r_buff0_thd0 && !x$r_buff1_thd0 ? x$w_buff0_used : (x$w_buff0_used && x$r_buff0_thd0 ? FALSE : x$w_buff0_used));
                                                                                                                              ^
                                                                                                              (                                 )
mix006_tso.oepc_false-unreach-call.c:404:89: warning: '&&' within '||' [-Wlogical-op-parentheses]
  x$w_buff1_used = weak$$choice2 ? x$w_buff1_used : (!x$w_buff0_used || !x$r_buff0_thd0 && !x$w_buff1_used || !x$r_buff0_thd0 && !x$r_buff1_thd0 ? x$w_buff1_used : (x$w_buff0_used && x$r_buff0_thd0 ? FALSE : FALSE));
                                                                     ~~ ~~~~~~~~~~~~~~~~^~~~~~~~~~~~~~~~~~
mix006_tso.oepc_false-unreach-call.c:404:89: note: place parentheses around the '&&' expression to silence this warning
  x$w_buff1_used = weak$$choice2 ? x$w_buff1_used : (!x$w_buff0_used || !x$r_buff0_thd0 && !x$w_buff1_used || !x$r_buff0_thd0 && !x$r_buff1_thd0 ? x$w_buff1_used : (x$w_buff0_used && x$r_buff0_thd0 ? FALSE : FALSE));
                                                                                        ^
                                                                        (                                 )
mix006_tso.oepc_false-unreach-call.c:404:127: warning: '&&' within '||' [-Wlogical-op-parentheses]
  x$w_buff1_used = weak$$choice2 ? x$w_buff1_used : (!x$w_buff0_used || !x$r_buff0_thd0 && !x$w_buff1_used || !x$r_buff0_thd0 && !x$r_buff1_thd0 ? x$w_buff1_used : (x$w_buff0_used && x$r_buff0_thd0 ? FALSE : FALSE));
                                                                                                           ~~ ~~~~~~~~~~~~~~~~^~~~~~~~~~~~~~~~~~
mix006_tso.oepc_false-unreach-call.c:404:127: note: place parentheses around the '&&' expression to silence this warning
  x$w_buff1_used = weak$$choice2 ? x$w_buff1_used : (!x$w_buff0_used || !x$r_buff0_thd0 && !x$w_buff1_used || !x$r_buff0_thd0 && !x$r_buff1_thd0 ? x$w_buff1_used : (x$w_buff0_used && x$r_buff0_thd0 ? FALSE : FALSE));
                                                                                                                              ^
                                                                                                              (                                 )
mix006_tso.oepc_false-unreach-call.c:406:89: warning: '&&' within '||' [-Wlogical-op-parentheses]
  x$r_buff0_thd0 = weak$$choice2 ? x$r_buff0_thd0 : (!x$w_buff0_used || !x$r_buff0_thd0 && !x$w_buff1_used || !x$r_buff0_thd0 && !x$r_buff1_thd0 ? x$r_buff0_thd0 : (x$w_buff0_used && x$r_buff0_thd0 ? FALSE : x$r_buff0_thd0));
                                                                     ~~ ~~~~~~~~~~~~~~~~^~~~~~~~~~~~~~~~~~
mix006_tso.oepc_false-unreach-call.c:406:89: note: place parentheses around the '&&' expression to silence this warning
  x$r_buff0_thd0 = weak$$choice2 ? x$r_buff0_thd0 : (!x$w_buff0_used || !x$r_buff0_thd0 && !x$w_buff1_used || !x$r_buff0_thd0 && !x$r_buff1_thd0 ? x$r_buff0_thd0 : (x$w_buff0_used && x$r_buff0_thd0 ? FALSE : x$r_buff0_thd0));
                                                                                        ^
                                                                        (                                 )
mix006_tso.oepc_false-unreach-call.c:406:127: warning: '&&' within '||' [-Wlogical-op-parentheses]
  x$r_buff0_thd0 = weak$$choice2 ? x$r_buff0_thd0 : (!x$w_buff0_used || !x$r_buff0_thd0 && !x$w_buff1_used || !x$r_buff0_thd0 && !x$r_buff1_thd0 ? x$r_buff0_thd0 : (x$w_buff0_used && x$r_buff0_thd0 ? FALSE : x$r_buff0_thd0));
                                                                                                           ~~ ~~~~~~~~~~~~~~~~^~~~~~~~~~~~~~~~~~
mix006_tso.oepc_false-unreach-call.c:406:127: note: place parentheses around the '&&' expression to silence this warning
  x$r_buff0_thd0 = weak$$choice2 ? x$r_buff0_thd0 : (!x$w_buff0_used || !x$r_buff0_thd0 && !x$w_buff1_used || !x$r_buff0_thd0 && !x$r_buff1_thd0 ? x$r_buff0_thd0 : (x$w_buff0_used && x$r_buff0_thd0 ? FALSE : x$r_buff0_thd0));
                                                                                                                              ^
                                                                                                              (                                 )
mix006_tso.oepc_false-unreach-call.c:408:89: warning: '&&' within '||' [-Wlogical-op-parentheses]
  x$r_buff1_thd0 = weak$$choice2 ? x$r_buff1_thd0 : (!x$w_buff0_used || !x$r_buff0_thd0 && !x$w_buff1_used || !x$r_buff0_thd0 && !x$r_buff1_thd0 ? x$r_buff1_thd0 : (x$w_buff0_used && x$r_buff0_thd0 ? FALSE : FALSE));
                                                                     ~~ ~~~~~~~~~~~~~~~~^~~~~~~~~~~~~~~~~~
mix006_tso.oepc_false-unreach-call.c:408:89: note: place parentheses around the '&&' expression to silence this warning
  x$r_buff1_thd0 = weak$$choice2 ? x$r_buff1_thd0 : (!x$w_buff0_used || !x$r_buff0_thd0 && !x$w_buff1_used || !x$r_buff0_thd0 && !x$r_buff1_thd0 ? x$r_buff1_thd0 : (x$w_buff0_used && x$r_buff0_thd0 ? FALSE : FALSE));
                                                                                        ^
                                                                        (                                 )
mix006_tso.oepc_false-unreach-call.c:408:127: warning: '&&' within '||' [-Wlogical-op-parentheses]
  x$r_buff1_thd0 = weak$$choice2 ? x$r_buff1_thd0 : (!x$w_buff0_used || !x$r_buff0_thd0 && !x$w_buff1_used || !x$r_buff0_thd0 && !x$r_buff1_thd0 ? x$r_buff1_thd0 : (x$w_buff0_used && x$r_buff0_thd0 ? FALSE : FALSE));
                                                                                                           ~~ ~~~~~~~~~~~~~~~~^~~~~~~~~~~~~~~~~~
mix006_tso.oepc_false-unreach-call.c:408:127: note: place parentheses around the '&&' expression to silence this warning
  x$r_buff1_thd0 = weak$$choice2 ? x$r_buff1_thd0 : (!x$w_buff0_used || !x$r_buff0_thd0 && !x$w_buff1_used || !x$r_buff0_thd0 && !x$r_buff1_thd0 ? x$r_buff1_thd0 : (x$w_buff0_used && x$r_buff0_thd0 ? FALSE : FALSE));
                                                                                                                              ^
                                                                                                              (                                 )
89 warnings generated.
