mix028_tso.oepc_false-unreach-call.c:4:34: warning: implicit declaration of function '__VERIFIER_assume' is invalid in C99 [-Wimplicit-function-declaration]
void __VERIFIER_atomic_begin() { __VERIFIER_assume(__global_lock==0); __global_lock=1; return; }
                                 ^
mix028_tso.oepc_false-unreach-call.c:160:10: warning: implicit declaration of function 'nondet_0' is invalid in C99 [-Wimplicit-function-declaration]
  return nondet_0();
         ^
mix028_tso.oepc_false-unreach-call.c:160:10: warning: incompatible integer to pointer conversion returning 'int' from a function with result type 'void *' [-Wint-conversion]
  return nondet_0();
         ^~~~~~~~~~
mix028_tso.oepc_false-unreach-call.c:176:35: warning: '&&' within '||' [-Wlogical-op-parentheses]
  y$w_buff1_used = y$w_buff0_used && y$r_buff0_thd2 || y$w_buff1_used && y$r_buff1_thd2 ? FALSE : y$w_buff1_used;
                   ~~~~~~~~~~~~~~~^~~~~~~~~~~~~~~~~ ~~
mix028_tso.oepc_false-unreach-call.c:176:35: note: place parentheses around the '&&' expression to silence this warning
  y$w_buff1_used = y$w_buff0_used && y$r_buff0_thd2 || y$w_buff1_used && y$r_buff1_thd2 ? FALSE : y$w_buff1_used;
                                  ^
                   (                               )
mix028_tso.oepc_false-unreach-call.c:176:71: warning: '&&' within '||' [-Wlogical-op-parentheses]
  y$w_buff1_used = y$w_buff0_used && y$r_buff0_thd2 || y$w_buff1_used && y$r_buff1_thd2 ? FALSE : y$w_buff1_used;
                                                    ~~ ~~~~~~~~~~~~~~~^~~~~~~~~~~~~~~~~
mix028_tso.oepc_false-unreach-call.c:176:71: note: place parentheses around the '&&' expression to silence this warning
  y$w_buff1_used = y$w_buff0_used && y$r_buff0_thd2 || y$w_buff1_used && y$r_buff1_thd2 ? FALSE : y$w_buff1_used;
                                                                      ^
                                                       (                               )
mix028_tso.oepc_false-unreach-call.c:178:35: warning: '&&' within '||' [-Wlogical-op-parentheses]
  y$r_buff1_thd2 = y$w_buff0_used && y$r_buff0_thd2 || y$w_buff1_used && y$r_buff1_thd2 ? FALSE : y$r_buff1_thd2;
                   ~~~~~~~~~~~~~~~^~~~~~~~~~~~~~~~~ ~~
mix028_tso.oepc_false-unreach-call.c:178:35: note: place parentheses around the '&&' expression to silence this warning
  y$r_buff1_thd2 = y$w_buff0_used && y$r_buff0_thd2 || y$w_buff1_used && y$r_buff1_thd2 ? FALSE : y$r_buff1_thd2;
                                  ^
                   (                               )
mix028_tso.oepc_false-unreach-call.c:178:71: warning: '&&' within '||' [-Wlogical-op-parentheses]
  y$r_buff1_thd2 = y$w_buff0_used && y$r_buff0_thd2 || y$w_buff1_used && y$r_buff1_thd2 ? FALSE : y$r_buff1_thd2;
                                                    ~~ ~~~~~~~~~~~~~~~^~~~~~~~~~~~~~~~~
mix028_tso.oepc_false-unreach-call.c:178:71: note: place parentheses around the '&&' expression to silence this warning
  y$r_buff1_thd2 = y$w_buff0_used && y$r_buff0_thd2 || y$w_buff1_used && y$r_buff1_thd2 ? FALSE : y$r_buff1_thd2;
                                                                      ^
                                                       (                               )
mix028_tso.oepc_false-unreach-call.c:183:10: warning: incompatible integer to pointer conversion returning 'int' from a function with result type 'void *' [-Wint-conversion]
  return nondet_0();
         ^~~~~~~~~~
mix028_tso.oepc_false-unreach-call.c:203:19: warning: implicit declaration of function 'nondet_1' is invalid in C99 [-Wimplicit-function-declaration]
  weak$$choice0 = nondet_1();
                  ^
mix028_tso.oepc_false-unreach-call.c:207:42: warning: '&&' within '||' [-Wlogical-op-parentheses]
  y = !y$w_buff0_used || !y$r_buff0_thd3 && !y$w_buff1_used || !y$r_buff0_thd3 && !y$r_buff1_thd3 ? y : (y$w_buff0_used && y$r_buff0_thd3 ? y$w_buff0 : y$w_buff1);
                      ~~ ~~~~~~~~~~~~~~~~^~~~~~~~~~~~~~~~~~
mix028_tso.oepc_false-unreach-call.c:207:42: note: place parentheses around the '&&' expression to silence this warning
  y = !y$w_buff0_used || !y$r_buff0_thd3 && !y$w_buff1_used || !y$r_buff0_thd3 && !y$r_buff1_thd3 ? y : (y$w_buff0_used && y$r_buff0_thd3 ? y$w_buff0 : y$w_buff1);
                                         ^
                         (                                 )
mix028_tso.oepc_false-unreach-call.c:207:80: warning: '&&' within '||' [-Wlogical-op-parentheses]
  y = !y$w_buff0_used || !y$r_buff0_thd3 && !y$w_buff1_used || !y$r_buff0_thd3 && !y$r_buff1_thd3 ? y : (y$w_buff0_used && y$r_buff0_thd3 ? y$w_buff0 : y$w_buff1);
                                                            ~~ ~~~~~~~~~~~~~~~~^~~~~~~~~~~~~~~~~~
mix028_tso.oepc_false-unreach-call.c:207:80: note: place parentheses around the '&&' expression to silence this warning
  y = !y$w_buff0_used || !y$r_buff0_thd3 && !y$w_buff1_used || !y$r_buff0_thd3 && !y$r_buff1_thd3 ? y : (y$w_buff0_used && y$r_buff0_thd3 ? y$w_buff0 : y$w_buff1);
                                                                               ^
                                                               (                                 )
mix028_tso.oepc_false-unreach-call.c:208:79: warning: '&&' within '||' [-Wlogical-op-parentheses]
  y$w_buff0 = weak$$choice2 ? y$w_buff0 : (!y$w_buff0_used || !y$r_buff0_thd3 && !y$w_buff1_used || !y$r_buff0_thd3 && !y$r_buff1_thd3 ? y$w_buff0 : (y$w_buff0_used && y$r_buff0_thd3 ? y$w_buff0 : y$w_buff0));
                                                           ~~ ~~~~~~~~~~~~~~~~^~~~~~~~~~~~~~~~~~
mix028_tso.oepc_false-unreach-call.c:208:79: note: place parentheses around the '&&' expression to silence this warning
  y$w_buff0 = weak$$choice2 ? y$w_buff0 : (!y$w_buff0_used || !y$r_buff0_thd3 && !y$w_buff1_used || !y$r_buff0_thd3 && !y$r_buff1_thd3 ? y$w_buff0 : (y$w_buff0_used && y$r_buff0_thd3 ? y$w_buff0 : y$w_buff0));
                                                                              ^
                                                              (                                 )
mix028_tso.oepc_false-unreach-call.c:208:117: warning: '&&' within '||' [-Wlogical-op-parentheses]
  y$w_buff0 = weak$$choice2 ? y$w_buff0 : (!y$w_buff0_used || !y$r_buff0_thd3 && !y$w_buff1_used || !y$r_buff0_thd3 && !y$r_buff1_thd3 ? y$w_buff0 : (y$w_buff0_used && y$r_buff0_thd3 ? y$w_buff0 : y$w_buff0));
                                                                                                 ~~ ~~~~~~~~~~~~~~~~^~~~~~~~~~~~~~~~~~
mix028_tso.oepc_false-unreach-call.c:208:117: note: place parentheses around the '&&' expression to silence this warning
  y$w_buff0 = weak$$choice2 ? y$w_buff0 : (!y$w_buff0_used || !y$r_buff0_thd3 && !y$w_buff1_used || !y$r_buff0_thd3 && !y$r_buff1_thd3 ? y$w_buff0 : (y$w_buff0_used && y$r_buff0_thd3 ? y$w_buff0 : y$w_buff0));
                                                                                                                    ^
                                                                                                    (                                 )
mix028_tso.oepc_false-unreach-call.c:209:79: warning: '&&' within '||' [-Wlogical-op-parentheses]
  y$w_buff1 = weak$$choice2 ? y$w_buff1 : (!y$w_buff0_used || !y$r_buff0_thd3 && !y$w_buff1_used || !y$r_buff0_thd3 && !y$r_buff1_thd3 ? y$w_buff1 : (y$w_buff0_used && y$r_buff0_thd3 ? y$w_buff1 : y$w_buff1));
                                                           ~~ ~~~~~~~~~~~~~~~~^~~~~~~~~~~~~~~~~~
mix028_tso.oepc_false-unreach-call.c:209:79: note: place parentheses around the '&&' expression to silence this warning
  y$w_buff1 = weak$$choice2 ? y$w_buff1 : (!y$w_buff0_used || !y$r_buff0_thd3 && !y$w_buff1_used || !y$r_buff0_thd3 && !y$r_buff1_thd3 ? y$w_buff1 : (y$w_buff0_used && y$r_buff0_thd3 ? y$w_buff1 : y$w_buff1));
                                                                              ^
                                                              (                                 )
mix028_tso.oepc_false-unreach-call.c:209:117: warning: '&&' within '||' [-Wlogical-op-parentheses]
  y$w_buff1 = weak$$choice2 ? y$w_buff1 : (!y$w_buff0_used || !y$r_buff0_thd3 && !y$w_buff1_used || !y$r_buff0_thd3 && !y$r_buff1_thd3 ? y$w_buff1 : (y$w_buff0_used && y$r_buff0_thd3 ? y$w_buff1 : y$w_buff1));
                                                                                                 ~~ ~~~~~~~~~~~~~~~~^~~~~~~~~~~~~~~~~~
mix028_tso.oepc_false-unreach-call.c:209:117: note: place parentheses around the '&&' expression to silence this warning
  y$w_buff1 = weak$$choice2 ? y$w_buff1 : (!y$w_buff0_used || !y$r_buff0_thd3 && !y$w_buff1_used || !y$r_buff0_thd3 && !y$r_buff1_thd3 ? y$w_buff1 : (y$w_buff0_used && y$r_buff0_thd3 ? y$w_buff1 : y$w_buff1));
                                                                                                                    ^
                                                                                                    (                                 )
mix028_tso.oepc_false-unreach-call.c:210:89: warning: '&&' within '||' [-Wlogical-op-parentheses]
  y$w_buff0_used = weak$$choice2 ? y$w_buff0_used : (!y$w_buff0_used || !y$r_buff0_thd3 && !y$w_buff1_used || !y$r_buff0_thd3 && !y$r_buff1_thd3 ? y$w_buff0_used : (y$w_buff0_used && y$r_buff0_thd3 ? FALSE : y$w_buff0_used));
                                                                     ~~ ~~~~~~~~~~~~~~~~^~~~~~~~~~~~~~~~~~
mix028_tso.oepc_false-unreach-call.c:210:89: note: place parentheses around the '&&' expression to silence this warning
  y$w_buff0_used = weak$$choice2 ? y$w_buff0_used : (!y$w_buff0_used || !y$r_buff0_thd3 && !y$w_buff1_used || !y$r_buff0_thd3 && !y$r_buff1_thd3 ? y$w_buff0_used : (y$w_buff0_used && y$r_buff0_thd3 ? FALSE : y$w_buff0_used));
                                                                                        ^
                                                                        (                                 )
mix028_tso.oepc_false-unreach-call.c:210:127: warning: '&&' within '||' [-Wlogical-op-parentheses]
  y$w_buff0_used = weak$$choice2 ? y$w_buff0_used : (!y$w_buff0_used || !y$r_buff0_thd3 && !y$w_buff1_used || !y$r_buff0_thd3 && !y$r_buff1_thd3 ? y$w_buff0_used : (y$w_buff0_used && y$r_buff0_thd3 ? FALSE : y$w_buff0_used));
                                                                                                           ~~ ~~~~~~~~~~~~~~~~^~~~~~~~~~~~~~~~~~
mix028_tso.oepc_false-unreach-call.c:210:127: note: place parentheses around the '&&' expression to silence this warning
  y$w_buff0_used = weak$$choice2 ? y$w_buff0_used : (!y$w_buff0_used || !y$r_buff0_thd3 && !y$w_buff1_used || !y$r_buff0_thd3 && !y$r_buff1_thd3 ? y$w_buff0_used : (y$w_buff0_used && y$r_buff0_thd3 ? FALSE : y$w_buff0_used));
                                                                                                                              ^
                                                                                                              (                                 )
mix028_tso.oepc_false-unreach-call.c:211:89: warning: '&&' within '||' [-Wlogical-op-parentheses]
  y$w_buff1_used = weak$$choice2 ? y$w_buff1_used : (!y$w_buff0_used || !y$r_buff0_thd3 && !y$w_buff1_used || !y$r_buff0_thd3 && !y$r_buff1_thd3 ? y$w_buff1_used : (y$w_buff0_used && y$r_buff0_thd3 ? FALSE : FALSE));
                                                                     ~~ ~~~~~~~~~~~~~~~~^~~~~~~~~~~~~~~~~~
mix028_tso.oepc_false-unreach-call.c:211:89: note: place parentheses around the '&&' expression to silence this warning
  y$w_buff1_used = weak$$choice2 ? y$w_buff1_used : (!y$w_buff0_used || !y$r_buff0_thd3 && !y$w_buff1_used || !y$r_buff0_thd3 && !y$r_buff1_thd3 ? y$w_buff1_used : (y$w_buff0_used && y$r_buff0_thd3 ? FALSE : FALSE));
                                                                                        ^
                                                                        (                                 )
mix028_tso.oepc_false-unreach-call.c:211:127: warning: '&&' within '||' [-Wlogical-op-parentheses]
  y$w_buff1_used = weak$$choice2 ? y$w_buff1_used : (!y$w_buff0_used || !y$r_buff0_thd3 && !y$w_buff1_used || !y$r_buff0_thd3 && !y$r_buff1_thd3 ? y$w_buff1_used : (y$w_buff0_used && y$r_buff0_thd3 ? FALSE : FALSE));
                                                                                                           ~~ ~~~~~~~~~~~~~~~~^~~~~~~~~~~~~~~~~~
mix028_tso.oepc_false-unreach-call.c:211:127: note: place parentheses around the '&&' expression to silence this warning
  y$w_buff1_used = weak$$choice2 ? y$w_buff1_used : (!y$w_buff0_used || !y$r_buff0_thd3 && !y$w_buff1_used || !y$r_buff0_thd3 && !y$r_buff1_thd3 ? y$w_buff1_used : (y$w_buff0_used && y$r_buff0_thd3 ? FALSE : FALSE));
                                                                                                                              ^
                                                                                                              (                                 )
mix028_tso.oepc_false-unreach-call.c:212:89: warning: '&&' within '||' [-Wlogical-op-parentheses]
  y$r_buff0_thd3 = weak$$choice2 ? y$r_buff0_thd3 : (!y$w_buff0_used || !y$r_buff0_thd3 && !y$w_buff1_used || !y$r_buff0_thd3 && !y$r_buff1_thd3 ? y$r_buff0_thd3 : (y$w_buff0_used && y$r_buff0_thd3 ? FALSE : y$r_buff0_thd3));
                                                                     ~~ ~~~~~~~~~~~~~~~~^~~~~~~~~~~~~~~~~~
mix028_tso.oepc_false-unreach-call.c:212:89: note: place parentheses around the '&&' expression to silence this warning
  y$r_buff0_thd3 = weak$$choice2 ? y$r_buff0_thd3 : (!y$w_buff0_used || !y$r_buff0_thd3 && !y$w_buff1_used || !y$r_buff0_thd3 && !y$r_buff1_thd3 ? y$r_buff0_thd3 : (y$w_buff0_used && y$r_buff0_thd3 ? FALSE : y$r_buff0_thd3));
                                                                                        ^
                                                                        (                                 )
mix028_tso.oepc_false-unreach-call.c:212:127: warning: '&&' within '||' [-Wlogical-op-parentheses]
  y$r_buff0_thd3 = weak$$choice2 ? y$r_buff0_thd3 : (!y$w_buff0_used || !y$r_buff0_thd3 && !y$w_buff1_used || !y$r_buff0_thd3 && !y$r_buff1_thd3 ? y$r_buff0_thd3 : (y$w_buff0_used && y$r_buff0_thd3 ? FALSE : y$r_buff0_thd3));
                                                                                                           ~~ ~~~~~~~~~~~~~~~~^~~~~~~~~~~~~~~~~~
mix028_tso.oepc_false-unreach-call.c:212:127: note: place parentheses around the '&&' expression to silence this warning
  y$r_buff0_thd3 = weak$$choice2 ? y$r_buff0_thd3 : (!y$w_buff0_used || !y$r_buff0_thd3 && !y$w_buff1_used || !y$r_buff0_thd3 && !y$r_buff1_thd3 ? y$r_buff0_thd3 : (y$w_buff0_used && y$r_buff0_thd3 ? FALSE : y$r_buff0_thd3));
                                                                                                                              ^
                                                                                                              (                                 )
mix028_tso.oepc_false-unreach-call.c:213:89: warning: '&&' within '||' [-Wlogical-op-parentheses]
  y$r_buff1_thd3 = weak$$choice2 ? y$r_buff1_thd3 : (!y$w_buff0_used || !y$r_buff0_thd3 && !y$w_buff1_used || !y$r_buff0_thd3 && !y$r_buff1_thd3 ? y$r_buff1_thd3 : (y$w_buff0_used && y$r_buff0_thd3 ? FALSE : FALSE));
                                                                     ~~ ~~~~~~~~~~~~~~~~^~~~~~~~~~~~~~~~~~
mix028_tso.oepc_false-unreach-call.c:213:89: note: place parentheses around the '&&' expression to silence this warning
  y$r_buff1_thd3 = weak$$choice2 ? y$r_buff1_thd3 : (!y$w_buff0_used || !y$r_buff0_thd3 && !y$w_buff1_used || !y$r_buff0_thd3 && !y$r_buff1_thd3 ? y$r_buff1_thd3 : (y$w_buff0_used && y$r_buff0_thd3 ? FALSE : FALSE));
                                                                                        ^
                                                                        (                                 )
mix028_tso.oepc_false-unreach-call.c:213:127: warning: '&&' within '||' [-Wlogical-op-parentheses]
  y$r_buff1_thd3 = weak$$choice2 ? y$r_buff1_thd3 : (!y$w_buff0_used || !y$r_buff0_thd3 && !y$w_buff1_used || !y$r_buff0_thd3 && !y$r_buff1_thd3 ? y$r_buff1_thd3 : (y$w_buff0_used && y$r_buff0_thd3 ? FALSE : FALSE));
                                                                                                           ~~ ~~~~~~~~~~~~~~~~^~~~~~~~~~~~~~~~~~
mix028_tso.oepc_false-unreach-call.c:213:127: note: place parentheses around the '&&' expression to silence this warning
  y$r_buff1_thd3 = weak$$choice2 ? y$r_buff1_thd3 : (!y$w_buff0_used || !y$r_buff0_thd3 && !y$w_buff1_used || !y$r_buff0_thd3 && !y$r_buff1_thd3 ? y$r_buff1_thd3 : (y$w_buff0_used && y$r_buff0_thd3 ? FALSE : FALSE));
                                                                                                                              ^
                                                                                                              (                                 )
mix028_tso.oepc_false-unreach-call.c:224:35: warning: '&&' within '||' [-Wlogical-op-parentheses]
  y$w_buff1_used = y$w_buff0_used && y$r_buff0_thd3 || y$w_buff1_used && y$r_buff1_thd3 ? FALSE : y$w_buff1_used;
                   ~~~~~~~~~~~~~~~^~~~~~~~~~~~~~~~~ ~~
mix028_tso.oepc_false-unreach-call.c:224:35: note: place parentheses around the '&&' expression to silence this warning
  y$w_buff1_used = y$w_buff0_used && y$r_buff0_thd3 || y$w_buff1_used && y$r_buff1_thd3 ? FALSE : y$w_buff1_used;
                                  ^
                   (                               )
mix028_tso.oepc_false-unreach-call.c:224:71: warning: '&&' within '||' [-Wlogical-op-parentheses]
  y$w_buff1_used = y$w_buff0_used && y$r_buff0_thd3 || y$w_buff1_used && y$r_buff1_thd3 ? FALSE : y$w_buff1_used;
                                                    ~~ ~~~~~~~~~~~~~~~^~~~~~~~~~~~~~~~~
mix028_tso.oepc_false-unreach-call.c:224:71: note: place parentheses around the '&&' expression to silence this warning
  y$w_buff1_used = y$w_buff0_used && y$r_buff0_thd3 || y$w_buff1_used && y$r_buff1_thd3 ? FALSE : y$w_buff1_used;
                                                                      ^
                                                       (                               )
mix028_tso.oepc_false-unreach-call.c:226:35: warning: '&&' within '||' [-Wlogical-op-parentheses]
  y$r_buff1_thd3 = y$w_buff0_used && y$r_buff0_thd3 || y$w_buff1_used && y$r_buff1_thd3 ? FALSE : y$r_buff1_thd3;
                   ~~~~~~~~~~~~~~~^~~~~~~~~~~~~~~~~ ~~
mix028_tso.oepc_false-unreach-call.c:226:35: note: place parentheses around the '&&' expression to silence this warning
  y$r_buff1_thd3 = y$w_buff0_used && y$r_buff0_thd3 || y$w_buff1_used && y$r_buff1_thd3 ? FALSE : y$r_buff1_thd3;
                                  ^
                   (                               )
mix028_tso.oepc_false-unreach-call.c:226:71: warning: '&&' within '||' [-Wlogical-op-parentheses]
  y$r_buff1_thd3 = y$w_buff0_used && y$r_buff0_thd3 || y$w_buff1_used && y$r_buff1_thd3 ? FALSE : y$r_buff1_thd3;
                                                    ~~ ~~~~~~~~~~~~~~~^~~~~~~~~~~~~~~~~
mix028_tso.oepc_false-unreach-call.c:226:71: note: place parentheses around the '&&' expression to silence this warning
  y$r_buff1_thd3 = y$w_buff0_used && y$r_buff0_thd3 || y$w_buff1_used && y$r_buff1_thd3 ? FALSE : y$r_buff1_thd3;
                                                                      ^
                                                       (                               )
mix028_tso.oepc_false-unreach-call.c:231:10: warning: incompatible integer to pointer conversion returning 'int' from a function with result type 'void *' [-Wint-conversion]
  return nondet_0();
         ^~~~~~~~~~
mix028_tso.oepc_false-unreach-call.c:259:38: warning: null passed to a callee which requires a non-null argument [-Wnonnull]
  pthread_create(NULL, NULL, P0, NULL);
                 ~~~~                ^
mix028_tso.oepc_false-unreach-call.c:260:38: warning: null passed to a callee which requires a non-null argument [-Wnonnull]
  pthread_create(NULL, NULL, P1, NULL);
                 ~~~~                ^
mix028_tso.oepc_false-unreach-call.c:261:38: warning: null passed to a callee which requires a non-null argument [-Wnonnull]
  pthread_create(NULL, NULL, P2, NULL);
                 ~~~~                ^
mix028_tso.oepc_false-unreach-call.c:269:35: warning: '&&' within '||' [-Wlogical-op-parentheses]
  y$w_buff1_used = y$w_buff0_used && y$r_buff0_thd0 || y$w_buff1_used && y$r_buff1_thd0 ? FALSE : y$w_buff1_used;
                   ~~~~~~~~~~~~~~~^~~~~~~~~~~~~~~~~ ~~
mix028_tso.oepc_false-unreach-call.c:269:35: note: place parentheses around the '&&' expression to silence this warning
  y$w_buff1_used = y$w_buff0_used && y$r_buff0_thd0 || y$w_buff1_used && y$r_buff1_thd0 ? FALSE : y$w_buff1_used;
                                  ^
                   (                               )
mix028_tso.oepc_false-unreach-call.c:269:71: warning: '&&' within '||' [-Wlogical-op-parentheses]
  y$w_buff1_used = y$w_buff0_used && y$r_buff0_thd0 || y$w_buff1_used && y$r_buff1_thd0 ? FALSE : y$w_buff1_used;
                                                    ~~ ~~~~~~~~~~~~~~~^~~~~~~~~~~~~~~~~
mix028_tso.oepc_false-unreach-call.c:269:71: note: place parentheses around the '&&' expression to silence this warning
  y$w_buff1_used = y$w_buff0_used && y$r_buff0_thd0 || y$w_buff1_used && y$r_buff1_thd0 ? FALSE : y$w_buff1_used;
                                                                      ^
                                                       (                               )
mix028_tso.oepc_false-unreach-call.c:271:35: warning: '&&' within '||' [-Wlogical-op-parentheses]
  y$r_buff1_thd0 = y$w_buff0_used && y$r_buff0_thd0 || y$w_buff1_used && y$r_buff1_thd0 ? FALSE : y$r_buff1_thd0;
                   ~~~~~~~~~~~~~~~^~~~~~~~~~~~~~~~~ ~~
mix028_tso.oepc_false-unreach-call.c:271:35: note: place parentheses around the '&&' expression to silence this warning
  y$r_buff1_thd0 = y$w_buff0_used && y$r_buff0_thd0 || y$w_buff1_used && y$r_buff1_thd0 ? FALSE : y$r_buff1_thd0;
                                  ^
                   (                               )
mix028_tso.oepc_false-unreach-call.c:271:71: warning: '&&' within '||' [-Wlogical-op-parentheses]
  y$r_buff1_thd0 = y$w_buff0_used && y$r_buff0_thd0 || y$w_buff1_used && y$r_buff1_thd0 ? FALSE : y$r_buff1_thd0;
                                                    ~~ ~~~~~~~~~~~~~~~^~~~~~~~~~~~~~~~~
mix028_tso.oepc_false-unreach-call.c:271:71: note: place parentheses around the '&&' expression to silence this warning
  y$r_buff1_thd0 = y$w_buff0_used && y$r_buff0_thd0 || y$w_buff1_used && y$r_buff1_thd0 ? FALSE : y$r_buff1_thd0;
                                                                      ^
                                                       (                               )
mix028_tso.oepc_false-unreach-call.c:283:42: warning: '&&' within '||' [-Wlogical-op-parentheses]
  y = !y$w_buff0_used || !y$r_buff0_thd0 && !y$w_buff1_used || !y$r_buff0_thd0 && !y$r_buff1_thd0 ? y : (y$w_buff0_used && y$r_buff0_thd0 ? y$w_buff0 : y$w_buff1);
                      ~~ ~~~~~~~~~~~~~~~~^~~~~~~~~~~~~~~~~~
mix028_tso.oepc_false-unreach-call.c:283:42: note: place parentheses around the '&&' expression to silence this warning
  y = !y$w_buff0_used || !y$r_buff0_thd0 && !y$w_buff1_used || !y$r_buff0_thd0 && !y$r_buff1_thd0 ? y : (y$w_buff0_used && y$r_buff0_thd0 ? y$w_buff0 : y$w_buff1);
                                         ^
                         (                                 )
mix028_tso.oepc_false-unreach-call.c:283:80: warning: '&&' within '||' [-Wlogical-op-parentheses]
  y = !y$w_buff0_used || !y$r_buff0_thd0 && !y$w_buff1_used || !y$r_buff0_thd0 && !y$r_buff1_thd0 ? y : (y$w_buff0_used && y$r_buff0_thd0 ? y$w_buff0 : y$w_buff1);
                                                            ~~ ~~~~~~~~~~~~~~~~^~~~~~~~~~~~~~~~~~
mix028_tso.oepc_false-unreach-call.c:283:80: note: place parentheses around the '&&' expression to silence this warning
  y = !y$w_buff0_used || !y$r_buff0_thd0 && !y$w_buff1_used || !y$r_buff0_thd0 && !y$r_buff1_thd0 ? y : (y$w_buff0_used && y$r_buff0_thd0 ? y$w_buff0 : y$w_buff1);
                                                                               ^
                                                               (                                 )
mix028_tso.oepc_false-unreach-call.c:285:79: warning: '&&' within '||' [-Wlogical-op-parentheses]
  y$w_buff0 = weak$$choice2 ? y$w_buff0 : (!y$w_buff0_used || !y$r_buff0_thd0 && !y$w_buff1_used || !y$r_buff0_thd0 && !y$r_buff1_thd0 ? y$w_buff0 : (y$w_buff0_used && y$r_buff0_thd0 ? y$w_buff0 : y$w_buff0));
                                                           ~~ ~~~~~~~~~~~~~~~~^~~~~~~~~~~~~~~~~~
mix028_tso.oepc_false-unreach-call.c:285:79: note: place parentheses around the '&&' expression to silence this warning
  y$w_buff0 = weak$$choice2 ? y$w_buff0 : (!y$w_buff0_used || !y$r_buff0_thd0 && !y$w_buff1_used || !y$r_buff0_thd0 && !y$r_buff1_thd0 ? y$w_buff0 : (y$w_buff0_used && y$r_buff0_thd0 ? y$w_buff0 : y$w_buff0));
                                                                              ^
                                                              (                                 )
mix028_tso.oepc_false-unreach-call.c:285:117: warning: '&&' within '||' [-Wlogical-op-parentheses]
  y$w_buff0 = weak$$choice2 ? y$w_buff0 : (!y$w_buff0_used || !y$r_buff0_thd0 && !y$w_buff1_used || !y$r_buff0_thd0 && !y$r_buff1_thd0 ? y$w_buff0 : (y$w_buff0_used && y$r_buff0_thd0 ? y$w_buff0 : y$w_buff0));
                                                                                                 ~~ ~~~~~~~~~~~~~~~~^~~~~~~~~~~~~~~~~~
mix028_tso.oepc_false-unreach-call.c:285:117: note: place parentheses around the '&&' expression to silence this warning
  y$w_buff0 = weak$$choice2 ? y$w_buff0 : (!y$w_buff0_used || !y$r_buff0_thd0 && !y$w_buff1_used || !y$r_buff0_thd0 && !y$r_buff1_thd0 ? y$w_buff0 : (y$w_buff0_used && y$r_buff0_thd0 ? y$w_buff0 : y$w_buff0));
                                                                                                                    ^
                                                                                                    (                                 )
mix028_tso.oepc_false-unreach-call.c:287:79: warning: '&&' within '||' [-Wlogical-op-parentheses]
  y$w_buff1 = weak$$choice2 ? y$w_buff1 : (!y$w_buff0_used || !y$r_buff0_thd0 && !y$w_buff1_used || !y$r_buff0_thd0 && !y$r_buff1_thd0 ? y$w_buff1 : (y$w_buff0_used && y$r_buff0_thd0 ? y$w_buff1 : y$w_buff1));
                                                           ~~ ~~~~~~~~~~~~~~~~^~~~~~~~~~~~~~~~~~
mix028_tso.oepc_false-unreach-call.c:287:79: note: place parentheses around the '&&' expression to silence this warning
  y$w_buff1 = weak$$choice2 ? y$w_buff1 : (!y$w_buff0_used || !y$r_buff0_thd0 && !y$w_buff1_used || !y$r_buff0_thd0 && !y$r_buff1_thd0 ? y$w_buff1 : (y$w_buff0_used && y$r_buff0_thd0 ? y$w_buff1 : y$w_buff1));
                                                                              ^
                                                              (                                 )
mix028_tso.oepc_false-unreach-call.c:287:117: warning: '&&' within '||' [-Wlogical-op-parentheses]
  y$w_buff1 = weak$$choice2 ? y$w_buff1 : (!y$w_buff0_used || !y$r_buff0_thd0 && !y$w_buff1_used || !y$r_buff0_thd0 && !y$r_buff1_thd0 ? y$w_buff1 : (y$w_buff0_used && y$r_buff0_thd0 ? y$w_buff1 : y$w_buff1));
                                                                                                 ~~ ~~~~~~~~~~~~~~~~^~~~~~~~~~~~~~~~~~
mix028_tso.oepc_false-unreach-call.c:287:117: note: place parentheses around the '&&' expression to silence this warning
  y$w_buff1 = weak$$choice2 ? y$w_buff1 : (!y$w_buff0_used || !y$r_buff0_thd0 && !y$w_buff1_used || !y$r_buff0_thd0 && !y$r_buff1_thd0 ? y$w_buff1 : (y$w_buff0_used && y$r_buff0_thd0 ? y$w_buff1 : y$w_buff1));
                                                                                                                    ^
                                                                                                    (                                 )
mix028_tso.oepc_false-unreach-call.c:289:89: warning: '&&' within '||' [-Wlogical-op-parentheses]
  y$w_buff0_used = weak$$choice2 ? y$w_buff0_used : (!y$w_buff0_used || !y$r_buff0_thd0 && !y$w_buff1_used || !y$r_buff0_thd0 && !y$r_buff1_thd0 ? y$w_buff0_used : (y$w_buff0_used && y$r_buff0_thd0 ? FALSE : y$w_buff0_used));
                                                                     ~~ ~~~~~~~~~~~~~~~~^~~~~~~~~~~~~~~~~~
mix028_tso.oepc_false-unreach-call.c:289:89: note: place parentheses around the '&&' expression to silence this warning
  y$w_buff0_used = weak$$choice2 ? y$w_buff0_used : (!y$w_buff0_used || !y$r_buff0_thd0 && !y$w_buff1_used || !y$r_buff0_thd0 && !y$r_buff1_thd0 ? y$w_buff0_used : (y$w_buff0_used && y$r_buff0_thd0 ? FALSE : y$w_buff0_used));
                                                                                        ^
                                                                        (                                 )
mix028_tso.oepc_false-unreach-call.c:289:127: warning: '&&' within '||' [-Wlogical-op-parentheses]
  y$w_buff0_used = weak$$choice2 ? y$w_buff0_used : (!y$w_buff0_used || !y$r_buff0_thd0 && !y$w_buff1_used || !y$r_buff0_thd0 && !y$r_buff1_thd0 ? y$w_buff0_used : (y$w_buff0_used && y$r_buff0_thd0 ? FALSE : y$w_buff0_used));
                                                                                                           ~~ ~~~~~~~~~~~~~~~~^~~~~~~~~~~~~~~~~~
mix028_tso.oepc_false-unreach-call.c:289:127: note: place parentheses around the '&&' expression to silence this warning
  y$w_buff0_used = weak$$choice2 ? y$w_buff0_used : (!y$w_buff0_used || !y$r_buff0_thd0 && !y$w_buff1_used || !y$r_buff0_thd0 && !y$r_buff1_thd0 ? y$w_buff0_used : (y$w_buff0_used && y$r_buff0_thd0 ? FALSE : y$w_buff0_used));
                                                                                                                              ^
                                                                                                              (                                 )
mix028_tso.oepc_false-unreach-call.c:291:89: warning: '&&' within '||' [-Wlogical-op-parentheses]
  y$w_buff1_used = weak$$choice2 ? y$w_buff1_used : (!y$w_buff0_used || !y$r_buff0_thd0 && !y$w_buff1_used || !y$r_buff0_thd0 && !y$r_buff1_thd0 ? y$w_buff1_used : (y$w_buff0_used && y$r_buff0_thd0 ? FALSE : FALSE));
                                                                     ~~ ~~~~~~~~~~~~~~~~^~~~~~~~~~~~~~~~~~
mix028_tso.oepc_false-unreach-call.c:291:89: note: place parentheses around the '&&' expression to silence this warning
  y$w_buff1_used = weak$$choice2 ? y$w_buff1_used : (!y$w_buff0_used || !y$r_buff0_thd0 && !y$w_buff1_used || !y$r_buff0_thd0 && !y$r_buff1_thd0 ? y$w_buff1_used : (y$w_buff0_used && y$r_buff0_thd0 ? FALSE : FALSE));
                                                                                        ^
                                                                        (                                 )
mix028_tso.oepc_false-unreach-call.c:291:127: warning: '&&' within '||' [-Wlogical-op-parentheses]
  y$w_buff1_used = weak$$choice2 ? y$w_buff1_used : (!y$w_buff0_used || !y$r_buff0_thd0 && !y$w_buff1_used || !y$r_buff0_thd0 && !y$r_buff1_thd0 ? y$w_buff1_used : (y$w_buff0_used && y$r_buff0_thd0 ? FALSE : FALSE));
                                                                                                           ~~ ~~~~~~~~~~~~~~~~^~~~~~~~~~~~~~~~~~
mix028_tso.oepc_false-unreach-call.c:291:127: note: place parentheses around the '&&' expression to silence this warning
  y$w_buff1_used = weak$$choice2 ? y$w_buff1_used : (!y$w_buff0_used || !y$r_buff0_thd0 && !y$w_buff1_used || !y$r_buff0_thd0 && !y$r_buff1_thd0 ? y$w_buff1_used : (y$w_buff0_used && y$r_buff0_thd0 ? FALSE : FALSE));
                                                                                                                              ^
                                                                                                              (                                 )
mix028_tso.oepc_false-unreach-call.c:293:89: warning: '&&' within '||' [-Wlogical-op-parentheses]
  y$r_buff0_thd0 = weak$$choice2 ? y$r_buff0_thd0 : (!y$w_buff0_used || !y$r_buff0_thd0 && !y$w_buff1_used || !y$r_buff0_thd0 && !y$r_buff1_thd0 ? y$r_buff0_thd0 : (y$w_buff0_used && y$r_buff0_thd0 ? FALSE : y$r_buff0_thd0));
                                                                     ~~ ~~~~~~~~~~~~~~~~^~~~~~~~~~~~~~~~~~
mix028_tso.oepc_false-unreach-call.c:293:89: note: place parentheses around the '&&' expression to silence this warning
  y$r_buff0_thd0 = weak$$choice2 ? y$r_buff0_thd0 : (!y$w_buff0_used || !y$r_buff0_thd0 && !y$w_buff1_used || !y$r_buff0_thd0 && !y$r_buff1_thd0 ? y$r_buff0_thd0 : (y$w_buff0_used && y$r_buff0_thd0 ? FALSE : y$r_buff0_thd0));
                                                                                        ^
                                                                        (                                 )
mix028_tso.oepc_false-unreach-call.c:293:127: warning: '&&' within '||' [-Wlogical-op-parentheses]
  y$r_buff0_thd0 = weak$$choice2 ? y$r_buff0_thd0 : (!y$w_buff0_used || !y$r_buff0_thd0 && !y$w_buff1_used || !y$r_buff0_thd0 && !y$r_buff1_thd0 ? y$r_buff0_thd0 : (y$w_buff0_used && y$r_buff0_thd0 ? FALSE : y$r_buff0_thd0));
                                                                                                           ~~ ~~~~~~~~~~~~~~~~^~~~~~~~~~~~~~~~~~
mix028_tso.oepc_false-unreach-call.c:293:127: note: place parentheses around the '&&' expression to silence this warning
  y$r_buff0_thd0 = weak$$choice2 ? y$r_buff0_thd0 : (!y$w_buff0_used || !y$r_buff0_thd0 && !y$w_buff1_used || !y$r_buff0_thd0 && !y$r_buff1_thd0 ? y$r_buff0_thd0 : (y$w_buff0_used && y$r_buff0_thd0 ? FALSE : y$r_buff0_thd0));
                                                                                                                              ^
                                                                                                              (                                 )
mix028_tso.oepc_false-unreach-call.c:295:89: warning: '&&' within '||' [-Wlogical-op-parentheses]
  y$r_buff1_thd0 = weak$$choice2 ? y$r_buff1_thd0 : (!y$w_buff0_used || !y$r_buff0_thd0 && !y$w_buff1_used || !y$r_buff0_thd0 && !y$r_buff1_thd0 ? y$r_buff1_thd0 : (y$w_buff0_used && y$r_buff0_thd0 ? FALSE : FALSE));
                                                                     ~~ ~~~~~~~~~~~~~~~~^~~~~~~~~~~~~~~~~~
mix028_tso.oepc_false-unreach-call.c:295:89: note: place parentheses around the '&&' expression to silence this warning
  y$r_buff1_thd0 = weak$$choice2 ? y$r_buff1_thd0 : (!y$w_buff0_used || !y$r_buff0_thd0 && !y$w_buff1_used || !y$r_buff0_thd0 && !y$r_buff1_thd0 ? y$r_buff1_thd0 : (y$w_buff0_used && y$r_buff0_thd0 ? FALSE : FALSE));
                                                                                        ^
                                                                        (                                 )
mix028_tso.oepc_false-unreach-call.c:295:127: warning: '&&' within '||' [-Wlogical-op-parentheses]
  y$r_buff1_thd0 = weak$$choice2 ? y$r_buff1_thd0 : (!y$w_buff0_used || !y$r_buff0_thd0 && !y$w_buff1_used || !y$r_buff0_thd0 && !y$r_buff1_thd0 ? y$r_buff1_thd0 : (y$w_buff0_used && y$r_buff0_thd0 ? FALSE : FALSE));
                                                                                                           ~~ ~~~~~~~~~~~~~~~~^~~~~~~~~~~~~~~~~~
mix028_tso.oepc_false-unreach-call.c:295:127: note: place parentheses around the '&&' expression to silence this warning
  y$r_buff1_thd0 = weak$$choice2 ? y$r_buff1_thd0 : (!y$w_buff0_used || !y$r_buff0_thd0 && !y$w_buff1_used || !y$r_buff0_thd0 && !y$r_buff1_thd0 ? y$r_buff1_thd0 : (y$w_buff0_used && y$r_buff0_thd0 ? FALSE : FALSE));
                                                                                                                              ^
                                                                                                              (                                 )
49 warnings generated.
