mix035_rmo.oepc_false-unreach-call.c:4:34: warning: implicit declaration of function '__VERIFIER_assume' is invalid in C99 [-Wimplicit-function-declaration]
void __VERIFIER_atomic_begin() { __VERIFIER_assume(__global_lock==0); __global_lock=1; return; }
                                 ^
mix035_rmo.oepc_false-unreach-call.c:185:35: warning: '&&' within '||' [-Wlogical-op-parentheses]
  a$w_buff1_used = a$w_buff0_used && a$r_buff0_thd1 || a$w_buff1_used && a$r_buff1_thd1 ? FALSE : a$w_buff1_used;
                   ~~~~~~~~~~~~~~~^~~~~~~~~~~~~~~~~ ~~
mix035_rmo.oepc_false-unreach-call.c:185:35: note: place parentheses around the '&&' expression to silence this warning
  a$w_buff1_used = a$w_buff0_used && a$r_buff0_thd1 || a$w_buff1_used && a$r_buff1_thd1 ? FALSE : a$w_buff1_used;
                                  ^
                   (                               )
mix035_rmo.oepc_false-unreach-call.c:185:71: warning: '&&' within '||' [-Wlogical-op-parentheses]
  a$w_buff1_used = a$w_buff0_used && a$r_buff0_thd1 || a$w_buff1_used && a$r_buff1_thd1 ? FALSE : a$w_buff1_used;
                                                    ~~ ~~~~~~~~~~~~~~~^~~~~~~~~~~~~~~~~
mix035_rmo.oepc_false-unreach-call.c:185:71: note: place parentheses around the '&&' expression to silence this warning
  a$w_buff1_used = a$w_buff0_used && a$r_buff0_thd1 || a$w_buff1_used && a$r_buff1_thd1 ? FALSE : a$w_buff1_used;
                                                                      ^
                                                       (                               )
mix035_rmo.oepc_false-unreach-call.c:187:35: warning: '&&' within '||' [-Wlogical-op-parentheses]
  a$r_buff1_thd1 = a$w_buff0_used && a$r_buff0_thd1 || a$w_buff1_used && a$r_buff1_thd1 ? FALSE : a$r_buff1_thd1;
                   ~~~~~~~~~~~~~~~^~~~~~~~~~~~~~~~~ ~~
mix035_rmo.oepc_false-unreach-call.c:187:35: note: place parentheses around the '&&' expression to silence this warning
  a$r_buff1_thd1 = a$w_buff0_used && a$r_buff0_thd1 || a$w_buff1_used && a$r_buff1_thd1 ? FALSE : a$r_buff1_thd1;
                                  ^
                   (                               )
mix035_rmo.oepc_false-unreach-call.c:187:71: warning: '&&' within '||' [-Wlogical-op-parentheses]
  a$r_buff1_thd1 = a$w_buff0_used && a$r_buff0_thd1 || a$w_buff1_used && a$r_buff1_thd1 ? FALSE : a$r_buff1_thd1;
                                                    ~~ ~~~~~~~~~~~~~~~^~~~~~~~~~~~~~~~~
mix035_rmo.oepc_false-unreach-call.c:187:71: note: place parentheses around the '&&' expression to silence this warning
  a$r_buff1_thd1 = a$w_buff0_used && a$r_buff0_thd1 || a$w_buff1_used && a$r_buff1_thd1 ? FALSE : a$r_buff1_thd1;
                                                                      ^
                                                       (                               )
mix035_rmo.oepc_false-unreach-call.c:192:10: warning: implicit declaration of function 'nondet_0' is invalid in C99 [-Wimplicit-function-declaration]
  return nondet_0();
         ^
mix035_rmo.oepc_false-unreach-call.c:192:10: warning: incompatible integer to pointer conversion returning 'int' from a function with result type 'void *' [-Wint-conversion]
  return nondet_0();
         ^~~~~~~~~~
mix035_rmo.oepc_false-unreach-call.c:208:35: warning: '&&' within '||' [-Wlogical-op-parentheses]
  a$w_buff1_used = a$w_buff0_used && a$r_buff0_thd2 || a$w_buff1_used && a$r_buff1_thd2 ? FALSE : a$w_buff1_used;
                   ~~~~~~~~~~~~~~~^~~~~~~~~~~~~~~~~ ~~
mix035_rmo.oepc_false-unreach-call.c:208:35: note: place parentheses around the '&&' expression to silence this warning
  a$w_buff1_used = a$w_buff0_used && a$r_buff0_thd2 || a$w_buff1_used && a$r_buff1_thd2 ? FALSE : a$w_buff1_used;
                                  ^
                   (                               )
mix035_rmo.oepc_false-unreach-call.c:208:71: warning: '&&' within '||' [-Wlogical-op-parentheses]
  a$w_buff1_used = a$w_buff0_used && a$r_buff0_thd2 || a$w_buff1_used && a$r_buff1_thd2 ? FALSE : a$w_buff1_used;
                                                    ~~ ~~~~~~~~~~~~~~~^~~~~~~~~~~~~~~~~
mix035_rmo.oepc_false-unreach-call.c:208:71: note: place parentheses around the '&&' expression to silence this warning
  a$w_buff1_used = a$w_buff0_used && a$r_buff0_thd2 || a$w_buff1_used && a$r_buff1_thd2 ? FALSE : a$w_buff1_used;
                                                                      ^
                                                       (                               )
mix035_rmo.oepc_false-unreach-call.c:210:35: warning: '&&' within '||' [-Wlogical-op-parentheses]
  a$r_buff1_thd2 = a$w_buff0_used && a$r_buff0_thd2 || a$w_buff1_used && a$r_buff1_thd2 ? FALSE : a$r_buff1_thd2;
                   ~~~~~~~~~~~~~~~^~~~~~~~~~~~~~~~~ ~~
mix035_rmo.oepc_false-unreach-call.c:210:35: note: place parentheses around the '&&' expression to silence this warning
  a$r_buff1_thd2 = a$w_buff0_used && a$r_buff0_thd2 || a$w_buff1_used && a$r_buff1_thd2 ? FALSE : a$r_buff1_thd2;
                                  ^
                   (                               )
mix035_rmo.oepc_false-unreach-call.c:210:71: warning: '&&' within '||' [-Wlogical-op-parentheses]
  a$r_buff1_thd2 = a$w_buff0_used && a$r_buff0_thd2 || a$w_buff1_used && a$r_buff1_thd2 ? FALSE : a$r_buff1_thd2;
                                                    ~~ ~~~~~~~~~~~~~~~^~~~~~~~~~~~~~~~~
mix035_rmo.oepc_false-unreach-call.c:210:71: note: place parentheses around the '&&' expression to silence this warning
  a$r_buff1_thd2 = a$w_buff0_used && a$r_buff0_thd2 || a$w_buff1_used && a$r_buff1_thd2 ? FALSE : a$r_buff1_thd2;
                                                                      ^
                                                       (                               )
mix035_rmo.oepc_false-unreach-call.c:215:10: warning: incompatible integer to pointer conversion returning 'int' from a function with result type 'void *' [-Wint-conversion]
  return nondet_0();
         ^~~~~~~~~~
mix035_rmo.oepc_false-unreach-call.c:232:19: warning: implicit declaration of function 'nondet_1' is invalid in C99 [-Wimplicit-function-declaration]
  weak$$choice0 = nondet_1();
                  ^
mix035_rmo.oepc_false-unreach-call.c:236:42: warning: '&&' within '||' [-Wlogical-op-parentheses]
  a = !a$w_buff0_used || !a$r_buff0_thd3 && !a$w_buff1_used || !a$r_buff0_thd3 && !a$r_buff1_thd3 ? a : (a$w_buff0_used && a$r_buff0_thd3 ? a$w_buff0 : a$w_buff1);
                      ~~ ~~~~~~~~~~~~~~~~^~~~~~~~~~~~~~~~~~
mix035_rmo.oepc_false-unreach-call.c:236:42: note: place parentheses around the '&&' expression to silence this warning
  a = !a$w_buff0_used || !a$r_buff0_thd3 && !a$w_buff1_used || !a$r_buff0_thd3 && !a$r_buff1_thd3 ? a : (a$w_buff0_used && a$r_buff0_thd3 ? a$w_buff0 : a$w_buff1);
                                         ^
                         (                                 )
mix035_rmo.oepc_false-unreach-call.c:236:80: warning: '&&' within '||' [-Wlogical-op-parentheses]
  a = !a$w_buff0_used || !a$r_buff0_thd3 && !a$w_buff1_used || !a$r_buff0_thd3 && !a$r_buff1_thd3 ? a : (a$w_buff0_used && a$r_buff0_thd3 ? a$w_buff0 : a$w_buff1);
                                                            ~~ ~~~~~~~~~~~~~~~~^~~~~~~~~~~~~~~~~~
mix035_rmo.oepc_false-unreach-call.c:236:80: note: place parentheses around the '&&' expression to silence this warning
  a = !a$w_buff0_used || !a$r_buff0_thd3 && !a$w_buff1_used || !a$r_buff0_thd3 && !a$r_buff1_thd3 ? a : (a$w_buff0_used && a$r_buff0_thd3 ? a$w_buff0 : a$w_buff1);
                                                                               ^
                                                               (                                 )
mix035_rmo.oepc_false-unreach-call.c:237:79: warning: '&&' within '||' [-Wlogical-op-parentheses]
  a$w_buff0 = weak$$choice2 ? a$w_buff0 : (!a$w_buff0_used || !a$r_buff0_thd3 && !a$w_buff1_used || !a$r_buff0_thd3 && !a$r_buff1_thd3 ? a$w_buff0 : (a$w_buff0_used && a$r_buff0_thd3 ? a$w_buff0 : a$w_buff0));
                                                           ~~ ~~~~~~~~~~~~~~~~^~~~~~~~~~~~~~~~~~
mix035_rmo.oepc_false-unreach-call.c:237:79: note: place parentheses around the '&&' expression to silence this warning
  a$w_buff0 = weak$$choice2 ? a$w_buff0 : (!a$w_buff0_used || !a$r_buff0_thd3 && !a$w_buff1_used || !a$r_buff0_thd3 && !a$r_buff1_thd3 ? a$w_buff0 : (a$w_buff0_used && a$r_buff0_thd3 ? a$w_buff0 : a$w_buff0));
                                                                              ^
                                                              (                                 )
mix035_rmo.oepc_false-unreach-call.c:237:117: warning: '&&' within '||' [-Wlogical-op-parentheses]
  a$w_buff0 = weak$$choice2 ? a$w_buff0 : (!a$w_buff0_used || !a$r_buff0_thd3 && !a$w_buff1_used || !a$r_buff0_thd3 && !a$r_buff1_thd3 ? a$w_buff0 : (a$w_buff0_used && a$r_buff0_thd3 ? a$w_buff0 : a$w_buff0));
                                                                                                 ~~ ~~~~~~~~~~~~~~~~^~~~~~~~~~~~~~~~~~
mix035_rmo.oepc_false-unreach-call.c:237:117: note: place parentheses around the '&&' expression to silence this warning
  a$w_buff0 = weak$$choice2 ? a$w_buff0 : (!a$w_buff0_used || !a$r_buff0_thd3 && !a$w_buff1_used || !a$r_buff0_thd3 && !a$r_buff1_thd3 ? a$w_buff0 : (a$w_buff0_used && a$r_buff0_thd3 ? a$w_buff0 : a$w_buff0));
                                                                                                                    ^
                                                                                                    (                                 )
mix035_rmo.oepc_false-unreach-call.c:238:79: warning: '&&' within '||' [-Wlogical-op-parentheses]
  a$w_buff1 = weak$$choice2 ? a$w_buff1 : (!a$w_buff0_used || !a$r_buff0_thd3 && !a$w_buff1_used || !a$r_buff0_thd3 && !a$r_buff1_thd3 ? a$w_buff1 : (a$w_buff0_used && a$r_buff0_thd3 ? a$w_buff1 : a$w_buff1));
                                                           ~~ ~~~~~~~~~~~~~~~~^~~~~~~~~~~~~~~~~~
mix035_rmo.oepc_false-unreach-call.c:238:79: note: place parentheses around the '&&' expression to silence this warning
  a$w_buff1 = weak$$choice2 ? a$w_buff1 : (!a$w_buff0_used || !a$r_buff0_thd3 && !a$w_buff1_used || !a$r_buff0_thd3 && !a$r_buff1_thd3 ? a$w_buff1 : (a$w_buff0_used && a$r_buff0_thd3 ? a$w_buff1 : a$w_buff1));
                                                                              ^
                                                              (                                 )
mix035_rmo.oepc_false-unreach-call.c:238:117: warning: '&&' within '||' [-Wlogical-op-parentheses]
  a$w_buff1 = weak$$choice2 ? a$w_buff1 : (!a$w_buff0_used || !a$r_buff0_thd3 && !a$w_buff1_used || !a$r_buff0_thd3 && !a$r_buff1_thd3 ? a$w_buff1 : (a$w_buff0_used && a$r_buff0_thd3 ? a$w_buff1 : a$w_buff1));
                                                                                                 ~~ ~~~~~~~~~~~~~~~~^~~~~~~~~~~~~~~~~~
mix035_rmo.oepc_false-unreach-call.c:238:117: note: place parentheses around the '&&' expression to silence this warning
  a$w_buff1 = weak$$choice2 ? a$w_buff1 : (!a$w_buff0_used || !a$r_buff0_thd3 && !a$w_buff1_used || !a$r_buff0_thd3 && !a$r_buff1_thd3 ? a$w_buff1 : (a$w_buff0_used && a$r_buff0_thd3 ? a$w_buff1 : a$w_buff1));
                                                                                                                    ^
                                                                                                    (                                 )
mix035_rmo.oepc_false-unreach-call.c:239:89: warning: '&&' within '||' [-Wlogical-op-parentheses]
  a$w_buff0_used = weak$$choice2 ? a$w_buff0_used : (!a$w_buff0_used || !a$r_buff0_thd3 && !a$w_buff1_used || !a$r_buff0_thd3 && !a$r_buff1_thd3 ? a$w_buff0_used : (a$w_buff0_used && a$r_buff0_thd3 ? FALSE : a$w_buff0_used));
                                                                     ~~ ~~~~~~~~~~~~~~~~^~~~~~~~~~~~~~~~~~
mix035_rmo.oepc_false-unreach-call.c:239:89: note: place parentheses around the '&&' expression to silence this warning
  a$w_buff0_used = weak$$choice2 ? a$w_buff0_used : (!a$w_buff0_used || !a$r_buff0_thd3 && !a$w_buff1_used || !a$r_buff0_thd3 && !a$r_buff1_thd3 ? a$w_buff0_used : (a$w_buff0_used && a$r_buff0_thd3 ? FALSE : a$w_buff0_used));
                                                                                        ^
                                                                        (                                 )
mix035_rmo.oepc_false-unreach-call.c:239:127: warning: '&&' within '||' [-Wlogical-op-parentheses]
  a$w_buff0_used = weak$$choice2 ? a$w_buff0_used : (!a$w_buff0_used || !a$r_buff0_thd3 && !a$w_buff1_used || !a$r_buff0_thd3 && !a$r_buff1_thd3 ? a$w_buff0_used : (a$w_buff0_used && a$r_buff0_thd3 ? FALSE : a$w_buff0_used));
                                                                                                           ~~ ~~~~~~~~~~~~~~~~^~~~~~~~~~~~~~~~~~
mix035_rmo.oepc_false-unreach-call.c:239:127: note: place parentheses around the '&&' expression to silence this warning
  a$w_buff0_used = weak$$choice2 ? a$w_buff0_used : (!a$w_buff0_used || !a$r_buff0_thd3 && !a$w_buff1_used || !a$r_buff0_thd3 && !a$r_buff1_thd3 ? a$w_buff0_used : (a$w_buff0_used && a$r_buff0_thd3 ? FALSE : a$w_buff0_used));
                                                                                                                              ^
                                                                                                              (                                 )
mix035_rmo.oepc_false-unreach-call.c:240:89: warning: '&&' within '||' [-Wlogical-op-parentheses]
  a$w_buff1_used = weak$$choice2 ? a$w_buff1_used : (!a$w_buff0_used || !a$r_buff0_thd3 && !a$w_buff1_used || !a$r_buff0_thd3 && !a$r_buff1_thd3 ? a$w_buff1_used : (a$w_buff0_used && a$r_buff0_thd3 ? FALSE : FALSE));
                                                                     ~~ ~~~~~~~~~~~~~~~~^~~~~~~~~~~~~~~~~~
mix035_rmo.oepc_false-unreach-call.c:240:89: note: place parentheses around the '&&' expression to silence this warning
  a$w_buff1_used = weak$$choice2 ? a$w_buff1_used : (!a$w_buff0_used || !a$r_buff0_thd3 && !a$w_buff1_used || !a$r_buff0_thd3 && !a$r_buff1_thd3 ? a$w_buff1_used : (a$w_buff0_used && a$r_buff0_thd3 ? FALSE : FALSE));
                                                                                        ^
                                                                        (                                 )
mix035_rmo.oepc_false-unreach-call.c:240:127: warning: '&&' within '||' [-Wlogical-op-parentheses]
  a$w_buff1_used = weak$$choice2 ? a$w_buff1_used : (!a$w_buff0_used || !a$r_buff0_thd3 && !a$w_buff1_used || !a$r_buff0_thd3 && !a$r_buff1_thd3 ? a$w_buff1_used : (a$w_buff0_used && a$r_buff0_thd3 ? FALSE : FALSE));
                                                                                                           ~~ ~~~~~~~~~~~~~~~~^~~~~~~~~~~~~~~~~~
mix035_rmo.oepc_false-unreach-call.c:240:127: note: place parentheses around the '&&' expression to silence this warning
  a$w_buff1_used = weak$$choice2 ? a$w_buff1_used : (!a$w_buff0_used || !a$r_buff0_thd3 && !a$w_buff1_used || !a$r_buff0_thd3 && !a$r_buff1_thd3 ? a$w_buff1_used : (a$w_buff0_used && a$r_buff0_thd3 ? FALSE : FALSE));
                                                                                                                              ^
                                                                                                              (                                 )
mix035_rmo.oepc_false-unreach-call.c:241:89: warning: '&&' within '||' [-Wlogical-op-parentheses]
  a$r_buff0_thd3 = weak$$choice2 ? a$r_buff0_thd3 : (!a$w_buff0_used || !a$r_buff0_thd3 && !a$w_buff1_used || !a$r_buff0_thd3 && !a$r_buff1_thd3 ? a$r_buff0_thd3 : (a$w_buff0_used && a$r_buff0_thd3 ? FALSE : a$r_buff0_thd3));
                                                                     ~~ ~~~~~~~~~~~~~~~~^~~~~~~~~~~~~~~~~~
mix035_rmo.oepc_false-unreach-call.c:241:89: note: place parentheses around the '&&' expression to silence this warning
  a$r_buff0_thd3 = weak$$choice2 ? a$r_buff0_thd3 : (!a$w_buff0_used || !a$r_buff0_thd3 && !a$w_buff1_used || !a$r_buff0_thd3 && !a$r_buff1_thd3 ? a$r_buff0_thd3 : (a$w_buff0_used && a$r_buff0_thd3 ? FALSE : a$r_buff0_thd3));
                                                                                        ^
                                                                        (                                 )
mix035_rmo.oepc_false-unreach-call.c:241:127: warning: '&&' within '||' [-Wlogical-op-parentheses]
  a$r_buff0_thd3 = weak$$choice2 ? a$r_buff0_thd3 : (!a$w_buff0_used || !a$r_buff0_thd3 && !a$w_buff1_used || !a$r_buff0_thd3 && !a$r_buff1_thd3 ? a$r_buff0_thd3 : (a$w_buff0_used && a$r_buff0_thd3 ? FALSE : a$r_buff0_thd3));
                                                                                                           ~~ ~~~~~~~~~~~~~~~~^~~~~~~~~~~~~~~~~~
mix035_rmo.oepc_false-unreach-call.c:241:127: note: place parentheses around the '&&' expression to silence this warning
  a$r_buff0_thd3 = weak$$choice2 ? a$r_buff0_thd3 : (!a$w_buff0_used || !a$r_buff0_thd3 && !a$w_buff1_used || !a$r_buff0_thd3 && !a$r_buff1_thd3 ? a$r_buff0_thd3 : (a$w_buff0_used && a$r_buff0_thd3 ? FALSE : a$r_buff0_thd3));
                                                                                                                              ^
                                                                                                              (                                 )
mix035_rmo.oepc_false-unreach-call.c:242:89: warning: '&&' within '||' [-Wlogical-op-parentheses]
  a$r_buff1_thd3 = weak$$choice2 ? a$r_buff1_thd3 : (!a$w_buff0_used || !a$r_buff0_thd3 && !a$w_buff1_used || !a$r_buff0_thd3 && !a$r_buff1_thd3 ? a$r_buff1_thd3 : (a$w_buff0_used && a$r_buff0_thd3 ? FALSE : FALSE));
                                                                     ~~ ~~~~~~~~~~~~~~~~^~~~~~~~~~~~~~~~~~
mix035_rmo.oepc_false-unreach-call.c:242:89: note: place parentheses around the '&&' expression to silence this warning
  a$r_buff1_thd3 = weak$$choice2 ? a$r_buff1_thd3 : (!a$w_buff0_used || !a$r_buff0_thd3 && !a$w_buff1_used || !a$r_buff0_thd3 && !a$r_buff1_thd3 ? a$r_buff1_thd3 : (a$w_buff0_used && a$r_buff0_thd3 ? FALSE : FALSE));
                                                                                        ^
                                                                        (                                 )
mix035_rmo.oepc_false-unreach-call.c:242:127: warning: '&&' within '||' [-Wlogical-op-parentheses]
  a$r_buff1_thd3 = weak$$choice2 ? a$r_buff1_thd3 : (!a$w_buff0_used || !a$r_buff0_thd3 && !a$w_buff1_used || !a$r_buff0_thd3 && !a$r_buff1_thd3 ? a$r_buff1_thd3 : (a$w_buff0_used && a$r_buff0_thd3 ? FALSE : FALSE));
                                                                                                           ~~ ~~~~~~~~~~~~~~~~^~~~~~~~~~~~~~~~~~
mix035_rmo.oepc_false-unreach-call.c:242:127: note: place parentheses around the '&&' expression to silence this warning
  a$r_buff1_thd3 = weak$$choice2 ? a$r_buff1_thd3 : (!a$w_buff0_used || !a$r_buff0_thd3 && !a$w_buff1_used || !a$r_buff0_thd3 && !a$r_buff1_thd3 ? a$r_buff1_thd3 : (a$w_buff0_used && a$r_buff0_thd3 ? FALSE : FALSE));
                                                                                                                              ^
                                                                                                              (                                 )
mix035_rmo.oepc_false-unreach-call.c:250:35: warning: '&&' within '||' [-Wlogical-op-parentheses]
  a$w_buff1_used = a$w_buff0_used && a$r_buff0_thd3 || a$w_buff1_used && a$r_buff1_thd3 ? FALSE : a$w_buff1_used;
                   ~~~~~~~~~~~~~~~^~~~~~~~~~~~~~~~~ ~~
mix035_rmo.oepc_false-unreach-call.c:250:35: note: place parentheses around the '&&' expression to silence this warning
  a$w_buff1_used = a$w_buff0_used && a$r_buff0_thd3 || a$w_buff1_used && a$r_buff1_thd3 ? FALSE : a$w_buff1_used;
                                  ^
                   (                               )
mix035_rmo.oepc_false-unreach-call.c:250:71: warning: '&&' within '||' [-Wlogical-op-parentheses]
  a$w_buff1_used = a$w_buff0_used && a$r_buff0_thd3 || a$w_buff1_used && a$r_buff1_thd3 ? FALSE : a$w_buff1_used;
                                                    ~~ ~~~~~~~~~~~~~~~^~~~~~~~~~~~~~~~~
mix035_rmo.oepc_false-unreach-call.c:250:71: note: place parentheses around the '&&' expression to silence this warning
  a$w_buff1_used = a$w_buff0_used && a$r_buff0_thd3 || a$w_buff1_used && a$r_buff1_thd3 ? FALSE : a$w_buff1_used;
                                                                      ^
                                                       (                               )
mix035_rmo.oepc_false-unreach-call.c:252:35: warning: '&&' within '||' [-Wlogical-op-parentheses]
  a$r_buff1_thd3 = a$w_buff0_used && a$r_buff0_thd3 || a$w_buff1_used && a$r_buff1_thd3 ? FALSE : a$r_buff1_thd3;
                   ~~~~~~~~~~~~~~~^~~~~~~~~~~~~~~~~ ~~
mix035_rmo.oepc_false-unreach-call.c:252:35: note: place parentheses around the '&&' expression to silence this warning
  a$r_buff1_thd3 = a$w_buff0_used && a$r_buff0_thd3 || a$w_buff1_used && a$r_buff1_thd3 ? FALSE : a$r_buff1_thd3;
                                  ^
                   (                               )
mix035_rmo.oepc_false-unreach-call.c:252:71: warning: '&&' within '||' [-Wlogical-op-parentheses]
  a$r_buff1_thd3 = a$w_buff0_used && a$r_buff0_thd3 || a$w_buff1_used && a$r_buff1_thd3 ? FALSE : a$r_buff1_thd3;
                                                    ~~ ~~~~~~~~~~~~~~~^~~~~~~~~~~~~~~~~
mix035_rmo.oepc_false-unreach-call.c:252:71: note: place parentheses around the '&&' expression to silence this warning
  a$r_buff1_thd3 = a$w_buff0_used && a$r_buff0_thd3 || a$w_buff1_used && a$r_buff1_thd3 ? FALSE : a$r_buff1_thd3;
                                                                      ^
                                                       (                               )
mix035_rmo.oepc_false-unreach-call.c:257:10: warning: incompatible integer to pointer conversion returning 'int' from a function with result type 'void *' [-Wint-conversion]
  return nondet_0();
         ^~~~~~~~~~
mix035_rmo.oepc_false-unreach-call.c:285:38: warning: null passed to a callee which requires a non-null argument [-Wnonnull]
  pthread_create(NULL, NULL, P0, NULL);
                 ~~~~                ^
mix035_rmo.oepc_false-unreach-call.c:286:38: warning: null passed to a callee which requires a non-null argument [-Wnonnull]
  pthread_create(NULL, NULL, P1, NULL);
                 ~~~~                ^
mix035_rmo.oepc_false-unreach-call.c:287:38: warning: null passed to a callee which requires a non-null argument [-Wnonnull]
  pthread_create(NULL, NULL, P2, NULL);
                 ~~~~                ^
mix035_rmo.oepc_false-unreach-call.c:295:35: warning: '&&' within '||' [-Wlogical-op-parentheses]
  a$w_buff1_used = a$w_buff0_used && a$r_buff0_thd0 || a$w_buff1_used && a$r_buff1_thd0 ? FALSE : a$w_buff1_used;
                   ~~~~~~~~~~~~~~~^~~~~~~~~~~~~~~~~ ~~
mix035_rmo.oepc_false-unreach-call.c:295:35: note: place parentheses around the '&&' expression to silence this warning
  a$w_buff1_used = a$w_buff0_used && a$r_buff0_thd0 || a$w_buff1_used && a$r_buff1_thd0 ? FALSE : a$w_buff1_used;
                                  ^
                   (                               )
mix035_rmo.oepc_false-unreach-call.c:295:71: warning: '&&' within '||' [-Wlogical-op-parentheses]
  a$w_buff1_used = a$w_buff0_used && a$r_buff0_thd0 || a$w_buff1_used && a$r_buff1_thd0 ? FALSE : a$w_buff1_used;
                                                    ~~ ~~~~~~~~~~~~~~~^~~~~~~~~~~~~~~~~
mix035_rmo.oepc_false-unreach-call.c:295:71: note: place parentheses around the '&&' expression to silence this warning
  a$w_buff1_used = a$w_buff0_used && a$r_buff0_thd0 || a$w_buff1_used && a$r_buff1_thd0 ? FALSE : a$w_buff1_used;
                                                                      ^
                                                       (                               )
mix035_rmo.oepc_false-unreach-call.c:297:35: warning: '&&' within '||' [-Wlogical-op-parentheses]
  a$r_buff1_thd0 = a$w_buff0_used && a$r_buff0_thd0 || a$w_buff1_used && a$r_buff1_thd0 ? FALSE : a$r_buff1_thd0;
                   ~~~~~~~~~~~~~~~^~~~~~~~~~~~~~~~~ ~~
mix035_rmo.oepc_false-unreach-call.c:297:35: note: place parentheses around the '&&' expression to silence this warning
  a$r_buff1_thd0 = a$w_buff0_used && a$r_buff0_thd0 || a$w_buff1_used && a$r_buff1_thd0 ? FALSE : a$r_buff1_thd0;
                                  ^
                   (                               )
mix035_rmo.oepc_false-unreach-call.c:297:71: warning: '&&' within '||' [-Wlogical-op-parentheses]
  a$r_buff1_thd0 = a$w_buff0_used && a$r_buff0_thd0 || a$w_buff1_used && a$r_buff1_thd0 ? FALSE : a$r_buff1_thd0;
                                                    ~~ ~~~~~~~~~~~~~~~^~~~~~~~~~~~~~~~~
mix035_rmo.oepc_false-unreach-call.c:297:71: note: place parentheses around the '&&' expression to silence this warning
  a$r_buff1_thd0 = a$w_buff0_used && a$r_buff0_thd0 || a$w_buff1_used && a$r_buff1_thd0 ? FALSE : a$r_buff1_thd0;
                                                                      ^
                                                       (                               )
39 warnings generated.
