rfi004_pso.opt_false-unreach-call.c:4:34: warning: implicit declaration of function '__VERIFIER_assume' is invalid in C99 [-Wimplicit-function-declaration]
void __VERIFIER_atomic_begin() { __VERIFIER_assume(__global_lock==0); __global_lock=1; return; }
                                 ^
rfi004_pso.opt_false-unreach-call.c:152:19: warning: implicit declaration of function 'nondet_0' is invalid in C99 [-Wimplicit-function-declaration]
  weak$$choice0 = nondet_0();
                  ^
rfi004_pso.opt_false-unreach-call.c:156:42: warning: '&&' within '||' [-Wlogical-op-parentheses]
  y = !y$w_buff0_used || !y$r_buff0_thd1 && !y$w_buff1_used || !y$r_buff0_thd1 && !y$r_buff1_thd1 ? y : (y$w_buff0_used && y$r_buff0_thd1 ? y$w_buff0 : y$w_buff1);
                      ~~ ~~~~~~~~~~~~~~~~^~~~~~~~~~~~~~~~~~
rfi004_pso.opt_false-unreach-call.c:156:42: note: place parentheses around the '&&' expression to silence this warning
  y = !y$w_buff0_used || !y$r_buff0_thd1 && !y$w_buff1_used || !y$r_buff0_thd1 && !y$r_buff1_thd1 ? y : (y$w_buff0_used && y$r_buff0_thd1 ? y$w_buff0 : y$w_buff1);
                                         ^
                         (                                 )
rfi004_pso.opt_false-unreach-call.c:156:80: warning: '&&' within '||' [-Wlogical-op-parentheses]
  y = !y$w_buff0_used || !y$r_buff0_thd1 && !y$w_buff1_used || !y$r_buff0_thd1 && !y$r_buff1_thd1 ? y : (y$w_buff0_used && y$r_buff0_thd1 ? y$w_buff0 : y$w_buff1);
                                                            ~~ ~~~~~~~~~~~~~~~~^~~~~~~~~~~~~~~~~~
rfi004_pso.opt_false-unreach-call.c:156:80: note: place parentheses around the '&&' expression to silence this warning
  y = !y$w_buff0_used || !y$r_buff0_thd1 && !y$w_buff1_used || !y$r_buff0_thd1 && !y$r_buff1_thd1 ? y : (y$w_buff0_used && y$r_buff0_thd1 ? y$w_buff0 : y$w_buff1);
                                                                               ^
                                                               (                                 )
rfi004_pso.opt_false-unreach-call.c:157:79: warning: '&&' within '||' [-Wlogical-op-parentheses]
  y$w_buff0 = weak$$choice2 ? y$w_buff0 : (!y$w_buff0_used || !y$r_buff0_thd1 && !y$w_buff1_used || !y$r_buff0_thd1 && !y$r_buff1_thd1 ? y$w_buff0 : (y$w_buff0_used && y$r_buff0_thd1 ? y$w_buff0 : y$w_buff0));
                                                           ~~ ~~~~~~~~~~~~~~~~^~~~~~~~~~~~~~~~~~
rfi004_pso.opt_false-unreach-call.c:157:79: note: place parentheses around the '&&' expression to silence this warning
  y$w_buff0 = weak$$choice2 ? y$w_buff0 : (!y$w_buff0_used || !y$r_buff0_thd1 && !y$w_buff1_used || !y$r_buff0_thd1 && !y$r_buff1_thd1 ? y$w_buff0 : (y$w_buff0_used && y$r_buff0_thd1 ? y$w_buff0 : y$w_buff0));
                                                                              ^
                                                              (                                 )
rfi004_pso.opt_false-unreach-call.c:157:117: warning: '&&' within '||' [-Wlogical-op-parentheses]
  y$w_buff0 = weak$$choice2 ? y$w_buff0 : (!y$w_buff0_used || !y$r_buff0_thd1 && !y$w_buff1_used || !y$r_buff0_thd1 && !y$r_buff1_thd1 ? y$w_buff0 : (y$w_buff0_used && y$r_buff0_thd1 ? y$w_buff0 : y$w_buff0));
                                                                                                 ~~ ~~~~~~~~~~~~~~~~^~~~~~~~~~~~~~~~~~
rfi004_pso.opt_false-unreach-call.c:157:117: note: place parentheses around the '&&' expression to silence this warning
  y$w_buff0 = weak$$choice2 ? y$w_buff0 : (!y$w_buff0_used || !y$r_buff0_thd1 && !y$w_buff1_used || !y$r_buff0_thd1 && !y$r_buff1_thd1 ? y$w_buff0 : (y$w_buff0_used && y$r_buff0_thd1 ? y$w_buff0 : y$w_buff0));
                                                                                                                    ^
                                                                                                    (                                 )
rfi004_pso.opt_false-unreach-call.c:158:79: warning: '&&' within '||' [-Wlogical-op-parentheses]
  y$w_buff1 = weak$$choice2 ? y$w_buff1 : (!y$w_buff0_used || !y$r_buff0_thd1 && !y$w_buff1_used || !y$r_buff0_thd1 && !y$r_buff1_thd1 ? y$w_buff1 : (y$w_buff0_used && y$r_buff0_thd1 ? y$w_buff1 : y$w_buff1));
                                                           ~~ ~~~~~~~~~~~~~~~~^~~~~~~~~~~~~~~~~~
rfi004_pso.opt_false-unreach-call.c:158:79: note: place parentheses around the '&&' expression to silence this warning
  y$w_buff1 = weak$$choice2 ? y$w_buff1 : (!y$w_buff0_used || !y$r_buff0_thd1 && !y$w_buff1_used || !y$r_buff0_thd1 && !y$r_buff1_thd1 ? y$w_buff1 : (y$w_buff0_used && y$r_buff0_thd1 ? y$w_buff1 : y$w_buff1));
                                                                              ^
                                                              (                                 )
rfi004_pso.opt_false-unreach-call.c:158:117: warning: '&&' within '||' [-Wlogical-op-parentheses]
  y$w_buff1 = weak$$choice2 ? y$w_buff1 : (!y$w_buff0_used || !y$r_buff0_thd1 && !y$w_buff1_used || !y$r_buff0_thd1 && !y$r_buff1_thd1 ? y$w_buff1 : (y$w_buff0_used && y$r_buff0_thd1 ? y$w_buff1 : y$w_buff1));
                                                                                                 ~~ ~~~~~~~~~~~~~~~~^~~~~~~~~~~~~~~~~~
rfi004_pso.opt_false-unreach-call.c:158:117: note: place parentheses around the '&&' expression to silence this warning
  y$w_buff1 = weak$$choice2 ? y$w_buff1 : (!y$w_buff0_used || !y$r_buff0_thd1 && !y$w_buff1_used || !y$r_buff0_thd1 && !y$r_buff1_thd1 ? y$w_buff1 : (y$w_buff0_used && y$r_buff0_thd1 ? y$w_buff1 : y$w_buff1));
                                                                                                                    ^
                                                                                                    (                                 )
rfi004_pso.opt_false-unreach-call.c:159:89: warning: '&&' within '||' [-Wlogical-op-parentheses]
  y$w_buff0_used = weak$$choice2 ? y$w_buff0_used : (!y$w_buff0_used || !y$r_buff0_thd1 && !y$w_buff1_used || !y$r_buff0_thd1 && !y$r_buff1_thd1 ? y$w_buff0_used : (y$w_buff0_used && y$r_buff0_thd1 ? FALSE : y$w_buff0_used));
                                                                     ~~ ~~~~~~~~~~~~~~~~^~~~~~~~~~~~~~~~~~
rfi004_pso.opt_false-unreach-call.c:159:89: note: place parentheses around the '&&' expression to silence this warning
  y$w_buff0_used = weak$$choice2 ? y$w_buff0_used : (!y$w_buff0_used || !y$r_buff0_thd1 && !y$w_buff1_used || !y$r_buff0_thd1 && !y$r_buff1_thd1 ? y$w_buff0_used : (y$w_buff0_used && y$r_buff0_thd1 ? FALSE : y$w_buff0_used));
                                                                                        ^
                                                                        (                                 )
rfi004_pso.opt_false-unreach-call.c:159:127: warning: '&&' within '||' [-Wlogical-op-parentheses]
  y$w_buff0_used = weak$$choice2 ? y$w_buff0_used : (!y$w_buff0_used || !y$r_buff0_thd1 && !y$w_buff1_used || !y$r_buff0_thd1 && !y$r_buff1_thd1 ? y$w_buff0_used : (y$w_buff0_used && y$r_buff0_thd1 ? FALSE : y$w_buff0_used));
                                                                                                           ~~ ~~~~~~~~~~~~~~~~^~~~~~~~~~~~~~~~~~
rfi004_pso.opt_false-unreach-call.c:159:127: note: place parentheses around the '&&' expression to silence this warning
  y$w_buff0_used = weak$$choice2 ? y$w_buff0_used : (!y$w_buff0_used || !y$r_buff0_thd1 && !y$w_buff1_used || !y$r_buff0_thd1 && !y$r_buff1_thd1 ? y$w_buff0_used : (y$w_buff0_used && y$r_buff0_thd1 ? FALSE : y$w_buff0_used));
                                                                                                                              ^
                                                                                                              (                                 )
rfi004_pso.opt_false-unreach-call.c:160:89: warning: '&&' within '||' [-Wlogical-op-parentheses]
  y$w_buff1_used = weak$$choice2 ? y$w_buff1_used : (!y$w_buff0_used || !y$r_buff0_thd1 && !y$w_buff1_used || !y$r_buff0_thd1 && !y$r_buff1_thd1 ? y$w_buff1_used : (y$w_buff0_used && y$r_buff0_thd1 ? FALSE : FALSE));
                                                                     ~~ ~~~~~~~~~~~~~~~~^~~~~~~~~~~~~~~~~~
rfi004_pso.opt_false-unreach-call.c:160:89: note: place parentheses around the '&&' expression to silence this warning
  y$w_buff1_used = weak$$choice2 ? y$w_buff1_used : (!y$w_buff0_used || !y$r_buff0_thd1 && !y$w_buff1_used || !y$r_buff0_thd1 && !y$r_buff1_thd1 ? y$w_buff1_used : (y$w_buff0_used && y$r_buff0_thd1 ? FALSE : FALSE));
                                                                                        ^
                                                                        (                                 )
rfi004_pso.opt_false-unreach-call.c:160:127: warning: '&&' within '||' [-Wlogical-op-parentheses]
  y$w_buff1_used = weak$$choice2 ? y$w_buff1_used : (!y$w_buff0_used || !y$r_buff0_thd1 && !y$w_buff1_used || !y$r_buff0_thd1 && !y$r_buff1_thd1 ? y$w_buff1_used : (y$w_buff0_used && y$r_buff0_thd1 ? FALSE : FALSE));
                                                                                                           ~~ ~~~~~~~~~~~~~~~~^~~~~~~~~~~~~~~~~~
rfi004_pso.opt_false-unreach-call.c:160:127: note: place parentheses around the '&&' expression to silence this warning
  y$w_buff1_used = weak$$choice2 ? y$w_buff1_used : (!y$w_buff0_used || !y$r_buff0_thd1 && !y$w_buff1_used || !y$r_buff0_thd1 && !y$r_buff1_thd1 ? y$w_buff1_used : (y$w_buff0_used && y$r_buff0_thd1 ? FALSE : FALSE));
                                                                                                                              ^
                                                                                                              (                                 )
rfi004_pso.opt_false-unreach-call.c:161:89: warning: '&&' within '||' [-Wlogical-op-parentheses]
  y$r_buff0_thd1 = weak$$choice2 ? y$r_buff0_thd1 : (!y$w_buff0_used || !y$r_buff0_thd1 && !y$w_buff1_used || !y$r_buff0_thd1 && !y$r_buff1_thd1 ? y$r_buff0_thd1 : (y$w_buff0_used && y$r_buff0_thd1 ? FALSE : y$r_buff0_thd1));
                                                                     ~~ ~~~~~~~~~~~~~~~~^~~~~~~~~~~~~~~~~~
rfi004_pso.opt_false-unreach-call.c:161:89: note: place parentheses around the '&&' expression to silence this warning
  y$r_buff0_thd1 = weak$$choice2 ? y$r_buff0_thd1 : (!y$w_buff0_used || !y$r_buff0_thd1 && !y$w_buff1_used || !y$r_buff0_thd1 && !y$r_buff1_thd1 ? y$r_buff0_thd1 : (y$w_buff0_used && y$r_buff0_thd1 ? FALSE : y$r_buff0_thd1));
                                                                                        ^
                                                                        (                                 )
rfi004_pso.opt_false-unreach-call.c:161:127: warning: '&&' within '||' [-Wlogical-op-parentheses]
  y$r_buff0_thd1 = weak$$choice2 ? y$r_buff0_thd1 : (!y$w_buff0_used || !y$r_buff0_thd1 && !y$w_buff1_used || !y$r_buff0_thd1 && !y$r_buff1_thd1 ? y$r_buff0_thd1 : (y$w_buff0_used && y$r_buff0_thd1 ? FALSE : y$r_buff0_thd1));
                                                                                                           ~~ ~~~~~~~~~~~~~~~~^~~~~~~~~~~~~~~~~~
rfi004_pso.opt_false-unreach-call.c:161:127: note: place parentheses around the '&&' expression to silence this warning
  y$r_buff0_thd1 = weak$$choice2 ? y$r_buff0_thd1 : (!y$w_buff0_used || !y$r_buff0_thd1 && !y$w_buff1_used || !y$r_buff0_thd1 && !y$r_buff1_thd1 ? y$r_buff0_thd1 : (y$w_buff0_used && y$r_buff0_thd1 ? FALSE : y$r_buff0_thd1));
                                                                                                                              ^
                                                                                                              (                                 )
rfi004_pso.opt_false-unreach-call.c:162:89: warning: '&&' within '||' [-Wlogical-op-parentheses]
  y$r_buff1_thd1 = weak$$choice2 ? y$r_buff1_thd1 : (!y$w_buff0_used || !y$r_buff0_thd1 && !y$w_buff1_used || !y$r_buff0_thd1 && !y$r_buff1_thd1 ? y$r_buff1_thd1 : (y$w_buff0_used && y$r_buff0_thd1 ? FALSE : FALSE));
                                                                     ~~ ~~~~~~~~~~~~~~~~^~~~~~~~~~~~~~~~~~
rfi004_pso.opt_false-unreach-call.c:162:89: note: place parentheses around the '&&' expression to silence this warning
  y$r_buff1_thd1 = weak$$choice2 ? y$r_buff1_thd1 : (!y$w_buff0_used || !y$r_buff0_thd1 && !y$w_buff1_used || !y$r_buff0_thd1 && !y$r_buff1_thd1 ? y$r_buff1_thd1 : (y$w_buff0_used && y$r_buff0_thd1 ? FALSE : FALSE));
                                                                                        ^
                                                                        (                                 )
rfi004_pso.opt_false-unreach-call.c:162:127: warning: '&&' within '||' [-Wlogical-op-parentheses]
  y$r_buff1_thd1 = weak$$choice2 ? y$r_buff1_thd1 : (!y$w_buff0_used || !y$r_buff0_thd1 && !y$w_buff1_used || !y$r_buff0_thd1 && !y$r_buff1_thd1 ? y$r_buff1_thd1 : (y$w_buff0_used && y$r_buff0_thd1 ? FALSE : FALSE));
                                                                                                           ~~ ~~~~~~~~~~~~~~~~^~~~~~~~~~~~~~~~~~
rfi004_pso.opt_false-unreach-call.c:162:127: note: place parentheses around the '&&' expression to silence this warning
  y$r_buff1_thd1 = weak$$choice2 ? y$r_buff1_thd1 : (!y$w_buff0_used || !y$r_buff0_thd1 && !y$w_buff1_used || !y$r_buff0_thd1 && !y$r_buff1_thd1 ? y$r_buff1_thd1 : (y$w_buff0_used && y$r_buff0_thd1 ? FALSE : FALSE));
                                                                                                                              ^
                                                                                                              (                                 )
rfi004_pso.opt_false-unreach-call.c:172:10: warning: implicit declaration of function 'nondet_1' is invalid in C99 [-Wimplicit-function-declaration]
  return nondet_1();
         ^
rfi004_pso.opt_false-unreach-call.c:172:10: warning: incompatible integer to pointer conversion returning 'int' from a function with result type 'void *' [-Wint-conversion]
  return nondet_1();
         ^~~~~~~~~~
rfi004_pso.opt_false-unreach-call.c:202:35: warning: '&&' within '||' [-Wlogical-op-parentheses]
  y$w_buff1_used = y$w_buff0_used && y$r_buff0_thd2 || y$w_buff1_used && y$r_buff1_thd2 ? FALSE : y$w_buff1_used;
                   ~~~~~~~~~~~~~~~^~~~~~~~~~~~~~~~~ ~~
rfi004_pso.opt_false-unreach-call.c:202:35: note: place parentheses around the '&&' expression to silence this warning
  y$w_buff1_used = y$w_buff0_used && y$r_buff0_thd2 || y$w_buff1_used && y$r_buff1_thd2 ? FALSE : y$w_buff1_used;
                                  ^
                   (                               )
rfi004_pso.opt_false-unreach-call.c:202:71: warning: '&&' within '||' [-Wlogical-op-parentheses]
  y$w_buff1_used = y$w_buff0_used && y$r_buff0_thd2 || y$w_buff1_used && y$r_buff1_thd2 ? FALSE : y$w_buff1_used;
                                                    ~~ ~~~~~~~~~~~~~~~^~~~~~~~~~~~~~~~~
rfi004_pso.opt_false-unreach-call.c:202:71: note: place parentheses around the '&&' expression to silence this warning
  y$w_buff1_used = y$w_buff0_used && y$r_buff0_thd2 || y$w_buff1_used && y$r_buff1_thd2 ? FALSE : y$w_buff1_used;
                                                                      ^
                                                       (                               )
rfi004_pso.opt_false-unreach-call.c:204:35: warning: '&&' within '||' [-Wlogical-op-parentheses]
  y$r_buff1_thd2 = y$w_buff0_used && y$r_buff0_thd2 || y$w_buff1_used && y$r_buff1_thd2 ? FALSE : y$r_buff1_thd2;
                   ~~~~~~~~~~~~~~~^~~~~~~~~~~~~~~~~ ~~
rfi004_pso.opt_false-unreach-call.c:204:35: note: place parentheses around the '&&' expression to silence this warning
  y$r_buff1_thd2 = y$w_buff0_used && y$r_buff0_thd2 || y$w_buff1_used && y$r_buff1_thd2 ? FALSE : y$r_buff1_thd2;
                                  ^
                   (                               )
rfi004_pso.opt_false-unreach-call.c:204:71: warning: '&&' within '||' [-Wlogical-op-parentheses]
  y$r_buff1_thd2 = y$w_buff0_used && y$r_buff0_thd2 || y$w_buff1_used && y$r_buff1_thd2 ? FALSE : y$r_buff1_thd2;
                                                    ~~ ~~~~~~~~~~~~~~~^~~~~~~~~~~~~~~~~
rfi004_pso.opt_false-unreach-call.c:204:71: note: place parentheses around the '&&' expression to silence this warning
  y$r_buff1_thd2 = y$w_buff0_used && y$r_buff0_thd2 || y$w_buff1_used && y$r_buff1_thd2 ? FALSE : y$r_buff1_thd2;
                                                                      ^
                                                       (                               )
rfi004_pso.opt_false-unreach-call.c:209:10: warning: incompatible integer to pointer conversion returning 'int' from a function with result type 'void *' [-Wint-conversion]
  return nondet_1();
         ^~~~~~~~~~
rfi004_pso.opt_false-unreach-call.c:237:38: warning: null passed to a callee which requires a non-null argument [-Wnonnull]
  pthread_create(NULL, NULL, P0, NULL);
                 ~~~~                ^
rfi004_pso.opt_false-unreach-call.c:238:38: warning: null passed to a callee which requires a non-null argument [-Wnonnull]
  pthread_create(NULL, NULL, P1, NULL);
                 ~~~~                ^
rfi004_pso.opt_false-unreach-call.c:246:35: warning: '&&' within '||' [-Wlogical-op-parentheses]
  y$w_buff1_used = y$w_buff0_used && y$r_buff0_thd0 || y$w_buff1_used && y$r_buff1_thd0 ? FALSE : y$w_buff1_used;
                   ~~~~~~~~~~~~~~~^~~~~~~~~~~~~~~~~ ~~
rfi004_pso.opt_false-unreach-call.c:246:35: note: place parentheses around the '&&' expression to silence this warning
  y$w_buff1_used = y$w_buff0_used && y$r_buff0_thd0 || y$w_buff1_used && y$r_buff1_thd0 ? FALSE : y$w_buff1_used;
                                  ^
                   (                               )
rfi004_pso.opt_false-unreach-call.c:246:71: warning: '&&' within '||' [-Wlogical-op-parentheses]
  y$w_buff1_used = y$w_buff0_used && y$r_buff0_thd0 || y$w_buff1_used && y$r_buff1_thd0 ? FALSE : y$w_buff1_used;
                                                    ~~ ~~~~~~~~~~~~~~~^~~~~~~~~~~~~~~~~
rfi004_pso.opt_false-unreach-call.c:246:71: note: place parentheses around the '&&' expression to silence this warning
  y$w_buff1_used = y$w_buff0_used && y$r_buff0_thd0 || y$w_buff1_used && y$r_buff1_thd0 ? FALSE : y$w_buff1_used;
                                                                      ^
                                                       (                               )
rfi004_pso.opt_false-unreach-call.c:248:35: warning: '&&' within '||' [-Wlogical-op-parentheses]
  y$r_buff1_thd0 = y$w_buff0_used && y$r_buff0_thd0 || y$w_buff1_used && y$r_buff1_thd0 ? FALSE : y$r_buff1_thd0;
                   ~~~~~~~~~~~~~~~^~~~~~~~~~~~~~~~~ ~~
rfi004_pso.opt_false-unreach-call.c:248:35: note: place parentheses around the '&&' expression to silence this warning
  y$r_buff1_thd0 = y$w_buff0_used && y$r_buff0_thd0 || y$w_buff1_used && y$r_buff1_thd0 ? FALSE : y$r_buff1_thd0;
                                  ^
                   (                               )
rfi004_pso.opt_false-unreach-call.c:248:71: warning: '&&' within '||' [-Wlogical-op-parentheses]
  y$r_buff1_thd0 = y$w_buff0_used && y$r_buff0_thd0 || y$w_buff1_used && y$r_buff1_thd0 ? FALSE : y$r_buff1_thd0;
                                                    ~~ ~~~~~~~~~~~~~~~^~~~~~~~~~~~~~~~~
rfi004_pso.opt_false-unreach-call.c:248:71: note: place parentheses around the '&&' expression to silence this warning
  y$r_buff1_thd0 = y$w_buff0_used && y$r_buff0_thd0 || y$w_buff1_used && y$r_buff1_thd0 ? FALSE : y$r_buff1_thd0;
                                                                      ^
                                                       (                               )
29 warnings generated.
