rfi008_power.opt_false-unreach-call.c:4:34: warning: implicit declaration of function '__VERIFIER_assume' is invalid in C99 [-Wimplicit-function-declaration]
void __VERIFIER_atomic_begin() { __VERIFIER_assume(__global_lock==0); __global_lock=1; return; }
                                 ^
rfi008_power.opt_false-unreach-call.c:153:19: warning: implicit declaration of function 'nondet_0' is invalid in C99 [-Wimplicit-function-declaration]
  weak$$choice0 = nondet_0();
                  ^
rfi008_power.opt_false-unreach-call.c:157:42: warning: '&&' within '||' [-Wlogical-op-parentheses]
  y = !y$w_buff0_used || !y$r_buff0_thd1 && !y$w_buff1_used || !y$r_buff0_thd1 && !y$r_buff1_thd1 ? y : (y$w_buff0_used && y$r_buff0_thd1 ? y$w_buff0 : y$w_buff1);
                      ~~ ~~~~~~~~~~~~~~~~^~~~~~~~~~~~~~~~~~
rfi008_power.opt_false-unreach-call.c:157:42: note: place parentheses around the '&&' expression to silence this warning
  y = !y$w_buff0_used || !y$r_buff0_thd1 && !y$w_buff1_used || !y$r_buff0_thd1 && !y$r_buff1_thd1 ? y : (y$w_buff0_used && y$r_buff0_thd1 ? y$w_buff0 : y$w_buff1);
                                         ^
                         (                                 )
rfi008_power.opt_false-unreach-call.c:157:80: warning: '&&' within '||' [-Wlogical-op-parentheses]
  y = !y$w_buff0_used || !y$r_buff0_thd1 && !y$w_buff1_used || !y$r_buff0_thd1 && !y$r_buff1_thd1 ? y : (y$w_buff0_used && y$r_buff0_thd1 ? y$w_buff0 : y$w_buff1);
                                                            ~~ ~~~~~~~~~~~~~~~~^~~~~~~~~~~~~~~~~~
rfi008_power.opt_false-unreach-call.c:157:80: note: place parentheses around the '&&' expression to silence this warning
  y = !y$w_buff0_used || !y$r_buff0_thd1 && !y$w_buff1_used || !y$r_buff0_thd1 && !y$r_buff1_thd1 ? y : (y$w_buff0_used && y$r_buff0_thd1 ? y$w_buff0 : y$w_buff1);
                                                                               ^
                                                               (                                 )
rfi008_power.opt_false-unreach-call.c:158:79: warning: '&&' within '||' [-Wlogical-op-parentheses]
  y$w_buff0 = weak$$choice2 ? y$w_buff0 : (!y$w_buff0_used || !y$r_buff0_thd1 && !y$w_buff1_used || !y$r_buff0_thd1 && !y$r_buff1_thd1 ? y$w_buff0 : (y$w_buff0_used && y$r_buff0_thd1 ? y$w_buff0 : y$w_buff0));
                                                           ~~ ~~~~~~~~~~~~~~~~^~~~~~~~~~~~~~~~~~
rfi008_power.opt_false-unreach-call.c:158:79: note: place parentheses around the '&&' expression to silence this warning
  y$w_buff0 = weak$$choice2 ? y$w_buff0 : (!y$w_buff0_used || !y$r_buff0_thd1 && !y$w_buff1_used || !y$r_buff0_thd1 && !y$r_buff1_thd1 ? y$w_buff0 : (y$w_buff0_used && y$r_buff0_thd1 ? y$w_buff0 : y$w_buff0));
                                                                              ^
                                                              (                                 )
rfi008_power.opt_false-unreach-call.c:158:117: warning: '&&' within '||' [-Wlogical-op-parentheses]
  y$w_buff0 = weak$$choice2 ? y$w_buff0 : (!y$w_buff0_used || !y$r_buff0_thd1 && !y$w_buff1_used || !y$r_buff0_thd1 && !y$r_buff1_thd1 ? y$w_buff0 : (y$w_buff0_used && y$r_buff0_thd1 ? y$w_buff0 : y$w_buff0));
                                                                                                 ~~ ~~~~~~~~~~~~~~~~^~~~~~~~~~~~~~~~~~
rfi008_power.opt_false-unreach-call.c:158:117: note: place parentheses around the '&&' expression to silence this warning
  y$w_buff0 = weak$$choice2 ? y$w_buff0 : (!y$w_buff0_used || !y$r_buff0_thd1 && !y$w_buff1_used || !y$r_buff0_thd1 && !y$r_buff1_thd1 ? y$w_buff0 : (y$w_buff0_used && y$r_buff0_thd1 ? y$w_buff0 : y$w_buff0));
                                                                                                                    ^
                                                                                                    (                                 )
rfi008_power.opt_false-unreach-call.c:159:79: warning: '&&' within '||' [-Wlogical-op-parentheses]
  y$w_buff1 = weak$$choice2 ? y$w_buff1 : (!y$w_buff0_used || !y$r_buff0_thd1 && !y$w_buff1_used || !y$r_buff0_thd1 && !y$r_buff1_thd1 ? y$w_buff1 : (y$w_buff0_used && y$r_buff0_thd1 ? y$w_buff1 : y$w_buff1));
                                                           ~~ ~~~~~~~~~~~~~~~~^~~~~~~~~~~~~~~~~~
rfi008_power.opt_false-unreach-call.c:159:79: note: place parentheses around the '&&' expression to silence this warning
  y$w_buff1 = weak$$choice2 ? y$w_buff1 : (!y$w_buff0_used || !y$r_buff0_thd1 && !y$w_buff1_used || !y$r_buff0_thd1 && !y$r_buff1_thd1 ? y$w_buff1 : (y$w_buff0_used && y$r_buff0_thd1 ? y$w_buff1 : y$w_buff1));
                                                                              ^
                                                              (                                 )
rfi008_power.opt_false-unreach-call.c:159:117: warning: '&&' within '||' [-Wlogical-op-parentheses]
  y$w_buff1 = weak$$choice2 ? y$w_buff1 : (!y$w_buff0_used || !y$r_buff0_thd1 && !y$w_buff1_used || !y$r_buff0_thd1 && !y$r_buff1_thd1 ? y$w_buff1 : (y$w_buff0_used && y$r_buff0_thd1 ? y$w_buff1 : y$w_buff1));
                                                                                                 ~~ ~~~~~~~~~~~~~~~~^~~~~~~~~~~~~~~~~~
rfi008_power.opt_false-unreach-call.c:159:117: note: place parentheses around the '&&' expression to silence this warning
  y$w_buff1 = weak$$choice2 ? y$w_buff1 : (!y$w_buff0_used || !y$r_buff0_thd1 && !y$w_buff1_used || !y$r_buff0_thd1 && !y$r_buff1_thd1 ? y$w_buff1 : (y$w_buff0_used && y$r_buff0_thd1 ? y$w_buff1 : y$w_buff1));
                                                                                                                    ^
                                                                                                    (                                 )
rfi008_power.opt_false-unreach-call.c:160:89: warning: '&&' within '||' [-Wlogical-op-parentheses]
  y$w_buff0_used = weak$$choice2 ? y$w_buff0_used : (!y$w_buff0_used || !y$r_buff0_thd1 && !y$w_buff1_used || !y$r_buff0_thd1 && !y$r_buff1_thd1 ? y$w_buff0_used : (y$w_buff0_used && y$r_buff0_thd1 ? FALSE : y$w_buff0_used));
                                                                     ~~ ~~~~~~~~~~~~~~~~^~~~~~~~~~~~~~~~~~
rfi008_power.opt_false-unreach-call.c:160:89: note: place parentheses around the '&&' expression to silence this warning
  y$w_buff0_used = weak$$choice2 ? y$w_buff0_used : (!y$w_buff0_used || !y$r_buff0_thd1 && !y$w_buff1_used || !y$r_buff0_thd1 && !y$r_buff1_thd1 ? y$w_buff0_used : (y$w_buff0_used && y$r_buff0_thd1 ? FALSE : y$w_buff0_used));
                                                                                        ^
                                                                        (                                 )
rfi008_power.opt_false-unreach-call.c:160:127: warning: '&&' within '||' [-Wlogical-op-parentheses]
  y$w_buff0_used = weak$$choice2 ? y$w_buff0_used : (!y$w_buff0_used || !y$r_buff0_thd1 && !y$w_buff1_used || !y$r_buff0_thd1 && !y$r_buff1_thd1 ? y$w_buff0_used : (y$w_buff0_used && y$r_buff0_thd1 ? FALSE : y$w_buff0_used));
                                                                                                           ~~ ~~~~~~~~~~~~~~~~^~~~~~~~~~~~~~~~~~
rfi008_power.opt_false-unreach-call.c:160:127: note: place parentheses around the '&&' expression to silence this warning
  y$w_buff0_used = weak$$choice2 ? y$w_buff0_used : (!y$w_buff0_used || !y$r_buff0_thd1 && !y$w_buff1_used || !y$r_buff0_thd1 && !y$r_buff1_thd1 ? y$w_buff0_used : (y$w_buff0_used && y$r_buff0_thd1 ? FALSE : y$w_buff0_used));
                                                                                                                              ^
                                                                                                              (                                 )
rfi008_power.opt_false-unreach-call.c:161:89: warning: '&&' within '||' [-Wlogical-op-parentheses]
  y$w_buff1_used = weak$$choice2 ? y$w_buff1_used : (!y$w_buff0_used || !y$r_buff0_thd1 && !y$w_buff1_used || !y$r_buff0_thd1 && !y$r_buff1_thd1 ? y$w_buff1_used : (y$w_buff0_used && y$r_buff0_thd1 ? FALSE : FALSE));
                                                                     ~~ ~~~~~~~~~~~~~~~~^~~~~~~~~~~~~~~~~~
rfi008_power.opt_false-unreach-call.c:161:89: note: place parentheses around the '&&' expression to silence this warning
  y$w_buff1_used = weak$$choice2 ? y$w_buff1_used : (!y$w_buff0_used || !y$r_buff0_thd1 && !y$w_buff1_used || !y$r_buff0_thd1 && !y$r_buff1_thd1 ? y$w_buff1_used : (y$w_buff0_used && y$r_buff0_thd1 ? FALSE : FALSE));
                                                                                        ^
                                                                        (                                 )
rfi008_power.opt_false-unreach-call.c:161:127: warning: '&&' within '||' [-Wlogical-op-parentheses]
  y$w_buff1_used = weak$$choice2 ? y$w_buff1_used : (!y$w_buff0_used || !y$r_buff0_thd1 && !y$w_buff1_used || !y$r_buff0_thd1 && !y$r_buff1_thd1 ? y$w_buff1_used : (y$w_buff0_used && y$r_buff0_thd1 ? FALSE : FALSE));
                                                                                                           ~~ ~~~~~~~~~~~~~~~~^~~~~~~~~~~~~~~~~~
rfi008_power.opt_false-unreach-call.c:161:127: note: place parentheses around the '&&' expression to silence this warning
  y$w_buff1_used = weak$$choice2 ? y$w_buff1_used : (!y$w_buff0_used || !y$r_buff0_thd1 && !y$w_buff1_used || !y$r_buff0_thd1 && !y$r_buff1_thd1 ? y$w_buff1_used : (y$w_buff0_used && y$r_buff0_thd1 ? FALSE : FALSE));
                                                                                                                              ^
                                                                                                              (                                 )
rfi008_power.opt_false-unreach-call.c:162:89: warning: '&&' within '||' [-Wlogical-op-parentheses]
  y$r_buff0_thd1 = weak$$choice2 ? y$r_buff0_thd1 : (!y$w_buff0_used || !y$r_buff0_thd1 && !y$w_buff1_used || !y$r_buff0_thd1 && !y$r_buff1_thd1 ? y$r_buff0_thd1 : (y$w_buff0_used && y$r_buff0_thd1 ? FALSE : y$r_buff0_thd1));
                                                                     ~~ ~~~~~~~~~~~~~~~~^~~~~~~~~~~~~~~~~~
rfi008_power.opt_false-unreach-call.c:162:89: note: place parentheses around the '&&' expression to silence this warning
  y$r_buff0_thd1 = weak$$choice2 ? y$r_buff0_thd1 : (!y$w_buff0_used || !y$r_buff0_thd1 && !y$w_buff1_used || !y$r_buff0_thd1 && !y$r_buff1_thd1 ? y$r_buff0_thd1 : (y$w_buff0_used && y$r_buff0_thd1 ? FALSE : y$r_buff0_thd1));
                                                                                        ^
                                                                        (                                 )
rfi008_power.opt_false-unreach-call.c:162:127: warning: '&&' within '||' [-Wlogical-op-parentheses]
  y$r_buff0_thd1 = weak$$choice2 ? y$r_buff0_thd1 : (!y$w_buff0_used || !y$r_buff0_thd1 && !y$w_buff1_used || !y$r_buff0_thd1 && !y$r_buff1_thd1 ? y$r_buff0_thd1 : (y$w_buff0_used && y$r_buff0_thd1 ? FALSE : y$r_buff0_thd1));
                                                                                                           ~~ ~~~~~~~~~~~~~~~~^~~~~~~~~~~~~~~~~~
rfi008_power.opt_false-unreach-call.c:162:127: note: place parentheses around the '&&' expression to silence this warning
  y$r_buff0_thd1 = weak$$choice2 ? y$r_buff0_thd1 : (!y$w_buff0_used || !y$r_buff0_thd1 && !y$w_buff1_used || !y$r_buff0_thd1 && !y$r_buff1_thd1 ? y$r_buff0_thd1 : (y$w_buff0_used && y$r_buff0_thd1 ? FALSE : y$r_buff0_thd1));
                                                                                                                              ^
                                                                                                              (                                 )
rfi008_power.opt_false-unreach-call.c:163:89: warning: '&&' within '||' [-Wlogical-op-parentheses]
  y$r_buff1_thd1 = weak$$choice2 ? y$r_buff1_thd1 : (!y$w_buff0_used || !y$r_buff0_thd1 && !y$w_buff1_used || !y$r_buff0_thd1 && !y$r_buff1_thd1 ? y$r_buff1_thd1 : (y$w_buff0_used && y$r_buff0_thd1 ? FALSE : FALSE));
                                                                     ~~ ~~~~~~~~~~~~~~~~^~~~~~~~~~~~~~~~~~
rfi008_power.opt_false-unreach-call.c:163:89: note: place parentheses around the '&&' expression to silence this warning
  y$r_buff1_thd1 = weak$$choice2 ? y$r_buff1_thd1 : (!y$w_buff0_used || !y$r_buff0_thd1 && !y$w_buff1_used || !y$r_buff0_thd1 && !y$r_buff1_thd1 ? y$r_buff1_thd1 : (y$w_buff0_used && y$r_buff0_thd1 ? FALSE : FALSE));
                                                                                        ^
                                                                        (                                 )
rfi008_power.opt_false-unreach-call.c:163:127: warning: '&&' within '||' [-Wlogical-op-parentheses]
  y$r_buff1_thd1 = weak$$choice2 ? y$r_buff1_thd1 : (!y$w_buff0_used || !y$r_buff0_thd1 && !y$w_buff1_used || !y$r_buff0_thd1 && !y$r_buff1_thd1 ? y$r_buff1_thd1 : (y$w_buff0_used && y$r_buff0_thd1 ? FALSE : FALSE));
                                                                                                           ~~ ~~~~~~~~~~~~~~~~^~~~~~~~~~~~~~~~~~
rfi008_power.opt_false-unreach-call.c:163:127: note: place parentheses around the '&&' expression to silence this warning
  y$r_buff1_thd1 = weak$$choice2 ? y$r_buff1_thd1 : (!y$w_buff0_used || !y$r_buff0_thd1 && !y$w_buff1_used || !y$r_buff0_thd1 && !y$r_buff1_thd1 ? y$r_buff1_thd1 : (y$w_buff0_used && y$r_buff0_thd1 ? FALSE : FALSE));
                                                                                                                              ^
                                                                                                              (                                 )
rfi008_power.opt_false-unreach-call.c:173:10: warning: implicit declaration of function 'nondet_1' is invalid in C99 [-Wimplicit-function-declaration]
  return nondet_1();
         ^
rfi008_power.opt_false-unreach-call.c:173:10: warning: incompatible integer to pointer conversion returning 'int' from a function with result type 'void *' [-Wint-conversion]
  return nondet_1();
         ^~~~~~~~~~
rfi008_power.opt_false-unreach-call.c:196:42: warning: '&&' within '||' [-Wlogical-op-parentheses]
  y = !y$w_buff0_used || !y$r_buff0_thd2 && !y$w_buff1_used || !y$r_buff0_thd2 && !y$r_buff1_thd2 ? y : (y$w_buff0_used && y$r_buff0_thd2 ? y$w_buff0 : y$w_buff1);
                      ~~ ~~~~~~~~~~~~~~~~^~~~~~~~~~~~~~~~~~
rfi008_power.opt_false-unreach-call.c:196:42: note: place parentheses around the '&&' expression to silence this warning
  y = !y$w_buff0_used || !y$r_buff0_thd2 && !y$w_buff1_used || !y$r_buff0_thd2 && !y$r_buff1_thd2 ? y : (y$w_buff0_used && y$r_buff0_thd2 ? y$w_buff0 : y$w_buff1);
                                         ^
                         (                                 )
rfi008_power.opt_false-unreach-call.c:196:80: warning: '&&' within '||' [-Wlogical-op-parentheses]
  y = !y$w_buff0_used || !y$r_buff0_thd2 && !y$w_buff1_used || !y$r_buff0_thd2 && !y$r_buff1_thd2 ? y : (y$w_buff0_used && y$r_buff0_thd2 ? y$w_buff0 : y$w_buff1);
                                                            ~~ ~~~~~~~~~~~~~~~~^~~~~~~~~~~~~~~~~~
rfi008_power.opt_false-unreach-call.c:196:80: note: place parentheses around the '&&' expression to silence this warning
  y = !y$w_buff0_used || !y$r_buff0_thd2 && !y$w_buff1_used || !y$r_buff0_thd2 && !y$r_buff1_thd2 ? y : (y$w_buff0_used && y$r_buff0_thd2 ? y$w_buff0 : y$w_buff1);
                                                                               ^
                                                               (                                 )
rfi008_power.opt_false-unreach-call.c:197:79: warning: '&&' within '||' [-Wlogical-op-parentheses]
  y$w_buff0 = weak$$choice2 ? y$w_buff0 : (!y$w_buff0_used || !y$r_buff0_thd2 && !y$w_buff1_used || !y$r_buff0_thd2 && !y$r_buff1_thd2 ? y$w_buff0 : (y$w_buff0_used && y$r_buff0_thd2 ? y$w_buff0 : y$w_buff0));
                                                           ~~ ~~~~~~~~~~~~~~~~^~~~~~~~~~~~~~~~~~
rfi008_power.opt_false-unreach-call.c:197:79: note: place parentheses around the '&&' expression to silence this warning
  y$w_buff0 = weak$$choice2 ? y$w_buff0 : (!y$w_buff0_used || !y$r_buff0_thd2 && !y$w_buff1_used || !y$r_buff0_thd2 && !y$r_buff1_thd2 ? y$w_buff0 : (y$w_buff0_used && y$r_buff0_thd2 ? y$w_buff0 : y$w_buff0));
                                                                              ^
                                                              (                                 )
rfi008_power.opt_false-unreach-call.c:197:117: warning: '&&' within '||' [-Wlogical-op-parentheses]
  y$w_buff0 = weak$$choice2 ? y$w_buff0 : (!y$w_buff0_used || !y$r_buff0_thd2 && !y$w_buff1_used || !y$r_buff0_thd2 && !y$r_buff1_thd2 ? y$w_buff0 : (y$w_buff0_used && y$r_buff0_thd2 ? y$w_buff0 : y$w_buff0));
                                                                                                 ~~ ~~~~~~~~~~~~~~~~^~~~~~~~~~~~~~~~~~
rfi008_power.opt_false-unreach-call.c:197:117: note: place parentheses around the '&&' expression to silence this warning
  y$w_buff0 = weak$$choice2 ? y$w_buff0 : (!y$w_buff0_used || !y$r_buff0_thd2 && !y$w_buff1_used || !y$r_buff0_thd2 && !y$r_buff1_thd2 ? y$w_buff0 : (y$w_buff0_used && y$r_buff0_thd2 ? y$w_buff0 : y$w_buff0));
                                                                                                                    ^
                                                                                                    (                                 )
rfi008_power.opt_false-unreach-call.c:198:79: warning: '&&' within '||' [-Wlogical-op-parentheses]
  y$w_buff1 = weak$$choice2 ? y$w_buff1 : (!y$w_buff0_used || !y$r_buff0_thd2 && !y$w_buff1_used || !y$r_buff0_thd2 && !y$r_buff1_thd2 ? y$w_buff1 : (y$w_buff0_used && y$r_buff0_thd2 ? y$w_buff1 : y$w_buff1));
                                                           ~~ ~~~~~~~~~~~~~~~~^~~~~~~~~~~~~~~~~~
rfi008_power.opt_false-unreach-call.c:198:79: note: place parentheses around the '&&' expression to silence this warning
  y$w_buff1 = weak$$choice2 ? y$w_buff1 : (!y$w_buff0_used || !y$r_buff0_thd2 && !y$w_buff1_used || !y$r_buff0_thd2 && !y$r_buff1_thd2 ? y$w_buff1 : (y$w_buff0_used && y$r_buff0_thd2 ? y$w_buff1 : y$w_buff1));
                                                                              ^
                                                              (                                 )
rfi008_power.opt_false-unreach-call.c:198:117: warning: '&&' within '||' [-Wlogical-op-parentheses]
  y$w_buff1 = weak$$choice2 ? y$w_buff1 : (!y$w_buff0_used || !y$r_buff0_thd2 && !y$w_buff1_used || !y$r_buff0_thd2 && !y$r_buff1_thd2 ? y$w_buff1 : (y$w_buff0_used && y$r_buff0_thd2 ? y$w_buff1 : y$w_buff1));
                                                                                                 ~~ ~~~~~~~~~~~~~~~~^~~~~~~~~~~~~~~~~~
rfi008_power.opt_false-unreach-call.c:198:117: note: place parentheses around the '&&' expression to silence this warning
  y$w_buff1 = weak$$choice2 ? y$w_buff1 : (!y$w_buff0_used || !y$r_buff0_thd2 && !y$w_buff1_used || !y$r_buff0_thd2 && !y$r_buff1_thd2 ? y$w_buff1 : (y$w_buff0_used && y$r_buff0_thd2 ? y$w_buff1 : y$w_buff1));
                                                                                                                    ^
                                                                                                    (                                 )
rfi008_power.opt_false-unreach-call.c:199:89: warning: '&&' within '||' [-Wlogical-op-parentheses]
  y$w_buff0_used = weak$$choice2 ? y$w_buff0_used : (!y$w_buff0_used || !y$r_buff0_thd2 && !y$w_buff1_used || !y$r_buff0_thd2 && !y$r_buff1_thd2 ? y$w_buff0_used : (y$w_buff0_used && y$r_buff0_thd2 ? FALSE : y$w_buff0_used));
                                                                     ~~ ~~~~~~~~~~~~~~~~^~~~~~~~~~~~~~~~~~
rfi008_power.opt_false-unreach-call.c:199:89: note: place parentheses around the '&&' expression to silence this warning
  y$w_buff0_used = weak$$choice2 ? y$w_buff0_used : (!y$w_buff0_used || !y$r_buff0_thd2 && !y$w_buff1_used || !y$r_buff0_thd2 && !y$r_buff1_thd2 ? y$w_buff0_used : (y$w_buff0_used && y$r_buff0_thd2 ? FALSE : y$w_buff0_used));
                                                                                        ^
                                                                        (                                 )
rfi008_power.opt_false-unreach-call.c:199:127: warning: '&&' within '||' [-Wlogical-op-parentheses]
  y$w_buff0_used = weak$$choice2 ? y$w_buff0_used : (!y$w_buff0_used || !y$r_buff0_thd2 && !y$w_buff1_used || !y$r_buff0_thd2 && !y$r_buff1_thd2 ? y$w_buff0_used : (y$w_buff0_used && y$r_buff0_thd2 ? FALSE : y$w_buff0_used));
                                                                                                           ~~ ~~~~~~~~~~~~~~~~^~~~~~~~~~~~~~~~~~
rfi008_power.opt_false-unreach-call.c:199:127: note: place parentheses around the '&&' expression to silence this warning
  y$w_buff0_used = weak$$choice2 ? y$w_buff0_used : (!y$w_buff0_used || !y$r_buff0_thd2 && !y$w_buff1_used || !y$r_buff0_thd2 && !y$r_buff1_thd2 ? y$w_buff0_used : (y$w_buff0_used && y$r_buff0_thd2 ? FALSE : y$w_buff0_used));
                                                                                                                              ^
                                                                                                              (                                 )
rfi008_power.opt_false-unreach-call.c:200:89: warning: '&&' within '||' [-Wlogical-op-parentheses]
  y$w_buff1_used = weak$$choice2 ? y$w_buff1_used : (!y$w_buff0_used || !y$r_buff0_thd2 && !y$w_buff1_used || !y$r_buff0_thd2 && !y$r_buff1_thd2 ? y$w_buff1_used : (y$w_buff0_used && y$r_buff0_thd2 ? FALSE : FALSE));
                                                                     ~~ ~~~~~~~~~~~~~~~~^~~~~~~~~~~~~~~~~~
rfi008_power.opt_false-unreach-call.c:200:89: note: place parentheses around the '&&' expression to silence this warning
  y$w_buff1_used = weak$$choice2 ? y$w_buff1_used : (!y$w_buff0_used || !y$r_buff0_thd2 && !y$w_buff1_used || !y$r_buff0_thd2 && !y$r_buff1_thd2 ? y$w_buff1_used : (y$w_buff0_used && y$r_buff0_thd2 ? FALSE : FALSE));
                                                                                        ^
                                                                        (                                 )
rfi008_power.opt_false-unreach-call.c:200:127: warning: '&&' within '||' [-Wlogical-op-parentheses]
  y$w_buff1_used = weak$$choice2 ? y$w_buff1_used : (!y$w_buff0_used || !y$r_buff0_thd2 && !y$w_buff1_used || !y$r_buff0_thd2 && !y$r_buff1_thd2 ? y$w_buff1_used : (y$w_buff0_used && y$r_buff0_thd2 ? FALSE : FALSE));
                                                                                                           ~~ ~~~~~~~~~~~~~~~~^~~~~~~~~~~~~~~~~~
rfi008_power.opt_false-unreach-call.c:200:127: note: place parentheses around the '&&' expression to silence this warning
  y$w_buff1_used = weak$$choice2 ? y$w_buff1_used : (!y$w_buff0_used || !y$r_buff0_thd2 && !y$w_buff1_used || !y$r_buff0_thd2 && !y$r_buff1_thd2 ? y$w_buff1_used : (y$w_buff0_used && y$r_buff0_thd2 ? FALSE : FALSE));
                                                                                                                              ^
                                                                                                              (                                 )
rfi008_power.opt_false-unreach-call.c:201:89: warning: '&&' within '||' [-Wlogical-op-parentheses]
  y$r_buff0_thd2 = weak$$choice2 ? y$r_buff0_thd2 : (!y$w_buff0_used || !y$r_buff0_thd2 && !y$w_buff1_used || !y$r_buff0_thd2 && !y$r_buff1_thd2 ? y$r_buff0_thd2 : (y$w_buff0_used && y$r_buff0_thd2 ? FALSE : y$r_buff0_thd2));
                                                                     ~~ ~~~~~~~~~~~~~~~~^~~~~~~~~~~~~~~~~~
rfi008_power.opt_false-unreach-call.c:201:89: note: place parentheses around the '&&' expression to silence this warning
  y$r_buff0_thd2 = weak$$choice2 ? y$r_buff0_thd2 : (!y$w_buff0_used || !y$r_buff0_thd2 && !y$w_buff1_used || !y$r_buff0_thd2 && !y$r_buff1_thd2 ? y$r_buff0_thd2 : (y$w_buff0_used && y$r_buff0_thd2 ? FALSE : y$r_buff0_thd2));
                                                                                        ^
                                                                        (                                 )
rfi008_power.opt_false-unreach-call.c:201:127: warning: '&&' within '||' [-Wlogical-op-parentheses]
  y$r_buff0_thd2 = weak$$choice2 ? y$r_buff0_thd2 : (!y$w_buff0_used || !y$r_buff0_thd2 && !y$w_buff1_used || !y$r_buff0_thd2 && !y$r_buff1_thd2 ? y$r_buff0_thd2 : (y$w_buff0_used && y$r_buff0_thd2 ? FALSE : y$r_buff0_thd2));
                                                                                                           ~~ ~~~~~~~~~~~~~~~~^~~~~~~~~~~~~~~~~~
rfi008_power.opt_false-unreach-call.c:201:127: note: place parentheses around the '&&' expression to silence this warning
  y$r_buff0_thd2 = weak$$choice2 ? y$r_buff0_thd2 : (!y$w_buff0_used || !y$r_buff0_thd2 && !y$w_buff1_used || !y$r_buff0_thd2 && !y$r_buff1_thd2 ? y$r_buff0_thd2 : (y$w_buff0_used && y$r_buff0_thd2 ? FALSE : y$r_buff0_thd2));
                                                                                                                              ^
                                                                                                              (                                 )
rfi008_power.opt_false-unreach-call.c:202:89: warning: '&&' within '||' [-Wlogical-op-parentheses]
  y$r_buff1_thd2 = weak$$choice2 ? y$r_buff1_thd2 : (!y$w_buff0_used || !y$r_buff0_thd2 && !y$w_buff1_used || !y$r_buff0_thd2 && !y$r_buff1_thd2 ? y$r_buff1_thd2 : (y$w_buff0_used && y$r_buff0_thd2 ? FALSE : FALSE));
                                                                     ~~ ~~~~~~~~~~~~~~~~^~~~~~~~~~~~~~~~~~
rfi008_power.opt_false-unreach-call.c:202:89: note: place parentheses around the '&&' expression to silence this warning
  y$r_buff1_thd2 = weak$$choice2 ? y$r_buff1_thd2 : (!y$w_buff0_used || !y$r_buff0_thd2 && !y$w_buff1_used || !y$r_buff0_thd2 && !y$r_buff1_thd2 ? y$r_buff1_thd2 : (y$w_buff0_used && y$r_buff0_thd2 ? FALSE : FALSE));
                                                                                        ^
                                                                        (                                 )
rfi008_power.opt_false-unreach-call.c:202:127: warning: '&&' within '||' [-Wlogical-op-parentheses]
  y$r_buff1_thd2 = weak$$choice2 ? y$r_buff1_thd2 : (!y$w_buff0_used || !y$r_buff0_thd2 && !y$w_buff1_used || !y$r_buff0_thd2 && !y$r_buff1_thd2 ? y$r_buff1_thd2 : (y$w_buff0_used && y$r_buff0_thd2 ? FALSE : FALSE));
                                                                                                           ~~ ~~~~~~~~~~~~~~~~^~~~~~~~~~~~~~~~~~
rfi008_power.opt_false-unreach-call.c:202:127: note: place parentheses around the '&&' expression to silence this warning
  y$r_buff1_thd2 = weak$$choice2 ? y$r_buff1_thd2 : (!y$w_buff0_used || !y$r_buff0_thd2 && !y$w_buff1_used || !y$r_buff0_thd2 && !y$r_buff1_thd2 ? y$r_buff1_thd2 : (y$w_buff0_used && y$r_buff0_thd2 ? FALSE : FALSE));
                                                                                                                              ^
                                                                                                              (                                 )
rfi008_power.opt_false-unreach-call.c:213:35: warning: '&&' within '||' [-Wlogical-op-parentheses]
  y$w_buff1_used = y$w_buff0_used && y$r_buff0_thd2 || y$w_buff1_used && y$r_buff1_thd2 ? FALSE : y$w_buff1_used;
                   ~~~~~~~~~~~~~~~^~~~~~~~~~~~~~~~~ ~~
rfi008_power.opt_false-unreach-call.c:213:35: note: place parentheses around the '&&' expression to silence this warning
  y$w_buff1_used = y$w_buff0_used && y$r_buff0_thd2 || y$w_buff1_used && y$r_buff1_thd2 ? FALSE : y$w_buff1_used;
                                  ^
                   (                               )
rfi008_power.opt_false-unreach-call.c:213:71: warning: '&&' within '||' [-Wlogical-op-parentheses]
  y$w_buff1_used = y$w_buff0_used && y$r_buff0_thd2 || y$w_buff1_used && y$r_buff1_thd2 ? FALSE : y$w_buff1_used;
                                                    ~~ ~~~~~~~~~~~~~~~^~~~~~~~~~~~~~~~~
rfi008_power.opt_false-unreach-call.c:213:71: note: place parentheses around the '&&' expression to silence this warning
  y$w_buff1_used = y$w_buff0_used && y$r_buff0_thd2 || y$w_buff1_used && y$r_buff1_thd2 ? FALSE : y$w_buff1_used;
                                                                      ^
                                                       (                               )
rfi008_power.opt_false-unreach-call.c:215:35: warning: '&&' within '||' [-Wlogical-op-parentheses]
  y$r_buff1_thd2 = y$w_buff0_used && y$r_buff0_thd2 || y$w_buff1_used && y$r_buff1_thd2 ? FALSE : y$r_buff1_thd2;
                   ~~~~~~~~~~~~~~~^~~~~~~~~~~~~~~~~ ~~
rfi008_power.opt_false-unreach-call.c:215:35: note: place parentheses around the '&&' expression to silence this warning
  y$r_buff1_thd2 = y$w_buff0_used && y$r_buff0_thd2 || y$w_buff1_used && y$r_buff1_thd2 ? FALSE : y$r_buff1_thd2;
                                  ^
                   (                               )
rfi008_power.opt_false-unreach-call.c:215:71: warning: '&&' within '||' [-Wlogical-op-parentheses]
  y$r_buff1_thd2 = y$w_buff0_used && y$r_buff0_thd2 || y$w_buff1_used && y$r_buff1_thd2 ? FALSE : y$r_buff1_thd2;
                                                    ~~ ~~~~~~~~~~~~~~~^~~~~~~~~~~~~~~~~
rfi008_power.opt_false-unreach-call.c:215:71: note: place parentheses around the '&&' expression to silence this warning
  y$r_buff1_thd2 = y$w_buff0_used && y$r_buff0_thd2 || y$w_buff1_used && y$r_buff1_thd2 ? FALSE : y$r_buff1_thd2;
                                                                      ^
                                                       (                               )
rfi008_power.opt_false-unreach-call.c:220:10: warning: incompatible integer to pointer conversion returning 'int' from a function with result type 'void *' [-Wint-conversion]
  return nondet_1();
         ^~~~~~~~~~
rfi008_power.opt_false-unreach-call.c:248:38: warning: null passed to a callee which requires a non-null argument [-Wnonnull]
  pthread_create(NULL, NULL, P0, NULL);
                 ~~~~                ^
rfi008_power.opt_false-unreach-call.c:249:38: warning: null passed to a callee which requires a non-null argument [-Wnonnull]
  pthread_create(NULL, NULL, P1, NULL);
                 ~~~~                ^
rfi008_power.opt_false-unreach-call.c:257:35: warning: '&&' within '||' [-Wlogical-op-parentheses]
  y$w_buff1_used = y$w_buff0_used && y$r_buff0_thd0 || y$w_buff1_used && y$r_buff1_thd0 ? FALSE : y$w_buff1_used;
                   ~~~~~~~~~~~~~~~^~~~~~~~~~~~~~~~~ ~~
rfi008_power.opt_false-unreach-call.c:257:35: note: place parentheses around the '&&' expression to silence this warning
  y$w_buff1_used = y$w_buff0_used && y$r_buff0_thd0 || y$w_buff1_used && y$r_buff1_thd0 ? FALSE : y$w_buff1_used;
                                  ^
                   (                               )
rfi008_power.opt_false-unreach-call.c:257:71: warning: '&&' within '||' [-Wlogical-op-parentheses]
  y$w_buff1_used = y$w_buff0_used && y$r_buff0_thd0 || y$w_buff1_used && y$r_buff1_thd0 ? FALSE : y$w_buff1_used;
                                                    ~~ ~~~~~~~~~~~~~~~^~~~~~~~~~~~~~~~~
rfi008_power.opt_false-unreach-call.c:257:71: note: place parentheses around the '&&' expression to silence this warning
  y$w_buff1_used = y$w_buff0_used && y$r_buff0_thd0 || y$w_buff1_used && y$r_buff1_thd0 ? FALSE : y$w_buff1_used;
                                                                      ^
                                                       (                               )
rfi008_power.opt_false-unreach-call.c:259:35: warning: '&&' within '||' [-Wlogical-op-parentheses]
  y$r_buff1_thd0 = y$w_buff0_used && y$r_buff0_thd0 || y$w_buff1_used && y$r_buff1_thd0 ? FALSE : y$r_buff1_thd0;
                   ~~~~~~~~~~~~~~~^~~~~~~~~~~~~~~~~ ~~
rfi008_power.opt_false-unreach-call.c:259:35: note: place parentheses around the '&&' expression to silence this warning
  y$r_buff1_thd0 = y$w_buff0_used && y$r_buff0_thd0 || y$w_buff1_used && y$r_buff1_thd0 ? FALSE : y$r_buff1_thd0;
                                  ^
                   (                               )
rfi008_power.opt_false-unreach-call.c:259:71: warning: '&&' within '||' [-Wlogical-op-parentheses]
  y$r_buff1_thd0 = y$w_buff0_used && y$r_buff0_thd0 || y$w_buff1_used && y$r_buff1_thd0 ? FALSE : y$r_buff1_thd0;
                                                    ~~ ~~~~~~~~~~~~~~~^~~~~~~~~~~~~~~~~
rfi008_power.opt_false-unreach-call.c:259:71: note: place parentheses around the '&&' expression to silence this warning
  y$r_buff1_thd0 = y$w_buff0_used && y$r_buff0_thd0 || y$w_buff1_used && y$r_buff1_thd0 ? FALSE : y$r_buff1_thd0;
                                                                      ^
                                                       (                               )
43 warnings generated.
