rfi007_power.oepc_false-unreach-call.c:4:34: warning: implicit declaration of function '__VERIFIER_assume' is invalid in C99 [-Wimplicit-function-declaration]
void __VERIFIER_atomic_begin() { __VERIFIER_assume(__global_lock==0); __global_lock=1; return; }
                                 ^
rfi007_power.oepc_false-unreach-call.c:151:35: warning: '&&' within '||' [-Wlogical-op-parentheses]
  x$w_buff1_used = x$w_buff0_used && x$r_buff0_thd1 || x$w_buff1_used && x$r_buff1_thd1 ? FALSE : x$w_buff1_used;
                   ~~~~~~~~~~~~~~~^~~~~~~~~~~~~~~~~ ~~
rfi007_power.oepc_false-unreach-call.c:151:35: note: place parentheses around the '&&' expression to silence this warning
  x$w_buff1_used = x$w_buff0_used && x$r_buff0_thd1 || x$w_buff1_used && x$r_buff1_thd1 ? FALSE : x$w_buff1_used;
                                  ^
                   (                               )
rfi007_power.oepc_false-unreach-call.c:151:71: warning: '&&' within '||' [-Wlogical-op-parentheses]
  x$w_buff1_used = x$w_buff0_used && x$r_buff0_thd1 || x$w_buff1_used && x$r_buff1_thd1 ? FALSE : x$w_buff1_used;
                                                    ~~ ~~~~~~~~~~~~~~~^~~~~~~~~~~~~~~~~
rfi007_power.oepc_false-unreach-call.c:151:71: note: place parentheses around the '&&' expression to silence this warning
  x$w_buff1_used = x$w_buff0_used && x$r_buff0_thd1 || x$w_buff1_used && x$r_buff1_thd1 ? FALSE : x$w_buff1_used;
                                                                      ^
                                                       (                               )
rfi007_power.oepc_false-unreach-call.c:153:35: warning: '&&' within '||' [-Wlogical-op-parentheses]
  x$r_buff1_thd1 = x$w_buff0_used && x$r_buff0_thd1 || x$w_buff1_used && x$r_buff1_thd1 ? FALSE : x$r_buff1_thd1;
                   ~~~~~~~~~~~~~~~^~~~~~~~~~~~~~~~~ ~~
rfi007_power.oepc_false-unreach-call.c:153:35: note: place parentheses around the '&&' expression to silence this warning
  x$r_buff1_thd1 = x$w_buff0_used && x$r_buff0_thd1 || x$w_buff1_used && x$r_buff1_thd1 ? FALSE : x$r_buff1_thd1;
                                  ^
                   (                               )
rfi007_power.oepc_false-unreach-call.c:153:71: warning: '&&' within '||' [-Wlogical-op-parentheses]
  x$r_buff1_thd1 = x$w_buff0_used && x$r_buff0_thd1 || x$w_buff1_used && x$r_buff1_thd1 ? FALSE : x$r_buff1_thd1;
                                                    ~~ ~~~~~~~~~~~~~~~^~~~~~~~~~~~~~~~~
rfi007_power.oepc_false-unreach-call.c:153:71: note: place parentheses around the '&&' expression to silence this warning
  x$r_buff1_thd1 = x$w_buff0_used && x$r_buff0_thd1 || x$w_buff1_used && x$r_buff1_thd1 ? FALSE : x$r_buff1_thd1;
                                                                      ^
                                                       (                               )
rfi007_power.oepc_false-unreach-call.c:158:10: warning: implicit declaration of function 'nondet_0' is invalid in C99 [-Wimplicit-function-declaration]
  return nondet_0();
         ^
rfi007_power.oepc_false-unreach-call.c:158:10: warning: incompatible integer to pointer conversion returning 'int' from a function with result type 'void *' [-Wint-conversion]
  return nondet_0();
         ^~~~~~~~~~
rfi007_power.oepc_false-unreach-call.c:172:19: warning: implicit declaration of function 'nondet_1' is invalid in C99 [-Wimplicit-function-declaration]
  weak$$choice0 = nondet_1();
                  ^
rfi007_power.oepc_false-unreach-call.c:176:42: warning: '&&' within '||' [-Wlogical-op-parentheses]
  x = !x$w_buff0_used || !x$r_buff0_thd2 && !x$w_buff1_used || !x$r_buff0_thd2 && !x$r_buff1_thd2 ? x : (x$w_buff0_used && x$r_buff0_thd2 ? x$w_buff0 : x$w_buff1);
                      ~~ ~~~~~~~~~~~~~~~~^~~~~~~~~~~~~~~~~~
rfi007_power.oepc_false-unreach-call.c:176:42: note: place parentheses around the '&&' expression to silence this warning
  x = !x$w_buff0_used || !x$r_buff0_thd2 && !x$w_buff1_used || !x$r_buff0_thd2 && !x$r_buff1_thd2 ? x : (x$w_buff0_used && x$r_buff0_thd2 ? x$w_buff0 : x$w_buff1);
                                         ^
                         (                                 )
rfi007_power.oepc_false-unreach-call.c:176:80: warning: '&&' within '||' [-Wlogical-op-parentheses]
  x = !x$w_buff0_used || !x$r_buff0_thd2 && !x$w_buff1_used || !x$r_buff0_thd2 && !x$r_buff1_thd2 ? x : (x$w_buff0_used && x$r_buff0_thd2 ? x$w_buff0 : x$w_buff1);
                                                            ~~ ~~~~~~~~~~~~~~~~^~~~~~~~~~~~~~~~~~
rfi007_power.oepc_false-unreach-call.c:176:80: note: place parentheses around the '&&' expression to silence this warning
  x = !x$w_buff0_used || !x$r_buff0_thd2 && !x$w_buff1_used || !x$r_buff0_thd2 && !x$r_buff1_thd2 ? x : (x$w_buff0_used && x$r_buff0_thd2 ? x$w_buff0 : x$w_buff1);
                                                                               ^
                                                               (                                 )
rfi007_power.oepc_false-unreach-call.c:177:79: warning: '&&' within '||' [-Wlogical-op-parentheses]
  x$w_buff0 = weak$$choice2 ? x$w_buff0 : (!x$w_buff0_used || !x$r_buff0_thd2 && !x$w_buff1_used || !x$r_buff0_thd2 && !x$r_buff1_thd2 ? x$w_buff0 : (x$w_buff0_used && x$r_buff0_thd2 ? x$w_buff0 : x$w_buff0));
                                                           ~~ ~~~~~~~~~~~~~~~~^~~~~~~~~~~~~~~~~~
rfi007_power.oepc_false-unreach-call.c:177:79: note: place parentheses around the '&&' expression to silence this warning
  x$w_buff0 = weak$$choice2 ? x$w_buff0 : (!x$w_buff0_used || !x$r_buff0_thd2 && !x$w_buff1_used || !x$r_buff0_thd2 && !x$r_buff1_thd2 ? x$w_buff0 : (x$w_buff0_used && x$r_buff0_thd2 ? x$w_buff0 : x$w_buff0));
                                                                              ^
                                                              (                                 )
rfi007_power.oepc_false-unreach-call.c:177:117: warning: '&&' within '||' [-Wlogical-op-parentheses]
  x$w_buff0 = weak$$choice2 ? x$w_buff0 : (!x$w_buff0_used || !x$r_buff0_thd2 && !x$w_buff1_used || !x$r_buff0_thd2 && !x$r_buff1_thd2 ? x$w_buff0 : (x$w_buff0_used && x$r_buff0_thd2 ? x$w_buff0 : x$w_buff0));
                                                                                                 ~~ ~~~~~~~~~~~~~~~~^~~~~~~~~~~~~~~~~~
rfi007_power.oepc_false-unreach-call.c:177:117: note: place parentheses around the '&&' expression to silence this warning
  x$w_buff0 = weak$$choice2 ? x$w_buff0 : (!x$w_buff0_used || !x$r_buff0_thd2 && !x$w_buff1_used || !x$r_buff0_thd2 && !x$r_buff1_thd2 ? x$w_buff0 : (x$w_buff0_used && x$r_buff0_thd2 ? x$w_buff0 : x$w_buff0));
                                                                                                                    ^
                                                                                                    (                                 )
rfi007_power.oepc_false-unreach-call.c:178:79: warning: '&&' within '||' [-Wlogical-op-parentheses]
  x$w_buff1 = weak$$choice2 ? x$w_buff1 : (!x$w_buff0_used || !x$r_buff0_thd2 && !x$w_buff1_used || !x$r_buff0_thd2 && !x$r_buff1_thd2 ? x$w_buff1 : (x$w_buff0_used && x$r_buff0_thd2 ? x$w_buff1 : x$w_buff1));
                                                           ~~ ~~~~~~~~~~~~~~~~^~~~~~~~~~~~~~~~~~
rfi007_power.oepc_false-unreach-call.c:178:79: note: place parentheses around the '&&' expression to silence this warning
  x$w_buff1 = weak$$choice2 ? x$w_buff1 : (!x$w_buff0_used || !x$r_buff0_thd2 && !x$w_buff1_used || !x$r_buff0_thd2 && !x$r_buff1_thd2 ? x$w_buff1 : (x$w_buff0_used && x$r_buff0_thd2 ? x$w_buff1 : x$w_buff1));
                                                                              ^
                                                              (                                 )
rfi007_power.oepc_false-unreach-call.c:178:117: warning: '&&' within '||' [-Wlogical-op-parentheses]
  x$w_buff1 = weak$$choice2 ? x$w_buff1 : (!x$w_buff0_used || !x$r_buff0_thd2 && !x$w_buff1_used || !x$r_buff0_thd2 && !x$r_buff1_thd2 ? x$w_buff1 : (x$w_buff0_used && x$r_buff0_thd2 ? x$w_buff1 : x$w_buff1));
                                                                                                 ~~ ~~~~~~~~~~~~~~~~^~~~~~~~~~~~~~~~~~
rfi007_power.oepc_false-unreach-call.c:178:117: note: place parentheses around the '&&' expression to silence this warning
  x$w_buff1 = weak$$choice2 ? x$w_buff1 : (!x$w_buff0_used || !x$r_buff0_thd2 && !x$w_buff1_used || !x$r_buff0_thd2 && !x$r_buff1_thd2 ? x$w_buff1 : (x$w_buff0_used && x$r_buff0_thd2 ? x$w_buff1 : x$w_buff1));
                                                                                                                    ^
                                                                                                    (                                 )
rfi007_power.oepc_false-unreach-call.c:179:89: warning: '&&' within '||' [-Wlogical-op-parentheses]
  x$w_buff0_used = weak$$choice2 ? x$w_buff0_used : (!x$w_buff0_used || !x$r_buff0_thd2 && !x$w_buff1_used || !x$r_buff0_thd2 && !x$r_buff1_thd2 ? x$w_buff0_used : (x$w_buff0_used && x$r_buff0_thd2 ? FALSE : x$w_buff0_used));
                                                                     ~~ ~~~~~~~~~~~~~~~~^~~~~~~~~~~~~~~~~~
rfi007_power.oepc_false-unreach-call.c:179:89: note: place parentheses around the '&&' expression to silence this warning
  x$w_buff0_used = weak$$choice2 ? x$w_buff0_used : (!x$w_buff0_used || !x$r_buff0_thd2 && !x$w_buff1_used || !x$r_buff0_thd2 && !x$r_buff1_thd2 ? x$w_buff0_used : (x$w_buff0_used && x$r_buff0_thd2 ? FALSE : x$w_buff0_used));
                                                                                        ^
                                                                        (                                 )
rfi007_power.oepc_false-unreach-call.c:179:127: warning: '&&' within '||' [-Wlogical-op-parentheses]
  x$w_buff0_used = weak$$choice2 ? x$w_buff0_used : (!x$w_buff0_used || !x$r_buff0_thd2 && !x$w_buff1_used || !x$r_buff0_thd2 && !x$r_buff1_thd2 ? x$w_buff0_used : (x$w_buff0_used && x$r_buff0_thd2 ? FALSE : x$w_buff0_used));
                                                                                                           ~~ ~~~~~~~~~~~~~~~~^~~~~~~~~~~~~~~~~~
rfi007_power.oepc_false-unreach-call.c:179:127: note: place parentheses around the '&&' expression to silence this warning
  x$w_buff0_used = weak$$choice2 ? x$w_buff0_used : (!x$w_buff0_used || !x$r_buff0_thd2 && !x$w_buff1_used || !x$r_buff0_thd2 && !x$r_buff1_thd2 ? x$w_buff0_used : (x$w_buff0_used && x$r_buff0_thd2 ? FALSE : x$w_buff0_used));
                                                                                                                              ^
                                                                                                              (                                 )
rfi007_power.oepc_false-unreach-call.c:180:89: warning: '&&' within '||' [-Wlogical-op-parentheses]
  x$w_buff1_used = weak$$choice2 ? x$w_buff1_used : (!x$w_buff0_used || !x$r_buff0_thd2 && !x$w_buff1_used || !x$r_buff0_thd2 && !x$r_buff1_thd2 ? x$w_buff1_used : (x$w_buff0_used && x$r_buff0_thd2 ? FALSE : FALSE));
                                                                     ~~ ~~~~~~~~~~~~~~~~^~~~~~~~~~~~~~~~~~
rfi007_power.oepc_false-unreach-call.c:180:89: note: place parentheses around the '&&' expression to silence this warning
  x$w_buff1_used = weak$$choice2 ? x$w_buff1_used : (!x$w_buff0_used || !x$r_buff0_thd2 && !x$w_buff1_used || !x$r_buff0_thd2 && !x$r_buff1_thd2 ? x$w_buff1_used : (x$w_buff0_used && x$r_buff0_thd2 ? FALSE : FALSE));
                                                                                        ^
                                                                        (                                 )
rfi007_power.oepc_false-unreach-call.c:180:127: warning: '&&' within '||' [-Wlogical-op-parentheses]
  x$w_buff1_used = weak$$choice2 ? x$w_buff1_used : (!x$w_buff0_used || !x$r_buff0_thd2 && !x$w_buff1_used || !x$r_buff0_thd2 && !x$r_buff1_thd2 ? x$w_buff1_used : (x$w_buff0_used && x$r_buff0_thd2 ? FALSE : FALSE));
                                                                                                           ~~ ~~~~~~~~~~~~~~~~^~~~~~~~~~~~~~~~~~
rfi007_power.oepc_false-unreach-call.c:180:127: note: place parentheses around the '&&' expression to silence this warning
  x$w_buff1_used = weak$$choice2 ? x$w_buff1_used : (!x$w_buff0_used || !x$r_buff0_thd2 && !x$w_buff1_used || !x$r_buff0_thd2 && !x$r_buff1_thd2 ? x$w_buff1_used : (x$w_buff0_used && x$r_buff0_thd2 ? FALSE : FALSE));
                                                                                                                              ^
                                                                                                              (                                 )
rfi007_power.oepc_false-unreach-call.c:181:89: warning: '&&' within '||' [-Wlogical-op-parentheses]
  x$r_buff0_thd2 = weak$$choice2 ? x$r_buff0_thd2 : (!x$w_buff0_used || !x$r_buff0_thd2 && !x$w_buff1_used || !x$r_buff0_thd2 && !x$r_buff1_thd2 ? x$r_buff0_thd2 : (x$w_buff0_used && x$r_buff0_thd2 ? FALSE : x$r_buff0_thd2));
                                                                     ~~ ~~~~~~~~~~~~~~~~^~~~~~~~~~~~~~~~~~
rfi007_power.oepc_false-unreach-call.c:181:89: note: place parentheses around the '&&' expression to silence this warning
  x$r_buff0_thd2 = weak$$choice2 ? x$r_buff0_thd2 : (!x$w_buff0_used || !x$r_buff0_thd2 && !x$w_buff1_used || !x$r_buff0_thd2 && !x$r_buff1_thd2 ? x$r_buff0_thd2 : (x$w_buff0_used && x$r_buff0_thd2 ? FALSE : x$r_buff0_thd2));
                                                                                        ^
                                                                        (                                 )
rfi007_power.oepc_false-unreach-call.c:181:127: warning: '&&' within '||' [-Wlogical-op-parentheses]
  x$r_buff0_thd2 = weak$$choice2 ? x$r_buff0_thd2 : (!x$w_buff0_used || !x$r_buff0_thd2 && !x$w_buff1_used || !x$r_buff0_thd2 && !x$r_buff1_thd2 ? x$r_buff0_thd2 : (x$w_buff0_used && x$r_buff0_thd2 ? FALSE : x$r_buff0_thd2));
                                                                                                           ~~ ~~~~~~~~~~~~~~~~^~~~~~~~~~~~~~~~~~
rfi007_power.oepc_false-unreach-call.c:181:127: note: place parentheses around the '&&' expression to silence this warning
  x$r_buff0_thd2 = weak$$choice2 ? x$r_buff0_thd2 : (!x$w_buff0_used || !x$r_buff0_thd2 && !x$w_buff1_used || !x$r_buff0_thd2 && !x$r_buff1_thd2 ? x$r_buff0_thd2 : (x$w_buff0_used && x$r_buff0_thd2 ? FALSE : x$r_buff0_thd2));
                                                                                                                              ^
                                                                                                              (                                 )
rfi007_power.oepc_false-unreach-call.c:182:89: warning: '&&' within '||' [-Wlogical-op-parentheses]
  x$r_buff1_thd2 = weak$$choice2 ? x$r_buff1_thd2 : (!x$w_buff0_used || !x$r_buff0_thd2 && !x$w_buff1_used || !x$r_buff0_thd2 && !x$r_buff1_thd2 ? x$r_buff1_thd2 : (x$w_buff0_used && x$r_buff0_thd2 ? FALSE : FALSE));
                                                                     ~~ ~~~~~~~~~~~~~~~~^~~~~~~~~~~~~~~~~~
rfi007_power.oepc_false-unreach-call.c:182:89: note: place parentheses around the '&&' expression to silence this warning
  x$r_buff1_thd2 = weak$$choice2 ? x$r_buff1_thd2 : (!x$w_buff0_used || !x$r_buff0_thd2 && !x$w_buff1_used || !x$r_buff0_thd2 && !x$r_buff1_thd2 ? x$r_buff1_thd2 : (x$w_buff0_used && x$r_buff0_thd2 ? FALSE : FALSE));
                                                                                        ^
                                                                        (                                 )
rfi007_power.oepc_false-unreach-call.c:182:127: warning: '&&' within '||' [-Wlogical-op-parentheses]
  x$r_buff1_thd2 = weak$$choice2 ? x$r_buff1_thd2 : (!x$w_buff0_used || !x$r_buff0_thd2 && !x$w_buff1_used || !x$r_buff0_thd2 && !x$r_buff1_thd2 ? x$r_buff1_thd2 : (x$w_buff0_used && x$r_buff0_thd2 ? FALSE : FALSE));
                                                                                                           ~~ ~~~~~~~~~~~~~~~~^~~~~~~~~~~~~~~~~~
rfi007_power.oepc_false-unreach-call.c:182:127: note: place parentheses around the '&&' expression to silence this warning
  x$r_buff1_thd2 = weak$$choice2 ? x$r_buff1_thd2 : (!x$w_buff0_used || !x$r_buff0_thd2 && !x$w_buff1_used || !x$r_buff0_thd2 && !x$r_buff1_thd2 ? x$r_buff1_thd2 : (x$w_buff0_used && x$r_buff0_thd2 ? FALSE : FALSE));
                                                                                                                              ^
                                                                                                              (                                 )
rfi007_power.oepc_false-unreach-call.c:190:35: warning: '&&' within '||' [-Wlogical-op-parentheses]
  x$w_buff1_used = x$w_buff0_used && x$r_buff0_thd2 || x$w_buff1_used && x$r_buff1_thd2 ? FALSE : x$w_buff1_used;
                   ~~~~~~~~~~~~~~~^~~~~~~~~~~~~~~~~ ~~
rfi007_power.oepc_false-unreach-call.c:190:35: note: place parentheses around the '&&' expression to silence this warning
  x$w_buff1_used = x$w_buff0_used && x$r_buff0_thd2 || x$w_buff1_used && x$r_buff1_thd2 ? FALSE : x$w_buff1_used;
                                  ^
                   (                               )
rfi007_power.oepc_false-unreach-call.c:190:71: warning: '&&' within '||' [-Wlogical-op-parentheses]
  x$w_buff1_used = x$w_buff0_used && x$r_buff0_thd2 || x$w_buff1_used && x$r_buff1_thd2 ? FALSE : x$w_buff1_used;
                                                    ~~ ~~~~~~~~~~~~~~~^~~~~~~~~~~~~~~~~
rfi007_power.oepc_false-unreach-call.c:190:71: note: place parentheses around the '&&' expression to silence this warning
  x$w_buff1_used = x$w_buff0_used && x$r_buff0_thd2 || x$w_buff1_used && x$r_buff1_thd2 ? FALSE : x$w_buff1_used;
                                                                      ^
                                                       (                               )
rfi007_power.oepc_false-unreach-call.c:192:35: warning: '&&' within '||' [-Wlogical-op-parentheses]
  x$r_buff1_thd2 = x$w_buff0_used && x$r_buff0_thd2 || x$w_buff1_used && x$r_buff1_thd2 ? FALSE : x$r_buff1_thd2;
                   ~~~~~~~~~~~~~~~^~~~~~~~~~~~~~~~~ ~~
rfi007_power.oepc_false-unreach-call.c:192:35: note: place parentheses around the '&&' expression to silence this warning
  x$r_buff1_thd2 = x$w_buff0_used && x$r_buff0_thd2 || x$w_buff1_used && x$r_buff1_thd2 ? FALSE : x$r_buff1_thd2;
                                  ^
                   (                               )
rfi007_power.oepc_false-unreach-call.c:192:71: warning: '&&' within '||' [-Wlogical-op-parentheses]
  x$r_buff1_thd2 = x$w_buff0_used && x$r_buff0_thd2 || x$w_buff1_used && x$r_buff1_thd2 ? FALSE : x$r_buff1_thd2;
                                                    ~~ ~~~~~~~~~~~~~~~^~~~~~~~~~~~~~~~~
rfi007_power.oepc_false-unreach-call.c:192:71: note: place parentheses around the '&&' expression to silence this warning
  x$r_buff1_thd2 = x$w_buff0_used && x$r_buff0_thd2 || x$w_buff1_used && x$r_buff1_thd2 ? FALSE : x$r_buff1_thd2;
                                                                      ^
                                                       (                               )
rfi007_power.oepc_false-unreach-call.c:197:10: warning: incompatible integer to pointer conversion returning 'int' from a function with result type 'void *' [-Wint-conversion]
  return nondet_0();
         ^~~~~~~~~~
rfi007_power.oepc_false-unreach-call.c:225:38: warning: null passed to a callee which requires a non-null argument [-Wnonnull]
  pthread_create(NULL, NULL, P0, NULL);
                 ~~~~                ^
rfi007_power.oepc_false-unreach-call.c:226:38: warning: null passed to a callee which requires a non-null argument [-Wnonnull]
  pthread_create(NULL, NULL, P1, NULL);
                 ~~~~                ^
rfi007_power.oepc_false-unreach-call.c:234:35: warning: '&&' within '||' [-Wlogical-op-parentheses]
  x$w_buff1_used = x$w_buff0_used && x$r_buff0_thd0 || x$w_buff1_used && x$r_buff1_thd0 ? FALSE : x$w_buff1_used;
                   ~~~~~~~~~~~~~~~^~~~~~~~~~~~~~~~~ ~~
rfi007_power.oepc_false-unreach-call.c:234:35: note: place parentheses around the '&&' expression to silence this warning
  x$w_buff1_used = x$w_buff0_used && x$r_buff0_thd0 || x$w_buff1_used && x$r_buff1_thd0 ? FALSE : x$w_buff1_used;
                                  ^
                   (                               )
rfi007_power.oepc_false-unreach-call.c:234:71: warning: '&&' within '||' [-Wlogical-op-parentheses]
  x$w_buff1_used = x$w_buff0_used && x$r_buff0_thd0 || x$w_buff1_used && x$r_buff1_thd0 ? FALSE : x$w_buff1_used;
                                                    ~~ ~~~~~~~~~~~~~~~^~~~~~~~~~~~~~~~~
rfi007_power.oepc_false-unreach-call.c:234:71: note: place parentheses around the '&&' expression to silence this warning
  x$w_buff1_used = x$w_buff0_used && x$r_buff0_thd0 || x$w_buff1_used && x$r_buff1_thd0 ? FALSE : x$w_buff1_used;
                                                                      ^
                                                       (                               )
rfi007_power.oepc_false-unreach-call.c:236:35: warning: '&&' within '||' [-Wlogical-op-parentheses]
  x$r_buff1_thd0 = x$w_buff0_used && x$r_buff0_thd0 || x$w_buff1_used && x$r_buff1_thd0 ? FALSE : x$r_buff1_thd0;
                   ~~~~~~~~~~~~~~~^~~~~~~~~~~~~~~~~ ~~
rfi007_power.oepc_false-unreach-call.c:236:35: note: place parentheses around the '&&' expression to silence this warning
  x$r_buff1_thd0 = x$w_buff0_used && x$r_buff0_thd0 || x$w_buff1_used && x$r_buff1_thd0 ? FALSE : x$r_buff1_thd0;
                                  ^
                   (                               )
rfi007_power.oepc_false-unreach-call.c:236:71: warning: '&&' within '||' [-Wlogical-op-parentheses]
  x$r_buff1_thd0 = x$w_buff0_used && x$r_buff0_thd0 || x$w_buff1_used && x$r_buff1_thd0 ? FALSE : x$r_buff1_thd0;
                                                    ~~ ~~~~~~~~~~~~~~~^~~~~~~~~~~~~~~~~
rfi007_power.oepc_false-unreach-call.c:236:71: note: place parentheses around the '&&' expression to silence this warning
  x$r_buff1_thd0 = x$w_buff0_used && x$r_buff0_thd0 || x$w_buff1_used && x$r_buff1_thd0 ? FALSE : x$r_buff1_thd0;
                                                                      ^
                                                       (                               )
33 warnings generated.
