rfi009_power.oepc_false-unreach-call.c:4:34: warning: implicit declaration of function '__VERIFIER_assume' is invalid in C99 [-Wimplicit-function-declaration]
void __VERIFIER_atomic_begin() { __VERIFIER_assume(__global_lock==0); __global_lock=1; return; }
                                 ^
rfi009_power.oepc_false-unreach-call.c:207:19: warning: implicit declaration of function 'nondet_0' is invalid in C99 [-Wimplicit-function-declaration]
  weak$$choice0 = nondet_0();
                  ^
rfi009_power.oepc_false-unreach-call.c:233:10: warning: implicit declaration of function 'nondet_1' is invalid in C99 [-Wimplicit-function-declaration]
  return nondet_1();
         ^
rfi009_power.oepc_false-unreach-call.c:233:10: warning: incompatible integer to pointer conversion returning 'int' from a function with result type 'void *' [-Wint-conversion]
  return nondet_1();
         ^~~~~~~~~~
rfi009_power.oepc_false-unreach-call.c:251:42: warning: '&&' within '||' [-Wlogical-op-parentheses]
  x = !x$w_buff0_used || !x$r_buff0_thd2 && !x$w_buff1_used || !x$r_buff0_thd2 && !x$r_buff1_thd2 ? x : (x$w_buff0_used && x$r_buff0_thd2 ? x$w_buff0 : x$w_buff1);
                      ~~ ~~~~~~~~~~~~~~~~^~~~~~~~~~~~~~~~~~
rfi009_power.oepc_false-unreach-call.c:251:42: note: place parentheses around the '&&' expression to silence this warning
  x = !x$w_buff0_used || !x$r_buff0_thd2 && !x$w_buff1_used || !x$r_buff0_thd2 && !x$r_buff1_thd2 ? x : (x$w_buff0_used && x$r_buff0_thd2 ? x$w_buff0 : x$w_buff1);
                                         ^
                         (                                 )
rfi009_power.oepc_false-unreach-call.c:251:80: warning: '&&' within '||' [-Wlogical-op-parentheses]
  x = !x$w_buff0_used || !x$r_buff0_thd2 && !x$w_buff1_used || !x$r_buff0_thd2 && !x$r_buff1_thd2 ? x : (x$w_buff0_used && x$r_buff0_thd2 ? x$w_buff0 : x$w_buff1);
                                                            ~~ ~~~~~~~~~~~~~~~~^~~~~~~~~~~~~~~~~~
rfi009_power.oepc_false-unreach-call.c:251:80: note: place parentheses around the '&&' expression to silence this warning
  x = !x$w_buff0_used || !x$r_buff0_thd2 && !x$w_buff1_used || !x$r_buff0_thd2 && !x$r_buff1_thd2 ? x : (x$w_buff0_used && x$r_buff0_thd2 ? x$w_buff0 : x$w_buff1);
                                                                               ^
                                                               (                                 )
rfi009_power.oepc_false-unreach-call.c:252:79: warning: '&&' within '||' [-Wlogical-op-parentheses]
  x$w_buff0 = weak$$choice2 ? x$w_buff0 : (!x$w_buff0_used || !x$r_buff0_thd2 && !x$w_buff1_used || !x$r_buff0_thd2 && !x$r_buff1_thd2 ? x$w_buff0 : (x$w_buff0_used && x$r_buff0_thd2 ? x$w_buff0 : x$w_buff0));
                                                           ~~ ~~~~~~~~~~~~~~~~^~~~~~~~~~~~~~~~~~
rfi009_power.oepc_false-unreach-call.c:252:79: note: place parentheses around the '&&' expression to silence this warning
  x$w_buff0 = weak$$choice2 ? x$w_buff0 : (!x$w_buff0_used || !x$r_buff0_thd2 && !x$w_buff1_used || !x$r_buff0_thd2 && !x$r_buff1_thd2 ? x$w_buff0 : (x$w_buff0_used && x$r_buff0_thd2 ? x$w_buff0 : x$w_buff0));
                                                                              ^
                                                              (                                 )
rfi009_power.oepc_false-unreach-call.c:252:117: warning: '&&' within '||' [-Wlogical-op-parentheses]
  x$w_buff0 = weak$$choice2 ? x$w_buff0 : (!x$w_buff0_used || !x$r_buff0_thd2 && !x$w_buff1_used || !x$r_buff0_thd2 && !x$r_buff1_thd2 ? x$w_buff0 : (x$w_buff0_used && x$r_buff0_thd2 ? x$w_buff0 : x$w_buff0));
                                                                                                 ~~ ~~~~~~~~~~~~~~~~^~~~~~~~~~~~~~~~~~
rfi009_power.oepc_false-unreach-call.c:252:117: note: place parentheses around the '&&' expression to silence this warning
  x$w_buff0 = weak$$choice2 ? x$w_buff0 : (!x$w_buff0_used || !x$r_buff0_thd2 && !x$w_buff1_used || !x$r_buff0_thd2 && !x$r_buff1_thd2 ? x$w_buff0 : (x$w_buff0_used && x$r_buff0_thd2 ? x$w_buff0 : x$w_buff0));
                                                                                                                    ^
                                                                                                    (                                 )
rfi009_power.oepc_false-unreach-call.c:253:79: warning: '&&' within '||' [-Wlogical-op-parentheses]
  x$w_buff1 = weak$$choice2 ? x$w_buff1 : (!x$w_buff0_used || !x$r_buff0_thd2 && !x$w_buff1_used || !x$r_buff0_thd2 && !x$r_buff1_thd2 ? x$w_buff1 : (x$w_buff0_used && x$r_buff0_thd2 ? x$w_buff1 : x$w_buff1));
                                                           ~~ ~~~~~~~~~~~~~~~~^~~~~~~~~~~~~~~~~~
rfi009_power.oepc_false-unreach-call.c:253:79: note: place parentheses around the '&&' expression to silence this warning
  x$w_buff1 = weak$$choice2 ? x$w_buff1 : (!x$w_buff0_used || !x$r_buff0_thd2 && !x$w_buff1_used || !x$r_buff0_thd2 && !x$r_buff1_thd2 ? x$w_buff1 : (x$w_buff0_used && x$r_buff0_thd2 ? x$w_buff1 : x$w_buff1));
                                                                              ^
                                                              (                                 )
rfi009_power.oepc_false-unreach-call.c:253:117: warning: '&&' within '||' [-Wlogical-op-parentheses]
  x$w_buff1 = weak$$choice2 ? x$w_buff1 : (!x$w_buff0_used || !x$r_buff0_thd2 && !x$w_buff1_used || !x$r_buff0_thd2 && !x$r_buff1_thd2 ? x$w_buff1 : (x$w_buff0_used && x$r_buff0_thd2 ? x$w_buff1 : x$w_buff1));
                                                                                                 ~~ ~~~~~~~~~~~~~~~~^~~~~~~~~~~~~~~~~~
rfi009_power.oepc_false-unreach-call.c:253:117: note: place parentheses around the '&&' expression to silence this warning
  x$w_buff1 = weak$$choice2 ? x$w_buff1 : (!x$w_buff0_used || !x$r_buff0_thd2 && !x$w_buff1_used || !x$r_buff0_thd2 && !x$r_buff1_thd2 ? x$w_buff1 : (x$w_buff0_used && x$r_buff0_thd2 ? x$w_buff1 : x$w_buff1));
                                                                                                                    ^
                                                                                                    (                                 )
rfi009_power.oepc_false-unreach-call.c:254:89: warning: '&&' within '||' [-Wlogical-op-parentheses]
  x$w_buff0_used = weak$$choice2 ? x$w_buff0_used : (!x$w_buff0_used || !x$r_buff0_thd2 && !x$w_buff1_used || !x$r_buff0_thd2 && !x$r_buff1_thd2 ? x$w_buff0_used : (x$w_buff0_used && x$r_buff0_thd2 ? FALSE : x$w_buff0_used));
                                                                     ~~ ~~~~~~~~~~~~~~~~^~~~~~~~~~~~~~~~~~
rfi009_power.oepc_false-unreach-call.c:254:89: note: place parentheses around the '&&' expression to silence this warning
  x$w_buff0_used = weak$$choice2 ? x$w_buff0_used : (!x$w_buff0_used || !x$r_buff0_thd2 && !x$w_buff1_used || !x$r_buff0_thd2 && !x$r_buff1_thd2 ? x$w_buff0_used : (x$w_buff0_used && x$r_buff0_thd2 ? FALSE : x$w_buff0_used));
                                                                                        ^
                                                                        (                                 )
rfi009_power.oepc_false-unreach-call.c:254:127: warning: '&&' within '||' [-Wlogical-op-parentheses]
  x$w_buff0_used = weak$$choice2 ? x$w_buff0_used : (!x$w_buff0_used || !x$r_buff0_thd2 && !x$w_buff1_used || !x$r_buff0_thd2 && !x$r_buff1_thd2 ? x$w_buff0_used : (x$w_buff0_used && x$r_buff0_thd2 ? FALSE : x$w_buff0_used));
                                                                                                           ~~ ~~~~~~~~~~~~~~~~^~~~~~~~~~~~~~~~~~
rfi009_power.oepc_false-unreach-call.c:254:127: note: place parentheses around the '&&' expression to silence this warning
  x$w_buff0_used = weak$$choice2 ? x$w_buff0_used : (!x$w_buff0_used || !x$r_buff0_thd2 && !x$w_buff1_used || !x$r_buff0_thd2 && !x$r_buff1_thd2 ? x$w_buff0_used : (x$w_buff0_used && x$r_buff0_thd2 ? FALSE : x$w_buff0_used));
                                                                                                                              ^
                                                                                                              (                                 )
rfi009_power.oepc_false-unreach-call.c:255:89: warning: '&&' within '||' [-Wlogical-op-parentheses]
  x$w_buff1_used = weak$$choice2 ? x$w_buff1_used : (!x$w_buff0_used || !x$r_buff0_thd2 && !x$w_buff1_used || !x$r_buff0_thd2 && !x$r_buff1_thd2 ? x$w_buff1_used : (x$w_buff0_used && x$r_buff0_thd2 ? FALSE : FALSE));
                                                                     ~~ ~~~~~~~~~~~~~~~~^~~~~~~~~~~~~~~~~~
rfi009_power.oepc_false-unreach-call.c:255:89: note: place parentheses around the '&&' expression to silence this warning
  x$w_buff1_used = weak$$choice2 ? x$w_buff1_used : (!x$w_buff0_used || !x$r_buff0_thd2 && !x$w_buff1_used || !x$r_buff0_thd2 && !x$r_buff1_thd2 ? x$w_buff1_used : (x$w_buff0_used && x$r_buff0_thd2 ? FALSE : FALSE));
                                                                                        ^
                                                                        (                                 )
rfi009_power.oepc_false-unreach-call.c:255:127: warning: '&&' within '||' [-Wlogical-op-parentheses]
  x$w_buff1_used = weak$$choice2 ? x$w_buff1_used : (!x$w_buff0_used || !x$r_buff0_thd2 && !x$w_buff1_used || !x$r_buff0_thd2 && !x$r_buff1_thd2 ? x$w_buff1_used : (x$w_buff0_used && x$r_buff0_thd2 ? FALSE : FALSE));
                                                                                                           ~~ ~~~~~~~~~~~~~~~~^~~~~~~~~~~~~~~~~~
rfi009_power.oepc_false-unreach-call.c:255:127: note: place parentheses around the '&&' expression to silence this warning
  x$w_buff1_used = weak$$choice2 ? x$w_buff1_used : (!x$w_buff0_used || !x$r_buff0_thd2 && !x$w_buff1_used || !x$r_buff0_thd2 && !x$r_buff1_thd2 ? x$w_buff1_used : (x$w_buff0_used && x$r_buff0_thd2 ? FALSE : FALSE));
                                                                                                                              ^
                                                                                                              (                                 )
rfi009_power.oepc_false-unreach-call.c:256:89: warning: '&&' within '||' [-Wlogical-op-parentheses]
  x$r_buff0_thd2 = weak$$choice2 ? x$r_buff0_thd2 : (!x$w_buff0_used || !x$r_buff0_thd2 && !x$w_buff1_used || !x$r_buff0_thd2 && !x$r_buff1_thd2 ? x$r_buff0_thd2 : (x$w_buff0_used && x$r_buff0_thd2 ? FALSE : x$r_buff0_thd2));
                                                                     ~~ ~~~~~~~~~~~~~~~~^~~~~~~~~~~~~~~~~~
rfi009_power.oepc_false-unreach-call.c:256:89: note: place parentheses around the '&&' expression to silence this warning
  x$r_buff0_thd2 = weak$$choice2 ? x$r_buff0_thd2 : (!x$w_buff0_used || !x$r_buff0_thd2 && !x$w_buff1_used || !x$r_buff0_thd2 && !x$r_buff1_thd2 ? x$r_buff0_thd2 : (x$w_buff0_used && x$r_buff0_thd2 ? FALSE : x$r_buff0_thd2));
                                                                                        ^
                                                                        (                                 )
rfi009_power.oepc_false-unreach-call.c:256:127: warning: '&&' within '||' [-Wlogical-op-parentheses]
  x$r_buff0_thd2 = weak$$choice2 ? x$r_buff0_thd2 : (!x$w_buff0_used || !x$r_buff0_thd2 && !x$w_buff1_used || !x$r_buff0_thd2 && !x$r_buff1_thd2 ? x$r_buff0_thd2 : (x$w_buff0_used && x$r_buff0_thd2 ? FALSE : x$r_buff0_thd2));
                                                                                                           ~~ ~~~~~~~~~~~~~~~~^~~~~~~~~~~~~~~~~~
rfi009_power.oepc_false-unreach-call.c:256:127: note: place parentheses around the '&&' expression to silence this warning
  x$r_buff0_thd2 = weak$$choice2 ? x$r_buff0_thd2 : (!x$w_buff0_used || !x$r_buff0_thd2 && !x$w_buff1_used || !x$r_buff0_thd2 && !x$r_buff1_thd2 ? x$r_buff0_thd2 : (x$w_buff0_used && x$r_buff0_thd2 ? FALSE : x$r_buff0_thd2));
                                                                                                                              ^
                                                                                                              (                                 )
rfi009_power.oepc_false-unreach-call.c:257:89: warning: '&&' within '||' [-Wlogical-op-parentheses]
  x$r_buff1_thd2 = weak$$choice2 ? x$r_buff1_thd2 : (!x$w_buff0_used || !x$r_buff0_thd2 && !x$w_buff1_used || !x$r_buff0_thd2 && !x$r_buff1_thd2 ? x$r_buff1_thd2 : (x$w_buff0_used && x$r_buff0_thd2 ? FALSE : FALSE));
                                                                     ~~ ~~~~~~~~~~~~~~~~^~~~~~~~~~~~~~~~~~
rfi009_power.oepc_false-unreach-call.c:257:89: note: place parentheses around the '&&' expression to silence this warning
  x$r_buff1_thd2 = weak$$choice2 ? x$r_buff1_thd2 : (!x$w_buff0_used || !x$r_buff0_thd2 && !x$w_buff1_used || !x$r_buff0_thd2 && !x$r_buff1_thd2 ? x$r_buff1_thd2 : (x$w_buff0_used && x$r_buff0_thd2 ? FALSE : FALSE));
                                                                                        ^
                                                                        (                                 )
rfi009_power.oepc_false-unreach-call.c:257:127: warning: '&&' within '||' [-Wlogical-op-parentheses]
  x$r_buff1_thd2 = weak$$choice2 ? x$r_buff1_thd2 : (!x$w_buff0_used || !x$r_buff0_thd2 && !x$w_buff1_used || !x$r_buff0_thd2 && !x$r_buff1_thd2 ? x$r_buff1_thd2 : (x$w_buff0_used && x$r_buff0_thd2 ? FALSE : FALSE));
                                                                                                           ~~ ~~~~~~~~~~~~~~~~^~~~~~~~~~~~~~~~~~
rfi009_power.oepc_false-unreach-call.c:257:127: note: place parentheses around the '&&' expression to silence this warning
  x$r_buff1_thd2 = weak$$choice2 ? x$r_buff1_thd2 : (!x$w_buff0_used || !x$r_buff0_thd2 && !x$w_buff1_used || !x$r_buff0_thd2 && !x$r_buff1_thd2 ? x$r_buff1_thd2 : (x$w_buff0_used && x$r_buff0_thd2 ? FALSE : FALSE));
                                                                                                                              ^
                                                                                                              (                                 )
rfi009_power.oepc_false-unreach-call.c:267:10: warning: incompatible integer to pointer conversion returning 'int' from a function with result type 'void *' [-Wint-conversion]
  return nondet_1();
         ^~~~~~~~~~
rfi009_power.oepc_false-unreach-call.c:280:35: warning: '&&' within '||' [-Wlogical-op-parentheses]
  x$w_buff1_used = x$w_buff0_used && x$r_buff0_thd3 || x$w_buff1_used && x$r_buff1_thd3 ? FALSE : x$w_buff1_used;
                   ~~~~~~~~~~~~~~~^~~~~~~~~~~~~~~~~ ~~
rfi009_power.oepc_false-unreach-call.c:280:35: note: place parentheses around the '&&' expression to silence this warning
  x$w_buff1_used = x$w_buff0_used && x$r_buff0_thd3 || x$w_buff1_used && x$r_buff1_thd3 ? FALSE : x$w_buff1_used;
                                  ^
                   (                               )
rfi009_power.oepc_false-unreach-call.c:280:71: warning: '&&' within '||' [-Wlogical-op-parentheses]
  x$w_buff1_used = x$w_buff0_used && x$r_buff0_thd3 || x$w_buff1_used && x$r_buff1_thd3 ? FALSE : x$w_buff1_used;
                                                    ~~ ~~~~~~~~~~~~~~~^~~~~~~~~~~~~~~~~
rfi009_power.oepc_false-unreach-call.c:280:71: note: place parentheses around the '&&' expression to silence this warning
  x$w_buff1_used = x$w_buff0_used && x$r_buff0_thd3 || x$w_buff1_used && x$r_buff1_thd3 ? FALSE : x$w_buff1_used;
                                                                      ^
                                                       (                               )
rfi009_power.oepc_false-unreach-call.c:282:35: warning: '&&' within '||' [-Wlogical-op-parentheses]
  x$r_buff1_thd3 = x$w_buff0_used && x$r_buff0_thd3 || x$w_buff1_used && x$r_buff1_thd3 ? FALSE : x$r_buff1_thd3;
                   ~~~~~~~~~~~~~~~^~~~~~~~~~~~~~~~~ ~~
rfi009_power.oepc_false-unreach-call.c:282:35: note: place parentheses around the '&&' expression to silence this warning
  x$r_buff1_thd3 = x$w_buff0_used && x$r_buff0_thd3 || x$w_buff1_used && x$r_buff1_thd3 ? FALSE : x$r_buff1_thd3;
                                  ^
                   (                               )
rfi009_power.oepc_false-unreach-call.c:282:71: warning: '&&' within '||' [-Wlogical-op-parentheses]
  x$r_buff1_thd3 = x$w_buff0_used && x$r_buff0_thd3 || x$w_buff1_used && x$r_buff1_thd3 ? FALSE : x$r_buff1_thd3;
                                                    ~~ ~~~~~~~~~~~~~~~^~~~~~~~~~~~~~~~~
rfi009_power.oepc_false-unreach-call.c:282:71: note: place parentheses around the '&&' expression to silence this warning
  x$r_buff1_thd3 = x$w_buff0_used && x$r_buff0_thd3 || x$w_buff1_used && x$r_buff1_thd3 ? FALSE : x$r_buff1_thd3;
                                                                      ^
                                                       (                               )
rfi009_power.oepc_false-unreach-call.c:287:10: warning: incompatible integer to pointer conversion returning 'int' from a function with result type 'void *' [-Wint-conversion]
  return nondet_1();
         ^~~~~~~~~~
rfi009_power.oepc_false-unreach-call.c:315:38: warning: null passed to a callee which requires a non-null argument [-Wnonnull]
  pthread_create(NULL, NULL, P0, NULL);
                 ~~~~                ^
rfi009_power.oepc_false-unreach-call.c:316:38: warning: null passed to a callee which requires a non-null argument [-Wnonnull]
  pthread_create(NULL, NULL, P1, NULL);
                 ~~~~                ^
rfi009_power.oepc_false-unreach-call.c:317:38: warning: null passed to a callee which requires a non-null argument [-Wnonnull]
  pthread_create(NULL, NULL, P2, NULL);
                 ~~~~                ^
rfi009_power.oepc_false-unreach-call.c:325:35: warning: '&&' within '||' [-Wlogical-op-parentheses]
  x$w_buff1_used = x$w_buff0_used && x$r_buff0_thd0 || x$w_buff1_used && x$r_buff1_thd0 ? FALSE : x$w_buff1_used;
                   ~~~~~~~~~~~~~~~^~~~~~~~~~~~~~~~~ ~~
rfi009_power.oepc_false-unreach-call.c:325:35: note: place parentheses around the '&&' expression to silence this warning
  x$w_buff1_used = x$w_buff0_used && x$r_buff0_thd0 || x$w_buff1_used && x$r_buff1_thd0 ? FALSE : x$w_buff1_used;
                                  ^
                   (                               )
rfi009_power.oepc_false-unreach-call.c:325:71: warning: '&&' within '||' [-Wlogical-op-parentheses]
  x$w_buff1_used = x$w_buff0_used && x$r_buff0_thd0 || x$w_buff1_used && x$r_buff1_thd0 ? FALSE : x$w_buff1_used;
                                                    ~~ ~~~~~~~~~~~~~~~^~~~~~~~~~~~~~~~~
rfi009_power.oepc_false-unreach-call.c:325:71: note: place parentheses around the '&&' expression to silence this warning
  x$w_buff1_used = x$w_buff0_used && x$r_buff0_thd0 || x$w_buff1_used && x$r_buff1_thd0 ? FALSE : x$w_buff1_used;
                                                                      ^
                                                       (                               )
rfi009_power.oepc_false-unreach-call.c:327:35: warning: '&&' within '||' [-Wlogical-op-parentheses]
  x$r_buff1_thd0 = x$w_buff0_used && x$r_buff0_thd0 || x$w_buff1_used && x$r_buff1_thd0 ? FALSE : x$r_buff1_thd0;
                   ~~~~~~~~~~~~~~~^~~~~~~~~~~~~~~~~ ~~
rfi009_power.oepc_false-unreach-call.c:327:35: note: place parentheses around the '&&' expression to silence this warning
  x$r_buff1_thd0 = x$w_buff0_used && x$r_buff0_thd0 || x$w_buff1_used && x$r_buff1_thd0 ? FALSE : x$r_buff1_thd0;
                                  ^
                   (                               )
rfi009_power.oepc_false-unreach-call.c:327:71: warning: '&&' within '||' [-Wlogical-op-parentheses]
  x$r_buff1_thd0 = x$w_buff0_used && x$r_buff0_thd0 || x$w_buff1_used && x$r_buff1_thd0 ? FALSE : x$r_buff1_thd0;
                                                    ~~ ~~~~~~~~~~~~~~~^~~~~~~~~~~~~~~~~
rfi009_power.oepc_false-unreach-call.c:327:71: note: place parentheses around the '&&' expression to silence this warning
  x$r_buff1_thd0 = x$w_buff0_used && x$r_buff0_thd0 || x$w_buff1_used && x$r_buff1_thd0 ? FALSE : x$r_buff1_thd0;
                                                                      ^
                                                       (                               )
31 warnings generated.
