safe027_power.oepc_false-unreach-call.c:4:34: warning: implicit declaration of function '__VERIFIER_assume' is invalid in C99 [-Wimplicit-function-declaration]
void __VERIFIER_atomic_begin() { __VERIFIER_assume(__global_lock==0); __global_lock=1; return; }
                                 ^
safe027_power.oepc_false-unreach-call.c:222:19: warning: implicit declaration of function 'nondet_0' is invalid in C99 [-Wimplicit-function-declaration]
  weak$$choice0 = nondet_0();
                  ^
safe027_power.oepc_false-unreach-call.c:248:10: warning: implicit declaration of function 'nondet_1' is invalid in C99 [-Wimplicit-function-declaration]
  return nondet_1();
         ^
safe027_power.oepc_false-unreach-call.c:248:10: warning: incompatible integer to pointer conversion returning 'int' from a function with result type 'void *' [-Wint-conversion]
  return nondet_1();
         ^~~~~~~~~~
safe027_power.oepc_false-unreach-call.c:263:10: warning: incompatible integer to pointer conversion returning 'int' from a function with result type 'void *' [-Wint-conversion]
  return nondet_1();
         ^~~~~~~~~~
safe027_power.oepc_false-unreach-call.c:278:42: warning: '&&' within '||' [-Wlogical-op-parentheses]
  y = !y$w_buff0_used || !y$r_buff0_thd3 && !y$w_buff1_used || !y$r_buff0_thd3 && !y$r_buff1_thd3 ? y : (y$w_buff0_used && y$r_buff0_thd3 ? y$w_buff0 : y$w_buff1);
                      ~~ ~~~~~~~~~~~~~~~~^~~~~~~~~~~~~~~~~~
safe027_power.oepc_false-unreach-call.c:278:42: note: place parentheses around the '&&' expression to silence this warning
  y = !y$w_buff0_used || !y$r_buff0_thd3 && !y$w_buff1_used || !y$r_buff0_thd3 && !y$r_buff1_thd3 ? y : (y$w_buff0_used && y$r_buff0_thd3 ? y$w_buff0 : y$w_buff1);
                                         ^
                         (                                 )
safe027_power.oepc_false-unreach-call.c:278:80: warning: '&&' within '||' [-Wlogical-op-parentheses]
  y = !y$w_buff0_used || !y$r_buff0_thd3 && !y$w_buff1_used || !y$r_buff0_thd3 && !y$r_buff1_thd3 ? y : (y$w_buff0_used && y$r_buff0_thd3 ? y$w_buff0 : y$w_buff1);
                                                            ~~ ~~~~~~~~~~~~~~~~^~~~~~~~~~~~~~~~~~
safe027_power.oepc_false-unreach-call.c:278:80: note: place parentheses around the '&&' expression to silence this warning
  y = !y$w_buff0_used || !y$r_buff0_thd3 && !y$w_buff1_used || !y$r_buff0_thd3 && !y$r_buff1_thd3 ? y : (y$w_buff0_used && y$r_buff0_thd3 ? y$w_buff0 : y$w_buff1);
                                                                               ^
                                                               (                                 )
safe027_power.oepc_false-unreach-call.c:279:79: warning: '&&' within '||' [-Wlogical-op-parentheses]
  y$w_buff0 = weak$$choice2 ? y$w_buff0 : (!y$w_buff0_used || !y$r_buff0_thd3 && !y$w_buff1_used || !y$r_buff0_thd3 && !y$r_buff1_thd3 ? y$w_buff0 : (y$w_buff0_used && y$r_buff0_thd3 ? y$w_buff0 : y$w_buff0));
                                                           ~~ ~~~~~~~~~~~~~~~~^~~~~~~~~~~~~~~~~~
safe027_power.oepc_false-unreach-call.c:279:79: note: place parentheses around the '&&' expression to silence this warning
  y$w_buff0 = weak$$choice2 ? y$w_buff0 : (!y$w_buff0_used || !y$r_buff0_thd3 && !y$w_buff1_used || !y$r_buff0_thd3 && !y$r_buff1_thd3 ? y$w_buff0 : (y$w_buff0_used && y$r_buff0_thd3 ? y$w_buff0 : y$w_buff0));
                                                                              ^
                                                              (                                 )
safe027_power.oepc_false-unreach-call.c:279:117: warning: '&&' within '||' [-Wlogical-op-parentheses]
  y$w_buff0 = weak$$choice2 ? y$w_buff0 : (!y$w_buff0_used || !y$r_buff0_thd3 && !y$w_buff1_used || !y$r_buff0_thd3 && !y$r_buff1_thd3 ? y$w_buff0 : (y$w_buff0_used && y$r_buff0_thd3 ? y$w_buff0 : y$w_buff0));
                                                                                                 ~~ ~~~~~~~~~~~~~~~~^~~~~~~~~~~~~~~~~~
safe027_power.oepc_false-unreach-call.c:279:117: note: place parentheses around the '&&' expression to silence this warning
  y$w_buff0 = weak$$choice2 ? y$w_buff0 : (!y$w_buff0_used || !y$r_buff0_thd3 && !y$w_buff1_used || !y$r_buff0_thd3 && !y$r_buff1_thd3 ? y$w_buff0 : (y$w_buff0_used && y$r_buff0_thd3 ? y$w_buff0 : y$w_buff0));
                                                                                                                    ^
                                                                                                    (                                 )
safe027_power.oepc_false-unreach-call.c:280:79: warning: '&&' within '||' [-Wlogical-op-parentheses]
  y$w_buff1 = weak$$choice2 ? y$w_buff1 : (!y$w_buff0_used || !y$r_buff0_thd3 && !y$w_buff1_used || !y$r_buff0_thd3 && !y$r_buff1_thd3 ? y$w_buff1 : (y$w_buff0_used && y$r_buff0_thd3 ? y$w_buff1 : y$w_buff1));
                                                           ~~ ~~~~~~~~~~~~~~~~^~~~~~~~~~~~~~~~~~
safe027_power.oepc_false-unreach-call.c:280:79: note: place parentheses around the '&&' expression to silence this warning
  y$w_buff1 = weak$$choice2 ? y$w_buff1 : (!y$w_buff0_used || !y$r_buff0_thd3 && !y$w_buff1_used || !y$r_buff0_thd3 && !y$r_buff1_thd3 ? y$w_buff1 : (y$w_buff0_used && y$r_buff0_thd3 ? y$w_buff1 : y$w_buff1));
                                                                              ^
                                                              (                                 )
safe027_power.oepc_false-unreach-call.c:280:117: warning: '&&' within '||' [-Wlogical-op-parentheses]
  y$w_buff1 = weak$$choice2 ? y$w_buff1 : (!y$w_buff0_used || !y$r_buff0_thd3 && !y$w_buff1_used || !y$r_buff0_thd3 && !y$r_buff1_thd3 ? y$w_buff1 : (y$w_buff0_used && y$r_buff0_thd3 ? y$w_buff1 : y$w_buff1));
                                                                                                 ~~ ~~~~~~~~~~~~~~~~^~~~~~~~~~~~~~~~~~
safe027_power.oepc_false-unreach-call.c:280:117: note: place parentheses around the '&&' expression to silence this warning
  y$w_buff1 = weak$$choice2 ? y$w_buff1 : (!y$w_buff0_used || !y$r_buff0_thd3 && !y$w_buff1_used || !y$r_buff0_thd3 && !y$r_buff1_thd3 ? y$w_buff1 : (y$w_buff0_used && y$r_buff0_thd3 ? y$w_buff1 : y$w_buff1));
                                                                                                                    ^
                                                                                                    (                                 )
safe027_power.oepc_false-unreach-call.c:281:89: warning: '&&' within '||' [-Wlogical-op-parentheses]
  y$w_buff0_used = weak$$choice2 ? y$w_buff0_used : (!y$w_buff0_used || !y$r_buff0_thd3 && !y$w_buff1_used || !y$r_buff0_thd3 && !y$r_buff1_thd3 ? y$w_buff0_used : (y$w_buff0_used && y$r_buff0_thd3 ? FALSE : y$w_buff0_used));
                                                                     ~~ ~~~~~~~~~~~~~~~~^~~~~~~~~~~~~~~~~~
safe027_power.oepc_false-unreach-call.c:281:89: note: place parentheses around the '&&' expression to silence this warning
  y$w_buff0_used = weak$$choice2 ? y$w_buff0_used : (!y$w_buff0_used || !y$r_buff0_thd3 && !y$w_buff1_used || !y$r_buff0_thd3 && !y$r_buff1_thd3 ? y$w_buff0_used : (y$w_buff0_used && y$r_buff0_thd3 ? FALSE : y$w_buff0_used));
                                                                                        ^
                                                                        (                                 )
safe027_power.oepc_false-unreach-call.c:281:127: warning: '&&' within '||' [-Wlogical-op-parentheses]
  y$w_buff0_used = weak$$choice2 ? y$w_buff0_used : (!y$w_buff0_used || !y$r_buff0_thd3 && !y$w_buff1_used || !y$r_buff0_thd3 && !y$r_buff1_thd3 ? y$w_buff0_used : (y$w_buff0_used && y$r_buff0_thd3 ? FALSE : y$w_buff0_used));
                                                                                                           ~~ ~~~~~~~~~~~~~~~~^~~~~~~~~~~~~~~~~~
safe027_power.oepc_false-unreach-call.c:281:127: note: place parentheses around the '&&' expression to silence this warning
  y$w_buff0_used = weak$$choice2 ? y$w_buff0_used : (!y$w_buff0_used || !y$r_buff0_thd3 && !y$w_buff1_used || !y$r_buff0_thd3 && !y$r_buff1_thd3 ? y$w_buff0_used : (y$w_buff0_used && y$r_buff0_thd3 ? FALSE : y$w_buff0_used));
                                                                                                                              ^
                                                                                                              (                                 )
safe027_power.oepc_false-unreach-call.c:282:89: warning: '&&' within '||' [-Wlogical-op-parentheses]
  y$w_buff1_used = weak$$choice2 ? y$w_buff1_used : (!y$w_buff0_used || !y$r_buff0_thd3 && !y$w_buff1_used || !y$r_buff0_thd3 && !y$r_buff1_thd3 ? y$w_buff1_used : (y$w_buff0_used && y$r_buff0_thd3 ? FALSE : FALSE));
                                                                     ~~ ~~~~~~~~~~~~~~~~^~~~~~~~~~~~~~~~~~
safe027_power.oepc_false-unreach-call.c:282:89: note: place parentheses around the '&&' expression to silence this warning
  y$w_buff1_used = weak$$choice2 ? y$w_buff1_used : (!y$w_buff0_used || !y$r_buff0_thd3 && !y$w_buff1_used || !y$r_buff0_thd3 && !y$r_buff1_thd3 ? y$w_buff1_used : (y$w_buff0_used && y$r_buff0_thd3 ? FALSE : FALSE));
                                                                                        ^
                                                                        (                                 )
safe027_power.oepc_false-unreach-call.c:282:127: warning: '&&' within '||' [-Wlogical-op-parentheses]
  y$w_buff1_used = weak$$choice2 ? y$w_buff1_used : (!y$w_buff0_used || !y$r_buff0_thd3 && !y$w_buff1_used || !y$r_buff0_thd3 && !y$r_buff1_thd3 ? y$w_buff1_used : (y$w_buff0_used && y$r_buff0_thd3 ? FALSE : FALSE));
                                                                                                           ~~ ~~~~~~~~~~~~~~~~^~~~~~~~~~~~~~~~~~
safe027_power.oepc_false-unreach-call.c:282:127: note: place parentheses around the '&&' expression to silence this warning
  y$w_buff1_used = weak$$choice2 ? y$w_buff1_used : (!y$w_buff0_used || !y$r_buff0_thd3 && !y$w_buff1_used || !y$r_buff0_thd3 && !y$r_buff1_thd3 ? y$w_buff1_used : (y$w_buff0_used && y$r_buff0_thd3 ? FALSE : FALSE));
                                                                                                                              ^
                                                                                                              (                                 )
safe027_power.oepc_false-unreach-call.c:283:89: warning: '&&' within '||' [-Wlogical-op-parentheses]
  y$r_buff0_thd3 = weak$$choice2 ? y$r_buff0_thd3 : (!y$w_buff0_used || !y$r_buff0_thd3 && !y$w_buff1_used || !y$r_buff0_thd3 && !y$r_buff1_thd3 ? y$r_buff0_thd3 : (y$w_buff0_used && y$r_buff0_thd3 ? FALSE : y$r_buff0_thd3));
                                                                     ~~ ~~~~~~~~~~~~~~~~^~~~~~~~~~~~~~~~~~
safe027_power.oepc_false-unreach-call.c:283:89: note: place parentheses around the '&&' expression to silence this warning
  y$r_buff0_thd3 = weak$$choice2 ? y$r_buff0_thd3 : (!y$w_buff0_used || !y$r_buff0_thd3 && !y$w_buff1_used || !y$r_buff0_thd3 && !y$r_buff1_thd3 ? y$r_buff0_thd3 : (y$w_buff0_used && y$r_buff0_thd3 ? FALSE : y$r_buff0_thd3));
                                                                                        ^
                                                                        (                                 )
safe027_power.oepc_false-unreach-call.c:283:127: warning: '&&' within '||' [-Wlogical-op-parentheses]
  y$r_buff0_thd3 = weak$$choice2 ? y$r_buff0_thd3 : (!y$w_buff0_used || !y$r_buff0_thd3 && !y$w_buff1_used || !y$r_buff0_thd3 && !y$r_buff1_thd3 ? y$r_buff0_thd3 : (y$w_buff0_used && y$r_buff0_thd3 ? FALSE : y$r_buff0_thd3));
                                                                                                           ~~ ~~~~~~~~~~~~~~~~^~~~~~~~~~~~~~~~~~
safe027_power.oepc_false-unreach-call.c:283:127: note: place parentheses around the '&&' expression to silence this warning
  y$r_buff0_thd3 = weak$$choice2 ? y$r_buff0_thd3 : (!y$w_buff0_used || !y$r_buff0_thd3 && !y$w_buff1_used || !y$r_buff0_thd3 && !y$r_buff1_thd3 ? y$r_buff0_thd3 : (y$w_buff0_used && y$r_buff0_thd3 ? FALSE : y$r_buff0_thd3));
                                                                                                                              ^
                                                                                                              (                                 )
safe027_power.oepc_false-unreach-call.c:284:89: warning: '&&' within '||' [-Wlogical-op-parentheses]
  y$r_buff1_thd3 = weak$$choice2 ? y$r_buff1_thd3 : (!y$w_buff0_used || !y$r_buff0_thd3 && !y$w_buff1_used || !y$r_buff0_thd3 && !y$r_buff1_thd3 ? y$r_buff1_thd3 : (y$w_buff0_used && y$r_buff0_thd3 ? FALSE : FALSE));
                                                                     ~~ ~~~~~~~~~~~~~~~~^~~~~~~~~~~~~~~~~~
safe027_power.oepc_false-unreach-call.c:284:89: note: place parentheses around the '&&' expression to silence this warning
  y$r_buff1_thd3 = weak$$choice2 ? y$r_buff1_thd3 : (!y$w_buff0_used || !y$r_buff0_thd3 && !y$w_buff1_used || !y$r_buff0_thd3 && !y$r_buff1_thd3 ? y$r_buff1_thd3 : (y$w_buff0_used && y$r_buff0_thd3 ? FALSE : FALSE));
                                                                                        ^
                                                                        (                                 )
safe027_power.oepc_false-unreach-call.c:284:127: warning: '&&' within '||' [-Wlogical-op-parentheses]
  y$r_buff1_thd3 = weak$$choice2 ? y$r_buff1_thd3 : (!y$w_buff0_used || !y$r_buff0_thd3 && !y$w_buff1_used || !y$r_buff0_thd3 && !y$r_buff1_thd3 ? y$r_buff1_thd3 : (y$w_buff0_used && y$r_buff0_thd3 ? FALSE : FALSE));
                                                                                                           ~~ ~~~~~~~~~~~~~~~~^~~~~~~~~~~~~~~~~~
safe027_power.oepc_false-unreach-call.c:284:127: note: place parentheses around the '&&' expression to silence this warning
  y$r_buff1_thd3 = weak$$choice2 ? y$r_buff1_thd3 : (!y$w_buff0_used || !y$r_buff0_thd3 && !y$w_buff1_used || !y$r_buff0_thd3 && !y$r_buff1_thd3 ? y$r_buff1_thd3 : (y$w_buff0_used && y$r_buff0_thd3 ? FALSE : FALSE));
                                                                                                                              ^
                                                                                                              (                                 )
safe027_power.oepc_false-unreach-call.c:294:10: warning: incompatible integer to pointer conversion returning 'int' from a function with result type 'void *' [-Wint-conversion]
  return nondet_1();
         ^~~~~~~~~~
safe027_power.oepc_false-unreach-call.c:307:35: warning: '&&' within '||' [-Wlogical-op-parentheses]
  y$w_buff1_used = y$w_buff0_used && y$r_buff0_thd4 || y$w_buff1_used && y$r_buff1_thd4 ? FALSE : y$w_buff1_used;
                   ~~~~~~~~~~~~~~~^~~~~~~~~~~~~~~~~ ~~
safe027_power.oepc_false-unreach-call.c:307:35: note: place parentheses around the '&&' expression to silence this warning
  y$w_buff1_used = y$w_buff0_used && y$r_buff0_thd4 || y$w_buff1_used && y$r_buff1_thd4 ? FALSE : y$w_buff1_used;
                                  ^
                   (                               )
safe027_power.oepc_false-unreach-call.c:307:71: warning: '&&' within '||' [-Wlogical-op-parentheses]
  y$w_buff1_used = y$w_buff0_used && y$r_buff0_thd4 || y$w_buff1_used && y$r_buff1_thd4 ? FALSE : y$w_buff1_used;
                                                    ~~ ~~~~~~~~~~~~~~~^~~~~~~~~~~~~~~~~
safe027_power.oepc_false-unreach-call.c:307:71: note: place parentheses around the '&&' expression to silence this warning
  y$w_buff1_used = y$w_buff0_used && y$r_buff0_thd4 || y$w_buff1_used && y$r_buff1_thd4 ? FALSE : y$w_buff1_used;
                                                                      ^
                                                       (                               )
safe027_power.oepc_false-unreach-call.c:309:35: warning: '&&' within '||' [-Wlogical-op-parentheses]
  y$r_buff1_thd4 = y$w_buff0_used && y$r_buff0_thd4 || y$w_buff1_used && y$r_buff1_thd4 ? FALSE : y$r_buff1_thd4;
                   ~~~~~~~~~~~~~~~^~~~~~~~~~~~~~~~~ ~~
safe027_power.oepc_false-unreach-call.c:309:35: note: place parentheses around the '&&' expression to silence this warning
  y$r_buff1_thd4 = y$w_buff0_used && y$r_buff0_thd4 || y$w_buff1_used && y$r_buff1_thd4 ? FALSE : y$r_buff1_thd4;
                                  ^
                   (                               )
safe027_power.oepc_false-unreach-call.c:309:71: warning: '&&' within '||' [-Wlogical-op-parentheses]
  y$r_buff1_thd4 = y$w_buff0_used && y$r_buff0_thd4 || y$w_buff1_used && y$r_buff1_thd4 ? FALSE : y$r_buff1_thd4;
                                                    ~~ ~~~~~~~~~~~~~~~^~~~~~~~~~~~~~~~~
safe027_power.oepc_false-unreach-call.c:309:71: note: place parentheses around the '&&' expression to silence this warning
  y$r_buff1_thd4 = y$w_buff0_used && y$r_buff0_thd4 || y$w_buff1_used && y$r_buff1_thd4 ? FALSE : y$r_buff1_thd4;
                                                                      ^
                                                       (                               )
safe027_power.oepc_false-unreach-call.c:314:10: warning: incompatible integer to pointer conversion returning 'int' from a function with result type 'void *' [-Wint-conversion]
  return nondet_1();
         ^~~~~~~~~~
safe027_power.oepc_false-unreach-call.c:342:38: warning: null passed to a callee which requires a non-null argument [-Wnonnull]
  pthread_create(NULL, NULL, P0, NULL);
                 ~~~~                ^
safe027_power.oepc_false-unreach-call.c:343:38: warning: null passed to a callee which requires a non-null argument [-Wnonnull]
  pthread_create(NULL, NULL, P1, NULL);
                 ~~~~                ^
safe027_power.oepc_false-unreach-call.c:344:38: warning: null passed to a callee which requires a non-null argument [-Wnonnull]
  pthread_create(NULL, NULL, P2, NULL);
                 ~~~~                ^
safe027_power.oepc_false-unreach-call.c:345:38: warning: null passed to a callee which requires a non-null argument [-Wnonnull]
  pthread_create(NULL, NULL, P3, NULL);
                 ~~~~                ^
safe027_power.oepc_false-unreach-call.c:353:35: warning: '&&' within '||' [-Wlogical-op-parentheses]
  y$w_buff1_used = y$w_buff0_used && y$r_buff0_thd0 || y$w_buff1_used && y$r_buff1_thd0 ? FALSE : y$w_buff1_used;
                   ~~~~~~~~~~~~~~~^~~~~~~~~~~~~~~~~ ~~
safe027_power.oepc_false-unreach-call.c:353:35: note: place parentheses around the '&&' expression to silence this warning
  y$w_buff1_used = y$w_buff0_used && y$r_buff0_thd0 || y$w_buff1_used && y$r_buff1_thd0 ? FALSE : y$w_buff1_used;
                                  ^
                   (                               )
safe027_power.oepc_false-unreach-call.c:353:71: warning: '&&' within '||' [-Wlogical-op-parentheses]
  y$w_buff1_used = y$w_buff0_used && y$r_buff0_thd0 || y$w_buff1_used && y$r_buff1_thd0 ? FALSE : y$w_buff1_used;
                                                    ~~ ~~~~~~~~~~~~~~~^~~~~~~~~~~~~~~~~
safe027_power.oepc_false-unreach-call.c:353:71: note: place parentheses around the '&&' expression to silence this warning
  y$w_buff1_used = y$w_buff0_used && y$r_buff0_thd0 || y$w_buff1_used && y$r_buff1_thd0 ? FALSE : y$w_buff1_used;
                                                                      ^
                                                       (                               )
safe027_power.oepc_false-unreach-call.c:355:35: warning: '&&' within '||' [-Wlogical-op-parentheses]
  y$r_buff1_thd0 = y$w_buff0_used && y$r_buff0_thd0 || y$w_buff1_used && y$r_buff1_thd0 ? FALSE : y$r_buff1_thd0;
                   ~~~~~~~~~~~~~~~^~~~~~~~~~~~~~~~~ ~~
safe027_power.oepc_false-unreach-call.c:355:35: note: place parentheses around the '&&' expression to silence this warning
  y$r_buff1_thd0 = y$w_buff0_used && y$r_buff0_thd0 || y$w_buff1_used && y$r_buff1_thd0 ? FALSE : y$r_buff1_thd0;
                                  ^
                   (                               )
safe027_power.oepc_false-unreach-call.c:355:71: warning: '&&' within '||' [-Wlogical-op-parentheses]
  y$r_buff1_thd0 = y$w_buff0_used && y$r_buff0_thd0 || y$w_buff1_used && y$r_buff1_thd0 ? FALSE : y$r_buff1_thd0;
                                                    ~~ ~~~~~~~~~~~~~~~^~~~~~~~~~~~~~~~~
safe027_power.oepc_false-unreach-call.c:355:71: note: place parentheses around the '&&' expression to silence this warning
  y$r_buff1_thd0 = y$w_buff0_used && y$r_buff0_thd0 || y$w_buff1_used && y$r_buff1_thd0 ? FALSE : y$r_buff1_thd0;
                                                                      ^
                                                       (                               )
33 warnings generated.
