safe009_power.opt_false-unreach-call.c:4:34: warning: implicit declaration of function '__VERIFIER_assume' is invalid in C99 [-Wimplicit-function-declaration]
void __VERIFIER_atomic_begin() { __VERIFIER_assume(__global_lock==0); __global_lock=1; return; }
                                 ^
safe009_power.opt_false-unreach-call.c:212:35: warning: '&&' within '||' [-Wlogical-op-parentheses]
  x$w_buff1_used = x$w_buff0_used && x$r_buff0_thd1 || x$w_buff1_used && x$r_buff1_thd1 ? FALSE : x$w_buff1_used;
                   ~~~~~~~~~~~~~~~^~~~~~~~~~~~~~~~~ ~~
safe009_power.opt_false-unreach-call.c:212:35: note: place parentheses around the '&&' expression to silence this warning
  x$w_buff1_used = x$w_buff0_used && x$r_buff0_thd1 || x$w_buff1_used && x$r_buff1_thd1 ? FALSE : x$w_buff1_used;
                                  ^
                   (                               )
safe009_power.opt_false-unreach-call.c:212:71: warning: '&&' within '||' [-Wlogical-op-parentheses]
  x$w_buff1_used = x$w_buff0_used && x$r_buff0_thd1 || x$w_buff1_used && x$r_buff1_thd1 ? FALSE : x$w_buff1_used;
                                                    ~~ ~~~~~~~~~~~~~~~^~~~~~~~~~~~~~~~~
safe009_power.opt_false-unreach-call.c:212:71: note: place parentheses around the '&&' expression to silence this warning
  x$w_buff1_used = x$w_buff0_used && x$r_buff0_thd1 || x$w_buff1_used && x$r_buff1_thd1 ? FALSE : x$w_buff1_used;
                                                                      ^
                                                       (                               )
safe009_power.opt_false-unreach-call.c:214:35: warning: '&&' within '||' [-Wlogical-op-parentheses]
  x$r_buff1_thd1 = x$w_buff0_used && x$r_buff0_thd1 || x$w_buff1_used && x$r_buff1_thd1 ? FALSE : x$r_buff1_thd1;
                   ~~~~~~~~~~~~~~~^~~~~~~~~~~~~~~~~ ~~
safe009_power.opt_false-unreach-call.c:214:35: note: place parentheses around the '&&' expression to silence this warning
  x$r_buff1_thd1 = x$w_buff0_used && x$r_buff0_thd1 || x$w_buff1_used && x$r_buff1_thd1 ? FALSE : x$r_buff1_thd1;
                                  ^
                   (                               )
safe009_power.opt_false-unreach-call.c:214:71: warning: '&&' within '||' [-Wlogical-op-parentheses]
  x$r_buff1_thd1 = x$w_buff0_used && x$r_buff0_thd1 || x$w_buff1_used && x$r_buff1_thd1 ? FALSE : x$r_buff1_thd1;
                                                    ~~ ~~~~~~~~~~~~~~~^~~~~~~~~~~~~~~~~
safe009_power.opt_false-unreach-call.c:214:71: note: place parentheses around the '&&' expression to silence this warning
  x$r_buff1_thd1 = x$w_buff0_used && x$r_buff0_thd1 || x$w_buff1_used && x$r_buff1_thd1 ? FALSE : x$r_buff1_thd1;
                                                                      ^
                                                       (                               )
safe009_power.opt_false-unreach-call.c:219:10: warning: implicit declaration of function 'nondet_0' is invalid in C99 [-Wimplicit-function-declaration]
  return nondet_0();
         ^
safe009_power.opt_false-unreach-call.c:219:10: warning: incompatible integer to pointer conversion returning 'int' from a function with result type 'void *' [-Wint-conversion]
  return nondet_0();
         ^~~~~~~~~~
safe009_power.opt_false-unreach-call.c:227:19: warning: implicit declaration of function 'nondet_1' is invalid in C99 [-Wimplicit-function-declaration]
  weak$$choice0 = nondet_1();
                  ^
safe009_power.opt_false-unreach-call.c:251:35: warning: '&&' within '||' [-Wlogical-op-parentheses]
  x$w_buff1_used = x$w_buff0_used && x$r_buff0_thd2 || x$w_buff1_used && x$r_buff1_thd2 ? FALSE : x$w_buff1_used;
                   ~~~~~~~~~~~~~~~^~~~~~~~~~~~~~~~~ ~~
safe009_power.opt_false-unreach-call.c:251:35: note: place parentheses around the '&&' expression to silence this warning
  x$w_buff1_used = x$w_buff0_used && x$r_buff0_thd2 || x$w_buff1_used && x$r_buff1_thd2 ? FALSE : x$w_buff1_used;
                                  ^
                   (                               )
safe009_power.opt_false-unreach-call.c:251:71: warning: '&&' within '||' [-Wlogical-op-parentheses]
  x$w_buff1_used = x$w_buff0_used && x$r_buff0_thd2 || x$w_buff1_used && x$r_buff1_thd2 ? FALSE : x$w_buff1_used;
                                                    ~~ ~~~~~~~~~~~~~~~^~~~~~~~~~~~~~~~~
safe009_power.opt_false-unreach-call.c:251:71: note: place parentheses around the '&&' expression to silence this warning
  x$w_buff1_used = x$w_buff0_used && x$r_buff0_thd2 || x$w_buff1_used && x$r_buff1_thd2 ? FALSE : x$w_buff1_used;
                                                                      ^
                                                       (                               )
safe009_power.opt_false-unreach-call.c:253:35: warning: '&&' within '||' [-Wlogical-op-parentheses]
  x$r_buff1_thd2 = x$w_buff0_used && x$r_buff0_thd2 || x$w_buff1_used && x$r_buff1_thd2 ? FALSE : x$r_buff1_thd2;
                   ~~~~~~~~~~~~~~~^~~~~~~~~~~~~~~~~ ~~
safe009_power.opt_false-unreach-call.c:253:35: note: place parentheses around the '&&' expression to silence this warning
  x$r_buff1_thd2 = x$w_buff0_used && x$r_buff0_thd2 || x$w_buff1_used && x$r_buff1_thd2 ? FALSE : x$r_buff1_thd2;
                                  ^
                   (                               )
safe009_power.opt_false-unreach-call.c:253:71: warning: '&&' within '||' [-Wlogical-op-parentheses]
  x$r_buff1_thd2 = x$w_buff0_used && x$r_buff0_thd2 || x$w_buff1_used && x$r_buff1_thd2 ? FALSE : x$r_buff1_thd2;
                                                    ~~ ~~~~~~~~~~~~~~~^~~~~~~~~~~~~~~~~
safe009_power.opt_false-unreach-call.c:253:71: note: place parentheses around the '&&' expression to silence this warning
  x$r_buff1_thd2 = x$w_buff0_used && x$r_buff0_thd2 || x$w_buff1_used && x$r_buff1_thd2 ? FALSE : x$r_buff1_thd2;
                                                                      ^
                                                       (                               )
safe009_power.opt_false-unreach-call.c:258:10: warning: incompatible integer to pointer conversion returning 'int' from a function with result type 'void *' [-Wint-conversion]
  return nondet_0();
         ^~~~~~~~~~
safe009_power.opt_false-unreach-call.c:271:35: warning: '&&' within '||' [-Wlogical-op-parentheses]
  x$w_buff1_used = x$w_buff0_used && x$r_buff0_thd3 || x$w_buff1_used && x$r_buff1_thd3 ? FALSE : x$w_buff1_used;
                   ~~~~~~~~~~~~~~~^~~~~~~~~~~~~~~~~ ~~
safe009_power.opt_false-unreach-call.c:271:35: note: place parentheses around the '&&' expression to silence this warning
  x$w_buff1_used = x$w_buff0_used && x$r_buff0_thd3 || x$w_buff1_used && x$r_buff1_thd3 ? FALSE : x$w_buff1_used;
                                  ^
                   (                               )
safe009_power.opt_false-unreach-call.c:271:71: warning: '&&' within '||' [-Wlogical-op-parentheses]
  x$w_buff1_used = x$w_buff0_used && x$r_buff0_thd3 || x$w_buff1_used && x$r_buff1_thd3 ? FALSE : x$w_buff1_used;
                                                    ~~ ~~~~~~~~~~~~~~~^~~~~~~~~~~~~~~~~
safe009_power.opt_false-unreach-call.c:271:71: note: place parentheses around the '&&' expression to silence this warning
  x$w_buff1_used = x$w_buff0_used && x$r_buff0_thd3 || x$w_buff1_used && x$r_buff1_thd3 ? FALSE : x$w_buff1_used;
                                                                      ^
                                                       (                               )
safe009_power.opt_false-unreach-call.c:273:35: warning: '&&' within '||' [-Wlogical-op-parentheses]
  x$r_buff1_thd3 = x$w_buff0_used && x$r_buff0_thd3 || x$w_buff1_used && x$r_buff1_thd3 ? FALSE : x$r_buff1_thd3;
                   ~~~~~~~~~~~~~~~^~~~~~~~~~~~~~~~~ ~~
safe009_power.opt_false-unreach-call.c:273:35: note: place parentheses around the '&&' expression to silence this warning
  x$r_buff1_thd3 = x$w_buff0_used && x$r_buff0_thd3 || x$w_buff1_used && x$r_buff1_thd3 ? FALSE : x$r_buff1_thd3;
                                  ^
                   (                               )
safe009_power.opt_false-unreach-call.c:273:71: warning: '&&' within '||' [-Wlogical-op-parentheses]
  x$r_buff1_thd3 = x$w_buff0_used && x$r_buff0_thd3 || x$w_buff1_used && x$r_buff1_thd3 ? FALSE : x$r_buff1_thd3;
                                                    ~~ ~~~~~~~~~~~~~~~^~~~~~~~~~~~~~~~~
safe009_power.opt_false-unreach-call.c:273:71: note: place parentheses around the '&&' expression to silence this warning
  x$r_buff1_thd3 = x$w_buff0_used && x$r_buff0_thd3 || x$w_buff1_used && x$r_buff1_thd3 ? FALSE : x$r_buff1_thd3;
                                                                      ^
                                                       (                               )
safe009_power.opt_false-unreach-call.c:278:10: warning: incompatible integer to pointer conversion returning 'int' from a function with result type 'void *' [-Wint-conversion]
  return nondet_0();
         ^~~~~~~~~~
safe009_power.opt_false-unreach-call.c:306:38: warning: null passed to a callee which requires a non-null argument [-Wnonnull]
  pthread_create(NULL, NULL, P0, NULL);
                 ~~~~                ^
safe009_power.opt_false-unreach-call.c:307:38: warning: null passed to a callee which requires a non-null argument [-Wnonnull]
  pthread_create(NULL, NULL, P1, NULL);
                 ~~~~                ^
safe009_power.opt_false-unreach-call.c:308:38: warning: null passed to a callee which requires a non-null argument [-Wnonnull]
  pthread_create(NULL, NULL, P2, NULL);
                 ~~~~                ^
safe009_power.opt_false-unreach-call.c:316:35: warning: '&&' within '||' [-Wlogical-op-parentheses]
  x$w_buff1_used = x$w_buff0_used && x$r_buff0_thd0 || x$w_buff1_used && x$r_buff1_thd0 ? FALSE : x$w_buff1_used;
                   ~~~~~~~~~~~~~~~^~~~~~~~~~~~~~~~~ ~~
safe009_power.opt_false-unreach-call.c:316:35: note: place parentheses around the '&&' expression to silence this warning
  x$w_buff1_used = x$w_buff0_used && x$r_buff0_thd0 || x$w_buff1_used && x$r_buff1_thd0 ? FALSE : x$w_buff1_used;
                                  ^
                   (                               )
safe009_power.opt_false-unreach-call.c:316:71: warning: '&&' within '||' [-Wlogical-op-parentheses]
  x$w_buff1_used = x$w_buff0_used && x$r_buff0_thd0 || x$w_buff1_used && x$r_buff1_thd0 ? FALSE : x$w_buff1_used;
                                                    ~~ ~~~~~~~~~~~~~~~^~~~~~~~~~~~~~~~~
safe009_power.opt_false-unreach-call.c:316:71: note: place parentheses around the '&&' expression to silence this warning
  x$w_buff1_used = x$w_buff0_used && x$r_buff0_thd0 || x$w_buff1_used && x$r_buff1_thd0 ? FALSE : x$w_buff1_used;
                                                                      ^
                                                       (                               )
safe009_power.opt_false-unreach-call.c:318:35: warning: '&&' within '||' [-Wlogical-op-parentheses]
  x$r_buff1_thd0 = x$w_buff0_used && x$r_buff0_thd0 || x$w_buff1_used && x$r_buff1_thd0 ? FALSE : x$r_buff1_thd0;
                   ~~~~~~~~~~~~~~~^~~~~~~~~~~~~~~~~ ~~
safe009_power.opt_false-unreach-call.c:318:35: note: place parentheses around the '&&' expression to silence this warning
  x$r_buff1_thd0 = x$w_buff0_used && x$r_buff0_thd0 || x$w_buff1_used && x$r_buff1_thd0 ? FALSE : x$r_buff1_thd0;
                                  ^
                   (                               )
safe009_power.opt_false-unreach-call.c:318:71: warning: '&&' within '||' [-Wlogical-op-parentheses]
  x$r_buff1_thd0 = x$w_buff0_used && x$r_buff0_thd0 || x$w_buff1_used && x$r_buff1_thd0 ? FALSE : x$r_buff1_thd0;
                                                    ~~ ~~~~~~~~~~~~~~~^~~~~~~~~~~~~~~~~
safe009_power.opt_false-unreach-call.c:318:71: note: place parentheses around the '&&' expression to silence this warning
  x$r_buff1_thd0 = x$w_buff0_used && x$r_buff0_thd0 || x$w_buff1_used && x$r_buff1_thd0 ? FALSE : x$r_buff1_thd0;
                                                                      ^
                                                       (                               )
25 warnings generated.
