safe023_pso.oepc_false-unreach-call.c:4:34: warning: implicit declaration of function '__VERIFIER_assume' is invalid in C99 [-Wimplicit-function-declaration]
void __VERIFIER_atomic_begin() { __VERIFIER_assume(__global_lock==0); __global_lock=1; return; }
                                 ^
safe023_pso.oepc_false-unreach-call.c:155:35: warning: '&&' within '||' [-Wlogical-op-parentheses]
  y$w_buff1_used = y$w_buff0_used && y$r_buff0_thd1 || y$w_buff1_used && y$r_buff1_thd1 ? FALSE : y$w_buff1_used;
                   ~~~~~~~~~~~~~~~^~~~~~~~~~~~~~~~~ ~~
safe023_pso.oepc_false-unreach-call.c:155:35: note: place parentheses around the '&&' expression to silence this warning
  y$w_buff1_used = y$w_buff0_used && y$r_buff0_thd1 || y$w_buff1_used && y$r_buff1_thd1 ? FALSE : y$w_buff1_used;
                                  ^
                   (                               )
safe023_pso.oepc_false-unreach-call.c:155:71: warning: '&&' within '||' [-Wlogical-op-parentheses]
  y$w_buff1_used = y$w_buff0_used && y$r_buff0_thd1 || y$w_buff1_used && y$r_buff1_thd1 ? FALSE : y$w_buff1_used;
                                                    ~~ ~~~~~~~~~~~~~~~^~~~~~~~~~~~~~~~~
safe023_pso.oepc_false-unreach-call.c:155:71: note: place parentheses around the '&&' expression to silence this warning
  y$w_buff1_used = y$w_buff0_used && y$r_buff0_thd1 || y$w_buff1_used && y$r_buff1_thd1 ? FALSE : y$w_buff1_used;
                                                                      ^
                                                       (                               )
safe023_pso.oepc_false-unreach-call.c:157:35: warning: '&&' within '||' [-Wlogical-op-parentheses]
  y$r_buff1_thd1 = y$w_buff0_used && y$r_buff0_thd1 || y$w_buff1_used && y$r_buff1_thd1 ? FALSE : y$r_buff1_thd1;
                   ~~~~~~~~~~~~~~~^~~~~~~~~~~~~~~~~ ~~
safe023_pso.oepc_false-unreach-call.c:157:35: note: place parentheses around the '&&' expression to silence this warning
  y$r_buff1_thd1 = y$w_buff0_used && y$r_buff0_thd1 || y$w_buff1_used && y$r_buff1_thd1 ? FALSE : y$r_buff1_thd1;
                                  ^
                   (                               )
safe023_pso.oepc_false-unreach-call.c:157:71: warning: '&&' within '||' [-Wlogical-op-parentheses]
  y$r_buff1_thd1 = y$w_buff0_used && y$r_buff0_thd1 || y$w_buff1_used && y$r_buff1_thd1 ? FALSE : y$r_buff1_thd1;
                                                    ~~ ~~~~~~~~~~~~~~~^~~~~~~~~~~~~~~~~
safe023_pso.oepc_false-unreach-call.c:157:71: note: place parentheses around the '&&' expression to silence this warning
  y$r_buff1_thd1 = y$w_buff0_used && y$r_buff0_thd1 || y$w_buff1_used && y$r_buff1_thd1 ? FALSE : y$r_buff1_thd1;
                                                                      ^
                                                       (                               )
safe023_pso.oepc_false-unreach-call.c:160:19: warning: implicit declaration of function 'nondet_0' is invalid in C99 [-Wimplicit-function-declaration]
  weak$$choice0 = nondet_0();
                  ^
safe023_pso.oepc_false-unreach-call.c:164:42: warning: '&&' within '||' [-Wlogical-op-parentheses]
  y = !y$w_buff0_used || !y$r_buff0_thd1 && !y$w_buff1_used || !y$r_buff0_thd1 && !y$r_buff1_thd1 ? y : (y$w_buff0_used && y$r_buff0_thd1 ? y$w_buff0 : y$w_buff1);
                      ~~ ~~~~~~~~~~~~~~~~^~~~~~~~~~~~~~~~~~
safe023_pso.oepc_false-unreach-call.c:164:42: note: place parentheses around the '&&' expression to silence this warning
  y = !y$w_buff0_used || !y$r_buff0_thd1 && !y$w_buff1_used || !y$r_buff0_thd1 && !y$r_buff1_thd1 ? y : (y$w_buff0_used && y$r_buff0_thd1 ? y$w_buff0 : y$w_buff1);
                                         ^
                         (                                 )
safe023_pso.oepc_false-unreach-call.c:164:80: warning: '&&' within '||' [-Wlogical-op-parentheses]
  y = !y$w_buff0_used || !y$r_buff0_thd1 && !y$w_buff1_used || !y$r_buff0_thd1 && !y$r_buff1_thd1 ? y : (y$w_buff0_used && y$r_buff0_thd1 ? y$w_buff0 : y$w_buff1);
                                                            ~~ ~~~~~~~~~~~~~~~~^~~~~~~~~~~~~~~~~~
safe023_pso.oepc_false-unreach-call.c:164:80: note: place parentheses around the '&&' expression to silence this warning
  y = !y$w_buff0_used || !y$r_buff0_thd1 && !y$w_buff1_used || !y$r_buff0_thd1 && !y$r_buff1_thd1 ? y : (y$w_buff0_used && y$r_buff0_thd1 ? y$w_buff0 : y$w_buff1);
                                                                               ^
                                                               (                                 )
safe023_pso.oepc_false-unreach-call.c:165:79: warning: '&&' within '||' [-Wlogical-op-parentheses]
  y$w_buff0 = weak$$choice2 ? y$w_buff0 : (!y$w_buff0_used || !y$r_buff0_thd1 && !y$w_buff1_used || !y$r_buff0_thd1 && !y$r_buff1_thd1 ? y$w_buff0 : (y$w_buff0_used && y$r_buff0_thd1 ? y$w_buff0 : y$w_buff0));
                                                           ~~ ~~~~~~~~~~~~~~~~^~~~~~~~~~~~~~~~~~
safe023_pso.oepc_false-unreach-call.c:165:79: note: place parentheses around the '&&' expression to silence this warning
  y$w_buff0 = weak$$choice2 ? y$w_buff0 : (!y$w_buff0_used || !y$r_buff0_thd1 && !y$w_buff1_used || !y$r_buff0_thd1 && !y$r_buff1_thd1 ? y$w_buff0 : (y$w_buff0_used && y$r_buff0_thd1 ? y$w_buff0 : y$w_buff0));
                                                                              ^
                                                              (                                 )
safe023_pso.oepc_false-unreach-call.c:165:117: warning: '&&' within '||' [-Wlogical-op-parentheses]
  y$w_buff0 = weak$$choice2 ? y$w_buff0 : (!y$w_buff0_used || !y$r_buff0_thd1 && !y$w_buff1_used || !y$r_buff0_thd1 && !y$r_buff1_thd1 ? y$w_buff0 : (y$w_buff0_used && y$r_buff0_thd1 ? y$w_buff0 : y$w_buff0));
                                                                                                 ~~ ~~~~~~~~~~~~~~~~^~~~~~~~~~~~~~~~~~
safe023_pso.oepc_false-unreach-call.c:165:117: note: place parentheses around the '&&' expression to silence this warning
  y$w_buff0 = weak$$choice2 ? y$w_buff0 : (!y$w_buff0_used || !y$r_buff0_thd1 && !y$w_buff1_used || !y$r_buff0_thd1 && !y$r_buff1_thd1 ? y$w_buff0 : (y$w_buff0_used && y$r_buff0_thd1 ? y$w_buff0 : y$w_buff0));
                                                                                                                    ^
                                                                                                    (                                 )
safe023_pso.oepc_false-unreach-call.c:166:79: warning: '&&' within '||' [-Wlogical-op-parentheses]
  y$w_buff1 = weak$$choice2 ? y$w_buff1 : (!y$w_buff0_used || !y$r_buff0_thd1 && !y$w_buff1_used || !y$r_buff0_thd1 && !y$r_buff1_thd1 ? y$w_buff1 : (y$w_buff0_used && y$r_buff0_thd1 ? y$w_buff1 : y$w_buff1));
                                                           ~~ ~~~~~~~~~~~~~~~~^~~~~~~~~~~~~~~~~~
safe023_pso.oepc_false-unreach-call.c:166:79: note: place parentheses around the '&&' expression to silence this warning
  y$w_buff1 = weak$$choice2 ? y$w_buff1 : (!y$w_buff0_used || !y$r_buff0_thd1 && !y$w_buff1_used || !y$r_buff0_thd1 && !y$r_buff1_thd1 ? y$w_buff1 : (y$w_buff0_used && y$r_buff0_thd1 ? y$w_buff1 : y$w_buff1));
                                                                              ^
                                                              (                                 )
safe023_pso.oepc_false-unreach-call.c:166:117: warning: '&&' within '||' [-Wlogical-op-parentheses]
  y$w_buff1 = weak$$choice2 ? y$w_buff1 : (!y$w_buff0_used || !y$r_buff0_thd1 && !y$w_buff1_used || !y$r_buff0_thd1 && !y$r_buff1_thd1 ? y$w_buff1 : (y$w_buff0_used && y$r_buff0_thd1 ? y$w_buff1 : y$w_buff1));
                                                                                                 ~~ ~~~~~~~~~~~~~~~~^~~~~~~~~~~~~~~~~~
safe023_pso.oepc_false-unreach-call.c:166:117: note: place parentheses around the '&&' expression to silence this warning
  y$w_buff1 = weak$$choice2 ? y$w_buff1 : (!y$w_buff0_used || !y$r_buff0_thd1 && !y$w_buff1_used || !y$r_buff0_thd1 && !y$r_buff1_thd1 ? y$w_buff1 : (y$w_buff0_used && y$r_buff0_thd1 ? y$w_buff1 : y$w_buff1));
                                                                                                                    ^
                                                                                                    (                                 )
safe023_pso.oepc_false-unreach-call.c:167:89: warning: '&&' within '||' [-Wlogical-op-parentheses]
  y$w_buff0_used = weak$$choice2 ? y$w_buff0_used : (!y$w_buff0_used || !y$r_buff0_thd1 && !y$w_buff1_used || !y$r_buff0_thd1 && !y$r_buff1_thd1 ? y$w_buff0_used : (y$w_buff0_used && y$r_buff0_thd1 ? FALSE : y$w_buff0_used));
                                                                     ~~ ~~~~~~~~~~~~~~~~^~~~~~~~~~~~~~~~~~
safe023_pso.oepc_false-unreach-call.c:167:89: note: place parentheses around the '&&' expression to silence this warning
  y$w_buff0_used = weak$$choice2 ? y$w_buff0_used : (!y$w_buff0_used || !y$r_buff0_thd1 && !y$w_buff1_used || !y$r_buff0_thd1 && !y$r_buff1_thd1 ? y$w_buff0_used : (y$w_buff0_used && y$r_buff0_thd1 ? FALSE : y$w_buff0_used));
                                                                                        ^
                                                                        (                                 )
safe023_pso.oepc_false-unreach-call.c:167:127: warning: '&&' within '||' [-Wlogical-op-parentheses]
  y$w_buff0_used = weak$$choice2 ? y$w_buff0_used : (!y$w_buff0_used || !y$r_buff0_thd1 && !y$w_buff1_used || !y$r_buff0_thd1 && !y$r_buff1_thd1 ? y$w_buff0_used : (y$w_buff0_used && y$r_buff0_thd1 ? FALSE : y$w_buff0_used));
                                                                                                           ~~ ~~~~~~~~~~~~~~~~^~~~~~~~~~~~~~~~~~
safe023_pso.oepc_false-unreach-call.c:167:127: note: place parentheses around the '&&' expression to silence this warning
  y$w_buff0_used = weak$$choice2 ? y$w_buff0_used : (!y$w_buff0_used || !y$r_buff0_thd1 && !y$w_buff1_used || !y$r_buff0_thd1 && !y$r_buff1_thd1 ? y$w_buff0_used : (y$w_buff0_used && y$r_buff0_thd1 ? FALSE : y$w_buff0_used));
                                                                                                                              ^
                                                                                                              (                                 )
safe023_pso.oepc_false-unreach-call.c:168:89: warning: '&&' within '||' [-Wlogical-op-parentheses]
  y$w_buff1_used = weak$$choice2 ? y$w_buff1_used : (!y$w_buff0_used || !y$r_buff0_thd1 && !y$w_buff1_used || !y$r_buff0_thd1 && !y$r_buff1_thd1 ? y$w_buff1_used : (y$w_buff0_used && y$r_buff0_thd1 ? FALSE : FALSE));
                                                                     ~~ ~~~~~~~~~~~~~~~~^~~~~~~~~~~~~~~~~~
safe023_pso.oepc_false-unreach-call.c:168:89: note: place parentheses around the '&&' expression to silence this warning
  y$w_buff1_used = weak$$choice2 ? y$w_buff1_used : (!y$w_buff0_used || !y$r_buff0_thd1 && !y$w_buff1_used || !y$r_buff0_thd1 && !y$r_buff1_thd1 ? y$w_buff1_used : (y$w_buff0_used && y$r_buff0_thd1 ? FALSE : FALSE));
                                                                                        ^
                                                                        (                                 )
safe023_pso.oepc_false-unreach-call.c:168:127: warning: '&&' within '||' [-Wlogical-op-parentheses]
  y$w_buff1_used = weak$$choice2 ? y$w_buff1_used : (!y$w_buff0_used || !y$r_buff0_thd1 && !y$w_buff1_used || !y$r_buff0_thd1 && !y$r_buff1_thd1 ? y$w_buff1_used : (y$w_buff0_used && y$r_buff0_thd1 ? FALSE : FALSE));
                                                                                                           ~~ ~~~~~~~~~~~~~~~~^~~~~~~~~~~~~~~~~~
safe023_pso.oepc_false-unreach-call.c:168:127: note: place parentheses around the '&&' expression to silence this warning
  y$w_buff1_used = weak$$choice2 ? y$w_buff1_used : (!y$w_buff0_used || !y$r_buff0_thd1 && !y$w_buff1_used || !y$r_buff0_thd1 && !y$r_buff1_thd1 ? y$w_buff1_used : (y$w_buff0_used && y$r_buff0_thd1 ? FALSE : FALSE));
                                                                                                                              ^
                                                                                                              (                                 )
safe023_pso.oepc_false-unreach-call.c:169:89: warning: '&&' within '||' [-Wlogical-op-parentheses]
  y$r_buff0_thd1 = weak$$choice2 ? y$r_buff0_thd1 : (!y$w_buff0_used || !y$r_buff0_thd1 && !y$w_buff1_used || !y$r_buff0_thd1 && !y$r_buff1_thd1 ? y$r_buff0_thd1 : (y$w_buff0_used && y$r_buff0_thd1 ? FALSE : y$r_buff0_thd1));
                                                                     ~~ ~~~~~~~~~~~~~~~~^~~~~~~~~~~~~~~~~~
safe023_pso.oepc_false-unreach-call.c:169:89: note: place parentheses around the '&&' expression to silence this warning
  y$r_buff0_thd1 = weak$$choice2 ? y$r_buff0_thd1 : (!y$w_buff0_used || !y$r_buff0_thd1 && !y$w_buff1_used || !y$r_buff0_thd1 && !y$r_buff1_thd1 ? y$r_buff0_thd1 : (y$w_buff0_used && y$r_buff0_thd1 ? FALSE : y$r_buff0_thd1));
                                                                                        ^
                                                                        (                                 )
safe023_pso.oepc_false-unreach-call.c:169:127: warning: '&&' within '||' [-Wlogical-op-parentheses]
  y$r_buff0_thd1 = weak$$choice2 ? y$r_buff0_thd1 : (!y$w_buff0_used || !y$r_buff0_thd1 && !y$w_buff1_used || !y$r_buff0_thd1 && !y$r_buff1_thd1 ? y$r_buff0_thd1 : (y$w_buff0_used && y$r_buff0_thd1 ? FALSE : y$r_buff0_thd1));
                                                                                                           ~~ ~~~~~~~~~~~~~~~~^~~~~~~~~~~~~~~~~~
safe023_pso.oepc_false-unreach-call.c:169:127: note: place parentheses around the '&&' expression to silence this warning
  y$r_buff0_thd1 = weak$$choice2 ? y$r_buff0_thd1 : (!y$w_buff0_used || !y$r_buff0_thd1 && !y$w_buff1_used || !y$r_buff0_thd1 && !y$r_buff1_thd1 ? y$r_buff0_thd1 : (y$w_buff0_used && y$r_buff0_thd1 ? FALSE : y$r_buff0_thd1));
                                                                                                                              ^
                                                                                                              (                                 )
safe023_pso.oepc_false-unreach-call.c:170:89: warning: '&&' within '||' [-Wlogical-op-parentheses]
  y$r_buff1_thd1 = weak$$choice2 ? y$r_buff1_thd1 : (!y$w_buff0_used || !y$r_buff0_thd1 && !y$w_buff1_used || !y$r_buff0_thd1 && !y$r_buff1_thd1 ? y$r_buff1_thd1 : (y$w_buff0_used && y$r_buff0_thd1 ? FALSE : FALSE));
                                                                     ~~ ~~~~~~~~~~~~~~~~^~~~~~~~~~~~~~~~~~
safe023_pso.oepc_false-unreach-call.c:170:89: note: place parentheses around the '&&' expression to silence this warning
  y$r_buff1_thd1 = weak$$choice2 ? y$r_buff1_thd1 : (!y$w_buff0_used || !y$r_buff0_thd1 && !y$w_buff1_used || !y$r_buff0_thd1 && !y$r_buff1_thd1 ? y$r_buff1_thd1 : (y$w_buff0_used && y$r_buff0_thd1 ? FALSE : FALSE));
                                                                                        ^
                                                                        (                                 )
safe023_pso.oepc_false-unreach-call.c:170:127: warning: '&&' within '||' [-Wlogical-op-parentheses]
  y$r_buff1_thd1 = weak$$choice2 ? y$r_buff1_thd1 : (!y$w_buff0_used || !y$r_buff0_thd1 && !y$w_buff1_used || !y$r_buff0_thd1 && !y$r_buff1_thd1 ? y$r_buff1_thd1 : (y$w_buff0_used && y$r_buff0_thd1 ? FALSE : FALSE));
                                                                                                           ~~ ~~~~~~~~~~~~~~~~^~~~~~~~~~~~~~~~~~
safe023_pso.oepc_false-unreach-call.c:170:127: note: place parentheses around the '&&' expression to silence this warning
  y$r_buff1_thd1 = weak$$choice2 ? y$r_buff1_thd1 : (!y$w_buff0_used || !y$r_buff0_thd1 && !y$w_buff1_used || !y$r_buff0_thd1 && !y$r_buff1_thd1 ? y$r_buff1_thd1 : (y$w_buff0_used && y$r_buff0_thd1 ? FALSE : FALSE));
                                                                                                                              ^
                                                                                                              (                                 )
safe023_pso.oepc_false-unreach-call.c:178:35: warning: '&&' within '||' [-Wlogical-op-parentheses]
  y$w_buff1_used = y$w_buff0_used && y$r_buff0_thd1 || y$w_buff1_used && y$r_buff1_thd1 ? FALSE : y$w_buff1_used;
                   ~~~~~~~~~~~~~~~^~~~~~~~~~~~~~~~~ ~~
safe023_pso.oepc_false-unreach-call.c:178:35: note: place parentheses around the '&&' expression to silence this warning
  y$w_buff1_used = y$w_buff0_used && y$r_buff0_thd1 || y$w_buff1_used && y$r_buff1_thd1 ? FALSE : y$w_buff1_used;
                                  ^
                   (                               )
safe023_pso.oepc_false-unreach-call.c:178:71: warning: '&&' within '||' [-Wlogical-op-parentheses]
  y$w_buff1_used = y$w_buff0_used && y$r_buff0_thd1 || y$w_buff1_used && y$r_buff1_thd1 ? FALSE : y$w_buff1_used;
                                                    ~~ ~~~~~~~~~~~~~~~^~~~~~~~~~~~~~~~~
safe023_pso.oepc_false-unreach-call.c:178:71: note: place parentheses around the '&&' expression to silence this warning
  y$w_buff1_used = y$w_buff0_used && y$r_buff0_thd1 || y$w_buff1_used && y$r_buff1_thd1 ? FALSE : y$w_buff1_used;
                                                                      ^
                                                       (                               )
safe023_pso.oepc_false-unreach-call.c:180:35: warning: '&&' within '||' [-Wlogical-op-parentheses]
  y$r_buff1_thd1 = y$w_buff0_used && y$r_buff0_thd1 || y$w_buff1_used && y$r_buff1_thd1 ? FALSE : y$r_buff1_thd1;
                   ~~~~~~~~~~~~~~~^~~~~~~~~~~~~~~~~ ~~
safe023_pso.oepc_false-unreach-call.c:180:35: note: place parentheses around the '&&' expression to silence this warning
  y$r_buff1_thd1 = y$w_buff0_used && y$r_buff0_thd1 || y$w_buff1_used && y$r_buff1_thd1 ? FALSE : y$r_buff1_thd1;
                                  ^
                   (                               )
safe023_pso.oepc_false-unreach-call.c:180:71: warning: '&&' within '||' [-Wlogical-op-parentheses]
  y$r_buff1_thd1 = y$w_buff0_used && y$r_buff0_thd1 || y$w_buff1_used && y$r_buff1_thd1 ? FALSE : y$r_buff1_thd1;
                                                    ~~ ~~~~~~~~~~~~~~~^~~~~~~~~~~~~~~~~
safe023_pso.oepc_false-unreach-call.c:180:71: note: place parentheses around the '&&' expression to silence this warning
  y$r_buff1_thd1 = y$w_buff0_used && y$r_buff0_thd1 || y$w_buff1_used && y$r_buff1_thd1 ? FALSE : y$r_buff1_thd1;
                                                                      ^
                                                       (                               )
safe023_pso.oepc_false-unreach-call.c:185:10: warning: implicit declaration of function 'nondet_1' is invalid in C99 [-Wimplicit-function-declaration]
  return nondet_1();
         ^
safe023_pso.oepc_false-unreach-call.c:185:10: warning: incompatible integer to pointer conversion returning 'int' from a function with result type 'void *' [-Wint-conversion]
  return nondet_1();
         ^~~~~~~~~~
safe023_pso.oepc_false-unreach-call.c:210:35: warning: '&&' within '||' [-Wlogical-op-parentheses]
  y$w_buff1_used = y$w_buff0_used && y$r_buff0_thd2 || y$w_buff1_used && y$r_buff1_thd2 ? FALSE : y$w_buff1_used;
                   ~~~~~~~~~~~~~~~^~~~~~~~~~~~~~~~~ ~~
safe023_pso.oepc_false-unreach-call.c:210:35: note: place parentheses around the '&&' expression to silence this warning
  y$w_buff1_used = y$w_buff0_used && y$r_buff0_thd2 || y$w_buff1_used && y$r_buff1_thd2 ? FALSE : y$w_buff1_used;
                                  ^
                   (                               )
safe023_pso.oepc_false-unreach-call.c:210:71: warning: '&&' within '||' [-Wlogical-op-parentheses]
  y$w_buff1_used = y$w_buff0_used && y$r_buff0_thd2 || y$w_buff1_used && y$r_buff1_thd2 ? FALSE : y$w_buff1_used;
                                                    ~~ ~~~~~~~~~~~~~~~^~~~~~~~~~~~~~~~~
safe023_pso.oepc_false-unreach-call.c:210:71: note: place parentheses around the '&&' expression to silence this warning
  y$w_buff1_used = y$w_buff0_used && y$r_buff0_thd2 || y$w_buff1_used && y$r_buff1_thd2 ? FALSE : y$w_buff1_used;
                                                                      ^
                                                       (                               )
safe023_pso.oepc_false-unreach-call.c:212:35: warning: '&&' within '||' [-Wlogical-op-parentheses]
  y$r_buff1_thd2 = y$w_buff0_used && y$r_buff0_thd2 || y$w_buff1_used && y$r_buff1_thd2 ? FALSE : y$r_buff1_thd2;
                   ~~~~~~~~~~~~~~~^~~~~~~~~~~~~~~~~ ~~
safe023_pso.oepc_false-unreach-call.c:212:35: note: place parentheses around the '&&' expression to silence this warning
  y$r_buff1_thd2 = y$w_buff0_used && y$r_buff0_thd2 || y$w_buff1_used && y$r_buff1_thd2 ? FALSE : y$r_buff1_thd2;
                                  ^
                   (                               )
safe023_pso.oepc_false-unreach-call.c:212:71: warning: '&&' within '||' [-Wlogical-op-parentheses]
  y$r_buff1_thd2 = y$w_buff0_used && y$r_buff0_thd2 || y$w_buff1_used && y$r_buff1_thd2 ? FALSE : y$r_buff1_thd2;
                                                    ~~ ~~~~~~~~~~~~~~~^~~~~~~~~~~~~~~~~
safe023_pso.oepc_false-unreach-call.c:212:71: note: place parentheses around the '&&' expression to silence this warning
  y$r_buff1_thd2 = y$w_buff0_used && y$r_buff0_thd2 || y$w_buff1_used && y$r_buff1_thd2 ? FALSE : y$r_buff1_thd2;
                                                                      ^
                                                       (                               )
safe023_pso.oepc_false-unreach-call.c:217:10: warning: incompatible integer to pointer conversion returning 'int' from a function with result type 'void *' [-Wint-conversion]
  return nondet_1();
         ^~~~~~~~~~
safe023_pso.oepc_false-unreach-call.c:232:42: warning: '&&' within '||' [-Wlogical-op-parentheses]
  y = !y$w_buff0_used || !y$r_buff0_thd3 && !y$w_buff1_used || !y$r_buff0_thd3 && !y$r_buff1_thd3 ? y : (y$w_buff0_used && y$r_buff0_thd3 ? y$w_buff0 : y$w_buff1);
                      ~~ ~~~~~~~~~~~~~~~~^~~~~~~~~~~~~~~~~~
safe023_pso.oepc_false-unreach-call.c:232:42: note: place parentheses around the '&&' expression to silence this warning
  y = !y$w_buff0_used || !y$r_buff0_thd3 && !y$w_buff1_used || !y$r_buff0_thd3 && !y$r_buff1_thd3 ? y : (y$w_buff0_used && y$r_buff0_thd3 ? y$w_buff0 : y$w_buff1);
                                         ^
                         (                                 )
safe023_pso.oepc_false-unreach-call.c:232:80: warning: '&&' within '||' [-Wlogical-op-parentheses]
  y = !y$w_buff0_used || !y$r_buff0_thd3 && !y$w_buff1_used || !y$r_buff0_thd3 && !y$r_buff1_thd3 ? y : (y$w_buff0_used && y$r_buff0_thd3 ? y$w_buff0 : y$w_buff1);
                                                            ~~ ~~~~~~~~~~~~~~~~^~~~~~~~~~~~~~~~~~
safe023_pso.oepc_false-unreach-call.c:232:80: note: place parentheses around the '&&' expression to silence this warning
  y = !y$w_buff0_used || !y$r_buff0_thd3 && !y$w_buff1_used || !y$r_buff0_thd3 && !y$r_buff1_thd3 ? y : (y$w_buff0_used && y$r_buff0_thd3 ? y$w_buff0 : y$w_buff1);
                                                                               ^
                                                               (                                 )
safe023_pso.oepc_false-unreach-call.c:233:79: warning: '&&' within '||' [-Wlogical-op-parentheses]
  y$w_buff0 = weak$$choice2 ? y$w_buff0 : (!y$w_buff0_used || !y$r_buff0_thd3 && !y$w_buff1_used || !y$r_buff0_thd3 && !y$r_buff1_thd3 ? y$w_buff0 : (y$w_buff0_used && y$r_buff0_thd3 ? y$w_buff0 : y$w_buff0));
                                                           ~~ ~~~~~~~~~~~~~~~~^~~~~~~~~~~~~~~~~~
safe023_pso.oepc_false-unreach-call.c:233:79: note: place parentheses around the '&&' expression to silence this warning
  y$w_buff0 = weak$$choice2 ? y$w_buff0 : (!y$w_buff0_used || !y$r_buff0_thd3 && !y$w_buff1_used || !y$r_buff0_thd3 && !y$r_buff1_thd3 ? y$w_buff0 : (y$w_buff0_used && y$r_buff0_thd3 ? y$w_buff0 : y$w_buff0));
                                                                              ^
                                                              (                                 )
safe023_pso.oepc_false-unreach-call.c:233:117: warning: '&&' within '||' [-Wlogical-op-parentheses]
  y$w_buff0 = weak$$choice2 ? y$w_buff0 : (!y$w_buff0_used || !y$r_buff0_thd3 && !y$w_buff1_used || !y$r_buff0_thd3 && !y$r_buff1_thd3 ? y$w_buff0 : (y$w_buff0_used && y$r_buff0_thd3 ? y$w_buff0 : y$w_buff0));
                                                                                                 ~~ ~~~~~~~~~~~~~~~~^~~~~~~~~~~~~~~~~~
safe023_pso.oepc_false-unreach-call.c:233:117: note: place parentheses around the '&&' expression to silence this warning
  y$w_buff0 = weak$$choice2 ? y$w_buff0 : (!y$w_buff0_used || !y$r_buff0_thd3 && !y$w_buff1_used || !y$r_buff0_thd3 && !y$r_buff1_thd3 ? y$w_buff0 : (y$w_buff0_used && y$r_buff0_thd3 ? y$w_buff0 : y$w_buff0));
                                                                                                                    ^
                                                                                                    (                                 )
safe023_pso.oepc_false-unreach-call.c:234:79: warning: '&&' within '||' [-Wlogical-op-parentheses]
  y$w_buff1 = weak$$choice2 ? y$w_buff1 : (!y$w_buff0_used || !y$r_buff0_thd3 && !y$w_buff1_used || !y$r_buff0_thd3 && !y$r_buff1_thd3 ? y$w_buff1 : (y$w_buff0_used && y$r_buff0_thd3 ? y$w_buff1 : y$w_buff1));
                                                           ~~ ~~~~~~~~~~~~~~~~^~~~~~~~~~~~~~~~~~
safe023_pso.oepc_false-unreach-call.c:234:79: note: place parentheses around the '&&' expression to silence this warning
  y$w_buff1 = weak$$choice2 ? y$w_buff1 : (!y$w_buff0_used || !y$r_buff0_thd3 && !y$w_buff1_used || !y$r_buff0_thd3 && !y$r_buff1_thd3 ? y$w_buff1 : (y$w_buff0_used && y$r_buff0_thd3 ? y$w_buff1 : y$w_buff1));
                                                                              ^
                                                              (                                 )
safe023_pso.oepc_false-unreach-call.c:234:117: warning: '&&' within '||' [-Wlogical-op-parentheses]
  y$w_buff1 = weak$$choice2 ? y$w_buff1 : (!y$w_buff0_used || !y$r_buff0_thd3 && !y$w_buff1_used || !y$r_buff0_thd3 && !y$r_buff1_thd3 ? y$w_buff1 : (y$w_buff0_used && y$r_buff0_thd3 ? y$w_buff1 : y$w_buff1));
                                                                                                 ~~ ~~~~~~~~~~~~~~~~^~~~~~~~~~~~~~~~~~
safe023_pso.oepc_false-unreach-call.c:234:117: note: place parentheses around the '&&' expression to silence this warning
  y$w_buff1 = weak$$choice2 ? y$w_buff1 : (!y$w_buff0_used || !y$r_buff0_thd3 && !y$w_buff1_used || !y$r_buff0_thd3 && !y$r_buff1_thd3 ? y$w_buff1 : (y$w_buff0_used && y$r_buff0_thd3 ? y$w_buff1 : y$w_buff1));
                                                                                                                    ^
                                                                                                    (                                 )
safe023_pso.oepc_false-unreach-call.c:235:89: warning: '&&' within '||' [-Wlogical-op-parentheses]
  y$w_buff0_used = weak$$choice2 ? y$w_buff0_used : (!y$w_buff0_used || !y$r_buff0_thd3 && !y$w_buff1_used || !y$r_buff0_thd3 && !y$r_buff1_thd3 ? y$w_buff0_used : (y$w_buff0_used && y$r_buff0_thd3 ? FALSE : y$w_buff0_used));
                                                                     ~~ ~~~~~~~~~~~~~~~~^~~~~~~~~~~~~~~~~~
safe023_pso.oepc_false-unreach-call.c:235:89: note: place parentheses around the '&&' expression to silence this warning
  y$w_buff0_used = weak$$choice2 ? y$w_buff0_used : (!y$w_buff0_used || !y$r_buff0_thd3 && !y$w_buff1_used || !y$r_buff0_thd3 && !y$r_buff1_thd3 ? y$w_buff0_used : (y$w_buff0_used && y$r_buff0_thd3 ? FALSE : y$w_buff0_used));
                                                                                        ^
                                                                        (                                 )
safe023_pso.oepc_false-unreach-call.c:235:127: warning: '&&' within '||' [-Wlogical-op-parentheses]
  y$w_buff0_used = weak$$choice2 ? y$w_buff0_used : (!y$w_buff0_used || !y$r_buff0_thd3 && !y$w_buff1_used || !y$r_buff0_thd3 && !y$r_buff1_thd3 ? y$w_buff0_used : (y$w_buff0_used && y$r_buff0_thd3 ? FALSE : y$w_buff0_used));
                                                                                                           ~~ ~~~~~~~~~~~~~~~~^~~~~~~~~~~~~~~~~~
safe023_pso.oepc_false-unreach-call.c:235:127: note: place parentheses around the '&&' expression to silence this warning
  y$w_buff0_used = weak$$choice2 ? y$w_buff0_used : (!y$w_buff0_used || !y$r_buff0_thd3 && !y$w_buff1_used || !y$r_buff0_thd3 && !y$r_buff1_thd3 ? y$w_buff0_used : (y$w_buff0_used && y$r_buff0_thd3 ? FALSE : y$w_buff0_used));
                                                                                                                              ^
                                                                                                              (                                 )
safe023_pso.oepc_false-unreach-call.c:236:89: warning: '&&' within '||' [-Wlogical-op-parentheses]
  y$w_buff1_used = weak$$choice2 ? y$w_buff1_used : (!y$w_buff0_used || !y$r_buff0_thd3 && !y$w_buff1_used || !y$r_buff0_thd3 && !y$r_buff1_thd3 ? y$w_buff1_used : (y$w_buff0_used && y$r_buff0_thd3 ? FALSE : FALSE));
                                                                     ~~ ~~~~~~~~~~~~~~~~^~~~~~~~~~~~~~~~~~
safe023_pso.oepc_false-unreach-call.c:236:89: note: place parentheses around the '&&' expression to silence this warning
  y$w_buff1_used = weak$$choice2 ? y$w_buff1_used : (!y$w_buff0_used || !y$r_buff0_thd3 && !y$w_buff1_used || !y$r_buff0_thd3 && !y$r_buff1_thd3 ? y$w_buff1_used : (y$w_buff0_used && y$r_buff0_thd3 ? FALSE : FALSE));
                                                                                        ^
                                                                        (                                 )
safe023_pso.oepc_false-unreach-call.c:236:127: warning: '&&' within '||' [-Wlogical-op-parentheses]
  y$w_buff1_used = weak$$choice2 ? y$w_buff1_used : (!y$w_buff0_used || !y$r_buff0_thd3 && !y$w_buff1_used || !y$r_buff0_thd3 && !y$r_buff1_thd3 ? y$w_buff1_used : (y$w_buff0_used && y$r_buff0_thd3 ? FALSE : FALSE));
                                                                                                           ~~ ~~~~~~~~~~~~~~~~^~~~~~~~~~~~~~~~~~
safe023_pso.oepc_false-unreach-call.c:236:127: note: place parentheses around the '&&' expression to silence this warning
  y$w_buff1_used = weak$$choice2 ? y$w_buff1_used : (!y$w_buff0_used || !y$r_buff0_thd3 && !y$w_buff1_used || !y$r_buff0_thd3 && !y$r_buff1_thd3 ? y$w_buff1_used : (y$w_buff0_used && y$r_buff0_thd3 ? FALSE : FALSE));
                                                                                                                              ^
                                                                                                              (                                 )
safe023_pso.oepc_false-unreach-call.c:237:89: warning: '&&' within '||' [-Wlogical-op-parentheses]
  y$r_buff0_thd3 = weak$$choice2 ? y$r_buff0_thd3 : (!y$w_buff0_used || !y$r_buff0_thd3 && !y$w_buff1_used || !y$r_buff0_thd3 && !y$r_buff1_thd3 ? y$r_buff0_thd3 : (y$w_buff0_used && y$r_buff0_thd3 ? FALSE : y$r_buff0_thd3));
                                                                     ~~ ~~~~~~~~~~~~~~~~^~~~~~~~~~~~~~~~~~
safe023_pso.oepc_false-unreach-call.c:237:89: note: place parentheses around the '&&' expression to silence this warning
  y$r_buff0_thd3 = weak$$choice2 ? y$r_buff0_thd3 : (!y$w_buff0_used || !y$r_buff0_thd3 && !y$w_buff1_used || !y$r_buff0_thd3 && !y$r_buff1_thd3 ? y$r_buff0_thd3 : (y$w_buff0_used && y$r_buff0_thd3 ? FALSE : y$r_buff0_thd3));
                                                                                        ^
                                                                        (                                 )
safe023_pso.oepc_false-unreach-call.c:237:127: warning: '&&' within '||' [-Wlogical-op-parentheses]
  y$r_buff0_thd3 = weak$$choice2 ? y$r_buff0_thd3 : (!y$w_buff0_used || !y$r_buff0_thd3 && !y$w_buff1_used || !y$r_buff0_thd3 && !y$r_buff1_thd3 ? y$r_buff0_thd3 : (y$w_buff0_used && y$r_buff0_thd3 ? FALSE : y$r_buff0_thd3));
                                                                                                           ~~ ~~~~~~~~~~~~~~~~^~~~~~~~~~~~~~~~~~
safe023_pso.oepc_false-unreach-call.c:237:127: note: place parentheses around the '&&' expression to silence this warning
  y$r_buff0_thd3 = weak$$choice2 ? y$r_buff0_thd3 : (!y$w_buff0_used || !y$r_buff0_thd3 && !y$w_buff1_used || !y$r_buff0_thd3 && !y$r_buff1_thd3 ? y$r_buff0_thd3 : (y$w_buff0_used && y$r_buff0_thd3 ? FALSE : y$r_buff0_thd3));
                                                                                                                              ^
                                                                                                              (                                 )
safe023_pso.oepc_false-unreach-call.c:238:89: warning: '&&' within '||' [-Wlogical-op-parentheses]
  y$r_buff1_thd3 = weak$$choice2 ? y$r_buff1_thd3 : (!y$w_buff0_used || !y$r_buff0_thd3 && !y$w_buff1_used || !y$r_buff0_thd3 && !y$r_buff1_thd3 ? y$r_buff1_thd3 : (y$w_buff0_used && y$r_buff0_thd3 ? FALSE : FALSE));
                                                                     ~~ ~~~~~~~~~~~~~~~~^~~~~~~~~~~~~~~~~~
safe023_pso.oepc_false-unreach-call.c:238:89: note: place parentheses around the '&&' expression to silence this warning
  y$r_buff1_thd3 = weak$$choice2 ? y$r_buff1_thd3 : (!y$w_buff0_used || !y$r_buff0_thd3 && !y$w_buff1_used || !y$r_buff0_thd3 && !y$r_buff1_thd3 ? y$r_buff1_thd3 : (y$w_buff0_used && y$r_buff0_thd3 ? FALSE : FALSE));
                                                                                        ^
                                                                        (                                 )
safe023_pso.oepc_false-unreach-call.c:238:127: warning: '&&' within '||' [-Wlogical-op-parentheses]
  y$r_buff1_thd3 = weak$$choice2 ? y$r_buff1_thd3 : (!y$w_buff0_used || !y$r_buff0_thd3 && !y$w_buff1_used || !y$r_buff0_thd3 && !y$r_buff1_thd3 ? y$r_buff1_thd3 : (y$w_buff0_used && y$r_buff0_thd3 ? FALSE : FALSE));
                                                                                                           ~~ ~~~~~~~~~~~~~~~~^~~~~~~~~~~~~~~~~~
safe023_pso.oepc_false-unreach-call.c:238:127: note: place parentheses around the '&&' expression to silence this warning
  y$r_buff1_thd3 = weak$$choice2 ? y$r_buff1_thd3 : (!y$w_buff0_used || !y$r_buff0_thd3 && !y$w_buff1_used || !y$r_buff0_thd3 && !y$r_buff1_thd3 ? y$r_buff1_thd3 : (y$w_buff0_used && y$r_buff0_thd3 ? FALSE : FALSE));
                                                                                                                              ^
                                                                                                              (                                 )
safe023_pso.oepc_false-unreach-call.c:246:35: warning: '&&' within '||' [-Wlogical-op-parentheses]
  y$w_buff1_used = y$w_buff0_used && y$r_buff0_thd3 || y$w_buff1_used && y$r_buff1_thd3 ? FALSE : y$w_buff1_used;
                   ~~~~~~~~~~~~~~~^~~~~~~~~~~~~~~~~ ~~
safe023_pso.oepc_false-unreach-call.c:246:35: note: place parentheses around the '&&' expression to silence this warning
  y$w_buff1_used = y$w_buff0_used && y$r_buff0_thd3 || y$w_buff1_used && y$r_buff1_thd3 ? FALSE : y$w_buff1_used;
                                  ^
                   (                               )
safe023_pso.oepc_false-unreach-call.c:246:71: warning: '&&' within '||' [-Wlogical-op-parentheses]
  y$w_buff1_used = y$w_buff0_used && y$r_buff0_thd3 || y$w_buff1_used && y$r_buff1_thd3 ? FALSE : y$w_buff1_used;
                                                    ~~ ~~~~~~~~~~~~~~~^~~~~~~~~~~~~~~~~
safe023_pso.oepc_false-unreach-call.c:246:71: note: place parentheses around the '&&' expression to silence this warning
  y$w_buff1_used = y$w_buff0_used && y$r_buff0_thd3 || y$w_buff1_used && y$r_buff1_thd3 ? FALSE : y$w_buff1_used;
                                                                      ^
                                                       (                               )
safe023_pso.oepc_false-unreach-call.c:248:35: warning: '&&' within '||' [-Wlogical-op-parentheses]
  y$r_buff1_thd3 = y$w_buff0_used && y$r_buff0_thd3 || y$w_buff1_used && y$r_buff1_thd3 ? FALSE : y$r_buff1_thd3;
                   ~~~~~~~~~~~~~~~^~~~~~~~~~~~~~~~~ ~~
safe023_pso.oepc_false-unreach-call.c:248:35: note: place parentheses around the '&&' expression to silence this warning
  y$r_buff1_thd3 = y$w_buff0_used && y$r_buff0_thd3 || y$w_buff1_used && y$r_buff1_thd3 ? FALSE : y$r_buff1_thd3;
                                  ^
                   (                               )
safe023_pso.oepc_false-unreach-call.c:248:71: warning: '&&' within '||' [-Wlogical-op-parentheses]
  y$r_buff1_thd3 = y$w_buff0_used && y$r_buff0_thd3 || y$w_buff1_used && y$r_buff1_thd3 ? FALSE : y$r_buff1_thd3;
                                                    ~~ ~~~~~~~~~~~~~~~^~~~~~~~~~~~~~~~~
safe023_pso.oepc_false-unreach-call.c:248:71: note: place parentheses around the '&&' expression to silence this warning
  y$r_buff1_thd3 = y$w_buff0_used && y$r_buff0_thd3 || y$w_buff1_used && y$r_buff1_thd3 ? FALSE : y$r_buff1_thd3;
                                                                      ^
                                                       (                               )
safe023_pso.oepc_false-unreach-call.c:253:10: warning: incompatible integer to pointer conversion returning 'int' from a function with result type 'void *' [-Wint-conversion]
  return nondet_1();
         ^~~~~~~~~~
safe023_pso.oepc_false-unreach-call.c:281:38: warning: null passed to a callee which requires a non-null argument [-Wnonnull]
  pthread_create(NULL, NULL, P0, NULL);
                 ~~~~                ^
safe023_pso.oepc_false-unreach-call.c:282:38: warning: null passed to a callee which requires a non-null argument [-Wnonnull]
  pthread_create(NULL, NULL, P1, NULL);
                 ~~~~                ^
safe023_pso.oepc_false-unreach-call.c:283:38: warning: null passed to a callee which requires a non-null argument [-Wnonnull]
  pthread_create(NULL, NULL, P2, NULL);
                 ~~~~                ^
safe023_pso.oepc_false-unreach-call.c:291:35: warning: '&&' within '||' [-Wlogical-op-parentheses]
  y$w_buff1_used = y$w_buff0_used && y$r_buff0_thd0 || y$w_buff1_used && y$r_buff1_thd0 ? FALSE : y$w_buff1_used;
                   ~~~~~~~~~~~~~~~^~~~~~~~~~~~~~~~~ ~~
safe023_pso.oepc_false-unreach-call.c:291:35: note: place parentheses around the '&&' expression to silence this warning
  y$w_buff1_used = y$w_buff0_used && y$r_buff0_thd0 || y$w_buff1_used && y$r_buff1_thd0 ? FALSE : y$w_buff1_used;
                                  ^
                   (                               )
safe023_pso.oepc_false-unreach-call.c:291:71: warning: '&&' within '||' [-Wlogical-op-parentheses]
  y$w_buff1_used = y$w_buff0_used && y$r_buff0_thd0 || y$w_buff1_used && y$r_buff1_thd0 ? FALSE : y$w_buff1_used;
                                                    ~~ ~~~~~~~~~~~~~~~^~~~~~~~~~~~~~~~~
safe023_pso.oepc_false-unreach-call.c:291:71: note: place parentheses around the '&&' expression to silence this warning
  y$w_buff1_used = y$w_buff0_used && y$r_buff0_thd0 || y$w_buff1_used && y$r_buff1_thd0 ? FALSE : y$w_buff1_used;
                                                                      ^
                                                       (                               )
safe023_pso.oepc_false-unreach-call.c:293:35: warning: '&&' within '||' [-Wlogical-op-parentheses]
  y$r_buff1_thd0 = y$w_buff0_used && y$r_buff0_thd0 || y$w_buff1_used && y$r_buff1_thd0 ? FALSE : y$r_buff1_thd0;
                   ~~~~~~~~~~~~~~~^~~~~~~~~~~~~~~~~ ~~
safe023_pso.oepc_false-unreach-call.c:293:35: note: place parentheses around the '&&' expression to silence this warning
  y$r_buff1_thd0 = y$w_buff0_used && y$r_buff0_thd0 || y$w_buff1_used && y$r_buff1_thd0 ? FALSE : y$r_buff1_thd0;
                                  ^
                   (                               )
safe023_pso.oepc_false-unreach-call.c:293:71: warning: '&&' within '||' [-Wlogical-op-parentheses]
  y$r_buff1_thd0 = y$w_buff0_used && y$r_buff0_thd0 || y$w_buff1_used && y$r_buff1_thd0 ? FALSE : y$r_buff1_thd0;
                                                    ~~ ~~~~~~~~~~~~~~~^~~~~~~~~~~~~~~~~
safe023_pso.oepc_false-unreach-call.c:293:71: note: place parentheses around the '&&' expression to silence this warning
  y$r_buff1_thd0 = y$w_buff0_used && y$r_buff0_thd0 || y$w_buff1_used && y$r_buff1_thd0 ? FALSE : y$r_buff1_thd0;
                                                                      ^
                                                       (                               )
safe023_pso.oepc_false-unreach-call.c:310:42: warning: '&&' within '||' [-Wlogical-op-parentheses]
  y = !y$w_buff0_used || !y$r_buff0_thd0 && !y$w_buff1_used || !y$r_buff0_thd0 && !y$r_buff1_thd0 ? y : (y$w_buff0_used && y$r_buff0_thd0 ? y$w_buff0 : y$w_buff1);
                      ~~ ~~~~~~~~~~~~~~~~^~~~~~~~~~~~~~~~~~
safe023_pso.oepc_false-unreach-call.c:310:42: note: place parentheses around the '&&' expression to silence this warning
  y = !y$w_buff0_used || !y$r_buff0_thd0 && !y$w_buff1_used || !y$r_buff0_thd0 && !y$r_buff1_thd0 ? y : (y$w_buff0_used && y$r_buff0_thd0 ? y$w_buff0 : y$w_buff1);
                                         ^
                         (                                 )
safe023_pso.oepc_false-unreach-call.c:310:80: warning: '&&' within '||' [-Wlogical-op-parentheses]
  y = !y$w_buff0_used || !y$r_buff0_thd0 && !y$w_buff1_used || !y$r_buff0_thd0 && !y$r_buff1_thd0 ? y : (y$w_buff0_used && y$r_buff0_thd0 ? y$w_buff0 : y$w_buff1);
                                                            ~~ ~~~~~~~~~~~~~~~~^~~~~~~~~~~~~~~~~~
safe023_pso.oepc_false-unreach-call.c:310:80: note: place parentheses around the '&&' expression to silence this warning
  y = !y$w_buff0_used || !y$r_buff0_thd0 && !y$w_buff1_used || !y$r_buff0_thd0 && !y$r_buff1_thd0 ? y : (y$w_buff0_used && y$r_buff0_thd0 ? y$w_buff0 : y$w_buff1);
                                                                               ^
                                                               (                                 )
safe023_pso.oepc_false-unreach-call.c:313:79: warning: '&&' within '||' [-Wlogical-op-parentheses]
  y$w_buff0 = weak$$choice2 ? y$w_buff0 : (!y$w_buff0_used || !y$r_buff0_thd0 && !y$w_buff1_used || !y$r_buff0_thd0 && !y$r_buff1_thd0 ? y$w_buff0 : (y$w_buff0_used && y$r_buff0_thd0 ? y$w_buff0 : y$w_buff0));
                                                           ~~ ~~~~~~~~~~~~~~~~^~~~~~~~~~~~~~~~~~
safe023_pso.oepc_false-unreach-call.c:313:79: note: place parentheses around the '&&' expression to silence this warning
  y$w_buff0 = weak$$choice2 ? y$w_buff0 : (!y$w_buff0_used || !y$r_buff0_thd0 && !y$w_buff1_used || !y$r_buff0_thd0 && !y$r_buff1_thd0 ? y$w_buff0 : (y$w_buff0_used && y$r_buff0_thd0 ? y$w_buff0 : y$w_buff0));
                                                                              ^
                                                              (                                 )
safe023_pso.oepc_false-unreach-call.c:313:117: warning: '&&' within '||' [-Wlogical-op-parentheses]
  y$w_buff0 = weak$$choice2 ? y$w_buff0 : (!y$w_buff0_used || !y$r_buff0_thd0 && !y$w_buff1_used || !y$r_buff0_thd0 && !y$r_buff1_thd0 ? y$w_buff0 : (y$w_buff0_used && y$r_buff0_thd0 ? y$w_buff0 : y$w_buff0));
                                                                                                 ~~ ~~~~~~~~~~~~~~~~^~~~~~~~~~~~~~~~~~
safe023_pso.oepc_false-unreach-call.c:313:117: note: place parentheses around the '&&' expression to silence this warning
  y$w_buff0 = weak$$choice2 ? y$w_buff0 : (!y$w_buff0_used || !y$r_buff0_thd0 && !y$w_buff1_used || !y$r_buff0_thd0 && !y$r_buff1_thd0 ? y$w_buff0 : (y$w_buff0_used && y$r_buff0_thd0 ? y$w_buff0 : y$w_buff0));
                                                                                                                    ^
                                                                                                    (                                 )
safe023_pso.oepc_false-unreach-call.c:316:79: warning: '&&' within '||' [-Wlogical-op-parentheses]
  y$w_buff1 = weak$$choice2 ? y$w_buff1 : (!y$w_buff0_used || !y$r_buff0_thd0 && !y$w_buff1_used || !y$r_buff0_thd0 && !y$r_buff1_thd0 ? y$w_buff1 : (y$w_buff0_used && y$r_buff0_thd0 ? y$w_buff1 : y$w_buff1));
                                                           ~~ ~~~~~~~~~~~~~~~~^~~~~~~~~~~~~~~~~~
safe023_pso.oepc_false-unreach-call.c:316:79: note: place parentheses around the '&&' expression to silence this warning
  y$w_buff1 = weak$$choice2 ? y$w_buff1 : (!y$w_buff0_used || !y$r_buff0_thd0 && !y$w_buff1_used || !y$r_buff0_thd0 && !y$r_buff1_thd0 ? y$w_buff1 : (y$w_buff0_used && y$r_buff0_thd0 ? y$w_buff1 : y$w_buff1));
                                                                              ^
                                                              (                                 )
safe023_pso.oepc_false-unreach-call.c:316:117: warning: '&&' within '||' [-Wlogical-op-parentheses]
  y$w_buff1 = weak$$choice2 ? y$w_buff1 : (!y$w_buff0_used || !y$r_buff0_thd0 && !y$w_buff1_used || !y$r_buff0_thd0 && !y$r_buff1_thd0 ? y$w_buff1 : (y$w_buff0_used && y$r_buff0_thd0 ? y$w_buff1 : y$w_buff1));
                                                                                                 ~~ ~~~~~~~~~~~~~~~~^~~~~~~~~~~~~~~~~~
safe023_pso.oepc_false-unreach-call.c:316:117: note: place parentheses around the '&&' expression to silence this warning
  y$w_buff1 = weak$$choice2 ? y$w_buff1 : (!y$w_buff0_used || !y$r_buff0_thd0 && !y$w_buff1_used || !y$r_buff0_thd0 && !y$r_buff1_thd0 ? y$w_buff1 : (y$w_buff0_used && y$r_buff0_thd0 ? y$w_buff1 : y$w_buff1));
                                                                                                                    ^
                                                                                                    (                                 )
safe023_pso.oepc_false-unreach-call.c:319:89: warning: '&&' within '||' [-Wlogical-op-parentheses]
  y$w_buff0_used = weak$$choice2 ? y$w_buff0_used : (!y$w_buff0_used || !y$r_buff0_thd0 && !y$w_buff1_used || !y$r_buff0_thd0 && !y$r_buff1_thd0 ? y$w_buff0_used : (y$w_buff0_used && y$r_buff0_thd0 ? FALSE : y$w_buff0_used));
                                                                     ~~ ~~~~~~~~~~~~~~~~^~~~~~~~~~~~~~~~~~
safe023_pso.oepc_false-unreach-call.c:319:89: note: place parentheses around the '&&' expression to silence this warning
  y$w_buff0_used = weak$$choice2 ? y$w_buff0_used : (!y$w_buff0_used || !y$r_buff0_thd0 && !y$w_buff1_used || !y$r_buff0_thd0 && !y$r_buff1_thd0 ? y$w_buff0_used : (y$w_buff0_used && y$r_buff0_thd0 ? FALSE : y$w_buff0_used));
                                                                                        ^
                                                                        (                                 )
safe023_pso.oepc_false-unreach-call.c:319:127: warning: '&&' within '||' [-Wlogical-op-parentheses]
  y$w_buff0_used = weak$$choice2 ? y$w_buff0_used : (!y$w_buff0_used || !y$r_buff0_thd0 && !y$w_buff1_used || !y$r_buff0_thd0 && !y$r_buff1_thd0 ? y$w_buff0_used : (y$w_buff0_used && y$r_buff0_thd0 ? FALSE : y$w_buff0_used));
                                                                                                           ~~ ~~~~~~~~~~~~~~~~^~~~~~~~~~~~~~~~~~
safe023_pso.oepc_false-unreach-call.c:319:127: note: place parentheses around the '&&' expression to silence this warning
  y$w_buff0_used = weak$$choice2 ? y$w_buff0_used : (!y$w_buff0_used || !y$r_buff0_thd0 && !y$w_buff1_used || !y$r_buff0_thd0 && !y$r_buff1_thd0 ? y$w_buff0_used : (y$w_buff0_used && y$r_buff0_thd0 ? FALSE : y$w_buff0_used));
                                                                                                                              ^
                                                                                                              (                                 )
safe023_pso.oepc_false-unreach-call.c:322:89: warning: '&&' within '||' [-Wlogical-op-parentheses]
  y$w_buff1_used = weak$$choice2 ? y$w_buff1_used : (!y$w_buff0_used || !y$r_buff0_thd0 && !y$w_buff1_used || !y$r_buff0_thd0 && !y$r_buff1_thd0 ? y$w_buff1_used : (y$w_buff0_used && y$r_buff0_thd0 ? FALSE : FALSE));
                                                                     ~~ ~~~~~~~~~~~~~~~~^~~~~~~~~~~~~~~~~~
safe023_pso.oepc_false-unreach-call.c:322:89: note: place parentheses around the '&&' expression to silence this warning
  y$w_buff1_used = weak$$choice2 ? y$w_buff1_used : (!y$w_buff0_used || !y$r_buff0_thd0 && !y$w_buff1_used || !y$r_buff0_thd0 && !y$r_buff1_thd0 ? y$w_buff1_used : (y$w_buff0_used && y$r_buff0_thd0 ? FALSE : FALSE));
                                                                                        ^
                                                                        (                                 )
safe023_pso.oepc_false-unreach-call.c:322:127: warning: '&&' within '||' [-Wlogical-op-parentheses]
  y$w_buff1_used = weak$$choice2 ? y$w_buff1_used : (!y$w_buff0_used || !y$r_buff0_thd0 && !y$w_buff1_used || !y$r_buff0_thd0 && !y$r_buff1_thd0 ? y$w_buff1_used : (y$w_buff0_used && y$r_buff0_thd0 ? FALSE : FALSE));
                                                                                                           ~~ ~~~~~~~~~~~~~~~~^~~~~~~~~~~~~~~~~~
safe023_pso.oepc_false-unreach-call.c:322:127: note: place parentheses around the '&&' expression to silence this warning
  y$w_buff1_used = weak$$choice2 ? y$w_buff1_used : (!y$w_buff0_used || !y$r_buff0_thd0 && !y$w_buff1_used || !y$r_buff0_thd0 && !y$r_buff1_thd0 ? y$w_buff1_used : (y$w_buff0_used && y$r_buff0_thd0 ? FALSE : FALSE));
                                                                                                                              ^
                                                                                                              (                                 )
safe023_pso.oepc_false-unreach-call.c:325:89: warning: '&&' within '||' [-Wlogical-op-parentheses]
  y$r_buff0_thd0 = weak$$choice2 ? y$r_buff0_thd0 : (!y$w_buff0_used || !y$r_buff0_thd0 && !y$w_buff1_used || !y$r_buff0_thd0 && !y$r_buff1_thd0 ? y$r_buff0_thd0 : (y$w_buff0_used && y$r_buff0_thd0 ? FALSE : y$r_buff0_thd0));
                                                                     ~~ ~~~~~~~~~~~~~~~~^~~~~~~~~~~~~~~~~~
safe023_pso.oepc_false-unreach-call.c:325:89: note: place parentheses around the '&&' expression to silence this warning
  y$r_buff0_thd0 = weak$$choice2 ? y$r_buff0_thd0 : (!y$w_buff0_used || !y$r_buff0_thd0 && !y$w_buff1_used || !y$r_buff0_thd0 && !y$r_buff1_thd0 ? y$r_buff0_thd0 : (y$w_buff0_used && y$r_buff0_thd0 ? FALSE : y$r_buff0_thd0));
                                                                                        ^
                                                                        (                                 )
safe023_pso.oepc_false-unreach-call.c:325:127: warning: '&&' within '||' [-Wlogical-op-parentheses]
  y$r_buff0_thd0 = weak$$choice2 ? y$r_buff0_thd0 : (!y$w_buff0_used || !y$r_buff0_thd0 && !y$w_buff1_used || !y$r_buff0_thd0 && !y$r_buff1_thd0 ? y$r_buff0_thd0 : (y$w_buff0_used && y$r_buff0_thd0 ? FALSE : y$r_buff0_thd0));
                                                                                                           ~~ ~~~~~~~~~~~~~~~~^~~~~~~~~~~~~~~~~~
safe023_pso.oepc_false-unreach-call.c:325:127: note: place parentheses around the '&&' expression to silence this warning
  y$r_buff0_thd0 = weak$$choice2 ? y$r_buff0_thd0 : (!y$w_buff0_used || !y$r_buff0_thd0 && !y$w_buff1_used || !y$r_buff0_thd0 && !y$r_buff1_thd0 ? y$r_buff0_thd0 : (y$w_buff0_used && y$r_buff0_thd0 ? FALSE : y$r_buff0_thd0));
                                                                                                                              ^
                                                                                                              (                                 )
safe023_pso.oepc_false-unreach-call.c:328:89: warning: '&&' within '||' [-Wlogical-op-parentheses]
  y$r_buff1_thd0 = weak$$choice2 ? y$r_buff1_thd0 : (!y$w_buff0_used || !y$r_buff0_thd0 && !y$w_buff1_used || !y$r_buff0_thd0 && !y$r_buff1_thd0 ? y$r_buff1_thd0 : (y$w_buff0_used && y$r_buff0_thd0 ? FALSE : FALSE));
                                                                     ~~ ~~~~~~~~~~~~~~~~^~~~~~~~~~~~~~~~~~
safe023_pso.oepc_false-unreach-call.c:328:89: note: place parentheses around the '&&' expression to silence this warning
  y$r_buff1_thd0 = weak$$choice2 ? y$r_buff1_thd0 : (!y$w_buff0_used || !y$r_buff0_thd0 && !y$w_buff1_used || !y$r_buff0_thd0 && !y$r_buff1_thd0 ? y$r_buff1_thd0 : (y$w_buff0_used && y$r_buff0_thd0 ? FALSE : FALSE));
                                                                                        ^
                                                                        (                                 )
safe023_pso.oepc_false-unreach-call.c:328:127: warning: '&&' within '||' [-Wlogical-op-parentheses]
  y$r_buff1_thd0 = weak$$choice2 ? y$r_buff1_thd0 : (!y$w_buff0_used || !y$r_buff0_thd0 && !y$w_buff1_used || !y$r_buff0_thd0 && !y$r_buff1_thd0 ? y$r_buff1_thd0 : (y$w_buff0_used && y$r_buff0_thd0 ? FALSE : FALSE));
                                                                                                           ~~ ~~~~~~~~~~~~~~~~^~~~~~~~~~~~~~~~~~
safe023_pso.oepc_false-unreach-call.c:328:127: note: place parentheses around the '&&' expression to silence this warning
  y$r_buff1_thd0 = weak$$choice2 ? y$r_buff1_thd0 : (!y$w_buff0_used || !y$r_buff0_thd0 && !y$w_buff1_used || !y$r_buff0_thd0 && !y$r_buff1_thd0 ? y$r_buff1_thd0 : (y$w_buff0_used && y$r_buff0_thd0 ? FALSE : FALSE));
                                                                                                                              ^
                                                                                                              (                                 )
71 warnings generated.
