safe028_rmo.oepc_false-unreach-call.c:4:34: warning: implicit declaration of function '__VERIFIER_assume' is invalid in C99 [-Wimplicit-function-declaration]
void __VERIFIER_atomic_begin() { __VERIFIER_assume(__global_lock==0); __global_lock=1; return; }
                                 ^
safe028_rmo.oepc_false-unreach-call.c:206:19: warning: implicit declaration of function 'nondet_0' is invalid in C99 [-Wimplicit-function-declaration]
  weak$$choice0 = nondet_0();
                  ^
safe028_rmo.oepc_false-unreach-call.c:210:42: warning: '&&' within '||' [-Wlogical-op-parentheses]
  x = !x$w_buff0_used || !x$r_buff0_thd1 && !x$w_buff1_used || !x$r_buff0_thd1 && !x$r_buff1_thd1 ? x : (x$w_buff0_used && x$r_buff0_thd1 ? x$w_buff0 : x$w_buff1);
                      ~~ ~~~~~~~~~~~~~~~~^~~~~~~~~~~~~~~~~~
safe028_rmo.oepc_false-unreach-call.c:210:42: note: place parentheses around the '&&' expression to silence this warning
  x = !x$w_buff0_used || !x$r_buff0_thd1 && !x$w_buff1_used || !x$r_buff0_thd1 && !x$r_buff1_thd1 ? x : (x$w_buff0_used && x$r_buff0_thd1 ? x$w_buff0 : x$w_buff1);
                                         ^
                         (                                 )
safe028_rmo.oepc_false-unreach-call.c:210:80: warning: '&&' within '||' [-Wlogical-op-parentheses]
  x = !x$w_buff0_used || !x$r_buff0_thd1 && !x$w_buff1_used || !x$r_buff0_thd1 && !x$r_buff1_thd1 ? x : (x$w_buff0_used && x$r_buff0_thd1 ? x$w_buff0 : x$w_buff1);
                                                            ~~ ~~~~~~~~~~~~~~~~^~~~~~~~~~~~~~~~~~
safe028_rmo.oepc_false-unreach-call.c:210:80: note: place parentheses around the '&&' expression to silence this warning
  x = !x$w_buff0_used || !x$r_buff0_thd1 && !x$w_buff1_used || !x$r_buff0_thd1 && !x$r_buff1_thd1 ? x : (x$w_buff0_used && x$r_buff0_thd1 ? x$w_buff0 : x$w_buff1);
                                                                               ^
                                                               (                                 )
safe028_rmo.oepc_false-unreach-call.c:211:79: warning: '&&' within '||' [-Wlogical-op-parentheses]
  x$w_buff0 = weak$$choice2 ? x$w_buff0 : (!x$w_buff0_used || !x$r_buff0_thd1 && !x$w_buff1_used || !x$r_buff0_thd1 && !x$r_buff1_thd1 ? x$w_buff0 : (x$w_buff0_used && x$r_buff0_thd1 ? x$w_buff0 : x$w_buff0));
                                                           ~~ ~~~~~~~~~~~~~~~~^~~~~~~~~~~~~~~~~~
safe028_rmo.oepc_false-unreach-call.c:211:79: note: place parentheses around the '&&' expression to silence this warning
  x$w_buff0 = weak$$choice2 ? x$w_buff0 : (!x$w_buff0_used || !x$r_buff0_thd1 && !x$w_buff1_used || !x$r_buff0_thd1 && !x$r_buff1_thd1 ? x$w_buff0 : (x$w_buff0_used && x$r_buff0_thd1 ? x$w_buff0 : x$w_buff0));
                                                                              ^
                                                              (                                 )
safe028_rmo.oepc_false-unreach-call.c:211:117: warning: '&&' within '||' [-Wlogical-op-parentheses]
  x$w_buff0 = weak$$choice2 ? x$w_buff0 : (!x$w_buff0_used || !x$r_buff0_thd1 && !x$w_buff1_used || !x$r_buff0_thd1 && !x$r_buff1_thd1 ? x$w_buff0 : (x$w_buff0_used && x$r_buff0_thd1 ? x$w_buff0 : x$w_buff0));
                                                                                                 ~~ ~~~~~~~~~~~~~~~~^~~~~~~~~~~~~~~~~~
safe028_rmo.oepc_false-unreach-call.c:211:117: note: place parentheses around the '&&' expression to silence this warning
  x$w_buff0 = weak$$choice2 ? x$w_buff0 : (!x$w_buff0_used || !x$r_buff0_thd1 && !x$w_buff1_used || !x$r_buff0_thd1 && !x$r_buff1_thd1 ? x$w_buff0 : (x$w_buff0_used && x$r_buff0_thd1 ? x$w_buff0 : x$w_buff0));
                                                                                                                    ^
                                                                                                    (                                 )
safe028_rmo.oepc_false-unreach-call.c:212:79: warning: '&&' within '||' [-Wlogical-op-parentheses]
  x$w_buff1 = weak$$choice2 ? x$w_buff1 : (!x$w_buff0_used || !x$r_buff0_thd1 && !x$w_buff1_used || !x$r_buff0_thd1 && !x$r_buff1_thd1 ? x$w_buff1 : (x$w_buff0_used && x$r_buff0_thd1 ? x$w_buff1 : x$w_buff1));
                                                           ~~ ~~~~~~~~~~~~~~~~^~~~~~~~~~~~~~~~~~
safe028_rmo.oepc_false-unreach-call.c:212:79: note: place parentheses around the '&&' expression to silence this warning
  x$w_buff1 = weak$$choice2 ? x$w_buff1 : (!x$w_buff0_used || !x$r_buff0_thd1 && !x$w_buff1_used || !x$r_buff0_thd1 && !x$r_buff1_thd1 ? x$w_buff1 : (x$w_buff0_used && x$r_buff0_thd1 ? x$w_buff1 : x$w_buff1));
                                                                              ^
                                                              (                                 )
safe028_rmo.oepc_false-unreach-call.c:212:117: warning: '&&' within '||' [-Wlogical-op-parentheses]
  x$w_buff1 = weak$$choice2 ? x$w_buff1 : (!x$w_buff0_used || !x$r_buff0_thd1 && !x$w_buff1_used || !x$r_buff0_thd1 && !x$r_buff1_thd1 ? x$w_buff1 : (x$w_buff0_used && x$r_buff0_thd1 ? x$w_buff1 : x$w_buff1));
                                                                                                 ~~ ~~~~~~~~~~~~~~~~^~~~~~~~~~~~~~~~~~
safe028_rmo.oepc_false-unreach-call.c:212:117: note: place parentheses around the '&&' expression to silence this warning
  x$w_buff1 = weak$$choice2 ? x$w_buff1 : (!x$w_buff0_used || !x$r_buff0_thd1 && !x$w_buff1_used || !x$r_buff0_thd1 && !x$r_buff1_thd1 ? x$w_buff1 : (x$w_buff0_used && x$r_buff0_thd1 ? x$w_buff1 : x$w_buff1));
                                                                                                                    ^
                                                                                                    (                                 )
safe028_rmo.oepc_false-unreach-call.c:213:89: warning: '&&' within '||' [-Wlogical-op-parentheses]
  x$w_buff0_used = weak$$choice2 ? x$w_buff0_used : (!x$w_buff0_used || !x$r_buff0_thd1 && !x$w_buff1_used || !x$r_buff0_thd1 && !x$r_buff1_thd1 ? x$w_buff0_used : (x$w_buff0_used && x$r_buff0_thd1 ? FALSE : x$w_buff0_used));
                                                                     ~~ ~~~~~~~~~~~~~~~~^~~~~~~~~~~~~~~~~~
safe028_rmo.oepc_false-unreach-call.c:213:89: note: place parentheses around the '&&' expression to silence this warning
  x$w_buff0_used = weak$$choice2 ? x$w_buff0_used : (!x$w_buff0_used || !x$r_buff0_thd1 && !x$w_buff1_used || !x$r_buff0_thd1 && !x$r_buff1_thd1 ? x$w_buff0_used : (x$w_buff0_used && x$r_buff0_thd1 ? FALSE : x$w_buff0_used));
                                                                                        ^
                                                                        (                                 )
safe028_rmo.oepc_false-unreach-call.c:213:127: warning: '&&' within '||' [-Wlogical-op-parentheses]
  x$w_buff0_used = weak$$choice2 ? x$w_buff0_used : (!x$w_buff0_used || !x$r_buff0_thd1 && !x$w_buff1_used || !x$r_buff0_thd1 && !x$r_buff1_thd1 ? x$w_buff0_used : (x$w_buff0_used && x$r_buff0_thd1 ? FALSE : x$w_buff0_used));
                                                                                                           ~~ ~~~~~~~~~~~~~~~~^~~~~~~~~~~~~~~~~~
safe028_rmo.oepc_false-unreach-call.c:213:127: note: place parentheses around the '&&' expression to silence this warning
  x$w_buff0_used = weak$$choice2 ? x$w_buff0_used : (!x$w_buff0_used || !x$r_buff0_thd1 && !x$w_buff1_used || !x$r_buff0_thd1 && !x$r_buff1_thd1 ? x$w_buff0_used : (x$w_buff0_used && x$r_buff0_thd1 ? FALSE : x$w_buff0_used));
                                                                                                                              ^
                                                                                                              (                                 )
safe028_rmo.oepc_false-unreach-call.c:214:89: warning: '&&' within '||' [-Wlogical-op-parentheses]
  x$w_buff1_used = weak$$choice2 ? x$w_buff1_used : (!x$w_buff0_used || !x$r_buff0_thd1 && !x$w_buff1_used || !x$r_buff0_thd1 && !x$r_buff1_thd1 ? x$w_buff1_used : (x$w_buff0_used && x$r_buff0_thd1 ? FALSE : FALSE));
                                                                     ~~ ~~~~~~~~~~~~~~~~^~~~~~~~~~~~~~~~~~
safe028_rmo.oepc_false-unreach-call.c:214:89: note: place parentheses around the '&&' expression to silence this warning
  x$w_buff1_used = weak$$choice2 ? x$w_buff1_used : (!x$w_buff0_used || !x$r_buff0_thd1 && !x$w_buff1_used || !x$r_buff0_thd1 && !x$r_buff1_thd1 ? x$w_buff1_used : (x$w_buff0_used && x$r_buff0_thd1 ? FALSE : FALSE));
                                                                                        ^
                                                                        (                                 )
safe028_rmo.oepc_false-unreach-call.c:214:127: warning: '&&' within '||' [-Wlogical-op-parentheses]
  x$w_buff1_used = weak$$choice2 ? x$w_buff1_used : (!x$w_buff0_used || !x$r_buff0_thd1 && !x$w_buff1_used || !x$r_buff0_thd1 && !x$r_buff1_thd1 ? x$w_buff1_used : (x$w_buff0_used && x$r_buff0_thd1 ? FALSE : FALSE));
                                                                                                           ~~ ~~~~~~~~~~~~~~~~^~~~~~~~~~~~~~~~~~
safe028_rmo.oepc_false-unreach-call.c:214:127: note: place parentheses around the '&&' expression to silence this warning
  x$w_buff1_used = weak$$choice2 ? x$w_buff1_used : (!x$w_buff0_used || !x$r_buff0_thd1 && !x$w_buff1_used || !x$r_buff0_thd1 && !x$r_buff1_thd1 ? x$w_buff1_used : (x$w_buff0_used && x$r_buff0_thd1 ? FALSE : FALSE));
                                                                                                                              ^
                                                                                                              (                                 )
safe028_rmo.oepc_false-unreach-call.c:215:89: warning: '&&' within '||' [-Wlogical-op-parentheses]
  x$r_buff0_thd1 = weak$$choice2 ? x$r_buff0_thd1 : (!x$w_buff0_used || !x$r_buff0_thd1 && !x$w_buff1_used || !x$r_buff0_thd1 && !x$r_buff1_thd1 ? x$r_buff0_thd1 : (x$w_buff0_used && x$r_buff0_thd1 ? FALSE : x$r_buff0_thd1));
                                                                     ~~ ~~~~~~~~~~~~~~~~^~~~~~~~~~~~~~~~~~
safe028_rmo.oepc_false-unreach-call.c:215:89: note: place parentheses around the '&&' expression to silence this warning
  x$r_buff0_thd1 = weak$$choice2 ? x$r_buff0_thd1 : (!x$w_buff0_used || !x$r_buff0_thd1 && !x$w_buff1_used || !x$r_buff0_thd1 && !x$r_buff1_thd1 ? x$r_buff0_thd1 : (x$w_buff0_used && x$r_buff0_thd1 ? FALSE : x$r_buff0_thd1));
                                                                                        ^
                                                                        (                                 )
safe028_rmo.oepc_false-unreach-call.c:215:127: warning: '&&' within '||' [-Wlogical-op-parentheses]
  x$r_buff0_thd1 = weak$$choice2 ? x$r_buff0_thd1 : (!x$w_buff0_used || !x$r_buff0_thd1 && !x$w_buff1_used || !x$r_buff0_thd1 && !x$r_buff1_thd1 ? x$r_buff0_thd1 : (x$w_buff0_used && x$r_buff0_thd1 ? FALSE : x$r_buff0_thd1));
                                                                                                           ~~ ~~~~~~~~~~~~~~~~^~~~~~~~~~~~~~~~~~
safe028_rmo.oepc_false-unreach-call.c:215:127: note: place parentheses around the '&&' expression to silence this warning
  x$r_buff0_thd1 = weak$$choice2 ? x$r_buff0_thd1 : (!x$w_buff0_used || !x$r_buff0_thd1 && !x$w_buff1_used || !x$r_buff0_thd1 && !x$r_buff1_thd1 ? x$r_buff0_thd1 : (x$w_buff0_used && x$r_buff0_thd1 ? FALSE : x$r_buff0_thd1));
                                                                                                                              ^
                                                                                                              (                                 )
safe028_rmo.oepc_false-unreach-call.c:216:89: warning: '&&' within '||' [-Wlogical-op-parentheses]
  x$r_buff1_thd1 = weak$$choice2 ? x$r_buff1_thd1 : (!x$w_buff0_used || !x$r_buff0_thd1 && !x$w_buff1_used || !x$r_buff0_thd1 && !x$r_buff1_thd1 ? x$r_buff1_thd1 : (x$w_buff0_used && x$r_buff0_thd1 ? FALSE : FALSE));
                                                                     ~~ ~~~~~~~~~~~~~~~~^~~~~~~~~~~~~~~~~~
safe028_rmo.oepc_false-unreach-call.c:216:89: note: place parentheses around the '&&' expression to silence this warning
  x$r_buff1_thd1 = weak$$choice2 ? x$r_buff1_thd1 : (!x$w_buff0_used || !x$r_buff0_thd1 && !x$w_buff1_used || !x$r_buff0_thd1 && !x$r_buff1_thd1 ? x$r_buff1_thd1 : (x$w_buff0_used && x$r_buff0_thd1 ? FALSE : FALSE));
                                                                                        ^
                                                                        (                                 )
safe028_rmo.oepc_false-unreach-call.c:216:127: warning: '&&' within '||' [-Wlogical-op-parentheses]
  x$r_buff1_thd1 = weak$$choice2 ? x$r_buff1_thd1 : (!x$w_buff0_used || !x$r_buff0_thd1 && !x$w_buff1_used || !x$r_buff0_thd1 && !x$r_buff1_thd1 ? x$r_buff1_thd1 : (x$w_buff0_used && x$r_buff0_thd1 ? FALSE : FALSE));
                                                                                                           ~~ ~~~~~~~~~~~~~~~~^~~~~~~~~~~~~~~~~~
safe028_rmo.oepc_false-unreach-call.c:216:127: note: place parentheses around the '&&' expression to silence this warning
  x$r_buff1_thd1 = weak$$choice2 ? x$r_buff1_thd1 : (!x$w_buff0_used || !x$r_buff0_thd1 && !x$w_buff1_used || !x$r_buff0_thd1 && !x$r_buff1_thd1 ? x$r_buff1_thd1 : (x$w_buff0_used && x$r_buff0_thd1 ? FALSE : FALSE));
                                                                                                                              ^
                                                                                                              (                                 )
safe028_rmo.oepc_false-unreach-call.c:226:10: warning: implicit declaration of function 'nondet_1' is invalid in C99 [-Wimplicit-function-declaration]
  return nondet_1();
         ^
safe028_rmo.oepc_false-unreach-call.c:226:10: warning: incompatible integer to pointer conversion returning 'int' from a function with result type 'void *' [-Wint-conversion]
  return nondet_1();
         ^~~~~~~~~~
safe028_rmo.oepc_false-unreach-call.c:239:35: warning: '&&' within '||' [-Wlogical-op-parentheses]
  x$w_buff1_used = x$w_buff0_used && x$r_buff0_thd2 || x$w_buff1_used && x$r_buff1_thd2 ? FALSE : x$w_buff1_used;
                   ~~~~~~~~~~~~~~~^~~~~~~~~~~~~~~~~ ~~
safe028_rmo.oepc_false-unreach-call.c:239:35: note: place parentheses around the '&&' expression to silence this warning
  x$w_buff1_used = x$w_buff0_used && x$r_buff0_thd2 || x$w_buff1_used && x$r_buff1_thd2 ? FALSE : x$w_buff1_used;
                                  ^
                   (                               )
safe028_rmo.oepc_false-unreach-call.c:239:71: warning: '&&' within '||' [-Wlogical-op-parentheses]
  x$w_buff1_used = x$w_buff0_used && x$r_buff0_thd2 || x$w_buff1_used && x$r_buff1_thd2 ? FALSE : x$w_buff1_used;
                                                    ~~ ~~~~~~~~~~~~~~~^~~~~~~~~~~~~~~~~
safe028_rmo.oepc_false-unreach-call.c:239:71: note: place parentheses around the '&&' expression to silence this warning
  x$w_buff1_used = x$w_buff0_used && x$r_buff0_thd2 || x$w_buff1_used && x$r_buff1_thd2 ? FALSE : x$w_buff1_used;
                                                                      ^
                                                       (                               )
safe028_rmo.oepc_false-unreach-call.c:241:35: warning: '&&' within '||' [-Wlogical-op-parentheses]
  x$r_buff1_thd2 = x$w_buff0_used && x$r_buff0_thd2 || x$w_buff1_used && x$r_buff1_thd2 ? FALSE : x$r_buff1_thd2;
                   ~~~~~~~~~~~~~~~^~~~~~~~~~~~~~~~~ ~~
safe028_rmo.oepc_false-unreach-call.c:241:35: note: place parentheses around the '&&' expression to silence this warning
  x$r_buff1_thd2 = x$w_buff0_used && x$r_buff0_thd2 || x$w_buff1_used && x$r_buff1_thd2 ? FALSE : x$r_buff1_thd2;
                                  ^
                   (                               )
safe028_rmo.oepc_false-unreach-call.c:241:71: warning: '&&' within '||' [-Wlogical-op-parentheses]
  x$r_buff1_thd2 = x$w_buff0_used && x$r_buff0_thd2 || x$w_buff1_used && x$r_buff1_thd2 ? FALSE : x$r_buff1_thd2;
                                                    ~~ ~~~~~~~~~~~~~~~^~~~~~~~~~~~~~~~~
safe028_rmo.oepc_false-unreach-call.c:241:71: note: place parentheses around the '&&' expression to silence this warning
  x$r_buff1_thd2 = x$w_buff0_used && x$r_buff0_thd2 || x$w_buff1_used && x$r_buff1_thd2 ? FALSE : x$r_buff1_thd2;
                                                                      ^
                                                       (                               )
safe028_rmo.oepc_false-unreach-call.c:246:10: warning: incompatible integer to pointer conversion returning 'int' from a function with result type 'void *' [-Wint-conversion]
  return nondet_1();
         ^~~~~~~~~~
safe028_rmo.oepc_false-unreach-call.c:258:42: warning: '&&' within '||' [-Wlogical-op-parentheses]
  x = !x$w_buff0_used || !x$r_buff0_thd3 && !x$w_buff1_used || !x$r_buff0_thd3 && !x$r_buff1_thd3 ? x : (x$w_buff0_used && x$r_buff0_thd3 ? x$w_buff0 : x$w_buff1);
                      ~~ ~~~~~~~~~~~~~~~~^~~~~~~~~~~~~~~~~~
safe028_rmo.oepc_false-unreach-call.c:258:42: note: place parentheses around the '&&' expression to silence this warning
  x = !x$w_buff0_used || !x$r_buff0_thd3 && !x$w_buff1_used || !x$r_buff0_thd3 && !x$r_buff1_thd3 ? x : (x$w_buff0_used && x$r_buff0_thd3 ? x$w_buff0 : x$w_buff1);
                                         ^
                         (                                 )
safe028_rmo.oepc_false-unreach-call.c:258:80: warning: '&&' within '||' [-Wlogical-op-parentheses]
  x = !x$w_buff0_used || !x$r_buff0_thd3 && !x$w_buff1_used || !x$r_buff0_thd3 && !x$r_buff1_thd3 ? x : (x$w_buff0_used && x$r_buff0_thd3 ? x$w_buff0 : x$w_buff1);
                                                            ~~ ~~~~~~~~~~~~~~~~^~~~~~~~~~~~~~~~~~
safe028_rmo.oepc_false-unreach-call.c:258:80: note: place parentheses around the '&&' expression to silence this warning
  x = !x$w_buff0_used || !x$r_buff0_thd3 && !x$w_buff1_used || !x$r_buff0_thd3 && !x$r_buff1_thd3 ? x : (x$w_buff0_used && x$r_buff0_thd3 ? x$w_buff0 : x$w_buff1);
                                                                               ^
                                                               (                                 )
safe028_rmo.oepc_false-unreach-call.c:259:79: warning: '&&' within '||' [-Wlogical-op-parentheses]
  x$w_buff0 = weak$$choice2 ? x$w_buff0 : (!x$w_buff0_used || !x$r_buff0_thd3 && !x$w_buff1_used || !x$r_buff0_thd3 && !x$r_buff1_thd3 ? x$w_buff0 : (x$w_buff0_used && x$r_buff0_thd3 ? x$w_buff0 : x$w_buff0));
                                                           ~~ ~~~~~~~~~~~~~~~~^~~~~~~~~~~~~~~~~~
safe028_rmo.oepc_false-unreach-call.c:259:79: note: place parentheses around the '&&' expression to silence this warning
  x$w_buff0 = weak$$choice2 ? x$w_buff0 : (!x$w_buff0_used || !x$r_buff0_thd3 && !x$w_buff1_used || !x$r_buff0_thd3 && !x$r_buff1_thd3 ? x$w_buff0 : (x$w_buff0_used && x$r_buff0_thd3 ? x$w_buff0 : x$w_buff0));
                                                                              ^
                                                              (                                 )
safe028_rmo.oepc_false-unreach-call.c:259:117: warning: '&&' within '||' [-Wlogical-op-parentheses]
  x$w_buff0 = weak$$choice2 ? x$w_buff0 : (!x$w_buff0_used || !x$r_buff0_thd3 && !x$w_buff1_used || !x$r_buff0_thd3 && !x$r_buff1_thd3 ? x$w_buff0 : (x$w_buff0_used && x$r_buff0_thd3 ? x$w_buff0 : x$w_buff0));
                                                                                                 ~~ ~~~~~~~~~~~~~~~~^~~~~~~~~~~~~~~~~~
safe028_rmo.oepc_false-unreach-call.c:259:117: note: place parentheses around the '&&' expression to silence this warning
  x$w_buff0 = weak$$choice2 ? x$w_buff0 : (!x$w_buff0_used || !x$r_buff0_thd3 && !x$w_buff1_used || !x$r_buff0_thd3 && !x$r_buff1_thd3 ? x$w_buff0 : (x$w_buff0_used && x$r_buff0_thd3 ? x$w_buff0 : x$w_buff0));
                                                                                                                    ^
                                                                                                    (                                 )
safe028_rmo.oepc_false-unreach-call.c:260:79: warning: '&&' within '||' [-Wlogical-op-parentheses]
  x$w_buff1 = weak$$choice2 ? x$w_buff1 : (!x$w_buff0_used || !x$r_buff0_thd3 && !x$w_buff1_used || !x$r_buff0_thd3 && !x$r_buff1_thd3 ? x$w_buff1 : (x$w_buff0_used && x$r_buff0_thd3 ? x$w_buff1 : x$w_buff1));
                                                           ~~ ~~~~~~~~~~~~~~~~^~~~~~~~~~~~~~~~~~
safe028_rmo.oepc_false-unreach-call.c:260:79: note: place parentheses around the '&&' expression to silence this warning
  x$w_buff1 = weak$$choice2 ? x$w_buff1 : (!x$w_buff0_used || !x$r_buff0_thd3 && !x$w_buff1_used || !x$r_buff0_thd3 && !x$r_buff1_thd3 ? x$w_buff1 : (x$w_buff0_used && x$r_buff0_thd3 ? x$w_buff1 : x$w_buff1));
                                                                              ^
                                                              (                                 )
safe028_rmo.oepc_false-unreach-call.c:260:117: warning: '&&' within '||' [-Wlogical-op-parentheses]
  x$w_buff1 = weak$$choice2 ? x$w_buff1 : (!x$w_buff0_used || !x$r_buff0_thd3 && !x$w_buff1_used || !x$r_buff0_thd3 && !x$r_buff1_thd3 ? x$w_buff1 : (x$w_buff0_used && x$r_buff0_thd3 ? x$w_buff1 : x$w_buff1));
                                                                                                 ~~ ~~~~~~~~~~~~~~~~^~~~~~~~~~~~~~~~~~
safe028_rmo.oepc_false-unreach-call.c:260:117: note: place parentheses around the '&&' expression to silence this warning
  x$w_buff1 = weak$$choice2 ? x$w_buff1 : (!x$w_buff0_used || !x$r_buff0_thd3 && !x$w_buff1_used || !x$r_buff0_thd3 && !x$r_buff1_thd3 ? x$w_buff1 : (x$w_buff0_used && x$r_buff0_thd3 ? x$w_buff1 : x$w_buff1));
                                                                                                                    ^
                                                                                                    (                                 )
safe028_rmo.oepc_false-unreach-call.c:261:89: warning: '&&' within '||' [-Wlogical-op-parentheses]
  x$w_buff0_used = weak$$choice2 ? x$w_buff0_used : (!x$w_buff0_used || !x$r_buff0_thd3 && !x$w_buff1_used || !x$r_buff0_thd3 && !x$r_buff1_thd3 ? x$w_buff0_used : (x$w_buff0_used && x$r_buff0_thd3 ? FALSE : x$w_buff0_used));
                                                                     ~~ ~~~~~~~~~~~~~~~~^~~~~~~~~~~~~~~~~~
safe028_rmo.oepc_false-unreach-call.c:261:89: note: place parentheses around the '&&' expression to silence this warning
  x$w_buff0_used = weak$$choice2 ? x$w_buff0_used : (!x$w_buff0_used || !x$r_buff0_thd3 && !x$w_buff1_used || !x$r_buff0_thd3 && !x$r_buff1_thd3 ? x$w_buff0_used : (x$w_buff0_used && x$r_buff0_thd3 ? FALSE : x$w_buff0_used));
                                                                                        ^
                                                                        (                                 )
safe028_rmo.oepc_false-unreach-call.c:261:127: warning: '&&' within '||' [-Wlogical-op-parentheses]
  x$w_buff0_used = weak$$choice2 ? x$w_buff0_used : (!x$w_buff0_used || !x$r_buff0_thd3 && !x$w_buff1_used || !x$r_buff0_thd3 && !x$r_buff1_thd3 ? x$w_buff0_used : (x$w_buff0_used && x$r_buff0_thd3 ? FALSE : x$w_buff0_used));
                                                                                                           ~~ ~~~~~~~~~~~~~~~~^~~~~~~~~~~~~~~~~~
safe028_rmo.oepc_false-unreach-call.c:261:127: note: place parentheses around the '&&' expression to silence this warning
  x$w_buff0_used = weak$$choice2 ? x$w_buff0_used : (!x$w_buff0_used || !x$r_buff0_thd3 && !x$w_buff1_used || !x$r_buff0_thd3 && !x$r_buff1_thd3 ? x$w_buff0_used : (x$w_buff0_used && x$r_buff0_thd3 ? FALSE : x$w_buff0_used));
                                                                                                                              ^
                                                                                                              (                                 )
safe028_rmo.oepc_false-unreach-call.c:262:89: warning: '&&' within '||' [-Wlogical-op-parentheses]
  x$w_buff1_used = weak$$choice2 ? x$w_buff1_used : (!x$w_buff0_used || !x$r_buff0_thd3 && !x$w_buff1_used || !x$r_buff0_thd3 && !x$r_buff1_thd3 ? x$w_buff1_used : (x$w_buff0_used && x$r_buff0_thd3 ? FALSE : FALSE));
                                                                     ~~ ~~~~~~~~~~~~~~~~^~~~~~~~~~~~~~~~~~
safe028_rmo.oepc_false-unreach-call.c:262:89: note: place parentheses around the '&&' expression to silence this warning
  x$w_buff1_used = weak$$choice2 ? x$w_buff1_used : (!x$w_buff0_used || !x$r_buff0_thd3 && !x$w_buff1_used || !x$r_buff0_thd3 && !x$r_buff1_thd3 ? x$w_buff1_used : (x$w_buff0_used && x$r_buff0_thd3 ? FALSE : FALSE));
                                                                                        ^
                                                                        (                                 )
safe028_rmo.oepc_false-unreach-call.c:262:127: warning: '&&' within '||' [-Wlogical-op-parentheses]
  x$w_buff1_used = weak$$choice2 ? x$w_buff1_used : (!x$w_buff0_used || !x$r_buff0_thd3 && !x$w_buff1_used || !x$r_buff0_thd3 && !x$r_buff1_thd3 ? x$w_buff1_used : (x$w_buff0_used && x$r_buff0_thd3 ? FALSE : FALSE));
                                                                                                           ~~ ~~~~~~~~~~~~~~~~^~~~~~~~~~~~~~~~~~
safe028_rmo.oepc_false-unreach-call.c:262:127: note: place parentheses around the '&&' expression to silence this warning
  x$w_buff1_used = weak$$choice2 ? x$w_buff1_used : (!x$w_buff0_used || !x$r_buff0_thd3 && !x$w_buff1_used || !x$r_buff0_thd3 && !x$r_buff1_thd3 ? x$w_buff1_used : (x$w_buff0_used && x$r_buff0_thd3 ? FALSE : FALSE));
                                                                                                                              ^
                                                                                                              (                                 )
safe028_rmo.oepc_false-unreach-call.c:263:89: warning: '&&' within '||' [-Wlogical-op-parentheses]
  x$r_buff0_thd3 = weak$$choice2 ? x$r_buff0_thd3 : (!x$w_buff0_used || !x$r_buff0_thd3 && !x$w_buff1_used || !x$r_buff0_thd3 && !x$r_buff1_thd3 ? x$r_buff0_thd3 : (x$w_buff0_used && x$r_buff0_thd3 ? FALSE : x$r_buff0_thd3));
                                                                     ~~ ~~~~~~~~~~~~~~~~^~~~~~~~~~~~~~~~~~
safe028_rmo.oepc_false-unreach-call.c:263:89: note: place parentheses around the '&&' expression to silence this warning
  x$r_buff0_thd3 = weak$$choice2 ? x$r_buff0_thd3 : (!x$w_buff0_used || !x$r_buff0_thd3 && !x$w_buff1_used || !x$r_buff0_thd3 && !x$r_buff1_thd3 ? x$r_buff0_thd3 : (x$w_buff0_used && x$r_buff0_thd3 ? FALSE : x$r_buff0_thd3));
                                                                                        ^
                                                                        (                                 )
safe028_rmo.oepc_false-unreach-call.c:263:127: warning: '&&' within '||' [-Wlogical-op-parentheses]
  x$r_buff0_thd3 = weak$$choice2 ? x$r_buff0_thd3 : (!x$w_buff0_used || !x$r_buff0_thd3 && !x$w_buff1_used || !x$r_buff0_thd3 && !x$r_buff1_thd3 ? x$r_buff0_thd3 : (x$w_buff0_used && x$r_buff0_thd3 ? FALSE : x$r_buff0_thd3));
                                                                                                           ~~ ~~~~~~~~~~~~~~~~^~~~~~~~~~~~~~~~~~
safe028_rmo.oepc_false-unreach-call.c:263:127: note: place parentheses around the '&&' expression to silence this warning
  x$r_buff0_thd3 = weak$$choice2 ? x$r_buff0_thd3 : (!x$w_buff0_used || !x$r_buff0_thd3 && !x$w_buff1_used || !x$r_buff0_thd3 && !x$r_buff1_thd3 ? x$r_buff0_thd3 : (x$w_buff0_used && x$r_buff0_thd3 ? FALSE : x$r_buff0_thd3));
                                                                                                                              ^
                                                                                                              (                                 )
safe028_rmo.oepc_false-unreach-call.c:264:89: warning: '&&' within '||' [-Wlogical-op-parentheses]
  x$r_buff1_thd3 = weak$$choice2 ? x$r_buff1_thd3 : (!x$w_buff0_used || !x$r_buff0_thd3 && !x$w_buff1_used || !x$r_buff0_thd3 && !x$r_buff1_thd3 ? x$r_buff1_thd3 : (x$w_buff0_used && x$r_buff0_thd3 ? FALSE : FALSE));
                                                                     ~~ ~~~~~~~~~~~~~~~~^~~~~~~~~~~~~~~~~~
safe028_rmo.oepc_false-unreach-call.c:264:89: note: place parentheses around the '&&' expression to silence this warning
  x$r_buff1_thd3 = weak$$choice2 ? x$r_buff1_thd3 : (!x$w_buff0_used || !x$r_buff0_thd3 && !x$w_buff1_used || !x$r_buff0_thd3 && !x$r_buff1_thd3 ? x$r_buff1_thd3 : (x$w_buff0_used && x$r_buff0_thd3 ? FALSE : FALSE));
                                                                                        ^
                                                                        (                                 )
safe028_rmo.oepc_false-unreach-call.c:264:127: warning: '&&' within '||' [-Wlogical-op-parentheses]
  x$r_buff1_thd3 = weak$$choice2 ? x$r_buff1_thd3 : (!x$w_buff0_used || !x$r_buff0_thd3 && !x$w_buff1_used || !x$r_buff0_thd3 && !x$r_buff1_thd3 ? x$r_buff1_thd3 : (x$w_buff0_used && x$r_buff0_thd3 ? FALSE : FALSE));
                                                                                                           ~~ ~~~~~~~~~~~~~~~~^~~~~~~~~~~~~~~~~~
safe028_rmo.oepc_false-unreach-call.c:264:127: note: place parentheses around the '&&' expression to silence this warning
  x$r_buff1_thd3 = weak$$choice2 ? x$r_buff1_thd3 : (!x$w_buff0_used || !x$r_buff0_thd3 && !x$w_buff1_used || !x$r_buff0_thd3 && !x$r_buff1_thd3 ? x$r_buff1_thd3 : (x$w_buff0_used && x$r_buff0_thd3 ? FALSE : FALSE));
                                                                                                                              ^
                                                                                                              (                                 )
safe028_rmo.oepc_false-unreach-call.c:277:35: warning: '&&' within '||' [-Wlogical-op-parentheses]
  x$w_buff1_used = x$w_buff0_used && x$r_buff0_thd3 || x$w_buff1_used && x$r_buff1_thd3 ? FALSE : x$w_buff1_used;
                   ~~~~~~~~~~~~~~~^~~~~~~~~~~~~~~~~ ~~
safe028_rmo.oepc_false-unreach-call.c:277:35: note: place parentheses around the '&&' expression to silence this warning
  x$w_buff1_used = x$w_buff0_used && x$r_buff0_thd3 || x$w_buff1_used && x$r_buff1_thd3 ? FALSE : x$w_buff1_used;
                                  ^
                   (                               )
safe028_rmo.oepc_false-unreach-call.c:277:71: warning: '&&' within '||' [-Wlogical-op-parentheses]
  x$w_buff1_used = x$w_buff0_used && x$r_buff0_thd3 || x$w_buff1_used && x$r_buff1_thd3 ? FALSE : x$w_buff1_used;
                                                    ~~ ~~~~~~~~~~~~~~~^~~~~~~~~~~~~~~~~
safe028_rmo.oepc_false-unreach-call.c:277:71: note: place parentheses around the '&&' expression to silence this warning
  x$w_buff1_used = x$w_buff0_used && x$r_buff0_thd3 || x$w_buff1_used && x$r_buff1_thd3 ? FALSE : x$w_buff1_used;
                                                                      ^
                                                       (                               )
safe028_rmo.oepc_false-unreach-call.c:279:35: warning: '&&' within '||' [-Wlogical-op-parentheses]
  x$r_buff1_thd3 = x$w_buff0_used && x$r_buff0_thd3 || x$w_buff1_used && x$r_buff1_thd3 ? FALSE : x$r_buff1_thd3;
                   ~~~~~~~~~~~~~~~^~~~~~~~~~~~~~~~~ ~~
safe028_rmo.oepc_false-unreach-call.c:279:35: note: place parentheses around the '&&' expression to silence this warning
  x$r_buff1_thd3 = x$w_buff0_used && x$r_buff0_thd3 || x$w_buff1_used && x$r_buff1_thd3 ? FALSE : x$r_buff1_thd3;
                                  ^
                   (                               )
safe028_rmo.oepc_false-unreach-call.c:279:71: warning: '&&' within '||' [-Wlogical-op-parentheses]
  x$r_buff1_thd3 = x$w_buff0_used && x$r_buff0_thd3 || x$w_buff1_used && x$r_buff1_thd3 ? FALSE : x$r_buff1_thd3;
                                                    ~~ ~~~~~~~~~~~~~~~^~~~~~~~~~~~~~~~~
safe028_rmo.oepc_false-unreach-call.c:279:71: note: place parentheses around the '&&' expression to silence this warning
  x$r_buff1_thd3 = x$w_buff0_used && x$r_buff0_thd3 || x$w_buff1_used && x$r_buff1_thd3 ? FALSE : x$r_buff1_thd3;
                                                                      ^
                                                       (                               )
safe028_rmo.oepc_false-unreach-call.c:284:10: warning: incompatible integer to pointer conversion returning 'int' from a function with result type 'void *' [-Wint-conversion]
  return nondet_1();
         ^~~~~~~~~~
safe028_rmo.oepc_false-unreach-call.c:312:38: warning: null passed to a callee which requires a non-null argument [-Wnonnull]
  pthread_create(NULL, NULL, P0, NULL);
                 ~~~~                ^
safe028_rmo.oepc_false-unreach-call.c:313:38: warning: null passed to a callee which requires a non-null argument [-Wnonnull]
  pthread_create(NULL, NULL, P1, NULL);
                 ~~~~                ^
safe028_rmo.oepc_false-unreach-call.c:314:38: warning: null passed to a callee which requires a non-null argument [-Wnonnull]
  pthread_create(NULL, NULL, P2, NULL);
                 ~~~~                ^
safe028_rmo.oepc_false-unreach-call.c:322:35: warning: '&&' within '||' [-Wlogical-op-parentheses]
  x$w_buff1_used = x$w_buff0_used && x$r_buff0_thd0 || x$w_buff1_used && x$r_buff1_thd0 ? FALSE : x$w_buff1_used;
                   ~~~~~~~~~~~~~~~^~~~~~~~~~~~~~~~~ ~~
safe028_rmo.oepc_false-unreach-call.c:322:35: note: place parentheses around the '&&' expression to silence this warning
  x$w_buff1_used = x$w_buff0_used && x$r_buff0_thd0 || x$w_buff1_used && x$r_buff1_thd0 ? FALSE : x$w_buff1_used;
                                  ^
                   (                               )
safe028_rmo.oepc_false-unreach-call.c:322:71: warning: '&&' within '||' [-Wlogical-op-parentheses]
  x$w_buff1_used = x$w_buff0_used && x$r_buff0_thd0 || x$w_buff1_used && x$r_buff1_thd0 ? FALSE : x$w_buff1_used;
                                                    ~~ ~~~~~~~~~~~~~~~^~~~~~~~~~~~~~~~~
safe028_rmo.oepc_false-unreach-call.c:322:71: note: place parentheses around the '&&' expression to silence this warning
  x$w_buff1_used = x$w_buff0_used && x$r_buff0_thd0 || x$w_buff1_used && x$r_buff1_thd0 ? FALSE : x$w_buff1_used;
                                                                      ^
                                                       (                               )
safe028_rmo.oepc_false-unreach-call.c:324:35: warning: '&&' within '||' [-Wlogical-op-parentheses]
  x$r_buff1_thd0 = x$w_buff0_used && x$r_buff0_thd0 || x$w_buff1_used && x$r_buff1_thd0 ? FALSE : x$r_buff1_thd0;
                   ~~~~~~~~~~~~~~~^~~~~~~~~~~~~~~~~ ~~
safe028_rmo.oepc_false-unreach-call.c:324:35: note: place parentheses around the '&&' expression to silence this warning
  x$r_buff1_thd0 = x$w_buff0_used && x$r_buff0_thd0 || x$w_buff1_used && x$r_buff1_thd0 ? FALSE : x$r_buff1_thd0;
                                  ^
                   (                               )
safe028_rmo.oepc_false-unreach-call.c:324:71: warning: '&&' within '||' [-Wlogical-op-parentheses]
  x$r_buff1_thd0 = x$w_buff0_used && x$r_buff0_thd0 || x$w_buff1_used && x$r_buff1_thd0 ? FALSE : x$r_buff1_thd0;
                                                    ~~ ~~~~~~~~~~~~~~~^~~~~~~~~~~~~~~~~
safe028_rmo.oepc_false-unreach-call.c:324:71: note: place parentheses around the '&&' expression to silence this warning
  x$r_buff1_thd0 = x$w_buff0_used && x$r_buff0_thd0 || x$w_buff1_used && x$r_buff1_thd0 ? FALSE : x$r_buff1_thd0;
                                                                      ^
                                                       (                               )
49 warnings generated.
