safe032_rmo.oepc_false-unreach-call.c:4:34: warning: implicit declaration of function '__VERIFIER_assume' is invalid in C99 [-Wimplicit-function-declaration]
void __VERIFIER_atomic_begin() { __VERIFIER_assume(__global_lock==0); __global_lock=1; return; }
                                 ^
safe032_rmo.oepc_false-unreach-call.c:149:19: warning: implicit declaration of function 'nondet_0' is invalid in C99 [-Wimplicit-function-declaration]
  weak$$choice0 = nondet_0();
                  ^
safe032_rmo.oepc_false-unreach-call.c:153:42: warning: '&&' within '||' [-Wlogical-op-parentheses]
  x = !x$w_buff0_used || !x$r_buff0_thd1 && !x$w_buff1_used || !x$r_buff0_thd1 && !x$r_buff1_thd1 ? x : (x$w_buff0_used && x$r_buff0_thd1 ? x$w_buff0 : x$w_buff1);
                      ~~ ~~~~~~~~~~~~~~~~^~~~~~~~~~~~~~~~~~
safe032_rmo.oepc_false-unreach-call.c:153:42: note: place parentheses around the '&&' expression to silence this warning
  x = !x$w_buff0_used || !x$r_buff0_thd1 && !x$w_buff1_used || !x$r_buff0_thd1 && !x$r_buff1_thd1 ? x : (x$w_buff0_used && x$r_buff0_thd1 ? x$w_buff0 : x$w_buff1);
                                         ^
                         (                                 )
safe032_rmo.oepc_false-unreach-call.c:153:80: warning: '&&' within '||' [-Wlogical-op-parentheses]
  x = !x$w_buff0_used || !x$r_buff0_thd1 && !x$w_buff1_used || !x$r_buff0_thd1 && !x$r_buff1_thd1 ? x : (x$w_buff0_used && x$r_buff0_thd1 ? x$w_buff0 : x$w_buff1);
                                                            ~~ ~~~~~~~~~~~~~~~~^~~~~~~~~~~~~~~~~~
safe032_rmo.oepc_false-unreach-call.c:153:80: note: place parentheses around the '&&' expression to silence this warning
  x = !x$w_buff0_used || !x$r_buff0_thd1 && !x$w_buff1_used || !x$r_buff0_thd1 && !x$r_buff1_thd1 ? x : (x$w_buff0_used && x$r_buff0_thd1 ? x$w_buff0 : x$w_buff1);
                                                                               ^
                                                               (                                 )
safe032_rmo.oepc_false-unreach-call.c:154:79: warning: '&&' within '||' [-Wlogical-op-parentheses]
  x$w_buff0 = weak$$choice2 ? x$w_buff0 : (!x$w_buff0_used || !x$r_buff0_thd1 && !x$w_buff1_used || !x$r_buff0_thd1 && !x$r_buff1_thd1 ? x$w_buff0 : (x$w_buff0_used && x$r_buff0_thd1 ? x$w_buff0 : x$w_buff0));
                                                           ~~ ~~~~~~~~~~~~~~~~^~~~~~~~~~~~~~~~~~
safe032_rmo.oepc_false-unreach-call.c:154:79: note: place parentheses around the '&&' expression to silence this warning
  x$w_buff0 = weak$$choice2 ? x$w_buff0 : (!x$w_buff0_used || !x$r_buff0_thd1 && !x$w_buff1_used || !x$r_buff0_thd1 && !x$r_buff1_thd1 ? x$w_buff0 : (x$w_buff0_used && x$r_buff0_thd1 ? x$w_buff0 : x$w_buff0));
                                                                              ^
                                                              (                                 )
safe032_rmo.oepc_false-unreach-call.c:154:117: warning: '&&' within '||' [-Wlogical-op-parentheses]
  x$w_buff0 = weak$$choice2 ? x$w_buff0 : (!x$w_buff0_used || !x$r_buff0_thd1 && !x$w_buff1_used || !x$r_buff0_thd1 && !x$r_buff1_thd1 ? x$w_buff0 : (x$w_buff0_used && x$r_buff0_thd1 ? x$w_buff0 : x$w_buff0));
                                                                                                 ~~ ~~~~~~~~~~~~~~~~^~~~~~~~~~~~~~~~~~
safe032_rmo.oepc_false-unreach-call.c:154:117: note: place parentheses around the '&&' expression to silence this warning
  x$w_buff0 = weak$$choice2 ? x$w_buff0 : (!x$w_buff0_used || !x$r_buff0_thd1 && !x$w_buff1_used || !x$r_buff0_thd1 && !x$r_buff1_thd1 ? x$w_buff0 : (x$w_buff0_used && x$r_buff0_thd1 ? x$w_buff0 : x$w_buff0));
                                                                                                                    ^
                                                                                                    (                                 )
safe032_rmo.oepc_false-unreach-call.c:155:79: warning: '&&' within '||' [-Wlogical-op-parentheses]
  x$w_buff1 = weak$$choice2 ? x$w_buff1 : (!x$w_buff0_used || !x$r_buff0_thd1 && !x$w_buff1_used || !x$r_buff0_thd1 && !x$r_buff1_thd1 ? x$w_buff1 : (x$w_buff0_used && x$r_buff0_thd1 ? x$w_buff1 : x$w_buff1));
                                                           ~~ ~~~~~~~~~~~~~~~~^~~~~~~~~~~~~~~~~~
safe032_rmo.oepc_false-unreach-call.c:155:79: note: place parentheses around the '&&' expression to silence this warning
  x$w_buff1 = weak$$choice2 ? x$w_buff1 : (!x$w_buff0_used || !x$r_buff0_thd1 && !x$w_buff1_used || !x$r_buff0_thd1 && !x$r_buff1_thd1 ? x$w_buff1 : (x$w_buff0_used && x$r_buff0_thd1 ? x$w_buff1 : x$w_buff1));
                                                                              ^
                                                              (                                 )
safe032_rmo.oepc_false-unreach-call.c:155:117: warning: '&&' within '||' [-Wlogical-op-parentheses]
  x$w_buff1 = weak$$choice2 ? x$w_buff1 : (!x$w_buff0_used || !x$r_buff0_thd1 && !x$w_buff1_used || !x$r_buff0_thd1 && !x$r_buff1_thd1 ? x$w_buff1 : (x$w_buff0_used && x$r_buff0_thd1 ? x$w_buff1 : x$w_buff1));
                                                                                                 ~~ ~~~~~~~~~~~~~~~~^~~~~~~~~~~~~~~~~~
safe032_rmo.oepc_false-unreach-call.c:155:117: note: place parentheses around the '&&' expression to silence this warning
  x$w_buff1 = weak$$choice2 ? x$w_buff1 : (!x$w_buff0_used || !x$r_buff0_thd1 && !x$w_buff1_used || !x$r_buff0_thd1 && !x$r_buff1_thd1 ? x$w_buff1 : (x$w_buff0_used && x$r_buff0_thd1 ? x$w_buff1 : x$w_buff1));
                                                                                                                    ^
                                                                                                    (                                 )
safe032_rmo.oepc_false-unreach-call.c:156:89: warning: '&&' within '||' [-Wlogical-op-parentheses]
  x$w_buff0_used = weak$$choice2 ? x$w_buff0_used : (!x$w_buff0_used || !x$r_buff0_thd1 && !x$w_buff1_used || !x$r_buff0_thd1 && !x$r_buff1_thd1 ? x$w_buff0_used : (x$w_buff0_used && x$r_buff0_thd1 ? FALSE : x$w_buff0_used));
                                                                     ~~ ~~~~~~~~~~~~~~~~^~~~~~~~~~~~~~~~~~
safe032_rmo.oepc_false-unreach-call.c:156:89: note: place parentheses around the '&&' expression to silence this warning
  x$w_buff0_used = weak$$choice2 ? x$w_buff0_used : (!x$w_buff0_used || !x$r_buff0_thd1 && !x$w_buff1_used || !x$r_buff0_thd1 && !x$r_buff1_thd1 ? x$w_buff0_used : (x$w_buff0_used && x$r_buff0_thd1 ? FALSE : x$w_buff0_used));
                                                                                        ^
                                                                        (                                 )
safe032_rmo.oepc_false-unreach-call.c:156:127: warning: '&&' within '||' [-Wlogical-op-parentheses]
  x$w_buff0_used = weak$$choice2 ? x$w_buff0_used : (!x$w_buff0_used || !x$r_buff0_thd1 && !x$w_buff1_used || !x$r_buff0_thd1 && !x$r_buff1_thd1 ? x$w_buff0_used : (x$w_buff0_used && x$r_buff0_thd1 ? FALSE : x$w_buff0_used));
                                                                                                           ~~ ~~~~~~~~~~~~~~~~^~~~~~~~~~~~~~~~~~
safe032_rmo.oepc_false-unreach-call.c:156:127: note: place parentheses around the '&&' expression to silence this warning
  x$w_buff0_used = weak$$choice2 ? x$w_buff0_used : (!x$w_buff0_used || !x$r_buff0_thd1 && !x$w_buff1_used || !x$r_buff0_thd1 && !x$r_buff1_thd1 ? x$w_buff0_used : (x$w_buff0_used && x$r_buff0_thd1 ? FALSE : x$w_buff0_used));
                                                                                                                              ^
                                                                                                              (                                 )
safe032_rmo.oepc_false-unreach-call.c:157:89: warning: '&&' within '||' [-Wlogical-op-parentheses]
  x$w_buff1_used = weak$$choice2 ? x$w_buff1_used : (!x$w_buff0_used || !x$r_buff0_thd1 && !x$w_buff1_used || !x$r_buff0_thd1 && !x$r_buff1_thd1 ? x$w_buff1_used : (x$w_buff0_used && x$r_buff0_thd1 ? FALSE : FALSE));
                                                                     ~~ ~~~~~~~~~~~~~~~~^~~~~~~~~~~~~~~~~~
safe032_rmo.oepc_false-unreach-call.c:157:89: note: place parentheses around the '&&' expression to silence this warning
  x$w_buff1_used = weak$$choice2 ? x$w_buff1_used : (!x$w_buff0_used || !x$r_buff0_thd1 && !x$w_buff1_used || !x$r_buff0_thd1 && !x$r_buff1_thd1 ? x$w_buff1_used : (x$w_buff0_used && x$r_buff0_thd1 ? FALSE : FALSE));
                                                                                        ^
                                                                        (                                 )
safe032_rmo.oepc_false-unreach-call.c:157:127: warning: '&&' within '||' [-Wlogical-op-parentheses]
  x$w_buff1_used = weak$$choice2 ? x$w_buff1_used : (!x$w_buff0_used || !x$r_buff0_thd1 && !x$w_buff1_used || !x$r_buff0_thd1 && !x$r_buff1_thd1 ? x$w_buff1_used : (x$w_buff0_used && x$r_buff0_thd1 ? FALSE : FALSE));
                                                                                                           ~~ ~~~~~~~~~~~~~~~~^~~~~~~~~~~~~~~~~~
safe032_rmo.oepc_false-unreach-call.c:157:127: note: place parentheses around the '&&' expression to silence this warning
  x$w_buff1_used = weak$$choice2 ? x$w_buff1_used : (!x$w_buff0_used || !x$r_buff0_thd1 && !x$w_buff1_used || !x$r_buff0_thd1 && !x$r_buff1_thd1 ? x$w_buff1_used : (x$w_buff0_used && x$r_buff0_thd1 ? FALSE : FALSE));
                                                                                                                              ^
                                                                                                              (                                 )
safe032_rmo.oepc_false-unreach-call.c:158:89: warning: '&&' within '||' [-Wlogical-op-parentheses]
  x$r_buff0_thd1 = weak$$choice2 ? x$r_buff0_thd1 : (!x$w_buff0_used || !x$r_buff0_thd1 && !x$w_buff1_used || !x$r_buff0_thd1 && !x$r_buff1_thd1 ? x$r_buff0_thd1 : (x$w_buff0_used && x$r_buff0_thd1 ? FALSE : x$r_buff0_thd1));
                                                                     ~~ ~~~~~~~~~~~~~~~~^~~~~~~~~~~~~~~~~~
safe032_rmo.oepc_false-unreach-call.c:158:89: note: place parentheses around the '&&' expression to silence this warning
  x$r_buff0_thd1 = weak$$choice2 ? x$r_buff0_thd1 : (!x$w_buff0_used || !x$r_buff0_thd1 && !x$w_buff1_used || !x$r_buff0_thd1 && !x$r_buff1_thd1 ? x$r_buff0_thd1 : (x$w_buff0_used && x$r_buff0_thd1 ? FALSE : x$r_buff0_thd1));
                                                                                        ^
                                                                        (                                 )
safe032_rmo.oepc_false-unreach-call.c:158:127: warning: '&&' within '||' [-Wlogical-op-parentheses]
  x$r_buff0_thd1 = weak$$choice2 ? x$r_buff0_thd1 : (!x$w_buff0_used || !x$r_buff0_thd1 && !x$w_buff1_used || !x$r_buff0_thd1 && !x$r_buff1_thd1 ? x$r_buff0_thd1 : (x$w_buff0_used && x$r_buff0_thd1 ? FALSE : x$r_buff0_thd1));
                                                                                                           ~~ ~~~~~~~~~~~~~~~~^~~~~~~~~~~~~~~~~~
safe032_rmo.oepc_false-unreach-call.c:158:127: note: place parentheses around the '&&' expression to silence this warning
  x$r_buff0_thd1 = weak$$choice2 ? x$r_buff0_thd1 : (!x$w_buff0_used || !x$r_buff0_thd1 && !x$w_buff1_used || !x$r_buff0_thd1 && !x$r_buff1_thd1 ? x$r_buff0_thd1 : (x$w_buff0_used && x$r_buff0_thd1 ? FALSE : x$r_buff0_thd1));
                                                                                                                              ^
                                                                                                              (                                 )
safe032_rmo.oepc_false-unreach-call.c:159:89: warning: '&&' within '||' [-Wlogical-op-parentheses]
  x$r_buff1_thd1 = weak$$choice2 ? x$r_buff1_thd1 : (!x$w_buff0_used || !x$r_buff0_thd1 && !x$w_buff1_used || !x$r_buff0_thd1 && !x$r_buff1_thd1 ? x$r_buff1_thd1 : (x$w_buff0_used && x$r_buff0_thd1 ? FALSE : FALSE));
                                                                     ~~ ~~~~~~~~~~~~~~~~^~~~~~~~~~~~~~~~~~
safe032_rmo.oepc_false-unreach-call.c:159:89: note: place parentheses around the '&&' expression to silence this warning
  x$r_buff1_thd1 = weak$$choice2 ? x$r_buff1_thd1 : (!x$w_buff0_used || !x$r_buff0_thd1 && !x$w_buff1_used || !x$r_buff0_thd1 && !x$r_buff1_thd1 ? x$r_buff1_thd1 : (x$w_buff0_used && x$r_buff0_thd1 ? FALSE : FALSE));
                                                                                        ^
                                                                        (                                 )
safe032_rmo.oepc_false-unreach-call.c:159:127: warning: '&&' within '||' [-Wlogical-op-parentheses]
  x$r_buff1_thd1 = weak$$choice2 ? x$r_buff1_thd1 : (!x$w_buff0_used || !x$r_buff0_thd1 && !x$w_buff1_used || !x$r_buff0_thd1 && !x$r_buff1_thd1 ? x$r_buff1_thd1 : (x$w_buff0_used && x$r_buff0_thd1 ? FALSE : FALSE));
                                                                                                           ~~ ~~~~~~~~~~~~~~~~^~~~~~~~~~~~~~~~~~
safe032_rmo.oepc_false-unreach-call.c:159:127: note: place parentheses around the '&&' expression to silence this warning
  x$r_buff1_thd1 = weak$$choice2 ? x$r_buff1_thd1 : (!x$w_buff0_used || !x$r_buff0_thd1 && !x$w_buff1_used || !x$r_buff0_thd1 && !x$r_buff1_thd1 ? x$r_buff1_thd1 : (x$w_buff0_used && x$r_buff0_thd1 ? FALSE : FALSE));
                                                                                                                              ^
                                                                                                              (                                 )
safe032_rmo.oepc_false-unreach-call.c:169:10: warning: implicit declaration of function 'nondet_1' is invalid in C99 [-Wimplicit-function-declaration]
  return nondet_1();
         ^
safe032_rmo.oepc_false-unreach-call.c:169:10: warning: incompatible integer to pointer conversion returning 'int' from a function with result type 'void *' [-Wint-conversion]
  return nondet_1();
         ^~~~~~~~~~
safe032_rmo.oepc_false-unreach-call.c:182:35: warning: '&&' within '||' [-Wlogical-op-parentheses]
  x$w_buff1_used = x$w_buff0_used && x$r_buff0_thd2 || x$w_buff1_used && x$r_buff1_thd2 ? FALSE : x$w_buff1_used;
                   ~~~~~~~~~~~~~~~^~~~~~~~~~~~~~~~~ ~~
safe032_rmo.oepc_false-unreach-call.c:182:35: note: place parentheses around the '&&' expression to silence this warning
  x$w_buff1_used = x$w_buff0_used && x$r_buff0_thd2 || x$w_buff1_used && x$r_buff1_thd2 ? FALSE : x$w_buff1_used;
                                  ^
                   (                               )
safe032_rmo.oepc_false-unreach-call.c:182:71: warning: '&&' within '||' [-Wlogical-op-parentheses]
  x$w_buff1_used = x$w_buff0_used && x$r_buff0_thd2 || x$w_buff1_used && x$r_buff1_thd2 ? FALSE : x$w_buff1_used;
                                                    ~~ ~~~~~~~~~~~~~~~^~~~~~~~~~~~~~~~~
safe032_rmo.oepc_false-unreach-call.c:182:71: note: place parentheses around the '&&' expression to silence this warning
  x$w_buff1_used = x$w_buff0_used && x$r_buff0_thd2 || x$w_buff1_used && x$r_buff1_thd2 ? FALSE : x$w_buff1_used;
                                                                      ^
                                                       (                               )
safe032_rmo.oepc_false-unreach-call.c:184:35: warning: '&&' within '||' [-Wlogical-op-parentheses]
  x$r_buff1_thd2 = x$w_buff0_used && x$r_buff0_thd2 || x$w_buff1_used && x$r_buff1_thd2 ? FALSE : x$r_buff1_thd2;
                   ~~~~~~~~~~~~~~~^~~~~~~~~~~~~~~~~ ~~
safe032_rmo.oepc_false-unreach-call.c:184:35: note: place parentheses around the '&&' expression to silence this warning
  x$r_buff1_thd2 = x$w_buff0_used && x$r_buff0_thd2 || x$w_buff1_used && x$r_buff1_thd2 ? FALSE : x$r_buff1_thd2;
                                  ^
                   (                               )
safe032_rmo.oepc_false-unreach-call.c:184:71: warning: '&&' within '||' [-Wlogical-op-parentheses]
  x$r_buff1_thd2 = x$w_buff0_used && x$r_buff0_thd2 || x$w_buff1_used && x$r_buff1_thd2 ? FALSE : x$r_buff1_thd2;
                                                    ~~ ~~~~~~~~~~~~~~~^~~~~~~~~~~~~~~~~
safe032_rmo.oepc_false-unreach-call.c:184:71: note: place parentheses around the '&&' expression to silence this warning
  x$r_buff1_thd2 = x$w_buff0_used && x$r_buff0_thd2 || x$w_buff1_used && x$r_buff1_thd2 ? FALSE : x$r_buff1_thd2;
                                                                      ^
                                                       (                               )
safe032_rmo.oepc_false-unreach-call.c:191:42: warning: '&&' within '||' [-Wlogical-op-parentheses]
  x = !x$w_buff0_used || !x$r_buff0_thd2 && !x$w_buff1_used || !x$r_buff0_thd2 && !x$r_buff1_thd2 ? x : (x$w_buff0_used && x$r_buff0_thd2 ? x$w_buff0 : x$w_buff1);
                      ~~ ~~~~~~~~~~~~~~~~^~~~~~~~~~~~~~~~~~
safe032_rmo.oepc_false-unreach-call.c:191:42: note: place parentheses around the '&&' expression to silence this warning
  x = !x$w_buff0_used || !x$r_buff0_thd2 && !x$w_buff1_used || !x$r_buff0_thd2 && !x$r_buff1_thd2 ? x : (x$w_buff0_used && x$r_buff0_thd2 ? x$w_buff0 : x$w_buff1);
                                         ^
                         (                                 )
safe032_rmo.oepc_false-unreach-call.c:191:80: warning: '&&' within '||' [-Wlogical-op-parentheses]
  x = !x$w_buff0_used || !x$r_buff0_thd2 && !x$w_buff1_used || !x$r_buff0_thd2 && !x$r_buff1_thd2 ? x : (x$w_buff0_used && x$r_buff0_thd2 ? x$w_buff0 : x$w_buff1);
                                                            ~~ ~~~~~~~~~~~~~~~~^~~~~~~~~~~~~~~~~~
safe032_rmo.oepc_false-unreach-call.c:191:80: note: place parentheses around the '&&' expression to silence this warning
  x = !x$w_buff0_used || !x$r_buff0_thd2 && !x$w_buff1_used || !x$r_buff0_thd2 && !x$r_buff1_thd2 ? x : (x$w_buff0_used && x$r_buff0_thd2 ? x$w_buff0 : x$w_buff1);
                                                                               ^
                                                               (                                 )
safe032_rmo.oepc_false-unreach-call.c:192:79: warning: '&&' within '||' [-Wlogical-op-parentheses]
  x$w_buff0 = weak$$choice2 ? x$w_buff0 : (!x$w_buff0_used || !x$r_buff0_thd2 && !x$w_buff1_used || !x$r_buff0_thd2 && !x$r_buff1_thd2 ? x$w_buff0 : (x$w_buff0_used && x$r_buff0_thd2 ? x$w_buff0 : x$w_buff0));
                                                           ~~ ~~~~~~~~~~~~~~~~^~~~~~~~~~~~~~~~~~
safe032_rmo.oepc_false-unreach-call.c:192:79: note: place parentheses around the '&&' expression to silence this warning
  x$w_buff0 = weak$$choice2 ? x$w_buff0 : (!x$w_buff0_used || !x$r_buff0_thd2 && !x$w_buff1_used || !x$r_buff0_thd2 && !x$r_buff1_thd2 ? x$w_buff0 : (x$w_buff0_used && x$r_buff0_thd2 ? x$w_buff0 : x$w_buff0));
                                                                              ^
                                                              (                                 )
safe032_rmo.oepc_false-unreach-call.c:192:117: warning: '&&' within '||' [-Wlogical-op-parentheses]
  x$w_buff0 = weak$$choice2 ? x$w_buff0 : (!x$w_buff0_used || !x$r_buff0_thd2 && !x$w_buff1_used || !x$r_buff0_thd2 && !x$r_buff1_thd2 ? x$w_buff0 : (x$w_buff0_used && x$r_buff0_thd2 ? x$w_buff0 : x$w_buff0));
                                                                                                 ~~ ~~~~~~~~~~~~~~~~^~~~~~~~~~~~~~~~~~
safe032_rmo.oepc_false-unreach-call.c:192:117: note: place parentheses around the '&&' expression to silence this warning
  x$w_buff0 = weak$$choice2 ? x$w_buff0 : (!x$w_buff0_used || !x$r_buff0_thd2 && !x$w_buff1_used || !x$r_buff0_thd2 && !x$r_buff1_thd2 ? x$w_buff0 : (x$w_buff0_used && x$r_buff0_thd2 ? x$w_buff0 : x$w_buff0));
                                                                                                                    ^
                                                                                                    (                                 )
safe032_rmo.oepc_false-unreach-call.c:193:79: warning: '&&' within '||' [-Wlogical-op-parentheses]
  x$w_buff1 = weak$$choice2 ? x$w_buff1 : (!x$w_buff0_used || !x$r_buff0_thd2 && !x$w_buff1_used || !x$r_buff0_thd2 && !x$r_buff1_thd2 ? x$w_buff1 : (x$w_buff0_used && x$r_buff0_thd2 ? x$w_buff1 : x$w_buff1));
                                                           ~~ ~~~~~~~~~~~~~~~~^~~~~~~~~~~~~~~~~~
safe032_rmo.oepc_false-unreach-call.c:193:79: note: place parentheses around the '&&' expression to silence this warning
  x$w_buff1 = weak$$choice2 ? x$w_buff1 : (!x$w_buff0_used || !x$r_buff0_thd2 && !x$w_buff1_used || !x$r_buff0_thd2 && !x$r_buff1_thd2 ? x$w_buff1 : (x$w_buff0_used && x$r_buff0_thd2 ? x$w_buff1 : x$w_buff1));
                                                                              ^
                                                              (                                 )
safe032_rmo.oepc_false-unreach-call.c:193:117: warning: '&&' within '||' [-Wlogical-op-parentheses]
  x$w_buff1 = weak$$choice2 ? x$w_buff1 : (!x$w_buff0_used || !x$r_buff0_thd2 && !x$w_buff1_used || !x$r_buff0_thd2 && !x$r_buff1_thd2 ? x$w_buff1 : (x$w_buff0_used && x$r_buff0_thd2 ? x$w_buff1 : x$w_buff1));
                                                                                                 ~~ ~~~~~~~~~~~~~~~~^~~~~~~~~~~~~~~~~~
safe032_rmo.oepc_false-unreach-call.c:193:117: note: place parentheses around the '&&' expression to silence this warning
  x$w_buff1 = weak$$choice2 ? x$w_buff1 : (!x$w_buff0_used || !x$r_buff0_thd2 && !x$w_buff1_used || !x$r_buff0_thd2 && !x$r_buff1_thd2 ? x$w_buff1 : (x$w_buff0_used && x$r_buff0_thd2 ? x$w_buff1 : x$w_buff1));
                                                                                                                    ^
                                                                                                    (                                 )
safe032_rmo.oepc_false-unreach-call.c:194:89: warning: '&&' within '||' [-Wlogical-op-parentheses]
  x$w_buff0_used = weak$$choice2 ? x$w_buff0_used : (!x$w_buff0_used || !x$r_buff0_thd2 && !x$w_buff1_used || !x$r_buff0_thd2 && !x$r_buff1_thd2 ? x$w_buff0_used : (x$w_buff0_used && x$r_buff0_thd2 ? FALSE : x$w_buff0_used));
                                                                     ~~ ~~~~~~~~~~~~~~~~^~~~~~~~~~~~~~~~~~
safe032_rmo.oepc_false-unreach-call.c:194:89: note: place parentheses around the '&&' expression to silence this warning
  x$w_buff0_used = weak$$choice2 ? x$w_buff0_used : (!x$w_buff0_used || !x$r_buff0_thd2 && !x$w_buff1_used || !x$r_buff0_thd2 && !x$r_buff1_thd2 ? x$w_buff0_used : (x$w_buff0_used && x$r_buff0_thd2 ? FALSE : x$w_buff0_used));
                                                                                        ^
                                                                        (                                 )
safe032_rmo.oepc_false-unreach-call.c:194:127: warning: '&&' within '||' [-Wlogical-op-parentheses]
  x$w_buff0_used = weak$$choice2 ? x$w_buff0_used : (!x$w_buff0_used || !x$r_buff0_thd2 && !x$w_buff1_used || !x$r_buff0_thd2 && !x$r_buff1_thd2 ? x$w_buff0_used : (x$w_buff0_used && x$r_buff0_thd2 ? FALSE : x$w_buff0_used));
                                                                                                           ~~ ~~~~~~~~~~~~~~~~^~~~~~~~~~~~~~~~~~
safe032_rmo.oepc_false-unreach-call.c:194:127: note: place parentheses around the '&&' expression to silence this warning
  x$w_buff0_used = weak$$choice2 ? x$w_buff0_used : (!x$w_buff0_used || !x$r_buff0_thd2 && !x$w_buff1_used || !x$r_buff0_thd2 && !x$r_buff1_thd2 ? x$w_buff0_used : (x$w_buff0_used && x$r_buff0_thd2 ? FALSE : x$w_buff0_used));
                                                                                                                              ^
                                                                                                              (                                 )
safe032_rmo.oepc_false-unreach-call.c:195:89: warning: '&&' within '||' [-Wlogical-op-parentheses]
  x$w_buff1_used = weak$$choice2 ? x$w_buff1_used : (!x$w_buff0_used || !x$r_buff0_thd2 && !x$w_buff1_used || !x$r_buff0_thd2 && !x$r_buff1_thd2 ? x$w_buff1_used : (x$w_buff0_used && x$r_buff0_thd2 ? FALSE : FALSE));
                                                                     ~~ ~~~~~~~~~~~~~~~~^~~~~~~~~~~~~~~~~~
safe032_rmo.oepc_false-unreach-call.c:195:89: note: place parentheses around the '&&' expression to silence this warning
  x$w_buff1_used = weak$$choice2 ? x$w_buff1_used : (!x$w_buff0_used || !x$r_buff0_thd2 && !x$w_buff1_used || !x$r_buff0_thd2 && !x$r_buff1_thd2 ? x$w_buff1_used : (x$w_buff0_used && x$r_buff0_thd2 ? FALSE : FALSE));
                                                                                        ^
                                                                        (                                 )
safe032_rmo.oepc_false-unreach-call.c:195:127: warning: '&&' within '||' [-Wlogical-op-parentheses]
  x$w_buff1_used = weak$$choice2 ? x$w_buff1_used : (!x$w_buff0_used || !x$r_buff0_thd2 && !x$w_buff1_used || !x$r_buff0_thd2 && !x$r_buff1_thd2 ? x$w_buff1_used : (x$w_buff0_used && x$r_buff0_thd2 ? FALSE : FALSE));
                                                                                                           ~~ ~~~~~~~~~~~~~~~~^~~~~~~~~~~~~~~~~~
safe032_rmo.oepc_false-unreach-call.c:195:127: note: place parentheses around the '&&' expression to silence this warning
  x$w_buff1_used = weak$$choice2 ? x$w_buff1_used : (!x$w_buff0_used || !x$r_buff0_thd2 && !x$w_buff1_used || !x$r_buff0_thd2 && !x$r_buff1_thd2 ? x$w_buff1_used : (x$w_buff0_used && x$r_buff0_thd2 ? FALSE : FALSE));
                                                                                                                              ^
                                                                                                              (                                 )
safe032_rmo.oepc_false-unreach-call.c:196:89: warning: '&&' within '||' [-Wlogical-op-parentheses]
  x$r_buff0_thd2 = weak$$choice2 ? x$r_buff0_thd2 : (!x$w_buff0_used || !x$r_buff0_thd2 && !x$w_buff1_used || !x$r_buff0_thd2 && !x$r_buff1_thd2 ? x$r_buff0_thd2 : (x$w_buff0_used && x$r_buff0_thd2 ? FALSE : x$r_buff0_thd2));
                                                                     ~~ ~~~~~~~~~~~~~~~~^~~~~~~~~~~~~~~~~~
safe032_rmo.oepc_false-unreach-call.c:196:89: note: place parentheses around the '&&' expression to silence this warning
  x$r_buff0_thd2 = weak$$choice2 ? x$r_buff0_thd2 : (!x$w_buff0_used || !x$r_buff0_thd2 && !x$w_buff1_used || !x$r_buff0_thd2 && !x$r_buff1_thd2 ? x$r_buff0_thd2 : (x$w_buff0_used && x$r_buff0_thd2 ? FALSE : x$r_buff0_thd2));
                                                                                        ^
                                                                        (                                 )
safe032_rmo.oepc_false-unreach-call.c:196:127: warning: '&&' within '||' [-Wlogical-op-parentheses]
  x$r_buff0_thd2 = weak$$choice2 ? x$r_buff0_thd2 : (!x$w_buff0_used || !x$r_buff0_thd2 && !x$w_buff1_used || !x$r_buff0_thd2 && !x$r_buff1_thd2 ? x$r_buff0_thd2 : (x$w_buff0_used && x$r_buff0_thd2 ? FALSE : x$r_buff0_thd2));
                                                                                                           ~~ ~~~~~~~~~~~~~~~~^~~~~~~~~~~~~~~~~~
safe032_rmo.oepc_false-unreach-call.c:196:127: note: place parentheses around the '&&' expression to silence this warning
  x$r_buff0_thd2 = weak$$choice2 ? x$r_buff0_thd2 : (!x$w_buff0_used || !x$r_buff0_thd2 && !x$w_buff1_used || !x$r_buff0_thd2 && !x$r_buff1_thd2 ? x$r_buff0_thd2 : (x$w_buff0_used && x$r_buff0_thd2 ? FALSE : x$r_buff0_thd2));
                                                                                                                              ^
                                                                                                              (                                 )
safe032_rmo.oepc_false-unreach-call.c:197:89: warning: '&&' within '||' [-Wlogical-op-parentheses]
  x$r_buff1_thd2 = weak$$choice2 ? x$r_buff1_thd2 : (!x$w_buff0_used || !x$r_buff0_thd2 && !x$w_buff1_used || !x$r_buff0_thd2 && !x$r_buff1_thd2 ? x$r_buff1_thd2 : (x$w_buff0_used && x$r_buff0_thd2 ? FALSE : FALSE));
                                                                     ~~ ~~~~~~~~~~~~~~~~^~~~~~~~~~~~~~~~~~
safe032_rmo.oepc_false-unreach-call.c:197:89: note: place parentheses around the '&&' expression to silence this warning
  x$r_buff1_thd2 = weak$$choice2 ? x$r_buff1_thd2 : (!x$w_buff0_used || !x$r_buff0_thd2 && !x$w_buff1_used || !x$r_buff0_thd2 && !x$r_buff1_thd2 ? x$r_buff1_thd2 : (x$w_buff0_used && x$r_buff0_thd2 ? FALSE : FALSE));
                                                                                        ^
                                                                        (                                 )
safe032_rmo.oepc_false-unreach-call.c:197:127: warning: '&&' within '||' [-Wlogical-op-parentheses]
  x$r_buff1_thd2 = weak$$choice2 ? x$r_buff1_thd2 : (!x$w_buff0_used || !x$r_buff0_thd2 && !x$w_buff1_used || !x$r_buff0_thd2 && !x$r_buff1_thd2 ? x$r_buff1_thd2 : (x$w_buff0_used && x$r_buff0_thd2 ? FALSE : FALSE));
                                                                                                           ~~ ~~~~~~~~~~~~~~~~^~~~~~~~~~~~~~~~~~
safe032_rmo.oepc_false-unreach-call.c:197:127: note: place parentheses around the '&&' expression to silence this warning
  x$r_buff1_thd2 = weak$$choice2 ? x$r_buff1_thd2 : (!x$w_buff0_used || !x$r_buff0_thd2 && !x$w_buff1_used || !x$r_buff0_thd2 && !x$r_buff1_thd2 ? x$r_buff1_thd2 : (x$w_buff0_used && x$r_buff0_thd2 ? FALSE : FALSE));
                                                                                                                              ^
                                                                                                              (                                 )
safe032_rmo.oepc_false-unreach-call.c:205:35: warning: '&&' within '||' [-Wlogical-op-parentheses]
  x$w_buff1_used = x$w_buff0_used && x$r_buff0_thd2 || x$w_buff1_used && x$r_buff1_thd2 ? FALSE : x$w_buff1_used;
                   ~~~~~~~~~~~~~~~^~~~~~~~~~~~~~~~~ ~~
safe032_rmo.oepc_false-unreach-call.c:205:35: note: place parentheses around the '&&' expression to silence this warning
  x$w_buff1_used = x$w_buff0_used && x$r_buff0_thd2 || x$w_buff1_used && x$r_buff1_thd2 ? FALSE : x$w_buff1_used;
                                  ^
                   (                               )
safe032_rmo.oepc_false-unreach-call.c:205:71: warning: '&&' within '||' [-Wlogical-op-parentheses]
  x$w_buff1_used = x$w_buff0_used && x$r_buff0_thd2 || x$w_buff1_used && x$r_buff1_thd2 ? FALSE : x$w_buff1_used;
                                                    ~~ ~~~~~~~~~~~~~~~^~~~~~~~~~~~~~~~~
safe032_rmo.oepc_false-unreach-call.c:205:71: note: place parentheses around the '&&' expression to silence this warning
  x$w_buff1_used = x$w_buff0_used && x$r_buff0_thd2 || x$w_buff1_used && x$r_buff1_thd2 ? FALSE : x$w_buff1_used;
                                                                      ^
                                                       (                               )
safe032_rmo.oepc_false-unreach-call.c:207:35: warning: '&&' within '||' [-Wlogical-op-parentheses]
  x$r_buff1_thd2 = x$w_buff0_used && x$r_buff0_thd2 || x$w_buff1_used && x$r_buff1_thd2 ? FALSE : x$r_buff1_thd2;
                   ~~~~~~~~~~~~~~~^~~~~~~~~~~~~~~~~ ~~
safe032_rmo.oepc_false-unreach-call.c:207:35: note: place parentheses around the '&&' expression to silence this warning
  x$r_buff1_thd2 = x$w_buff0_used && x$r_buff0_thd2 || x$w_buff1_used && x$r_buff1_thd2 ? FALSE : x$r_buff1_thd2;
                                  ^
                   (                               )
safe032_rmo.oepc_false-unreach-call.c:207:71: warning: '&&' within '||' [-Wlogical-op-parentheses]
  x$r_buff1_thd2 = x$w_buff0_used && x$r_buff0_thd2 || x$w_buff1_used && x$r_buff1_thd2 ? FALSE : x$r_buff1_thd2;
                                                    ~~ ~~~~~~~~~~~~~~~^~~~~~~~~~~~~~~~~
safe032_rmo.oepc_false-unreach-call.c:207:71: note: place parentheses around the '&&' expression to silence this warning
  x$r_buff1_thd2 = x$w_buff0_used && x$r_buff0_thd2 || x$w_buff1_used && x$r_buff1_thd2 ? FALSE : x$r_buff1_thd2;
                                                                      ^
                                                       (                               )
safe032_rmo.oepc_false-unreach-call.c:212:10: warning: incompatible integer to pointer conversion returning 'int' from a function with result type 'void *' [-Wint-conversion]
  return nondet_1();
         ^~~~~~~~~~
safe032_rmo.oepc_false-unreach-call.c:237:35: warning: '&&' within '||' [-Wlogical-op-parentheses]
  x$w_buff1_used = x$w_buff0_used && x$r_buff0_thd3 || x$w_buff1_used && x$r_buff1_thd3 ? FALSE : x$w_buff1_used;
                   ~~~~~~~~~~~~~~~^~~~~~~~~~~~~~~~~ ~~
safe032_rmo.oepc_false-unreach-call.c:237:35: note: place parentheses around the '&&' expression to silence this warning
  x$w_buff1_used = x$w_buff0_used && x$r_buff0_thd3 || x$w_buff1_used && x$r_buff1_thd3 ? FALSE : x$w_buff1_used;
                                  ^
                   (                               )
safe032_rmo.oepc_false-unreach-call.c:237:71: warning: '&&' within '||' [-Wlogical-op-parentheses]
  x$w_buff1_used = x$w_buff0_used && x$r_buff0_thd3 || x$w_buff1_used && x$r_buff1_thd3 ? FALSE : x$w_buff1_used;
                                                    ~~ ~~~~~~~~~~~~~~~^~~~~~~~~~~~~~~~~
safe032_rmo.oepc_false-unreach-call.c:237:71: note: place parentheses around the '&&' expression to silence this warning
  x$w_buff1_used = x$w_buff0_used && x$r_buff0_thd3 || x$w_buff1_used && x$r_buff1_thd3 ? FALSE : x$w_buff1_used;
                                                                      ^
                                                       (                               )
safe032_rmo.oepc_false-unreach-call.c:239:35: warning: '&&' within '||' [-Wlogical-op-parentheses]
  x$r_buff1_thd3 = x$w_buff0_used && x$r_buff0_thd3 || x$w_buff1_used && x$r_buff1_thd3 ? FALSE : x$r_buff1_thd3;
                   ~~~~~~~~~~~~~~~^~~~~~~~~~~~~~~~~ ~~
safe032_rmo.oepc_false-unreach-call.c:239:35: note: place parentheses around the '&&' expression to silence this warning
  x$r_buff1_thd3 = x$w_buff0_used && x$r_buff0_thd3 || x$w_buff1_used && x$r_buff1_thd3 ? FALSE : x$r_buff1_thd3;
                                  ^
                   (                               )
safe032_rmo.oepc_false-unreach-call.c:239:71: warning: '&&' within '||' [-Wlogical-op-parentheses]
  x$r_buff1_thd3 = x$w_buff0_used && x$r_buff0_thd3 || x$w_buff1_used && x$r_buff1_thd3 ? FALSE : x$r_buff1_thd3;
                                                    ~~ ~~~~~~~~~~~~~~~^~~~~~~~~~~~~~~~~
safe032_rmo.oepc_false-unreach-call.c:239:71: note: place parentheses around the '&&' expression to silence this warning
  x$r_buff1_thd3 = x$w_buff0_used && x$r_buff0_thd3 || x$w_buff1_used && x$r_buff1_thd3 ? FALSE : x$r_buff1_thd3;
                                                                      ^
                                                       (                               )
safe032_rmo.oepc_false-unreach-call.c:244:10: warning: incompatible integer to pointer conversion returning 'int' from a function with result type 'void *' [-Wint-conversion]
  return nondet_1();
         ^~~~~~~~~~
safe032_rmo.oepc_false-unreach-call.c:272:38: warning: null passed to a callee which requires a non-null argument [-Wnonnull]
  pthread_create(NULL, NULL, P0, NULL);
                 ~~~~                ^
safe032_rmo.oepc_false-unreach-call.c:273:38: warning: null passed to a callee which requires a non-null argument [-Wnonnull]
  pthread_create(NULL, NULL, P1, NULL);
                 ~~~~                ^
safe032_rmo.oepc_false-unreach-call.c:274:38: warning: null passed to a callee which requires a non-null argument [-Wnonnull]
  pthread_create(NULL, NULL, P2, NULL);
                 ~~~~                ^
safe032_rmo.oepc_false-unreach-call.c:282:35: warning: '&&' within '||' [-Wlogical-op-parentheses]
  x$w_buff1_used = x$w_buff0_used && x$r_buff0_thd0 || x$w_buff1_used && x$r_buff1_thd0 ? FALSE : x$w_buff1_used;
                   ~~~~~~~~~~~~~~~^~~~~~~~~~~~~~~~~ ~~
safe032_rmo.oepc_false-unreach-call.c:282:35: note: place parentheses around the '&&' expression to silence this warning
  x$w_buff1_used = x$w_buff0_used && x$r_buff0_thd0 || x$w_buff1_used && x$r_buff1_thd0 ? FALSE : x$w_buff1_used;
                                  ^
                   (                               )
safe032_rmo.oepc_false-unreach-call.c:282:71: warning: '&&' within '||' [-Wlogical-op-parentheses]
  x$w_buff1_used = x$w_buff0_used && x$r_buff0_thd0 || x$w_buff1_used && x$r_buff1_thd0 ? FALSE : x$w_buff1_used;
                                                    ~~ ~~~~~~~~~~~~~~~^~~~~~~~~~~~~~~~~
safe032_rmo.oepc_false-unreach-call.c:282:71: note: place parentheses around the '&&' expression to silence this warning
  x$w_buff1_used = x$w_buff0_used && x$r_buff0_thd0 || x$w_buff1_used && x$r_buff1_thd0 ? FALSE : x$w_buff1_used;
                                                                      ^
                                                       (                               )
safe032_rmo.oepc_false-unreach-call.c:284:35: warning: '&&' within '||' [-Wlogical-op-parentheses]
  x$r_buff1_thd0 = x$w_buff0_used && x$r_buff0_thd0 || x$w_buff1_used && x$r_buff1_thd0 ? FALSE : x$r_buff1_thd0;
                   ~~~~~~~~~~~~~~~^~~~~~~~~~~~~~~~~ ~~
safe032_rmo.oepc_false-unreach-call.c:284:35: note: place parentheses around the '&&' expression to silence this warning
  x$r_buff1_thd0 = x$w_buff0_used && x$r_buff0_thd0 || x$w_buff1_used && x$r_buff1_thd0 ? FALSE : x$r_buff1_thd0;
                                  ^
                   (                               )
safe032_rmo.oepc_false-unreach-call.c:284:71: warning: '&&' within '||' [-Wlogical-op-parentheses]
  x$r_buff1_thd0 = x$w_buff0_used && x$r_buff0_thd0 || x$w_buff1_used && x$r_buff1_thd0 ? FALSE : x$r_buff1_thd0;
                                                    ~~ ~~~~~~~~~~~~~~~^~~~~~~~~~~~~~~~~
safe032_rmo.oepc_false-unreach-call.c:284:71: note: place parentheses around the '&&' expression to silence this warning
  x$r_buff1_thd0 = x$w_buff0_used && x$r_buff0_thd0 || x$w_buff1_used && x$r_buff1_thd0 ? FALSE : x$r_buff1_thd0;
                                                                      ^
                                                       (                               )
safe032_rmo.oepc_false-unreach-call.c:301:42: warning: '&&' within '||' [-Wlogical-op-parentheses]
  x = !x$w_buff0_used || !x$r_buff0_thd0 && !x$w_buff1_used || !x$r_buff0_thd0 && !x$r_buff1_thd0 ? x : (x$w_buff0_used && x$r_buff0_thd0 ? x$w_buff0 : x$w_buff1);
                      ~~ ~~~~~~~~~~~~~~~~^~~~~~~~~~~~~~~~~~
safe032_rmo.oepc_false-unreach-call.c:301:42: note: place parentheses around the '&&' expression to silence this warning
  x = !x$w_buff0_used || !x$r_buff0_thd0 && !x$w_buff1_used || !x$r_buff0_thd0 && !x$r_buff1_thd0 ? x : (x$w_buff0_used && x$r_buff0_thd0 ? x$w_buff0 : x$w_buff1);
                                         ^
                         (                                 )
safe032_rmo.oepc_false-unreach-call.c:301:80: warning: '&&' within '||' [-Wlogical-op-parentheses]
  x = !x$w_buff0_used || !x$r_buff0_thd0 && !x$w_buff1_used || !x$r_buff0_thd0 && !x$r_buff1_thd0 ? x : (x$w_buff0_used && x$r_buff0_thd0 ? x$w_buff0 : x$w_buff1);
                                                            ~~ ~~~~~~~~~~~~~~~~^~~~~~~~~~~~~~~~~~
safe032_rmo.oepc_false-unreach-call.c:301:80: note: place parentheses around the '&&' expression to silence this warning
  x = !x$w_buff0_used || !x$r_buff0_thd0 && !x$w_buff1_used || !x$r_buff0_thd0 && !x$r_buff1_thd0 ? x : (x$w_buff0_used && x$r_buff0_thd0 ? x$w_buff0 : x$w_buff1);
                                                                               ^
                                                               (                                 )
safe032_rmo.oepc_false-unreach-call.c:304:79: warning: '&&' within '||' [-Wlogical-op-parentheses]
  x$w_buff0 = weak$$choice2 ? x$w_buff0 : (!x$w_buff0_used || !x$r_buff0_thd0 && !x$w_buff1_used || !x$r_buff0_thd0 && !x$r_buff1_thd0 ? x$w_buff0 : (x$w_buff0_used && x$r_buff0_thd0 ? x$w_buff0 : x$w_buff0));
                                                           ~~ ~~~~~~~~~~~~~~~~^~~~~~~~~~~~~~~~~~
safe032_rmo.oepc_false-unreach-call.c:304:79: note: place parentheses around the '&&' expression to silence this warning
  x$w_buff0 = weak$$choice2 ? x$w_buff0 : (!x$w_buff0_used || !x$r_buff0_thd0 && !x$w_buff1_used || !x$r_buff0_thd0 && !x$r_buff1_thd0 ? x$w_buff0 : (x$w_buff0_used && x$r_buff0_thd0 ? x$w_buff0 : x$w_buff0));
                                                                              ^
                                                              (                                 )
safe032_rmo.oepc_false-unreach-call.c:304:117: warning: '&&' within '||' [-Wlogical-op-parentheses]
  x$w_buff0 = weak$$choice2 ? x$w_buff0 : (!x$w_buff0_used || !x$r_buff0_thd0 && !x$w_buff1_used || !x$r_buff0_thd0 && !x$r_buff1_thd0 ? x$w_buff0 : (x$w_buff0_used && x$r_buff0_thd0 ? x$w_buff0 : x$w_buff0));
                                                                                                 ~~ ~~~~~~~~~~~~~~~~^~~~~~~~~~~~~~~~~~
safe032_rmo.oepc_false-unreach-call.c:304:117: note: place parentheses around the '&&' expression to silence this warning
  x$w_buff0 = weak$$choice2 ? x$w_buff0 : (!x$w_buff0_used || !x$r_buff0_thd0 && !x$w_buff1_used || !x$r_buff0_thd0 && !x$r_buff1_thd0 ? x$w_buff0 : (x$w_buff0_used && x$r_buff0_thd0 ? x$w_buff0 : x$w_buff0));
                                                                                                                    ^
                                                                                                    (                                 )
safe032_rmo.oepc_false-unreach-call.c:307:79: warning: '&&' within '||' [-Wlogical-op-parentheses]
  x$w_buff1 = weak$$choice2 ? x$w_buff1 : (!x$w_buff0_used || !x$r_buff0_thd0 && !x$w_buff1_used || !x$r_buff0_thd0 && !x$r_buff1_thd0 ? x$w_buff1 : (x$w_buff0_used && x$r_buff0_thd0 ? x$w_buff1 : x$w_buff1));
                                                           ~~ ~~~~~~~~~~~~~~~~^~~~~~~~~~~~~~~~~~
safe032_rmo.oepc_false-unreach-call.c:307:79: note: place parentheses around the '&&' expression to silence this warning
  x$w_buff1 = weak$$choice2 ? x$w_buff1 : (!x$w_buff0_used || !x$r_buff0_thd0 && !x$w_buff1_used || !x$r_buff0_thd0 && !x$r_buff1_thd0 ? x$w_buff1 : (x$w_buff0_used && x$r_buff0_thd0 ? x$w_buff1 : x$w_buff1));
                                                                              ^
                                                              (                                 )
safe032_rmo.oepc_false-unreach-call.c:307:117: warning: '&&' within '||' [-Wlogical-op-parentheses]
  x$w_buff1 = weak$$choice2 ? x$w_buff1 : (!x$w_buff0_used || !x$r_buff0_thd0 && !x$w_buff1_used || !x$r_buff0_thd0 && !x$r_buff1_thd0 ? x$w_buff1 : (x$w_buff0_used && x$r_buff0_thd0 ? x$w_buff1 : x$w_buff1));
                                                                                                 ~~ ~~~~~~~~~~~~~~~~^~~~~~~~~~~~~~~~~~
safe032_rmo.oepc_false-unreach-call.c:307:117: note: place parentheses around the '&&' expression to silence this warning
  x$w_buff1 = weak$$choice2 ? x$w_buff1 : (!x$w_buff0_used || !x$r_buff0_thd0 && !x$w_buff1_used || !x$r_buff0_thd0 && !x$r_buff1_thd0 ? x$w_buff1 : (x$w_buff0_used && x$r_buff0_thd0 ? x$w_buff1 : x$w_buff1));
                                                                                                                    ^
                                                                                                    (                                 )
safe032_rmo.oepc_false-unreach-call.c:310:89: warning: '&&' within '||' [-Wlogical-op-parentheses]
  x$w_buff0_used = weak$$choice2 ? x$w_buff0_used : (!x$w_buff0_used || !x$r_buff0_thd0 && !x$w_buff1_used || !x$r_buff0_thd0 && !x$r_buff1_thd0 ? x$w_buff0_used : (x$w_buff0_used && x$r_buff0_thd0 ? FALSE : x$w_buff0_used));
                                                                     ~~ ~~~~~~~~~~~~~~~~^~~~~~~~~~~~~~~~~~
safe032_rmo.oepc_false-unreach-call.c:310:89: note: place parentheses around the '&&' expression to silence this warning
  x$w_buff0_used = weak$$choice2 ? x$w_buff0_used : (!x$w_buff0_used || !x$r_buff0_thd0 && !x$w_buff1_used || !x$r_buff0_thd0 && !x$r_buff1_thd0 ? x$w_buff0_used : (x$w_buff0_used && x$r_buff0_thd0 ? FALSE : x$w_buff0_used));
                                                                                        ^
                                                                        (                                 )
safe032_rmo.oepc_false-unreach-call.c:310:127: warning: '&&' within '||' [-Wlogical-op-parentheses]
  x$w_buff0_used = weak$$choice2 ? x$w_buff0_used : (!x$w_buff0_used || !x$r_buff0_thd0 && !x$w_buff1_used || !x$r_buff0_thd0 && !x$r_buff1_thd0 ? x$w_buff0_used : (x$w_buff0_used && x$r_buff0_thd0 ? FALSE : x$w_buff0_used));
                                                                                                           ~~ ~~~~~~~~~~~~~~~~^~~~~~~~~~~~~~~~~~
safe032_rmo.oepc_false-unreach-call.c:310:127: note: place parentheses around the '&&' expression to silence this warning
  x$w_buff0_used = weak$$choice2 ? x$w_buff0_used : (!x$w_buff0_used || !x$r_buff0_thd0 && !x$w_buff1_used || !x$r_buff0_thd0 && !x$r_buff1_thd0 ? x$w_buff0_used : (x$w_buff0_used && x$r_buff0_thd0 ? FALSE : x$w_buff0_used));
                                                                                                                              ^
                                                                                                              (                                 )
safe032_rmo.oepc_false-unreach-call.c:313:89: warning: '&&' within '||' [-Wlogical-op-parentheses]
  x$w_buff1_used = weak$$choice2 ? x$w_buff1_used : (!x$w_buff0_used || !x$r_buff0_thd0 && !x$w_buff1_used || !x$r_buff0_thd0 && !x$r_buff1_thd0 ? x$w_buff1_used : (x$w_buff0_used && x$r_buff0_thd0 ? FALSE : FALSE));
                                                                     ~~ ~~~~~~~~~~~~~~~~^~~~~~~~~~~~~~~~~~
safe032_rmo.oepc_false-unreach-call.c:313:89: note: place parentheses around the '&&' expression to silence this warning
  x$w_buff1_used = weak$$choice2 ? x$w_buff1_used : (!x$w_buff0_used || !x$r_buff0_thd0 && !x$w_buff1_used || !x$r_buff0_thd0 && !x$r_buff1_thd0 ? x$w_buff1_used : (x$w_buff0_used && x$r_buff0_thd0 ? FALSE : FALSE));
                                                                                        ^
                                                                        (                                 )
safe032_rmo.oepc_false-unreach-call.c:313:127: warning: '&&' within '||' [-Wlogical-op-parentheses]
  x$w_buff1_used = weak$$choice2 ? x$w_buff1_used : (!x$w_buff0_used || !x$r_buff0_thd0 && !x$w_buff1_used || !x$r_buff0_thd0 && !x$r_buff1_thd0 ? x$w_buff1_used : (x$w_buff0_used && x$r_buff0_thd0 ? FALSE : FALSE));
                                                                                                           ~~ ~~~~~~~~~~~~~~~~^~~~~~~~~~~~~~~~~~
safe032_rmo.oepc_false-unreach-call.c:313:127: note: place parentheses around the '&&' expression to silence this warning
  x$w_buff1_used = weak$$choice2 ? x$w_buff1_used : (!x$w_buff0_used || !x$r_buff0_thd0 && !x$w_buff1_used || !x$r_buff0_thd0 && !x$r_buff1_thd0 ? x$w_buff1_used : (x$w_buff0_used && x$r_buff0_thd0 ? FALSE : FALSE));
                                                                                                                              ^
                                                                                                              (                                 )
safe032_rmo.oepc_false-unreach-call.c:316:89: warning: '&&' within '||' [-Wlogical-op-parentheses]
  x$r_buff0_thd0 = weak$$choice2 ? x$r_buff0_thd0 : (!x$w_buff0_used || !x$r_buff0_thd0 && !x$w_buff1_used || !x$r_buff0_thd0 && !x$r_buff1_thd0 ? x$r_buff0_thd0 : (x$w_buff0_used && x$r_buff0_thd0 ? FALSE : x$r_buff0_thd0));
                                                                     ~~ ~~~~~~~~~~~~~~~~^~~~~~~~~~~~~~~~~~
safe032_rmo.oepc_false-unreach-call.c:316:89: note: place parentheses around the '&&' expression to silence this warning
  x$r_buff0_thd0 = weak$$choice2 ? x$r_buff0_thd0 : (!x$w_buff0_used || !x$r_buff0_thd0 && !x$w_buff1_used || !x$r_buff0_thd0 && !x$r_buff1_thd0 ? x$r_buff0_thd0 : (x$w_buff0_used && x$r_buff0_thd0 ? FALSE : x$r_buff0_thd0));
                                                                                        ^
                                                                        (                                 )
safe032_rmo.oepc_false-unreach-call.c:316:127: warning: '&&' within '||' [-Wlogical-op-parentheses]
  x$r_buff0_thd0 = weak$$choice2 ? x$r_buff0_thd0 : (!x$w_buff0_used || !x$r_buff0_thd0 && !x$w_buff1_used || !x$r_buff0_thd0 && !x$r_buff1_thd0 ? x$r_buff0_thd0 : (x$w_buff0_used && x$r_buff0_thd0 ? FALSE : x$r_buff0_thd0));
                                                                                                           ~~ ~~~~~~~~~~~~~~~~^~~~~~~~~~~~~~~~~~
safe032_rmo.oepc_false-unreach-call.c:316:127: note: place parentheses around the '&&' expression to silence this warning
  x$r_buff0_thd0 = weak$$choice2 ? x$r_buff0_thd0 : (!x$w_buff0_used || !x$r_buff0_thd0 && !x$w_buff1_used || !x$r_buff0_thd0 && !x$r_buff1_thd0 ? x$r_buff0_thd0 : (x$w_buff0_used && x$r_buff0_thd0 ? FALSE : x$r_buff0_thd0));
                                                                                                                              ^
                                                                                                              (                                 )
safe032_rmo.oepc_false-unreach-call.c:319:89: warning: '&&' within '||' [-Wlogical-op-parentheses]
  x$r_buff1_thd0 = weak$$choice2 ? x$r_buff1_thd0 : (!x$w_buff0_used || !x$r_buff0_thd0 && !x$w_buff1_used || !x$r_buff0_thd0 && !x$r_buff1_thd0 ? x$r_buff1_thd0 : (x$w_buff0_used && x$r_buff0_thd0 ? FALSE : FALSE));
                                                                     ~~ ~~~~~~~~~~~~~~~~^~~~~~~~~~~~~~~~~~
safe032_rmo.oepc_false-unreach-call.c:319:89: note: place parentheses around the '&&' expression to silence this warning
  x$r_buff1_thd0 = weak$$choice2 ? x$r_buff1_thd0 : (!x$w_buff0_used || !x$r_buff0_thd0 && !x$w_buff1_used || !x$r_buff0_thd0 && !x$r_buff1_thd0 ? x$r_buff1_thd0 : (x$w_buff0_used && x$r_buff0_thd0 ? FALSE : FALSE));
                                                                                        ^
                                                                        (                                 )
safe032_rmo.oepc_false-unreach-call.c:319:127: warning: '&&' within '||' [-Wlogical-op-parentheses]
  x$r_buff1_thd0 = weak$$choice2 ? x$r_buff1_thd0 : (!x$w_buff0_used || !x$r_buff0_thd0 && !x$w_buff1_used || !x$r_buff0_thd0 && !x$r_buff1_thd0 ? x$r_buff1_thd0 : (x$w_buff0_used && x$r_buff0_thd0 ? FALSE : FALSE));
                                                                                                           ~~ ~~~~~~~~~~~~~~~~^~~~~~~~~~~~~~~~~~
safe032_rmo.oepc_false-unreach-call.c:319:127: note: place parentheses around the '&&' expression to silence this warning
  x$r_buff1_thd0 = weak$$choice2 ? x$r_buff1_thd0 : (!x$w_buff0_used || !x$r_buff0_thd0 && !x$w_buff1_used || !x$r_buff0_thd0 && !x$r_buff1_thd0 ? x$r_buff1_thd0 : (x$w_buff0_used && x$r_buff0_thd0 ? FALSE : FALSE));
                                                                                                                              ^
                                                                                                              (                                 )
67 warnings generated.
