safe019_power.oepc_false-unreach-call.c:4:34: warning: implicit declaration of function '__VERIFIER_assume' is invalid in C99 [-Wimplicit-function-declaration]
void __VERIFIER_atomic_begin() { __VERIFIER_assume(__global_lock==0); __global_lock=1; return; }
                                 ^
safe019_power.oepc_false-unreach-call.c:216:19: warning: implicit declaration of function 'nondet_0' is invalid in C99 [-Wimplicit-function-declaration]
  weak$$choice0 = nondet_0();
                  ^
safe019_power.oepc_false-unreach-call.c:242:10: warning: implicit declaration of function 'nondet_1' is invalid in C99 [-Wimplicit-function-declaration]
  return nondet_1();
         ^
safe019_power.oepc_false-unreach-call.c:242:10: warning: incompatible integer to pointer conversion returning 'int' from a function with result type 'void *' [-Wint-conversion]
  return nondet_1();
         ^~~~~~~~~~
safe019_power.oepc_false-unreach-call.c:257:10: warning: incompatible integer to pointer conversion returning 'int' from a function with result type 'void *' [-Wint-conversion]
  return nondet_1();
         ^~~~~~~~~~
safe019_power.oepc_false-unreach-call.c:273:35: warning: '&&' within '||' [-Wlogical-op-parentheses]
  y$w_buff1_used = y$w_buff0_used && y$r_buff0_thd3 || y$w_buff1_used && y$r_buff1_thd3 ? FALSE : y$w_buff1_used;
                   ~~~~~~~~~~~~~~~^~~~~~~~~~~~~~~~~ ~~
safe019_power.oepc_false-unreach-call.c:273:35: note: place parentheses around the '&&' expression to silence this warning
  y$w_buff1_used = y$w_buff0_used && y$r_buff0_thd3 || y$w_buff1_used && y$r_buff1_thd3 ? FALSE : y$w_buff1_used;
                                  ^
                   (                               )
safe019_power.oepc_false-unreach-call.c:273:71: warning: '&&' within '||' [-Wlogical-op-parentheses]
  y$w_buff1_used = y$w_buff0_used && y$r_buff0_thd3 || y$w_buff1_used && y$r_buff1_thd3 ? FALSE : y$w_buff1_used;
                                                    ~~ ~~~~~~~~~~~~~~~^~~~~~~~~~~~~~~~~
safe019_power.oepc_false-unreach-call.c:273:71: note: place parentheses around the '&&' expression to silence this warning
  y$w_buff1_used = y$w_buff0_used && y$r_buff0_thd3 || y$w_buff1_used && y$r_buff1_thd3 ? FALSE : y$w_buff1_used;
                                                                      ^
                                                       (                               )
safe019_power.oepc_false-unreach-call.c:275:35: warning: '&&' within '||' [-Wlogical-op-parentheses]
  y$r_buff1_thd3 = y$w_buff0_used && y$r_buff0_thd3 || y$w_buff1_used && y$r_buff1_thd3 ? FALSE : y$r_buff1_thd3;
                   ~~~~~~~~~~~~~~~^~~~~~~~~~~~~~~~~ ~~
safe019_power.oepc_false-unreach-call.c:275:35: note: place parentheses around the '&&' expression to silence this warning
  y$r_buff1_thd3 = y$w_buff0_used && y$r_buff0_thd3 || y$w_buff1_used && y$r_buff1_thd3 ? FALSE : y$r_buff1_thd3;
                                  ^
                   (                               )
safe019_power.oepc_false-unreach-call.c:275:71: warning: '&&' within '||' [-Wlogical-op-parentheses]
  y$r_buff1_thd3 = y$w_buff0_used && y$r_buff0_thd3 || y$w_buff1_used && y$r_buff1_thd3 ? FALSE : y$r_buff1_thd3;
                                                    ~~ ~~~~~~~~~~~~~~~^~~~~~~~~~~~~~~~~
safe019_power.oepc_false-unreach-call.c:275:71: note: place parentheses around the '&&' expression to silence this warning
  y$r_buff1_thd3 = y$w_buff0_used && y$r_buff0_thd3 || y$w_buff1_used && y$r_buff1_thd3 ? FALSE : y$r_buff1_thd3;
                                                                      ^
                                                       (                               )
safe019_power.oepc_false-unreach-call.c:280:10: warning: incompatible integer to pointer conversion returning 'int' from a function with result type 'void *' [-Wint-conversion]
  return nondet_1();
         ^~~~~~~~~~
safe019_power.oepc_false-unreach-call.c:293:35: warning: '&&' within '||' [-Wlogical-op-parentheses]
  y$w_buff1_used = y$w_buff0_used && y$r_buff0_thd4 || y$w_buff1_used && y$r_buff1_thd4 ? FALSE : y$w_buff1_used;
                   ~~~~~~~~~~~~~~~^~~~~~~~~~~~~~~~~ ~~
safe019_power.oepc_false-unreach-call.c:293:35: note: place parentheses around the '&&' expression to silence this warning
  y$w_buff1_used = y$w_buff0_used && y$r_buff0_thd4 || y$w_buff1_used && y$r_buff1_thd4 ? FALSE : y$w_buff1_used;
                                  ^
                   (                               )
safe019_power.oepc_false-unreach-call.c:293:71: warning: '&&' within '||' [-Wlogical-op-parentheses]
  y$w_buff1_used = y$w_buff0_used && y$r_buff0_thd4 || y$w_buff1_used && y$r_buff1_thd4 ? FALSE : y$w_buff1_used;
                                                    ~~ ~~~~~~~~~~~~~~~^~~~~~~~~~~~~~~~~
safe019_power.oepc_false-unreach-call.c:293:71: note: place parentheses around the '&&' expression to silence this warning
  y$w_buff1_used = y$w_buff0_used && y$r_buff0_thd4 || y$w_buff1_used && y$r_buff1_thd4 ? FALSE : y$w_buff1_used;
                                                                      ^
                                                       (                               )
safe019_power.oepc_false-unreach-call.c:295:35: warning: '&&' within '||' [-Wlogical-op-parentheses]
  y$r_buff1_thd4 = y$w_buff0_used && y$r_buff0_thd4 || y$w_buff1_used && y$r_buff1_thd4 ? FALSE : y$r_buff1_thd4;
                   ~~~~~~~~~~~~~~~^~~~~~~~~~~~~~~~~ ~~
safe019_power.oepc_false-unreach-call.c:295:35: note: place parentheses around the '&&' expression to silence this warning
  y$r_buff1_thd4 = y$w_buff0_used && y$r_buff0_thd4 || y$w_buff1_used && y$r_buff1_thd4 ? FALSE : y$r_buff1_thd4;
                                  ^
                   (                               )
safe019_power.oepc_false-unreach-call.c:295:71: warning: '&&' within '||' [-Wlogical-op-parentheses]
  y$r_buff1_thd4 = y$w_buff0_used && y$r_buff0_thd4 || y$w_buff1_used && y$r_buff1_thd4 ? FALSE : y$r_buff1_thd4;
                                                    ~~ ~~~~~~~~~~~~~~~^~~~~~~~~~~~~~~~~
safe019_power.oepc_false-unreach-call.c:295:71: note: place parentheses around the '&&' expression to silence this warning
  y$r_buff1_thd4 = y$w_buff0_used && y$r_buff0_thd4 || y$w_buff1_used && y$r_buff1_thd4 ? FALSE : y$r_buff1_thd4;
                                                                      ^
                                                       (                               )
safe019_power.oepc_false-unreach-call.c:300:10: warning: incompatible integer to pointer conversion returning 'int' from a function with result type 'void *' [-Wint-conversion]
  return nondet_1();
         ^~~~~~~~~~
safe019_power.oepc_false-unreach-call.c:328:38: warning: null passed to a callee which requires a non-null argument [-Wnonnull]
  pthread_create(NULL, NULL, P0, NULL);
                 ~~~~                ^
safe019_power.oepc_false-unreach-call.c:329:38: warning: null passed to a callee which requires a non-null argument [-Wnonnull]
  pthread_create(NULL, NULL, P1, NULL);
                 ~~~~                ^
safe019_power.oepc_false-unreach-call.c:330:38: warning: null passed to a callee which requires a non-null argument [-Wnonnull]
  pthread_create(NULL, NULL, P2, NULL);
                 ~~~~                ^
safe019_power.oepc_false-unreach-call.c:331:38: warning: null passed to a callee which requires a non-null argument [-Wnonnull]
  pthread_create(NULL, NULL, P3, NULL);
                 ~~~~                ^
safe019_power.oepc_false-unreach-call.c:339:35: warning: '&&' within '||' [-Wlogical-op-parentheses]
  y$w_buff1_used = y$w_buff0_used && y$r_buff0_thd0 || y$w_buff1_used && y$r_buff1_thd0 ? FALSE : y$w_buff1_used;
                   ~~~~~~~~~~~~~~~^~~~~~~~~~~~~~~~~ ~~
safe019_power.oepc_false-unreach-call.c:339:35: note: place parentheses around the '&&' expression to silence this warning
  y$w_buff1_used = y$w_buff0_used && y$r_buff0_thd0 || y$w_buff1_used && y$r_buff1_thd0 ? FALSE : y$w_buff1_used;
                                  ^
                   (                               )
safe019_power.oepc_false-unreach-call.c:339:71: warning: '&&' within '||' [-Wlogical-op-parentheses]
  y$w_buff1_used = y$w_buff0_used && y$r_buff0_thd0 || y$w_buff1_used && y$r_buff1_thd0 ? FALSE : y$w_buff1_used;
                                                    ~~ ~~~~~~~~~~~~~~~^~~~~~~~~~~~~~~~~
safe019_power.oepc_false-unreach-call.c:339:71: note: place parentheses around the '&&' expression to silence this warning
  y$w_buff1_used = y$w_buff0_used && y$r_buff0_thd0 || y$w_buff1_used && y$r_buff1_thd0 ? FALSE : y$w_buff1_used;
                                                                      ^
                                                       (                               )
safe019_power.oepc_false-unreach-call.c:341:35: warning: '&&' within '||' [-Wlogical-op-parentheses]
  y$r_buff1_thd0 = y$w_buff0_used && y$r_buff0_thd0 || y$w_buff1_used && y$r_buff1_thd0 ? FALSE : y$r_buff1_thd0;
                   ~~~~~~~~~~~~~~~^~~~~~~~~~~~~~~~~ ~~
safe019_power.oepc_false-unreach-call.c:341:35: note: place parentheses around the '&&' expression to silence this warning
  y$r_buff1_thd0 = y$w_buff0_used && y$r_buff0_thd0 || y$w_buff1_used && y$r_buff1_thd0 ? FALSE : y$r_buff1_thd0;
                                  ^
                   (                               )
safe019_power.oepc_false-unreach-call.c:341:71: warning: '&&' within '||' [-Wlogical-op-parentheses]
  y$r_buff1_thd0 = y$w_buff0_used && y$r_buff0_thd0 || y$w_buff1_used && y$r_buff1_thd0 ? FALSE : y$r_buff1_thd0;
                                                    ~~ ~~~~~~~~~~~~~~~^~~~~~~~~~~~~~~~~
safe019_power.oepc_false-unreach-call.c:341:71: note: place parentheses around the '&&' expression to silence this warning
  y$r_buff1_thd0 = y$w_buff0_used && y$r_buff0_thd0 || y$w_buff1_used && y$r_buff1_thd0 ? FALSE : y$r_buff1_thd0;
                                                                      ^
                                                       (                               )
safe019_power.oepc_false-unreach-call.c:358:42: warning: '&&' within '||' [-Wlogical-op-parentheses]
  y = !y$w_buff0_used || !y$r_buff0_thd0 && !y$w_buff1_used || !y$r_buff0_thd0 && !y$r_buff1_thd0 ? y : (y$w_buff0_used && y$r_buff0_thd0 ? y$w_buff0 : y$w_buff1);
                      ~~ ~~~~~~~~~~~~~~~~^~~~~~~~~~~~~~~~~~
safe019_power.oepc_false-unreach-call.c:358:42: note: place parentheses around the '&&' expression to silence this warning
  y = !y$w_buff0_used || !y$r_buff0_thd0 && !y$w_buff1_used || !y$r_buff0_thd0 && !y$r_buff1_thd0 ? y : (y$w_buff0_used && y$r_buff0_thd0 ? y$w_buff0 : y$w_buff1);
                                         ^
                         (                                 )
safe019_power.oepc_false-unreach-call.c:358:80: warning: '&&' within '||' [-Wlogical-op-parentheses]
  y = !y$w_buff0_used || !y$r_buff0_thd0 && !y$w_buff1_used || !y$r_buff0_thd0 && !y$r_buff1_thd0 ? y : (y$w_buff0_used && y$r_buff0_thd0 ? y$w_buff0 : y$w_buff1);
                                                            ~~ ~~~~~~~~~~~~~~~~^~~~~~~~~~~~~~~~~~
safe019_power.oepc_false-unreach-call.c:358:80: note: place parentheses around the '&&' expression to silence this warning
  y = !y$w_buff0_used || !y$r_buff0_thd0 && !y$w_buff1_used || !y$r_buff0_thd0 && !y$r_buff1_thd0 ? y : (y$w_buff0_used && y$r_buff0_thd0 ? y$w_buff0 : y$w_buff1);
                                                                               ^
                                                               (                                 )
safe019_power.oepc_false-unreach-call.c:361:79: warning: '&&' within '||' [-Wlogical-op-parentheses]
  y$w_buff0 = weak$$choice2 ? y$w_buff0 : (!y$w_buff0_used || !y$r_buff0_thd0 && !y$w_buff1_used || !y$r_buff0_thd0 && !y$r_buff1_thd0 ? y$w_buff0 : (y$w_buff0_used && y$r_buff0_thd0 ? y$w_buff0 : y$w_buff0));
                                                           ~~ ~~~~~~~~~~~~~~~~^~~~~~~~~~~~~~~~~~
safe019_power.oepc_false-unreach-call.c:361:79: note: place parentheses around the '&&' expression to silence this warning
  y$w_buff0 = weak$$choice2 ? y$w_buff0 : (!y$w_buff0_used || !y$r_buff0_thd0 && !y$w_buff1_used || !y$r_buff0_thd0 && !y$r_buff1_thd0 ? y$w_buff0 : (y$w_buff0_used && y$r_buff0_thd0 ? y$w_buff0 : y$w_buff0));
                                                                              ^
                                                              (                                 )
safe019_power.oepc_false-unreach-call.c:361:117: warning: '&&' within '||' [-Wlogical-op-parentheses]
  y$w_buff0 = weak$$choice2 ? y$w_buff0 : (!y$w_buff0_used || !y$r_buff0_thd0 && !y$w_buff1_used || !y$r_buff0_thd0 && !y$r_buff1_thd0 ? y$w_buff0 : (y$w_buff0_used && y$r_buff0_thd0 ? y$w_buff0 : y$w_buff0));
                                                                                                 ~~ ~~~~~~~~~~~~~~~~^~~~~~~~~~~~~~~~~~
safe019_power.oepc_false-unreach-call.c:361:117: note: place parentheses around the '&&' expression to silence this warning
  y$w_buff0 = weak$$choice2 ? y$w_buff0 : (!y$w_buff0_used || !y$r_buff0_thd0 && !y$w_buff1_used || !y$r_buff0_thd0 && !y$r_buff1_thd0 ? y$w_buff0 : (y$w_buff0_used && y$r_buff0_thd0 ? y$w_buff0 : y$w_buff0));
                                                                                                                    ^
                                                                                                    (                                 )
safe019_power.oepc_false-unreach-call.c:364:79: warning: '&&' within '||' [-Wlogical-op-parentheses]
  y$w_buff1 = weak$$choice2 ? y$w_buff1 : (!y$w_buff0_used || !y$r_buff0_thd0 && !y$w_buff1_used || !y$r_buff0_thd0 && !y$r_buff1_thd0 ? y$w_buff1 : (y$w_buff0_used && y$r_buff0_thd0 ? y$w_buff1 : y$w_buff1));
                                                           ~~ ~~~~~~~~~~~~~~~~^~~~~~~~~~~~~~~~~~
safe019_power.oepc_false-unreach-call.c:364:79: note: place parentheses around the '&&' expression to silence this warning
  y$w_buff1 = weak$$choice2 ? y$w_buff1 : (!y$w_buff0_used || !y$r_buff0_thd0 && !y$w_buff1_used || !y$r_buff0_thd0 && !y$r_buff1_thd0 ? y$w_buff1 : (y$w_buff0_used && y$r_buff0_thd0 ? y$w_buff1 : y$w_buff1));
                                                                              ^
                                                              (                                 )
safe019_power.oepc_false-unreach-call.c:364:117: warning: '&&' within '||' [-Wlogical-op-parentheses]
  y$w_buff1 = weak$$choice2 ? y$w_buff1 : (!y$w_buff0_used || !y$r_buff0_thd0 && !y$w_buff1_used || !y$r_buff0_thd0 && !y$r_buff1_thd0 ? y$w_buff1 : (y$w_buff0_used && y$r_buff0_thd0 ? y$w_buff1 : y$w_buff1));
                                                                                                 ~~ ~~~~~~~~~~~~~~~~^~~~~~~~~~~~~~~~~~
safe019_power.oepc_false-unreach-call.c:364:117: note: place parentheses around the '&&' expression to silence this warning
  y$w_buff1 = weak$$choice2 ? y$w_buff1 : (!y$w_buff0_used || !y$r_buff0_thd0 && !y$w_buff1_used || !y$r_buff0_thd0 && !y$r_buff1_thd0 ? y$w_buff1 : (y$w_buff0_used && y$r_buff0_thd0 ? y$w_buff1 : y$w_buff1));
                                                                                                                    ^
                                                                                                    (                                 )
safe019_power.oepc_false-unreach-call.c:367:89: warning: '&&' within '||' [-Wlogical-op-parentheses]
  y$w_buff0_used = weak$$choice2 ? y$w_buff0_used : (!y$w_buff0_used || !y$r_buff0_thd0 && !y$w_buff1_used || !y$r_buff0_thd0 && !y$r_buff1_thd0 ? y$w_buff0_used : (y$w_buff0_used && y$r_buff0_thd0 ? FALSE : y$w_buff0_used));
                                                                     ~~ ~~~~~~~~~~~~~~~~^~~~~~~~~~~~~~~~~~
safe019_power.oepc_false-unreach-call.c:367:89: note: place parentheses around the '&&' expression to silence this warning
  y$w_buff0_used = weak$$choice2 ? y$w_buff0_used : (!y$w_buff0_used || !y$r_buff0_thd0 && !y$w_buff1_used || !y$r_buff0_thd0 && !y$r_buff1_thd0 ? y$w_buff0_used : (y$w_buff0_used && y$r_buff0_thd0 ? FALSE : y$w_buff0_used));
                                                                                        ^
                                                                        (                                 )
safe019_power.oepc_false-unreach-call.c:367:127: warning: '&&' within '||' [-Wlogical-op-parentheses]
  y$w_buff0_used = weak$$choice2 ? y$w_buff0_used : (!y$w_buff0_used || !y$r_buff0_thd0 && !y$w_buff1_used || !y$r_buff0_thd0 && !y$r_buff1_thd0 ? y$w_buff0_used : (y$w_buff0_used && y$r_buff0_thd0 ? FALSE : y$w_buff0_used));
                                                                                                           ~~ ~~~~~~~~~~~~~~~~^~~~~~~~~~~~~~~~~~
safe019_power.oepc_false-unreach-call.c:367:127: note: place parentheses around the '&&' expression to silence this warning
  y$w_buff0_used = weak$$choice2 ? y$w_buff0_used : (!y$w_buff0_used || !y$r_buff0_thd0 && !y$w_buff1_used || !y$r_buff0_thd0 && !y$r_buff1_thd0 ? y$w_buff0_used : (y$w_buff0_used && y$r_buff0_thd0 ? FALSE : y$w_buff0_used));
                                                                                                                              ^
                                                                                                              (                                 )
safe019_power.oepc_false-unreach-call.c:370:89: warning: '&&' within '||' [-Wlogical-op-parentheses]
  y$w_buff1_used = weak$$choice2 ? y$w_buff1_used : (!y$w_buff0_used || !y$r_buff0_thd0 && !y$w_buff1_used || !y$r_buff0_thd0 && !y$r_buff1_thd0 ? y$w_buff1_used : (y$w_buff0_used && y$r_buff0_thd0 ? FALSE : FALSE));
                                                                     ~~ ~~~~~~~~~~~~~~~~^~~~~~~~~~~~~~~~~~
safe019_power.oepc_false-unreach-call.c:370:89: note: place parentheses around the '&&' expression to silence this warning
  y$w_buff1_used = weak$$choice2 ? y$w_buff1_used : (!y$w_buff0_used || !y$r_buff0_thd0 && !y$w_buff1_used || !y$r_buff0_thd0 && !y$r_buff1_thd0 ? y$w_buff1_used : (y$w_buff0_used && y$r_buff0_thd0 ? FALSE : FALSE));
                                                                                        ^
                                                                        (                                 )
safe019_power.oepc_false-unreach-call.c:370:127: warning: '&&' within '||' [-Wlogical-op-parentheses]
  y$w_buff1_used = weak$$choice2 ? y$w_buff1_used : (!y$w_buff0_used || !y$r_buff0_thd0 && !y$w_buff1_used || !y$r_buff0_thd0 && !y$r_buff1_thd0 ? y$w_buff1_used : (y$w_buff0_used && y$r_buff0_thd0 ? FALSE : FALSE));
                                                                                                           ~~ ~~~~~~~~~~~~~~~~^~~~~~~~~~~~~~~~~~
safe019_power.oepc_false-unreach-call.c:370:127: note: place parentheses around the '&&' expression to silence this warning
  y$w_buff1_used = weak$$choice2 ? y$w_buff1_used : (!y$w_buff0_used || !y$r_buff0_thd0 && !y$w_buff1_used || !y$r_buff0_thd0 && !y$r_buff1_thd0 ? y$w_buff1_used : (y$w_buff0_used && y$r_buff0_thd0 ? FALSE : FALSE));
                                                                                                                              ^
                                                                                                              (                                 )
safe019_power.oepc_false-unreach-call.c:373:89: warning: '&&' within '||' [-Wlogical-op-parentheses]
  y$r_buff0_thd0 = weak$$choice2 ? y$r_buff0_thd0 : (!y$w_buff0_used || !y$r_buff0_thd0 && !y$w_buff1_used || !y$r_buff0_thd0 && !y$r_buff1_thd0 ? y$r_buff0_thd0 : (y$w_buff0_used && y$r_buff0_thd0 ? FALSE : y$r_buff0_thd0));
                                                                     ~~ ~~~~~~~~~~~~~~~~^~~~~~~~~~~~~~~~~~
safe019_power.oepc_false-unreach-call.c:373:89: note: place parentheses around the '&&' expression to silence this warning
  y$r_buff0_thd0 = weak$$choice2 ? y$r_buff0_thd0 : (!y$w_buff0_used || !y$r_buff0_thd0 && !y$w_buff1_used || !y$r_buff0_thd0 && !y$r_buff1_thd0 ? y$r_buff0_thd0 : (y$w_buff0_used && y$r_buff0_thd0 ? FALSE : y$r_buff0_thd0));
                                                                                        ^
                                                                        (                                 )
safe019_power.oepc_false-unreach-call.c:373:127: warning: '&&' within '||' [-Wlogical-op-parentheses]
  y$r_buff0_thd0 = weak$$choice2 ? y$r_buff0_thd0 : (!y$w_buff0_used || !y$r_buff0_thd0 && !y$w_buff1_used || !y$r_buff0_thd0 && !y$r_buff1_thd0 ? y$r_buff0_thd0 : (y$w_buff0_used && y$r_buff0_thd0 ? FALSE : y$r_buff0_thd0));
                                                                                                           ~~ ~~~~~~~~~~~~~~~~^~~~~~~~~~~~~~~~~~
safe019_power.oepc_false-unreach-call.c:373:127: note: place parentheses around the '&&' expression to silence this warning
  y$r_buff0_thd0 = weak$$choice2 ? y$r_buff0_thd0 : (!y$w_buff0_used || !y$r_buff0_thd0 && !y$w_buff1_used || !y$r_buff0_thd0 && !y$r_buff1_thd0 ? y$r_buff0_thd0 : (y$w_buff0_used && y$r_buff0_thd0 ? FALSE : y$r_buff0_thd0));
                                                                                                                              ^
                                                                                                              (                                 )
safe019_power.oepc_false-unreach-call.c:376:89: warning: '&&' within '||' [-Wlogical-op-parentheses]
  y$r_buff1_thd0 = weak$$choice2 ? y$r_buff1_thd0 : (!y$w_buff0_used || !y$r_buff0_thd0 && !y$w_buff1_used || !y$r_buff0_thd0 && !y$r_buff1_thd0 ? y$r_buff1_thd0 : (y$w_buff0_used && y$r_buff0_thd0 ? FALSE : FALSE));
                                                                     ~~ ~~~~~~~~~~~~~~~~^~~~~~~~~~~~~~~~~~
safe019_power.oepc_false-unreach-call.c:376:89: note: place parentheses around the '&&' expression to silence this warning
  y$r_buff1_thd0 = weak$$choice2 ? y$r_buff1_thd0 : (!y$w_buff0_used || !y$r_buff0_thd0 && !y$w_buff1_used || !y$r_buff0_thd0 && !y$r_buff1_thd0 ? y$r_buff1_thd0 : (y$w_buff0_used && y$r_buff0_thd0 ? FALSE : FALSE));
                                                                                        ^
                                                                        (                                 )
safe019_power.oepc_false-unreach-call.c:376:127: warning: '&&' within '||' [-Wlogical-op-parentheses]
  y$r_buff1_thd0 = weak$$choice2 ? y$r_buff1_thd0 : (!y$w_buff0_used || !y$r_buff0_thd0 && !y$w_buff1_used || !y$r_buff0_thd0 && !y$r_buff1_thd0 ? y$r_buff1_thd0 : (y$w_buff0_used && y$r_buff0_thd0 ? FALSE : FALSE));
                                                                                                           ~~ ~~~~~~~~~~~~~~~~^~~~~~~~~~~~~~~~~~
safe019_power.oepc_false-unreach-call.c:376:127: note: place parentheses around the '&&' expression to silence this warning
  y$r_buff1_thd0 = weak$$choice2 ? y$r_buff1_thd0 : (!y$w_buff0_used || !y$r_buff0_thd0 && !y$w_buff1_used || !y$r_buff0_thd0 && !y$r_buff1_thd0 ? y$r_buff1_thd0 : (y$w_buff0_used && y$r_buff0_thd0 ? FALSE : FALSE));
                                                                                                                              ^
                                                                                                              (                                 )
37 warnings generated.
