safe008_power.oepc_false-unreach-call.c:4:34: warning: implicit declaration of function '__VERIFIER_assume' is invalid in C99 [-Wimplicit-function-declaration]
void __VERIFIER_atomic_begin() { __VERIFIER_assume(__global_lock==0); __global_lock=1; return; }
                                 ^
safe008_power.oepc_false-unreach-call.c:167:35: warning: '&&' within '||' [-Wlogical-op-parentheses]
  z$w_buff1_used = z$w_buff0_used && z$r_buff0_thd1 || z$w_buff1_used && z$r_buff1_thd1 ? FALSE : z$w_buff1_used;
                   ~~~~~~~~~~~~~~~^~~~~~~~~~~~~~~~~ ~~
safe008_power.oepc_false-unreach-call.c:167:35: note: place parentheses around the '&&' expression to silence this warning
  z$w_buff1_used = z$w_buff0_used && z$r_buff0_thd1 || z$w_buff1_used && z$r_buff1_thd1 ? FALSE : z$w_buff1_used;
                                  ^
                   (                               )
safe008_power.oepc_false-unreach-call.c:167:71: warning: '&&' within '||' [-Wlogical-op-parentheses]
  z$w_buff1_used = z$w_buff0_used && z$r_buff0_thd1 || z$w_buff1_used && z$r_buff1_thd1 ? FALSE : z$w_buff1_used;
                                                    ~~ ~~~~~~~~~~~~~~~^~~~~~~~~~~~~~~~~
safe008_power.oepc_false-unreach-call.c:167:71: note: place parentheses around the '&&' expression to silence this warning
  z$w_buff1_used = z$w_buff0_used && z$r_buff0_thd1 || z$w_buff1_used && z$r_buff1_thd1 ? FALSE : z$w_buff1_used;
                                                                      ^
                                                       (                               )
safe008_power.oepc_false-unreach-call.c:169:35: warning: '&&' within '||' [-Wlogical-op-parentheses]
  z$r_buff1_thd1 = z$w_buff0_used && z$r_buff0_thd1 || z$w_buff1_used && z$r_buff1_thd1 ? FALSE : z$r_buff1_thd1;
                   ~~~~~~~~~~~~~~~^~~~~~~~~~~~~~~~~ ~~
safe008_power.oepc_false-unreach-call.c:169:35: note: place parentheses around the '&&' expression to silence this warning
  z$r_buff1_thd1 = z$w_buff0_used && z$r_buff0_thd1 || z$w_buff1_used && z$r_buff1_thd1 ? FALSE : z$r_buff1_thd1;
                                  ^
                   (                               )
safe008_power.oepc_false-unreach-call.c:169:71: warning: '&&' within '||' [-Wlogical-op-parentheses]
  z$r_buff1_thd1 = z$w_buff0_used && z$r_buff0_thd1 || z$w_buff1_used && z$r_buff1_thd1 ? FALSE : z$r_buff1_thd1;
                                                    ~~ ~~~~~~~~~~~~~~~^~~~~~~~~~~~~~~~~
safe008_power.oepc_false-unreach-call.c:169:71: note: place parentheses around the '&&' expression to silence this warning
  z$r_buff1_thd1 = z$w_buff0_used && z$r_buff0_thd1 || z$w_buff1_used && z$r_buff1_thd1 ? FALSE : z$r_buff1_thd1;
                                                                      ^
                                                       (                               )
safe008_power.oepc_false-unreach-call.c:174:10: warning: implicit declaration of function 'nondet_0' is invalid in C99 [-Wimplicit-function-declaration]
  return nondet_0();
         ^
safe008_power.oepc_false-unreach-call.c:174:10: warning: incompatible integer to pointer conversion returning 'int' from a function with result type 'void *' [-Wint-conversion]
  return nondet_0();
         ^~~~~~~~~~
safe008_power.oepc_false-unreach-call.c:190:35: warning: '&&' within '||' [-Wlogical-op-parentheses]
  z$w_buff1_used = z$w_buff0_used && z$r_buff0_thd2 || z$w_buff1_used && z$r_buff1_thd2 ? FALSE : z$w_buff1_used;
                   ~~~~~~~~~~~~~~~^~~~~~~~~~~~~~~~~ ~~
safe008_power.oepc_false-unreach-call.c:190:35: note: place parentheses around the '&&' expression to silence this warning
  z$w_buff1_used = z$w_buff0_used && z$r_buff0_thd2 || z$w_buff1_used && z$r_buff1_thd2 ? FALSE : z$w_buff1_used;
                                  ^
                   (                               )
safe008_power.oepc_false-unreach-call.c:190:71: warning: '&&' within '||' [-Wlogical-op-parentheses]
  z$w_buff1_used = z$w_buff0_used && z$r_buff0_thd2 || z$w_buff1_used && z$r_buff1_thd2 ? FALSE : z$w_buff1_used;
                                                    ~~ ~~~~~~~~~~~~~~~^~~~~~~~~~~~~~~~~
safe008_power.oepc_false-unreach-call.c:190:71: note: place parentheses around the '&&' expression to silence this warning
  z$w_buff1_used = z$w_buff0_used && z$r_buff0_thd2 || z$w_buff1_used && z$r_buff1_thd2 ? FALSE : z$w_buff1_used;
                                                                      ^
                                                       (                               )
safe008_power.oepc_false-unreach-call.c:192:35: warning: '&&' within '||' [-Wlogical-op-parentheses]
  z$r_buff1_thd2 = z$w_buff0_used && z$r_buff0_thd2 || z$w_buff1_used && z$r_buff1_thd2 ? FALSE : z$r_buff1_thd2;
                   ~~~~~~~~~~~~~~~^~~~~~~~~~~~~~~~~ ~~
safe008_power.oepc_false-unreach-call.c:192:35: note: place parentheses around the '&&' expression to silence this warning
  z$r_buff1_thd2 = z$w_buff0_used && z$r_buff0_thd2 || z$w_buff1_used && z$r_buff1_thd2 ? FALSE : z$r_buff1_thd2;
                                  ^
                   (                               )
safe008_power.oepc_false-unreach-call.c:192:71: warning: '&&' within '||' [-Wlogical-op-parentheses]
  z$r_buff1_thd2 = z$w_buff0_used && z$r_buff0_thd2 || z$w_buff1_used && z$r_buff1_thd2 ? FALSE : z$r_buff1_thd2;
                                                    ~~ ~~~~~~~~~~~~~~~^~~~~~~~~~~~~~~~~
safe008_power.oepc_false-unreach-call.c:192:71: note: place parentheses around the '&&' expression to silence this warning
  z$r_buff1_thd2 = z$w_buff0_used && z$r_buff0_thd2 || z$w_buff1_used && z$r_buff1_thd2 ? FALSE : z$r_buff1_thd2;
                                                                      ^
                                                       (                               )
safe008_power.oepc_false-unreach-call.c:197:10: warning: incompatible integer to pointer conversion returning 'int' from a function with result type 'void *' [-Wint-conversion]
  return nondet_0();
         ^~~~~~~~~~
safe008_power.oepc_false-unreach-call.c:213:35: warning: '&&' within '||' [-Wlogical-op-parentheses]
  z$w_buff1_used = z$w_buff0_used && z$r_buff0_thd3 || z$w_buff1_used && z$r_buff1_thd3 ? FALSE : z$w_buff1_used;
                   ~~~~~~~~~~~~~~~^~~~~~~~~~~~~~~~~ ~~
safe008_power.oepc_false-unreach-call.c:213:35: note: place parentheses around the '&&' expression to silence this warning
  z$w_buff1_used = z$w_buff0_used && z$r_buff0_thd3 || z$w_buff1_used && z$r_buff1_thd3 ? FALSE : z$w_buff1_used;
                                  ^
                   (                               )
safe008_power.oepc_false-unreach-call.c:213:71: warning: '&&' within '||' [-Wlogical-op-parentheses]
  z$w_buff1_used = z$w_buff0_used && z$r_buff0_thd3 || z$w_buff1_used && z$r_buff1_thd3 ? FALSE : z$w_buff1_used;
                                                    ~~ ~~~~~~~~~~~~~~~^~~~~~~~~~~~~~~~~
safe008_power.oepc_false-unreach-call.c:213:71: note: place parentheses around the '&&' expression to silence this warning
  z$w_buff1_used = z$w_buff0_used && z$r_buff0_thd3 || z$w_buff1_used && z$r_buff1_thd3 ? FALSE : z$w_buff1_used;
                                                                      ^
                                                       (                               )
safe008_power.oepc_false-unreach-call.c:215:35: warning: '&&' within '||' [-Wlogical-op-parentheses]
  z$r_buff1_thd3 = z$w_buff0_used && z$r_buff0_thd3 || z$w_buff1_used && z$r_buff1_thd3 ? FALSE : z$r_buff1_thd3;
                   ~~~~~~~~~~~~~~~^~~~~~~~~~~~~~~~~ ~~
safe008_power.oepc_false-unreach-call.c:215:35: note: place parentheses around the '&&' expression to silence this warning
  z$r_buff1_thd3 = z$w_buff0_used && z$r_buff0_thd3 || z$w_buff1_used && z$r_buff1_thd3 ? FALSE : z$r_buff1_thd3;
                                  ^
                   (                               )
safe008_power.oepc_false-unreach-call.c:215:71: warning: '&&' within '||' [-Wlogical-op-parentheses]
  z$r_buff1_thd3 = z$w_buff0_used && z$r_buff0_thd3 || z$w_buff1_used && z$r_buff1_thd3 ? FALSE : z$r_buff1_thd3;
                                                    ~~ ~~~~~~~~~~~~~~~^~~~~~~~~~~~~~~~~
safe008_power.oepc_false-unreach-call.c:215:71: note: place parentheses around the '&&' expression to silence this warning
  z$r_buff1_thd3 = z$w_buff0_used && z$r_buff0_thd3 || z$w_buff1_used && z$r_buff1_thd3 ? FALSE : z$r_buff1_thd3;
                                                                      ^
                                                       (                               )
safe008_power.oepc_false-unreach-call.c:220:10: warning: incompatible integer to pointer conversion returning 'int' from a function with result type 'void *' [-Wint-conversion]
  return nondet_0();
         ^~~~~~~~~~
safe008_power.oepc_false-unreach-call.c:248:38: warning: null passed to a callee which requires a non-null argument [-Wnonnull]
  pthread_create(NULL, NULL, P0, NULL);
                 ~~~~                ^
safe008_power.oepc_false-unreach-call.c:249:38: warning: null passed to a callee which requires a non-null argument [-Wnonnull]
  pthread_create(NULL, NULL, P1, NULL);
                 ~~~~                ^
safe008_power.oepc_false-unreach-call.c:250:38: warning: null passed to a callee which requires a non-null argument [-Wnonnull]
  pthread_create(NULL, NULL, P2, NULL);
                 ~~~~                ^
safe008_power.oepc_false-unreach-call.c:258:35: warning: '&&' within '||' [-Wlogical-op-parentheses]
  z$w_buff1_used = z$w_buff0_used && z$r_buff0_thd0 || z$w_buff1_used && z$r_buff1_thd0 ? FALSE : z$w_buff1_used;
                   ~~~~~~~~~~~~~~~^~~~~~~~~~~~~~~~~ ~~
safe008_power.oepc_false-unreach-call.c:258:35: note: place parentheses around the '&&' expression to silence this warning
  z$w_buff1_used = z$w_buff0_used && z$r_buff0_thd0 || z$w_buff1_used && z$r_buff1_thd0 ? FALSE : z$w_buff1_used;
                                  ^
                   (                               )
safe008_power.oepc_false-unreach-call.c:258:71: warning: '&&' within '||' [-Wlogical-op-parentheses]
  z$w_buff1_used = z$w_buff0_used && z$r_buff0_thd0 || z$w_buff1_used && z$r_buff1_thd0 ? FALSE : z$w_buff1_used;
                                                    ~~ ~~~~~~~~~~~~~~~^~~~~~~~~~~~~~~~~
safe008_power.oepc_false-unreach-call.c:258:71: note: place parentheses around the '&&' expression to silence this warning
  z$w_buff1_used = z$w_buff0_used && z$r_buff0_thd0 || z$w_buff1_used && z$r_buff1_thd0 ? FALSE : z$w_buff1_used;
                                                                      ^
                                                       (                               )
safe008_power.oepc_false-unreach-call.c:260:35: warning: '&&' within '||' [-Wlogical-op-parentheses]
  z$r_buff1_thd0 = z$w_buff0_used && z$r_buff0_thd0 || z$w_buff1_used && z$r_buff1_thd0 ? FALSE : z$r_buff1_thd0;
                   ~~~~~~~~~~~~~~~^~~~~~~~~~~~~~~~~ ~~
safe008_power.oepc_false-unreach-call.c:260:35: note: place parentheses around the '&&' expression to silence this warning
  z$r_buff1_thd0 = z$w_buff0_used && z$r_buff0_thd0 || z$w_buff1_used && z$r_buff1_thd0 ? FALSE : z$r_buff1_thd0;
                                  ^
                   (                               )
safe008_power.oepc_false-unreach-call.c:260:71: warning: '&&' within '||' [-Wlogical-op-parentheses]
  z$r_buff1_thd0 = z$w_buff0_used && z$r_buff0_thd0 || z$w_buff1_used && z$r_buff1_thd0 ? FALSE : z$r_buff1_thd0;
                                                    ~~ ~~~~~~~~~~~~~~~^~~~~~~~~~~~~~~~~
safe008_power.oepc_false-unreach-call.c:260:71: note: place parentheses around the '&&' expression to silence this warning
  z$r_buff1_thd0 = z$w_buff0_used && z$r_buff0_thd0 || z$w_buff1_used && z$r_buff1_thd0 ? FALSE : z$r_buff1_thd0;
                                                                      ^
                                                       (                               )
safe008_power.oepc_false-unreach-call.c:265:19: warning: implicit declaration of function 'nondet_1' is invalid in C99 [-Wimplicit-function-declaration]
  weak$$choice0 = nondet_1();
                  ^
safe008_power.oepc_false-unreach-call.c:277:42: warning: '&&' within '||' [-Wlogical-op-parentheses]
  z = !z$w_buff0_used || !z$r_buff0_thd0 && !z$w_buff1_used || !z$r_buff0_thd0 && !z$r_buff1_thd0 ? z : (z$w_buff0_used && z$r_buff0_thd0 ? z$w_buff0 : z$w_buff1);
                      ~~ ~~~~~~~~~~~~~~~~^~~~~~~~~~~~~~~~~~
safe008_power.oepc_false-unreach-call.c:277:42: note: place parentheses around the '&&' expression to silence this warning
  z = !z$w_buff0_used || !z$r_buff0_thd0 && !z$w_buff1_used || !z$r_buff0_thd0 && !z$r_buff1_thd0 ? z : (z$w_buff0_used && z$r_buff0_thd0 ? z$w_buff0 : z$w_buff1);
                                         ^
                         (                                 )
safe008_power.oepc_false-unreach-call.c:277:80: warning: '&&' within '||' [-Wlogical-op-parentheses]
  z = !z$w_buff0_used || !z$r_buff0_thd0 && !z$w_buff1_used || !z$r_buff0_thd0 && !z$r_buff1_thd0 ? z : (z$w_buff0_used && z$r_buff0_thd0 ? z$w_buff0 : z$w_buff1);
                                                            ~~ ~~~~~~~~~~~~~~~~^~~~~~~~~~~~~~~~~~
safe008_power.oepc_false-unreach-call.c:277:80: note: place parentheses around the '&&' expression to silence this warning
  z = !z$w_buff0_used || !z$r_buff0_thd0 && !z$w_buff1_used || !z$r_buff0_thd0 && !z$r_buff1_thd0 ? z : (z$w_buff0_used && z$r_buff0_thd0 ? z$w_buff0 : z$w_buff1);
                                                                               ^
                                                               (                                 )
safe008_power.oepc_false-unreach-call.c:280:79: warning: '&&' within '||' [-Wlogical-op-parentheses]
  z$w_buff0 = weak$$choice2 ? z$w_buff0 : (!z$w_buff0_used || !z$r_buff0_thd0 && !z$w_buff1_used || !z$r_buff0_thd0 && !z$r_buff1_thd0 ? z$w_buff0 : (z$w_buff0_used && z$r_buff0_thd0 ? z$w_buff0 : z$w_buff0));
                                                           ~~ ~~~~~~~~~~~~~~~~^~~~~~~~~~~~~~~~~~
safe008_power.oepc_false-unreach-call.c:280:79: note: place parentheses around the '&&' expression to silence this warning
  z$w_buff0 = weak$$choice2 ? z$w_buff0 : (!z$w_buff0_used || !z$r_buff0_thd0 && !z$w_buff1_used || !z$r_buff0_thd0 && !z$r_buff1_thd0 ? z$w_buff0 : (z$w_buff0_used && z$r_buff0_thd0 ? z$w_buff0 : z$w_buff0));
                                                                              ^
                                                              (                                 )
safe008_power.oepc_false-unreach-call.c:280:117: warning: '&&' within '||' [-Wlogical-op-parentheses]
  z$w_buff0 = weak$$choice2 ? z$w_buff0 : (!z$w_buff0_used || !z$r_buff0_thd0 && !z$w_buff1_used || !z$r_buff0_thd0 && !z$r_buff1_thd0 ? z$w_buff0 : (z$w_buff0_used && z$r_buff0_thd0 ? z$w_buff0 : z$w_buff0));
                                                                                                 ~~ ~~~~~~~~~~~~~~~~^~~~~~~~~~~~~~~~~~
safe008_power.oepc_false-unreach-call.c:280:117: note: place parentheses around the '&&' expression to silence this warning
  z$w_buff0 = weak$$choice2 ? z$w_buff0 : (!z$w_buff0_used || !z$r_buff0_thd0 && !z$w_buff1_used || !z$r_buff0_thd0 && !z$r_buff1_thd0 ? z$w_buff0 : (z$w_buff0_used && z$r_buff0_thd0 ? z$w_buff0 : z$w_buff0));
                                                                                                                    ^
                                                                                                    (                                 )
safe008_power.oepc_false-unreach-call.c:283:79: warning: '&&' within '||' [-Wlogical-op-parentheses]
  z$w_buff1 = weak$$choice2 ? z$w_buff1 : (!z$w_buff0_used || !z$r_buff0_thd0 && !z$w_buff1_used || !z$r_buff0_thd0 && !z$r_buff1_thd0 ? z$w_buff1 : (z$w_buff0_used && z$r_buff0_thd0 ? z$w_buff1 : z$w_buff1));
                                                           ~~ ~~~~~~~~~~~~~~~~^~~~~~~~~~~~~~~~~~
safe008_power.oepc_false-unreach-call.c:283:79: note: place parentheses around the '&&' expression to silence this warning
  z$w_buff1 = weak$$choice2 ? z$w_buff1 : (!z$w_buff0_used || !z$r_buff0_thd0 && !z$w_buff1_used || !z$r_buff0_thd0 && !z$r_buff1_thd0 ? z$w_buff1 : (z$w_buff0_used && z$r_buff0_thd0 ? z$w_buff1 : z$w_buff1));
                                                                              ^
                                                              (                                 )
safe008_power.oepc_false-unreach-call.c:283:117: warning: '&&' within '||' [-Wlogical-op-parentheses]
  z$w_buff1 = weak$$choice2 ? z$w_buff1 : (!z$w_buff0_used || !z$r_buff0_thd0 && !z$w_buff1_used || !z$r_buff0_thd0 && !z$r_buff1_thd0 ? z$w_buff1 : (z$w_buff0_used && z$r_buff0_thd0 ? z$w_buff1 : z$w_buff1));
                                                                                                 ~~ ~~~~~~~~~~~~~~~~^~~~~~~~~~~~~~~~~~
safe008_power.oepc_false-unreach-call.c:283:117: note: place parentheses around the '&&' expression to silence this warning
  z$w_buff1 = weak$$choice2 ? z$w_buff1 : (!z$w_buff0_used || !z$r_buff0_thd0 && !z$w_buff1_used || !z$r_buff0_thd0 && !z$r_buff1_thd0 ? z$w_buff1 : (z$w_buff0_used && z$r_buff0_thd0 ? z$w_buff1 : z$w_buff1));
                                                                                                                    ^
                                                                                                    (                                 )
safe008_power.oepc_false-unreach-call.c:286:89: warning: '&&' within '||' [-Wlogical-op-parentheses]
  z$w_buff0_used = weak$$choice2 ? z$w_buff0_used : (!z$w_buff0_used || !z$r_buff0_thd0 && !z$w_buff1_used || !z$r_buff0_thd0 && !z$r_buff1_thd0 ? z$w_buff0_used : (z$w_buff0_used && z$r_buff0_thd0 ? FALSE : z$w_buff0_used));
                                                                     ~~ ~~~~~~~~~~~~~~~~^~~~~~~~~~~~~~~~~~
safe008_power.oepc_false-unreach-call.c:286:89: note: place parentheses around the '&&' expression to silence this warning
  z$w_buff0_used = weak$$choice2 ? z$w_buff0_used : (!z$w_buff0_used || !z$r_buff0_thd0 && !z$w_buff1_used || !z$r_buff0_thd0 && !z$r_buff1_thd0 ? z$w_buff0_used : (z$w_buff0_used && z$r_buff0_thd0 ? FALSE : z$w_buff0_used));
                                                                                        ^
                                                                        (                                 )
safe008_power.oepc_false-unreach-call.c:286:127: warning: '&&' within '||' [-Wlogical-op-parentheses]
  z$w_buff0_used = weak$$choice2 ? z$w_buff0_used : (!z$w_buff0_used || !z$r_buff0_thd0 && !z$w_buff1_used || !z$r_buff0_thd0 && !z$r_buff1_thd0 ? z$w_buff0_used : (z$w_buff0_used && z$r_buff0_thd0 ? FALSE : z$w_buff0_used));
                                                                                                           ~~ ~~~~~~~~~~~~~~~~^~~~~~~~~~~~~~~~~~
safe008_power.oepc_false-unreach-call.c:286:127: note: place parentheses around the '&&' expression to silence this warning
  z$w_buff0_used = weak$$choice2 ? z$w_buff0_used : (!z$w_buff0_used || !z$r_buff0_thd0 && !z$w_buff1_used || !z$r_buff0_thd0 && !z$r_buff1_thd0 ? z$w_buff0_used : (z$w_buff0_used && z$r_buff0_thd0 ? FALSE : z$w_buff0_used));
                                                                                                                              ^
                                                                                                              (                                 )
safe008_power.oepc_false-unreach-call.c:289:89: warning: '&&' within '||' [-Wlogical-op-parentheses]
  z$w_buff1_used = weak$$choice2 ? z$w_buff1_used : (!z$w_buff0_used || !z$r_buff0_thd0 && !z$w_buff1_used || !z$r_buff0_thd0 && !z$r_buff1_thd0 ? z$w_buff1_used : (z$w_buff0_used && z$r_buff0_thd0 ? FALSE : FALSE));
                                                                     ~~ ~~~~~~~~~~~~~~~~^~~~~~~~~~~~~~~~~~
safe008_power.oepc_false-unreach-call.c:289:89: note: place parentheses around the '&&' expression to silence this warning
  z$w_buff1_used = weak$$choice2 ? z$w_buff1_used : (!z$w_buff0_used || !z$r_buff0_thd0 && !z$w_buff1_used || !z$r_buff0_thd0 && !z$r_buff1_thd0 ? z$w_buff1_used : (z$w_buff0_used && z$r_buff0_thd0 ? FALSE : FALSE));
                                                                                        ^
                                                                        (                                 )
safe008_power.oepc_false-unreach-call.c:289:127: warning: '&&' within '||' [-Wlogical-op-parentheses]
  z$w_buff1_used = weak$$choice2 ? z$w_buff1_used : (!z$w_buff0_used || !z$r_buff0_thd0 && !z$w_buff1_used || !z$r_buff0_thd0 && !z$r_buff1_thd0 ? z$w_buff1_used : (z$w_buff0_used && z$r_buff0_thd0 ? FALSE : FALSE));
                                                                                                           ~~ ~~~~~~~~~~~~~~~~^~~~~~~~~~~~~~~~~~
safe008_power.oepc_false-unreach-call.c:289:127: note: place parentheses around the '&&' expression to silence this warning
  z$w_buff1_used = weak$$choice2 ? z$w_buff1_used : (!z$w_buff0_used || !z$r_buff0_thd0 && !z$w_buff1_used || !z$r_buff0_thd0 && !z$r_buff1_thd0 ? z$w_buff1_used : (z$w_buff0_used && z$r_buff0_thd0 ? FALSE : FALSE));
                                                                                                                              ^
                                                                                                              (                                 )
safe008_power.oepc_false-unreach-call.c:292:89: warning: '&&' within '||' [-Wlogical-op-parentheses]
  z$r_buff0_thd0 = weak$$choice2 ? z$r_buff0_thd0 : (!z$w_buff0_used || !z$r_buff0_thd0 && !z$w_buff1_used || !z$r_buff0_thd0 && !z$r_buff1_thd0 ? z$r_buff0_thd0 : (z$w_buff0_used && z$r_buff0_thd0 ? FALSE : z$r_buff0_thd0));
                                                                     ~~ ~~~~~~~~~~~~~~~~^~~~~~~~~~~~~~~~~~
safe008_power.oepc_false-unreach-call.c:292:89: note: place parentheses around the '&&' expression to silence this warning
  z$r_buff0_thd0 = weak$$choice2 ? z$r_buff0_thd0 : (!z$w_buff0_used || !z$r_buff0_thd0 && !z$w_buff1_used || !z$r_buff0_thd0 && !z$r_buff1_thd0 ? z$r_buff0_thd0 : (z$w_buff0_used && z$r_buff0_thd0 ? FALSE : z$r_buff0_thd0));
                                                                                        ^
                                                                        (                                 )
safe008_power.oepc_false-unreach-call.c:292:127: warning: '&&' within '||' [-Wlogical-op-parentheses]
  z$r_buff0_thd0 = weak$$choice2 ? z$r_buff0_thd0 : (!z$w_buff0_used || !z$r_buff0_thd0 && !z$w_buff1_used || !z$r_buff0_thd0 && !z$r_buff1_thd0 ? z$r_buff0_thd0 : (z$w_buff0_used && z$r_buff0_thd0 ? FALSE : z$r_buff0_thd0));
                                                                                                           ~~ ~~~~~~~~~~~~~~~~^~~~~~~~~~~~~~~~~~
safe008_power.oepc_false-unreach-call.c:292:127: note: place parentheses around the '&&' expression to silence this warning
  z$r_buff0_thd0 = weak$$choice2 ? z$r_buff0_thd0 : (!z$w_buff0_used || !z$r_buff0_thd0 && !z$w_buff1_used || !z$r_buff0_thd0 && !z$r_buff1_thd0 ? z$r_buff0_thd0 : (z$w_buff0_used && z$r_buff0_thd0 ? FALSE : z$r_buff0_thd0));
                                                                                                                              ^
                                                                                                              (                                 )
safe008_power.oepc_false-unreach-call.c:295:89: warning: '&&' within '||' [-Wlogical-op-parentheses]
  z$r_buff1_thd0 = weak$$choice2 ? z$r_buff1_thd0 : (!z$w_buff0_used || !z$r_buff0_thd0 && !z$w_buff1_used || !z$r_buff0_thd0 && !z$r_buff1_thd0 ? z$r_buff1_thd0 : (z$w_buff0_used && z$r_buff0_thd0 ? FALSE : FALSE));
                                                                     ~~ ~~~~~~~~~~~~~~~~^~~~~~~~~~~~~~~~~~
safe008_power.oepc_false-unreach-call.c:295:89: note: place parentheses around the '&&' expression to silence this warning
  z$r_buff1_thd0 = weak$$choice2 ? z$r_buff1_thd0 : (!z$w_buff0_used || !z$r_buff0_thd0 && !z$w_buff1_used || !z$r_buff0_thd0 && !z$r_buff1_thd0 ? z$r_buff1_thd0 : (z$w_buff0_used && z$r_buff0_thd0 ? FALSE : FALSE));
                                                                                        ^
                                                                        (                                 )
safe008_power.oepc_false-unreach-call.c:295:127: warning: '&&' within '||' [-Wlogical-op-parentheses]
  z$r_buff1_thd0 = weak$$choice2 ? z$r_buff1_thd0 : (!z$w_buff0_used || !z$r_buff0_thd0 && !z$w_buff1_used || !z$r_buff0_thd0 && !z$r_buff1_thd0 ? z$r_buff1_thd0 : (z$w_buff0_used && z$r_buff0_thd0 ? FALSE : FALSE));
                                                                                                           ~~ ~~~~~~~~~~~~~~~~^~~~~~~~~~~~~~~~~~
safe008_power.oepc_false-unreach-call.c:295:127: note: place parentheses around the '&&' expression to silence this warning
  z$r_buff1_thd0 = weak$$choice2 ? z$r_buff1_thd0 : (!z$w_buff0_used || !z$r_buff0_thd0 && !z$w_buff1_used || !z$r_buff0_thd0 && !z$r_buff1_thd0 ? z$r_buff1_thd0 : (z$w_buff0_used && z$r_buff0_thd0 ? FALSE : FALSE));
                                                                                                                              ^
                                                                                                              (                                 )
39 warnings generated.
