safe025_power.opt_false-unreach-call.c:4:34: warning: implicit declaration of function '__VERIFIER_assume' is invalid in C99 [-Wimplicit-function-declaration]
void __VERIFIER_atomic_begin() { __VERIFIER_assume(__global_lock==0); __global_lock=1; return; }
                                 ^
safe025_power.opt_false-unreach-call.c:206:19: warning: implicit declaration of function 'nondet_0' is invalid in C99 [-Wimplicit-function-declaration]
  weak$$choice0 = nondet_0();
                  ^
safe025_power.opt_false-unreach-call.c:210:42: warning: '&&' within '||' [-Wlogical-op-parentheses]
  x = !x$w_buff0_used || !x$r_buff0_thd1 && !x$w_buff1_used || !x$r_buff0_thd1 && !x$r_buff1_thd1 ? x : (x$w_buff0_used && x$r_buff0_thd1 ? x$w_buff0 : x$w_buff1);
                      ~~ ~~~~~~~~~~~~~~~~^~~~~~~~~~~~~~~~~~
safe025_power.opt_false-unreach-call.c:210:42: note: place parentheses around the '&&' expression to silence this warning
  x = !x$w_buff0_used || !x$r_buff0_thd1 && !x$w_buff1_used || !x$r_buff0_thd1 && !x$r_buff1_thd1 ? x : (x$w_buff0_used && x$r_buff0_thd1 ? x$w_buff0 : x$w_buff1);
                                         ^
                         (                                 )
safe025_power.opt_false-unreach-call.c:210:80: warning: '&&' within '||' [-Wlogical-op-parentheses]
  x = !x$w_buff0_used || !x$r_buff0_thd1 && !x$w_buff1_used || !x$r_buff0_thd1 && !x$r_buff1_thd1 ? x : (x$w_buff0_used && x$r_buff0_thd1 ? x$w_buff0 : x$w_buff1);
                                                            ~~ ~~~~~~~~~~~~~~~~^~~~~~~~~~~~~~~~~~
safe025_power.opt_false-unreach-call.c:210:80: note: place parentheses around the '&&' expression to silence this warning
  x = !x$w_buff0_used || !x$r_buff0_thd1 && !x$w_buff1_used || !x$r_buff0_thd1 && !x$r_buff1_thd1 ? x : (x$w_buff0_used && x$r_buff0_thd1 ? x$w_buff0 : x$w_buff1);
                                                                               ^
                                                               (                                 )
safe025_power.opt_false-unreach-call.c:211:79: warning: '&&' within '||' [-Wlogical-op-parentheses]
  x$w_buff0 = weak$$choice2 ? x$w_buff0 : (!x$w_buff0_used || !x$r_buff0_thd1 && !x$w_buff1_used || !x$r_buff0_thd1 && !x$r_buff1_thd1 ? x$w_buff0 : (x$w_buff0_used && x$r_buff0_thd1 ? x$w_buff0 : x$w_buff0));
                                                           ~~ ~~~~~~~~~~~~~~~~^~~~~~~~~~~~~~~~~~
safe025_power.opt_false-unreach-call.c:211:79: note: place parentheses around the '&&' expression to silence this warning
  x$w_buff0 = weak$$choice2 ? x$w_buff0 : (!x$w_buff0_used || !x$r_buff0_thd1 && !x$w_buff1_used || !x$r_buff0_thd1 && !x$r_buff1_thd1 ? x$w_buff0 : (x$w_buff0_used && x$r_buff0_thd1 ? x$w_buff0 : x$w_buff0));
                                                                              ^
                                                              (                                 )
safe025_power.opt_false-unreach-call.c:211:117: warning: '&&' within '||' [-Wlogical-op-parentheses]
  x$w_buff0 = weak$$choice2 ? x$w_buff0 : (!x$w_buff0_used || !x$r_buff0_thd1 && !x$w_buff1_used || !x$r_buff0_thd1 && !x$r_buff1_thd1 ? x$w_buff0 : (x$w_buff0_used && x$r_buff0_thd1 ? x$w_buff0 : x$w_buff0));
                                                                                                 ~~ ~~~~~~~~~~~~~~~~^~~~~~~~~~~~~~~~~~
safe025_power.opt_false-unreach-call.c:211:117: note: place parentheses around the '&&' expression to silence this warning
  x$w_buff0 = weak$$choice2 ? x$w_buff0 : (!x$w_buff0_used || !x$r_buff0_thd1 && !x$w_buff1_used || !x$r_buff0_thd1 && !x$r_buff1_thd1 ? x$w_buff0 : (x$w_buff0_used && x$r_buff0_thd1 ? x$w_buff0 : x$w_buff0));
                                                                                                                    ^
                                                                                                    (                                 )
safe025_power.opt_false-unreach-call.c:212:79: warning: '&&' within '||' [-Wlogical-op-parentheses]
  x$w_buff1 = weak$$choice2 ? x$w_buff1 : (!x$w_buff0_used || !x$r_buff0_thd1 && !x$w_buff1_used || !x$r_buff0_thd1 && !x$r_buff1_thd1 ? x$w_buff1 : (x$w_buff0_used && x$r_buff0_thd1 ? x$w_buff1 : x$w_buff1));
                                                           ~~ ~~~~~~~~~~~~~~~~^~~~~~~~~~~~~~~~~~
safe025_power.opt_false-unreach-call.c:212:79: note: place parentheses around the '&&' expression to silence this warning
  x$w_buff1 = weak$$choice2 ? x$w_buff1 : (!x$w_buff0_used || !x$r_buff0_thd1 && !x$w_buff1_used || !x$r_buff0_thd1 && !x$r_buff1_thd1 ? x$w_buff1 : (x$w_buff0_used && x$r_buff0_thd1 ? x$w_buff1 : x$w_buff1));
                                                                              ^
                                                              (                                 )
safe025_power.opt_false-unreach-call.c:212:117: warning: '&&' within '||' [-Wlogical-op-parentheses]
  x$w_buff1 = weak$$choice2 ? x$w_buff1 : (!x$w_buff0_used || !x$r_buff0_thd1 && !x$w_buff1_used || !x$r_buff0_thd1 && !x$r_buff1_thd1 ? x$w_buff1 : (x$w_buff0_used && x$r_buff0_thd1 ? x$w_buff1 : x$w_buff1));
                                                                                                 ~~ ~~~~~~~~~~~~~~~~^~~~~~~~~~~~~~~~~~
safe025_power.opt_false-unreach-call.c:212:117: note: place parentheses around the '&&' expression to silence this warning
  x$w_buff1 = weak$$choice2 ? x$w_buff1 : (!x$w_buff0_used || !x$r_buff0_thd1 && !x$w_buff1_used || !x$r_buff0_thd1 && !x$r_buff1_thd1 ? x$w_buff1 : (x$w_buff0_used && x$r_buff0_thd1 ? x$w_buff1 : x$w_buff1));
                                                                                                                    ^
                                                                                                    (                                 )
safe025_power.opt_false-unreach-call.c:213:89: warning: '&&' within '||' [-Wlogical-op-parentheses]
  x$w_buff0_used = weak$$choice2 ? x$w_buff0_used : (!x$w_buff0_used || !x$r_buff0_thd1 && !x$w_buff1_used || !x$r_buff0_thd1 && !x$r_buff1_thd1 ? x$w_buff0_used : (x$w_buff0_used && x$r_buff0_thd1 ? FALSE : x$w_buff0_used));
                                                                     ~~ ~~~~~~~~~~~~~~~~^~~~~~~~~~~~~~~~~~
safe025_power.opt_false-unreach-call.c:213:89: note: place parentheses around the '&&' expression to silence this warning
  x$w_buff0_used = weak$$choice2 ? x$w_buff0_used : (!x$w_buff0_used || !x$r_buff0_thd1 && !x$w_buff1_used || !x$r_buff0_thd1 && !x$r_buff1_thd1 ? x$w_buff0_used : (x$w_buff0_used && x$r_buff0_thd1 ? FALSE : x$w_buff0_used));
                                                                                        ^
                                                                        (                                 )
safe025_power.opt_false-unreach-call.c:213:127: warning: '&&' within '||' [-Wlogical-op-parentheses]
  x$w_buff0_used = weak$$choice2 ? x$w_buff0_used : (!x$w_buff0_used || !x$r_buff0_thd1 && !x$w_buff1_used || !x$r_buff0_thd1 && !x$r_buff1_thd1 ? x$w_buff0_used : (x$w_buff0_used && x$r_buff0_thd1 ? FALSE : x$w_buff0_used));
                                                                                                           ~~ ~~~~~~~~~~~~~~~~^~~~~~~~~~~~~~~~~~
safe025_power.opt_false-unreach-call.c:213:127: note: place parentheses around the '&&' expression to silence this warning
  x$w_buff0_used = weak$$choice2 ? x$w_buff0_used : (!x$w_buff0_used || !x$r_buff0_thd1 && !x$w_buff1_used || !x$r_buff0_thd1 && !x$r_buff1_thd1 ? x$w_buff0_used : (x$w_buff0_used && x$r_buff0_thd1 ? FALSE : x$w_buff0_used));
                                                                                                                              ^
                                                                                                              (                                 )
safe025_power.opt_false-unreach-call.c:214:89: warning: '&&' within '||' [-Wlogical-op-parentheses]
  x$w_buff1_used = weak$$choice2 ? x$w_buff1_used : (!x$w_buff0_used || !x$r_buff0_thd1 && !x$w_buff1_used || !x$r_buff0_thd1 && !x$r_buff1_thd1 ? x$w_buff1_used : (x$w_buff0_used && x$r_buff0_thd1 ? FALSE : FALSE));
                                                                     ~~ ~~~~~~~~~~~~~~~~^~~~~~~~~~~~~~~~~~
safe025_power.opt_false-unreach-call.c:214:89: note: place parentheses around the '&&' expression to silence this warning
  x$w_buff1_used = weak$$choice2 ? x$w_buff1_used : (!x$w_buff0_used || !x$r_buff0_thd1 && !x$w_buff1_used || !x$r_buff0_thd1 && !x$r_buff1_thd1 ? x$w_buff1_used : (x$w_buff0_used && x$r_buff0_thd1 ? FALSE : FALSE));
                                                                                        ^
                                                                        (                                 )
safe025_power.opt_false-unreach-call.c:214:127: warning: '&&' within '||' [-Wlogical-op-parentheses]
  x$w_buff1_used = weak$$choice2 ? x$w_buff1_used : (!x$w_buff0_used || !x$r_buff0_thd1 && !x$w_buff1_used || !x$r_buff0_thd1 && !x$r_buff1_thd1 ? x$w_buff1_used : (x$w_buff0_used && x$r_buff0_thd1 ? FALSE : FALSE));
                                                                                                           ~~ ~~~~~~~~~~~~~~~~^~~~~~~~~~~~~~~~~~
safe025_power.opt_false-unreach-call.c:214:127: note: place parentheses around the '&&' expression to silence this warning
  x$w_buff1_used = weak$$choice2 ? x$w_buff1_used : (!x$w_buff0_used || !x$r_buff0_thd1 && !x$w_buff1_used || !x$r_buff0_thd1 && !x$r_buff1_thd1 ? x$w_buff1_used : (x$w_buff0_used && x$r_buff0_thd1 ? FALSE : FALSE));
                                                                                                                              ^
                                                                                                              (                                 )
safe025_power.opt_false-unreach-call.c:215:89: warning: '&&' within '||' [-Wlogical-op-parentheses]
  x$r_buff0_thd1 = weak$$choice2 ? x$r_buff0_thd1 : (!x$w_buff0_used || !x$r_buff0_thd1 && !x$w_buff1_used || !x$r_buff0_thd1 && !x$r_buff1_thd1 ? x$r_buff0_thd1 : (x$w_buff0_used && x$r_buff0_thd1 ? FALSE : x$r_buff0_thd1));
                                                                     ~~ ~~~~~~~~~~~~~~~~^~~~~~~~~~~~~~~~~~
safe025_power.opt_false-unreach-call.c:215:89: note: place parentheses around the '&&' expression to silence this warning
  x$r_buff0_thd1 = weak$$choice2 ? x$r_buff0_thd1 : (!x$w_buff0_used || !x$r_buff0_thd1 && !x$w_buff1_used || !x$r_buff0_thd1 && !x$r_buff1_thd1 ? x$r_buff0_thd1 : (x$w_buff0_used && x$r_buff0_thd1 ? FALSE : x$r_buff0_thd1));
                                                                                        ^
                                                                        (                                 )
safe025_power.opt_false-unreach-call.c:215:127: warning: '&&' within '||' [-Wlogical-op-parentheses]
  x$r_buff0_thd1 = weak$$choice2 ? x$r_buff0_thd1 : (!x$w_buff0_used || !x$r_buff0_thd1 && !x$w_buff1_used || !x$r_buff0_thd1 && !x$r_buff1_thd1 ? x$r_buff0_thd1 : (x$w_buff0_used && x$r_buff0_thd1 ? FALSE : x$r_buff0_thd1));
                                                                                                           ~~ ~~~~~~~~~~~~~~~~^~~~~~~~~~~~~~~~~~
safe025_power.opt_false-unreach-call.c:215:127: note: place parentheses around the '&&' expression to silence this warning
  x$r_buff0_thd1 = weak$$choice2 ? x$r_buff0_thd1 : (!x$w_buff0_used || !x$r_buff0_thd1 && !x$w_buff1_used || !x$r_buff0_thd1 && !x$r_buff1_thd1 ? x$r_buff0_thd1 : (x$w_buff0_used && x$r_buff0_thd1 ? FALSE : x$r_buff0_thd1));
                                                                                                                              ^
                                                                                                              (                                 )
safe025_power.opt_false-unreach-call.c:216:89: warning: '&&' within '||' [-Wlogical-op-parentheses]
  x$r_buff1_thd1 = weak$$choice2 ? x$r_buff1_thd1 : (!x$w_buff0_used || !x$r_buff0_thd1 && !x$w_buff1_used || !x$r_buff0_thd1 && !x$r_buff1_thd1 ? x$r_buff1_thd1 : (x$w_buff0_used && x$r_buff0_thd1 ? FALSE : FALSE));
                                                                     ~~ ~~~~~~~~~~~~~~~~^~~~~~~~~~~~~~~~~~
safe025_power.opt_false-unreach-call.c:216:89: note: place parentheses around the '&&' expression to silence this warning
  x$r_buff1_thd1 = weak$$choice2 ? x$r_buff1_thd1 : (!x$w_buff0_used || !x$r_buff0_thd1 && !x$w_buff1_used || !x$r_buff0_thd1 && !x$r_buff1_thd1 ? x$r_buff1_thd1 : (x$w_buff0_used && x$r_buff0_thd1 ? FALSE : FALSE));
                                                                                        ^
                                                                        (                                 )
safe025_power.opt_false-unreach-call.c:216:127: warning: '&&' within '||' [-Wlogical-op-parentheses]
  x$r_buff1_thd1 = weak$$choice2 ? x$r_buff1_thd1 : (!x$w_buff0_used || !x$r_buff0_thd1 && !x$w_buff1_used || !x$r_buff0_thd1 && !x$r_buff1_thd1 ? x$r_buff1_thd1 : (x$w_buff0_used && x$r_buff0_thd1 ? FALSE : FALSE));
                                                                                                           ~~ ~~~~~~~~~~~~~~~~^~~~~~~~~~~~~~~~~~
safe025_power.opt_false-unreach-call.c:216:127: note: place parentheses around the '&&' expression to silence this warning
  x$r_buff1_thd1 = weak$$choice2 ? x$r_buff1_thd1 : (!x$w_buff0_used || !x$r_buff0_thd1 && !x$w_buff1_used || !x$r_buff0_thd1 && !x$r_buff1_thd1 ? x$r_buff1_thd1 : (x$w_buff0_used && x$r_buff0_thd1 ? FALSE : FALSE));
                                                                                                                              ^
                                                                                                              (                                 )
safe025_power.opt_false-unreach-call.c:226:10: warning: implicit declaration of function 'nondet_1' is invalid in C99 [-Wimplicit-function-declaration]
  return nondet_1();
         ^
safe025_power.opt_false-unreach-call.c:226:10: warning: incompatible integer to pointer conversion returning 'int' from a function with result type 'void *' [-Wint-conversion]
  return nondet_1();
         ^~~~~~~~~~
safe025_power.opt_false-unreach-call.c:260:35: warning: '&&' within '||' [-Wlogical-op-parentheses]
  x$w_buff1_used = x$w_buff0_used && x$r_buff0_thd2 || x$w_buff1_used && x$r_buff1_thd2 ? FALSE : x$w_buff1_used;
                   ~~~~~~~~~~~~~~~^~~~~~~~~~~~~~~~~ ~~
safe025_power.opt_false-unreach-call.c:260:35: note: place parentheses around the '&&' expression to silence this warning
  x$w_buff1_used = x$w_buff0_used && x$r_buff0_thd2 || x$w_buff1_used && x$r_buff1_thd2 ? FALSE : x$w_buff1_used;
                                  ^
                   (                               )
safe025_power.opt_false-unreach-call.c:260:71: warning: '&&' within '||' [-Wlogical-op-parentheses]
  x$w_buff1_used = x$w_buff0_used && x$r_buff0_thd2 || x$w_buff1_used && x$r_buff1_thd2 ? FALSE : x$w_buff1_used;
                                                    ~~ ~~~~~~~~~~~~~~~^~~~~~~~~~~~~~~~~
safe025_power.opt_false-unreach-call.c:260:71: note: place parentheses around the '&&' expression to silence this warning
  x$w_buff1_used = x$w_buff0_used && x$r_buff0_thd2 || x$w_buff1_used && x$r_buff1_thd2 ? FALSE : x$w_buff1_used;
                                                                      ^
                                                       (                               )
safe025_power.opt_false-unreach-call.c:262:35: warning: '&&' within '||' [-Wlogical-op-parentheses]
  x$r_buff1_thd2 = x$w_buff0_used && x$r_buff0_thd2 || x$w_buff1_used && x$r_buff1_thd2 ? FALSE : x$r_buff1_thd2;
                   ~~~~~~~~~~~~~~~^~~~~~~~~~~~~~~~~ ~~
safe025_power.opt_false-unreach-call.c:262:35: note: place parentheses around the '&&' expression to silence this warning
  x$r_buff1_thd2 = x$w_buff0_used && x$r_buff0_thd2 || x$w_buff1_used && x$r_buff1_thd2 ? FALSE : x$r_buff1_thd2;
                                  ^
                   (                               )
safe025_power.opt_false-unreach-call.c:262:71: warning: '&&' within '||' [-Wlogical-op-parentheses]
  x$r_buff1_thd2 = x$w_buff0_used && x$r_buff0_thd2 || x$w_buff1_used && x$r_buff1_thd2 ? FALSE : x$r_buff1_thd2;
                                                    ~~ ~~~~~~~~~~~~~~~^~~~~~~~~~~~~~~~~
safe025_power.opt_false-unreach-call.c:262:71: note: place parentheses around the '&&' expression to silence this warning
  x$r_buff1_thd2 = x$w_buff0_used && x$r_buff0_thd2 || x$w_buff1_used && x$r_buff1_thd2 ? FALSE : x$r_buff1_thd2;
                                                                      ^
                                                       (                               )
safe025_power.opt_false-unreach-call.c:267:10: warning: incompatible integer to pointer conversion returning 'int' from a function with result type 'void *' [-Wint-conversion]
  return nondet_1();
         ^~~~~~~~~~
safe025_power.opt_false-unreach-call.c:299:35: warning: '&&' within '||' [-Wlogical-op-parentheses]
  x$w_buff1_used = x$w_buff0_used && x$r_buff0_thd3 || x$w_buff1_used && x$r_buff1_thd3 ? FALSE : x$w_buff1_used;
                   ~~~~~~~~~~~~~~~^~~~~~~~~~~~~~~~~ ~~
safe025_power.opt_false-unreach-call.c:299:35: note: place parentheses around the '&&' expression to silence this warning
  x$w_buff1_used = x$w_buff0_used && x$r_buff0_thd3 || x$w_buff1_used && x$r_buff1_thd3 ? FALSE : x$w_buff1_used;
                                  ^
                   (                               )
safe025_power.opt_false-unreach-call.c:299:71: warning: '&&' within '||' [-Wlogical-op-parentheses]
  x$w_buff1_used = x$w_buff0_used && x$r_buff0_thd3 || x$w_buff1_used && x$r_buff1_thd3 ? FALSE : x$w_buff1_used;
                                                    ~~ ~~~~~~~~~~~~~~~^~~~~~~~~~~~~~~~~
safe025_power.opt_false-unreach-call.c:299:71: note: place parentheses around the '&&' expression to silence this warning
  x$w_buff1_used = x$w_buff0_used && x$r_buff0_thd3 || x$w_buff1_used && x$r_buff1_thd3 ? FALSE : x$w_buff1_used;
                                                                      ^
                                                       (                               )
safe025_power.opt_false-unreach-call.c:301:35: warning: '&&' within '||' [-Wlogical-op-parentheses]
  x$r_buff1_thd3 = x$w_buff0_used && x$r_buff0_thd3 || x$w_buff1_used && x$r_buff1_thd3 ? FALSE : x$r_buff1_thd3;
                   ~~~~~~~~~~~~~~~^~~~~~~~~~~~~~~~~ ~~
safe025_power.opt_false-unreach-call.c:301:35: note: place parentheses around the '&&' expression to silence this warning
  x$r_buff1_thd3 = x$w_buff0_used && x$r_buff0_thd3 || x$w_buff1_used && x$r_buff1_thd3 ? FALSE : x$r_buff1_thd3;
                                  ^
                   (                               )
safe025_power.opt_false-unreach-call.c:301:71: warning: '&&' within '||' [-Wlogical-op-parentheses]
  x$r_buff1_thd3 = x$w_buff0_used && x$r_buff0_thd3 || x$w_buff1_used && x$r_buff1_thd3 ? FALSE : x$r_buff1_thd3;
                                                    ~~ ~~~~~~~~~~~~~~~^~~~~~~~~~~~~~~~~
safe025_power.opt_false-unreach-call.c:301:71: note: place parentheses around the '&&' expression to silence this warning
  x$r_buff1_thd3 = x$w_buff0_used && x$r_buff0_thd3 || x$w_buff1_used && x$r_buff1_thd3 ? FALSE : x$r_buff1_thd3;
                                                                      ^
                                                       (                               )
safe025_power.opt_false-unreach-call.c:306:10: warning: incompatible integer to pointer conversion returning 'int' from a function with result type 'void *' [-Wint-conversion]
  return nondet_1();
         ^~~~~~~~~~
safe025_power.opt_false-unreach-call.c:334:38: warning: null passed to a callee which requires a non-null argument [-Wnonnull]
  pthread_create(NULL, NULL, P0, NULL);
                 ~~~~                ^
safe025_power.opt_false-unreach-call.c:335:38: warning: null passed to a callee which requires a non-null argument [-Wnonnull]
  pthread_create(NULL, NULL, P1, NULL);
                 ~~~~                ^
safe025_power.opt_false-unreach-call.c:336:38: warning: null passed to a callee which requires a non-null argument [-Wnonnull]
  pthread_create(NULL, NULL, P2, NULL);
                 ~~~~                ^
safe025_power.opt_false-unreach-call.c:344:35: warning: '&&' within '||' [-Wlogical-op-parentheses]
  x$w_buff1_used = x$w_buff0_used && x$r_buff0_thd0 || x$w_buff1_used && x$r_buff1_thd0 ? FALSE : x$w_buff1_used;
                   ~~~~~~~~~~~~~~~^~~~~~~~~~~~~~~~~ ~~
safe025_power.opt_false-unreach-call.c:344:35: note: place parentheses around the '&&' expression to silence this warning
  x$w_buff1_used = x$w_buff0_used && x$r_buff0_thd0 || x$w_buff1_used && x$r_buff1_thd0 ? FALSE : x$w_buff1_used;
                                  ^
                   (                               )
safe025_power.opt_false-unreach-call.c:344:71: warning: '&&' within '||' [-Wlogical-op-parentheses]
  x$w_buff1_used = x$w_buff0_used && x$r_buff0_thd0 || x$w_buff1_used && x$r_buff1_thd0 ? FALSE : x$w_buff1_used;
                                                    ~~ ~~~~~~~~~~~~~~~^~~~~~~~~~~~~~~~~
safe025_power.opt_false-unreach-call.c:344:71: note: place parentheses around the '&&' expression to silence this warning
  x$w_buff1_used = x$w_buff0_used && x$r_buff0_thd0 || x$w_buff1_used && x$r_buff1_thd0 ? FALSE : x$w_buff1_used;
                                                                      ^
                                                       (                               )
safe025_power.opt_false-unreach-call.c:346:35: warning: '&&' within '||' [-Wlogical-op-parentheses]
  x$r_buff1_thd0 = x$w_buff0_used && x$r_buff0_thd0 || x$w_buff1_used && x$r_buff1_thd0 ? FALSE : x$r_buff1_thd0;
                   ~~~~~~~~~~~~~~~^~~~~~~~~~~~~~~~~ ~~
safe025_power.opt_false-unreach-call.c:346:35: note: place parentheses around the '&&' expression to silence this warning
  x$r_buff1_thd0 = x$w_buff0_used && x$r_buff0_thd0 || x$w_buff1_used && x$r_buff1_thd0 ? FALSE : x$r_buff1_thd0;
                                  ^
                   (                               )
safe025_power.opt_false-unreach-call.c:346:71: warning: '&&' within '||' [-Wlogical-op-parentheses]
  x$r_buff1_thd0 = x$w_buff0_used && x$r_buff0_thd0 || x$w_buff1_used && x$r_buff1_thd0 ? FALSE : x$r_buff1_thd0;
                                                    ~~ ~~~~~~~~~~~~~~~^~~~~~~~~~~~~~~~~
safe025_power.opt_false-unreach-call.c:346:71: note: place parentheses around the '&&' expression to silence this warning
  x$r_buff1_thd0 = x$w_buff0_used && x$r_buff0_thd0 || x$w_buff1_used && x$r_buff1_thd0 ? FALSE : x$r_buff1_thd0;
                                                                      ^
                                                       (                               )
safe025_power.opt_false-unreach-call.c:363:42: warning: '&&' within '||' [-Wlogical-op-parentheses]
  x = !x$w_buff0_used || !x$r_buff0_thd0 && !x$w_buff1_used || !x$r_buff0_thd0 && !x$r_buff1_thd0 ? x : (x$w_buff0_used && x$r_buff0_thd0 ? x$w_buff0 : x$w_buff1);
                      ~~ ~~~~~~~~~~~~~~~~^~~~~~~~~~~~~~~~~~
safe025_power.opt_false-unreach-call.c:363:42: note: place parentheses around the '&&' expression to silence this warning
  x = !x$w_buff0_used || !x$r_buff0_thd0 && !x$w_buff1_used || !x$r_buff0_thd0 && !x$r_buff1_thd0 ? x : (x$w_buff0_used && x$r_buff0_thd0 ? x$w_buff0 : x$w_buff1);
                                         ^
                         (                                 )
safe025_power.opt_false-unreach-call.c:363:80: warning: '&&' within '||' [-Wlogical-op-parentheses]
  x = !x$w_buff0_used || !x$r_buff0_thd0 && !x$w_buff1_used || !x$r_buff0_thd0 && !x$r_buff1_thd0 ? x : (x$w_buff0_used && x$r_buff0_thd0 ? x$w_buff0 : x$w_buff1);
                                                            ~~ ~~~~~~~~~~~~~~~~^~~~~~~~~~~~~~~~~~
safe025_power.opt_false-unreach-call.c:363:80: note: place parentheses around the '&&' expression to silence this warning
  x = !x$w_buff0_used || !x$r_buff0_thd0 && !x$w_buff1_used || !x$r_buff0_thd0 && !x$r_buff1_thd0 ? x : (x$w_buff0_used && x$r_buff0_thd0 ? x$w_buff0 : x$w_buff1);
                                                                               ^
                                                               (                                 )
safe025_power.opt_false-unreach-call.c:366:79: warning: '&&' within '||' [-Wlogical-op-parentheses]
  x$w_buff0 = weak$$choice2 ? x$w_buff0 : (!x$w_buff0_used || !x$r_buff0_thd0 && !x$w_buff1_used || !x$r_buff0_thd0 && !x$r_buff1_thd0 ? x$w_buff0 : (x$w_buff0_used && x$r_buff0_thd0 ? x$w_buff0 : x$w_buff0));
                                                           ~~ ~~~~~~~~~~~~~~~~^~~~~~~~~~~~~~~~~~
safe025_power.opt_false-unreach-call.c:366:79: note: place parentheses around the '&&' expression to silence this warning
  x$w_buff0 = weak$$choice2 ? x$w_buff0 : (!x$w_buff0_used || !x$r_buff0_thd0 && !x$w_buff1_used || !x$r_buff0_thd0 && !x$r_buff1_thd0 ? x$w_buff0 : (x$w_buff0_used && x$r_buff0_thd0 ? x$w_buff0 : x$w_buff0));
                                                                              ^
                                                              (                                 )
safe025_power.opt_false-unreach-call.c:366:117: warning: '&&' within '||' [-Wlogical-op-parentheses]
  x$w_buff0 = weak$$choice2 ? x$w_buff0 : (!x$w_buff0_used || !x$r_buff0_thd0 && !x$w_buff1_used || !x$r_buff0_thd0 && !x$r_buff1_thd0 ? x$w_buff0 : (x$w_buff0_used && x$r_buff0_thd0 ? x$w_buff0 : x$w_buff0));
                                                                                                 ~~ ~~~~~~~~~~~~~~~~^~~~~~~~~~~~~~~~~~
safe025_power.opt_false-unreach-call.c:366:117: note: place parentheses around the '&&' expression to silence this warning
  x$w_buff0 = weak$$choice2 ? x$w_buff0 : (!x$w_buff0_used || !x$r_buff0_thd0 && !x$w_buff1_used || !x$r_buff0_thd0 && !x$r_buff1_thd0 ? x$w_buff0 : (x$w_buff0_used && x$r_buff0_thd0 ? x$w_buff0 : x$w_buff0));
                                                                                                                    ^
                                                                                                    (                                 )
safe025_power.opt_false-unreach-call.c:369:79: warning: '&&' within '||' [-Wlogical-op-parentheses]
  x$w_buff1 = weak$$choice2 ? x$w_buff1 : (!x$w_buff0_used || !x$r_buff0_thd0 && !x$w_buff1_used || !x$r_buff0_thd0 && !x$r_buff1_thd0 ? x$w_buff1 : (x$w_buff0_used && x$r_buff0_thd0 ? x$w_buff1 : x$w_buff1));
                                                           ~~ ~~~~~~~~~~~~~~~~^~~~~~~~~~~~~~~~~~
safe025_power.opt_false-unreach-call.c:369:79: note: place parentheses around the '&&' expression to silence this warning
  x$w_buff1 = weak$$choice2 ? x$w_buff1 : (!x$w_buff0_used || !x$r_buff0_thd0 && !x$w_buff1_used || !x$r_buff0_thd0 && !x$r_buff1_thd0 ? x$w_buff1 : (x$w_buff0_used && x$r_buff0_thd0 ? x$w_buff1 : x$w_buff1));
                                                                              ^
                                                              (                                 )
safe025_power.opt_false-unreach-call.c:369:117: warning: '&&' within '||' [-Wlogical-op-parentheses]
  x$w_buff1 = weak$$choice2 ? x$w_buff1 : (!x$w_buff0_used || !x$r_buff0_thd0 && !x$w_buff1_used || !x$r_buff0_thd0 && !x$r_buff1_thd0 ? x$w_buff1 : (x$w_buff0_used && x$r_buff0_thd0 ? x$w_buff1 : x$w_buff1));
                                                                                                 ~~ ~~~~~~~~~~~~~~~~^~~~~~~~~~~~~~~~~~
safe025_power.opt_false-unreach-call.c:369:117: note: place parentheses around the '&&' expression to silence this warning
  x$w_buff1 = weak$$choice2 ? x$w_buff1 : (!x$w_buff0_used || !x$r_buff0_thd0 && !x$w_buff1_used || !x$r_buff0_thd0 && !x$r_buff1_thd0 ? x$w_buff1 : (x$w_buff0_used && x$r_buff0_thd0 ? x$w_buff1 : x$w_buff1));
                                                                                                                    ^
                                                                                                    (                                 )
safe025_power.opt_false-unreach-call.c:372:89: warning: '&&' within '||' [-Wlogical-op-parentheses]
  x$w_buff0_used = weak$$choice2 ? x$w_buff0_used : (!x$w_buff0_used || !x$r_buff0_thd0 && !x$w_buff1_used || !x$r_buff0_thd0 && !x$r_buff1_thd0 ? x$w_buff0_used : (x$w_buff0_used && x$r_buff0_thd0 ? FALSE : x$w_buff0_used));
                                                                     ~~ ~~~~~~~~~~~~~~~~^~~~~~~~~~~~~~~~~~
safe025_power.opt_false-unreach-call.c:372:89: note: place parentheses around the '&&' expression to silence this warning
  x$w_buff0_used = weak$$choice2 ? x$w_buff0_used : (!x$w_buff0_used || !x$r_buff0_thd0 && !x$w_buff1_used || !x$r_buff0_thd0 && !x$r_buff1_thd0 ? x$w_buff0_used : (x$w_buff0_used && x$r_buff0_thd0 ? FALSE : x$w_buff0_used));
                                                                                        ^
                                                                        (                                 )
safe025_power.opt_false-unreach-call.c:372:127: warning: '&&' within '||' [-Wlogical-op-parentheses]
  x$w_buff0_used = weak$$choice2 ? x$w_buff0_used : (!x$w_buff0_used || !x$r_buff0_thd0 && !x$w_buff1_used || !x$r_buff0_thd0 && !x$r_buff1_thd0 ? x$w_buff0_used : (x$w_buff0_used && x$r_buff0_thd0 ? FALSE : x$w_buff0_used));
                                                                                                           ~~ ~~~~~~~~~~~~~~~~^~~~~~~~~~~~~~~~~~
safe025_power.opt_false-unreach-call.c:372:127: note: place parentheses around the '&&' expression to silence this warning
  x$w_buff0_used = weak$$choice2 ? x$w_buff0_used : (!x$w_buff0_used || !x$r_buff0_thd0 && !x$w_buff1_used || !x$r_buff0_thd0 && !x$r_buff1_thd0 ? x$w_buff0_used : (x$w_buff0_used && x$r_buff0_thd0 ? FALSE : x$w_buff0_used));
                                                                                                                              ^
                                                                                                              (                                 )
safe025_power.opt_false-unreach-call.c:375:89: warning: '&&' within '||' [-Wlogical-op-parentheses]
  x$w_buff1_used = weak$$choice2 ? x$w_buff1_used : (!x$w_buff0_used || !x$r_buff0_thd0 && !x$w_buff1_used || !x$r_buff0_thd0 && !x$r_buff1_thd0 ? x$w_buff1_used : (x$w_buff0_used && x$r_buff0_thd0 ? FALSE : FALSE));
                                                                     ~~ ~~~~~~~~~~~~~~~~^~~~~~~~~~~~~~~~~~
safe025_power.opt_false-unreach-call.c:375:89: note: place parentheses around the '&&' expression to silence this warning
  x$w_buff1_used = weak$$choice2 ? x$w_buff1_used : (!x$w_buff0_used || !x$r_buff0_thd0 && !x$w_buff1_used || !x$r_buff0_thd0 && !x$r_buff1_thd0 ? x$w_buff1_used : (x$w_buff0_used && x$r_buff0_thd0 ? FALSE : FALSE));
                                                                                        ^
                                                                        (                                 )
safe025_power.opt_false-unreach-call.c:375:127: warning: '&&' within '||' [-Wlogical-op-parentheses]
  x$w_buff1_used = weak$$choice2 ? x$w_buff1_used : (!x$w_buff0_used || !x$r_buff0_thd0 && !x$w_buff1_used || !x$r_buff0_thd0 && !x$r_buff1_thd0 ? x$w_buff1_used : (x$w_buff0_used && x$r_buff0_thd0 ? FALSE : FALSE));
                                                                                                           ~~ ~~~~~~~~~~~~~~~~^~~~~~~~~~~~~~~~~~
safe025_power.opt_false-unreach-call.c:375:127: note: place parentheses around the '&&' expression to silence this warning
  x$w_buff1_used = weak$$choice2 ? x$w_buff1_used : (!x$w_buff0_used || !x$r_buff0_thd0 && !x$w_buff1_used || !x$r_buff0_thd0 && !x$r_buff1_thd0 ? x$w_buff1_used : (x$w_buff0_used && x$r_buff0_thd0 ? FALSE : FALSE));
                                                                                                                              ^
                                                                                                              (                                 )
safe025_power.opt_false-unreach-call.c:378:89: warning: '&&' within '||' [-Wlogical-op-parentheses]
  x$r_buff0_thd0 = weak$$choice2 ? x$r_buff0_thd0 : (!x$w_buff0_used || !x$r_buff0_thd0 && !x$w_buff1_used || !x$r_buff0_thd0 && !x$r_buff1_thd0 ? x$r_buff0_thd0 : (x$w_buff0_used && x$r_buff0_thd0 ? FALSE : x$r_buff0_thd0));
                                                                     ~~ ~~~~~~~~~~~~~~~~^~~~~~~~~~~~~~~~~~
safe025_power.opt_false-unreach-call.c:378:89: note: place parentheses around the '&&' expression to silence this warning
  x$r_buff0_thd0 = weak$$choice2 ? x$r_buff0_thd0 : (!x$w_buff0_used || !x$r_buff0_thd0 && !x$w_buff1_used || !x$r_buff0_thd0 && !x$r_buff1_thd0 ? x$r_buff0_thd0 : (x$w_buff0_used && x$r_buff0_thd0 ? FALSE : x$r_buff0_thd0));
                                                                                        ^
                                                                        (                                 )
safe025_power.opt_false-unreach-call.c:378:127: warning: '&&' within '||' [-Wlogical-op-parentheses]
  x$r_buff0_thd0 = weak$$choice2 ? x$r_buff0_thd0 : (!x$w_buff0_used || !x$r_buff0_thd0 && !x$w_buff1_used || !x$r_buff0_thd0 && !x$r_buff1_thd0 ? x$r_buff0_thd0 : (x$w_buff0_used && x$r_buff0_thd0 ? FALSE : x$r_buff0_thd0));
                                                                                                           ~~ ~~~~~~~~~~~~~~~~^~~~~~~~~~~~~~~~~~
safe025_power.opt_false-unreach-call.c:378:127: note: place parentheses around the '&&' expression to silence this warning
  x$r_buff0_thd0 = weak$$choice2 ? x$r_buff0_thd0 : (!x$w_buff0_used || !x$r_buff0_thd0 && !x$w_buff1_used || !x$r_buff0_thd0 && !x$r_buff1_thd0 ? x$r_buff0_thd0 : (x$w_buff0_used && x$r_buff0_thd0 ? FALSE : x$r_buff0_thd0));
                                                                                                                              ^
                                                                                                              (                                 )
safe025_power.opt_false-unreach-call.c:381:89: warning: '&&' within '||' [-Wlogical-op-parentheses]
  x$r_buff1_thd0 = weak$$choice2 ? x$r_buff1_thd0 : (!x$w_buff0_used || !x$r_buff0_thd0 && !x$w_buff1_used || !x$r_buff0_thd0 && !x$r_buff1_thd0 ? x$r_buff1_thd0 : (x$w_buff0_used && x$r_buff0_thd0 ? FALSE : FALSE));
                                                                     ~~ ~~~~~~~~~~~~~~~~^~~~~~~~~~~~~~~~~~
safe025_power.opt_false-unreach-call.c:381:89: note: place parentheses around the '&&' expression to silence this warning
  x$r_buff1_thd0 = weak$$choice2 ? x$r_buff1_thd0 : (!x$w_buff0_used || !x$r_buff0_thd0 && !x$w_buff1_used || !x$r_buff0_thd0 && !x$r_buff1_thd0 ? x$r_buff1_thd0 : (x$w_buff0_used && x$r_buff0_thd0 ? FALSE : FALSE));
                                                                                        ^
                                                                        (                                 )
safe025_power.opt_false-unreach-call.c:381:127: warning: '&&' within '||' [-Wlogical-op-parentheses]
  x$r_buff1_thd0 = weak$$choice2 ? x$r_buff1_thd0 : (!x$w_buff0_used || !x$r_buff0_thd0 && !x$w_buff1_used || !x$r_buff0_thd0 && !x$r_buff1_thd0 ? x$r_buff1_thd0 : (x$w_buff0_used && x$r_buff0_thd0 ? FALSE : FALSE));
                                                                                                           ~~ ~~~~~~~~~~~~~~~~^~~~~~~~~~~~~~~~~~
safe025_power.opt_false-unreach-call.c:381:127: note: place parentheses around the '&&' expression to silence this warning
  x$r_buff1_thd0 = weak$$choice2 ? x$r_buff1_thd0 : (!x$w_buff0_used || !x$r_buff0_thd0 && !x$w_buff1_used || !x$r_buff0_thd0 && !x$r_buff1_thd0 ? x$r_buff1_thd0 : (x$w_buff0_used && x$r_buff0_thd0 ? FALSE : FALSE));
                                                                                                                              ^
                                                                                                              (                                 )
49 warnings generated.
