safe015_rmo.oepc_false-unreach-call.c:4:34: warning: implicit declaration of function '__VERIFIER_assume' is invalid in C99 [-Wimplicit-function-declaration]
void __VERIFIER_atomic_begin() { __VERIFIER_assume(__global_lock==0); __global_lock=1; return; }
                                 ^
safe015_rmo.oepc_false-unreach-call.c:200:19: warning: implicit declaration of function 'nondet_0' is invalid in C99 [-Wimplicit-function-declaration]
  weak$$choice0 = nondet_0();
                  ^
safe015_rmo.oepc_false-unreach-call.c:204:42: warning: '&&' within '||' [-Wlogical-op-parentheses]
  x = !x$w_buff0_used || !x$r_buff0_thd1 && !x$w_buff1_used || !x$r_buff0_thd1 && !x$r_buff1_thd1 ? x : (x$w_buff0_used && x$r_buff0_thd1 ? x$w_buff0 : x$w_buff1);
                      ~~ ~~~~~~~~~~~~~~~~^~~~~~~~~~~~~~~~~~
safe015_rmo.oepc_false-unreach-call.c:204:42: note: place parentheses around the '&&' expression to silence this warning
  x = !x$w_buff0_used || !x$r_buff0_thd1 && !x$w_buff1_used || !x$r_buff0_thd1 && !x$r_buff1_thd1 ? x : (x$w_buff0_used && x$r_buff0_thd1 ? x$w_buff0 : x$w_buff1);
                                         ^
                         (                                 )
safe015_rmo.oepc_false-unreach-call.c:204:80: warning: '&&' within '||' [-Wlogical-op-parentheses]
  x = !x$w_buff0_used || !x$r_buff0_thd1 && !x$w_buff1_used || !x$r_buff0_thd1 && !x$r_buff1_thd1 ? x : (x$w_buff0_used && x$r_buff0_thd1 ? x$w_buff0 : x$w_buff1);
                                                            ~~ ~~~~~~~~~~~~~~~~^~~~~~~~~~~~~~~~~~
safe015_rmo.oepc_false-unreach-call.c:204:80: note: place parentheses around the '&&' expression to silence this warning
  x = !x$w_buff0_used || !x$r_buff0_thd1 && !x$w_buff1_used || !x$r_buff0_thd1 && !x$r_buff1_thd1 ? x : (x$w_buff0_used && x$r_buff0_thd1 ? x$w_buff0 : x$w_buff1);
                                                                               ^
                                                               (                                 )
safe015_rmo.oepc_false-unreach-call.c:205:79: warning: '&&' within '||' [-Wlogical-op-parentheses]
  x$w_buff0 = weak$$choice2 ? x$w_buff0 : (!x$w_buff0_used || !x$r_buff0_thd1 && !x$w_buff1_used || !x$r_buff0_thd1 && !x$r_buff1_thd1 ? x$w_buff0 : (x$w_buff0_used && x$r_buff0_thd1 ? x$w_buff0 : x$w_buff0));
                                                           ~~ ~~~~~~~~~~~~~~~~^~~~~~~~~~~~~~~~~~
safe015_rmo.oepc_false-unreach-call.c:205:79: note: place parentheses around the '&&' expression to silence this warning
  x$w_buff0 = weak$$choice2 ? x$w_buff0 : (!x$w_buff0_used || !x$r_buff0_thd1 && !x$w_buff1_used || !x$r_buff0_thd1 && !x$r_buff1_thd1 ? x$w_buff0 : (x$w_buff0_used && x$r_buff0_thd1 ? x$w_buff0 : x$w_buff0));
                                                                              ^
                                                              (                                 )
safe015_rmo.oepc_false-unreach-call.c:205:117: warning: '&&' within '||' [-Wlogical-op-parentheses]
  x$w_buff0 = weak$$choice2 ? x$w_buff0 : (!x$w_buff0_used || !x$r_buff0_thd1 && !x$w_buff1_used || !x$r_buff0_thd1 && !x$r_buff1_thd1 ? x$w_buff0 : (x$w_buff0_used && x$r_buff0_thd1 ? x$w_buff0 : x$w_buff0));
                                                                                                 ~~ ~~~~~~~~~~~~~~~~^~~~~~~~~~~~~~~~~~
safe015_rmo.oepc_false-unreach-call.c:205:117: note: place parentheses around the '&&' expression to silence this warning
  x$w_buff0 = weak$$choice2 ? x$w_buff0 : (!x$w_buff0_used || !x$r_buff0_thd1 && !x$w_buff1_used || !x$r_buff0_thd1 && !x$r_buff1_thd1 ? x$w_buff0 : (x$w_buff0_used && x$r_buff0_thd1 ? x$w_buff0 : x$w_buff0));
                                                                                                                    ^
                                                                                                    (                                 )
safe015_rmo.oepc_false-unreach-call.c:206:79: warning: '&&' within '||' [-Wlogical-op-parentheses]
  x$w_buff1 = weak$$choice2 ? x$w_buff1 : (!x$w_buff0_used || !x$r_buff0_thd1 && !x$w_buff1_used || !x$r_buff0_thd1 && !x$r_buff1_thd1 ? x$w_buff1 : (x$w_buff0_used && x$r_buff0_thd1 ? x$w_buff1 : x$w_buff1));
                                                           ~~ ~~~~~~~~~~~~~~~~^~~~~~~~~~~~~~~~~~
safe015_rmo.oepc_false-unreach-call.c:206:79: note: place parentheses around the '&&' expression to silence this warning
  x$w_buff1 = weak$$choice2 ? x$w_buff1 : (!x$w_buff0_used || !x$r_buff0_thd1 && !x$w_buff1_used || !x$r_buff0_thd1 && !x$r_buff1_thd1 ? x$w_buff1 : (x$w_buff0_used && x$r_buff0_thd1 ? x$w_buff1 : x$w_buff1));
                                                                              ^
                                                              (                                 )
safe015_rmo.oepc_false-unreach-call.c:206:117: warning: '&&' within '||' [-Wlogical-op-parentheses]
  x$w_buff1 = weak$$choice2 ? x$w_buff1 : (!x$w_buff0_used || !x$r_buff0_thd1 && !x$w_buff1_used || !x$r_buff0_thd1 && !x$r_buff1_thd1 ? x$w_buff1 : (x$w_buff0_used && x$r_buff0_thd1 ? x$w_buff1 : x$w_buff1));
                                                                                                 ~~ ~~~~~~~~~~~~~~~~^~~~~~~~~~~~~~~~~~
safe015_rmo.oepc_false-unreach-call.c:206:117: note: place parentheses around the '&&' expression to silence this warning
  x$w_buff1 = weak$$choice2 ? x$w_buff1 : (!x$w_buff0_used || !x$r_buff0_thd1 && !x$w_buff1_used || !x$r_buff0_thd1 && !x$r_buff1_thd1 ? x$w_buff1 : (x$w_buff0_used && x$r_buff0_thd1 ? x$w_buff1 : x$w_buff1));
                                                                                                                    ^
                                                                                                    (                                 )
safe015_rmo.oepc_false-unreach-call.c:207:89: warning: '&&' within '||' [-Wlogical-op-parentheses]
  x$w_buff0_used = weak$$choice2 ? x$w_buff0_used : (!x$w_buff0_used || !x$r_buff0_thd1 && !x$w_buff1_used || !x$r_buff0_thd1 && !x$r_buff1_thd1 ? x$w_buff0_used : (x$w_buff0_used && x$r_buff0_thd1 ? FALSE : x$w_buff0_used));
                                                                     ~~ ~~~~~~~~~~~~~~~~^~~~~~~~~~~~~~~~~~
safe015_rmo.oepc_false-unreach-call.c:207:89: note: place parentheses around the '&&' expression to silence this warning
  x$w_buff0_used = weak$$choice2 ? x$w_buff0_used : (!x$w_buff0_used || !x$r_buff0_thd1 && !x$w_buff1_used || !x$r_buff0_thd1 && !x$r_buff1_thd1 ? x$w_buff0_used : (x$w_buff0_used && x$r_buff0_thd1 ? FALSE : x$w_buff0_used));
                                                                                        ^
                                                                        (                                 )
safe015_rmo.oepc_false-unreach-call.c:207:127: warning: '&&' within '||' [-Wlogical-op-parentheses]
  x$w_buff0_used = weak$$choice2 ? x$w_buff0_used : (!x$w_buff0_used || !x$r_buff0_thd1 && !x$w_buff1_used || !x$r_buff0_thd1 && !x$r_buff1_thd1 ? x$w_buff0_used : (x$w_buff0_used && x$r_buff0_thd1 ? FALSE : x$w_buff0_used));
                                                                                                           ~~ ~~~~~~~~~~~~~~~~^~~~~~~~~~~~~~~~~~
safe015_rmo.oepc_false-unreach-call.c:207:127: note: place parentheses around the '&&' expression to silence this warning
  x$w_buff0_used = weak$$choice2 ? x$w_buff0_used : (!x$w_buff0_used || !x$r_buff0_thd1 && !x$w_buff1_used || !x$r_buff0_thd1 && !x$r_buff1_thd1 ? x$w_buff0_used : (x$w_buff0_used && x$r_buff0_thd1 ? FALSE : x$w_buff0_used));
                                                                                                                              ^
                                                                                                              (                                 )
safe015_rmo.oepc_false-unreach-call.c:208:89: warning: '&&' within '||' [-Wlogical-op-parentheses]
  x$w_buff1_used = weak$$choice2 ? x$w_buff1_used : (!x$w_buff0_used || !x$r_buff0_thd1 && !x$w_buff1_used || !x$r_buff0_thd1 && !x$r_buff1_thd1 ? x$w_buff1_used : (x$w_buff0_used && x$r_buff0_thd1 ? FALSE : FALSE));
                                                                     ~~ ~~~~~~~~~~~~~~~~^~~~~~~~~~~~~~~~~~
safe015_rmo.oepc_false-unreach-call.c:208:89: note: place parentheses around the '&&' expression to silence this warning
  x$w_buff1_used = weak$$choice2 ? x$w_buff1_used : (!x$w_buff0_used || !x$r_buff0_thd1 && !x$w_buff1_used || !x$r_buff0_thd1 && !x$r_buff1_thd1 ? x$w_buff1_used : (x$w_buff0_used && x$r_buff0_thd1 ? FALSE : FALSE));
                                                                                        ^
                                                                        (                                 )
safe015_rmo.oepc_false-unreach-call.c:208:127: warning: '&&' within '||' [-Wlogical-op-parentheses]
  x$w_buff1_used = weak$$choice2 ? x$w_buff1_used : (!x$w_buff0_used || !x$r_buff0_thd1 && !x$w_buff1_used || !x$r_buff0_thd1 && !x$r_buff1_thd1 ? x$w_buff1_used : (x$w_buff0_used && x$r_buff0_thd1 ? FALSE : FALSE));
                                                                                                           ~~ ~~~~~~~~~~~~~~~~^~~~~~~~~~~~~~~~~~
safe015_rmo.oepc_false-unreach-call.c:208:127: note: place parentheses around the '&&' expression to silence this warning
  x$w_buff1_used = weak$$choice2 ? x$w_buff1_used : (!x$w_buff0_used || !x$r_buff0_thd1 && !x$w_buff1_used || !x$r_buff0_thd1 && !x$r_buff1_thd1 ? x$w_buff1_used : (x$w_buff0_used && x$r_buff0_thd1 ? FALSE : FALSE));
                                                                                                                              ^
                                                                                                              (                                 )
safe015_rmo.oepc_false-unreach-call.c:209:89: warning: '&&' within '||' [-Wlogical-op-parentheses]
  x$r_buff0_thd1 = weak$$choice2 ? x$r_buff0_thd1 : (!x$w_buff0_used || !x$r_buff0_thd1 && !x$w_buff1_used || !x$r_buff0_thd1 && !x$r_buff1_thd1 ? x$r_buff0_thd1 : (x$w_buff0_used && x$r_buff0_thd1 ? FALSE : x$r_buff0_thd1));
                                                                     ~~ ~~~~~~~~~~~~~~~~^~~~~~~~~~~~~~~~~~
safe015_rmo.oepc_false-unreach-call.c:209:89: note: place parentheses around the '&&' expression to silence this warning
  x$r_buff0_thd1 = weak$$choice2 ? x$r_buff0_thd1 : (!x$w_buff0_used || !x$r_buff0_thd1 && !x$w_buff1_used || !x$r_buff0_thd1 && !x$r_buff1_thd1 ? x$r_buff0_thd1 : (x$w_buff0_used && x$r_buff0_thd1 ? FALSE : x$r_buff0_thd1));
                                                                                        ^
                                                                        (                                 )
safe015_rmo.oepc_false-unreach-call.c:209:127: warning: '&&' within '||' [-Wlogical-op-parentheses]
  x$r_buff0_thd1 = weak$$choice2 ? x$r_buff0_thd1 : (!x$w_buff0_used || !x$r_buff0_thd1 && !x$w_buff1_used || !x$r_buff0_thd1 && !x$r_buff1_thd1 ? x$r_buff0_thd1 : (x$w_buff0_used && x$r_buff0_thd1 ? FALSE : x$r_buff0_thd1));
                                                                                                           ~~ ~~~~~~~~~~~~~~~~^~~~~~~~~~~~~~~~~~
safe015_rmo.oepc_false-unreach-call.c:209:127: note: place parentheses around the '&&' expression to silence this warning
  x$r_buff0_thd1 = weak$$choice2 ? x$r_buff0_thd1 : (!x$w_buff0_used || !x$r_buff0_thd1 && !x$w_buff1_used || !x$r_buff0_thd1 && !x$r_buff1_thd1 ? x$r_buff0_thd1 : (x$w_buff0_used && x$r_buff0_thd1 ? FALSE : x$r_buff0_thd1));
                                                                                                                              ^
                                                                                                              (                                 )
safe015_rmo.oepc_false-unreach-call.c:210:89: warning: '&&' within '||' [-Wlogical-op-parentheses]
  x$r_buff1_thd1 = weak$$choice2 ? x$r_buff1_thd1 : (!x$w_buff0_used || !x$r_buff0_thd1 && !x$w_buff1_used || !x$r_buff0_thd1 && !x$r_buff1_thd1 ? x$r_buff1_thd1 : (x$w_buff0_used && x$r_buff0_thd1 ? FALSE : FALSE));
                                                                     ~~ ~~~~~~~~~~~~~~~~^~~~~~~~~~~~~~~~~~
safe015_rmo.oepc_false-unreach-call.c:210:89: note: place parentheses around the '&&' expression to silence this warning
  x$r_buff1_thd1 = weak$$choice2 ? x$r_buff1_thd1 : (!x$w_buff0_used || !x$r_buff0_thd1 && !x$w_buff1_used || !x$r_buff0_thd1 && !x$r_buff1_thd1 ? x$r_buff1_thd1 : (x$w_buff0_used && x$r_buff0_thd1 ? FALSE : FALSE));
                                                                                        ^
                                                                        (                                 )
safe015_rmo.oepc_false-unreach-call.c:210:127: warning: '&&' within '||' [-Wlogical-op-parentheses]
  x$r_buff1_thd1 = weak$$choice2 ? x$r_buff1_thd1 : (!x$w_buff0_used || !x$r_buff0_thd1 && !x$w_buff1_used || !x$r_buff0_thd1 && !x$r_buff1_thd1 ? x$r_buff1_thd1 : (x$w_buff0_used && x$r_buff0_thd1 ? FALSE : FALSE));
                                                                                                           ~~ ~~~~~~~~~~~~~~~~^~~~~~~~~~~~~~~~~~
safe015_rmo.oepc_false-unreach-call.c:210:127: note: place parentheses around the '&&' expression to silence this warning
  x$r_buff1_thd1 = weak$$choice2 ? x$r_buff1_thd1 : (!x$w_buff0_used || !x$r_buff0_thd1 && !x$w_buff1_used || !x$r_buff0_thd1 && !x$r_buff1_thd1 ? x$r_buff1_thd1 : (x$w_buff0_used && x$r_buff0_thd1 ? FALSE : FALSE));
                                                                                                                              ^
                                                                                                              (                                 )
safe015_rmo.oepc_false-unreach-call.c:220:10: warning: implicit declaration of function 'nondet_1' is invalid in C99 [-Wimplicit-function-declaration]
  return nondet_1();
         ^
safe015_rmo.oepc_false-unreach-call.c:220:10: warning: incompatible integer to pointer conversion returning 'int' from a function with result type 'void *' [-Wint-conversion]
  return nondet_1();
         ^~~~~~~~~~
safe015_rmo.oepc_false-unreach-call.c:236:35: warning: '&&' within '||' [-Wlogical-op-parentheses]
  x$w_buff1_used = x$w_buff0_used && x$r_buff0_thd2 || x$w_buff1_used && x$r_buff1_thd2 ? FALSE : x$w_buff1_used;
                   ~~~~~~~~~~~~~~~^~~~~~~~~~~~~~~~~ ~~
safe015_rmo.oepc_false-unreach-call.c:236:35: note: place parentheses around the '&&' expression to silence this warning
  x$w_buff1_used = x$w_buff0_used && x$r_buff0_thd2 || x$w_buff1_used && x$r_buff1_thd2 ? FALSE : x$w_buff1_used;
                                  ^
                   (                               )
safe015_rmo.oepc_false-unreach-call.c:236:71: warning: '&&' within '||' [-Wlogical-op-parentheses]
  x$w_buff1_used = x$w_buff0_used && x$r_buff0_thd2 || x$w_buff1_used && x$r_buff1_thd2 ? FALSE : x$w_buff1_used;
                                                    ~~ ~~~~~~~~~~~~~~~^~~~~~~~~~~~~~~~~
safe015_rmo.oepc_false-unreach-call.c:236:71: note: place parentheses around the '&&' expression to silence this warning
  x$w_buff1_used = x$w_buff0_used && x$r_buff0_thd2 || x$w_buff1_used && x$r_buff1_thd2 ? FALSE : x$w_buff1_used;
                                                                      ^
                                                       (                               )
safe015_rmo.oepc_false-unreach-call.c:238:35: warning: '&&' within '||' [-Wlogical-op-parentheses]
  x$r_buff1_thd2 = x$w_buff0_used && x$r_buff0_thd2 || x$w_buff1_used && x$r_buff1_thd2 ? FALSE : x$r_buff1_thd2;
                   ~~~~~~~~~~~~~~~^~~~~~~~~~~~~~~~~ ~~
safe015_rmo.oepc_false-unreach-call.c:238:35: note: place parentheses around the '&&' expression to silence this warning
  x$r_buff1_thd2 = x$w_buff0_used && x$r_buff0_thd2 || x$w_buff1_used && x$r_buff1_thd2 ? FALSE : x$r_buff1_thd2;
                                  ^
                   (                               )
safe015_rmo.oepc_false-unreach-call.c:238:71: warning: '&&' within '||' [-Wlogical-op-parentheses]
  x$r_buff1_thd2 = x$w_buff0_used && x$r_buff0_thd2 || x$w_buff1_used && x$r_buff1_thd2 ? FALSE : x$r_buff1_thd2;
                                                    ~~ ~~~~~~~~~~~~~~~^~~~~~~~~~~~~~~~~
safe015_rmo.oepc_false-unreach-call.c:238:71: note: place parentheses around the '&&' expression to silence this warning
  x$r_buff1_thd2 = x$w_buff0_used && x$r_buff0_thd2 || x$w_buff1_used && x$r_buff1_thd2 ? FALSE : x$r_buff1_thd2;
                                                                      ^
                                                       (                               )
safe015_rmo.oepc_false-unreach-call.c:243:10: warning: incompatible integer to pointer conversion returning 'int' from a function with result type 'void *' [-Wint-conversion]
  return nondet_1();
         ^~~~~~~~~~
safe015_rmo.oepc_false-unreach-call.c:255:42: warning: '&&' within '||' [-Wlogical-op-parentheses]
  x = !x$w_buff0_used || !x$r_buff0_thd3 && !x$w_buff1_used || !x$r_buff0_thd3 && !x$r_buff1_thd3 ? x : (x$w_buff0_used && x$r_buff0_thd3 ? x$w_buff0 : x$w_buff1);
                      ~~ ~~~~~~~~~~~~~~~~^~~~~~~~~~~~~~~~~~
safe015_rmo.oepc_false-unreach-call.c:255:42: note: place parentheses around the '&&' expression to silence this warning
  x = !x$w_buff0_used || !x$r_buff0_thd3 && !x$w_buff1_used || !x$r_buff0_thd3 && !x$r_buff1_thd3 ? x : (x$w_buff0_used && x$r_buff0_thd3 ? x$w_buff0 : x$w_buff1);
                                         ^
                         (                                 )
safe015_rmo.oepc_false-unreach-call.c:255:80: warning: '&&' within '||' [-Wlogical-op-parentheses]
  x = !x$w_buff0_used || !x$r_buff0_thd3 && !x$w_buff1_used || !x$r_buff0_thd3 && !x$r_buff1_thd3 ? x : (x$w_buff0_used && x$r_buff0_thd3 ? x$w_buff0 : x$w_buff1);
                                                            ~~ ~~~~~~~~~~~~~~~~^~~~~~~~~~~~~~~~~~
safe015_rmo.oepc_false-unreach-call.c:255:80: note: place parentheses around the '&&' expression to silence this warning
  x = !x$w_buff0_used || !x$r_buff0_thd3 && !x$w_buff1_used || !x$r_buff0_thd3 && !x$r_buff1_thd3 ? x : (x$w_buff0_used && x$r_buff0_thd3 ? x$w_buff0 : x$w_buff1);
                                                                               ^
                                                               (                                 )
safe015_rmo.oepc_false-unreach-call.c:256:79: warning: '&&' within '||' [-Wlogical-op-parentheses]
  x$w_buff0 = weak$$choice2 ? x$w_buff0 : (!x$w_buff0_used || !x$r_buff0_thd3 && !x$w_buff1_used || !x$r_buff0_thd3 && !x$r_buff1_thd3 ? x$w_buff0 : (x$w_buff0_used && x$r_buff0_thd3 ? x$w_buff0 : x$w_buff0));
                                                           ~~ ~~~~~~~~~~~~~~~~^~~~~~~~~~~~~~~~~~
safe015_rmo.oepc_false-unreach-call.c:256:79: note: place parentheses around the '&&' expression to silence this warning
  x$w_buff0 = weak$$choice2 ? x$w_buff0 : (!x$w_buff0_used || !x$r_buff0_thd3 && !x$w_buff1_used || !x$r_buff0_thd3 && !x$r_buff1_thd3 ? x$w_buff0 : (x$w_buff0_used && x$r_buff0_thd3 ? x$w_buff0 : x$w_buff0));
                                                                              ^
                                                              (                                 )
safe015_rmo.oepc_false-unreach-call.c:256:117: warning: '&&' within '||' [-Wlogical-op-parentheses]
  x$w_buff0 = weak$$choice2 ? x$w_buff0 : (!x$w_buff0_used || !x$r_buff0_thd3 && !x$w_buff1_used || !x$r_buff0_thd3 && !x$r_buff1_thd3 ? x$w_buff0 : (x$w_buff0_used && x$r_buff0_thd3 ? x$w_buff0 : x$w_buff0));
                                                                                                 ~~ ~~~~~~~~~~~~~~~~^~~~~~~~~~~~~~~~~~
safe015_rmo.oepc_false-unreach-call.c:256:117: note: place parentheses around the '&&' expression to silence this warning
  x$w_buff0 = weak$$choice2 ? x$w_buff0 : (!x$w_buff0_used || !x$r_buff0_thd3 && !x$w_buff1_used || !x$r_buff0_thd3 && !x$r_buff1_thd3 ? x$w_buff0 : (x$w_buff0_used && x$r_buff0_thd3 ? x$w_buff0 : x$w_buff0));
                                                                                                                    ^
                                                                                                    (                                 )
safe015_rmo.oepc_false-unreach-call.c:257:79: warning: '&&' within '||' [-Wlogical-op-parentheses]
  x$w_buff1 = weak$$choice2 ? x$w_buff1 : (!x$w_buff0_used || !x$r_buff0_thd3 && !x$w_buff1_used || !x$r_buff0_thd3 && !x$r_buff1_thd3 ? x$w_buff1 : (x$w_buff0_used && x$r_buff0_thd3 ? x$w_buff1 : x$w_buff1));
                                                           ~~ ~~~~~~~~~~~~~~~~^~~~~~~~~~~~~~~~~~
safe015_rmo.oepc_false-unreach-call.c:257:79: note: place parentheses around the '&&' expression to silence this warning
  x$w_buff1 = weak$$choice2 ? x$w_buff1 : (!x$w_buff0_used || !x$r_buff0_thd3 && !x$w_buff1_used || !x$r_buff0_thd3 && !x$r_buff1_thd3 ? x$w_buff1 : (x$w_buff0_used && x$r_buff0_thd3 ? x$w_buff1 : x$w_buff1));
                                                                              ^
                                                              (                                 )
safe015_rmo.oepc_false-unreach-call.c:257:117: warning: '&&' within '||' [-Wlogical-op-parentheses]
  x$w_buff1 = weak$$choice2 ? x$w_buff1 : (!x$w_buff0_used || !x$r_buff0_thd3 && !x$w_buff1_used || !x$r_buff0_thd3 && !x$r_buff1_thd3 ? x$w_buff1 : (x$w_buff0_used && x$r_buff0_thd3 ? x$w_buff1 : x$w_buff1));
                                                                                                 ~~ ~~~~~~~~~~~~~~~~^~~~~~~~~~~~~~~~~~
safe015_rmo.oepc_false-unreach-call.c:257:117: note: place parentheses around the '&&' expression to silence this warning
  x$w_buff1 = weak$$choice2 ? x$w_buff1 : (!x$w_buff0_used || !x$r_buff0_thd3 && !x$w_buff1_used || !x$r_buff0_thd3 && !x$r_buff1_thd3 ? x$w_buff1 : (x$w_buff0_used && x$r_buff0_thd3 ? x$w_buff1 : x$w_buff1));
                                                                                                                    ^
                                                                                                    (                                 )
safe015_rmo.oepc_false-unreach-call.c:258:89: warning: '&&' within '||' [-Wlogical-op-parentheses]
  x$w_buff0_used = weak$$choice2 ? x$w_buff0_used : (!x$w_buff0_used || !x$r_buff0_thd3 && !x$w_buff1_used || !x$r_buff0_thd3 && !x$r_buff1_thd3 ? x$w_buff0_used : (x$w_buff0_used && x$r_buff0_thd3 ? FALSE : x$w_buff0_used));
                                                                     ~~ ~~~~~~~~~~~~~~~~^~~~~~~~~~~~~~~~~~
safe015_rmo.oepc_false-unreach-call.c:258:89: note: place parentheses around the '&&' expression to silence this warning
  x$w_buff0_used = weak$$choice2 ? x$w_buff0_used : (!x$w_buff0_used || !x$r_buff0_thd3 && !x$w_buff1_used || !x$r_buff0_thd3 && !x$r_buff1_thd3 ? x$w_buff0_used : (x$w_buff0_used && x$r_buff0_thd3 ? FALSE : x$w_buff0_used));
                                                                                        ^
                                                                        (                                 )
safe015_rmo.oepc_false-unreach-call.c:258:127: warning: '&&' within '||' [-Wlogical-op-parentheses]
  x$w_buff0_used = weak$$choice2 ? x$w_buff0_used : (!x$w_buff0_used || !x$r_buff0_thd3 && !x$w_buff1_used || !x$r_buff0_thd3 && !x$r_buff1_thd3 ? x$w_buff0_used : (x$w_buff0_used && x$r_buff0_thd3 ? FALSE : x$w_buff0_used));
                                                                                                           ~~ ~~~~~~~~~~~~~~~~^~~~~~~~~~~~~~~~~~
safe015_rmo.oepc_false-unreach-call.c:258:127: note: place parentheses around the '&&' expression to silence this warning
  x$w_buff0_used = weak$$choice2 ? x$w_buff0_used : (!x$w_buff0_used || !x$r_buff0_thd3 && !x$w_buff1_used || !x$r_buff0_thd3 && !x$r_buff1_thd3 ? x$w_buff0_used : (x$w_buff0_used && x$r_buff0_thd3 ? FALSE : x$w_buff0_used));
                                                                                                                              ^
                                                                                                              (                                 )
safe015_rmo.oepc_false-unreach-call.c:259:89: warning: '&&' within '||' [-Wlogical-op-parentheses]
  x$w_buff1_used = weak$$choice2 ? x$w_buff1_used : (!x$w_buff0_used || !x$r_buff0_thd3 && !x$w_buff1_used || !x$r_buff0_thd3 && !x$r_buff1_thd3 ? x$w_buff1_used : (x$w_buff0_used && x$r_buff0_thd3 ? FALSE : FALSE));
                                                                     ~~ ~~~~~~~~~~~~~~~~^~~~~~~~~~~~~~~~~~
safe015_rmo.oepc_false-unreach-call.c:259:89: note: place parentheses around the '&&' expression to silence this warning
  x$w_buff1_used = weak$$choice2 ? x$w_buff1_used : (!x$w_buff0_used || !x$r_buff0_thd3 && !x$w_buff1_used || !x$r_buff0_thd3 && !x$r_buff1_thd3 ? x$w_buff1_used : (x$w_buff0_used && x$r_buff0_thd3 ? FALSE : FALSE));
                                                                                        ^
                                                                        (                                 )
safe015_rmo.oepc_false-unreach-call.c:259:127: warning: '&&' within '||' [-Wlogical-op-parentheses]
  x$w_buff1_used = weak$$choice2 ? x$w_buff1_used : (!x$w_buff0_used || !x$r_buff0_thd3 && !x$w_buff1_used || !x$r_buff0_thd3 && !x$r_buff1_thd3 ? x$w_buff1_used : (x$w_buff0_used && x$r_buff0_thd3 ? FALSE : FALSE));
                                                                                                           ~~ ~~~~~~~~~~~~~~~~^~~~~~~~~~~~~~~~~~
safe015_rmo.oepc_false-unreach-call.c:259:127: note: place parentheses around the '&&' expression to silence this warning
  x$w_buff1_used = weak$$choice2 ? x$w_buff1_used : (!x$w_buff0_used || !x$r_buff0_thd3 && !x$w_buff1_used || !x$r_buff0_thd3 && !x$r_buff1_thd3 ? x$w_buff1_used : (x$w_buff0_used && x$r_buff0_thd3 ? FALSE : FALSE));
                                                                                                                              ^
                                                                                                              (                                 )
safe015_rmo.oepc_false-unreach-call.c:260:89: warning: '&&' within '||' [-Wlogical-op-parentheses]
  x$r_buff0_thd3 = weak$$choice2 ? x$r_buff0_thd3 : (!x$w_buff0_used || !x$r_buff0_thd3 && !x$w_buff1_used || !x$r_buff0_thd3 && !x$r_buff1_thd3 ? x$r_buff0_thd3 : (x$w_buff0_used && x$r_buff0_thd3 ? FALSE : x$r_buff0_thd3));
                                                                     ~~ ~~~~~~~~~~~~~~~~^~~~~~~~~~~~~~~~~~
safe015_rmo.oepc_false-unreach-call.c:260:89: note: place parentheses around the '&&' expression to silence this warning
  x$r_buff0_thd3 = weak$$choice2 ? x$r_buff0_thd3 : (!x$w_buff0_used || !x$r_buff0_thd3 && !x$w_buff1_used || !x$r_buff0_thd3 && !x$r_buff1_thd3 ? x$r_buff0_thd3 : (x$w_buff0_used && x$r_buff0_thd3 ? FALSE : x$r_buff0_thd3));
                                                                                        ^
                                                                        (                                 )
safe015_rmo.oepc_false-unreach-call.c:260:127: warning: '&&' within '||' [-Wlogical-op-parentheses]
  x$r_buff0_thd3 = weak$$choice2 ? x$r_buff0_thd3 : (!x$w_buff0_used || !x$r_buff0_thd3 && !x$w_buff1_used || !x$r_buff0_thd3 && !x$r_buff1_thd3 ? x$r_buff0_thd3 : (x$w_buff0_used && x$r_buff0_thd3 ? FALSE : x$r_buff0_thd3));
                                                                                                           ~~ ~~~~~~~~~~~~~~~~^~~~~~~~~~~~~~~~~~
safe015_rmo.oepc_false-unreach-call.c:260:127: note: place parentheses around the '&&' expression to silence this warning
  x$r_buff0_thd3 = weak$$choice2 ? x$r_buff0_thd3 : (!x$w_buff0_used || !x$r_buff0_thd3 && !x$w_buff1_used || !x$r_buff0_thd3 && !x$r_buff1_thd3 ? x$r_buff0_thd3 : (x$w_buff0_used && x$r_buff0_thd3 ? FALSE : x$r_buff0_thd3));
                                                                                                                              ^
                                                                                                              (                                 )
safe015_rmo.oepc_false-unreach-call.c:261:89: warning: '&&' within '||' [-Wlogical-op-parentheses]
  x$r_buff1_thd3 = weak$$choice2 ? x$r_buff1_thd3 : (!x$w_buff0_used || !x$r_buff0_thd3 && !x$w_buff1_used || !x$r_buff0_thd3 && !x$r_buff1_thd3 ? x$r_buff1_thd3 : (x$w_buff0_used && x$r_buff0_thd3 ? FALSE : FALSE));
                                                                     ~~ ~~~~~~~~~~~~~~~~^~~~~~~~~~~~~~~~~~
safe015_rmo.oepc_false-unreach-call.c:261:89: note: place parentheses around the '&&' expression to silence this warning
  x$r_buff1_thd3 = weak$$choice2 ? x$r_buff1_thd3 : (!x$w_buff0_used || !x$r_buff0_thd3 && !x$w_buff1_used || !x$r_buff0_thd3 && !x$r_buff1_thd3 ? x$r_buff1_thd3 : (x$w_buff0_used && x$r_buff0_thd3 ? FALSE : FALSE));
                                                                                        ^
                                                                        (                                 )
safe015_rmo.oepc_false-unreach-call.c:261:127: warning: '&&' within '||' [-Wlogical-op-parentheses]
  x$r_buff1_thd3 = weak$$choice2 ? x$r_buff1_thd3 : (!x$w_buff0_used || !x$r_buff0_thd3 && !x$w_buff1_used || !x$r_buff0_thd3 && !x$r_buff1_thd3 ? x$r_buff1_thd3 : (x$w_buff0_used && x$r_buff0_thd3 ? FALSE : FALSE));
                                                                                                           ~~ ~~~~~~~~~~~~~~~~^~~~~~~~~~~~~~~~~~
safe015_rmo.oepc_false-unreach-call.c:261:127: note: place parentheses around the '&&' expression to silence this warning
  x$r_buff1_thd3 = weak$$choice2 ? x$r_buff1_thd3 : (!x$w_buff0_used || !x$r_buff0_thd3 && !x$w_buff1_used || !x$r_buff0_thd3 && !x$r_buff1_thd3 ? x$r_buff1_thd3 : (x$w_buff0_used && x$r_buff0_thd3 ? FALSE : FALSE));
                                                                                                                              ^
                                                                                                              (                                 )
safe015_rmo.oepc_false-unreach-call.c:274:35: warning: '&&' within '||' [-Wlogical-op-parentheses]
  x$w_buff1_used = x$w_buff0_used && x$r_buff0_thd3 || x$w_buff1_used && x$r_buff1_thd3 ? FALSE : x$w_buff1_used;
                   ~~~~~~~~~~~~~~~^~~~~~~~~~~~~~~~~ ~~
safe015_rmo.oepc_false-unreach-call.c:274:35: note: place parentheses around the '&&' expression to silence this warning
  x$w_buff1_used = x$w_buff0_used && x$r_buff0_thd3 || x$w_buff1_used && x$r_buff1_thd3 ? FALSE : x$w_buff1_used;
                                  ^
                   (                               )
safe015_rmo.oepc_false-unreach-call.c:274:71: warning: '&&' within '||' [-Wlogical-op-parentheses]
  x$w_buff1_used = x$w_buff0_used && x$r_buff0_thd3 || x$w_buff1_used && x$r_buff1_thd3 ? FALSE : x$w_buff1_used;
                                                    ~~ ~~~~~~~~~~~~~~~^~~~~~~~~~~~~~~~~
safe015_rmo.oepc_false-unreach-call.c:274:71: note: place parentheses around the '&&' expression to silence this warning
  x$w_buff1_used = x$w_buff0_used && x$r_buff0_thd3 || x$w_buff1_used && x$r_buff1_thd3 ? FALSE : x$w_buff1_used;
                                                                      ^
                                                       (                               )
safe015_rmo.oepc_false-unreach-call.c:276:35: warning: '&&' within '||' [-Wlogical-op-parentheses]
  x$r_buff1_thd3 = x$w_buff0_used && x$r_buff0_thd3 || x$w_buff1_used && x$r_buff1_thd3 ? FALSE : x$r_buff1_thd3;
                   ~~~~~~~~~~~~~~~^~~~~~~~~~~~~~~~~ ~~
safe015_rmo.oepc_false-unreach-call.c:276:35: note: place parentheses around the '&&' expression to silence this warning
  x$r_buff1_thd3 = x$w_buff0_used && x$r_buff0_thd3 || x$w_buff1_used && x$r_buff1_thd3 ? FALSE : x$r_buff1_thd3;
                                  ^
                   (                               )
safe015_rmo.oepc_false-unreach-call.c:276:71: warning: '&&' within '||' [-Wlogical-op-parentheses]
  x$r_buff1_thd3 = x$w_buff0_used && x$r_buff0_thd3 || x$w_buff1_used && x$r_buff1_thd3 ? FALSE : x$r_buff1_thd3;
                                                    ~~ ~~~~~~~~~~~~~~~^~~~~~~~~~~~~~~~~
safe015_rmo.oepc_false-unreach-call.c:276:71: note: place parentheses around the '&&' expression to silence this warning
  x$r_buff1_thd3 = x$w_buff0_used && x$r_buff0_thd3 || x$w_buff1_used && x$r_buff1_thd3 ? FALSE : x$r_buff1_thd3;
                                                                      ^
                                                       (                               )
safe015_rmo.oepc_false-unreach-call.c:281:10: warning: incompatible integer to pointer conversion returning 'int' from a function with result type 'void *' [-Wint-conversion]
  return nondet_1();
         ^~~~~~~~~~
safe015_rmo.oepc_false-unreach-call.c:309:38: warning: null passed to a callee which requires a non-null argument [-Wnonnull]
  pthread_create(NULL, NULL, P0, NULL);
                 ~~~~                ^
safe015_rmo.oepc_false-unreach-call.c:310:38: warning: null passed to a callee which requires a non-null argument [-Wnonnull]
  pthread_create(NULL, NULL, P1, NULL);
                 ~~~~                ^
safe015_rmo.oepc_false-unreach-call.c:311:38: warning: null passed to a callee which requires a non-null argument [-Wnonnull]
  pthread_create(NULL, NULL, P2, NULL);
                 ~~~~                ^
safe015_rmo.oepc_false-unreach-call.c:319:35: warning: '&&' within '||' [-Wlogical-op-parentheses]
  x$w_buff1_used = x$w_buff0_used && x$r_buff0_thd0 || x$w_buff1_used && x$r_buff1_thd0 ? FALSE : x$w_buff1_used;
                   ~~~~~~~~~~~~~~~^~~~~~~~~~~~~~~~~ ~~
safe015_rmo.oepc_false-unreach-call.c:319:35: note: place parentheses around the '&&' expression to silence this warning
  x$w_buff1_used = x$w_buff0_used && x$r_buff0_thd0 || x$w_buff1_used && x$r_buff1_thd0 ? FALSE : x$w_buff1_used;
                                  ^
                   (                               )
safe015_rmo.oepc_false-unreach-call.c:319:71: warning: '&&' within '||' [-Wlogical-op-parentheses]
  x$w_buff1_used = x$w_buff0_used && x$r_buff0_thd0 || x$w_buff1_used && x$r_buff1_thd0 ? FALSE : x$w_buff1_used;
                                                    ~~ ~~~~~~~~~~~~~~~^~~~~~~~~~~~~~~~~
safe015_rmo.oepc_false-unreach-call.c:319:71: note: place parentheses around the '&&' expression to silence this warning
  x$w_buff1_used = x$w_buff0_used && x$r_buff0_thd0 || x$w_buff1_used && x$r_buff1_thd0 ? FALSE : x$w_buff1_used;
                                                                      ^
                                                       (                               )
safe015_rmo.oepc_false-unreach-call.c:321:35: warning: '&&' within '||' [-Wlogical-op-parentheses]
  x$r_buff1_thd0 = x$w_buff0_used && x$r_buff0_thd0 || x$w_buff1_used && x$r_buff1_thd0 ? FALSE : x$r_buff1_thd0;
                   ~~~~~~~~~~~~~~~^~~~~~~~~~~~~~~~~ ~~
safe015_rmo.oepc_false-unreach-call.c:321:35: note: place parentheses around the '&&' expression to silence this warning
  x$r_buff1_thd0 = x$w_buff0_used && x$r_buff0_thd0 || x$w_buff1_used && x$r_buff1_thd0 ? FALSE : x$r_buff1_thd0;
                                  ^
                   (                               )
safe015_rmo.oepc_false-unreach-call.c:321:71: warning: '&&' within '||' [-Wlogical-op-parentheses]
  x$r_buff1_thd0 = x$w_buff0_used && x$r_buff0_thd0 || x$w_buff1_used && x$r_buff1_thd0 ? FALSE : x$r_buff1_thd0;
                                                    ~~ ~~~~~~~~~~~~~~~^~~~~~~~~~~~~~~~~
safe015_rmo.oepc_false-unreach-call.c:321:71: note: place parentheses around the '&&' expression to silence this warning
  x$r_buff1_thd0 = x$w_buff0_used && x$r_buff0_thd0 || x$w_buff1_used && x$r_buff1_thd0 ? FALSE : x$r_buff1_thd0;
                                                                      ^
                                                       (                               )
safe015_rmo.oepc_false-unreach-call.c:338:42: warning: '&&' within '||' [-Wlogical-op-parentheses]
  x = !x$w_buff0_used || !x$r_buff0_thd0 && !x$w_buff1_used || !x$r_buff0_thd0 && !x$r_buff1_thd0 ? x : (x$w_buff0_used && x$r_buff0_thd0 ? x$w_buff0 : x$w_buff1);
                      ~~ ~~~~~~~~~~~~~~~~^~~~~~~~~~~~~~~~~~
safe015_rmo.oepc_false-unreach-call.c:338:42: note: place parentheses around the '&&' expression to silence this warning
  x = !x$w_buff0_used || !x$r_buff0_thd0 && !x$w_buff1_used || !x$r_buff0_thd0 && !x$r_buff1_thd0 ? x : (x$w_buff0_used && x$r_buff0_thd0 ? x$w_buff0 : x$w_buff1);
                                         ^
                         (                                 )
safe015_rmo.oepc_false-unreach-call.c:338:80: warning: '&&' within '||' [-Wlogical-op-parentheses]
  x = !x$w_buff0_used || !x$r_buff0_thd0 && !x$w_buff1_used || !x$r_buff0_thd0 && !x$r_buff1_thd0 ? x : (x$w_buff0_used && x$r_buff0_thd0 ? x$w_buff0 : x$w_buff1);
                                                            ~~ ~~~~~~~~~~~~~~~~^~~~~~~~~~~~~~~~~~
safe015_rmo.oepc_false-unreach-call.c:338:80: note: place parentheses around the '&&' expression to silence this warning
  x = !x$w_buff0_used || !x$r_buff0_thd0 && !x$w_buff1_used || !x$r_buff0_thd0 && !x$r_buff1_thd0 ? x : (x$w_buff0_used && x$r_buff0_thd0 ? x$w_buff0 : x$w_buff1);
                                                                               ^
                                                               (                                 )
safe015_rmo.oepc_false-unreach-call.c:341:79: warning: '&&' within '||' [-Wlogical-op-parentheses]
  x$w_buff0 = weak$$choice2 ? x$w_buff0 : (!x$w_buff0_used || !x$r_buff0_thd0 && !x$w_buff1_used || !x$r_buff0_thd0 && !x$r_buff1_thd0 ? x$w_buff0 : (x$w_buff0_used && x$r_buff0_thd0 ? x$w_buff0 : x$w_buff0));
                                                           ~~ ~~~~~~~~~~~~~~~~^~~~~~~~~~~~~~~~~~
safe015_rmo.oepc_false-unreach-call.c:341:79: note: place parentheses around the '&&' expression to silence this warning
  x$w_buff0 = weak$$choice2 ? x$w_buff0 : (!x$w_buff0_used || !x$r_buff0_thd0 && !x$w_buff1_used || !x$r_buff0_thd0 && !x$r_buff1_thd0 ? x$w_buff0 : (x$w_buff0_used && x$r_buff0_thd0 ? x$w_buff0 : x$w_buff0));
                                                                              ^
                                                              (                                 )
safe015_rmo.oepc_false-unreach-call.c:341:117: warning: '&&' within '||' [-Wlogical-op-parentheses]
  x$w_buff0 = weak$$choice2 ? x$w_buff0 : (!x$w_buff0_used || !x$r_buff0_thd0 && !x$w_buff1_used || !x$r_buff0_thd0 && !x$r_buff1_thd0 ? x$w_buff0 : (x$w_buff0_used && x$r_buff0_thd0 ? x$w_buff0 : x$w_buff0));
                                                                                                 ~~ ~~~~~~~~~~~~~~~~^~~~~~~~~~~~~~~~~~
safe015_rmo.oepc_false-unreach-call.c:341:117: note: place parentheses around the '&&' expression to silence this warning
  x$w_buff0 = weak$$choice2 ? x$w_buff0 : (!x$w_buff0_used || !x$r_buff0_thd0 && !x$w_buff1_used || !x$r_buff0_thd0 && !x$r_buff1_thd0 ? x$w_buff0 : (x$w_buff0_used && x$r_buff0_thd0 ? x$w_buff0 : x$w_buff0));
                                                                                                                    ^
                                                                                                    (                                 )
safe015_rmo.oepc_false-unreach-call.c:344:79: warning: '&&' within '||' [-Wlogical-op-parentheses]
  x$w_buff1 = weak$$choice2 ? x$w_buff1 : (!x$w_buff0_used || !x$r_buff0_thd0 && !x$w_buff1_used || !x$r_buff0_thd0 && !x$r_buff1_thd0 ? x$w_buff1 : (x$w_buff0_used && x$r_buff0_thd0 ? x$w_buff1 : x$w_buff1));
                                                           ~~ ~~~~~~~~~~~~~~~~^~~~~~~~~~~~~~~~~~
safe015_rmo.oepc_false-unreach-call.c:344:79: note: place parentheses around the '&&' expression to silence this warning
  x$w_buff1 = weak$$choice2 ? x$w_buff1 : (!x$w_buff0_used || !x$r_buff0_thd0 && !x$w_buff1_used || !x$r_buff0_thd0 && !x$r_buff1_thd0 ? x$w_buff1 : (x$w_buff0_used && x$r_buff0_thd0 ? x$w_buff1 : x$w_buff1));
                                                                              ^
                                                              (                                 )
safe015_rmo.oepc_false-unreach-call.c:344:117: warning: '&&' within '||' [-Wlogical-op-parentheses]
  x$w_buff1 = weak$$choice2 ? x$w_buff1 : (!x$w_buff0_used || !x$r_buff0_thd0 && !x$w_buff1_used || !x$r_buff0_thd0 && !x$r_buff1_thd0 ? x$w_buff1 : (x$w_buff0_used && x$r_buff0_thd0 ? x$w_buff1 : x$w_buff1));
                                                                                                 ~~ ~~~~~~~~~~~~~~~~^~~~~~~~~~~~~~~~~~
safe015_rmo.oepc_false-unreach-call.c:344:117: note: place parentheses around the '&&' expression to silence this warning
  x$w_buff1 = weak$$choice2 ? x$w_buff1 : (!x$w_buff0_used || !x$r_buff0_thd0 && !x$w_buff1_used || !x$r_buff0_thd0 && !x$r_buff1_thd0 ? x$w_buff1 : (x$w_buff0_used && x$r_buff0_thd0 ? x$w_buff1 : x$w_buff1));
                                                                                                                    ^
                                                                                                    (                                 )
safe015_rmo.oepc_false-unreach-call.c:347:89: warning: '&&' within '||' [-Wlogical-op-parentheses]
  x$w_buff0_used = weak$$choice2 ? x$w_buff0_used : (!x$w_buff0_used || !x$r_buff0_thd0 && !x$w_buff1_used || !x$r_buff0_thd0 && !x$r_buff1_thd0 ? x$w_buff0_used : (x$w_buff0_used && x$r_buff0_thd0 ? FALSE : x$w_buff0_used));
                                                                     ~~ ~~~~~~~~~~~~~~~~^~~~~~~~~~~~~~~~~~
safe015_rmo.oepc_false-unreach-call.c:347:89: note: place parentheses around the '&&' expression to silence this warning
  x$w_buff0_used = weak$$choice2 ? x$w_buff0_used : (!x$w_buff0_used || !x$r_buff0_thd0 && !x$w_buff1_used || !x$r_buff0_thd0 && !x$r_buff1_thd0 ? x$w_buff0_used : (x$w_buff0_used && x$r_buff0_thd0 ? FALSE : x$w_buff0_used));
                                                                                        ^
                                                                        (                                 )
safe015_rmo.oepc_false-unreach-call.c:347:127: warning: '&&' within '||' [-Wlogical-op-parentheses]
  x$w_buff0_used = weak$$choice2 ? x$w_buff0_used : (!x$w_buff0_used || !x$r_buff0_thd0 && !x$w_buff1_used || !x$r_buff0_thd0 && !x$r_buff1_thd0 ? x$w_buff0_used : (x$w_buff0_used && x$r_buff0_thd0 ? FALSE : x$w_buff0_used));
                                                                                                           ~~ ~~~~~~~~~~~~~~~~^~~~~~~~~~~~~~~~~~
safe015_rmo.oepc_false-unreach-call.c:347:127: note: place parentheses around the '&&' expression to silence this warning
  x$w_buff0_used = weak$$choice2 ? x$w_buff0_used : (!x$w_buff0_used || !x$r_buff0_thd0 && !x$w_buff1_used || !x$r_buff0_thd0 && !x$r_buff1_thd0 ? x$w_buff0_used : (x$w_buff0_used && x$r_buff0_thd0 ? FALSE : x$w_buff0_used));
                                                                                                                              ^
                                                                                                              (                                 )
safe015_rmo.oepc_false-unreach-call.c:350:89: warning: '&&' within '||' [-Wlogical-op-parentheses]
  x$w_buff1_used = weak$$choice2 ? x$w_buff1_used : (!x$w_buff0_used || !x$r_buff0_thd0 && !x$w_buff1_used || !x$r_buff0_thd0 && !x$r_buff1_thd0 ? x$w_buff1_used : (x$w_buff0_used && x$r_buff0_thd0 ? FALSE : FALSE));
                                                                     ~~ ~~~~~~~~~~~~~~~~^~~~~~~~~~~~~~~~~~
safe015_rmo.oepc_false-unreach-call.c:350:89: note: place parentheses around the '&&' expression to silence this warning
  x$w_buff1_used = weak$$choice2 ? x$w_buff1_used : (!x$w_buff0_used || !x$r_buff0_thd0 && !x$w_buff1_used || !x$r_buff0_thd0 && !x$r_buff1_thd0 ? x$w_buff1_used : (x$w_buff0_used && x$r_buff0_thd0 ? FALSE : FALSE));
                                                                                        ^
                                                                        (                                 )
safe015_rmo.oepc_false-unreach-call.c:350:127: warning: '&&' within '||' [-Wlogical-op-parentheses]
  x$w_buff1_used = weak$$choice2 ? x$w_buff1_used : (!x$w_buff0_used || !x$r_buff0_thd0 && !x$w_buff1_used || !x$r_buff0_thd0 && !x$r_buff1_thd0 ? x$w_buff1_used : (x$w_buff0_used && x$r_buff0_thd0 ? FALSE : FALSE));
                                                                                                           ~~ ~~~~~~~~~~~~~~~~^~~~~~~~~~~~~~~~~~
safe015_rmo.oepc_false-unreach-call.c:350:127: note: place parentheses around the '&&' expression to silence this warning
  x$w_buff1_used = weak$$choice2 ? x$w_buff1_used : (!x$w_buff0_used || !x$r_buff0_thd0 && !x$w_buff1_used || !x$r_buff0_thd0 && !x$r_buff1_thd0 ? x$w_buff1_used : (x$w_buff0_used && x$r_buff0_thd0 ? FALSE : FALSE));
                                                                                                                              ^
                                                                                                              (                                 )
safe015_rmo.oepc_false-unreach-call.c:353:89: warning: '&&' within '||' [-Wlogical-op-parentheses]
  x$r_buff0_thd0 = weak$$choice2 ? x$r_buff0_thd0 : (!x$w_buff0_used || !x$r_buff0_thd0 && !x$w_buff1_used || !x$r_buff0_thd0 && !x$r_buff1_thd0 ? x$r_buff0_thd0 : (x$w_buff0_used && x$r_buff0_thd0 ? FALSE : x$r_buff0_thd0));
                                                                     ~~ ~~~~~~~~~~~~~~~~^~~~~~~~~~~~~~~~~~
safe015_rmo.oepc_false-unreach-call.c:353:89: note: place parentheses around the '&&' expression to silence this warning
  x$r_buff0_thd0 = weak$$choice2 ? x$r_buff0_thd0 : (!x$w_buff0_used || !x$r_buff0_thd0 && !x$w_buff1_used || !x$r_buff0_thd0 && !x$r_buff1_thd0 ? x$r_buff0_thd0 : (x$w_buff0_used && x$r_buff0_thd0 ? FALSE : x$r_buff0_thd0));
                                                                                        ^
                                                                        (                                 )
safe015_rmo.oepc_false-unreach-call.c:353:127: warning: '&&' within '||' [-Wlogical-op-parentheses]
  x$r_buff0_thd0 = weak$$choice2 ? x$r_buff0_thd0 : (!x$w_buff0_used || !x$r_buff0_thd0 && !x$w_buff1_used || !x$r_buff0_thd0 && !x$r_buff1_thd0 ? x$r_buff0_thd0 : (x$w_buff0_used && x$r_buff0_thd0 ? FALSE : x$r_buff0_thd0));
                                                                                                           ~~ ~~~~~~~~~~~~~~~~^~~~~~~~~~~~~~~~~~
safe015_rmo.oepc_false-unreach-call.c:353:127: note: place parentheses around the '&&' expression to silence this warning
  x$r_buff0_thd0 = weak$$choice2 ? x$r_buff0_thd0 : (!x$w_buff0_used || !x$r_buff0_thd0 && !x$w_buff1_used || !x$r_buff0_thd0 && !x$r_buff1_thd0 ? x$r_buff0_thd0 : (x$w_buff0_used && x$r_buff0_thd0 ? FALSE : x$r_buff0_thd0));
                                                                                                                              ^
                                                                                                              (                                 )
safe015_rmo.oepc_false-unreach-call.c:356:89: warning: '&&' within '||' [-Wlogical-op-parentheses]
  x$r_buff1_thd0 = weak$$choice2 ? x$r_buff1_thd0 : (!x$w_buff0_used || !x$r_buff0_thd0 && !x$w_buff1_used || !x$r_buff0_thd0 && !x$r_buff1_thd0 ? x$r_buff1_thd0 : (x$w_buff0_used && x$r_buff0_thd0 ? FALSE : FALSE));
                                                                     ~~ ~~~~~~~~~~~~~~~~^~~~~~~~~~~~~~~~~~
safe015_rmo.oepc_false-unreach-call.c:356:89: note: place parentheses around the '&&' expression to silence this warning
  x$r_buff1_thd0 = weak$$choice2 ? x$r_buff1_thd0 : (!x$w_buff0_used || !x$r_buff0_thd0 && !x$w_buff1_used || !x$r_buff0_thd0 && !x$r_buff1_thd0 ? x$r_buff1_thd0 : (x$w_buff0_used && x$r_buff0_thd0 ? FALSE : FALSE));
                                                                                        ^
                                                                        (                                 )
safe015_rmo.oepc_false-unreach-call.c:356:127: warning: '&&' within '||' [-Wlogical-op-parentheses]
  x$r_buff1_thd0 = weak$$choice2 ? x$r_buff1_thd0 : (!x$w_buff0_used || !x$r_buff0_thd0 && !x$w_buff1_used || !x$r_buff0_thd0 && !x$r_buff1_thd0 ? x$r_buff1_thd0 : (x$w_buff0_used && x$r_buff0_thd0 ? FALSE : FALSE));
                                                                                                           ~~ ~~~~~~~~~~~~~~~~^~~~~~~~~~~~~~~~~~
safe015_rmo.oepc_false-unreach-call.c:356:127: note: place parentheses around the '&&' expression to silence this warning
  x$r_buff1_thd0 = weak$$choice2 ? x$r_buff1_thd0 : (!x$w_buff0_used || !x$r_buff0_thd0 && !x$w_buff1_used || !x$r_buff0_thd0 && !x$r_buff1_thd0 ? x$r_buff1_thd0 : (x$w_buff0_used && x$r_buff0_thd0 ? FALSE : FALSE));
                                                                                                                              ^
                                                                                                              (                                 )
63 warnings generated.
