safe031_power.oepc_false-unreach-call.c:4:34: warning: implicit declaration of function '__VERIFIER_assume' is invalid in C99 [-Wimplicit-function-declaration]
void __VERIFIER_atomic_begin() { __VERIFIER_assume(__global_lock==0); __global_lock=1; return; }
                                 ^
safe031_power.oepc_false-unreach-call.c:149:19: warning: implicit declaration of function 'nondet_0' is invalid in C99 [-Wimplicit-function-declaration]
  weak$$choice0 = nondet_0();
                  ^
safe031_power.oepc_false-unreach-call.c:153:42: warning: '&&' within '||' [-Wlogical-op-parentheses]
  x = !x$w_buff0_used || !x$r_buff0_thd1 && !x$w_buff1_used || !x$r_buff0_thd1 && !x$r_buff1_thd1 ? x : (x$w_buff0_used && x$r_buff0_thd1 ? x$w_buff0 : x$w_buff1);
                      ~~ ~~~~~~~~~~~~~~~~^~~~~~~~~~~~~~~~~~
safe031_power.oepc_false-unreach-call.c:153:42: note: place parentheses around the '&&' expression to silence this warning
  x = !x$w_buff0_used || !x$r_buff0_thd1 && !x$w_buff1_used || !x$r_buff0_thd1 && !x$r_buff1_thd1 ? x : (x$w_buff0_used && x$r_buff0_thd1 ? x$w_buff0 : x$w_buff1);
                                         ^
                         (                                 )
safe031_power.oepc_false-unreach-call.c:153:80: warning: '&&' within '||' [-Wlogical-op-parentheses]
  x = !x$w_buff0_used || !x$r_buff0_thd1 && !x$w_buff1_used || !x$r_buff0_thd1 && !x$r_buff1_thd1 ? x : (x$w_buff0_used && x$r_buff0_thd1 ? x$w_buff0 : x$w_buff1);
                                                            ~~ ~~~~~~~~~~~~~~~~^~~~~~~~~~~~~~~~~~
safe031_power.oepc_false-unreach-call.c:153:80: note: place parentheses around the '&&' expression to silence this warning
  x = !x$w_buff0_used || !x$r_buff0_thd1 && !x$w_buff1_used || !x$r_buff0_thd1 && !x$r_buff1_thd1 ? x : (x$w_buff0_used && x$r_buff0_thd1 ? x$w_buff0 : x$w_buff1);
                                                                               ^
                                                               (                                 )
safe031_power.oepc_false-unreach-call.c:154:79: warning: '&&' within '||' [-Wlogical-op-parentheses]
  x$w_buff0 = weak$$choice2 ? x$w_buff0 : (!x$w_buff0_used || !x$r_buff0_thd1 && !x$w_buff1_used || !x$r_buff0_thd1 && !x$r_buff1_thd1 ? x$w_buff0 : (x$w_buff0_used && x$r_buff0_thd1 ? x$w_buff0 : x$w_buff0));
                                                           ~~ ~~~~~~~~~~~~~~~~^~~~~~~~~~~~~~~~~~
safe031_power.oepc_false-unreach-call.c:154:79: note: place parentheses around the '&&' expression to silence this warning
  x$w_buff0 = weak$$choice2 ? x$w_buff0 : (!x$w_buff0_used || !x$r_buff0_thd1 && !x$w_buff1_used || !x$r_buff0_thd1 && !x$r_buff1_thd1 ? x$w_buff0 : (x$w_buff0_used && x$r_buff0_thd1 ? x$w_buff0 : x$w_buff0));
                                                                              ^
                                                              (                                 )
safe031_power.oepc_false-unreach-call.c:154:117: warning: '&&' within '||' [-Wlogical-op-parentheses]
  x$w_buff0 = weak$$choice2 ? x$w_buff0 : (!x$w_buff0_used || !x$r_buff0_thd1 && !x$w_buff1_used || !x$r_buff0_thd1 && !x$r_buff1_thd1 ? x$w_buff0 : (x$w_buff0_used && x$r_buff0_thd1 ? x$w_buff0 : x$w_buff0));
                                                                                                 ~~ ~~~~~~~~~~~~~~~~^~~~~~~~~~~~~~~~~~
safe031_power.oepc_false-unreach-call.c:154:117: note: place parentheses around the '&&' expression to silence this warning
  x$w_buff0 = weak$$choice2 ? x$w_buff0 : (!x$w_buff0_used || !x$r_buff0_thd1 && !x$w_buff1_used || !x$r_buff0_thd1 && !x$r_buff1_thd1 ? x$w_buff0 : (x$w_buff0_used && x$r_buff0_thd1 ? x$w_buff0 : x$w_buff0));
                                                                                                                    ^
                                                                                                    (                                 )
safe031_power.oepc_false-unreach-call.c:155:79: warning: '&&' within '||' [-Wlogical-op-parentheses]
  x$w_buff1 = weak$$choice2 ? x$w_buff1 : (!x$w_buff0_used || !x$r_buff0_thd1 && !x$w_buff1_used || !x$r_buff0_thd1 && !x$r_buff1_thd1 ? x$w_buff1 : (x$w_buff0_used && x$r_buff0_thd1 ? x$w_buff1 : x$w_buff1));
                                                           ~~ ~~~~~~~~~~~~~~~~^~~~~~~~~~~~~~~~~~
safe031_power.oepc_false-unreach-call.c:155:79: note: place parentheses around the '&&' expression to silence this warning
  x$w_buff1 = weak$$choice2 ? x$w_buff1 : (!x$w_buff0_used || !x$r_buff0_thd1 && !x$w_buff1_used || !x$r_buff0_thd1 && !x$r_buff1_thd1 ? x$w_buff1 : (x$w_buff0_used && x$r_buff0_thd1 ? x$w_buff1 : x$w_buff1));
                                                                              ^
                                                              (                                 )
safe031_power.oepc_false-unreach-call.c:155:117: warning: '&&' within '||' [-Wlogical-op-parentheses]
  x$w_buff1 = weak$$choice2 ? x$w_buff1 : (!x$w_buff0_used || !x$r_buff0_thd1 && !x$w_buff1_used || !x$r_buff0_thd1 && !x$r_buff1_thd1 ? x$w_buff1 : (x$w_buff0_used && x$r_buff0_thd1 ? x$w_buff1 : x$w_buff1));
                                                                                                 ~~ ~~~~~~~~~~~~~~~~^~~~~~~~~~~~~~~~~~
safe031_power.oepc_false-unreach-call.c:155:117: note: place parentheses around the '&&' expression to silence this warning
  x$w_buff1 = weak$$choice2 ? x$w_buff1 : (!x$w_buff0_used || !x$r_buff0_thd1 && !x$w_buff1_used || !x$r_buff0_thd1 && !x$r_buff1_thd1 ? x$w_buff1 : (x$w_buff0_used && x$r_buff0_thd1 ? x$w_buff1 : x$w_buff1));
                                                                                                                    ^
                                                                                                    (                                 )
safe031_power.oepc_false-unreach-call.c:156:89: warning: '&&' within '||' [-Wlogical-op-parentheses]
  x$w_buff0_used = weak$$choice2 ? x$w_buff0_used : (!x$w_buff0_used || !x$r_buff0_thd1 && !x$w_buff1_used || !x$r_buff0_thd1 && !x$r_buff1_thd1 ? x$w_buff0_used : (x$w_buff0_used && x$r_buff0_thd1 ? FALSE : x$w_buff0_used));
                                                                     ~~ ~~~~~~~~~~~~~~~~^~~~~~~~~~~~~~~~~~
safe031_power.oepc_false-unreach-call.c:156:89: note: place parentheses around the '&&' expression to silence this warning
  x$w_buff0_used = weak$$choice2 ? x$w_buff0_used : (!x$w_buff0_used || !x$r_buff0_thd1 && !x$w_buff1_used || !x$r_buff0_thd1 && !x$r_buff1_thd1 ? x$w_buff0_used : (x$w_buff0_used && x$r_buff0_thd1 ? FALSE : x$w_buff0_used));
                                                                                        ^
                                                                        (                                 )
safe031_power.oepc_false-unreach-call.c:156:127: warning: '&&' within '||' [-Wlogical-op-parentheses]
  x$w_buff0_used = weak$$choice2 ? x$w_buff0_used : (!x$w_buff0_used || !x$r_buff0_thd1 && !x$w_buff1_used || !x$r_buff0_thd1 && !x$r_buff1_thd1 ? x$w_buff0_used : (x$w_buff0_used && x$r_buff0_thd1 ? FALSE : x$w_buff0_used));
                                                                                                           ~~ ~~~~~~~~~~~~~~~~^~~~~~~~~~~~~~~~~~
safe031_power.oepc_false-unreach-call.c:156:127: note: place parentheses around the '&&' expression to silence this warning
  x$w_buff0_used = weak$$choice2 ? x$w_buff0_used : (!x$w_buff0_used || !x$r_buff0_thd1 && !x$w_buff1_used || !x$r_buff0_thd1 && !x$r_buff1_thd1 ? x$w_buff0_used : (x$w_buff0_used && x$r_buff0_thd1 ? FALSE : x$w_buff0_used));
                                                                                                                              ^
                                                                                                              (                                 )
safe031_power.oepc_false-unreach-call.c:157:89: warning: '&&' within '||' [-Wlogical-op-parentheses]
  x$w_buff1_used = weak$$choice2 ? x$w_buff1_used : (!x$w_buff0_used || !x$r_buff0_thd1 && !x$w_buff1_used || !x$r_buff0_thd1 && !x$r_buff1_thd1 ? x$w_buff1_used : (x$w_buff0_used && x$r_buff0_thd1 ? FALSE : FALSE));
                                                                     ~~ ~~~~~~~~~~~~~~~~^~~~~~~~~~~~~~~~~~
safe031_power.oepc_false-unreach-call.c:157:89: note: place parentheses around the '&&' expression to silence this warning
  x$w_buff1_used = weak$$choice2 ? x$w_buff1_used : (!x$w_buff0_used || !x$r_buff0_thd1 && !x$w_buff1_used || !x$r_buff0_thd1 && !x$r_buff1_thd1 ? x$w_buff1_used : (x$w_buff0_used && x$r_buff0_thd1 ? FALSE : FALSE));
                                                                                        ^
                                                                        (                                 )
safe031_power.oepc_false-unreach-call.c:157:127: warning: '&&' within '||' [-Wlogical-op-parentheses]
  x$w_buff1_used = weak$$choice2 ? x$w_buff1_used : (!x$w_buff0_used || !x$r_buff0_thd1 && !x$w_buff1_used || !x$r_buff0_thd1 && !x$r_buff1_thd1 ? x$w_buff1_used : (x$w_buff0_used && x$r_buff0_thd1 ? FALSE : FALSE));
                                                                                                           ~~ ~~~~~~~~~~~~~~~~^~~~~~~~~~~~~~~~~~
safe031_power.oepc_false-unreach-call.c:157:127: note: place parentheses around the '&&' expression to silence this warning
  x$w_buff1_used = weak$$choice2 ? x$w_buff1_used : (!x$w_buff0_used || !x$r_buff0_thd1 && !x$w_buff1_used || !x$r_buff0_thd1 && !x$r_buff1_thd1 ? x$w_buff1_used : (x$w_buff0_used && x$r_buff0_thd1 ? FALSE : FALSE));
                                                                                                                              ^
                                                                                                              (                                 )
safe031_power.oepc_false-unreach-call.c:158:89: warning: '&&' within '||' [-Wlogical-op-parentheses]
  x$r_buff0_thd1 = weak$$choice2 ? x$r_buff0_thd1 : (!x$w_buff0_used || !x$r_buff0_thd1 && !x$w_buff1_used || !x$r_buff0_thd1 && !x$r_buff1_thd1 ? x$r_buff0_thd1 : (x$w_buff0_used && x$r_buff0_thd1 ? FALSE : x$r_buff0_thd1));
                                                                     ~~ ~~~~~~~~~~~~~~~~^~~~~~~~~~~~~~~~~~
safe031_power.oepc_false-unreach-call.c:158:89: note: place parentheses around the '&&' expression to silence this warning
  x$r_buff0_thd1 = weak$$choice2 ? x$r_buff0_thd1 : (!x$w_buff0_used || !x$r_buff0_thd1 && !x$w_buff1_used || !x$r_buff0_thd1 && !x$r_buff1_thd1 ? x$r_buff0_thd1 : (x$w_buff0_used && x$r_buff0_thd1 ? FALSE : x$r_buff0_thd1));
                                                                                        ^
                                                                        (                                 )
safe031_power.oepc_false-unreach-call.c:158:127: warning: '&&' within '||' [-Wlogical-op-parentheses]
  x$r_buff0_thd1 = weak$$choice2 ? x$r_buff0_thd1 : (!x$w_buff0_used || !x$r_buff0_thd1 && !x$w_buff1_used || !x$r_buff0_thd1 && !x$r_buff1_thd1 ? x$r_buff0_thd1 : (x$w_buff0_used && x$r_buff0_thd1 ? FALSE : x$r_buff0_thd1));
                                                                                                           ~~ ~~~~~~~~~~~~~~~~^~~~~~~~~~~~~~~~~~
safe031_power.oepc_false-unreach-call.c:158:127: note: place parentheses around the '&&' expression to silence this warning
  x$r_buff0_thd1 = weak$$choice2 ? x$r_buff0_thd1 : (!x$w_buff0_used || !x$r_buff0_thd1 && !x$w_buff1_used || !x$r_buff0_thd1 && !x$r_buff1_thd1 ? x$r_buff0_thd1 : (x$w_buff0_used && x$r_buff0_thd1 ? FALSE : x$r_buff0_thd1));
                                                                                                                              ^
                                                                                                              (                                 )
safe031_power.oepc_false-unreach-call.c:159:89: warning: '&&' within '||' [-Wlogical-op-parentheses]
  x$r_buff1_thd1 = weak$$choice2 ? x$r_buff1_thd1 : (!x$w_buff0_used || !x$r_buff0_thd1 && !x$w_buff1_used || !x$r_buff0_thd1 && !x$r_buff1_thd1 ? x$r_buff1_thd1 : (x$w_buff0_used && x$r_buff0_thd1 ? FALSE : FALSE));
                                                                     ~~ ~~~~~~~~~~~~~~~~^~~~~~~~~~~~~~~~~~
safe031_power.oepc_false-unreach-call.c:159:89: note: place parentheses around the '&&' expression to silence this warning
  x$r_buff1_thd1 = weak$$choice2 ? x$r_buff1_thd1 : (!x$w_buff0_used || !x$r_buff0_thd1 && !x$w_buff1_used || !x$r_buff0_thd1 && !x$r_buff1_thd1 ? x$r_buff1_thd1 : (x$w_buff0_used && x$r_buff0_thd1 ? FALSE : FALSE));
                                                                                        ^
                                                                        (                                 )
safe031_power.oepc_false-unreach-call.c:159:127: warning: '&&' within '||' [-Wlogical-op-parentheses]
  x$r_buff1_thd1 = weak$$choice2 ? x$r_buff1_thd1 : (!x$w_buff0_used || !x$r_buff0_thd1 && !x$w_buff1_used || !x$r_buff0_thd1 && !x$r_buff1_thd1 ? x$r_buff1_thd1 : (x$w_buff0_used && x$r_buff0_thd1 ? FALSE : FALSE));
                                                                                                           ~~ ~~~~~~~~~~~~~~~~^~~~~~~~~~~~~~~~~~
safe031_power.oepc_false-unreach-call.c:159:127: note: place parentheses around the '&&' expression to silence this warning
  x$r_buff1_thd1 = weak$$choice2 ? x$r_buff1_thd1 : (!x$w_buff0_used || !x$r_buff0_thd1 && !x$w_buff1_used || !x$r_buff0_thd1 && !x$r_buff1_thd1 ? x$r_buff1_thd1 : (x$w_buff0_used && x$r_buff0_thd1 ? FALSE : FALSE));
                                                                                                                              ^
                                                                                                              (                                 )
safe031_power.oepc_false-unreach-call.c:169:10: warning: implicit declaration of function 'nondet_1' is invalid in C99 [-Wimplicit-function-declaration]
  return nondet_1();
         ^
safe031_power.oepc_false-unreach-call.c:169:10: warning: incompatible integer to pointer conversion returning 'int' from a function with result type 'void *' [-Wint-conversion]
  return nondet_1();
         ^~~~~~~~~~
safe031_power.oepc_false-unreach-call.c:194:35: warning: '&&' within '||' [-Wlogical-op-parentheses]
  x$w_buff1_used = x$w_buff0_used && x$r_buff0_thd2 || x$w_buff1_used && x$r_buff1_thd2 ? FALSE : x$w_buff1_used;
                   ~~~~~~~~~~~~~~~^~~~~~~~~~~~~~~~~ ~~
safe031_power.oepc_false-unreach-call.c:194:35: note: place parentheses around the '&&' expression to silence this warning
  x$w_buff1_used = x$w_buff0_used && x$r_buff0_thd2 || x$w_buff1_used && x$r_buff1_thd2 ? FALSE : x$w_buff1_used;
                                  ^
                   (                               )
safe031_power.oepc_false-unreach-call.c:194:71: warning: '&&' within '||' [-Wlogical-op-parentheses]
  x$w_buff1_used = x$w_buff0_used && x$r_buff0_thd2 || x$w_buff1_used && x$r_buff1_thd2 ? FALSE : x$w_buff1_used;
                                                    ~~ ~~~~~~~~~~~~~~~^~~~~~~~~~~~~~~~~
safe031_power.oepc_false-unreach-call.c:194:71: note: place parentheses around the '&&' expression to silence this warning
  x$w_buff1_used = x$w_buff0_used && x$r_buff0_thd2 || x$w_buff1_used && x$r_buff1_thd2 ? FALSE : x$w_buff1_used;
                                                                      ^
                                                       (                               )
safe031_power.oepc_false-unreach-call.c:196:35: warning: '&&' within '||' [-Wlogical-op-parentheses]
  x$r_buff1_thd2 = x$w_buff0_used && x$r_buff0_thd2 || x$w_buff1_used && x$r_buff1_thd2 ? FALSE : x$r_buff1_thd2;
                   ~~~~~~~~~~~~~~~^~~~~~~~~~~~~~~~~ ~~
safe031_power.oepc_false-unreach-call.c:196:35: note: place parentheses around the '&&' expression to silence this warning
  x$r_buff1_thd2 = x$w_buff0_used && x$r_buff0_thd2 || x$w_buff1_used && x$r_buff1_thd2 ? FALSE : x$r_buff1_thd2;
                                  ^
                   (                               )
safe031_power.oepc_false-unreach-call.c:196:71: warning: '&&' within '||' [-Wlogical-op-parentheses]
  x$r_buff1_thd2 = x$w_buff0_used && x$r_buff0_thd2 || x$w_buff1_used && x$r_buff1_thd2 ? FALSE : x$r_buff1_thd2;
                                                    ~~ ~~~~~~~~~~~~~~~^~~~~~~~~~~~~~~~~
safe031_power.oepc_false-unreach-call.c:196:71: note: place parentheses around the '&&' expression to silence this warning
  x$r_buff1_thd2 = x$w_buff0_used && x$r_buff0_thd2 || x$w_buff1_used && x$r_buff1_thd2 ? FALSE : x$r_buff1_thd2;
                                                                      ^
                                                       (                               )
safe031_power.oepc_false-unreach-call.c:201:10: warning: incompatible integer to pointer conversion returning 'int' from a function with result type 'void *' [-Wint-conversion]
  return nondet_1();
         ^~~~~~~~~~
safe031_power.oepc_false-unreach-call.c:217:35: warning: '&&' within '||' [-Wlogical-op-parentheses]
  x$w_buff1_used = x$w_buff0_used && x$r_buff0_thd3 || x$w_buff1_used && x$r_buff1_thd3 ? FALSE : x$w_buff1_used;
                   ~~~~~~~~~~~~~~~^~~~~~~~~~~~~~~~~ ~~
safe031_power.oepc_false-unreach-call.c:217:35: note: place parentheses around the '&&' expression to silence this warning
  x$w_buff1_used = x$w_buff0_used && x$r_buff0_thd3 || x$w_buff1_used && x$r_buff1_thd3 ? FALSE : x$w_buff1_used;
                                  ^
                   (                               )
safe031_power.oepc_false-unreach-call.c:217:71: warning: '&&' within '||' [-Wlogical-op-parentheses]
  x$w_buff1_used = x$w_buff0_used && x$r_buff0_thd3 || x$w_buff1_used && x$r_buff1_thd3 ? FALSE : x$w_buff1_used;
                                                    ~~ ~~~~~~~~~~~~~~~^~~~~~~~~~~~~~~~~
safe031_power.oepc_false-unreach-call.c:217:71: note: place parentheses around the '&&' expression to silence this warning
  x$w_buff1_used = x$w_buff0_used && x$r_buff0_thd3 || x$w_buff1_used && x$r_buff1_thd3 ? FALSE : x$w_buff1_used;
                                                                      ^
                                                       (                               )
safe031_power.oepc_false-unreach-call.c:219:35: warning: '&&' within '||' [-Wlogical-op-parentheses]
  x$r_buff1_thd3 = x$w_buff0_used && x$r_buff0_thd3 || x$w_buff1_used && x$r_buff1_thd3 ? FALSE : x$r_buff1_thd3;
                   ~~~~~~~~~~~~~~~^~~~~~~~~~~~~~~~~ ~~
safe031_power.oepc_false-unreach-call.c:219:35: note: place parentheses around the '&&' expression to silence this warning
  x$r_buff1_thd3 = x$w_buff0_used && x$r_buff0_thd3 || x$w_buff1_used && x$r_buff1_thd3 ? FALSE : x$r_buff1_thd3;
                                  ^
                   (                               )
safe031_power.oepc_false-unreach-call.c:219:71: warning: '&&' within '||' [-Wlogical-op-parentheses]
  x$r_buff1_thd3 = x$w_buff0_used && x$r_buff0_thd3 || x$w_buff1_used && x$r_buff1_thd3 ? FALSE : x$r_buff1_thd3;
                                                    ~~ ~~~~~~~~~~~~~~~^~~~~~~~~~~~~~~~~
safe031_power.oepc_false-unreach-call.c:219:71: note: place parentheses around the '&&' expression to silence this warning
  x$r_buff1_thd3 = x$w_buff0_used && x$r_buff0_thd3 || x$w_buff1_used && x$r_buff1_thd3 ? FALSE : x$r_buff1_thd3;
                                                                      ^
                                                       (                               )
safe031_power.oepc_false-unreach-call.c:224:10: warning: incompatible integer to pointer conversion returning 'int' from a function with result type 'void *' [-Wint-conversion]
  return nondet_1();
         ^~~~~~~~~~
safe031_power.oepc_false-unreach-call.c:252:38: warning: null passed to a callee which requires a non-null argument [-Wnonnull]
  pthread_create(NULL, NULL, P0, NULL);
                 ~~~~                ^
safe031_power.oepc_false-unreach-call.c:253:38: warning: null passed to a callee which requires a non-null argument [-Wnonnull]
  pthread_create(NULL, NULL, P1, NULL);
                 ~~~~                ^
safe031_power.oepc_false-unreach-call.c:254:38: warning: null passed to a callee which requires a non-null argument [-Wnonnull]
  pthread_create(NULL, NULL, P2, NULL);
                 ~~~~                ^
safe031_power.oepc_false-unreach-call.c:262:35: warning: '&&' within '||' [-Wlogical-op-parentheses]
  x$w_buff1_used = x$w_buff0_used && x$r_buff0_thd0 || x$w_buff1_used && x$r_buff1_thd0 ? FALSE : x$w_buff1_used;
                   ~~~~~~~~~~~~~~~^~~~~~~~~~~~~~~~~ ~~
safe031_power.oepc_false-unreach-call.c:262:35: note: place parentheses around the '&&' expression to silence this warning
  x$w_buff1_used = x$w_buff0_used && x$r_buff0_thd0 || x$w_buff1_used && x$r_buff1_thd0 ? FALSE : x$w_buff1_used;
                                  ^
                   (                               )
safe031_power.oepc_false-unreach-call.c:262:71: warning: '&&' within '||' [-Wlogical-op-parentheses]
  x$w_buff1_used = x$w_buff0_used && x$r_buff0_thd0 || x$w_buff1_used && x$r_buff1_thd0 ? FALSE : x$w_buff1_used;
                                                    ~~ ~~~~~~~~~~~~~~~^~~~~~~~~~~~~~~~~
safe031_power.oepc_false-unreach-call.c:262:71: note: place parentheses around the '&&' expression to silence this warning
  x$w_buff1_used = x$w_buff0_used && x$r_buff0_thd0 || x$w_buff1_used && x$r_buff1_thd0 ? FALSE : x$w_buff1_used;
                                                                      ^
                                                       (                               )
safe031_power.oepc_false-unreach-call.c:264:35: warning: '&&' within '||' [-Wlogical-op-parentheses]
  x$r_buff1_thd0 = x$w_buff0_used && x$r_buff0_thd0 || x$w_buff1_used && x$r_buff1_thd0 ? FALSE : x$r_buff1_thd0;
                   ~~~~~~~~~~~~~~~^~~~~~~~~~~~~~~~~ ~~
safe031_power.oepc_false-unreach-call.c:264:35: note: place parentheses around the '&&' expression to silence this warning
  x$r_buff1_thd0 = x$w_buff0_used && x$r_buff0_thd0 || x$w_buff1_used && x$r_buff1_thd0 ? FALSE : x$r_buff1_thd0;
                                  ^
                   (                               )
safe031_power.oepc_false-unreach-call.c:264:71: warning: '&&' within '||' [-Wlogical-op-parentheses]
  x$r_buff1_thd0 = x$w_buff0_used && x$r_buff0_thd0 || x$w_buff1_used && x$r_buff1_thd0 ? FALSE : x$r_buff1_thd0;
                                                    ~~ ~~~~~~~~~~~~~~~^~~~~~~~~~~~~~~~~
safe031_power.oepc_false-unreach-call.c:264:71: note: place parentheses around the '&&' expression to silence this warning
  x$r_buff1_thd0 = x$w_buff0_used && x$r_buff0_thd0 || x$w_buff1_used && x$r_buff1_thd0 ? FALSE : x$r_buff1_thd0;
                                                                      ^
                                                       (                               )
35 warnings generated.
