safe003_power.opt_false-unreach-call.c:4:34: warning: implicit declaration of function '__VERIFIER_assume' is invalid in C99 [-Wimplicit-function-declaration]
void __VERIFIER_atomic_begin() { __VERIFIER_assume(__global_lock==0); __global_lock=1; return; }
                                 ^
safe003_power.opt_false-unreach-call.c:218:35: warning: '&&' within '||' [-Wlogical-op-parentheses]
  x$w_buff1_used = x$w_buff0_used && x$r_buff0_thd1 || x$w_buff1_used && x$r_buff1_thd1 ? FALSE : x$w_buff1_used;
                   ~~~~~~~~~~~~~~~^~~~~~~~~~~~~~~~~ ~~
safe003_power.opt_false-unreach-call.c:218:35: note: place parentheses around the '&&' expression to silence this warning
  x$w_buff1_used = x$w_buff0_used && x$r_buff0_thd1 || x$w_buff1_used && x$r_buff1_thd1 ? FALSE : x$w_buff1_used;
                                  ^
                   (                               )
safe003_power.opt_false-unreach-call.c:218:71: warning: '&&' within '||' [-Wlogical-op-parentheses]
  x$w_buff1_used = x$w_buff0_used && x$r_buff0_thd1 || x$w_buff1_used && x$r_buff1_thd1 ? FALSE : x$w_buff1_used;
                                                    ~~ ~~~~~~~~~~~~~~~^~~~~~~~~~~~~~~~~
safe003_power.opt_false-unreach-call.c:218:71: note: place parentheses around the '&&' expression to silence this warning
  x$w_buff1_used = x$w_buff0_used && x$r_buff0_thd1 || x$w_buff1_used && x$r_buff1_thd1 ? FALSE : x$w_buff1_used;
                                                                      ^
                                                       (                               )
safe003_power.opt_false-unreach-call.c:220:35: warning: '&&' within '||' [-Wlogical-op-parentheses]
  x$r_buff1_thd1 = x$w_buff0_used && x$r_buff0_thd1 || x$w_buff1_used && x$r_buff1_thd1 ? FALSE : x$r_buff1_thd1;
                   ~~~~~~~~~~~~~~~^~~~~~~~~~~~~~~~~ ~~
safe003_power.opt_false-unreach-call.c:220:35: note: place parentheses around the '&&' expression to silence this warning
  x$r_buff1_thd1 = x$w_buff0_used && x$r_buff0_thd1 || x$w_buff1_used && x$r_buff1_thd1 ? FALSE : x$r_buff1_thd1;
                                  ^
                   (                               )
safe003_power.opt_false-unreach-call.c:220:71: warning: '&&' within '||' [-Wlogical-op-parentheses]
  x$r_buff1_thd1 = x$w_buff0_used && x$r_buff0_thd1 || x$w_buff1_used && x$r_buff1_thd1 ? FALSE : x$r_buff1_thd1;
                                                    ~~ ~~~~~~~~~~~~~~~^~~~~~~~~~~~~~~~~
safe003_power.opt_false-unreach-call.c:220:71: note: place parentheses around the '&&' expression to silence this warning
  x$r_buff1_thd1 = x$w_buff0_used && x$r_buff0_thd1 || x$w_buff1_used && x$r_buff1_thd1 ? FALSE : x$r_buff1_thd1;
                                                                      ^
                                                       (                               )
safe003_power.opt_false-unreach-call.c:225:10: warning: implicit declaration of function 'nondet_0' is invalid in C99 [-Wimplicit-function-declaration]
  return nondet_0();
         ^
safe003_power.opt_false-unreach-call.c:225:10: warning: incompatible integer to pointer conversion returning 'int' from a function with result type 'void *' [-Wint-conversion]
  return nondet_0();
         ^~~~~~~~~~
safe003_power.opt_false-unreach-call.c:233:19: warning: implicit declaration of function 'nondet_1' is invalid in C99 [-Wimplicit-function-declaration]
  weak$$choice0 = nondet_1();
                  ^
safe003_power.opt_false-unreach-call.c:257:35: warning: '&&' within '||' [-Wlogical-op-parentheses]
  x$w_buff1_used = x$w_buff0_used && x$r_buff0_thd2 || x$w_buff1_used && x$r_buff1_thd2 ? FALSE : x$w_buff1_used;
                   ~~~~~~~~~~~~~~~^~~~~~~~~~~~~~~~~ ~~
safe003_power.opt_false-unreach-call.c:257:35: note: place parentheses around the '&&' expression to silence this warning
  x$w_buff1_used = x$w_buff0_used && x$r_buff0_thd2 || x$w_buff1_used && x$r_buff1_thd2 ? FALSE : x$w_buff1_used;
                                  ^
                   (                               )
safe003_power.opt_false-unreach-call.c:257:71: warning: '&&' within '||' [-Wlogical-op-parentheses]
  x$w_buff1_used = x$w_buff0_used && x$r_buff0_thd2 || x$w_buff1_used && x$r_buff1_thd2 ? FALSE : x$w_buff1_used;
                                                    ~~ ~~~~~~~~~~~~~~~^~~~~~~~~~~~~~~~~
safe003_power.opt_false-unreach-call.c:257:71: note: place parentheses around the '&&' expression to silence this warning
  x$w_buff1_used = x$w_buff0_used && x$r_buff0_thd2 || x$w_buff1_used && x$r_buff1_thd2 ? FALSE : x$w_buff1_used;
                                                                      ^
                                                       (                               )
safe003_power.opt_false-unreach-call.c:259:35: warning: '&&' within '||' [-Wlogical-op-parentheses]
  x$r_buff1_thd2 = x$w_buff0_used && x$r_buff0_thd2 || x$w_buff1_used && x$r_buff1_thd2 ? FALSE : x$r_buff1_thd2;
                   ~~~~~~~~~~~~~~~^~~~~~~~~~~~~~~~~ ~~
safe003_power.opt_false-unreach-call.c:259:35: note: place parentheses around the '&&' expression to silence this warning
  x$r_buff1_thd2 = x$w_buff0_used && x$r_buff0_thd2 || x$w_buff1_used && x$r_buff1_thd2 ? FALSE : x$r_buff1_thd2;
                                  ^
                   (                               )
safe003_power.opt_false-unreach-call.c:259:71: warning: '&&' within '||' [-Wlogical-op-parentheses]
  x$r_buff1_thd2 = x$w_buff0_used && x$r_buff0_thd2 || x$w_buff1_used && x$r_buff1_thd2 ? FALSE : x$r_buff1_thd2;
                                                    ~~ ~~~~~~~~~~~~~~~^~~~~~~~~~~~~~~~~
safe003_power.opt_false-unreach-call.c:259:71: note: place parentheses around the '&&' expression to silence this warning
  x$r_buff1_thd2 = x$w_buff0_used && x$r_buff0_thd2 || x$w_buff1_used && x$r_buff1_thd2 ? FALSE : x$r_buff1_thd2;
                                                                      ^
                                                       (                               )
safe003_power.opt_false-unreach-call.c:264:10: warning: incompatible integer to pointer conversion returning 'int' from a function with result type 'void *' [-Wint-conversion]
  return nondet_0();
         ^~~~~~~~~~
safe003_power.opt_false-unreach-call.c:280:35: warning: '&&' within '||' [-Wlogical-op-parentheses]
  x$w_buff1_used = x$w_buff0_used && x$r_buff0_thd3 || x$w_buff1_used && x$r_buff1_thd3 ? FALSE : x$w_buff1_used;
                   ~~~~~~~~~~~~~~~^~~~~~~~~~~~~~~~~ ~~
safe003_power.opt_false-unreach-call.c:280:35: note: place parentheses around the '&&' expression to silence this warning
  x$w_buff1_used = x$w_buff0_used && x$r_buff0_thd3 || x$w_buff1_used && x$r_buff1_thd3 ? FALSE : x$w_buff1_used;
                                  ^
                   (                               )
safe003_power.opt_false-unreach-call.c:280:71: warning: '&&' within '||' [-Wlogical-op-parentheses]
  x$w_buff1_used = x$w_buff0_used && x$r_buff0_thd3 || x$w_buff1_used && x$r_buff1_thd3 ? FALSE : x$w_buff1_used;
                                                    ~~ ~~~~~~~~~~~~~~~^~~~~~~~~~~~~~~~~
safe003_power.opt_false-unreach-call.c:280:71: note: place parentheses around the '&&' expression to silence this warning
  x$w_buff1_used = x$w_buff0_used && x$r_buff0_thd3 || x$w_buff1_used && x$r_buff1_thd3 ? FALSE : x$w_buff1_used;
                                                                      ^
                                                       (                               )
safe003_power.opt_false-unreach-call.c:282:35: warning: '&&' within '||' [-Wlogical-op-parentheses]
  x$r_buff1_thd3 = x$w_buff0_used && x$r_buff0_thd3 || x$w_buff1_used && x$r_buff1_thd3 ? FALSE : x$r_buff1_thd3;
                   ~~~~~~~~~~~~~~~^~~~~~~~~~~~~~~~~ ~~
safe003_power.opt_false-unreach-call.c:282:35: note: place parentheses around the '&&' expression to silence this warning
  x$r_buff1_thd3 = x$w_buff0_used && x$r_buff0_thd3 || x$w_buff1_used && x$r_buff1_thd3 ? FALSE : x$r_buff1_thd3;
                                  ^
                   (                               )
safe003_power.opt_false-unreach-call.c:282:71: warning: '&&' within '||' [-Wlogical-op-parentheses]
  x$r_buff1_thd3 = x$w_buff0_used && x$r_buff0_thd3 || x$w_buff1_used && x$r_buff1_thd3 ? FALSE : x$r_buff1_thd3;
                                                    ~~ ~~~~~~~~~~~~~~~^~~~~~~~~~~~~~~~~
safe003_power.opt_false-unreach-call.c:282:71: note: place parentheses around the '&&' expression to silence this warning
  x$r_buff1_thd3 = x$w_buff0_used && x$r_buff0_thd3 || x$w_buff1_used && x$r_buff1_thd3 ? FALSE : x$r_buff1_thd3;
                                                                      ^
                                                       (                               )
safe003_power.opt_false-unreach-call.c:287:10: warning: incompatible integer to pointer conversion returning 'int' from a function with result type 'void *' [-Wint-conversion]
  return nondet_0();
         ^~~~~~~~~~
safe003_power.opt_false-unreach-call.c:315:38: warning: null passed to a callee which requires a non-null argument [-Wnonnull]
  pthread_create(NULL, NULL, P0, NULL);
                 ~~~~                ^
safe003_power.opt_false-unreach-call.c:316:38: warning: null passed to a callee which requires a non-null argument [-Wnonnull]
  pthread_create(NULL, NULL, P1, NULL);
                 ~~~~                ^
safe003_power.opt_false-unreach-call.c:317:38: warning: null passed to a callee which requires a non-null argument [-Wnonnull]
  pthread_create(NULL, NULL, P2, NULL);
                 ~~~~                ^
safe003_power.opt_false-unreach-call.c:325:35: warning: '&&' within '||' [-Wlogical-op-parentheses]
  x$w_buff1_used = x$w_buff0_used && x$r_buff0_thd0 || x$w_buff1_used && x$r_buff1_thd0 ? FALSE : x$w_buff1_used;
                   ~~~~~~~~~~~~~~~^~~~~~~~~~~~~~~~~ ~~
safe003_power.opt_false-unreach-call.c:325:35: note: place parentheses around the '&&' expression to silence this warning
  x$w_buff1_used = x$w_buff0_used && x$r_buff0_thd0 || x$w_buff1_used && x$r_buff1_thd0 ? FALSE : x$w_buff1_used;
                                  ^
                   (                               )
safe003_power.opt_false-unreach-call.c:325:71: warning: '&&' within '||' [-Wlogical-op-parentheses]
  x$w_buff1_used = x$w_buff0_used && x$r_buff0_thd0 || x$w_buff1_used && x$r_buff1_thd0 ? FALSE : x$w_buff1_used;
                                                    ~~ ~~~~~~~~~~~~~~~^~~~~~~~~~~~~~~~~
safe003_power.opt_false-unreach-call.c:325:71: note: place parentheses around the '&&' expression to silence this warning
  x$w_buff1_used = x$w_buff0_used && x$r_buff0_thd0 || x$w_buff1_used && x$r_buff1_thd0 ? FALSE : x$w_buff1_used;
                                                                      ^
                                                       (                               )
safe003_power.opt_false-unreach-call.c:327:35: warning: '&&' within '||' [-Wlogical-op-parentheses]
  x$r_buff1_thd0 = x$w_buff0_used && x$r_buff0_thd0 || x$w_buff1_used && x$r_buff1_thd0 ? FALSE : x$r_buff1_thd0;
                   ~~~~~~~~~~~~~~~^~~~~~~~~~~~~~~~~ ~~
safe003_power.opt_false-unreach-call.c:327:35: note: place parentheses around the '&&' expression to silence this warning
  x$r_buff1_thd0 = x$w_buff0_used && x$r_buff0_thd0 || x$w_buff1_used && x$r_buff1_thd0 ? FALSE : x$r_buff1_thd0;
                                  ^
                   (                               )
safe003_power.opt_false-unreach-call.c:327:71: warning: '&&' within '||' [-Wlogical-op-parentheses]
  x$r_buff1_thd0 = x$w_buff0_used && x$r_buff0_thd0 || x$w_buff1_used && x$r_buff1_thd0 ? FALSE : x$r_buff1_thd0;
                                                    ~~ ~~~~~~~~~~~~~~~^~~~~~~~~~~~~~~~~
safe003_power.opt_false-unreach-call.c:327:71: note: place parentheses around the '&&' expression to silence this warning
  x$r_buff1_thd0 = x$w_buff0_used && x$r_buff0_thd0 || x$w_buff1_used && x$r_buff1_thd0 ? FALSE : x$r_buff1_thd0;
                                                                      ^
                                                       (                               )
25 warnings generated.
