safe022_power.oepc_false-unreach-call.c:4:34: warning: implicit declaration of function '__VERIFIER_assume' is invalid in C99 [-Wimplicit-function-declaration]
void __VERIFIER_atomic_begin() { __VERIFIER_assume(__global_lock==0); __global_lock=1; return; }
                                 ^
safe022_power.oepc_false-unreach-call.c:151:35: warning: '&&' within '||' [-Wlogical-op-parentheses]
  y$w_buff1_used = y$w_buff0_used && y$r_buff0_thd1 || y$w_buff1_used && y$r_buff1_thd1 ? FALSE : y$w_buff1_used;
                   ~~~~~~~~~~~~~~~^~~~~~~~~~~~~~~~~ ~~
safe022_power.oepc_false-unreach-call.c:151:35: note: place parentheses around the '&&' expression to silence this warning
  y$w_buff1_used = y$w_buff0_used && y$r_buff0_thd1 || y$w_buff1_used && y$r_buff1_thd1 ? FALSE : y$w_buff1_used;
                                  ^
                   (                               )
safe022_power.oepc_false-unreach-call.c:151:71: warning: '&&' within '||' [-Wlogical-op-parentheses]
  y$w_buff1_used = y$w_buff0_used && y$r_buff0_thd1 || y$w_buff1_used && y$r_buff1_thd1 ? FALSE : y$w_buff1_used;
                                                    ~~ ~~~~~~~~~~~~~~~^~~~~~~~~~~~~~~~~
safe022_power.oepc_false-unreach-call.c:151:71: note: place parentheses around the '&&' expression to silence this warning
  y$w_buff1_used = y$w_buff0_used && y$r_buff0_thd1 || y$w_buff1_used && y$r_buff1_thd1 ? FALSE : y$w_buff1_used;
                                                                      ^
                                                       (                               )
safe022_power.oepc_false-unreach-call.c:153:35: warning: '&&' within '||' [-Wlogical-op-parentheses]
  y$r_buff1_thd1 = y$w_buff0_used && y$r_buff0_thd1 || y$w_buff1_used && y$r_buff1_thd1 ? FALSE : y$r_buff1_thd1;
                   ~~~~~~~~~~~~~~~^~~~~~~~~~~~~~~~~ ~~
safe022_power.oepc_false-unreach-call.c:153:35: note: place parentheses around the '&&' expression to silence this warning
  y$r_buff1_thd1 = y$w_buff0_used && y$r_buff0_thd1 || y$w_buff1_used && y$r_buff1_thd1 ? FALSE : y$r_buff1_thd1;
                                  ^
                   (                               )
safe022_power.oepc_false-unreach-call.c:153:71: warning: '&&' within '||' [-Wlogical-op-parentheses]
  y$r_buff1_thd1 = y$w_buff0_used && y$r_buff0_thd1 || y$w_buff1_used && y$r_buff1_thd1 ? FALSE : y$r_buff1_thd1;
                                                    ~~ ~~~~~~~~~~~~~~~^~~~~~~~~~~~~~~~~
safe022_power.oepc_false-unreach-call.c:153:71: note: place parentheses around the '&&' expression to silence this warning
  y$r_buff1_thd1 = y$w_buff0_used && y$r_buff0_thd1 || y$w_buff1_used && y$r_buff1_thd1 ? FALSE : y$r_buff1_thd1;
                                                                      ^
                                                       (                               )
safe022_power.oepc_false-unreach-call.c:158:10: warning: implicit declaration of function 'nondet_0' is invalid in C99 [-Wimplicit-function-declaration]
  return nondet_0();
         ^
safe022_power.oepc_false-unreach-call.c:158:10: warning: incompatible integer to pointer conversion returning 'int' from a function with result type 'void *' [-Wint-conversion]
  return nondet_0();
         ^~~~~~~~~~
safe022_power.oepc_false-unreach-call.c:169:19: warning: implicit declaration of function 'nondet_1' is invalid in C99 [-Wimplicit-function-declaration]
  weak$$choice0 = nondet_1();
                  ^
safe022_power.oepc_false-unreach-call.c:173:42: warning: '&&' within '||' [-Wlogical-op-parentheses]
  y = !y$w_buff0_used || !y$r_buff0_thd2 && !y$w_buff1_used || !y$r_buff0_thd2 && !y$r_buff1_thd2 ? y : (y$w_buff0_used && y$r_buff0_thd2 ? y$w_buff0 : y$w_buff1);
                      ~~ ~~~~~~~~~~~~~~~~^~~~~~~~~~~~~~~~~~
safe022_power.oepc_false-unreach-call.c:173:42: note: place parentheses around the '&&' expression to silence this warning
  y = !y$w_buff0_used || !y$r_buff0_thd2 && !y$w_buff1_used || !y$r_buff0_thd2 && !y$r_buff1_thd2 ? y : (y$w_buff0_used && y$r_buff0_thd2 ? y$w_buff0 : y$w_buff1);
                                         ^
                         (                                 )
safe022_power.oepc_false-unreach-call.c:173:80: warning: '&&' within '||' [-Wlogical-op-parentheses]
  y = !y$w_buff0_used || !y$r_buff0_thd2 && !y$w_buff1_used || !y$r_buff0_thd2 && !y$r_buff1_thd2 ? y : (y$w_buff0_used && y$r_buff0_thd2 ? y$w_buff0 : y$w_buff1);
                                                            ~~ ~~~~~~~~~~~~~~~~^~~~~~~~~~~~~~~~~~
safe022_power.oepc_false-unreach-call.c:173:80: note: place parentheses around the '&&' expression to silence this warning
  y = !y$w_buff0_used || !y$r_buff0_thd2 && !y$w_buff1_used || !y$r_buff0_thd2 && !y$r_buff1_thd2 ? y : (y$w_buff0_used && y$r_buff0_thd2 ? y$w_buff0 : y$w_buff1);
                                                                               ^
                                                               (                                 )
safe022_power.oepc_false-unreach-call.c:174:79: warning: '&&' within '||' [-Wlogical-op-parentheses]
  y$w_buff0 = weak$$choice2 ? y$w_buff0 : (!y$w_buff0_used || !y$r_buff0_thd2 && !y$w_buff1_used || !y$r_buff0_thd2 && !y$r_buff1_thd2 ? y$w_buff0 : (y$w_buff0_used && y$r_buff0_thd2 ? y$w_buff0 : y$w_buff0));
                                                           ~~ ~~~~~~~~~~~~~~~~^~~~~~~~~~~~~~~~~~
safe022_power.oepc_false-unreach-call.c:174:79: note: place parentheses around the '&&' expression to silence this warning
  y$w_buff0 = weak$$choice2 ? y$w_buff0 : (!y$w_buff0_used || !y$r_buff0_thd2 && !y$w_buff1_used || !y$r_buff0_thd2 && !y$r_buff1_thd2 ? y$w_buff0 : (y$w_buff0_used && y$r_buff0_thd2 ? y$w_buff0 : y$w_buff0));
                                                                              ^
                                                              (                                 )
safe022_power.oepc_false-unreach-call.c:174:117: warning: '&&' within '||' [-Wlogical-op-parentheses]
  y$w_buff0 = weak$$choice2 ? y$w_buff0 : (!y$w_buff0_used || !y$r_buff0_thd2 && !y$w_buff1_used || !y$r_buff0_thd2 && !y$r_buff1_thd2 ? y$w_buff0 : (y$w_buff0_used && y$r_buff0_thd2 ? y$w_buff0 : y$w_buff0));
                                                                                                 ~~ ~~~~~~~~~~~~~~~~^~~~~~~~~~~~~~~~~~
safe022_power.oepc_false-unreach-call.c:174:117: note: place parentheses around the '&&' expression to silence this warning
  y$w_buff0 = weak$$choice2 ? y$w_buff0 : (!y$w_buff0_used || !y$r_buff0_thd2 && !y$w_buff1_used || !y$r_buff0_thd2 && !y$r_buff1_thd2 ? y$w_buff0 : (y$w_buff0_used && y$r_buff0_thd2 ? y$w_buff0 : y$w_buff0));
                                                                                                                    ^
                                                                                                    (                                 )
safe022_power.oepc_false-unreach-call.c:175:79: warning: '&&' within '||' [-Wlogical-op-parentheses]
  y$w_buff1 = weak$$choice2 ? y$w_buff1 : (!y$w_buff0_used || !y$r_buff0_thd2 && !y$w_buff1_used || !y$r_buff0_thd2 && !y$r_buff1_thd2 ? y$w_buff1 : (y$w_buff0_used && y$r_buff0_thd2 ? y$w_buff1 : y$w_buff1));
                                                           ~~ ~~~~~~~~~~~~~~~~^~~~~~~~~~~~~~~~~~
safe022_power.oepc_false-unreach-call.c:175:79: note: place parentheses around the '&&' expression to silence this warning
  y$w_buff1 = weak$$choice2 ? y$w_buff1 : (!y$w_buff0_used || !y$r_buff0_thd2 && !y$w_buff1_used || !y$r_buff0_thd2 && !y$r_buff1_thd2 ? y$w_buff1 : (y$w_buff0_used && y$r_buff0_thd2 ? y$w_buff1 : y$w_buff1));
                                                                              ^
                                                              (                                 )
safe022_power.oepc_false-unreach-call.c:175:117: warning: '&&' within '||' [-Wlogical-op-parentheses]
  y$w_buff1 = weak$$choice2 ? y$w_buff1 : (!y$w_buff0_used || !y$r_buff0_thd2 && !y$w_buff1_used || !y$r_buff0_thd2 && !y$r_buff1_thd2 ? y$w_buff1 : (y$w_buff0_used && y$r_buff0_thd2 ? y$w_buff1 : y$w_buff1));
                                                                                                 ~~ ~~~~~~~~~~~~~~~~^~~~~~~~~~~~~~~~~~
safe022_power.oepc_false-unreach-call.c:175:117: note: place parentheses around the '&&' expression to silence this warning
  y$w_buff1 = weak$$choice2 ? y$w_buff1 : (!y$w_buff0_used || !y$r_buff0_thd2 && !y$w_buff1_used || !y$r_buff0_thd2 && !y$r_buff1_thd2 ? y$w_buff1 : (y$w_buff0_used && y$r_buff0_thd2 ? y$w_buff1 : y$w_buff1));
                                                                                                                    ^
                                                                                                    (                                 )
safe022_power.oepc_false-unreach-call.c:176:89: warning: '&&' within '||' [-Wlogical-op-parentheses]
  y$w_buff0_used = weak$$choice2 ? y$w_buff0_used : (!y$w_buff0_used || !y$r_buff0_thd2 && !y$w_buff1_used || !y$r_buff0_thd2 && !y$r_buff1_thd2 ? y$w_buff0_used : (y$w_buff0_used && y$r_buff0_thd2 ? FALSE : y$w_buff0_used));
                                                                     ~~ ~~~~~~~~~~~~~~~~^~~~~~~~~~~~~~~~~~
safe022_power.oepc_false-unreach-call.c:176:89: note: place parentheses around the '&&' expression to silence this warning
  y$w_buff0_used = weak$$choice2 ? y$w_buff0_used : (!y$w_buff0_used || !y$r_buff0_thd2 && !y$w_buff1_used || !y$r_buff0_thd2 && !y$r_buff1_thd2 ? y$w_buff0_used : (y$w_buff0_used && y$r_buff0_thd2 ? FALSE : y$w_buff0_used));
                                                                                        ^
                                                                        (                                 )
safe022_power.oepc_false-unreach-call.c:176:127: warning: '&&' within '||' [-Wlogical-op-parentheses]
  y$w_buff0_used = weak$$choice2 ? y$w_buff0_used : (!y$w_buff0_used || !y$r_buff0_thd2 && !y$w_buff1_used || !y$r_buff0_thd2 && !y$r_buff1_thd2 ? y$w_buff0_used : (y$w_buff0_used && y$r_buff0_thd2 ? FALSE : y$w_buff0_used));
                                                                                                           ~~ ~~~~~~~~~~~~~~~~^~~~~~~~~~~~~~~~~~
safe022_power.oepc_false-unreach-call.c:176:127: note: place parentheses around the '&&' expression to silence this warning
  y$w_buff0_used = weak$$choice2 ? y$w_buff0_used : (!y$w_buff0_used || !y$r_buff0_thd2 && !y$w_buff1_used || !y$r_buff0_thd2 && !y$r_buff1_thd2 ? y$w_buff0_used : (y$w_buff0_used && y$r_buff0_thd2 ? FALSE : y$w_buff0_used));
                                                                                                                              ^
                                                                                                              (                                 )
safe022_power.oepc_false-unreach-call.c:177:89: warning: '&&' within '||' [-Wlogical-op-parentheses]
  y$w_buff1_used = weak$$choice2 ? y$w_buff1_used : (!y$w_buff0_used || !y$r_buff0_thd2 && !y$w_buff1_used || !y$r_buff0_thd2 && !y$r_buff1_thd2 ? y$w_buff1_used : (y$w_buff0_used && y$r_buff0_thd2 ? FALSE : FALSE));
                                                                     ~~ ~~~~~~~~~~~~~~~~^~~~~~~~~~~~~~~~~~
safe022_power.oepc_false-unreach-call.c:177:89: note: place parentheses around the '&&' expression to silence this warning
  y$w_buff1_used = weak$$choice2 ? y$w_buff1_used : (!y$w_buff0_used || !y$r_buff0_thd2 && !y$w_buff1_used || !y$r_buff0_thd2 && !y$r_buff1_thd2 ? y$w_buff1_used : (y$w_buff0_used && y$r_buff0_thd2 ? FALSE : FALSE));
                                                                                        ^
                                                                        (                                 )
safe022_power.oepc_false-unreach-call.c:177:127: warning: '&&' within '||' [-Wlogical-op-parentheses]
  y$w_buff1_used = weak$$choice2 ? y$w_buff1_used : (!y$w_buff0_used || !y$r_buff0_thd2 && !y$w_buff1_used || !y$r_buff0_thd2 && !y$r_buff1_thd2 ? y$w_buff1_used : (y$w_buff0_used && y$r_buff0_thd2 ? FALSE : FALSE));
                                                                                                           ~~ ~~~~~~~~~~~~~~~~^~~~~~~~~~~~~~~~~~
safe022_power.oepc_false-unreach-call.c:177:127: note: place parentheses around the '&&' expression to silence this warning
  y$w_buff1_used = weak$$choice2 ? y$w_buff1_used : (!y$w_buff0_used || !y$r_buff0_thd2 && !y$w_buff1_used || !y$r_buff0_thd2 && !y$r_buff1_thd2 ? y$w_buff1_used : (y$w_buff0_used && y$r_buff0_thd2 ? FALSE : FALSE));
                                                                                                                              ^
                                                                                                              (                                 )
safe022_power.oepc_false-unreach-call.c:178:89: warning: '&&' within '||' [-Wlogical-op-parentheses]
  y$r_buff0_thd2 = weak$$choice2 ? y$r_buff0_thd2 : (!y$w_buff0_used || !y$r_buff0_thd2 && !y$w_buff1_used || !y$r_buff0_thd2 && !y$r_buff1_thd2 ? y$r_buff0_thd2 : (y$w_buff0_used && y$r_buff0_thd2 ? FALSE : y$r_buff0_thd2));
                                                                     ~~ ~~~~~~~~~~~~~~~~^~~~~~~~~~~~~~~~~~
safe022_power.oepc_false-unreach-call.c:178:89: note: place parentheses around the '&&' expression to silence this warning
  y$r_buff0_thd2 = weak$$choice2 ? y$r_buff0_thd2 : (!y$w_buff0_used || !y$r_buff0_thd2 && !y$w_buff1_used || !y$r_buff0_thd2 && !y$r_buff1_thd2 ? y$r_buff0_thd2 : (y$w_buff0_used && y$r_buff0_thd2 ? FALSE : y$r_buff0_thd2));
                                                                                        ^
                                                                        (                                 )
safe022_power.oepc_false-unreach-call.c:178:127: warning: '&&' within '||' [-Wlogical-op-parentheses]
  y$r_buff0_thd2 = weak$$choice2 ? y$r_buff0_thd2 : (!y$w_buff0_used || !y$r_buff0_thd2 && !y$w_buff1_used || !y$r_buff0_thd2 && !y$r_buff1_thd2 ? y$r_buff0_thd2 : (y$w_buff0_used && y$r_buff0_thd2 ? FALSE : y$r_buff0_thd2));
                                                                                                           ~~ ~~~~~~~~~~~~~~~~^~~~~~~~~~~~~~~~~~
safe022_power.oepc_false-unreach-call.c:178:127: note: place parentheses around the '&&' expression to silence this warning
  y$r_buff0_thd2 = weak$$choice2 ? y$r_buff0_thd2 : (!y$w_buff0_used || !y$r_buff0_thd2 && !y$w_buff1_used || !y$r_buff0_thd2 && !y$r_buff1_thd2 ? y$r_buff0_thd2 : (y$w_buff0_used && y$r_buff0_thd2 ? FALSE : y$r_buff0_thd2));
                                                                                                                              ^
                                                                                                              (                                 )
safe022_power.oepc_false-unreach-call.c:179:89: warning: '&&' within '||' [-Wlogical-op-parentheses]
  y$r_buff1_thd2 = weak$$choice2 ? y$r_buff1_thd2 : (!y$w_buff0_used || !y$r_buff0_thd2 && !y$w_buff1_used || !y$r_buff0_thd2 && !y$r_buff1_thd2 ? y$r_buff1_thd2 : (y$w_buff0_used && y$r_buff0_thd2 ? FALSE : FALSE));
                                                                     ~~ ~~~~~~~~~~~~~~~~^~~~~~~~~~~~~~~~~~
safe022_power.oepc_false-unreach-call.c:179:89: note: place parentheses around the '&&' expression to silence this warning
  y$r_buff1_thd2 = weak$$choice2 ? y$r_buff1_thd2 : (!y$w_buff0_used || !y$r_buff0_thd2 && !y$w_buff1_used || !y$r_buff0_thd2 && !y$r_buff1_thd2 ? y$r_buff1_thd2 : (y$w_buff0_used && y$r_buff0_thd2 ? FALSE : FALSE));
                                                                                        ^
                                                                        (                                 )
safe022_power.oepc_false-unreach-call.c:179:127: warning: '&&' within '||' [-Wlogical-op-parentheses]
  y$r_buff1_thd2 = weak$$choice2 ? y$r_buff1_thd2 : (!y$w_buff0_used || !y$r_buff0_thd2 && !y$w_buff1_used || !y$r_buff0_thd2 && !y$r_buff1_thd2 ? y$r_buff1_thd2 : (y$w_buff0_used && y$r_buff0_thd2 ? FALSE : FALSE));
                                                                                                           ~~ ~~~~~~~~~~~~~~~~^~~~~~~~~~~~~~~~~~
safe022_power.oepc_false-unreach-call.c:179:127: note: place parentheses around the '&&' expression to silence this warning
  y$r_buff1_thd2 = weak$$choice2 ? y$r_buff1_thd2 : (!y$w_buff0_used || !y$r_buff0_thd2 && !y$w_buff1_used || !y$r_buff0_thd2 && !y$r_buff1_thd2 ? y$r_buff1_thd2 : (y$w_buff0_used && y$r_buff0_thd2 ? FALSE : FALSE));
                                                                                                                              ^
                                                                                                              (                                 )
safe022_power.oepc_false-unreach-call.c:187:35: warning: '&&' within '||' [-Wlogical-op-parentheses]
  y$w_buff1_used = y$w_buff0_used && y$r_buff0_thd2 || y$w_buff1_used && y$r_buff1_thd2 ? FALSE : y$w_buff1_used;
                   ~~~~~~~~~~~~~~~^~~~~~~~~~~~~~~~~ ~~
safe022_power.oepc_false-unreach-call.c:187:35: note: place parentheses around the '&&' expression to silence this warning
  y$w_buff1_used = y$w_buff0_used && y$r_buff0_thd2 || y$w_buff1_used && y$r_buff1_thd2 ? FALSE : y$w_buff1_used;
                                  ^
                   (                               )
safe022_power.oepc_false-unreach-call.c:187:71: warning: '&&' within '||' [-Wlogical-op-parentheses]
  y$w_buff1_used = y$w_buff0_used && y$r_buff0_thd2 || y$w_buff1_used && y$r_buff1_thd2 ? FALSE : y$w_buff1_used;
                                                    ~~ ~~~~~~~~~~~~~~~^~~~~~~~~~~~~~~~~
safe022_power.oepc_false-unreach-call.c:187:71: note: place parentheses around the '&&' expression to silence this warning
  y$w_buff1_used = y$w_buff0_used && y$r_buff0_thd2 || y$w_buff1_used && y$r_buff1_thd2 ? FALSE : y$w_buff1_used;
                                                                      ^
                                                       (                               )
safe022_power.oepc_false-unreach-call.c:189:35: warning: '&&' within '||' [-Wlogical-op-parentheses]
  y$r_buff1_thd2 = y$w_buff0_used && y$r_buff0_thd2 || y$w_buff1_used && y$r_buff1_thd2 ? FALSE : y$r_buff1_thd2;
                   ~~~~~~~~~~~~~~~^~~~~~~~~~~~~~~~~ ~~
safe022_power.oepc_false-unreach-call.c:189:35: note: place parentheses around the '&&' expression to silence this warning
  y$r_buff1_thd2 = y$w_buff0_used && y$r_buff0_thd2 || y$w_buff1_used && y$r_buff1_thd2 ? FALSE : y$r_buff1_thd2;
                                  ^
                   (                               )
safe022_power.oepc_false-unreach-call.c:189:71: warning: '&&' within '||' [-Wlogical-op-parentheses]
  y$r_buff1_thd2 = y$w_buff0_used && y$r_buff0_thd2 || y$w_buff1_used && y$r_buff1_thd2 ? FALSE : y$r_buff1_thd2;
                                                    ~~ ~~~~~~~~~~~~~~~^~~~~~~~~~~~~~~~~
safe022_power.oepc_false-unreach-call.c:189:71: note: place parentheses around the '&&' expression to silence this warning
  y$r_buff1_thd2 = y$w_buff0_used && y$r_buff0_thd2 || y$w_buff1_used && y$r_buff1_thd2 ? FALSE : y$r_buff1_thd2;
                                                                      ^
                                                       (                               )
safe022_power.oepc_false-unreach-call.c:194:10: warning: incompatible integer to pointer conversion returning 'int' from a function with result type 'void *' [-Wint-conversion]
  return nondet_0();
         ^~~~~~~~~~
safe022_power.oepc_false-unreach-call.c:222:38: warning: null passed to a callee which requires a non-null argument [-Wnonnull]
  pthread_create(NULL, NULL, P0, NULL);
                 ~~~~                ^
safe022_power.oepc_false-unreach-call.c:223:38: warning: null passed to a callee which requires a non-null argument [-Wnonnull]
  pthread_create(NULL, NULL, P1, NULL);
                 ~~~~                ^
safe022_power.oepc_false-unreach-call.c:231:35: warning: '&&' within '||' [-Wlogical-op-parentheses]
  y$w_buff1_used = y$w_buff0_used && y$r_buff0_thd0 || y$w_buff1_used && y$r_buff1_thd0 ? FALSE : y$w_buff1_used;
                   ~~~~~~~~~~~~~~~^~~~~~~~~~~~~~~~~ ~~
safe022_power.oepc_false-unreach-call.c:231:35: note: place parentheses around the '&&' expression to silence this warning
  y$w_buff1_used = y$w_buff0_used && y$r_buff0_thd0 || y$w_buff1_used && y$r_buff1_thd0 ? FALSE : y$w_buff1_used;
                                  ^
                   (                               )
safe022_power.oepc_false-unreach-call.c:231:71: warning: '&&' within '||' [-Wlogical-op-parentheses]
  y$w_buff1_used = y$w_buff0_used && y$r_buff0_thd0 || y$w_buff1_used && y$r_buff1_thd0 ? FALSE : y$w_buff1_used;
                                                    ~~ ~~~~~~~~~~~~~~~^~~~~~~~~~~~~~~~~
safe022_power.oepc_false-unreach-call.c:231:71: note: place parentheses around the '&&' expression to silence this warning
  y$w_buff1_used = y$w_buff0_used && y$r_buff0_thd0 || y$w_buff1_used && y$r_buff1_thd0 ? FALSE : y$w_buff1_used;
                                                                      ^
                                                       (                               )
safe022_power.oepc_false-unreach-call.c:233:35: warning: '&&' within '||' [-Wlogical-op-parentheses]
  y$r_buff1_thd0 = y$w_buff0_used && y$r_buff0_thd0 || y$w_buff1_used && y$r_buff1_thd0 ? FALSE : y$r_buff1_thd0;
                   ~~~~~~~~~~~~~~~^~~~~~~~~~~~~~~~~ ~~
safe022_power.oepc_false-unreach-call.c:233:35: note: place parentheses around the '&&' expression to silence this warning
  y$r_buff1_thd0 = y$w_buff0_used && y$r_buff0_thd0 || y$w_buff1_used && y$r_buff1_thd0 ? FALSE : y$r_buff1_thd0;
                                  ^
                   (                               )
safe022_power.oepc_false-unreach-call.c:233:71: warning: '&&' within '||' [-Wlogical-op-parentheses]
  y$r_buff1_thd0 = y$w_buff0_used && y$r_buff0_thd0 || y$w_buff1_used && y$r_buff1_thd0 ? FALSE : y$r_buff1_thd0;
                                                    ~~ ~~~~~~~~~~~~~~~^~~~~~~~~~~~~~~~~
safe022_power.oepc_false-unreach-call.c:233:71: note: place parentheses around the '&&' expression to silence this warning
  y$r_buff1_thd0 = y$w_buff0_used && y$r_buff0_thd0 || y$w_buff1_used && y$r_buff1_thd0 ? FALSE : y$r_buff1_thd0;
                                                                      ^
                                                       (                               )
33 warnings generated.
