thin002_power.oepc_false-unreach-call.c:4:34: warning: implicit declaration of function '__VERIFIER_assume' is invalid in C99 [-Wimplicit-function-declaration]
void __VERIFIER_atomic_begin() { __VERIFIER_assume(__global_lock==0); __global_lock=1; return; }
                                 ^
thin002_power.oepc_false-unreach-call.c:234:19: warning: implicit declaration of function 'nondet_0' is invalid in C99 [-Wimplicit-function-declaration]
  weak$$choice0 = nondet_0();
                  ^
thin002_power.oepc_false-unreach-call.c:260:10: warning: implicit declaration of function 'nondet_1' is invalid in C99 [-Wimplicit-function-declaration]
  return nondet_1();
         ^
thin002_power.oepc_false-unreach-call.c:260:10: warning: incompatible integer to pointer conversion returning 'int' from a function with result type 'void *' [-Wint-conversion]
  return nondet_1();
         ^~~~~~~~~~
thin002_power.oepc_false-unreach-call.c:278:10: warning: incompatible integer to pointer conversion returning 'int' from a function with result type 'void *' [-Wint-conversion]
  return nondet_1();
         ^~~~~~~~~~
thin002_power.oepc_false-unreach-call.c:296:10: warning: incompatible integer to pointer conversion returning 'int' from a function with result type 'void *' [-Wint-conversion]
  return nondet_1();
         ^~~~~~~~~~
thin002_power.oepc_false-unreach-call.c:312:35: warning: '&&' within '||' [-Wlogical-op-parentheses]
  a$w_buff1_used = a$w_buff0_used && a$r_buff0_thd4 || a$w_buff1_used && a$r_buff1_thd4 ? FALSE : a$w_buff1_used;
                   ~~~~~~~~~~~~~~~^~~~~~~~~~~~~~~~~ ~~
thin002_power.oepc_false-unreach-call.c:312:35: note: place parentheses around the '&&' expression to silence this warning
  a$w_buff1_used = a$w_buff0_used && a$r_buff0_thd4 || a$w_buff1_used && a$r_buff1_thd4 ? FALSE : a$w_buff1_used;
                                  ^
                   (                               )
thin002_power.oepc_false-unreach-call.c:312:71: warning: '&&' within '||' [-Wlogical-op-parentheses]
  a$w_buff1_used = a$w_buff0_used && a$r_buff0_thd4 || a$w_buff1_used && a$r_buff1_thd4 ? FALSE : a$w_buff1_used;
                                                    ~~ ~~~~~~~~~~~~~~~^~~~~~~~~~~~~~~~~
thin002_power.oepc_false-unreach-call.c:312:71: note: place parentheses around the '&&' expression to silence this warning
  a$w_buff1_used = a$w_buff0_used && a$r_buff0_thd4 || a$w_buff1_used && a$r_buff1_thd4 ? FALSE : a$w_buff1_used;
                                                                      ^
                                                       (                               )
thin002_power.oepc_false-unreach-call.c:314:35: warning: '&&' within '||' [-Wlogical-op-parentheses]
  a$r_buff1_thd4 = a$w_buff0_used && a$r_buff0_thd4 || a$w_buff1_used && a$r_buff1_thd4 ? FALSE : a$r_buff1_thd4;
                   ~~~~~~~~~~~~~~~^~~~~~~~~~~~~~~~~ ~~
thin002_power.oepc_false-unreach-call.c:314:35: note: place parentheses around the '&&' expression to silence this warning
  a$r_buff1_thd4 = a$w_buff0_used && a$r_buff0_thd4 || a$w_buff1_used && a$r_buff1_thd4 ? FALSE : a$r_buff1_thd4;
                                  ^
                   (                               )
thin002_power.oepc_false-unreach-call.c:314:71: warning: '&&' within '||' [-Wlogical-op-parentheses]
  a$r_buff1_thd4 = a$w_buff0_used && a$r_buff0_thd4 || a$w_buff1_used && a$r_buff1_thd4 ? FALSE : a$r_buff1_thd4;
                                                    ~~ ~~~~~~~~~~~~~~~^~~~~~~~~~~~~~~~~
thin002_power.oepc_false-unreach-call.c:314:71: note: place parentheses around the '&&' expression to silence this warning
  a$r_buff1_thd4 = a$w_buff0_used && a$r_buff0_thd4 || a$w_buff1_used && a$r_buff1_thd4 ? FALSE : a$r_buff1_thd4;
                                                                      ^
                                                       (                               )
thin002_power.oepc_false-unreach-call.c:319:10: warning: incompatible integer to pointer conversion returning 'int' from a function with result type 'void *' [-Wint-conversion]
  return nondet_1();
         ^~~~~~~~~~
thin002_power.oepc_false-unreach-call.c:347:38: warning: null passed to a callee which requires a non-null argument [-Wnonnull]
  pthread_create(NULL, NULL, P0, NULL);
                 ~~~~                ^
thin002_power.oepc_false-unreach-call.c:348:38: warning: null passed to a callee which requires a non-null argument [-Wnonnull]
  pthread_create(NULL, NULL, P1, NULL);
                 ~~~~                ^
thin002_power.oepc_false-unreach-call.c:349:38: warning: null passed to a callee which requires a non-null argument [-Wnonnull]
  pthread_create(NULL, NULL, P2, NULL);
                 ~~~~                ^
thin002_power.oepc_false-unreach-call.c:350:38: warning: null passed to a callee which requires a non-null argument [-Wnonnull]
  pthread_create(NULL, NULL, P3, NULL);
                 ~~~~                ^
thin002_power.oepc_false-unreach-call.c:358:35: warning: '&&' within '||' [-Wlogical-op-parentheses]
  a$w_buff1_used = a$w_buff0_used && a$r_buff0_thd0 || a$w_buff1_used && a$r_buff1_thd0 ? FALSE : a$w_buff1_used;
                   ~~~~~~~~~~~~~~~^~~~~~~~~~~~~~~~~ ~~
thin002_power.oepc_false-unreach-call.c:358:35: note: place parentheses around the '&&' expression to silence this warning
  a$w_buff1_used = a$w_buff0_used && a$r_buff0_thd0 || a$w_buff1_used && a$r_buff1_thd0 ? FALSE : a$w_buff1_used;
                                  ^
                   (                               )
thin002_power.oepc_false-unreach-call.c:358:71: warning: '&&' within '||' [-Wlogical-op-parentheses]
  a$w_buff1_used = a$w_buff0_used && a$r_buff0_thd0 || a$w_buff1_used && a$r_buff1_thd0 ? FALSE : a$w_buff1_used;
                                                    ~~ ~~~~~~~~~~~~~~~^~~~~~~~~~~~~~~~~
thin002_power.oepc_false-unreach-call.c:358:71: note: place parentheses around the '&&' expression to silence this warning
  a$w_buff1_used = a$w_buff0_used && a$r_buff0_thd0 || a$w_buff1_used && a$r_buff1_thd0 ? FALSE : a$w_buff1_used;
                                                                      ^
                                                       (                               )
thin002_power.oepc_false-unreach-call.c:360:35: warning: '&&' within '||' [-Wlogical-op-parentheses]
  a$r_buff1_thd0 = a$w_buff0_used && a$r_buff0_thd0 || a$w_buff1_used && a$r_buff1_thd0 ? FALSE : a$r_buff1_thd0;
                   ~~~~~~~~~~~~~~~^~~~~~~~~~~~~~~~~ ~~
thin002_power.oepc_false-unreach-call.c:360:35: note: place parentheses around the '&&' expression to silence this warning
  a$r_buff1_thd0 = a$w_buff0_used && a$r_buff0_thd0 || a$w_buff1_used && a$r_buff1_thd0 ? FALSE : a$r_buff1_thd0;
                                  ^
                   (                               )
thin002_power.oepc_false-unreach-call.c:360:71: warning: '&&' within '||' [-Wlogical-op-parentheses]
  a$r_buff1_thd0 = a$w_buff0_used && a$r_buff0_thd0 || a$w_buff1_used && a$r_buff1_thd0 ? FALSE : a$r_buff1_thd0;
                                                    ~~ ~~~~~~~~~~~~~~~^~~~~~~~~~~~~~~~~
thin002_power.oepc_false-unreach-call.c:360:71: note: place parentheses around the '&&' expression to silence this warning
  a$r_buff1_thd0 = a$w_buff0_used && a$r_buff0_thd0 || a$w_buff1_used && a$r_buff1_thd0 ? FALSE : a$r_buff1_thd0;
                                                                      ^
                                                       (                               )
19 warnings generated.
