thin002_rmo.oepc_false-unreach-call.c:4:34: warning: implicit declaration of function '__VERIFIER_assume' is invalid in C99 [-Wimplicit-function-declaration]
void __VERIFIER_atomic_begin() { __VERIFIER_assume(__global_lock==0); __global_lock=1; return; }
                                 ^
thin002_rmo.oepc_false-unreach-call.c:234:19: warning: implicit declaration of function 'nondet_0' is invalid in C99 [-Wimplicit-function-declaration]
  weak$$choice0 = nondet_0();
                  ^
thin002_rmo.oepc_false-unreach-call.c:238:42: warning: '&&' within '||' [-Wlogical-op-parentheses]
  a = !a$w_buff0_used || !a$r_buff0_thd1 && !a$w_buff1_used || !a$r_buff0_thd1 && !a$r_buff1_thd1 ? a : (a$w_buff0_used && a$r_buff0_thd1 ? a$w_buff0 : a$w_buff1);
                      ~~ ~~~~~~~~~~~~~~~~^~~~~~~~~~~~~~~~~~
thin002_rmo.oepc_false-unreach-call.c:238:42: note: place parentheses around the '&&' expression to silence this warning
  a = !a$w_buff0_used || !a$r_buff0_thd1 && !a$w_buff1_used || !a$r_buff0_thd1 && !a$r_buff1_thd1 ? a : (a$w_buff0_used && a$r_buff0_thd1 ? a$w_buff0 : a$w_buff1);
                                         ^
                         (                                 )
thin002_rmo.oepc_false-unreach-call.c:238:80: warning: '&&' within '||' [-Wlogical-op-parentheses]
  a = !a$w_buff0_used || !a$r_buff0_thd1 && !a$w_buff1_used || !a$r_buff0_thd1 && !a$r_buff1_thd1 ? a : (a$w_buff0_used && a$r_buff0_thd1 ? a$w_buff0 : a$w_buff1);
                                                            ~~ ~~~~~~~~~~~~~~~~^~~~~~~~~~~~~~~~~~
thin002_rmo.oepc_false-unreach-call.c:238:80: note: place parentheses around the '&&' expression to silence this warning
  a = !a$w_buff0_used || !a$r_buff0_thd1 && !a$w_buff1_used || !a$r_buff0_thd1 && !a$r_buff1_thd1 ? a : (a$w_buff0_used && a$r_buff0_thd1 ? a$w_buff0 : a$w_buff1);
                                                                               ^
                                                               (                                 )
thin002_rmo.oepc_false-unreach-call.c:239:79: warning: '&&' within '||' [-Wlogical-op-parentheses]
  a$w_buff0 = weak$$choice2 ? a$w_buff0 : (!a$w_buff0_used || !a$r_buff0_thd1 && !a$w_buff1_used || !a$r_buff0_thd1 && !a$r_buff1_thd1 ? a$w_buff0 : (a$w_buff0_used && a$r_buff0_thd1 ? a$w_buff0 : a$w_buff0));
                                                           ~~ ~~~~~~~~~~~~~~~~^~~~~~~~~~~~~~~~~~
thin002_rmo.oepc_false-unreach-call.c:239:79: note: place parentheses around the '&&' expression to silence this warning
  a$w_buff0 = weak$$choice2 ? a$w_buff0 : (!a$w_buff0_used || !a$r_buff0_thd1 && !a$w_buff1_used || !a$r_buff0_thd1 && !a$r_buff1_thd1 ? a$w_buff0 : (a$w_buff0_used && a$r_buff0_thd1 ? a$w_buff0 : a$w_buff0));
                                                                              ^
                                                              (                                 )
thin002_rmo.oepc_false-unreach-call.c:239:117: warning: '&&' within '||' [-Wlogical-op-parentheses]
  a$w_buff0 = weak$$choice2 ? a$w_buff0 : (!a$w_buff0_used || !a$r_buff0_thd1 && !a$w_buff1_used || !a$r_buff0_thd1 && !a$r_buff1_thd1 ? a$w_buff0 : (a$w_buff0_used && a$r_buff0_thd1 ? a$w_buff0 : a$w_buff0));
                                                                                                 ~~ ~~~~~~~~~~~~~~~~^~~~~~~~~~~~~~~~~~
thin002_rmo.oepc_false-unreach-call.c:239:117: note: place parentheses around the '&&' expression to silence this warning
  a$w_buff0 = weak$$choice2 ? a$w_buff0 : (!a$w_buff0_used || !a$r_buff0_thd1 && !a$w_buff1_used || !a$r_buff0_thd1 && !a$r_buff1_thd1 ? a$w_buff0 : (a$w_buff0_used && a$r_buff0_thd1 ? a$w_buff0 : a$w_buff0));
                                                                                                                    ^
                                                                                                    (                                 )
thin002_rmo.oepc_false-unreach-call.c:240:79: warning: '&&' within '||' [-Wlogical-op-parentheses]
  a$w_buff1 = weak$$choice2 ? a$w_buff1 : (!a$w_buff0_used || !a$r_buff0_thd1 && !a$w_buff1_used || !a$r_buff0_thd1 && !a$r_buff1_thd1 ? a$w_buff1 : (a$w_buff0_used && a$r_buff0_thd1 ? a$w_buff1 : a$w_buff1));
                                                           ~~ ~~~~~~~~~~~~~~~~^~~~~~~~~~~~~~~~~~
thin002_rmo.oepc_false-unreach-call.c:240:79: note: place parentheses around the '&&' expression to silence this warning
  a$w_buff1 = weak$$choice2 ? a$w_buff1 : (!a$w_buff0_used || !a$r_buff0_thd1 && !a$w_buff1_used || !a$r_buff0_thd1 && !a$r_buff1_thd1 ? a$w_buff1 : (a$w_buff0_used && a$r_buff0_thd1 ? a$w_buff1 : a$w_buff1));
                                                                              ^
                                                              (                                 )
thin002_rmo.oepc_false-unreach-call.c:240:117: warning: '&&' within '||' [-Wlogical-op-parentheses]
  a$w_buff1 = weak$$choice2 ? a$w_buff1 : (!a$w_buff0_used || !a$r_buff0_thd1 && !a$w_buff1_used || !a$r_buff0_thd1 && !a$r_buff1_thd1 ? a$w_buff1 : (a$w_buff0_used && a$r_buff0_thd1 ? a$w_buff1 : a$w_buff1));
                                                                                                 ~~ ~~~~~~~~~~~~~~~~^~~~~~~~~~~~~~~~~~
thin002_rmo.oepc_false-unreach-call.c:240:117: note: place parentheses around the '&&' expression to silence this warning
  a$w_buff1 = weak$$choice2 ? a$w_buff1 : (!a$w_buff0_used || !a$r_buff0_thd1 && !a$w_buff1_used || !a$r_buff0_thd1 && !a$r_buff1_thd1 ? a$w_buff1 : (a$w_buff0_used && a$r_buff0_thd1 ? a$w_buff1 : a$w_buff1));
                                                                                                                    ^
                                                                                                    (                                 )
thin002_rmo.oepc_false-unreach-call.c:241:89: warning: '&&' within '||' [-Wlogical-op-parentheses]
  a$w_buff0_used = weak$$choice2 ? a$w_buff0_used : (!a$w_buff0_used || !a$r_buff0_thd1 && !a$w_buff1_used || !a$r_buff0_thd1 && !a$r_buff1_thd1 ? a$w_buff0_used : (a$w_buff0_used && a$r_buff0_thd1 ? FALSE : a$w_buff0_used));
                                                                     ~~ ~~~~~~~~~~~~~~~~^~~~~~~~~~~~~~~~~~
thin002_rmo.oepc_false-unreach-call.c:241:89: note: place parentheses around the '&&' expression to silence this warning
  a$w_buff0_used = weak$$choice2 ? a$w_buff0_used : (!a$w_buff0_used || !a$r_buff0_thd1 && !a$w_buff1_used || !a$r_buff0_thd1 && !a$r_buff1_thd1 ? a$w_buff0_used : (a$w_buff0_used && a$r_buff0_thd1 ? FALSE : a$w_buff0_used));
                                                                                        ^
                                                                        (                                 )
thin002_rmo.oepc_false-unreach-call.c:241:127: warning: '&&' within '||' [-Wlogical-op-parentheses]
  a$w_buff0_used = weak$$choice2 ? a$w_buff0_used : (!a$w_buff0_used || !a$r_buff0_thd1 && !a$w_buff1_used || !a$r_buff0_thd1 && !a$r_buff1_thd1 ? a$w_buff0_used : (a$w_buff0_used && a$r_buff0_thd1 ? FALSE : a$w_buff0_used));
                                                                                                           ~~ ~~~~~~~~~~~~~~~~^~~~~~~~~~~~~~~~~~
thin002_rmo.oepc_false-unreach-call.c:241:127: note: place parentheses around the '&&' expression to silence this warning
  a$w_buff0_used = weak$$choice2 ? a$w_buff0_used : (!a$w_buff0_used || !a$r_buff0_thd1 && !a$w_buff1_used || !a$r_buff0_thd1 && !a$r_buff1_thd1 ? a$w_buff0_used : (a$w_buff0_used && a$r_buff0_thd1 ? FALSE : a$w_buff0_used));
                                                                                                                              ^
                                                                                                              (                                 )
thin002_rmo.oepc_false-unreach-call.c:242:89: warning: '&&' within '||' [-Wlogical-op-parentheses]
  a$w_buff1_used = weak$$choice2 ? a$w_buff1_used : (!a$w_buff0_used || !a$r_buff0_thd1 && !a$w_buff1_used || !a$r_buff0_thd1 && !a$r_buff1_thd1 ? a$w_buff1_used : (a$w_buff0_used && a$r_buff0_thd1 ? FALSE : FALSE));
                                                                     ~~ ~~~~~~~~~~~~~~~~^~~~~~~~~~~~~~~~~~
thin002_rmo.oepc_false-unreach-call.c:242:89: note: place parentheses around the '&&' expression to silence this warning
  a$w_buff1_used = weak$$choice2 ? a$w_buff1_used : (!a$w_buff0_used || !a$r_buff0_thd1 && !a$w_buff1_used || !a$r_buff0_thd1 && !a$r_buff1_thd1 ? a$w_buff1_used : (a$w_buff0_used && a$r_buff0_thd1 ? FALSE : FALSE));
                                                                                        ^
                                                                        (                                 )
thin002_rmo.oepc_false-unreach-call.c:242:127: warning: '&&' within '||' [-Wlogical-op-parentheses]
  a$w_buff1_used = weak$$choice2 ? a$w_buff1_used : (!a$w_buff0_used || !a$r_buff0_thd1 && !a$w_buff1_used || !a$r_buff0_thd1 && !a$r_buff1_thd1 ? a$w_buff1_used : (a$w_buff0_used && a$r_buff0_thd1 ? FALSE : FALSE));
                                                                                                           ~~ ~~~~~~~~~~~~~~~~^~~~~~~~~~~~~~~~~~
thin002_rmo.oepc_false-unreach-call.c:242:127: note: place parentheses around the '&&' expression to silence this warning
  a$w_buff1_used = weak$$choice2 ? a$w_buff1_used : (!a$w_buff0_used || !a$r_buff0_thd1 && !a$w_buff1_used || !a$r_buff0_thd1 && !a$r_buff1_thd1 ? a$w_buff1_used : (a$w_buff0_used && a$r_buff0_thd1 ? FALSE : FALSE));
                                                                                                                              ^
                                                                                                              (                                 )
thin002_rmo.oepc_false-unreach-call.c:243:89: warning: '&&' within '||' [-Wlogical-op-parentheses]
  a$r_buff0_thd1 = weak$$choice2 ? a$r_buff0_thd1 : (!a$w_buff0_used || !a$r_buff0_thd1 && !a$w_buff1_used || !a$r_buff0_thd1 && !a$r_buff1_thd1 ? a$r_buff0_thd1 : (a$w_buff0_used && a$r_buff0_thd1 ? FALSE : a$r_buff0_thd1));
                                                                     ~~ ~~~~~~~~~~~~~~~~^~~~~~~~~~~~~~~~~~
thin002_rmo.oepc_false-unreach-call.c:243:89: note: place parentheses around the '&&' expression to silence this warning
  a$r_buff0_thd1 = weak$$choice2 ? a$r_buff0_thd1 : (!a$w_buff0_used || !a$r_buff0_thd1 && !a$w_buff1_used || !a$r_buff0_thd1 && !a$r_buff1_thd1 ? a$r_buff0_thd1 : (a$w_buff0_used && a$r_buff0_thd1 ? FALSE : a$r_buff0_thd1));
                                                                                        ^
                                                                        (                                 )
thin002_rmo.oepc_false-unreach-call.c:243:127: warning: '&&' within '||' [-Wlogical-op-parentheses]
  a$r_buff0_thd1 = weak$$choice2 ? a$r_buff0_thd1 : (!a$w_buff0_used || !a$r_buff0_thd1 && !a$w_buff1_used || !a$r_buff0_thd1 && !a$r_buff1_thd1 ? a$r_buff0_thd1 : (a$w_buff0_used && a$r_buff0_thd1 ? FALSE : a$r_buff0_thd1));
                                                                                                           ~~ ~~~~~~~~~~~~~~~~^~~~~~~~~~~~~~~~~~
thin002_rmo.oepc_false-unreach-call.c:243:127: note: place parentheses around the '&&' expression to silence this warning
  a$r_buff0_thd1 = weak$$choice2 ? a$r_buff0_thd1 : (!a$w_buff0_used || !a$r_buff0_thd1 && !a$w_buff1_used || !a$r_buff0_thd1 && !a$r_buff1_thd1 ? a$r_buff0_thd1 : (a$w_buff0_used && a$r_buff0_thd1 ? FALSE : a$r_buff0_thd1));
                                                                                                                              ^
                                                                                                              (                                 )
thin002_rmo.oepc_false-unreach-call.c:244:89: warning: '&&' within '||' [-Wlogical-op-parentheses]
  a$r_buff1_thd1 = weak$$choice2 ? a$r_buff1_thd1 : (!a$w_buff0_used || !a$r_buff0_thd1 && !a$w_buff1_used || !a$r_buff0_thd1 && !a$r_buff1_thd1 ? a$r_buff1_thd1 : (a$w_buff0_used && a$r_buff0_thd1 ? FALSE : FALSE));
                                                                     ~~ ~~~~~~~~~~~~~~~~^~~~~~~~~~~~~~~~~~
thin002_rmo.oepc_false-unreach-call.c:244:89: note: place parentheses around the '&&' expression to silence this warning
  a$r_buff1_thd1 = weak$$choice2 ? a$r_buff1_thd1 : (!a$w_buff0_used || !a$r_buff0_thd1 && !a$w_buff1_used || !a$r_buff0_thd1 && !a$r_buff1_thd1 ? a$r_buff1_thd1 : (a$w_buff0_used && a$r_buff0_thd1 ? FALSE : FALSE));
                                                                                        ^
                                                                        (                                 )
thin002_rmo.oepc_false-unreach-call.c:244:127: warning: '&&' within '||' [-Wlogical-op-parentheses]
  a$r_buff1_thd1 = weak$$choice2 ? a$r_buff1_thd1 : (!a$w_buff0_used || !a$r_buff0_thd1 && !a$w_buff1_used || !a$r_buff0_thd1 && !a$r_buff1_thd1 ? a$r_buff1_thd1 : (a$w_buff0_used && a$r_buff0_thd1 ? FALSE : FALSE));
                                                                                                           ~~ ~~~~~~~~~~~~~~~~^~~~~~~~~~~~~~~~~~
thin002_rmo.oepc_false-unreach-call.c:244:127: note: place parentheses around the '&&' expression to silence this warning
  a$r_buff1_thd1 = weak$$choice2 ? a$r_buff1_thd1 : (!a$w_buff0_used || !a$r_buff0_thd1 && !a$w_buff1_used || !a$r_buff0_thd1 && !a$r_buff1_thd1 ? a$r_buff1_thd1 : (a$w_buff0_used && a$r_buff0_thd1 ? FALSE : FALSE));
                                                                                                                              ^
                                                                                                              (                                 )
thin002_rmo.oepc_false-unreach-call.c:259:10: warning: implicit declaration of function 'nondet_1' is invalid in C99 [-Wimplicit-function-declaration]
  return nondet_1();
         ^
thin002_rmo.oepc_false-unreach-call.c:259:10: warning: incompatible integer to pointer conversion returning 'int' from a function with result type 'void *' [-Wint-conversion]
  return nondet_1();
         ^~~~~~~~~~
thin002_rmo.oepc_false-unreach-call.c:277:10: warning: incompatible integer to pointer conversion returning 'int' from a function with result type 'void *' [-Wint-conversion]
  return nondet_1();
         ^~~~~~~~~~
thin002_rmo.oepc_false-unreach-call.c:295:10: warning: incompatible integer to pointer conversion returning 'int' from a function with result type 'void *' [-Wint-conversion]
  return nondet_1();
         ^~~~~~~~~~
thin002_rmo.oepc_false-unreach-call.c:311:35: warning: '&&' within '||' [-Wlogical-op-parentheses]
  a$w_buff1_used = a$w_buff0_used && a$r_buff0_thd4 || a$w_buff1_used && a$r_buff1_thd4 ? FALSE : a$w_buff1_used;
                   ~~~~~~~~~~~~~~~^~~~~~~~~~~~~~~~~ ~~
thin002_rmo.oepc_false-unreach-call.c:311:35: note: place parentheses around the '&&' expression to silence this warning
  a$w_buff1_used = a$w_buff0_used && a$r_buff0_thd4 || a$w_buff1_used && a$r_buff1_thd4 ? FALSE : a$w_buff1_used;
                                  ^
                   (                               )
thin002_rmo.oepc_false-unreach-call.c:311:71: warning: '&&' within '||' [-Wlogical-op-parentheses]
  a$w_buff1_used = a$w_buff0_used && a$r_buff0_thd4 || a$w_buff1_used && a$r_buff1_thd4 ? FALSE : a$w_buff1_used;
                                                    ~~ ~~~~~~~~~~~~~~~^~~~~~~~~~~~~~~~~
thin002_rmo.oepc_false-unreach-call.c:311:71: note: place parentheses around the '&&' expression to silence this warning
  a$w_buff1_used = a$w_buff0_used && a$r_buff0_thd4 || a$w_buff1_used && a$r_buff1_thd4 ? FALSE : a$w_buff1_used;
                                                                      ^
                                                       (                               )
thin002_rmo.oepc_false-unreach-call.c:313:35: warning: '&&' within '||' [-Wlogical-op-parentheses]
  a$r_buff1_thd4 = a$w_buff0_used && a$r_buff0_thd4 || a$w_buff1_used && a$r_buff1_thd4 ? FALSE : a$r_buff1_thd4;
                   ~~~~~~~~~~~~~~~^~~~~~~~~~~~~~~~~ ~~
thin002_rmo.oepc_false-unreach-call.c:313:35: note: place parentheses around the '&&' expression to silence this warning
  a$r_buff1_thd4 = a$w_buff0_used && a$r_buff0_thd4 || a$w_buff1_used && a$r_buff1_thd4 ? FALSE : a$r_buff1_thd4;
                                  ^
                   (                               )
thin002_rmo.oepc_false-unreach-call.c:313:71: warning: '&&' within '||' [-Wlogical-op-parentheses]
  a$r_buff1_thd4 = a$w_buff0_used && a$r_buff0_thd4 || a$w_buff1_used && a$r_buff1_thd4 ? FALSE : a$r_buff1_thd4;
                                                    ~~ ~~~~~~~~~~~~~~~^~~~~~~~~~~~~~~~~
thin002_rmo.oepc_false-unreach-call.c:313:71: note: place parentheses around the '&&' expression to silence this warning
  a$r_buff1_thd4 = a$w_buff0_used && a$r_buff0_thd4 || a$w_buff1_used && a$r_buff1_thd4 ? FALSE : a$r_buff1_thd4;
                                                                      ^
                                                       (                               )
thin002_rmo.oepc_false-unreach-call.c:318:10: warning: incompatible integer to pointer conversion returning 'int' from a function with result type 'void *' [-Wint-conversion]
  return nondet_1();
         ^~~~~~~~~~
thin002_rmo.oepc_false-unreach-call.c:346:38: warning: null passed to a callee which requires a non-null argument [-Wnonnull]
  pthread_create(NULL, NULL, P0, NULL);
                 ~~~~                ^
thin002_rmo.oepc_false-unreach-call.c:347:38: warning: null passed to a callee which requires a non-null argument [-Wnonnull]
  pthread_create(NULL, NULL, P1, NULL);
                 ~~~~                ^
thin002_rmo.oepc_false-unreach-call.c:348:38: warning: null passed to a callee which requires a non-null argument [-Wnonnull]
  pthread_create(NULL, NULL, P2, NULL);
                 ~~~~                ^
thin002_rmo.oepc_false-unreach-call.c:349:38: warning: null passed to a callee which requires a non-null argument [-Wnonnull]
  pthread_create(NULL, NULL, P3, NULL);
                 ~~~~                ^
thin002_rmo.oepc_false-unreach-call.c:357:35: warning: '&&' within '||' [-Wlogical-op-parentheses]
  a$w_buff1_used = a$w_buff0_used && a$r_buff0_thd0 || a$w_buff1_used && a$r_buff1_thd0 ? FALSE : a$w_buff1_used;
                   ~~~~~~~~~~~~~~~^~~~~~~~~~~~~~~~~ ~~
thin002_rmo.oepc_false-unreach-call.c:357:35: note: place parentheses around the '&&' expression to silence this warning
  a$w_buff1_used = a$w_buff0_used && a$r_buff0_thd0 || a$w_buff1_used && a$r_buff1_thd0 ? FALSE : a$w_buff1_used;
                                  ^
                   (                               )
thin002_rmo.oepc_false-unreach-call.c:357:71: warning: '&&' within '||' [-Wlogical-op-parentheses]
  a$w_buff1_used = a$w_buff0_used && a$r_buff0_thd0 || a$w_buff1_used && a$r_buff1_thd0 ? FALSE : a$w_buff1_used;
                                                    ~~ ~~~~~~~~~~~~~~~^~~~~~~~~~~~~~~~~
thin002_rmo.oepc_false-unreach-call.c:357:71: note: place parentheses around the '&&' expression to silence this warning
  a$w_buff1_used = a$w_buff0_used && a$r_buff0_thd0 || a$w_buff1_used && a$r_buff1_thd0 ? FALSE : a$w_buff1_used;
                                                                      ^
                                                       (                               )
thin002_rmo.oepc_false-unreach-call.c:359:35: warning: '&&' within '||' [-Wlogical-op-parentheses]
  a$r_buff1_thd0 = a$w_buff0_used && a$r_buff0_thd0 || a$w_buff1_used && a$r_buff1_thd0 ? FALSE : a$r_buff1_thd0;
                   ~~~~~~~~~~~~~~~^~~~~~~~~~~~~~~~~ ~~
thin002_rmo.oepc_false-unreach-call.c:359:35: note: place parentheses around the '&&' expression to silence this warning
  a$r_buff1_thd0 = a$w_buff0_used && a$r_buff0_thd0 || a$w_buff1_used && a$r_buff1_thd0 ? FALSE : a$r_buff1_thd0;
                                  ^
                   (                               )
thin002_rmo.oepc_false-unreach-call.c:359:71: warning: '&&' within '||' [-Wlogical-op-parentheses]
  a$r_buff1_thd0 = a$w_buff0_used && a$r_buff0_thd0 || a$w_buff1_used && a$r_buff1_thd0 ? FALSE : a$r_buff1_thd0;
                                                    ~~ ~~~~~~~~~~~~~~~^~~~~~~~~~~~~~~~~
thin002_rmo.oepc_false-unreach-call.c:359:71: note: place parentheses around the '&&' expression to silence this warning
  a$r_buff1_thd0 = a$w_buff0_used && a$r_buff0_thd0 || a$w_buff1_used && a$r_buff1_thd0 ? FALSE : a$r_buff1_thd0;
                                                                      ^
                                                       (                               )
33 warnings generated.
